<?xml version="1.0" encoding="UTF-8"?>
<testsuite xmlns:xsi="http://www.w3.org/2001/XMLSchema-instance" xsi:noNamespaceSchemaLocation="https://maven.apache.org/surefire/maven-surefire-plugin/xsd/surefire-test-report-3.0.xsd" version="3.0" name="no.hvl.dat110.unit.tests.TestFindSuccessor" time="26.749" tests="1" errors="0" skipped="0" failures="0">
  <properties>
    <property name="gopherProxySet" value="false"/>
    <property name="awt.toolkit" value="sun.lwawt.macosx.LWCToolkit"/>
    <property name="file.encoding.pkg" value="sun.io"/>
    <property name="java.specification.version" value="1.8"/>
    <property name="sun.cpu.isalist" value=""/>
    <property name="sun.jnu.encoding" value="UTF-8"/>
    <property name="java.class.path" value="/Users/jinniloseth/Repostitories/V2025/DAT110/dat110-project3-dht-gruppe21/target/test-classes:/Users/jinniloseth/Repostitories/V2025/DAT110/dat110-project3-dht-gruppe21/target/classes:/Users/jinniloseth/.m2/repository/org/apache/logging/log4j/log4j-core/2.20.0/log4j-core-2.20.0.jar:/Users/jinniloseth/.m2/repository/org/apache/logging/log4j/log4j-api/2.20.0/log4j-api-2.20.0.jar:/Users/jinniloseth/.m2/repository/org/junit/jupiter/junit-jupiter-api/5.9.2/junit-jupiter-api-5.9.2.jar:/Users/jinniloseth/.m2/repository/org/opentest4j/opentest4j/1.2.0/opentest4j-1.2.0.jar:/Users/jinniloseth/.m2/repository/org/junit/platform/junit-platform-commons/1.9.2/junit-platform-commons-1.9.2.jar:/Users/jinniloseth/.m2/repository/org/apiguardian/apiguardian-api/1.1.2/apiguardian-api-1.1.2.jar:"/>
    <property name="java.vm.vendor" value="Amazon.com Inc."/>
    <property name="sun.arch.data.model" value="64"/>
    <property name="java.vendor.url" value="https://aws.amazon.com/corretto/"/>
    <property name="user.timezone" value="Europe/Oslo"/>
    <property name="java.vm.specification.version" value="1.8"/>
    <property name="os.name" value="Mac OS X"/>
    <property name="user.country" value="NO"/>
    <property name="sun.java.launcher" value="SUN_STANDARD"/>
    <property name="sun.boot.library.path" value="/Library/Java/JavaVirtualMachines/amazon-corretto-8.jdk/Contents/Home/jre/lib"/>
    <property name="sun.java.command" value="/Users/jinniloseth/Repostitories/V2025/DAT110/dat110-project3-dht-gruppe21/target/surefire/surefirebooter-20250502214012259_3.jar /Users/jinniloseth/Repostitories/V2025/DAT110/dat110-project3-dht-gruppe21/target/surefire 2025-05-02T21-40-12_116-jvmRun1 surefire-20250502214012259_1tmp surefire_0-20250502214012259_2tmp"/>
    <property name="http.nonProxyHosts" value="local|*.local|169.254/16|*.169.254/16"/>
    <property name="surefire.test.class.path" value="/Users/jinniloseth/Repostitories/V2025/DAT110/dat110-project3-dht-gruppe21/target/test-classes:/Users/jinniloseth/Repostitories/V2025/DAT110/dat110-project3-dht-gruppe21/target/classes:/Users/jinniloseth/.m2/repository/org/apache/logging/log4j/log4j-core/2.20.0/log4j-core-2.20.0.jar:/Users/jinniloseth/.m2/repository/org/apache/logging/log4j/log4j-api/2.20.0/log4j-api-2.20.0.jar:/Users/jinniloseth/.m2/repository/org/junit/jupiter/junit-jupiter-api/5.9.2/junit-jupiter-api-5.9.2.jar:/Users/jinniloseth/.m2/repository/org/opentest4j/opentest4j/1.2.0/opentest4j-1.2.0.jar:/Users/jinniloseth/.m2/repository/org/junit/platform/junit-platform-commons/1.9.2/junit-platform-commons-1.9.2.jar:/Users/jinniloseth/.m2/repository/org/apiguardian/apiguardian-api/1.1.2/apiguardian-api-1.1.2.jar:"/>
    <property name="sun.cpu.endian" value="little"/>
    <property name="user.home" value="/Users/jinniloseth"/>
    <property name="user.language" value="nb"/>
    <property name="java.specification.vendor" value="Oracle Corporation"/>
    <property name="java.home" value="/Library/Java/JavaVirtualMachines/amazon-corretto-8.jdk/Contents/Home/jre"/>
    <property name="basedir" value="/Users/jinniloseth/Repostitories/V2025/DAT110/dat110-project3-dht-gruppe21"/>
    <property name="style.color" value="always"/>
    <property name="file.separator" value="/"/>
    <property name="line.separator" value="&#10;"/>
    <property name="java.vm.specification.vendor" value="Oracle Corporation"/>
    <property name="java.specification.name" value="Java Platform API Specification"/>
    <property name="java.awt.graphicsenv" value="sun.awt.CGraphicsEnvironment"/>
    <property name="surefire.real.class.path" value="/Users/jinniloseth/Repostitories/V2025/DAT110/dat110-project3-dht-gruppe21/target/surefire/surefirebooter-20250502214012259_3.jar"/>
    <property name="sun.boot.class.path" value="/Library/Java/JavaVirtualMachines/amazon-corretto-8.jdk/Contents/Home/jre/lib/resources.jar:/Library/Java/JavaVirtualMachines/amazon-corretto-8.jdk/Contents/Home/jre/lib/rt.jar:/Library/Java/JavaVirtualMachines/amazon-corretto-8.jdk/Contents/Home/jre/lib/sunrsasign.jar:/Library/Java/JavaVirtualMachines/amazon-corretto-8.jdk/Contents/Home/jre/lib/jsse.jar:/Library/Java/JavaVirtualMachines/amazon-corretto-8.jdk/Contents/Home/jre/lib/jce.jar:/Library/Java/JavaVirtualMachines/amazon-corretto-8.jdk/Contents/Home/jre/lib/charsets.jar:/Library/Java/JavaVirtualMachines/amazon-corretto-8.jdk/Contents/Home/jre/lib/jfr.jar:/Library/Java/JavaVirtualMachines/amazon-corretto-8.jdk/Contents/Home/jre/classes"/>
    <property name="sun.management.compiler" value="HotSpot 64-Bit Tiered Compilers"/>
    <property name="ftp.nonProxyHosts" value="local|*.local|169.254/16|*.169.254/16"/>
    <property name="java.runtime.version" value="1.8.0_392-b08"/>
    <property name="user.name" value="jinniloseth"/>
    <property name="path.separator" value=":"/>
    <property name="os.version" value="15.3.2"/>
    <property name="java.endorsed.dirs" value="/Library/Java/JavaVirtualMachines/amazon-corretto-8.jdk/Contents/Home/jre/lib/endorsed"/>
    <property name="java.runtime.name" value="OpenJDK Runtime Environment"/>
    <property name="file.encoding" value="UTF-8"/>
    <property name="java.vm.name" value="OpenJDK 64-Bit Server VM"/>
    <property name="localRepository" value="/Users/jinniloseth/.m2/repository"/>
    <property name="java.vendor.url.bug" value="https://github.com/corretto/corretto-8/issues/"/>
    <property name="java.io.tmpdir" value="/var/folders/35/q71ycfzs1p93qhkss5hfmcb40000gn/T/"/>
    <property name="java.version" value="1.8.0_392"/>
    <property name="user.dir" value="/Users/jinniloseth/Repostitories/V2025/DAT110/dat110-project3-dht-gruppe21"/>
    <property name="os.arch" value="aarch64"/>
    <property name="java.vm.specification.name" value="Java Virtual Machine Specification"/>
    <property name="java.awt.printerjob" value="sun.lwawt.macosx.CPrinterJob"/>
    <property name="sun.os.patch.level" value="unknown"/>
    <property name="java.library.path" value="/Users/jinniloseth/Library/Java/Extensions:/Library/Java/Extensions:/Network/Library/Java/Extensions:/System/Library/Java/Extensions:/usr/lib/java:."/>
    <property name="java.vm.info" value="mixed mode"/>
    <property name="java.vendor" value="Amazon.com Inc."/>
    <property name="java.vm.version" value="25.392-b08"/>
    <property name="java.specification.maintenance.version" value="5"/>
    <property name="java.ext.dirs" value="/Users/jinniloseth/Library/Java/Extensions:/Library/Java/JavaVirtualMachines/amazon-corretto-8.jdk/Contents/Home/jre/lib/ext:/Library/Java/Extensions:/Network/Library/Java/Extensions:/System/Library/Java/Extensions:/usr/lib/java"/>
    <property name="sun.io.unicode.encoding" value="UnicodeBig"/>
    <property name="java.class.version" value="52.0"/>
    <property name="socksNonProxyHosts" value="local|*.local|169.254/16|*.169.254/16"/>
  </properties>
  <testcase name="test" classname="no.hvl.dat110.unit.tests.TestFindSuccessor" time="0.017">
    <system-out><![CDATA[2025-05-02 21:40:13 INFO  NodeServer:50 - process1 server is running... 
process1:9091
2025-05-02 21:40:13 INFO  ChordProtocols:109 - New ring created. Node = process1 | Successor = process1| Predecessor = null
2025-05-02 21:40:15 INFO  NodeServer:50 - process2 server is running... 
process1:9091
2025-05-02 21:40:15 INFO  ChordProtocols:68 - JoinRing-randomNode = process1
id: 15618062003214643351512781541041391612
lower: 53937554629190552131995290006614509577
upper: 53937554629190552131995290006614509577
2025-05-02 21:40:15 INFO  ChordProtocols:159 - Oppdaterer FingerTable for Node: process2
2025-05-02 21:40:15 INFO  ChordProtocols:173 - Beregner fingerID for finger 0: 15618062003214643351512781541041391613
id: 15618062003214643351512781541041391613
lower: 15618062003214643351512781541041391612
upper: 53937554629190552131995290006614509577
Result (no wrap): true
2025-05-02 21:40:15 INFO  ChordProtocols:179 - Finger 0 peker n책 til: process1
2025-05-02 21:40:15 INFO  ChordProtocols:173 - Beregner fingerID for finger 1: 15618062003214643351512781541041391614
id: 15618062003214643351512781541041391614
lower: 15618062003214643351512781541041391612
upper: 53937554629190552131995290006614509577
Result (no wrap): true
2025-05-02 21:40:15 INFO  ChordProtocols:179 - Finger 1 peker n책 til: process1
2025-05-02 21:40:15 INFO  ChordProtocols:173 - Beregner fingerID for finger 2: 15618062003214643351512781541041391616
id: 15618062003214643351512781541041391616
lower: 15618062003214643351512781541041391612
upper: 53937554629190552131995290006614509577
Result (no wrap): true
2025-05-02 21:40:15 INFO  ChordProtocols:179 - Finger 2 peker n책 til: process1
2025-05-02 21:40:15 INFO  ChordProtocols:173 - Beregner fingerID for finger 3: 15618062003214643351512781541041391620
id: 15618062003214643351512781541041391620
lower: 15618062003214643351512781541041391612
upper: 53937554629190552131995290006614509577
Result (no wrap): true
2025-05-02 21:40:15 INFO  ChordProtocols:179 - Finger 3 peker n책 til: process1
2025-05-02 21:40:15 INFO  ChordProtocols:173 - Beregner fingerID for finger 4: 15618062003214643351512781541041391628
id: 15618062003214643351512781541041391628
lower: 15618062003214643351512781541041391612
upper: 53937554629190552131995290006614509577
Result (no wrap): true
2025-05-02 21:40:15 INFO  ChordProtocols:179 - Finger 4 peker n책 til: process1
2025-05-02 21:40:15 INFO  ChordProtocols:173 - Beregner fingerID for finger 5: 15618062003214643351512781541041391644
id: 15618062003214643351512781541041391644
lower: 15618062003214643351512781541041391612
upper: 53937554629190552131995290006614509577
Result (no wrap): true
2025-05-02 21:40:15 INFO  ChordProtocols:179 - Finger 5 peker n책 til: process1
2025-05-02 21:40:15 INFO  ChordProtocols:173 - Beregner fingerID for finger 6: 15618062003214643351512781541041391676
id: 15618062003214643351512781541041391676
lower: 15618062003214643351512781541041391612
upper: 53937554629190552131995290006614509577
Result (no wrap): true
2025-05-02 21:40:15 INFO  ChordProtocols:179 - Finger 6 peker n책 til: process1
2025-05-02 21:40:15 INFO  ChordProtocols:173 - Beregner fingerID for finger 7: 15618062003214643351512781541041391740
id: 15618062003214643351512781541041391740
lower: 15618062003214643351512781541041391612
upper: 53937554629190552131995290006614509577
Result (no wrap): true
2025-05-02 21:40:15 INFO  ChordProtocols:179 - Finger 7 peker n책 til: process1
2025-05-02 21:40:15 INFO  ChordProtocols:173 - Beregner fingerID for finger 8: 15618062003214643351512781541041391868
id: 15618062003214643351512781541041391868
lower: 15618062003214643351512781541041391612
upper: 53937554629190552131995290006614509577
Result (no wrap): true
2025-05-02 21:40:15 INFO  ChordProtocols:179 - Finger 8 peker n책 til: process1
2025-05-02 21:40:15 INFO  ChordProtocols:173 - Beregner fingerID for finger 9: 15618062003214643351512781541041392124
id: 15618062003214643351512781541041392124
lower: 15618062003214643351512781541041391612
upper: 53937554629190552131995290006614509577
Result (no wrap): true
2025-05-02 21:40:15 INFO  ChordProtocols:179 - Finger 9 peker n책 til: process1
2025-05-02 21:40:15 INFO  ChordProtocols:173 - Beregner fingerID for finger 10: 15618062003214643351512781541041392636
id: 15618062003214643351512781541041392636
lower: 15618062003214643351512781541041391612
upper: 53937554629190552131995290006614509577
Result (no wrap): true
2025-05-02 21:40:15 INFO  ChordProtocols:179 - Finger 10 peker n책 til: process1
2025-05-02 21:40:15 INFO  ChordProtocols:173 - Beregner fingerID for finger 11: 15618062003214643351512781541041393660
id: 15618062003214643351512781541041393660
lower: 15618062003214643351512781541041391612
upper: 53937554629190552131995290006614509577
Result (no wrap): true
2025-05-02 21:40:15 INFO  ChordProtocols:179 - Finger 11 peker n책 til: process1
2025-05-02 21:40:15 INFO  ChordProtocols:173 - Beregner fingerID for finger 12: 15618062003214643351512781541041395708
id: 15618062003214643351512781541041395708
lower: 15618062003214643351512781541041391612
upper: 53937554629190552131995290006614509577
Result (no wrap): true
2025-05-02 21:40:15 INFO  ChordProtocols:179 - Finger 12 peker n책 til: process1
2025-05-02 21:40:15 INFO  ChordProtocols:173 - Beregner fingerID for finger 13: 15618062003214643351512781541041399804
id: 15618062003214643351512781541041399804
lower: 15618062003214643351512781541041391612
upper: 53937554629190552131995290006614509577
Result (no wrap): true
2025-05-02 21:40:15 INFO  ChordProtocols:179 - Finger 13 peker n책 til: process1
2025-05-02 21:40:15 INFO  ChordProtocols:173 - Beregner fingerID for finger 14: 15618062003214643351512781541041407996
id: 15618062003214643351512781541041407996
lower: 15618062003214643351512781541041391612
upper: 53937554629190552131995290006614509577
Result (no wrap): true
2025-05-02 21:40:15 INFO  ChordProtocols:179 - Finger 14 peker n책 til: process1
2025-05-02 21:40:15 INFO  ChordProtocols:173 - Beregner fingerID for finger 15: 15618062003214643351512781541041424380
id: 15618062003214643351512781541041424380
lower: 15618062003214643351512781541041391612
upper: 53937554629190552131995290006614509577
Result (no wrap): true
2025-05-02 21:40:15 INFO  ChordProtocols:179 - Finger 15 peker n책 til: process1
2025-05-02 21:40:15 INFO  ChordProtocols:173 - Beregner fingerID for finger 16: 15618062003214643351512781541041457148
id: 15618062003214643351512781541041457148
lower: 15618062003214643351512781541041391612
upper: 53937554629190552131995290006614509577
Result (no wrap): true
2025-05-02 21:40:15 INFO  ChordProtocols:179 - Finger 16 peker n책 til: process1
2025-05-02 21:40:15 INFO  ChordProtocols:173 - Beregner fingerID for finger 17: 15618062003214643351512781541041522684
id: 15618062003214643351512781541041522684
lower: 15618062003214643351512781541041391612
upper: 53937554629190552131995290006614509577
Result (no wrap): true
2025-05-02 21:40:15 INFO  ChordProtocols:179 - Finger 17 peker n책 til: process1
2025-05-02 21:40:15 INFO  ChordProtocols:173 - Beregner fingerID for finger 18: 15618062003214643351512781541041653756
id: 15618062003214643351512781541041653756
lower: 15618062003214643351512781541041391612
upper: 53937554629190552131995290006614509577
Result (no wrap): true
2025-05-02 21:40:15 INFO  ChordProtocols:179 - Finger 18 peker n책 til: process1
2025-05-02 21:40:15 INFO  ChordProtocols:173 - Beregner fingerID for finger 19: 15618062003214643351512781541041915900
id: 15618062003214643351512781541041915900
lower: 15618062003214643351512781541041391612
upper: 53937554629190552131995290006614509577
Result (no wrap): true
2025-05-02 21:40:15 INFO  ChordProtocols:179 - Finger 19 peker n책 til: process1
2025-05-02 21:40:15 INFO  ChordProtocols:173 - Beregner fingerID for finger 20: 15618062003214643351512781541042440188
id: 15618062003214643351512781541042440188
lower: 15618062003214643351512781541041391612
upper: 53937554629190552131995290006614509577
Result (no wrap): true
2025-05-02 21:40:15 INFO  ChordProtocols:179 - Finger 20 peker n책 til: process1
2025-05-02 21:40:15 INFO  ChordProtocols:173 - Beregner fingerID for finger 21: 15618062003214643351512781541043488764
id: 15618062003214643351512781541043488764
lower: 15618062003214643351512781541041391612
upper: 53937554629190552131995290006614509577
Result (no wrap): true
2025-05-02 21:40:15 INFO  ChordProtocols:179 - Finger 21 peker n책 til: process1
2025-05-02 21:40:15 INFO  ChordProtocols:173 - Beregner fingerID for finger 22: 15618062003214643351512781541045585916
id: 15618062003214643351512781541045585916
lower: 15618062003214643351512781541041391612
upper: 53937554629190552131995290006614509577
Result (no wrap): true
2025-05-02 21:40:15 INFO  ChordProtocols:179 - Finger 22 peker n책 til: process1
2025-05-02 21:40:15 INFO  ChordProtocols:173 - Beregner fingerID for finger 23: 15618062003214643351512781541049780220
id: 15618062003214643351512781541049780220
lower: 15618062003214643351512781541041391612
upper: 53937554629190552131995290006614509577
Result (no wrap): true
2025-05-02 21:40:15 INFO  ChordProtocols:179 - Finger 23 peker n책 til: process1
2025-05-02 21:40:15 INFO  ChordProtocols:173 - Beregner fingerID for finger 24: 15618062003214643351512781541058168828
id: 15618062003214643351512781541058168828
lower: 15618062003214643351512781541041391612
upper: 53937554629190552131995290006614509577
Result (no wrap): true
2025-05-02 21:40:15 INFO  ChordProtocols:179 - Finger 24 peker n책 til: process1
2025-05-02 21:40:15 INFO  ChordProtocols:173 - Beregner fingerID for finger 25: 15618062003214643351512781541074946044
id: 15618062003214643351512781541074946044
lower: 15618062003214643351512781541041391612
upper: 53937554629190552131995290006614509577
Result (no wrap): true
2025-05-02 21:40:15 INFO  ChordProtocols:179 - Finger 25 peker n책 til: process1
2025-05-02 21:40:15 INFO  ChordProtocols:173 - Beregner fingerID for finger 26: 15618062003214643351512781541108500476
id: 15618062003214643351512781541108500476
lower: 15618062003214643351512781541041391612
upper: 53937554629190552131995290006614509577
Result (no wrap): true
2025-05-02 21:40:15 INFO  ChordProtocols:179 - Finger 26 peker n책 til: process1
2025-05-02 21:40:15 INFO  ChordProtocols:173 - Beregner fingerID for finger 27: 15618062003214643351512781541175609340
id: 15618062003214643351512781541175609340
lower: 15618062003214643351512781541041391612
upper: 53937554629190552131995290006614509577
Result (no wrap): true
2025-05-02 21:40:15 INFO  ChordProtocols:179 - Finger 27 peker n책 til: process1
2025-05-02 21:40:15 INFO  ChordProtocols:173 - Beregner fingerID for finger 28: 15618062003214643351512781541309827068
id: 15618062003214643351512781541309827068
lower: 15618062003214643351512781541041391612
upper: 53937554629190552131995290006614509577
Result (no wrap): true
2025-05-02 21:40:15 INFO  ChordProtocols:179 - Finger 28 peker n책 til: process1
2025-05-02 21:40:15 INFO  ChordProtocols:173 - Beregner fingerID for finger 29: 15618062003214643351512781541578262524
id: 15618062003214643351512781541578262524
lower: 15618062003214643351512781541041391612
upper: 53937554629190552131995290006614509577
Result (no wrap): true
2025-05-02 21:40:15 INFO  ChordProtocols:179 - Finger 29 peker n책 til: process1
2025-05-02 21:40:15 INFO  ChordProtocols:173 - Beregner fingerID for finger 30: 15618062003214643351512781542115133436
id: 15618062003214643351512781542115133436
lower: 15618062003214643351512781541041391612
upper: 53937554629190552131995290006614509577
Result (no wrap): true
2025-05-02 21:40:15 INFO  ChordProtocols:179 - Finger 30 peker n책 til: process1
2025-05-02 21:40:15 INFO  ChordProtocols:173 - Beregner fingerID for finger 31: 15618062003214643351512781543188875260
id: 15618062003214643351512781543188875260
lower: 15618062003214643351512781541041391612
upper: 53937554629190552131995290006614509577
Result (no wrap): true
2025-05-02 21:40:15 INFO  ChordProtocols:179 - Finger 31 peker n책 til: process1
2025-05-02 21:40:15 INFO  ChordProtocols:173 - Beregner fingerID for finger 32: 15618062003214643351512781545336358908
id: 15618062003214643351512781545336358908
lower: 15618062003214643351512781541041391612
upper: 53937554629190552131995290006614509577
Result (no wrap): true
2025-05-02 21:40:15 INFO  ChordProtocols:179 - Finger 32 peker n책 til: process1
2025-05-02 21:40:15 INFO  ChordProtocols:173 - Beregner fingerID for finger 33: 15618062003214643351512781549631326204
id: 15618062003214643351512781549631326204
lower: 15618062003214643351512781541041391612
upper: 53937554629190552131995290006614509577
Result (no wrap): true
2025-05-02 21:40:15 INFO  ChordProtocols:179 - Finger 33 peker n책 til: process1
2025-05-02 21:40:15 INFO  ChordProtocols:173 - Beregner fingerID for finger 34: 15618062003214643351512781558221260796
id: 15618062003214643351512781558221260796
lower: 15618062003214643351512781541041391612
upper: 53937554629190552131995290006614509577
Result (no wrap): true
2025-05-02 21:40:15 INFO  ChordProtocols:179 - Finger 34 peker n책 til: process1
2025-05-02 21:40:15 INFO  ChordProtocols:173 - Beregner fingerID for finger 35: 15618062003214643351512781575401129980
id: 15618062003214643351512781575401129980
lower: 15618062003214643351512781541041391612
upper: 53937554629190552131995290006614509577
Result (no wrap): true
2025-05-02 21:40:15 INFO  ChordProtocols:179 - Finger 35 peker n책 til: process1
2025-05-02 21:40:15 INFO  ChordProtocols:173 - Beregner fingerID for finger 36: 15618062003214643351512781609760868348
id: 15618062003214643351512781609760868348
lower: 15618062003214643351512781541041391612
upper: 53937554629190552131995290006614509577
Result (no wrap): true
2025-05-02 21:40:15 INFO  ChordProtocols:179 - Finger 36 peker n책 til: process1
2025-05-02 21:40:15 INFO  ChordProtocols:173 - Beregner fingerID for finger 37: 15618062003214643351512781678480345084
id: 15618062003214643351512781678480345084
lower: 15618062003214643351512781541041391612
upper: 53937554629190552131995290006614509577
Result (no wrap): true
2025-05-02 21:40:15 INFO  ChordProtocols:179 - Finger 37 peker n책 til: process1
2025-05-02 21:40:15 INFO  ChordProtocols:173 - Beregner fingerID for finger 38: 15618062003214643351512781815919298556
id: 15618062003214643351512781815919298556
lower: 15618062003214643351512781541041391612
upper: 53937554629190552131995290006614509577
Result (no wrap): true
2025-05-02 21:40:15 INFO  ChordProtocols:179 - Finger 38 peker n책 til: process1
2025-05-02 21:40:15 INFO  ChordProtocols:173 - Beregner fingerID for finger 39: 15618062003214643351512782090797205500
id: 15618062003214643351512782090797205500
lower: 15618062003214643351512781541041391612
upper: 53937554629190552131995290006614509577
Result (no wrap): true
2025-05-02 21:40:15 INFO  ChordProtocols:179 - Finger 39 peker n책 til: process1
2025-05-02 21:40:15 INFO  ChordProtocols:173 - Beregner fingerID for finger 40: 15618062003214643351512782640553019388
id: 15618062003214643351512782640553019388
lower: 15618062003214643351512781541041391612
upper: 53937554629190552131995290006614509577
Result (no wrap): true
2025-05-02 21:40:15 INFO  ChordProtocols:179 - Finger 40 peker n책 til: process1
2025-05-02 21:40:15 INFO  ChordProtocols:173 - Beregner fingerID for finger 41: 15618062003214643351512783740064647164
id: 15618062003214643351512783740064647164
lower: 15618062003214643351512781541041391612
upper: 53937554629190552131995290006614509577
Result (no wrap): true
2025-05-02 21:40:15 INFO  ChordProtocols:179 - Finger 41 peker n책 til: process1
2025-05-02 21:40:15 INFO  ChordProtocols:173 - Beregner fingerID for finger 42: 15618062003214643351512785939087902716
id: 15618062003214643351512785939087902716
lower: 15618062003214643351512781541041391612
upper: 53937554629190552131995290006614509577
Result (no wrap): true
2025-05-02 21:40:15 INFO  ChordProtocols:179 - Finger 42 peker n책 til: process1
2025-05-02 21:40:15 INFO  ChordProtocols:173 - Beregner fingerID for finger 43: 15618062003214643351512790337134413820
id: 15618062003214643351512790337134413820
lower: 15618062003214643351512781541041391612
upper: 53937554629190552131995290006614509577
Result (no wrap): true
2025-05-02 21:40:15 INFO  ChordProtocols:179 - Finger 43 peker n책 til: process1
2025-05-02 21:40:15 INFO  ChordProtocols:173 - Beregner fingerID for finger 44: 15618062003214643351512799133227436028
id: 15618062003214643351512799133227436028
lower: 15618062003214643351512781541041391612
upper: 53937554629190552131995290006614509577
Result (no wrap): true
2025-05-02 21:40:15 INFO  ChordProtocols:179 - Finger 44 peker n책 til: process1
2025-05-02 21:40:15 INFO  ChordProtocols:173 - Beregner fingerID for finger 45: 15618062003214643351512816725413480444
id: 15618062003214643351512816725413480444
lower: 15618062003214643351512781541041391612
upper: 53937554629190552131995290006614509577
Result (no wrap): true
2025-05-02 21:40:15 INFO  ChordProtocols:179 - Finger 45 peker n책 til: process1
2025-05-02 21:40:15 INFO  ChordProtocols:173 - Beregner fingerID for finger 46: 15618062003214643351512851909785569276
id: 15618062003214643351512851909785569276
lower: 15618062003214643351512781541041391612
upper: 53937554629190552131995290006614509577
Result (no wrap): true
2025-05-02 21:40:15 INFO  ChordProtocols:179 - Finger 46 peker n책 til: process1
2025-05-02 21:40:15 INFO  ChordProtocols:173 - Beregner fingerID for finger 47: 15618062003214643351512922278529746940
id: 15618062003214643351512922278529746940
lower: 15618062003214643351512781541041391612
upper: 53937554629190552131995290006614509577
Result (no wrap): true
2025-05-02 21:40:15 INFO  ChordProtocols:179 - Finger 47 peker n책 til: process1
2025-05-02 21:40:15 INFO  ChordProtocols:173 - Beregner fingerID for finger 48: 15618062003214643351513063016018102268
id: 15618062003214643351513063016018102268
lower: 15618062003214643351512781541041391612
upper: 53937554629190552131995290006614509577
Result (no wrap): true
2025-05-02 21:40:15 INFO  ChordProtocols:179 - Finger 48 peker n책 til: process1
2025-05-02 21:40:15 INFO  ChordProtocols:173 - Beregner fingerID for finger 49: 15618062003214643351513344490994812924
id: 15618062003214643351513344490994812924
lower: 15618062003214643351512781541041391612
upper: 53937554629190552131995290006614509577
Result (no wrap): true
2025-05-02 21:40:15 INFO  ChordProtocols:179 - Finger 49 peker n책 til: process1
2025-05-02 21:40:15 INFO  ChordProtocols:173 - Beregner fingerID for finger 50: 15618062003214643351513907440948234236
id: 15618062003214643351513907440948234236
lower: 15618062003214643351512781541041391612
upper: 53937554629190552131995290006614509577
Result (no wrap): true
2025-05-02 21:40:15 INFO  ChordProtocols:179 - Finger 50 peker n책 til: process1
2025-05-02 21:40:15 INFO  ChordProtocols:173 - Beregner fingerID for finger 51: 15618062003214643351515033340855076860
id: 15618062003214643351515033340855076860
lower: 15618062003214643351512781541041391612
upper: 53937554629190552131995290006614509577
Result (no wrap): true
2025-05-02 21:40:15 INFO  ChordProtocols:179 - Finger 51 peker n책 til: process1
2025-05-02 21:40:15 INFO  ChordProtocols:173 - Beregner fingerID for finger 52: 15618062003214643351517285140668762108
id: 15618062003214643351517285140668762108
lower: 15618062003214643351512781541041391612
upper: 53937554629190552131995290006614509577
Result (no wrap): true
2025-05-02 21:40:15 INFO  ChordProtocols:179 - Finger 52 peker n책 til: process1
2025-05-02 21:40:15 INFO  ChordProtocols:173 - Beregner fingerID for finger 53: 15618062003214643351521788740296132604
id: 15618062003214643351521788740296132604
lower: 15618062003214643351512781541041391612
upper: 53937554629190552131995290006614509577
Result (no wrap): true
2025-05-02 21:40:15 INFO  ChordProtocols:179 - Finger 53 peker n책 til: process1
2025-05-02 21:40:15 INFO  ChordProtocols:173 - Beregner fingerID for finger 54: 15618062003214643351530795939550873596
id: 15618062003214643351530795939550873596
lower: 15618062003214643351512781541041391612
upper: 53937554629190552131995290006614509577
Result (no wrap): true
2025-05-02 21:40:15 INFO  ChordProtocols:179 - Finger 54 peker n책 til: process1
2025-05-02 21:40:15 INFO  ChordProtocols:173 - Beregner fingerID for finger 55: 15618062003214643351548810338060355580
id: 15618062003214643351548810338060355580
lower: 15618062003214643351512781541041391612
upper: 53937554629190552131995290006614509577
Result (no wrap): true
2025-05-02 21:40:15 INFO  ChordProtocols:179 - Finger 55 peker n책 til: process1
2025-05-02 21:40:15 INFO  ChordProtocols:173 - Beregner fingerID for finger 56: 15618062003214643351584839135079319548
id: 15618062003214643351584839135079319548
lower: 15618062003214643351512781541041391612
upper: 53937554629190552131995290006614509577
Result (no wrap): true
2025-05-02 21:40:15 INFO  ChordProtocols:179 - Finger 56 peker n책 til: process1
2025-05-02 21:40:15 INFO  ChordProtocols:173 - Beregner fingerID for finger 57: 15618062003214643351656896729117247484
id: 15618062003214643351656896729117247484
lower: 15618062003214643351512781541041391612
upper: 53937554629190552131995290006614509577
Result (no wrap): true
2025-05-02 21:40:15 INFO  ChordProtocols:179 - Finger 57 peker n책 til: process1
2025-05-02 21:40:15 INFO  ChordProtocols:173 - Beregner fingerID for finger 58: 15618062003214643351801011917193103356
id: 15618062003214643351801011917193103356
lower: 15618062003214643351512781541041391612
upper: 53937554629190552131995290006614509577
Result (no wrap): true
2025-05-02 21:40:15 INFO  ChordProtocols:179 - Finger 58 peker n책 til: process1
2025-05-02 21:40:15 INFO  ChordProtocols:173 - Beregner fingerID for finger 59: 15618062003214643352089242293344815100
id: 15618062003214643352089242293344815100
lower: 15618062003214643351512781541041391612
upper: 53937554629190552131995290006614509577
Result (no wrap): true
2025-05-02 21:40:15 INFO  ChordProtocols:179 - Finger 59 peker n책 til: process1
2025-05-02 21:40:15 INFO  ChordProtocols:173 - Beregner fingerID for finger 60: 15618062003214643352665703045648238588
id: 15618062003214643352665703045648238588
lower: 15618062003214643351512781541041391612
upper: 53937554629190552131995290006614509577
Result (no wrap): true
2025-05-02 21:40:15 INFO  ChordProtocols:179 - Finger 60 peker n책 til: process1
2025-05-02 21:40:15 INFO  ChordProtocols:173 - Beregner fingerID for finger 61: 15618062003214643353818624550255085564
id: 15618062003214643353818624550255085564
lower: 15618062003214643351512781541041391612
upper: 53937554629190552131995290006614509577
Result (no wrap): true
2025-05-02 21:40:15 INFO  ChordProtocols:179 - Finger 61 peker n책 til: process1
2025-05-02 21:40:15 INFO  ChordProtocols:173 - Beregner fingerID for finger 62: 15618062003214643356124467559468779516
id: 15618062003214643356124467559468779516
lower: 15618062003214643351512781541041391612
upper: 53937554629190552131995290006614509577
Result (no wrap): true
2025-05-02 21:40:15 INFO  ChordProtocols:179 - Finger 62 peker n책 til: process1
2025-05-02 21:40:15 INFO  ChordProtocols:173 - Beregner fingerID for finger 63: 15618062003214643360736153577896167420
id: 15618062003214643360736153577896167420
lower: 15618062003214643351512781541041391612
upper: 53937554629190552131995290006614509577
Result (no wrap): true
2025-05-02 21:40:15 INFO  ChordProtocols:179 - Finger 63 peker n책 til: process1
2025-05-02 21:40:15 INFO  ChordProtocols:173 - Beregner fingerID for finger 64: 15618062003214643369959525614750943228
id: 15618062003214643369959525614750943228
lower: 15618062003214643351512781541041391612
upper: 53937554629190552131995290006614509577
Result (no wrap): true
2025-05-02 21:40:15 INFO  ChordProtocols:179 - Finger 64 peker n책 til: process1
2025-05-02 21:40:15 INFO  ChordProtocols:173 - Beregner fingerID for finger 65: 15618062003214643388406269688460494844
id: 15618062003214643388406269688460494844
lower: 15618062003214643351512781541041391612
upper: 53937554629190552131995290006614509577
Result (no wrap): true
2025-05-02 21:40:15 INFO  ChordProtocols:179 - Finger 65 peker n책 til: process1
2025-05-02 21:40:15 INFO  ChordProtocols:173 - Beregner fingerID for finger 66: 15618062003214643425299757835879598076
id: 15618062003214643425299757835879598076
lower: 15618062003214643351512781541041391612
upper: 53937554629190552131995290006614509577
Result (no wrap): true
2025-05-02 21:40:15 INFO  ChordProtocols:179 - Finger 66 peker n책 til: process1
2025-05-02 21:40:15 INFO  ChordProtocols:173 - Beregner fingerID for finger 67: 15618062003214643499086734130717804540
id: 15618062003214643499086734130717804540
lower: 15618062003214643351512781541041391612
upper: 53937554629190552131995290006614509577
Result (no wrap): true
2025-05-02 21:40:15 INFO  ChordProtocols:179 - Finger 67 peker n책 til: process1
2025-05-02 21:40:15 INFO  ChordProtocols:173 - Beregner fingerID for finger 68: 15618062003214643646660686720394217468
id: 15618062003214643646660686720394217468
lower: 15618062003214643351512781541041391612
upper: 53937554629190552131995290006614509577
Result (no wrap): true
2025-05-02 21:40:15 INFO  ChordProtocols:179 - Finger 68 peker n책 til: process1
2025-05-02 21:40:15 INFO  ChordProtocols:173 - Beregner fingerID for finger 69: 15618062003214643941808591899747043324
id: 15618062003214643941808591899747043324
lower: 15618062003214643351512781541041391612
upper: 53937554629190552131995290006614509577
Result (no wrap): true
2025-05-02 21:40:15 INFO  ChordProtocols:179 - Finger 69 peker n책 til: process1
2025-05-02 21:40:15 INFO  ChordProtocols:173 - Beregner fingerID for finger 70: 15618062003214644532104402258452695036
id: 15618062003214644532104402258452695036
lower: 15618062003214643351512781541041391612
upper: 53937554629190552131995290006614509577
Result (no wrap): true
2025-05-02 21:40:15 INFO  ChordProtocols:179 - Finger 70 peker n책 til: process1
2025-05-02 21:40:15 INFO  ChordProtocols:173 - Beregner fingerID for finger 71: 15618062003214645712696022975863998460
id: 15618062003214645712696022975863998460
lower: 15618062003214643351512781541041391612
upper: 53937554629190552131995290006614509577
Result (no wrap): true
2025-05-02 21:40:15 INFO  ChordProtocols:179 - Finger 71 peker n책 til: process1
2025-05-02 21:40:15 INFO  ChordProtocols:173 - Beregner fingerID for finger 72: 15618062003214648073879264410686605308
id: 15618062003214648073879264410686605308
lower: 15618062003214643351512781541041391612
upper: 53937554629190552131995290006614509577
Result (no wrap): true
2025-05-02 21:40:15 INFO  ChordProtocols:179 - Finger 72 peker n책 til: process1
2025-05-02 21:40:15 INFO  ChordProtocols:173 - Beregner fingerID for finger 73: 15618062003214652796245747280331819004
id: 15618062003214652796245747280331819004
lower: 15618062003214643351512781541041391612
upper: 53937554629190552131995290006614509577
Result (no wrap): true
2025-05-02 21:40:15 INFO  ChordProtocols:179 - Finger 73 peker n책 til: process1
2025-05-02 21:40:15 INFO  ChordProtocols:173 - Beregner fingerID for finger 74: 15618062003214662240978713019622246396
id: 15618062003214662240978713019622246396
lower: 15618062003214643351512781541041391612
upper: 53937554629190552131995290006614509577
Result (no wrap): true
2025-05-02 21:40:15 INFO  ChordProtocols:179 - Finger 74 peker n책 til: process1
2025-05-02 21:40:15 INFO  ChordProtocols:173 - Beregner fingerID for finger 75: 15618062003214681130444644498203101180
id: 15618062003214681130444644498203101180
lower: 15618062003214643351512781541041391612
upper: 53937554629190552131995290006614509577
Result (no wrap): true
2025-05-02 21:40:15 INFO  ChordProtocols:179 - Finger 75 peker n책 til: process1
2025-05-02 21:40:15 INFO  ChordProtocols:173 - Beregner fingerID for finger 76: 15618062003214718909376507455364810748
id: 15618062003214718909376507455364810748
lower: 15618062003214643351512781541041391612
upper: 53937554629190552131995290006614509577
Result (no wrap): true
2025-05-02 21:40:15 INFO  ChordProtocols:179 - Finger 76 peker n책 til: process1
2025-05-02 21:40:15 INFO  ChordProtocols:173 - Beregner fingerID for finger 77: 15618062003214794467240233369688229884
id: 15618062003214794467240233369688229884
lower: 15618062003214643351512781541041391612
upper: 53937554629190552131995290006614509577
Result (no wrap): true
2025-05-02 21:40:15 INFO  ChordProtocols:179 - Finger 77 peker n책 til: process1
2025-05-02 21:40:15 INFO  ChordProtocols:173 - Beregner fingerID for finger 78: 15618062003214945582967685198335068156
id: 15618062003214945582967685198335068156
lower: 15618062003214643351512781541041391612
upper: 53937554629190552131995290006614509577
Result (no wrap): true
2025-05-02 21:40:15 INFO  ChordProtocols:179 - Finger 78 peker n책 til: process1
2025-05-02 21:40:15 INFO  ChordProtocols:173 - Beregner fingerID for finger 79: 15618062003215247814422588855628744700
id: 15618062003215247814422588855628744700
lower: 15618062003214643351512781541041391612
upper: 53937554629190552131995290006614509577
Result (no wrap): true
2025-05-02 21:40:15 INFO  ChordProtocols:179 - Finger 79 peker n책 til: process1
2025-05-02 21:40:15 INFO  ChordProtocols:173 - Beregner fingerID for finger 80: 15618062003215852277332396170216097788
id: 15618062003215852277332396170216097788
lower: 15618062003214643351512781541041391612
upper: 53937554629190552131995290006614509577
Result (no wrap): true
2025-05-02 21:40:15 INFO  ChordProtocols:179 - Finger 80 peker n책 til: process1
2025-05-02 21:40:15 INFO  ChordProtocols:173 - Beregner fingerID for finger 81: 15618062003217061203152010799390803964
id: 15618062003217061203152010799390803964
lower: 15618062003214643351512781541041391612
upper: 53937554629190552131995290006614509577
Result (no wrap): true
2025-05-02 21:40:15 INFO  ChordProtocols:179 - Finger 81 peker n책 til: process1
2025-05-02 21:40:15 INFO  ChordProtocols:173 - Beregner fingerID for finger 82: 15618062003219479054791240057740216316
id: 15618062003219479054791240057740216316
lower: 15618062003214643351512781541041391612
upper: 53937554629190552131995290006614509577
Result (no wrap): true
2025-05-02 21:40:15 INFO  ChordProtocols:179 - Finger 82 peker n책 til: process1
2025-05-02 21:40:15 INFO  ChordProtocols:173 - Beregner fingerID for finger 83: 15618062003224314758069698574439041020
id: 15618062003224314758069698574439041020
lower: 15618062003214643351512781541041391612
upper: 53937554629190552131995290006614509577
Result (no wrap): true
2025-05-02 21:40:15 INFO  ChordProtocols:179 - Finger 83 peker n책 til: process1
2025-05-02 21:40:15 INFO  ChordProtocols:173 - Beregner fingerID for finger 84: 15618062003233986164626615607836690428
id: 15618062003233986164626615607836690428
lower: 15618062003214643351512781541041391612
upper: 53937554629190552131995290006614509577
Result (no wrap): true
2025-05-02 21:40:15 INFO  ChordProtocols:179 - Finger 84 peker n책 til: process1
2025-05-02 21:40:15 INFO  ChordProtocols:173 - Beregner fingerID for finger 85: 15618062003253328977740449674631989244
id: 15618062003253328977740449674631989244
lower: 15618062003214643351512781541041391612
upper: 53937554629190552131995290006614509577
Result (no wrap): true
2025-05-02 21:40:15 INFO  ChordProtocols:179 - Finger 85 peker n책 til: process1
2025-05-02 21:40:15 INFO  ChordProtocols:173 - Beregner fingerID for finger 86: 15618062003292014603968117808222586876
id: 15618062003292014603968117808222586876
lower: 15618062003214643351512781541041391612
upper: 53937554629190552131995290006614509577
Result (no wrap): true
2025-05-02 21:40:15 INFO  ChordProtocols:179 - Finger 86 peker n책 til: process1
2025-05-02 21:40:15 INFO  ChordProtocols:173 - Beregner fingerID for finger 87: 15618062003369385856423454075403782140
id: 15618062003369385856423454075403782140
lower: 15618062003214643351512781541041391612
upper: 53937554629190552131995290006614509577
Result (no wrap): true
2025-05-02 21:40:15 INFO  ChordProtocols:179 - Finger 87 peker n책 til: process1
2025-05-02 21:40:15 INFO  ChordProtocols:173 - Beregner fingerID for finger 88: 15618062003524128361334126609766172668
id: 15618062003524128361334126609766172668
lower: 15618062003214643351512781541041391612
upper: 53937554629190552131995290006614509577
Result (no wrap): true
2025-05-02 21:40:15 INFO  ChordProtocols:179 - Finger 88 peker n책 til: process1
2025-05-02 21:40:15 INFO  ChordProtocols:173 - Beregner fingerID for finger 89: 15618062003833613371155471678490953724
id: 15618062003833613371155471678490953724
lower: 15618062003214643351512781541041391612
upper: 53937554629190552131995290006614509577
Result (no wrap): true
2025-05-02 21:40:15 INFO  ChordProtocols:179 - Finger 89 peker n책 til: process1
2025-05-02 21:40:15 INFO  ChordProtocols:173 - Beregner fingerID for finger 90: 15618062004452583390798161815940515836
id: 15618062004452583390798161815940515836
lower: 15618062003214643351512781541041391612
upper: 53937554629190552131995290006614509577
Result (no wrap): true
2025-05-02 21:40:15 INFO  ChordProtocols:179 - Finger 90 peker n책 til: process1
2025-05-02 21:40:15 INFO  ChordProtocols:173 - Beregner fingerID for finger 91: 15618062005690523430083542090839640060
id: 15618062005690523430083542090839640060
lower: 15618062003214643351512781541041391612
upper: 53937554629190552131995290006614509577
Result (no wrap): true
2025-05-02 21:40:15 INFO  ChordProtocols:179 - Finger 91 peker n책 til: process1
2025-05-02 21:40:15 INFO  ChordProtocols:173 - Beregner fingerID for finger 92: 15618062008166403508654302640637888508
id: 15618062008166403508654302640637888508
lower: 15618062003214643351512781541041391612
upper: 53937554629190552131995290006614509577
Result (no wrap): true
2025-05-02 21:40:15 INFO  ChordProtocols:179 - Finger 92 peker n책 til: process1
2025-05-02 21:40:15 INFO  ChordProtocols:173 - Beregner fingerID for finger 93: 15618062013118163665795823740234385404
id: 15618062013118163665795823740234385404
lower: 15618062003214643351512781541041391612
upper: 53937554629190552131995290006614509577
Result (no wrap): true
2025-05-02 21:40:15 INFO  ChordProtocols:179 - Finger 93 peker n책 til: process1
2025-05-02 21:40:15 INFO  ChordProtocols:173 - Beregner fingerID for finger 94: 15618062023021683980078865939427379196
id: 15618062023021683980078865939427379196
lower: 15618062003214643351512781541041391612
upper: 53937554629190552131995290006614509577
Result (no wrap): true
2025-05-02 21:40:15 INFO  ChordProtocols:179 - Finger 94 peker n책 til: process1
2025-05-02 21:40:15 INFO  ChordProtocols:173 - Beregner fingerID for finger 95: 15618062042828724608644950337813366780
id: 15618062042828724608644950337813366780
lower: 15618062003214643351512781541041391612
upper: 53937554629190552131995290006614509577
Result (no wrap): true
2025-05-02 21:40:15 INFO  ChordProtocols:179 - Finger 95 peker n책 til: process1
2025-05-02 21:40:15 INFO  ChordProtocols:173 - Beregner fingerID for finger 96: 15618062082442805865777119134585341948
id: 15618062082442805865777119134585341948
lower: 15618062003214643351512781541041391612
upper: 53937554629190552131995290006614509577
Result (no wrap): true
2025-05-02 21:40:15 INFO  ChordProtocols:179 - Finger 96 peker n책 til: process1
2025-05-02 21:40:15 INFO  ChordProtocols:173 - Beregner fingerID for finger 97: 15618062161670968380041456728129292284
id: 15618062161670968380041456728129292284
lower: 15618062003214643351512781541041391612
upper: 53937554629190552131995290006614509577
Result (no wrap): true
2025-05-02 21:40:15 INFO  ChordProtocols:179 - Finger 97 peker n책 til: process1
2025-05-02 21:40:15 INFO  ChordProtocols:173 - Beregner fingerID for finger 98: 15618062320127293408570131915217192956
id: 15618062320127293408570131915217192956
lower: 15618062003214643351512781541041391612
upper: 53937554629190552131995290006614509577
Result (no wrap): true
2025-05-02 21:40:15 INFO  ChordProtocols:179 - Finger 98 peker n책 til: process1
2025-05-02 21:40:15 INFO  ChordProtocols:173 - Beregner fingerID for finger 99: 15618062637039943465627482289392994300
id: 15618062637039943465627482289392994300
lower: 15618062003214643351512781541041391612
upper: 53937554629190552131995290006614509577
Result (no wrap): true
2025-05-02 21:40:15 INFO  ChordProtocols:179 - Finger 99 peker n책 til: process1
2025-05-02 21:40:15 INFO  ChordProtocols:173 - Beregner fingerID for finger 100: 15618063270865243579742183037744596988
id: 15618063270865243579742183037744596988
lower: 15618062003214643351512781541041391612
upper: 53937554629190552131995290006614509577
Result (no wrap): true
2025-05-02 21:40:15 INFO  ChordProtocols:179 - Finger 100 peker n책 til: process1
2025-05-02 21:40:15 INFO  ChordProtocols:173 - Beregner fingerID for finger 101: 15618064538515843807971584534447802364
id: 15618064538515843807971584534447802364
lower: 15618062003214643351512781541041391612
upper: 53937554629190552131995290006614509577
Result (no wrap): true
2025-05-02 21:40:15 INFO  ChordProtocols:179 - Finger 101 peker n책 til: process1
2025-05-02 21:40:15 INFO  ChordProtocols:173 - Beregner fingerID for finger 102: 15618067073817044264430387527854213116
id: 15618067073817044264430387527854213116
lower: 15618062003214643351512781541041391612
upper: 53937554629190552131995290006614509577
Result (no wrap): true
2025-05-02 21:40:15 INFO  ChordProtocols:179 - Finger 102 peker n책 til: process1
2025-05-02 21:40:15 INFO  ChordProtocols:173 - Beregner fingerID for finger 103: 15618072144419445177347993514667034620
id: 15618072144419445177347993514667034620
lower: 15618062003214643351512781541041391612
upper: 53937554629190552131995290006614509577
Result (no wrap): true
2025-05-02 21:40:15 INFO  ChordProtocols:179 - Finger 103 peker n책 til: process1
2025-05-02 21:40:15 INFO  ChordProtocols:173 - Beregner fingerID for finger 104: 15618082285624247003183205488292677628
id: 15618082285624247003183205488292677628
lower: 15618062003214643351512781541041391612
upper: 53937554629190552131995290006614509577
Result (no wrap): true
2025-05-02 21:40:15 INFO  ChordProtocols:179 - Finger 104 peker n책 til: process1
2025-05-02 21:40:15 INFO  ChordProtocols:173 - Beregner fingerID for finger 105: 15618102568033850654853629435543963644
id: 15618102568033850654853629435543963644
lower: 15618062003214643351512781541041391612
upper: 53937554629190552131995290006614509577
Result (no wrap): true
2025-05-02 21:40:15 INFO  ChordProtocols:179 - Finger 105 peker n책 til: process1
2025-05-02 21:40:15 INFO  ChordProtocols:173 - Beregner fingerID for finger 106: 15618143132853057958194477330046535676
id: 15618143132853057958194477330046535676
lower: 15618062003214643351512781541041391612
upper: 53937554629190552131995290006614509577
Result (no wrap): true
2025-05-02 21:40:15 INFO  ChordProtocols:179 - Finger 106 peker n책 til: process1
2025-05-02 21:40:15 INFO  ChordProtocols:173 - Beregner fingerID for finger 107: 15618224262491472564876173119051679740
id: 15618224262491472564876173119051679740
lower: 15618062003214643351512781541041391612
upper: 53937554629190552131995290006614509577
Result (no wrap): true
2025-05-02 21:40:15 INFO  ChordProtocols:179 - Finger 107 peker n책 til: process1
2025-05-02 21:40:15 INFO  ChordProtocols:173 - Beregner fingerID for finger 108: 15618386521768301778239564697061967868
id: 15618386521768301778239564697061967868
lower: 15618062003214643351512781541041391612
upper: 53937554629190552131995290006614509577
Result (no wrap): true
2025-05-02 21:40:15 INFO  ChordProtocols:179 - Finger 108 peker n책 til: process1
2025-05-02 21:40:15 INFO  ChordProtocols:173 - Beregner fingerID for finger 109: 15618711040321960204966347853082544124
id: 15618711040321960204966347853082544124
lower: 15618062003214643351512781541041391612
upper: 53937554629190552131995290006614509577
Result (no wrap): true
2025-05-02 21:40:15 INFO  ChordProtocols:179 - Finger 109 peker n책 til: process1
2025-05-02 21:40:15 INFO  ChordProtocols:173 - Beregner fingerID for finger 110: 15619360077429277058419914165123696636
id: 15619360077429277058419914165123696636
lower: 15618062003214643351512781541041391612
upper: 53937554629190552131995290006614509577
Result (no wrap): true
2025-05-02 21:40:15 INFO  ChordProtocols:179 - Finger 110 peker n책 til: process1
2025-05-02 21:40:15 INFO  ChordProtocols:173 - Beregner fingerID for finger 111: 15620658151643910765327046789206001660
id: 15620658151643910765327046789206001660
lower: 15618062003214643351512781541041391612
upper: 53937554629190552131995290006614509577
Result (no wrap): true
2025-05-02 21:40:15 INFO  ChordProtocols:179 - Finger 111 peker n책 til: process1
2025-05-02 21:40:15 INFO  ChordProtocols:173 - Beregner fingerID for finger 112: 15623254300073178179141312037370611708
id: 15623254300073178179141312037370611708
lower: 15618062003214643351512781541041391612
upper: 53937554629190552131995290006614509577
Result (no wrap): true
2025-05-02 21:40:15 INFO  ChordProtocols:179 - Finger 112 peker n책 til: process1
2025-05-02 21:40:15 INFO  ChordProtocols:173 - Beregner fingerID for finger 113: 15628446596931713006769842533699831804
id: 15628446596931713006769842533699831804
lower: 15618062003214643351512781541041391612
upper: 53937554629190552131995290006614509577
Result (no wrap): true
2025-05-02 21:40:15 INFO  ChordProtocols:179 - Finger 113 peker n책 til: process1
2025-05-02 21:40:15 INFO  ChordProtocols:173 - Beregner fingerID for finger 114: 15638831190648782662026903526358271996
id: 15638831190648782662026903526358271996
lower: 15618062003214643351512781541041391612
upper: 53937554629190552131995290006614509577
Result (no wrap): true
2025-05-02 21:40:15 INFO  ChordProtocols:179 - Finger 114 peker n책 til: process1
2025-05-02 21:40:15 INFO  ChordProtocols:173 - Beregner fingerID for finger 115: 15659600378082921972541025511675152380
id: 15659600378082921972541025511675152380
lower: 15618062003214643351512781541041391612
upper: 53937554629190552131995290006614509577
Result (no wrap): true
2025-05-02 21:40:15 INFO  ChordProtocols:179 - Finger 115 peker n책 til: process1
2025-05-02 21:40:15 INFO  ChordProtocols:173 - Beregner fingerID for finger 116: 15701138752951200593569269482308913148
id: 15701138752951200593569269482308913148
lower: 15618062003214643351512781541041391612
upper: 53937554629190552131995290006614509577
Result (no wrap): true
2025-05-02 21:40:15 INFO  ChordProtocols:179 - Finger 116 peker n책 til: process1
2025-05-02 21:40:15 INFO  ChordProtocols:173 - Beregner fingerID for finger 117: 15784215502687757835625757423576434684
id: 15784215502687757835625757423576434684
lower: 15618062003214643351512781541041391612
upper: 53937554629190552131995290006614509577
Result (no wrap): true
2025-05-02 21:40:15 INFO  ChordProtocols:179 - Finger 117 peker n책 til: process1
2025-05-02 21:40:15 INFO  ChordProtocols:173 - Beregner fingerID for finger 118: 15950369002160872319738733306111477756
id: 15950369002160872319738733306111477756
lower: 15618062003214643351512781541041391612
upper: 53937554629190552131995290006614509577
Result (no wrap): true
2025-05-02 21:40:15 INFO  ChordProtocols:179 - Finger 118 peker n책 til: process1
2025-05-02 21:40:15 INFO  ChordProtocols:173 - Beregner fingerID for finger 119: 16282676001107101287964685071181563900
id: 16282676001107101287964685071181563900
lower: 15618062003214643351512781541041391612
upper: 53937554629190552131995290006614509577
Result (no wrap): true
2025-05-02 21:40:15 INFO  ChordProtocols:179 - Finger 119 peker n책 til: process1
2025-05-02 21:40:15 INFO  ChordProtocols:173 - Beregner fingerID for finger 120: 16947289998999559224416588601321736188
id: 16947289998999559224416588601321736188
lower: 15618062003214643351512781541041391612
upper: 53937554629190552131995290006614509577
Result (no wrap): true
2025-05-02 21:40:15 INFO  ChordProtocols:179 - Finger 120 peker n책 til: process1
2025-05-02 21:40:15 INFO  ChordProtocols:173 - Beregner fingerID for finger 121: 18276517994784475097320395661602080764
id: 18276517994784475097320395661602080764
lower: 15618062003214643351512781541041391612
upper: 53937554629190552131995290006614509577
Result (no wrap): true
2025-05-02 21:40:15 INFO  ChordProtocols:179 - Finger 121 peker n책 til: process1
2025-05-02 21:40:15 INFO  ChordProtocols:173 - Beregner fingerID for finger 122: 20934973986354306843128009782162769916
id: 20934973986354306843128009782162769916
lower: 15618062003214643351512781541041391612
upper: 53937554629190552131995290006614509577
Result (no wrap): true
2025-05-02 21:40:15 INFO  ChordProtocols:179 - Finger 122 peker n책 til: process1
2025-05-02 21:40:15 INFO  ChordProtocols:173 - Beregner fingerID for finger 123: 26251885969493970334743238023284148220
id: 26251885969493970334743238023284148220
lower: 15618062003214643351512781541041391612
upper: 53937554629190552131995290006614509577
Result (no wrap): true
2025-05-02 21:40:15 INFO  ChordProtocols:179 - Finger 123 peker n책 til: process1
2025-05-02 21:40:15 INFO  ChordProtocols:173 - Beregner fingerID for finger 124: 36885709935773297317973694505526904828
id: 36885709935773297317973694505526904828
lower: 15618062003214643351512781541041391612
upper: 53937554629190552131995290006614509577
Result (no wrap): true
2025-05-02 21:40:15 INFO  ChordProtocols:179 - Finger 124 peker n책 til: process1
2025-05-02 21:40:15 INFO  ChordProtocols:173 - Beregner fingerID for finger 125: 58153357868331951284434607470012418044
id: 58153357868331951284434607470012418044
lower: 15618062003214643351512781541041391612
upper: 53937554629190552131995290006614509577
Result (no wrap): false
id: 53937554629190552131995290006614509577
lower: 15618062003214643351512781541041391612
upper: 58153357868331951284434607470012418044
Result (no wrap): true
id: 58153357868331951284434607470012418044
lower: 53937554629190552131995290006614509577
upper: 53937554629190552131995290006614509577
2025-05-02 21:40:15 INFO  ChordProtocols:179 - Finger 125 peker n책 til: process1
2025-05-02 21:40:15 INFO  ChordProtocols:173 - Beregner fingerID for finger 126: 100688653733449259217356433398983444476
id: 100688653733449259217356433398983444476
lower: 15618062003214643351512781541041391612
upper: 53937554629190552131995290006614509577
Result (no wrap): false
id: 53937554629190552131995290006614509577
lower: 15618062003214643351512781541041391612
upper: 100688653733449259217356433398983444476
Result (no wrap): true
id: 100688653733449259217356433398983444476
lower: 53937554629190552131995290006614509577
upper: 53937554629190552131995290006614509577
2025-05-02 21:40:15 INFO  ChordProtocols:179 - Finger 126 peker n책 til: process1
2025-05-02 21:40:15 INFO  ChordProtocols:173 - Beregner fingerID for finger 127: 185759245463683875083200085256925497340
id: 185759245463683875083200085256925497340
lower: 15618062003214643351512781541041391612
upper: 53937554629190552131995290006614509577
Result (no wrap): false
id: 53937554629190552131995290006614509577
lower: 15618062003214643351512781541041391612
upper: 185759245463683875083200085256925497340
Result (no wrap): true
id: 185759245463683875083200085256925497340
lower: 53937554629190552131995290006614509577
upper: 53937554629190552131995290006614509577
2025-05-02 21:40:15 INFO  ChordProtocols:179 - Finger 127 peker n책 til: process1
2025-05-02 21:40:15 INFO  ChordLookup:96 - copy file keys that are <= process2 from successor process1 to process2
2025-05-02 21:40:15 INFO  ChordLookup:113 - Finished copying file keys from successor process1 to process2
2025-05-02 21:40:15 INFO  ChordProtocols:86 - process2 is between null | process1
2025-05-02 21:40:17 INFO  NodeServer:50 - process3 server is running... 
process1:9091
2025-05-02 21:40:17 INFO  ChordProtocols:68 - JoinRing-randomNode = process1
id: 66910184482037901621933403444034052414
lower: 53937554629190552131995290006614509577
upper: 53937554629190552131995290006614509577
id: 66910184482037901621933403444034052414
lower: 15618062003214643351512781541041391613
upper: 53937554629190552131995290006614509578
Result (no wrap): false
2025-05-02 21:40:17 INFO  ChordProtocols:159 - Oppdaterer FingerTable for Node: process3
2025-05-02 21:40:17 INFO  ChordProtocols:173 - Beregner fingerID for finger 0: 66910184482037901621933403444034052415
id: 66910184482037901621933403444034052415
lower: 66910184482037901621933403444034052414
upper: 53937554629190552131995290006614509577
Result (wrap): true
2025-05-02 21:40:17 INFO  ChordProtocols:179 - Finger 0 peker n책 til: process1
2025-05-02 21:40:17 INFO  ChordProtocols:173 - Beregner fingerID for finger 1: 66910184482037901621933403444034052416
id: 66910184482037901621933403444034052416
lower: 66910184482037901621933403444034052414
upper: 53937554629190552131995290006614509577
Result (wrap): true
2025-05-02 21:40:17 INFO  ChordProtocols:179 - Finger 1 peker n책 til: process1
2025-05-02 21:40:17 INFO  ChordProtocols:173 - Beregner fingerID for finger 2: 66910184482037901621933403444034052418
id: 66910184482037901621933403444034052418
lower: 66910184482037901621933403444034052414
upper: 53937554629190552131995290006614509577
Result (wrap): true
2025-05-02 21:40:17 INFO  ChordProtocols:179 - Finger 2 peker n책 til: process1
2025-05-02 21:40:17 INFO  ChordProtocols:173 - Beregner fingerID for finger 3: 66910184482037901621933403444034052422
id: 66910184482037901621933403444034052422
lower: 66910184482037901621933403444034052414
upper: 53937554629190552131995290006614509577
Result (wrap): true
2025-05-02 21:40:17 INFO  ChordProtocols:179 - Finger 3 peker n책 til: process1
2025-05-02 21:40:17 INFO  ChordProtocols:173 - Beregner fingerID for finger 4: 66910184482037901621933403444034052430
id: 66910184482037901621933403444034052430
lower: 66910184482037901621933403444034052414
upper: 53937554629190552131995290006614509577
Result (wrap): true
2025-05-02 21:40:17 INFO  ChordProtocols:179 - Finger 4 peker n책 til: process1
2025-05-02 21:40:17 INFO  ChordProtocols:173 - Beregner fingerID for finger 5: 66910184482037901621933403444034052446
id: 66910184482037901621933403444034052446
lower: 66910184482037901621933403444034052414
upper: 53937554629190552131995290006614509577
Result (wrap): true
2025-05-02 21:40:17 INFO  ChordProtocols:179 - Finger 5 peker n책 til: process1
2025-05-02 21:40:17 INFO  ChordProtocols:173 - Beregner fingerID for finger 6: 66910184482037901621933403444034052478
id: 66910184482037901621933403444034052478
lower: 66910184482037901621933403444034052414
upper: 53937554629190552131995290006614509577
Result (wrap): true
2025-05-02 21:40:17 INFO  ChordProtocols:179 - Finger 6 peker n책 til: process1
2025-05-02 21:40:17 INFO  ChordProtocols:173 - Beregner fingerID for finger 7: 66910184482037901621933403444034052542
id: 66910184482037901621933403444034052542
lower: 66910184482037901621933403444034052414
upper: 53937554629190552131995290006614509577
Result (wrap): true
2025-05-02 21:40:17 INFO  ChordProtocols:179 - Finger 7 peker n책 til: process1
2025-05-02 21:40:17 INFO  ChordProtocols:173 - Beregner fingerID for finger 8: 66910184482037901621933403444034052670
id: 66910184482037901621933403444034052670
lower: 66910184482037901621933403444034052414
upper: 53937554629190552131995290006614509577
Result (wrap): true
2025-05-02 21:40:17 INFO  ChordProtocols:179 - Finger 8 peker n책 til: process1
2025-05-02 21:40:17 INFO  ChordProtocols:173 - Beregner fingerID for finger 9: 66910184482037901621933403444034052926
id: 66910184482037901621933403444034052926
lower: 66910184482037901621933403444034052414
upper: 53937554629190552131995290006614509577
Result (wrap): true
2025-05-02 21:40:17 INFO  ChordProtocols:179 - Finger 9 peker n책 til: process1
2025-05-02 21:40:17 INFO  ChordProtocols:173 - Beregner fingerID for finger 10: 66910184482037901621933403444034053438
id: 66910184482037901621933403444034053438
lower: 66910184482037901621933403444034052414
upper: 53937554629190552131995290006614509577
Result (wrap): true
2025-05-02 21:40:17 INFO  ChordProtocols:179 - Finger 10 peker n책 til: process1
2025-05-02 21:40:17 INFO  ChordProtocols:173 - Beregner fingerID for finger 11: 66910184482037901621933403444034054462
id: 66910184482037901621933403444034054462
lower: 66910184482037901621933403444034052414
upper: 53937554629190552131995290006614509577
Result (wrap): true
2025-05-02 21:40:17 INFO  ChordProtocols:179 - Finger 11 peker n책 til: process1
2025-05-02 21:40:17 INFO  ChordProtocols:173 - Beregner fingerID for finger 12: 66910184482037901621933403444034056510
id: 66910184482037901621933403444034056510
lower: 66910184482037901621933403444034052414
upper: 53937554629190552131995290006614509577
Result (wrap): true
2025-05-02 21:40:17 INFO  ChordProtocols:179 - Finger 12 peker n책 til: process1
2025-05-02 21:40:17 INFO  ChordProtocols:173 - Beregner fingerID for finger 13: 66910184482037901621933403444034060606
id: 66910184482037901621933403444034060606
lower: 66910184482037901621933403444034052414
upper: 53937554629190552131995290006614509577
Result (wrap): true
2025-05-02 21:40:17 INFO  ChordProtocols:179 - Finger 13 peker n책 til: process1
2025-05-02 21:40:17 INFO  ChordProtocols:173 - Beregner fingerID for finger 14: 66910184482037901621933403444034068798
id: 66910184482037901621933403444034068798
lower: 66910184482037901621933403444034052414
upper: 53937554629190552131995290006614509577
Result (wrap): true
2025-05-02 21:40:17 INFO  ChordProtocols:179 - Finger 14 peker n책 til: process1
2025-05-02 21:40:17 INFO  ChordProtocols:173 - Beregner fingerID for finger 15: 66910184482037901621933403444034085182
id: 66910184482037901621933403444034085182
lower: 66910184482037901621933403444034052414
upper: 53937554629190552131995290006614509577
Result (wrap): true
2025-05-02 21:40:17 INFO  ChordProtocols:179 - Finger 15 peker n책 til: process1
2025-05-02 21:40:17 INFO  ChordProtocols:173 - Beregner fingerID for finger 16: 66910184482037901621933403444034117950
id: 66910184482037901621933403444034117950
lower: 66910184482037901621933403444034052414
upper: 53937554629190552131995290006614509577
Result (wrap): true
2025-05-02 21:40:17 INFO  ChordProtocols:179 - Finger 16 peker n책 til: process1
2025-05-02 21:40:17 INFO  ChordProtocols:173 - Beregner fingerID for finger 17: 66910184482037901621933403444034183486
id: 66910184482037901621933403444034183486
lower: 66910184482037901621933403444034052414
upper: 53937554629190552131995290006614509577
Result (wrap): true
2025-05-02 21:40:17 INFO  ChordProtocols:179 - Finger 17 peker n책 til: process1
2025-05-02 21:40:17 INFO  ChordProtocols:173 - Beregner fingerID for finger 18: 66910184482037901621933403444034314558
id: 66910184482037901621933403444034314558
lower: 66910184482037901621933403444034052414
upper: 53937554629190552131995290006614509577
Result (wrap): true
2025-05-02 21:40:17 INFO  ChordProtocols:179 - Finger 18 peker n책 til: process1
2025-05-02 21:40:17 INFO  ChordProtocols:173 - Beregner fingerID for finger 19: 66910184482037901621933403444034576702
id: 66910184482037901621933403444034576702
lower: 66910184482037901621933403444034052414
upper: 53937554629190552131995290006614509577
Result (wrap): true
2025-05-02 21:40:17 INFO  ChordProtocols:179 - Finger 19 peker n책 til: process1
2025-05-02 21:40:17 INFO  ChordProtocols:173 - Beregner fingerID for finger 20: 66910184482037901621933403444035100990
id: 66910184482037901621933403444035100990
lower: 66910184482037901621933403444034052414
upper: 53937554629190552131995290006614509577
Result (wrap): true
2025-05-02 21:40:17 INFO  ChordProtocols:179 - Finger 20 peker n책 til: process1
2025-05-02 21:40:17 INFO  ChordProtocols:173 - Beregner fingerID for finger 21: 66910184482037901621933403444036149566
id: 66910184482037901621933403444036149566
lower: 66910184482037901621933403444034052414
upper: 53937554629190552131995290006614509577
Result (wrap): true
2025-05-02 21:40:17 INFO  ChordProtocols:179 - Finger 21 peker n책 til: process1
2025-05-02 21:40:17 INFO  ChordProtocols:173 - Beregner fingerID for finger 22: 66910184482037901621933403444038246718
id: 66910184482037901621933403444038246718
lower: 66910184482037901621933403444034052414
upper: 53937554629190552131995290006614509577
Result (wrap): true
2025-05-02 21:40:17 INFO  ChordProtocols:179 - Finger 22 peker n책 til: process1
2025-05-02 21:40:17 INFO  ChordProtocols:173 - Beregner fingerID for finger 23: 66910184482037901621933403444042441022
id: 66910184482037901621933403444042441022
lower: 66910184482037901621933403444034052414
upper: 53937554629190552131995290006614509577
Result (wrap): true
2025-05-02 21:40:17 INFO  ChordProtocols:179 - Finger 23 peker n책 til: process1
2025-05-02 21:40:17 INFO  ChordProtocols:173 - Beregner fingerID for finger 24: 66910184482037901621933403444050829630
id: 66910184482037901621933403444050829630
lower: 66910184482037901621933403444034052414
upper: 53937554629190552131995290006614509577
Result (wrap): true
2025-05-02 21:40:17 INFO  ChordProtocols:179 - Finger 24 peker n책 til: process1
2025-05-02 21:40:17 INFO  ChordProtocols:173 - Beregner fingerID for finger 25: 66910184482037901621933403444067606846
id: 66910184482037901621933403444067606846
lower: 66910184482037901621933403444034052414
upper: 53937554629190552131995290006614509577
Result (wrap): true
2025-05-02 21:40:17 INFO  ChordProtocols:179 - Finger 25 peker n책 til: process1
2025-05-02 21:40:17 INFO  ChordProtocols:173 - Beregner fingerID for finger 26: 66910184482037901621933403444101161278
id: 66910184482037901621933403444101161278
lower: 66910184482037901621933403444034052414
upper: 53937554629190552131995290006614509577
Result (wrap): true
2025-05-02 21:40:17 INFO  ChordProtocols:179 - Finger 26 peker n책 til: process1
2025-05-02 21:40:17 INFO  ChordProtocols:173 - Beregner fingerID for finger 27: 66910184482037901621933403444168270142
id: 66910184482037901621933403444168270142
lower: 66910184482037901621933403444034052414
upper: 53937554629190552131995290006614509577
Result (wrap): true
2025-05-02 21:40:17 INFO  ChordProtocols:179 - Finger 27 peker n책 til: process1
2025-05-02 21:40:17 INFO  ChordProtocols:173 - Beregner fingerID for finger 28: 66910184482037901621933403444302487870
id: 66910184482037901621933403444302487870
lower: 66910184482037901621933403444034052414
upper: 53937554629190552131995290006614509577
Result (wrap): true
2025-05-02 21:40:17 INFO  ChordProtocols:179 - Finger 28 peker n책 til: process1
2025-05-02 21:40:17 INFO  ChordProtocols:173 - Beregner fingerID for finger 29: 66910184482037901621933403444570923326
id: 66910184482037901621933403444570923326
lower: 66910184482037901621933403444034052414
upper: 53937554629190552131995290006614509577
Result (wrap): true
2025-05-02 21:40:17 INFO  ChordProtocols:179 - Finger 29 peker n책 til: process1
2025-05-02 21:40:17 INFO  ChordProtocols:173 - Beregner fingerID for finger 30: 66910184482037901621933403445107794238
id: 66910184482037901621933403445107794238
lower: 66910184482037901621933403444034052414
upper: 53937554629190552131995290006614509577
Result (wrap): true
2025-05-02 21:40:17 INFO  ChordProtocols:179 - Finger 30 peker n책 til: process1
2025-05-02 21:40:17 INFO  ChordProtocols:173 - Beregner fingerID for finger 31: 66910184482037901621933403446181536062
id: 66910184482037901621933403446181536062
lower: 66910184482037901621933403444034052414
upper: 53937554629190552131995290006614509577
Result (wrap): true
2025-05-02 21:40:17 INFO  ChordProtocols:179 - Finger 31 peker n책 til: process1
2025-05-02 21:40:17 INFO  ChordProtocols:173 - Beregner fingerID for finger 32: 66910184482037901621933403448329019710
id: 66910184482037901621933403448329019710
lower: 66910184482037901621933403444034052414
upper: 53937554629190552131995290006614509577
Result (wrap): true
2025-05-02 21:40:17 INFO  ChordProtocols:179 - Finger 32 peker n책 til: process1
2025-05-02 21:40:17 INFO  ChordProtocols:173 - Beregner fingerID for finger 33: 66910184482037901621933403452623987006
id: 66910184482037901621933403452623987006
lower: 66910184482037901621933403444034052414
upper: 53937554629190552131995290006614509577
Result (wrap): true
2025-05-02 21:40:17 INFO  ChordProtocols:179 - Finger 33 peker n책 til: process1
2025-05-02 21:40:17 INFO  ChordProtocols:173 - Beregner fingerID for finger 34: 66910184482037901621933403461213921598
id: 66910184482037901621933403461213921598
lower: 66910184482037901621933403444034052414
upper: 53937554629190552131995290006614509577
Result (wrap): true
2025-05-02 21:40:17 INFO  ChordProtocols:179 - Finger 34 peker n책 til: process1
2025-05-02 21:40:17 INFO  ChordProtocols:173 - Beregner fingerID for finger 35: 66910184482037901621933403478393790782
id: 66910184482037901621933403478393790782
lower: 66910184482037901621933403444034052414
upper: 53937554629190552131995290006614509577
Result (wrap): true
2025-05-02 21:40:17 INFO  ChordProtocols:179 - Finger 35 peker n책 til: process1
2025-05-02 21:40:17 INFO  ChordProtocols:173 - Beregner fingerID for finger 36: 66910184482037901621933403512753529150
id: 66910184482037901621933403512753529150
lower: 66910184482037901621933403444034052414
upper: 53937554629190552131995290006614509577
Result (wrap): true
2025-05-02 21:40:17 INFO  ChordProtocols:179 - Finger 36 peker n책 til: process1
2025-05-02 21:40:17 INFO  ChordProtocols:173 - Beregner fingerID for finger 37: 66910184482037901621933403581473005886
id: 66910184482037901621933403581473005886
lower: 66910184482037901621933403444034052414
upper: 53937554629190552131995290006614509577
Result (wrap): true
2025-05-02 21:40:17 INFO  ChordProtocols:179 - Finger 37 peker n책 til: process1
2025-05-02 21:40:17 INFO  ChordProtocols:173 - Beregner fingerID for finger 38: 66910184482037901621933403718911959358
id: 66910184482037901621933403718911959358
lower: 66910184482037901621933403444034052414
upper: 53937554629190552131995290006614509577
Result (wrap): true
2025-05-02 21:40:17 INFO  ChordProtocols:179 - Finger 38 peker n책 til: process1
2025-05-02 21:40:17 INFO  ChordProtocols:173 - Beregner fingerID for finger 39: 66910184482037901621933403993789866302
id: 66910184482037901621933403993789866302
lower: 66910184482037901621933403444034052414
upper: 53937554629190552131995290006614509577
Result (wrap): true
2025-05-02 21:40:17 INFO  ChordProtocols:179 - Finger 39 peker n책 til: process1
2025-05-02 21:40:17 INFO  ChordProtocols:173 - Beregner fingerID for finger 40: 66910184482037901621933404543545680190
id: 66910184482037901621933404543545680190
lower: 66910184482037901621933403444034052414
upper: 53937554629190552131995290006614509577
Result (wrap): true
2025-05-02 21:40:18 INFO  ChordProtocols:179 - Finger 40 peker n책 til: process1
2025-05-02 21:40:18 INFO  ChordProtocols:173 - Beregner fingerID for finger 41: 66910184482037901621933405643057307966
id: 66910184482037901621933405643057307966
lower: 66910184482037901621933403444034052414
upper: 53937554629190552131995290006614509577
Result (wrap): true
2025-05-02 21:40:18 INFO  ChordProtocols:179 - Finger 41 peker n책 til: process1
2025-05-02 21:40:18 INFO  ChordProtocols:173 - Beregner fingerID for finger 42: 66910184482037901621933407842080563518
id: 66910184482037901621933407842080563518
lower: 66910184482037901621933403444034052414
upper: 53937554629190552131995290006614509577
Result (wrap): true
2025-05-02 21:40:18 INFO  ChordProtocols:179 - Finger 42 peker n책 til: process1
2025-05-02 21:40:18 INFO  ChordProtocols:173 - Beregner fingerID for finger 43: 66910184482037901621933412240127074622
id: 66910184482037901621933412240127074622
lower: 66910184482037901621933403444034052414
upper: 53937554629190552131995290006614509577
Result (wrap): true
2025-05-02 21:40:18 INFO  ChordProtocols:179 - Finger 43 peker n책 til: process1
2025-05-02 21:40:18 INFO  ChordProtocols:173 - Beregner fingerID for finger 44: 66910184482037901621933421036220096830
id: 66910184482037901621933421036220096830
lower: 66910184482037901621933403444034052414
upper: 53937554629190552131995290006614509577
Result (wrap): true
2025-05-02 21:40:18 INFO  ChordProtocols:179 - Finger 44 peker n책 til: process1
2025-05-02 21:40:18 INFO  ChordProtocols:173 - Beregner fingerID for finger 45: 66910184482037901621933438628406141246
id: 66910184482037901621933438628406141246
lower: 66910184482037901621933403444034052414
upper: 53937554629190552131995290006614509577
Result (wrap): true
2025-05-02 21:40:18 INFO  ChordProtocols:179 - Finger 45 peker n책 til: process1
2025-05-02 21:40:18 INFO  ChordProtocols:173 - Beregner fingerID for finger 46: 66910184482037901621933473812778230078
id: 66910184482037901621933473812778230078
lower: 66910184482037901621933403444034052414
upper: 53937554629190552131995290006614509577
Result (wrap): true
2025-05-02 21:40:18 INFO  ChordProtocols:179 - Finger 46 peker n책 til: process1
2025-05-02 21:40:18 INFO  ChordProtocols:173 - Beregner fingerID for finger 47: 66910184482037901621933544181522407742
id: 66910184482037901621933544181522407742
lower: 66910184482037901621933403444034052414
upper: 53937554629190552131995290006614509577
Result (wrap): true
2025-05-02 21:40:18 INFO  ChordProtocols:179 - Finger 47 peker n책 til: process1
2025-05-02 21:40:18 INFO  ChordProtocols:173 - Beregner fingerID for finger 48: 66910184482037901621933684919010763070
id: 66910184482037901621933684919010763070
lower: 66910184482037901621933403444034052414
upper: 53937554629190552131995290006614509577
Result (wrap): true
2025-05-02 21:40:18 INFO  ChordProtocols:179 - Finger 48 peker n책 til: process1
2025-05-02 21:40:18 INFO  ChordProtocols:173 - Beregner fingerID for finger 49: 66910184482037901621933966393987473726
id: 66910184482037901621933966393987473726
lower: 66910184482037901621933403444034052414
upper: 53937554629190552131995290006614509577
Result (wrap): true
2025-05-02 21:40:18 INFO  ChordProtocols:179 - Finger 49 peker n책 til: process1
2025-05-02 21:40:18 INFO  ChordProtocols:173 - Beregner fingerID for finger 50: 66910184482037901621934529343940895038
id: 66910184482037901621934529343940895038
lower: 66910184482037901621933403444034052414
upper: 53937554629190552131995290006614509577
Result (wrap): true
2025-05-02 21:40:18 INFO  ChordProtocols:179 - Finger 50 peker n책 til: process1
2025-05-02 21:40:18 INFO  ChordProtocols:173 - Beregner fingerID for finger 51: 66910184482037901621935655243847737662
id: 66910184482037901621935655243847737662
lower: 66910184482037901621933403444034052414
upper: 53937554629190552131995290006614509577
Result (wrap): true
2025-05-02 21:40:18 INFO  ChordProtocols:179 - Finger 51 peker n책 til: process1
2025-05-02 21:40:18 INFO  ChordProtocols:173 - Beregner fingerID for finger 52: 66910184482037901621937907043661422910
id: 66910184482037901621937907043661422910
lower: 66910184482037901621933403444034052414
upper: 53937554629190552131995290006614509577
Result (wrap): true
2025-05-02 21:40:18 INFO  ChordProtocols:179 - Finger 52 peker n책 til: process1
2025-05-02 21:40:18 INFO  ChordProtocols:173 - Beregner fingerID for finger 53: 66910184482037901621942410643288793406
id: 66910184482037901621942410643288793406
lower: 66910184482037901621933403444034052414
upper: 53937554629190552131995290006614509577
Result (wrap): true
2025-05-02 21:40:18 INFO  ChordProtocols:179 - Finger 53 peker n책 til: process1
2025-05-02 21:40:18 INFO  ChordProtocols:173 - Beregner fingerID for finger 54: 66910184482037901621951417842543534398
id: 66910184482037901621951417842543534398
lower: 66910184482037901621933403444034052414
upper: 53937554629190552131995290006614509577
Result (wrap): true
2025-05-02 21:40:18 INFO  ChordProtocols:179 - Finger 54 peker n책 til: process1
2025-05-02 21:40:18 INFO  ChordProtocols:173 - Beregner fingerID for finger 55: 66910184482037901621969432241053016382
id: 66910184482037901621969432241053016382
lower: 66910184482037901621933403444034052414
upper: 53937554629190552131995290006614509577
Result (wrap): true
2025-05-02 21:40:18 INFO  ChordProtocols:179 - Finger 55 peker n책 til: process1
2025-05-02 21:40:18 INFO  ChordProtocols:173 - Beregner fingerID for finger 56: 66910184482037901622005461038071980350
id: 66910184482037901622005461038071980350
lower: 66910184482037901621933403444034052414
upper: 53937554629190552131995290006614509577
Result (wrap): true
2025-05-02 21:40:18 INFO  ChordProtocols:179 - Finger 56 peker n책 til: process1
2025-05-02 21:40:18 INFO  ChordProtocols:173 - Beregner fingerID for finger 57: 66910184482037901622077518632109908286
id: 66910184482037901622077518632109908286
lower: 66910184482037901621933403444034052414
upper: 53937554629190552131995290006614509577
Result (wrap): true
2025-05-02 21:40:18 INFO  ChordProtocols:179 - Finger 57 peker n책 til: process1
2025-05-02 21:40:18 INFO  ChordProtocols:173 - Beregner fingerID for finger 58: 66910184482037901622221633820185764158
id: 66910184482037901622221633820185764158
lower: 66910184482037901621933403444034052414
upper: 53937554629190552131995290006614509577
Result (wrap): true
2025-05-02 21:40:18 INFO  ChordProtocols:179 - Finger 58 peker n책 til: process1
2025-05-02 21:40:18 INFO  ChordProtocols:173 - Beregner fingerID for finger 59: 66910184482037901622509864196337475902
id: 66910184482037901622509864196337475902
lower: 66910184482037901621933403444034052414
upper: 53937554629190552131995290006614509577
Result (wrap): true
2025-05-02 21:40:18 INFO  ChordProtocols:179 - Finger 59 peker n책 til: process1
2025-05-02 21:40:18 INFO  ChordProtocols:173 - Beregner fingerID for finger 60: 66910184482037901623086324948640899390
id: 66910184482037901623086324948640899390
lower: 66910184482037901621933403444034052414
upper: 53937554629190552131995290006614509577
Result (wrap): true
2025-05-02 21:40:18 INFO  ChordProtocols:179 - Finger 60 peker n책 til: process1
2025-05-02 21:40:18 INFO  ChordProtocols:173 - Beregner fingerID for finger 61: 66910184482037901624239246453247746366
id: 66910184482037901624239246453247746366
lower: 66910184482037901621933403444034052414
upper: 53937554629190552131995290006614509577
Result (wrap): true
2025-05-02 21:40:18 INFO  ChordProtocols:179 - Finger 61 peker n책 til: process1
2025-05-02 21:40:18 INFO  ChordProtocols:173 - Beregner fingerID for finger 62: 66910184482037901626545089462461440318
id: 66910184482037901626545089462461440318
lower: 66910184482037901621933403444034052414
upper: 53937554629190552131995290006614509577
Result (wrap): true
2025-05-02 21:40:18 INFO  ChordProtocols:179 - Finger 62 peker n책 til: process1
2025-05-02 21:40:18 INFO  ChordProtocols:173 - Beregner fingerID for finger 63: 66910184482037901631156775480888828222
id: 66910184482037901631156775480888828222
lower: 66910184482037901621933403444034052414
upper: 53937554629190552131995290006614509577
Result (wrap): true
2025-05-02 21:40:18 INFO  ChordProtocols:179 - Finger 63 peker n책 til: process1
2025-05-02 21:40:18 INFO  ChordProtocols:173 - Beregner fingerID for finger 64: 66910184482037901640380147517743604030
id: 66910184482037901640380147517743604030
lower: 66910184482037901621933403444034052414
upper: 53937554629190552131995290006614509577
Result (wrap): true
2025-05-02 21:40:18 INFO  ChordProtocols:179 - Finger 64 peker n책 til: process1
2025-05-02 21:40:18 INFO  ChordProtocols:173 - Beregner fingerID for finger 65: 66910184482037901658826891591453155646
id: 66910184482037901658826891591453155646
lower: 66910184482037901621933403444034052414
upper: 53937554629190552131995290006614509577
Result (wrap): true
2025-05-02 21:40:18 INFO  ChordProtocols:179 - Finger 65 peker n책 til: process1
2025-05-02 21:40:18 INFO  ChordProtocols:173 - Beregner fingerID for finger 66: 66910184482037901695720379738872258878
id: 66910184482037901695720379738872258878
lower: 66910184482037901621933403444034052414
upper: 53937554629190552131995290006614509577
Result (wrap): true
2025-05-02 21:40:18 INFO  ChordProtocols:179 - Finger 66 peker n책 til: process1
2025-05-02 21:40:18 INFO  ChordProtocols:173 - Beregner fingerID for finger 67: 66910184482037901769507356033710465342
id: 66910184482037901769507356033710465342
lower: 66910184482037901621933403444034052414
upper: 53937554629190552131995290006614509577
Result (wrap): true
2025-05-02 21:40:18 INFO  ChordProtocols:179 - Finger 67 peker n책 til: process1
2025-05-02 21:40:18 INFO  ChordProtocols:173 - Beregner fingerID for finger 68: 66910184482037901917081308623386878270
id: 66910184482037901917081308623386878270
lower: 66910184482037901621933403444034052414
upper: 53937554629190552131995290006614509577
Result (wrap): true
2025-05-02 21:40:18 INFO  ChordProtocols:179 - Finger 68 peker n책 til: process1
2025-05-02 21:40:18 INFO  ChordProtocols:173 - Beregner fingerID for finger 69: 66910184482037902212229213802739704126
id: 66910184482037902212229213802739704126
lower: 66910184482037901621933403444034052414
upper: 53937554629190552131995290006614509577
Result (wrap): true
2025-05-02 21:40:18 INFO  ChordProtocols:179 - Finger 69 peker n책 til: process1
2025-05-02 21:40:18 INFO  ChordProtocols:173 - Beregner fingerID for finger 70: 66910184482037902802525024161445355838
id: 66910184482037902802525024161445355838
lower: 66910184482037901621933403444034052414
upper: 53937554629190552131995290006614509577
Result (wrap): true
2025-05-02 21:40:18 INFO  ChordProtocols:179 - Finger 70 peker n책 til: process1
2025-05-02 21:40:18 INFO  ChordProtocols:173 - Beregner fingerID for finger 71: 66910184482037903983116644878856659262
id: 66910184482037903983116644878856659262
lower: 66910184482037901621933403444034052414
upper: 53937554629190552131995290006614509577
Result (wrap): true
2025-05-02 21:40:18 INFO  ChordProtocols:179 - Finger 71 peker n책 til: process1
2025-05-02 21:40:18 INFO  ChordProtocols:173 - Beregner fingerID for finger 72: 66910184482037906344299886313679266110
id: 66910184482037906344299886313679266110
lower: 66910184482037901621933403444034052414
upper: 53937554629190552131995290006614509577
Result (wrap): true
2025-05-02 21:40:18 INFO  ChordProtocols:179 - Finger 72 peker n책 til: process1
2025-05-02 21:40:18 INFO  ChordProtocols:173 - Beregner fingerID for finger 73: 66910184482037911066666369183324479806
id: 66910184482037911066666369183324479806
lower: 66910184482037901621933403444034052414
upper: 53937554629190552131995290006614509577
Result (wrap): true
2025-05-02 21:40:18 INFO  ChordProtocols:179 - Finger 73 peker n책 til: process1
2025-05-02 21:40:18 INFO  ChordProtocols:173 - Beregner fingerID for finger 74: 66910184482037920511399334922614907198
id: 66910184482037920511399334922614907198
lower: 66910184482037901621933403444034052414
upper: 53937554629190552131995290006614509577
Result (wrap): true
2025-05-02 21:40:18 INFO  ChordProtocols:179 - Finger 74 peker n책 til: process1
2025-05-02 21:40:18 INFO  ChordProtocols:173 - Beregner fingerID for finger 75: 66910184482037939400865266401195761982
id: 66910184482037939400865266401195761982
lower: 66910184482037901621933403444034052414
upper: 53937554629190552131995290006614509577
Result (wrap): true
2025-05-02 21:40:18 INFO  ChordProtocols:179 - Finger 75 peker n책 til: process1
2025-05-02 21:40:18 INFO  ChordProtocols:173 - Beregner fingerID for finger 76: 66910184482037977179797129358357471550
id: 66910184482037977179797129358357471550
lower: 66910184482037901621933403444034052414
upper: 53937554629190552131995290006614509577
Result (wrap): true
2025-05-02 21:40:18 INFO  ChordProtocols:179 - Finger 76 peker n책 til: process1
2025-05-02 21:40:18 INFO  ChordProtocols:173 - Beregner fingerID for finger 77: 66910184482038052737660855272680890686
id: 66910184482038052737660855272680890686
lower: 66910184482037901621933403444034052414
upper: 53937554629190552131995290006614509577
Result (wrap): true
2025-05-02 21:40:18 INFO  ChordProtocols:179 - Finger 77 peker n책 til: process1
2025-05-02 21:40:18 INFO  ChordProtocols:173 - Beregner fingerID for finger 78: 66910184482038203853388307101327728958
id: 66910184482038203853388307101327728958
lower: 66910184482037901621933403444034052414
upper: 53937554629190552131995290006614509577
Result (wrap): true
2025-05-02 21:40:18 INFO  ChordProtocols:179 - Finger 78 peker n책 til: process1
2025-05-02 21:40:18 INFO  ChordProtocols:173 - Beregner fingerID for finger 79: 66910184482038506084843210758621405502
id: 66910184482038506084843210758621405502
lower: 66910184482037901621933403444034052414
upper: 53937554629190552131995290006614509577
Result (wrap): true
2025-05-02 21:40:18 INFO  ChordProtocols:179 - Finger 79 peker n책 til: process1
2025-05-02 21:40:18 INFO  ChordProtocols:173 - Beregner fingerID for finger 80: 66910184482039110547753018073208758590
id: 66910184482039110547753018073208758590
lower: 66910184482037901621933403444034052414
upper: 53937554629190552131995290006614509577
Result (wrap): true
2025-05-02 21:40:18 INFO  ChordProtocols:179 - Finger 80 peker n책 til: process1
2025-05-02 21:40:18 INFO  ChordProtocols:173 - Beregner fingerID for finger 81: 66910184482040319473572632702383464766
id: 66910184482040319473572632702383464766
lower: 66910184482037901621933403444034052414
upper: 53937554629190552131995290006614509577
Result (wrap): true
2025-05-02 21:40:18 INFO  ChordProtocols:179 - Finger 81 peker n책 til: process1
2025-05-02 21:40:18 INFO  ChordProtocols:173 - Beregner fingerID for finger 82: 66910184482042737325211861960732877118
id: 66910184482042737325211861960732877118
lower: 66910184482037901621933403444034052414
upper: 53937554629190552131995290006614509577
Result (wrap): true
2025-05-02 21:40:18 INFO  ChordProtocols:179 - Finger 82 peker n책 til: process1
2025-05-02 21:40:18 INFO  ChordProtocols:173 - Beregner fingerID for finger 83: 66910184482047573028490320477431701822
id: 66910184482047573028490320477431701822
lower: 66910184482037901621933403444034052414
upper: 53937554629190552131995290006614509577
Result (wrap): true
2025-05-02 21:40:18 INFO  ChordProtocols:179 - Finger 83 peker n책 til: process1
2025-05-02 21:40:18 INFO  ChordProtocols:173 - Beregner fingerID for finger 84: 66910184482057244435047237510829351230
id: 66910184482057244435047237510829351230
lower: 66910184482037901621933403444034052414
upper: 53937554629190552131995290006614509577
Result (wrap): true
2025-05-02 21:40:18 INFO  ChordProtocols:179 - Finger 84 peker n책 til: process1
2025-05-02 21:40:18 INFO  ChordProtocols:173 - Beregner fingerID for finger 85: 66910184482076587248161071577624650046
id: 66910184482076587248161071577624650046
lower: 66910184482037901621933403444034052414
upper: 53937554629190552131995290006614509577
Result (wrap): true
2025-05-02 21:40:18 INFO  ChordProtocols:179 - Finger 85 peker n책 til: process1
2025-05-02 21:40:18 INFO  ChordProtocols:173 - Beregner fingerID for finger 86: 66910184482115272874388739711215247678
id: 66910184482115272874388739711215247678
lower: 66910184482037901621933403444034052414
upper: 53937554629190552131995290006614509577
Result (wrap): true
2025-05-02 21:40:18 INFO  ChordProtocols:179 - Finger 86 peker n책 til: process1
2025-05-02 21:40:18 INFO  ChordProtocols:173 - Beregner fingerID for finger 87: 66910184482192644126844075978396442942
id: 66910184482192644126844075978396442942
lower: 66910184482037901621933403444034052414
upper: 53937554629190552131995290006614509577
Result (wrap): true
2025-05-02 21:40:18 INFO  ChordProtocols:179 - Finger 87 peker n책 til: process1
2025-05-02 21:40:18 INFO  ChordProtocols:173 - Beregner fingerID for finger 88: 66910184482347386631754748512758833470
id: 66910184482347386631754748512758833470
lower: 66910184482037901621933403444034052414
upper: 53937554629190552131995290006614509577
Result (wrap): true
2025-05-02 21:40:18 INFO  ChordProtocols:179 - Finger 88 peker n책 til: process1
2025-05-02 21:40:18 INFO  ChordProtocols:173 - Beregner fingerID for finger 89: 66910184482656871641576093581483614526
id: 66910184482656871641576093581483614526
lower: 66910184482037901621933403444034052414
upper: 53937554629190552131995290006614509577
Result (wrap): true
2025-05-02 21:40:18 INFO  ChordProtocols:179 - Finger 89 peker n책 til: process1
2025-05-02 21:40:18 INFO  ChordProtocols:173 - Beregner fingerID for finger 90: 66910184483275841661218783718933176638
id: 66910184483275841661218783718933176638
lower: 66910184482037901621933403444034052414
upper: 53937554629190552131995290006614509577
Result (wrap): true
2025-05-02 21:40:18 INFO  ChordProtocols:179 - Finger 90 peker n책 til: process1
2025-05-02 21:40:18 INFO  ChordProtocols:173 - Beregner fingerID for finger 91: 66910184484513781700504163993832300862
id: 66910184484513781700504163993832300862
lower: 66910184482037901621933403444034052414
upper: 53937554629190552131995290006614509577
Result (wrap): true
2025-05-02 21:40:18 INFO  ChordProtocols:179 - Finger 91 peker n책 til: process1
2025-05-02 21:40:18 INFO  ChordProtocols:173 - Beregner fingerID for finger 92: 66910184486989661779074924543630549310
id: 66910184486989661779074924543630549310
lower: 66910184482037901621933403444034052414
upper: 53937554629190552131995290006614509577
Result (wrap): true
2025-05-02 21:40:18 INFO  ChordProtocols:179 - Finger 92 peker n책 til: process1
2025-05-02 21:40:18 INFO  ChordProtocols:173 - Beregner fingerID for finger 93: 66910184491941421936216445643227046206
id: 66910184491941421936216445643227046206
lower: 66910184482037901621933403444034052414
upper: 53937554629190552131995290006614509577
Result (wrap): true
2025-05-02 21:40:18 INFO  ChordProtocols:179 - Finger 93 peker n책 til: process1
2025-05-02 21:40:18 INFO  ChordProtocols:173 - Beregner fingerID for finger 94: 66910184501844942250499487842420039998
id: 66910184501844942250499487842420039998
lower: 66910184482037901621933403444034052414
upper: 53937554629190552131995290006614509577
Result (wrap): true
2025-05-02 21:40:18 INFO  ChordProtocols:179 - Finger 94 peker n책 til: process1
2025-05-02 21:40:18 INFO  ChordProtocols:173 - Beregner fingerID for finger 95: 66910184521651982879065572240806027582
id: 66910184521651982879065572240806027582
lower: 66910184482037901621933403444034052414
upper: 53937554629190552131995290006614509577
Result (wrap): true
2025-05-02 21:40:18 INFO  ChordProtocols:179 - Finger 95 peker n책 til: process1
2025-05-02 21:40:18 INFO  ChordProtocols:173 - Beregner fingerID for finger 96: 66910184561266064136197741037578002750
id: 66910184561266064136197741037578002750
lower: 66910184482037901621933403444034052414
upper: 53937554629190552131995290006614509577
Result (wrap): true
2025-05-02 21:40:18 INFO  ChordProtocols:179 - Finger 96 peker n책 til: process1
2025-05-02 21:40:18 INFO  ChordProtocols:173 - Beregner fingerID for finger 97: 66910184640494226650462078631121953086
id: 66910184640494226650462078631121953086
lower: 66910184482037901621933403444034052414
upper: 53937554629190552131995290006614509577
Result (wrap): true
2025-05-02 21:40:18 INFO  ChordProtocols:179 - Finger 97 peker n책 til: process1
2025-05-02 21:40:18 INFO  ChordProtocols:173 - Beregner fingerID for finger 98: 66910184798950551678990753818209853758
id: 66910184798950551678990753818209853758
lower: 66910184482037901621933403444034052414
upper: 53937554629190552131995290006614509577
Result (wrap): true
2025-05-02 21:40:18 INFO  ChordProtocols:179 - Finger 98 peker n책 til: process1
2025-05-02 21:40:18 INFO  ChordProtocols:173 - Beregner fingerID for finger 99: 66910185115863201736048104192385655102
id: 66910185115863201736048104192385655102
lower: 66910184482037901621933403444034052414
upper: 53937554629190552131995290006614509577
Result (wrap): true
2025-05-02 21:40:18 INFO  ChordProtocols:179 - Finger 99 peker n책 til: process1
2025-05-02 21:40:18 INFO  ChordProtocols:173 - Beregner fingerID for finger 100: 66910185749688501850162804940737257790
id: 66910185749688501850162804940737257790
lower: 66910184482037901621933403444034052414
upper: 53937554629190552131995290006614509577
Result (wrap): true
2025-05-02 21:40:18 INFO  ChordProtocols:179 - Finger 100 peker n책 til: process1
2025-05-02 21:40:18 INFO  ChordProtocols:173 - Beregner fingerID for finger 101: 66910187017339102078392206437440463166
id: 66910187017339102078392206437440463166
lower: 66910184482037901621933403444034052414
upper: 53937554629190552131995290006614509577
Result (wrap): true
2025-05-02 21:40:18 INFO  ChordProtocols:179 - Finger 101 peker n책 til: process1
2025-05-02 21:40:18 INFO  ChordProtocols:173 - Beregner fingerID for finger 102: 66910189552640302534851009430846873918
id: 66910189552640302534851009430846873918
lower: 66910184482037901621933403444034052414
upper: 53937554629190552131995290006614509577
Result (wrap): true
2025-05-02 21:40:18 INFO  ChordProtocols:179 - Finger 102 peker n책 til: process1
2025-05-02 21:40:18 INFO  ChordProtocols:173 - Beregner fingerID for finger 103: 66910194623242703447768615417659695422
id: 66910194623242703447768615417659695422
lower: 66910184482037901621933403444034052414
upper: 53937554629190552131995290006614509577
Result (wrap): true
2025-05-02 21:40:18 INFO  ChordProtocols:179 - Finger 103 peker n책 til: process1
2025-05-02 21:40:18 INFO  ChordProtocols:173 - Beregner fingerID for finger 104: 66910204764447505273603827391285338430
id: 66910204764447505273603827391285338430
lower: 66910184482037901621933403444034052414
upper: 53937554629190552131995290006614509577
Result (wrap): true
2025-05-02 21:40:18 INFO  ChordProtocols:179 - Finger 104 peker n책 til: process1
2025-05-02 21:40:18 INFO  ChordProtocols:173 - Beregner fingerID for finger 105: 66910225046857108925274251338536624446
id: 66910225046857108925274251338536624446
lower: 66910184482037901621933403444034052414
upper: 53937554629190552131995290006614509577
Result (wrap): true
2025-05-02 21:40:18 INFO  ChordProtocols:179 - Finger 105 peker n책 til: process1
2025-05-02 21:40:18 INFO  ChordProtocols:173 - Beregner fingerID for finger 106: 66910265611676316228615099233039196478
id: 66910265611676316228615099233039196478
lower: 66910184482037901621933403444034052414
upper: 53937554629190552131995290006614509577
Result (wrap): true
2025-05-02 21:40:18 INFO  ChordProtocols:179 - Finger 106 peker n책 til: process1
2025-05-02 21:40:18 INFO  ChordProtocols:173 - Beregner fingerID for finger 107: 66910346741314730835296795022044340542
id: 66910346741314730835296795022044340542
lower: 66910184482037901621933403444034052414
upper: 53937554629190552131995290006614509577
Result (wrap): true
2025-05-02 21:40:18 INFO  ChordProtocols:179 - Finger 107 peker n책 til: process1
2025-05-02 21:40:18 INFO  ChordProtocols:173 - Beregner fingerID for finger 108: 66910509000591560048660186600054628670
id: 66910509000591560048660186600054628670
lower: 66910184482037901621933403444034052414
upper: 53937554629190552131995290006614509577
Result (wrap): true
2025-05-02 21:40:18 INFO  ChordProtocols:179 - Finger 108 peker n책 til: process1
2025-05-02 21:40:18 INFO  ChordProtocols:173 - Beregner fingerID for finger 109: 66910833519145218475386969756075204926
id: 66910833519145218475386969756075204926
lower: 66910184482037901621933403444034052414
upper: 53937554629190552131995290006614509577
Result (wrap): true
2025-05-02 21:40:18 INFO  ChordProtocols:179 - Finger 109 peker n책 til: process1
2025-05-02 21:40:18 INFO  ChordProtocols:173 - Beregner fingerID for finger 110: 66911482556252535328840536068116357438
id: 66911482556252535328840536068116357438
lower: 66910184482037901621933403444034052414
upper: 53937554629190552131995290006614509577
Result (wrap): true
2025-05-02 21:40:18 INFO  ChordProtocols:179 - Finger 110 peker n책 til: process1
2025-05-02 21:40:18 INFO  ChordProtocols:173 - Beregner fingerID for finger 111: 66912780630467169035747668692198662462
id: 66912780630467169035747668692198662462
lower: 66910184482037901621933403444034052414
upper: 53937554629190552131995290006614509577
Result (wrap): true
2025-05-02 21:40:18 INFO  ChordProtocols:179 - Finger 111 peker n책 til: process1
2025-05-02 21:40:18 INFO  ChordProtocols:173 - Beregner fingerID for finger 112: 66915376778896436449561933940363272510
id: 66915376778896436449561933940363272510
lower: 66910184482037901621933403444034052414
upper: 53937554629190552131995290006614509577
Result (wrap): true
2025-05-02 21:40:18 INFO  ChordProtocols:179 - Finger 112 peker n책 til: process1
2025-05-02 21:40:18 INFO  ChordProtocols:173 - Beregner fingerID for finger 113: 66920569075754971277190464436692492606
id: 66920569075754971277190464436692492606
lower: 66910184482037901621933403444034052414
upper: 53937554629190552131995290006614509577
Result (wrap): true
2025-05-02 21:40:18 INFO  ChordProtocols:179 - Finger 113 peker n책 til: process1
2025-05-02 21:40:18 INFO  ChordProtocols:173 - Beregner fingerID for finger 114: 66930953669472040932447525429350932798
id: 66930953669472040932447525429350932798
lower: 66910184482037901621933403444034052414
upper: 53937554629190552131995290006614509577
Result (wrap): true
2025-05-02 21:40:18 INFO  ChordProtocols:179 - Finger 114 peker n책 til: process1
2025-05-02 21:40:18 INFO  ChordProtocols:173 - Beregner fingerID for finger 115: 66951722856906180242961647414667813182
id: 66951722856906180242961647414667813182
lower: 66910184482037901621933403444034052414
upper: 53937554629190552131995290006614509577
Result (wrap): true
2025-05-02 21:40:18 INFO  ChordProtocols:179 - Finger 115 peker n책 til: process1
2025-05-02 21:40:18 INFO  ChordProtocols:173 - Beregner fingerID for finger 116: 66993261231774458863989891385301573950
id: 66993261231774458863989891385301573950
lower: 66910184482037901621933403444034052414
upper: 53937554629190552131995290006614509577
Result (wrap): true
2025-05-02 21:40:18 INFO  ChordProtocols:179 - Finger 116 peker n책 til: process1
2025-05-02 21:40:18 INFO  ChordProtocols:173 - Beregner fingerID for finger 117: 67076337981511016106046379326569095486
id: 67076337981511016106046379326569095486
lower: 66910184482037901621933403444034052414
upper: 53937554629190552131995290006614509577
Result (wrap): true
2025-05-02 21:40:18 INFO  ChordProtocols:179 - Finger 117 peker n책 til: process1
2025-05-02 21:40:18 INFO  ChordProtocols:173 - Beregner fingerID for finger 118: 67242491480984130590159355209104138558
id: 67242491480984130590159355209104138558
lower: 66910184482037901621933403444034052414
upper: 53937554629190552131995290006614509577
Result (wrap): true
2025-05-02 21:40:18 INFO  ChordProtocols:179 - Finger 118 peker n책 til: process1
2025-05-02 21:40:18 INFO  ChordProtocols:173 - Beregner fingerID for finger 119: 67574798479930359558385306974174224702
id: 67574798479930359558385306974174224702
lower: 66910184482037901621933403444034052414
upper: 53937554629190552131995290006614509577
Result (wrap): true
2025-05-02 21:40:18 INFO  ChordProtocols:179 - Finger 119 peker n책 til: process1
2025-05-02 21:40:18 INFO  ChordProtocols:173 - Beregner fingerID for finger 120: 68239412477822817494837210504314396990
id: 68239412477822817494837210504314396990
lower: 66910184482037901621933403444034052414
upper: 53937554629190552131995290006614509577
Result (wrap): true
2025-05-02 21:40:18 INFO  ChordProtocols:179 - Finger 120 peker n책 til: process1
2025-05-02 21:40:18 INFO  ChordProtocols:173 - Beregner fingerID for finger 121: 69568640473607733367741017564594741566
id: 69568640473607733367741017564594741566
lower: 66910184482037901621933403444034052414
upper: 53937554629190552131995290006614509577
Result (wrap): true
2025-05-02 21:40:18 INFO  ChordProtocols:179 - Finger 121 peker n책 til: process1
2025-05-02 21:40:18 INFO  ChordProtocols:173 - Beregner fingerID for finger 122: 72227096465177565113548631685155430718
id: 72227096465177565113548631685155430718
lower: 66910184482037901621933403444034052414
upper: 53937554629190552131995290006614509577
Result (wrap): true
2025-05-02 21:40:18 INFO  ChordProtocols:179 - Finger 122 peker n책 til: process1
2025-05-02 21:40:18 INFO  ChordProtocols:173 - Beregner fingerID for finger 123: 77544008448317228605163859926276809022
id: 77544008448317228605163859926276809022
lower: 66910184482037901621933403444034052414
upper: 53937554629190552131995290006614509577
Result (wrap): true
2025-05-02 21:40:18 INFO  ChordProtocols:179 - Finger 123 peker n책 til: process1
2025-05-02 21:40:18 INFO  ChordProtocols:173 - Beregner fingerID for finger 124: 88177832414596555588394316408519565630
id: 88177832414596555588394316408519565630
lower: 66910184482037901621933403444034052414
upper: 53937554629190552131995290006614509577
Result (wrap): true
2025-05-02 21:40:18 INFO  ChordProtocols:179 - Finger 124 peker n책 til: process1
2025-05-02 21:40:18 INFO  ChordProtocols:173 - Beregner fingerID for finger 125: 109445480347155209554855229373005078846
id: 109445480347155209554855229373005078846
lower: 66910184482037901621933403444034052414
upper: 53937554629190552131995290006614509577
Result (wrap): true
2025-05-02 21:40:18 INFO  ChordProtocols:179 - Finger 125 peker n책 til: process1
2025-05-02 21:40:18 INFO  ChordProtocols:173 - Beregner fingerID for finger 126: 151980776212272517487777055301976105278
id: 151980776212272517487777055301976105278
lower: 66910184482037901621933403444034052414
upper: 53937554629190552131995290006614509577
Result (wrap): true
2025-05-02 21:40:18 INFO  ChordProtocols:179 - Finger 126 peker n책 til: process1
2025-05-02 21:40:18 INFO  ChordProtocols:173 - Beregner fingerID for finger 127: 237051367942507133353620707159918158142
id: 237051367942507133353620707159918158142
lower: 66910184482037901621933403444034052414
upper: 53937554629190552131995290006614509577
Result (wrap): true
2025-05-02 21:40:18 INFO  ChordProtocols:179 - Finger 127 peker n책 til: process1
2025-05-02 21:40:18 INFO  ChordLookup:96 - copy file keys that are <= process3 from successor process1 to process3
2025-05-02 21:40:18 INFO  ChordLookup:113 - Finished copying file keys from successor process1 to process3
2025-05-02 21:40:18 INFO  ChordProtocols:86 - process3 is between null | process1
2025-05-02 21:40:18 INFO  StabilizationProtocols:130 - Updating the successor for Node: process1
id: 53937554629190552131995290006614509578
lower: 53937554629190552131995290006614509577
upper: 53937554629190552131995290006614509577
2025-05-02 21:40:18 INFO  StabilizationProtocols:165 - Finished updating the successor for Node: process1
2025-05-02 21:40:18 INFO  StabilizationProtocols:84 - Stabilizing ring from process1...
2025-05-02 21:40:18 INFO  StabilizationProtocols:91 - Stabilize ring: succnode = process1
id: 15618062003214643351512781541041391612
lower: 53937554629190552131995290006614509578
upper: 53937554629190552131995290006614509578
2025-05-02 21:40:18 INFO  StabilizationProtocols:113 - Finished stabilizing chordring from process1
2025-05-02 21:40:18 INFO  ChordProtocols:159 - Oppdaterer FingerTable for Node: process1
2025-05-02 21:40:18 INFO  ChordProtocols:173 - Beregner fingerID for finger 0: 53937554629190552131995290006614509578
id: 53937554629190552131995290006614509578
lower: 53937554629190552131995290006614509577
upper: 15618062003214643351512781541041391612
Result (wrap): true
2025-05-02 21:40:18 INFO  ChordProtocols:179 - Finger 0 peker n책 til: process2
2025-05-02 21:40:18 INFO  ChordProtocols:173 - Beregner fingerID for finger 1: 53937554629190552131995290006614509579
id: 53937554629190552131995290006614509579
lower: 53937554629190552131995290006614509577
upper: 15618062003214643351512781541041391612
Result (wrap): true
2025-05-02 21:40:18 INFO  ChordProtocols:179 - Finger 1 peker n책 til: process2
2025-05-02 21:40:18 INFO  ChordProtocols:173 - Beregner fingerID for finger 2: 53937554629190552131995290006614509581
id: 53937554629190552131995290006614509581
lower: 53937554629190552131995290006614509577
upper: 15618062003214643351512781541041391612
Result (wrap): true
2025-05-02 21:40:18 INFO  ChordProtocols:179 - Finger 2 peker n책 til: process2
2025-05-02 21:40:18 INFO  ChordProtocols:173 - Beregner fingerID for finger 3: 53937554629190552131995290006614509585
id: 53937554629190552131995290006614509585
lower: 53937554629190552131995290006614509577
upper: 15618062003214643351512781541041391612
Result (wrap): true
2025-05-02 21:40:18 INFO  ChordProtocols:179 - Finger 3 peker n책 til: process2
2025-05-02 21:40:18 INFO  ChordProtocols:173 - Beregner fingerID for finger 4: 53937554629190552131995290006614509593
id: 53937554629190552131995290006614509593
lower: 53937554629190552131995290006614509577
upper: 15618062003214643351512781541041391612
Result (wrap): true
2025-05-02 21:40:18 INFO  ChordProtocols:179 - Finger 4 peker n책 til: process2
2025-05-02 21:40:18 INFO  ChordProtocols:173 - Beregner fingerID for finger 5: 53937554629190552131995290006614509609
id: 53937554629190552131995290006614509609
lower: 53937554629190552131995290006614509577
upper: 15618062003214643351512781541041391612
Result (wrap): true
2025-05-02 21:40:18 INFO  ChordProtocols:179 - Finger 5 peker n책 til: process2
2025-05-02 21:40:18 INFO  ChordProtocols:173 - Beregner fingerID for finger 6: 53937554629190552131995290006614509641
id: 53937554629190552131995290006614509641
lower: 53937554629190552131995290006614509577
upper: 15618062003214643351512781541041391612
Result (wrap): true
2025-05-02 21:40:18 INFO  ChordProtocols:179 - Finger 6 peker n책 til: process2
2025-05-02 21:40:18 INFO  ChordProtocols:173 - Beregner fingerID for finger 7: 53937554629190552131995290006614509705
id: 53937554629190552131995290006614509705
lower: 53937554629190552131995290006614509577
upper: 15618062003214643351512781541041391612
Result (wrap): true
2025-05-02 21:40:18 INFO  ChordProtocols:179 - Finger 7 peker n책 til: process2
2025-05-02 21:40:18 INFO  ChordProtocols:173 - Beregner fingerID for finger 8: 53937554629190552131995290006614509833
id: 53937554629190552131995290006614509833
lower: 53937554629190552131995290006614509577
upper: 15618062003214643351512781541041391612
Result (wrap): true
2025-05-02 21:40:18 INFO  ChordProtocols:179 - Finger 8 peker n책 til: process2
2025-05-02 21:40:18 INFO  ChordProtocols:173 - Beregner fingerID for finger 9: 53937554629190552131995290006614510089
id: 53937554629190552131995290006614510089
lower: 53937554629190552131995290006614509577
upper: 15618062003214643351512781541041391612
Result (wrap): true
2025-05-02 21:40:18 INFO  ChordProtocols:179 - Finger 9 peker n책 til: process2
2025-05-02 21:40:18 INFO  ChordProtocols:173 - Beregner fingerID for finger 10: 53937554629190552131995290006614510601
id: 53937554629190552131995290006614510601
lower: 53937554629190552131995290006614509577
upper: 15618062003214643351512781541041391612
Result (wrap): true
2025-05-02 21:40:18 INFO  ChordProtocols:179 - Finger 10 peker n책 til: process2
2025-05-02 21:40:18 INFO  ChordProtocols:173 - Beregner fingerID for finger 11: 53937554629190552131995290006614511625
id: 53937554629190552131995290006614511625
lower: 53937554629190552131995290006614509577
upper: 15618062003214643351512781541041391612
Result (wrap): true
2025-05-02 21:40:18 INFO  ChordProtocols:179 - Finger 11 peker n책 til: process2
2025-05-02 21:40:18 INFO  ChordProtocols:173 - Beregner fingerID for finger 12: 53937554629190552131995290006614513673
id: 53937554629190552131995290006614513673
lower: 53937554629190552131995290006614509577
upper: 15618062003214643351512781541041391612
Result (wrap): true
2025-05-02 21:40:18 INFO  ChordProtocols:179 - Finger 12 peker n책 til: process2
2025-05-02 21:40:18 INFO  ChordProtocols:173 - Beregner fingerID for finger 13: 53937554629190552131995290006614517769
id: 53937554629190552131995290006614517769
lower: 53937554629190552131995290006614509577
upper: 15618062003214643351512781541041391612
Result (wrap): true
2025-05-02 21:40:18 INFO  ChordProtocols:179 - Finger 13 peker n책 til: process2
2025-05-02 21:40:18 INFO  ChordProtocols:173 - Beregner fingerID for finger 14: 53937554629190552131995290006614525961
id: 53937554629190552131995290006614525961
lower: 53937554629190552131995290006614509577
upper: 15618062003214643351512781541041391612
Result (wrap): true
2025-05-02 21:40:18 INFO  ChordProtocols:179 - Finger 14 peker n책 til: process2
2025-05-02 21:40:18 INFO  ChordProtocols:173 - Beregner fingerID for finger 15: 53937554629190552131995290006614542345
id: 53937554629190552131995290006614542345
lower: 53937554629190552131995290006614509577
upper: 15618062003214643351512781541041391612
Result (wrap): true
2025-05-02 21:40:18 INFO  ChordProtocols:179 - Finger 15 peker n책 til: process2
2025-05-02 21:40:18 INFO  ChordProtocols:173 - Beregner fingerID for finger 16: 53937554629190552131995290006614575113
id: 53937554629190552131995290006614575113
lower: 53937554629190552131995290006614509577
upper: 15618062003214643351512781541041391612
Result (wrap): true
2025-05-02 21:40:18 INFO  ChordProtocols:179 - Finger 16 peker n책 til: process2
2025-05-02 21:40:18 INFO  ChordProtocols:173 - Beregner fingerID for finger 17: 53937554629190552131995290006614640649
id: 53937554629190552131995290006614640649
lower: 53937554629190552131995290006614509577
upper: 15618062003214643351512781541041391612
Result (wrap): true
2025-05-02 21:40:18 INFO  ChordProtocols:179 - Finger 17 peker n책 til: process2
2025-05-02 21:40:18 INFO  ChordProtocols:173 - Beregner fingerID for finger 18: 53937554629190552131995290006614771721
id: 53937554629190552131995290006614771721
lower: 53937554629190552131995290006614509577
upper: 15618062003214643351512781541041391612
Result (wrap): true
2025-05-02 21:40:18 INFO  ChordProtocols:179 - Finger 18 peker n책 til: process2
2025-05-02 21:40:18 INFO  ChordProtocols:173 - Beregner fingerID for finger 19: 53937554629190552131995290006615033865
id: 53937554629190552131995290006615033865
lower: 53937554629190552131995290006614509577
upper: 15618062003214643351512781541041391612
Result (wrap): true
2025-05-02 21:40:18 INFO  ChordProtocols:179 - Finger 19 peker n책 til: process2
2025-05-02 21:40:18 INFO  ChordProtocols:173 - Beregner fingerID for finger 20: 53937554629190552131995290006615558153
id: 53937554629190552131995290006615558153
lower: 53937554629190552131995290006614509577
upper: 15618062003214643351512781541041391612
Result (wrap): true
2025-05-02 21:40:18 INFO  ChordProtocols:179 - Finger 20 peker n책 til: process2
2025-05-02 21:40:18 INFO  ChordProtocols:173 - Beregner fingerID for finger 21: 53937554629190552131995290006616606729
id: 53937554629190552131995290006616606729
lower: 53937554629190552131995290006614509577
upper: 15618062003214643351512781541041391612
Result (wrap): true
2025-05-02 21:40:18 INFO  ChordProtocols:179 - Finger 21 peker n책 til: process2
2025-05-02 21:40:18 INFO  ChordProtocols:173 - Beregner fingerID for finger 22: 53937554629190552131995290006618703881
id: 53937554629190552131995290006618703881
lower: 53937554629190552131995290006614509577
upper: 15618062003214643351512781541041391612
Result (wrap): true
2025-05-02 21:40:18 INFO  ChordProtocols:179 - Finger 22 peker n책 til: process2
2025-05-02 21:40:18 INFO  ChordProtocols:173 - Beregner fingerID for finger 23: 53937554629190552131995290006622898185
id: 53937554629190552131995290006622898185
lower: 53937554629190552131995290006614509577
upper: 15618062003214643351512781541041391612
Result (wrap): true
2025-05-02 21:40:18 INFO  ChordProtocols:179 - Finger 23 peker n책 til: process2
2025-05-02 21:40:18 INFO  ChordProtocols:173 - Beregner fingerID for finger 24: 53937554629190552131995290006631286793
id: 53937554629190552131995290006631286793
lower: 53937554629190552131995290006614509577
upper: 15618062003214643351512781541041391612
Result (wrap): true
2025-05-02 21:40:18 INFO  ChordProtocols:179 - Finger 24 peker n책 til: process2
2025-05-02 21:40:18 INFO  ChordProtocols:173 - Beregner fingerID for finger 25: 53937554629190552131995290006648064009
id: 53937554629190552131995290006648064009
lower: 53937554629190552131995290006614509577
upper: 15618062003214643351512781541041391612
Result (wrap): true
2025-05-02 21:40:18 INFO  ChordProtocols:179 - Finger 25 peker n책 til: process2
2025-05-02 21:40:18 INFO  ChordProtocols:173 - Beregner fingerID for finger 26: 53937554629190552131995290006681618441
id: 53937554629190552131995290006681618441
lower: 53937554629190552131995290006614509577
upper: 15618062003214643351512781541041391612
Result (wrap): true
2025-05-02 21:40:18 INFO  ChordProtocols:179 - Finger 26 peker n책 til: process2
2025-05-02 21:40:18 INFO  ChordProtocols:173 - Beregner fingerID for finger 27: 53937554629190552131995290006748727305
id: 53937554629190552131995290006748727305
lower: 53937554629190552131995290006614509577
upper: 15618062003214643351512781541041391612
Result (wrap): true
2025-05-02 21:40:18 INFO  ChordProtocols:179 - Finger 27 peker n책 til: process2
2025-05-02 21:40:18 INFO  ChordProtocols:173 - Beregner fingerID for finger 28: 53937554629190552131995290006882945033
id: 53937554629190552131995290006882945033
lower: 53937554629190552131995290006614509577
upper: 15618062003214643351512781541041391612
Result (wrap): true
2025-05-02 21:40:18 INFO  ChordProtocols:179 - Finger 28 peker n책 til: process2
2025-05-02 21:40:18 INFO  ChordProtocols:173 - Beregner fingerID for finger 29: 53937554629190552131995290007151380489
id: 53937554629190552131995290007151380489
lower: 53937554629190552131995290006614509577
upper: 15618062003214643351512781541041391612
Result (wrap): true
2025-05-02 21:40:18 INFO  ChordProtocols:179 - Finger 29 peker n책 til: process2
2025-05-02 21:40:18 INFO  ChordProtocols:173 - Beregner fingerID for finger 30: 53937554629190552131995290007688251401
id: 53937554629190552131995290007688251401
lower: 53937554629190552131995290006614509577
upper: 15618062003214643351512781541041391612
Result (wrap): true
2025-05-02 21:40:18 INFO  ChordProtocols:179 - Finger 30 peker n책 til: process2
2025-05-02 21:40:18 INFO  ChordProtocols:173 - Beregner fingerID for finger 31: 53937554629190552131995290008761993225
id: 53937554629190552131995290008761993225
lower: 53937554629190552131995290006614509577
upper: 15618062003214643351512781541041391612
Result (wrap): true
2025-05-02 21:40:18 INFO  ChordProtocols:179 - Finger 31 peker n책 til: process2
2025-05-02 21:40:18 INFO  ChordProtocols:173 - Beregner fingerID for finger 32: 53937554629190552131995290010909476873
id: 53937554629190552131995290010909476873
lower: 53937554629190552131995290006614509577
upper: 15618062003214643351512781541041391612
Result (wrap): true
2025-05-02 21:40:18 INFO  ChordProtocols:179 - Finger 32 peker n책 til: process2
2025-05-02 21:40:18 INFO  ChordProtocols:173 - Beregner fingerID for finger 33: 53937554629190552131995290015204444169
id: 53937554629190552131995290015204444169
lower: 53937554629190552131995290006614509577
upper: 15618062003214643351512781541041391612
Result (wrap): true
2025-05-02 21:40:18 INFO  ChordProtocols:179 - Finger 33 peker n책 til: process2
2025-05-02 21:40:18 INFO  ChordProtocols:173 - Beregner fingerID for finger 34: 53937554629190552131995290023794378761
id: 53937554629190552131995290023794378761
lower: 53937554629190552131995290006614509577
upper: 15618062003214643351512781541041391612
Result (wrap): true
2025-05-02 21:40:18 INFO  ChordProtocols:179 - Finger 34 peker n책 til: process2
2025-05-02 21:40:18 INFO  ChordProtocols:173 - Beregner fingerID for finger 35: 53937554629190552131995290040974247945
id: 53937554629190552131995290040974247945
lower: 53937554629190552131995290006614509577
upper: 15618062003214643351512781541041391612
Result (wrap): true
2025-05-02 21:40:18 INFO  ChordProtocols:179 - Finger 35 peker n책 til: process2
2025-05-02 21:40:18 INFO  ChordProtocols:173 - Beregner fingerID for finger 36: 53937554629190552131995290075333986313
id: 53937554629190552131995290075333986313
lower: 53937554629190552131995290006614509577
upper: 15618062003214643351512781541041391612
Result (wrap): true
2025-05-02 21:40:18 INFO  ChordProtocols:179 - Finger 36 peker n책 til: process2
2025-05-02 21:40:18 INFO  ChordProtocols:173 - Beregner fingerID for finger 37: 53937554629190552131995290144053463049
id: 53937554629190552131995290144053463049
lower: 53937554629190552131995290006614509577
upper: 15618062003214643351512781541041391612
Result (wrap): true
2025-05-02 21:40:18 INFO  ChordProtocols:179 - Finger 37 peker n책 til: process2
2025-05-02 21:40:18 INFO  ChordProtocols:173 - Beregner fingerID for finger 38: 53937554629190552131995290281492416521
id: 53937554629190552131995290281492416521
lower: 53937554629190552131995290006614509577
upper: 15618062003214643351512781541041391612
Result (wrap): true
2025-05-02 21:40:18 INFO  ChordProtocols:179 - Finger 38 peker n책 til: process2
2025-05-02 21:40:18 INFO  ChordProtocols:173 - Beregner fingerID for finger 39: 53937554629190552131995290556370323465
id: 53937554629190552131995290556370323465
lower: 53937554629190552131995290006614509577
upper: 15618062003214643351512781541041391612
Result (wrap): true
2025-05-02 21:40:18 INFO  ChordProtocols:179 - Finger 39 peker n책 til: process2
2025-05-02 21:40:18 INFO  ChordProtocols:173 - Beregner fingerID for finger 40: 53937554629190552131995291106126137353
id: 53937554629190552131995291106126137353
lower: 53937554629190552131995290006614509577
upper: 15618062003214643351512781541041391612
Result (wrap): true
2025-05-02 21:40:18 INFO  ChordProtocols:179 - Finger 40 peker n책 til: process2
2025-05-02 21:40:18 INFO  ChordProtocols:173 - Beregner fingerID for finger 41: 53937554629190552131995292205637765129
id: 53937554629190552131995292205637765129
lower: 53937554629190552131995290006614509577
upper: 15618062003214643351512781541041391612
Result (wrap): true
2025-05-02 21:40:18 INFO  ChordProtocols:179 - Finger 41 peker n책 til: process2
2025-05-02 21:40:18 INFO  ChordProtocols:173 - Beregner fingerID for finger 42: 53937554629190552131995294404661020681
id: 53937554629190552131995294404661020681
lower: 53937554629190552131995290006614509577
upper: 15618062003214643351512781541041391612
Result (wrap): true
2025-05-02 21:40:18 INFO  ChordProtocols:179 - Finger 42 peker n책 til: process2
2025-05-02 21:40:18 INFO  ChordProtocols:173 - Beregner fingerID for finger 43: 53937554629190552131995298802707531785
id: 53937554629190552131995298802707531785
lower: 53937554629190552131995290006614509577
upper: 15618062003214643351512781541041391612
Result (wrap): true
2025-05-02 21:40:18 INFO  ChordProtocols:179 - Finger 43 peker n책 til: process2
2025-05-02 21:40:18 INFO  ChordProtocols:173 - Beregner fingerID for finger 44: 53937554629190552131995307598800553993
id: 53937554629190552131995307598800553993
lower: 53937554629190552131995290006614509577
upper: 15618062003214643351512781541041391612
Result (wrap): true
2025-05-02 21:40:18 INFO  ChordProtocols:179 - Finger 44 peker n책 til: process2
2025-05-02 21:40:18 INFO  ChordProtocols:173 - Beregner fingerID for finger 45: 53937554629190552131995325190986598409
id: 53937554629190552131995325190986598409
lower: 53937554629190552131995290006614509577
upper: 15618062003214643351512781541041391612
Result (wrap): true
2025-05-02 21:40:18 INFO  ChordProtocols:179 - Finger 45 peker n책 til: process2
2025-05-02 21:40:18 INFO  ChordProtocols:173 - Beregner fingerID for finger 46: 53937554629190552131995360375358687241
id: 53937554629190552131995360375358687241
lower: 53937554629190552131995290006614509577
upper: 15618062003214643351512781541041391612
Result (wrap): true
2025-05-02 21:40:18 INFO  ChordProtocols:179 - Finger 46 peker n책 til: process2
2025-05-02 21:40:18 INFO  ChordProtocols:173 - Beregner fingerID for finger 47: 53937554629190552131995430744102864905
id: 53937554629190552131995430744102864905
lower: 53937554629190552131995290006614509577
upper: 15618062003214643351512781541041391612
Result (wrap): true
2025-05-02 21:40:18 INFO  ChordProtocols:179 - Finger 47 peker n책 til: process2
2025-05-02 21:40:18 INFO  ChordProtocols:173 - Beregner fingerID for finger 48: 53937554629190552131995571481591220233
id: 53937554629190552131995571481591220233
lower: 53937554629190552131995290006614509577
upper: 15618062003214643351512781541041391612
Result (wrap): true
2025-05-02 21:40:18 INFO  ChordProtocols:179 - Finger 48 peker n책 til: process2
2025-05-02 21:40:18 INFO  ChordProtocols:173 - Beregner fingerID for finger 49: 53937554629190552131995852956567930889
id: 53937554629190552131995852956567930889
lower: 53937554629190552131995290006614509577
upper: 15618062003214643351512781541041391612
Result (wrap): true
2025-05-02 21:40:18 INFO  ChordProtocols:179 - Finger 49 peker n책 til: process2
2025-05-02 21:40:18 INFO  ChordProtocols:173 - Beregner fingerID for finger 50: 53937554629190552131996415906521352201
id: 53937554629190552131996415906521352201
lower: 53937554629190552131995290006614509577
upper: 15618062003214643351512781541041391612
Result (wrap): true
2025-05-02 21:40:18 INFO  ChordProtocols:179 - Finger 50 peker n책 til: process2
2025-05-02 21:40:18 INFO  ChordProtocols:173 - Beregner fingerID for finger 51: 53937554629190552131997541806428194825
id: 53937554629190552131997541806428194825
lower: 53937554629190552131995290006614509577
upper: 15618062003214643351512781541041391612
Result (wrap): true
2025-05-02 21:40:18 INFO  ChordProtocols:179 - Finger 51 peker n책 til: process2
2025-05-02 21:40:18 INFO  ChordProtocols:173 - Beregner fingerID for finger 52: 53937554629190552131999793606241880073
id: 53937554629190552131999793606241880073
lower: 53937554629190552131995290006614509577
upper: 15618062003214643351512781541041391612
Result (wrap): true
2025-05-02 21:40:18 INFO  ChordProtocols:179 - Finger 52 peker n책 til: process2
2025-05-02 21:40:18 INFO  ChordProtocols:173 - Beregner fingerID for finger 53: 53937554629190552132004297205869250569
id: 53937554629190552132004297205869250569
lower: 53937554629190552131995290006614509577
upper: 15618062003214643351512781541041391612
Result (wrap): true
2025-05-02 21:40:18 INFO  ChordProtocols:179 - Finger 53 peker n책 til: process2
2025-05-02 21:40:18 INFO  ChordProtocols:173 - Beregner fingerID for finger 54: 53937554629190552132013304405123991561
id: 53937554629190552132013304405123991561
lower: 53937554629190552131995290006614509577
upper: 15618062003214643351512781541041391612
Result (wrap): true
2025-05-02 21:40:18 INFO  ChordProtocols:179 - Finger 54 peker n책 til: process2
2025-05-02 21:40:18 INFO  ChordProtocols:173 - Beregner fingerID for finger 55: 53937554629190552132031318803633473545
id: 53937554629190552132031318803633473545
lower: 53937554629190552131995290006614509577
upper: 15618062003214643351512781541041391612
Result (wrap): true
2025-05-02 21:40:18 INFO  ChordProtocols:179 - Finger 55 peker n책 til: process2
2025-05-02 21:40:18 INFO  ChordProtocols:173 - Beregner fingerID for finger 56: 53937554629190552132067347600652437513
id: 53937554629190552132067347600652437513
lower: 53937554629190552131995290006614509577
upper: 15618062003214643351512781541041391612
Result (wrap): true
2025-05-02 21:40:18 INFO  ChordProtocols:179 - Finger 56 peker n책 til: process2
2025-05-02 21:40:18 INFO  ChordProtocols:173 - Beregner fingerID for finger 57: 53937554629190552132139405194690365449
id: 53937554629190552132139405194690365449
lower: 53937554629190552131995290006614509577
upper: 15618062003214643351512781541041391612
Result (wrap): true
2025-05-02 21:40:18 INFO  ChordProtocols:179 - Finger 57 peker n책 til: process2
2025-05-02 21:40:18 INFO  ChordProtocols:173 - Beregner fingerID for finger 58: 53937554629190552132283520382766221321
id: 53937554629190552132283520382766221321
lower: 53937554629190552131995290006614509577
upper: 15618062003214643351512781541041391612
Result (wrap): true
2025-05-02 21:40:18 INFO  ChordProtocols:179 - Finger 58 peker n책 til: process2
2025-05-02 21:40:18 INFO  ChordProtocols:173 - Beregner fingerID for finger 59: 53937554629190552132571750758917933065
id: 53937554629190552132571750758917933065
lower: 53937554629190552131995290006614509577
upper: 15618062003214643351512781541041391612
Result (wrap): true
2025-05-02 21:40:18 INFO  ChordProtocols:179 - Finger 59 peker n책 til: process2
2025-05-02 21:40:18 INFO  ChordProtocols:173 - Beregner fingerID for finger 60: 53937554629190552133148211511221356553
id: 53937554629190552133148211511221356553
lower: 53937554629190552131995290006614509577
upper: 15618062003214643351512781541041391612
Result (wrap): true
2025-05-02 21:40:18 INFO  ChordProtocols:179 - Finger 60 peker n책 til: process2
2025-05-02 21:40:18 INFO  ChordProtocols:173 - Beregner fingerID for finger 61: 53937554629190552134301133015828203529
id: 53937554629190552134301133015828203529
lower: 53937554629190552131995290006614509577
upper: 15618062003214643351512781541041391612
Result (wrap): true
2025-05-02 21:40:18 INFO  ChordProtocols:179 - Finger 61 peker n책 til: process2
2025-05-02 21:40:18 INFO  ChordProtocols:173 - Beregner fingerID for finger 62: 53937554629190552136606976025041897481
id: 53937554629190552136606976025041897481
lower: 53937554629190552131995290006614509577
upper: 15618062003214643351512781541041391612
Result (wrap): true
2025-05-02 21:40:18 INFO  ChordProtocols:179 - Finger 62 peker n책 til: process2
2025-05-02 21:40:18 INFO  ChordProtocols:173 - Beregner fingerID for finger 63: 53937554629190552141218662043469285385
id: 53937554629190552141218662043469285385
lower: 53937554629190552131995290006614509577
upper: 15618062003214643351512781541041391612
Result (wrap): true
2025-05-02 21:40:18 INFO  ChordProtocols:179 - Finger 63 peker n책 til: process2
2025-05-02 21:40:18 INFO  ChordProtocols:173 - Beregner fingerID for finger 64: 53937554629190552150442034080324061193
id: 53937554629190552150442034080324061193
lower: 53937554629190552131995290006614509577
upper: 15618062003214643351512781541041391612
Result (wrap): true
2025-05-02 21:40:18 INFO  ChordProtocols:179 - Finger 64 peker n책 til: process2
2025-05-02 21:40:18 INFO  ChordProtocols:173 - Beregner fingerID for finger 65: 53937554629190552168888778154033612809
id: 53937554629190552168888778154033612809
lower: 53937554629190552131995290006614509577
upper: 15618062003214643351512781541041391612
Result (wrap): true
2025-05-02 21:40:18 INFO  ChordProtocols:179 - Finger 65 peker n책 til: process2
2025-05-02 21:40:18 INFO  ChordProtocols:173 - Beregner fingerID for finger 66: 53937554629190552205782266301452716041
id: 53937554629190552205782266301452716041
lower: 53937554629190552131995290006614509577
upper: 15618062003214643351512781541041391612
Result (wrap): true
2025-05-02 21:40:18 INFO  ChordProtocols:179 - Finger 66 peker n책 til: process2
2025-05-02 21:40:18 INFO  ChordProtocols:173 - Beregner fingerID for finger 67: 53937554629190552279569242596290922505
id: 53937554629190552279569242596290922505
lower: 53937554629190552131995290006614509577
upper: 15618062003214643351512781541041391612
Result (wrap): true
2025-05-02 21:40:18 INFO  ChordProtocols:179 - Finger 67 peker n책 til: process2
2025-05-02 21:40:18 INFO  ChordProtocols:173 - Beregner fingerID for finger 68: 53937554629190552427143195185967335433
id: 53937554629190552427143195185967335433
lower: 53937554629190552131995290006614509577
upper: 15618062003214643351512781541041391612
Result (wrap): true
2025-05-02 21:40:18 INFO  ChordProtocols:179 - Finger 68 peker n책 til: process2
2025-05-02 21:40:18 INFO  ChordProtocols:173 - Beregner fingerID for finger 69: 53937554629190552722291100365320161289
id: 53937554629190552722291100365320161289
lower: 53937554629190552131995290006614509577
upper: 15618062003214643351512781541041391612
Result (wrap): true
2025-05-02 21:40:18 INFO  ChordProtocols:179 - Finger 69 peker n책 til: process2
2025-05-02 21:40:18 INFO  ChordProtocols:173 - Beregner fingerID for finger 70: 53937554629190553312586910724025813001
id: 53937554629190553312586910724025813001
lower: 53937554629190552131995290006614509577
upper: 15618062003214643351512781541041391612
Result (wrap): true
2025-05-02 21:40:18 INFO  ChordProtocols:179 - Finger 70 peker n책 til: process2
2025-05-02 21:40:18 INFO  ChordProtocols:173 - Beregner fingerID for finger 71: 53937554629190554493178531441437116425
id: 53937554629190554493178531441437116425
lower: 53937554629190552131995290006614509577
upper: 15618062003214643351512781541041391612
Result (wrap): true
2025-05-02 21:40:18 INFO  ChordProtocols:179 - Finger 71 peker n책 til: process2
2025-05-02 21:40:18 INFO  ChordProtocols:173 - Beregner fingerID for finger 72: 53937554629190556854361772876259723273
id: 53937554629190556854361772876259723273
lower: 53937554629190552131995290006614509577
upper: 15618062003214643351512781541041391612
Result (wrap): true
2025-05-02 21:40:18 INFO  ChordProtocols:179 - Finger 72 peker n책 til: process2
2025-05-02 21:40:18 INFO  ChordProtocols:173 - Beregner fingerID for finger 73: 53937554629190561576728255745904936969
id: 53937554629190561576728255745904936969
lower: 53937554629190552131995290006614509577
upper: 15618062003214643351512781541041391612
Result (wrap): true
2025-05-02 21:40:18 INFO  ChordProtocols:179 - Finger 73 peker n책 til: process2
2025-05-02 21:40:18 INFO  ChordProtocols:173 - Beregner fingerID for finger 74: 53937554629190571021461221485195364361
id: 53937554629190571021461221485195364361
lower: 53937554629190552131995290006614509577
upper: 15618062003214643351512781541041391612
Result (wrap): true
2025-05-02 21:40:18 INFO  ChordProtocols:179 - Finger 74 peker n책 til: process2
2025-05-02 21:40:18 INFO  ChordProtocols:173 - Beregner fingerID for finger 75: 53937554629190589910927152963776219145
id: 53937554629190589910927152963776219145
lower: 53937554629190552131995290006614509577
upper: 15618062003214643351512781541041391612
Result (wrap): true
2025-05-02 21:40:18 INFO  ChordProtocols:179 - Finger 75 peker n책 til: process2
2025-05-02 21:40:18 INFO  ChordProtocols:173 - Beregner fingerID for finger 76: 53937554629190627689859015920937928713
id: 53937554629190627689859015920937928713
lower: 53937554629190552131995290006614509577
upper: 15618062003214643351512781541041391612
Result (wrap): true
2025-05-02 21:40:18 INFO  ChordProtocols:179 - Finger 76 peker n책 til: process2
2025-05-02 21:40:18 INFO  ChordProtocols:173 - Beregner fingerID for finger 77: 53937554629190703247722741835261347849
id: 53937554629190703247722741835261347849
lower: 53937554629190552131995290006614509577
upper: 15618062003214643351512781541041391612
Result (wrap): true
2025-05-02 21:40:18 INFO  ChordProtocols:179 - Finger 77 peker n책 til: process2
2025-05-02 21:40:18 INFO  ChordProtocols:173 - Beregner fingerID for finger 78: 53937554629190854363450193663908186121
id: 53937554629190854363450193663908186121
lower: 53937554629190552131995290006614509577
upper: 15618062003214643351512781541041391612
Result (wrap): true
2025-05-02 21:40:18 INFO  ChordProtocols:179 - Finger 78 peker n책 til: process2
2025-05-02 21:40:18 INFO  ChordProtocols:173 - Beregner fingerID for finger 79: 53937554629191156594905097321201862665
id: 53937554629191156594905097321201862665
lower: 53937554629190552131995290006614509577
upper: 15618062003214643351512781541041391612
Result (wrap): true
2025-05-02 21:40:18 INFO  ChordProtocols:179 - Finger 79 peker n책 til: process2
2025-05-02 21:40:18 INFO  ChordProtocols:173 - Beregner fingerID for finger 80: 53937554629191761057814904635789215753
id: 53937554629191761057814904635789215753
lower: 53937554629190552131995290006614509577
upper: 15618062003214643351512781541041391612
Result (wrap): true
2025-05-02 21:40:18 INFO  ChordProtocols:179 - Finger 80 peker n책 til: process2
2025-05-02 21:40:18 INFO  ChordProtocols:173 - Beregner fingerID for finger 81: 53937554629192969983634519264963921929
id: 53937554629192969983634519264963921929
lower: 53937554629190552131995290006614509577
upper: 15618062003214643351512781541041391612
Result (wrap): true
2025-05-02 21:40:18 INFO  ChordProtocols:179 - Finger 81 peker n책 til: process2
2025-05-02 21:40:18 INFO  ChordProtocols:173 - Beregner fingerID for finger 82: 53937554629195387835273748523313334281
id: 53937554629195387835273748523313334281
lower: 53937554629190552131995290006614509577
upper: 15618062003214643351512781541041391612
Result (wrap): true
2025-05-02 21:40:18 INFO  ChordProtocols:179 - Finger 82 peker n책 til: process2
2025-05-02 21:40:18 INFO  ChordProtocols:173 - Beregner fingerID for finger 83: 53937554629200223538552207040012158985
id: 53937554629200223538552207040012158985
lower: 53937554629190552131995290006614509577
upper: 15618062003214643351512781541041391612
Result (wrap): true
2025-05-02 21:40:18 INFO  ChordProtocols:179 - Finger 83 peker n책 til: process2
2025-05-02 21:40:18 INFO  ChordProtocols:173 - Beregner fingerID for finger 84: 53937554629209894945109124073409808393
id: 53937554629209894945109124073409808393
lower: 53937554629190552131995290006614509577
upper: 15618062003214643351512781541041391612
Result (wrap): true
2025-05-02 21:40:18 INFO  ChordProtocols:179 - Finger 84 peker n책 til: process2
2025-05-02 21:40:18 INFO  ChordProtocols:173 - Beregner fingerID for finger 85: 53937554629229237758222958140205107209
id: 53937554629229237758222958140205107209
lower: 53937554629190552131995290006614509577
upper: 15618062003214643351512781541041391612
Result (wrap): true
2025-05-02 21:40:18 INFO  ChordProtocols:179 - Finger 85 peker n책 til: process2
2025-05-02 21:40:18 INFO  ChordProtocols:173 - Beregner fingerID for finger 86: 53937554629267923384450626273795704841
id: 53937554629267923384450626273795704841
lower: 53937554629190552131995290006614509577
upper: 15618062003214643351512781541041391612
Result (wrap): true
2025-05-02 21:40:18 INFO  ChordProtocols:179 - Finger 86 peker n책 til: process2
2025-05-02 21:40:18 INFO  ChordProtocols:173 - Beregner fingerID for finger 87: 53937554629345294636905962540976900105
id: 53937554629345294636905962540976900105
lower: 53937554629190552131995290006614509577
upper: 15618062003214643351512781541041391612
Result (wrap): true
2025-05-02 21:40:18 INFO  ChordProtocols:179 - Finger 87 peker n책 til: process2
2025-05-02 21:40:18 INFO  ChordProtocols:173 - Beregner fingerID for finger 88: 53937554629500037141816635075339290633
id: 53937554629500037141816635075339290633
lower: 53937554629190552131995290006614509577
upper: 15618062003214643351512781541041391612
Result (wrap): true
2025-05-02 21:40:18 INFO  ChordProtocols:179 - Finger 88 peker n책 til: process2
2025-05-02 21:40:18 INFO  ChordProtocols:173 - Beregner fingerID for finger 89: 53937554629809522151637980144064071689
id: 53937554629809522151637980144064071689
lower: 53937554629190552131995290006614509577
upper: 15618062003214643351512781541041391612
Result (wrap): true
2025-05-02 21:40:18 INFO  ChordProtocols:179 - Finger 89 peker n책 til: process2
2025-05-02 21:40:18 INFO  ChordProtocols:173 - Beregner fingerID for finger 90: 53937554630428492171280670281513633801
id: 53937554630428492171280670281513633801
lower: 53937554629190552131995290006614509577
upper: 15618062003214643351512781541041391612
Result (wrap): true
2025-05-02 21:40:18 INFO  ChordProtocols:179 - Finger 90 peker n책 til: process2
2025-05-02 21:40:18 INFO  ChordProtocols:173 - Beregner fingerID for finger 91: 53937554631666432210566050556412758025
id: 53937554631666432210566050556412758025
lower: 53937554629190552131995290006614509577
upper: 15618062003214643351512781541041391612
Result (wrap): true
2025-05-02 21:40:18 INFO  ChordProtocols:179 - Finger 91 peker n책 til: process2
2025-05-02 21:40:18 INFO  ChordProtocols:173 - Beregner fingerID for finger 92: 53937554634142312289136811106211006473
id: 53937554634142312289136811106211006473
lower: 53937554629190552131995290006614509577
upper: 15618062003214643351512781541041391612
Result (wrap): true
2025-05-02 21:40:18 INFO  ChordProtocols:179 - Finger 92 peker n책 til: process2
2025-05-02 21:40:18 INFO  ChordProtocols:173 - Beregner fingerID for finger 93: 53937554639094072446278332205807503369
id: 53937554639094072446278332205807503369
lower: 53937554629190552131995290006614509577
upper: 15618062003214643351512781541041391612
Result (wrap): true
2025-05-02 21:40:18 INFO  ChordProtocols:179 - Finger 93 peker n책 til: process2
2025-05-02 21:40:18 INFO  ChordProtocols:173 - Beregner fingerID for finger 94: 53937554648997592760561374405000497161
id: 53937554648997592760561374405000497161
lower: 53937554629190552131995290006614509577
upper: 15618062003214643351512781541041391612
Result (wrap): true
2025-05-02 21:40:18 INFO  ChordProtocols:179 - Finger 94 peker n책 til: process2
2025-05-02 21:40:18 INFO  ChordProtocols:173 - Beregner fingerID for finger 95: 53937554668804633389127458803386484745
id: 53937554668804633389127458803386484745
lower: 53937554629190552131995290006614509577
upper: 15618062003214643351512781541041391612
Result (wrap): true
2025-05-02 21:40:18 INFO  ChordProtocols:179 - Finger 95 peker n책 til: process2
2025-05-02 21:40:18 INFO  ChordProtocols:173 - Beregner fingerID for finger 96: 53937554708418714646259627600158459913
id: 53937554708418714646259627600158459913
lower: 53937554629190552131995290006614509577
upper: 15618062003214643351512781541041391612
Result (wrap): true
2025-05-02 21:40:18 INFO  ChordProtocols:179 - Finger 96 peker n책 til: process2
2025-05-02 21:40:18 INFO  ChordProtocols:173 - Beregner fingerID for finger 97: 53937554787646877160523965193702410249
id: 53937554787646877160523965193702410249
lower: 53937554629190552131995290006614509577
upper: 15618062003214643351512781541041391612
Result (wrap): true
2025-05-02 21:40:18 INFO  ChordProtocols:179 - Finger 97 peker n책 til: process2
2025-05-02 21:40:18 INFO  ChordProtocols:173 - Beregner fingerID for finger 98: 53937554946103202189052640380790310921
id: 53937554946103202189052640380790310921
lower: 53937554629190552131995290006614509577
upper: 15618062003214643351512781541041391612
Result (wrap): true
2025-05-02 21:40:18 INFO  ChordProtocols:179 - Finger 98 peker n책 til: process2
2025-05-02 21:40:18 INFO  ChordProtocols:173 - Beregner fingerID for finger 99: 53937555263015852246109990754966112265
id: 53937555263015852246109990754966112265
lower: 53937554629190552131995290006614509577
upper: 15618062003214643351512781541041391612
Result (wrap): true
2025-05-02 21:40:18 INFO  ChordProtocols:179 - Finger 99 peker n책 til: process2
2025-05-02 21:40:18 INFO  ChordProtocols:173 - Beregner fingerID for finger 100: 53937555896841152360224691503317714953
id: 53937555896841152360224691503317714953
lower: 53937554629190552131995290006614509577
upper: 15618062003214643351512781541041391612
Result (wrap): true
2025-05-02 21:40:18 INFO  ChordProtocols:179 - Finger 100 peker n책 til: process2
2025-05-02 21:40:18 INFO  ChordProtocols:173 - Beregner fingerID for finger 101: 53937557164491752588454093000020920329
id: 53937557164491752588454093000020920329
lower: 53937554629190552131995290006614509577
upper: 15618062003214643351512781541041391612
Result (wrap): true
2025-05-02 21:40:18 INFO  ChordProtocols:179 - Finger 101 peker n책 til: process2
2025-05-02 21:40:18 INFO  ChordProtocols:173 - Beregner fingerID for finger 102: 53937559699792953044912895993427331081
id: 53937559699792953044912895993427331081
lower: 53937554629190552131995290006614509577
upper: 15618062003214643351512781541041391612
Result (wrap): true
2025-05-02 21:40:18 INFO  ChordProtocols:179 - Finger 102 peker n책 til: process2
2025-05-02 21:40:18 INFO  ChordProtocols:173 - Beregner fingerID for finger 103: 53937564770395353957830501980240152585
id: 53937564770395353957830501980240152585
lower: 53937554629190552131995290006614509577
upper: 15618062003214643351512781541041391612
Result (wrap): true
2025-05-02 21:40:18 INFO  ChordProtocols:179 - Finger 103 peker n책 til: process2
2025-05-02 21:40:18 INFO  ChordProtocols:173 - Beregner fingerID for finger 104: 53937574911600155783665713953865795593
id: 53937574911600155783665713953865795593
lower: 53937554629190552131995290006614509577
upper: 15618062003214643351512781541041391612
Result (wrap): true
2025-05-02 21:40:18 INFO  ChordProtocols:179 - Finger 104 peker n책 til: process2
2025-05-02 21:40:18 INFO  ChordProtocols:173 - Beregner fingerID for finger 105: 53937595194009759435336137901117081609
id: 53937595194009759435336137901117081609
lower: 53937554629190552131995290006614509577
upper: 15618062003214643351512781541041391612
Result (wrap): true
2025-05-02 21:40:18 INFO  ChordProtocols:179 - Finger 105 peker n책 til: process2
2025-05-02 21:40:18 INFO  ChordProtocols:173 - Beregner fingerID for finger 106: 53937635758828966738676985795619653641
id: 53937635758828966738676985795619653641
lower: 53937554629190552131995290006614509577
upper: 15618062003214643351512781541041391612
Result (wrap): true
2025-05-02 21:40:18 INFO  ChordProtocols:179 - Finger 106 peker n책 til: process2
2025-05-02 21:40:18 INFO  ChordProtocols:173 - Beregner fingerID for finger 107: 53937716888467381345358681584624797705
id: 53937716888467381345358681584624797705
lower: 53937554629190552131995290006614509577
upper: 15618062003214643351512781541041391612
Result (wrap): true
2025-05-02 21:40:18 INFO  ChordProtocols:179 - Finger 107 peker n책 til: process2
2025-05-02 21:40:18 INFO  ChordProtocols:173 - Beregner fingerID for finger 108: 53937879147744210558722073162635085833
id: 53937879147744210558722073162635085833
lower: 53937554629190552131995290006614509577
upper: 15618062003214643351512781541041391612
Result (wrap): true
2025-05-02 21:40:18 INFO  ChordProtocols:179 - Finger 108 peker n책 til: process2
2025-05-02 21:40:18 INFO  ChordProtocols:173 - Beregner fingerID for finger 109: 53938203666297868985448856318655662089
id: 53938203666297868985448856318655662089
lower: 53937554629190552131995290006614509577
upper: 15618062003214643351512781541041391612
Result (wrap): true
2025-05-02 21:40:18 INFO  ChordProtocols:179 - Finger 109 peker n책 til: process2
2025-05-02 21:40:18 INFO  ChordProtocols:173 - Beregner fingerID for finger 110: 53938852703405185838902422630696814601
id: 53938852703405185838902422630696814601
lower: 53937554629190552131995290006614509577
upper: 15618062003214643351512781541041391612
Result (wrap): true
2025-05-02 21:40:18 INFO  ChordProtocols:179 - Finger 110 peker n책 til: process2
2025-05-02 21:40:18 INFO  ChordProtocols:173 - Beregner fingerID for finger 111: 53940150777619819545809555254779119625
id: 53940150777619819545809555254779119625
lower: 53937554629190552131995290006614509577
upper: 15618062003214643351512781541041391612
Result (wrap): true
2025-05-02 21:40:18 INFO  ChordProtocols:179 - Finger 111 peker n책 til: process2
2025-05-02 21:40:18 INFO  ChordProtocols:173 - Beregner fingerID for finger 112: 53942746926049086959623820502943729673
id: 53942746926049086959623820502943729673
lower: 53937554629190552131995290006614509577
upper: 15618062003214643351512781541041391612
Result (wrap): true
2025-05-02 21:40:18 INFO  ChordProtocols:179 - Finger 112 peker n책 til: process2
2025-05-02 21:40:18 INFO  ChordProtocols:173 - Beregner fingerID for finger 113: 53947939222907621787252350999272949769
id: 53947939222907621787252350999272949769
lower: 53937554629190552131995290006614509577
upper: 15618062003214643351512781541041391612
Result (wrap): true
2025-05-02 21:40:18 INFO  ChordProtocols:179 - Finger 113 peker n책 til: process2
2025-05-02 21:40:18 INFO  ChordProtocols:173 - Beregner fingerID for finger 114: 53958323816624691442509411991931389961
id: 53958323816624691442509411991931389961
lower: 53937554629190552131995290006614509577
upper: 15618062003214643351512781541041391612
Result (wrap): true
2025-05-02 21:40:18 INFO  ChordProtocols:179 - Finger 114 peker n책 til: process2
2025-05-02 21:40:18 INFO  ChordProtocols:173 - Beregner fingerID for finger 115: 53979093004058830753023533977248270345
id: 53979093004058830753023533977248270345
lower: 53937554629190552131995290006614509577
upper: 15618062003214643351512781541041391612
Result (wrap): true
2025-05-02 21:40:18 INFO  ChordProtocols:179 - Finger 115 peker n책 til: process2
2025-05-02 21:40:18 INFO  ChordProtocols:173 - Beregner fingerID for finger 116: 54020631378927109374051777947882031113
id: 54020631378927109374051777947882031113
lower: 53937554629190552131995290006614509577
upper: 15618062003214643351512781541041391612
Result (wrap): true
2025-05-02 21:40:18 INFO  ChordProtocols:179 - Finger 116 peker n책 til: process2
2025-05-02 21:40:18 INFO  ChordProtocols:173 - Beregner fingerID for finger 117: 54103708128663666616108265889149552649
id: 54103708128663666616108265889149552649
lower: 53937554629190552131995290006614509577
upper: 15618062003214643351512781541041391612
Result (wrap): true
2025-05-02 21:40:18 INFO  ChordProtocols:179 - Finger 117 peker n책 til: process2
2025-05-02 21:40:18 INFO  ChordProtocols:173 - Beregner fingerID for finger 118: 54269861628136781100221241771684595721
id: 54269861628136781100221241771684595721
lower: 53937554629190552131995290006614509577
upper: 15618062003214643351512781541041391612
Result (wrap): true
2025-05-02 21:40:18 INFO  ChordProtocols:179 - Finger 118 peker n책 til: process2
2025-05-02 21:40:18 INFO  ChordProtocols:173 - Beregner fingerID for finger 119: 54602168627083010068447193536754681865
id: 54602168627083010068447193536754681865
lower: 53937554629190552131995290006614509577
upper: 15618062003214643351512781541041391612
Result (wrap): true
2025-05-02 21:40:18 INFO  ChordProtocols:179 - Finger 119 peker n책 til: process2
2025-05-02 21:40:18 INFO  ChordProtocols:173 - Beregner fingerID for finger 120: 55266782624975468004899097066894854153
id: 55266782624975468004899097066894854153
lower: 53937554629190552131995290006614509577
upper: 15618062003214643351512781541041391612
Result (wrap): true
2025-05-02 21:40:18 INFO  ChordProtocols:179 - Finger 120 peker n책 til: process2
2025-05-02 21:40:18 INFO  ChordProtocols:173 - Beregner fingerID for finger 121: 56596010620760383877802904127175198729
id: 56596010620760383877802904127175198729
lower: 53937554629190552131995290006614509577
upper: 15618062003214643351512781541041391612
Result (wrap): true
2025-05-02 21:40:18 INFO  ChordProtocols:179 - Finger 121 peker n책 til: process2
2025-05-02 21:40:18 INFO  ChordProtocols:173 - Beregner fingerID for finger 122: 59254466612330215623610518247735887881
id: 59254466612330215623610518247735887881
lower: 53937554629190552131995290006614509577
upper: 15618062003214643351512781541041391612
Result (wrap): true
2025-05-02 21:40:18 INFO  ChordProtocols:179 - Finger 122 peker n책 til: process2
2025-05-02 21:40:18 INFO  ChordProtocols:173 - Beregner fingerID for finger 123: 64571378595469879115225746488857266185
id: 64571378595469879115225746488857266185
lower: 53937554629190552131995290006614509577
upper: 15618062003214643351512781541041391612
Result (wrap): true
2025-05-02 21:40:18 INFO  ChordProtocols:179 - Finger 123 peker n책 til: process2
2025-05-02 21:40:18 INFO  ChordProtocols:173 - Beregner fingerID for finger 124: 75205202561749206098456202971100022793
id: 75205202561749206098456202971100022793
lower: 53937554629190552131995290006614509577
upper: 15618062003214643351512781541041391612
Result (wrap): true
2025-05-02 21:40:18 INFO  ChordProtocols:179 - Finger 124 peker n책 til: process2
2025-05-02 21:40:18 INFO  ChordProtocols:173 - Beregner fingerID for finger 125: 96472850494307860064917115935585536009
id: 96472850494307860064917115935585536009
lower: 53937554629190552131995290006614509577
upper: 15618062003214643351512781541041391612
Result (wrap): true
2025-05-02 21:40:18 INFO  ChordProtocols:179 - Finger 125 peker n책 til: process2
2025-05-02 21:40:18 INFO  ChordProtocols:173 - Beregner fingerID for finger 126: 139008146359425167997838941864556562441
id: 139008146359425167997838941864556562441
lower: 53937554629190552131995290006614509577
upper: 15618062003214643351512781541041391612
Result (wrap): true
2025-05-02 21:40:18 INFO  ChordProtocols:179 - Finger 126 peker n책 til: process2
2025-05-02 21:40:18 INFO  ChordProtocols:173 - Beregner fingerID for finger 127: 224078738089659783863682593722498615305
id: 224078738089659783863682593722498615305
lower: 53937554629190552131995290006614509577
upper: 15618062003214643351512781541041391612
Result (wrap): true
2025-05-02 21:40:18 INFO  ChordProtocols:179 - Finger 127 peker n책 til: process2
2025-05-02 21:40:18 INFO  StabilizationProtocols:60 - Checking the predecessor for Node: process1
==================================
Node Identifier = 53937554629190552131995290006614509577
Node IP address = process1
successor(process1) = process2
predecessor(process1) = process2
Current File keys for process1 => []
==================================
2025-05-02 21:40:20 INFO  NodeServer:50 - process4 server is running... 
process1:9091
2025-05-02 21:40:20 INFO  ChordProtocols:68 - JoinRing-randomNode = process1
id: 210821560651360572675896360671414673172
lower: 53937554629190552131995290006614509577
upper: 15618062003214643351512781541041391612
Result (wrap): true
id: 210821560651360572675896360671414673172
lower: 53937554629190552131995290006614509578
upper: 15618062003214643351512781541041391613
Result (wrap): true
2025-05-02 21:40:20 INFO  ChordProtocols:159 - Oppdaterer FingerTable for Node: process4
2025-05-02 21:40:20 INFO  ChordProtocols:173 - Beregner fingerID for finger 0: 210821560651360572675896360671414673173
id: 210821560651360572675896360671414673173
lower: 210821560651360572675896360671414673172
upper: 15618062003214643351512781541041391612
Result (wrap): true
2025-05-02 21:40:20 INFO  ChordProtocols:179 - Finger 0 peker n책 til: process2
2025-05-02 21:40:20 INFO  ChordProtocols:173 - Beregner fingerID for finger 1: 210821560651360572675896360671414673174
id: 210821560651360572675896360671414673174
lower: 210821560651360572675896360671414673172
upper: 15618062003214643351512781541041391612
Result (wrap): true
2025-05-02 21:40:20 INFO  ChordProtocols:179 - Finger 1 peker n책 til: process2
2025-05-02 21:40:20 INFO  ChordProtocols:173 - Beregner fingerID for finger 2: 210821560651360572675896360671414673176
id: 210821560651360572675896360671414673176
lower: 210821560651360572675896360671414673172
upper: 15618062003214643351512781541041391612
Result (wrap): true
2025-05-02 21:40:20 INFO  ChordProtocols:179 - Finger 2 peker n책 til: process2
2025-05-02 21:40:20 INFO  ChordProtocols:173 - Beregner fingerID for finger 3: 210821560651360572675896360671414673180
id: 210821560651360572675896360671414673180
lower: 210821560651360572675896360671414673172
upper: 15618062003214643351512781541041391612
Result (wrap): true
2025-05-02 21:40:20 INFO  ChordProtocols:179 - Finger 3 peker n책 til: process2
2025-05-02 21:40:20 INFO  ChordProtocols:173 - Beregner fingerID for finger 4: 210821560651360572675896360671414673188
id: 210821560651360572675896360671414673188
lower: 210821560651360572675896360671414673172
upper: 15618062003214643351512781541041391612
Result (wrap): true
2025-05-02 21:40:20 INFO  ChordProtocols:179 - Finger 4 peker n책 til: process2
2025-05-02 21:40:20 INFO  ChordProtocols:173 - Beregner fingerID for finger 5: 210821560651360572675896360671414673204
id: 210821560651360572675896360671414673204
lower: 210821560651360572675896360671414673172
upper: 15618062003214643351512781541041391612
Result (wrap): true
2025-05-02 21:40:20 INFO  ChordProtocols:179 - Finger 5 peker n책 til: process2
2025-05-02 21:40:20 INFO  ChordProtocols:173 - Beregner fingerID for finger 6: 210821560651360572675896360671414673236
id: 210821560651360572675896360671414673236
lower: 210821560651360572675896360671414673172
upper: 15618062003214643351512781541041391612
Result (wrap): true
2025-05-02 21:40:20 INFO  ChordProtocols:179 - Finger 6 peker n책 til: process2
2025-05-02 21:40:20 INFO  ChordProtocols:173 - Beregner fingerID for finger 7: 210821560651360572675896360671414673300
id: 210821560651360572675896360671414673300
lower: 210821560651360572675896360671414673172
upper: 15618062003214643351512781541041391612
Result (wrap): true
2025-05-02 21:40:20 INFO  ChordProtocols:179 - Finger 7 peker n책 til: process2
2025-05-02 21:40:20 INFO  ChordProtocols:173 - Beregner fingerID for finger 8: 210821560651360572675896360671414673428
id: 210821560651360572675896360671414673428
lower: 210821560651360572675896360671414673172
upper: 15618062003214643351512781541041391612
Result (wrap): true
2025-05-02 21:40:20 INFO  ChordProtocols:179 - Finger 8 peker n책 til: process2
2025-05-02 21:40:20 INFO  ChordProtocols:173 - Beregner fingerID for finger 9: 210821560651360572675896360671414673684
id: 210821560651360572675896360671414673684
lower: 210821560651360572675896360671414673172
upper: 15618062003214643351512781541041391612
Result (wrap): true
2025-05-02 21:40:20 INFO  ChordProtocols:179 - Finger 9 peker n책 til: process2
2025-05-02 21:40:20 INFO  ChordProtocols:173 - Beregner fingerID for finger 10: 210821560651360572675896360671414674196
id: 210821560651360572675896360671414674196
lower: 210821560651360572675896360671414673172
upper: 15618062003214643351512781541041391612
Result (wrap): true
2025-05-02 21:40:20 INFO  ChordProtocols:179 - Finger 10 peker n책 til: process2
2025-05-02 21:40:20 INFO  ChordProtocols:173 - Beregner fingerID for finger 11: 210821560651360572675896360671414675220
id: 210821560651360572675896360671414675220
lower: 210821560651360572675896360671414673172
upper: 15618062003214643351512781541041391612
Result (wrap): true
2025-05-02 21:40:20 INFO  ChordProtocols:179 - Finger 11 peker n책 til: process2
2025-05-02 21:40:20 INFO  ChordProtocols:173 - Beregner fingerID for finger 12: 210821560651360572675896360671414677268
id: 210821560651360572675896360671414677268
lower: 210821560651360572675896360671414673172
upper: 15618062003214643351512781541041391612
Result (wrap): true
2025-05-02 21:40:20 INFO  ChordProtocols:179 - Finger 12 peker n책 til: process2
2025-05-02 21:40:20 INFO  ChordProtocols:173 - Beregner fingerID for finger 13: 210821560651360572675896360671414681364
id: 210821560651360572675896360671414681364
lower: 210821560651360572675896360671414673172
upper: 15618062003214643351512781541041391612
Result (wrap): true
2025-05-02 21:40:20 INFO  ChordProtocols:179 - Finger 13 peker n책 til: process2
2025-05-02 21:40:20 INFO  ChordProtocols:173 - Beregner fingerID for finger 14: 210821560651360572675896360671414689556
id: 210821560651360572675896360671414689556
lower: 210821560651360572675896360671414673172
upper: 15618062003214643351512781541041391612
Result (wrap): true
2025-05-02 21:40:20 INFO  ChordProtocols:179 - Finger 14 peker n책 til: process2
2025-05-02 21:40:20 INFO  ChordProtocols:173 - Beregner fingerID for finger 15: 210821560651360572675896360671414705940
id: 210821560651360572675896360671414705940
lower: 210821560651360572675896360671414673172
upper: 15618062003214643351512781541041391612
Result (wrap): true
2025-05-02 21:40:20 INFO  ChordProtocols:179 - Finger 15 peker n책 til: process2
2025-05-02 21:40:20 INFO  ChordProtocols:173 - Beregner fingerID for finger 16: 210821560651360572675896360671414738708
id: 210821560651360572675896360671414738708
lower: 210821560651360572675896360671414673172
upper: 15618062003214643351512781541041391612
Result (wrap): true
2025-05-02 21:40:20 INFO  ChordProtocols:179 - Finger 16 peker n책 til: process2
2025-05-02 21:40:20 INFO  ChordProtocols:173 - Beregner fingerID for finger 17: 210821560651360572675896360671414804244
id: 210821560651360572675896360671414804244
lower: 210821560651360572675896360671414673172
upper: 15618062003214643351512781541041391612
Result (wrap): true
2025-05-02 21:40:20 INFO  ChordProtocols:179 - Finger 17 peker n책 til: process2
2025-05-02 21:40:20 INFO  ChordProtocols:173 - Beregner fingerID for finger 18: 210821560651360572675896360671414935316
id: 210821560651360572675896360671414935316
lower: 210821560651360572675896360671414673172
upper: 15618062003214643351512781541041391612
Result (wrap): true
2025-05-02 21:40:20 INFO  ChordProtocols:179 - Finger 18 peker n책 til: process2
2025-05-02 21:40:20 INFO  ChordProtocols:173 - Beregner fingerID for finger 19: 210821560651360572675896360671415197460
id: 210821560651360572675896360671415197460
lower: 210821560651360572675896360671414673172
upper: 15618062003214643351512781541041391612
Result (wrap): true
2025-05-02 21:40:20 INFO  ChordProtocols:179 - Finger 19 peker n책 til: process2
2025-05-02 21:40:20 INFO  ChordProtocols:173 - Beregner fingerID for finger 20: 210821560651360572675896360671415721748
id: 210821560651360572675896360671415721748
lower: 210821560651360572675896360671414673172
upper: 15618062003214643351512781541041391612
Result (wrap): true
2025-05-02 21:40:20 INFO  ChordProtocols:179 - Finger 20 peker n책 til: process2
2025-05-02 21:40:20 INFO  ChordProtocols:173 - Beregner fingerID for finger 21: 210821560651360572675896360671416770324
id: 210821560651360572675896360671416770324
lower: 210821560651360572675896360671414673172
upper: 15618062003214643351512781541041391612
Result (wrap): true
2025-05-02 21:40:20 INFO  ChordProtocols:179 - Finger 21 peker n책 til: process2
2025-05-02 21:40:20 INFO  ChordProtocols:173 - Beregner fingerID for finger 22: 210821560651360572675896360671418867476
id: 210821560651360572675896360671418867476
lower: 210821560651360572675896360671414673172
upper: 15618062003214643351512781541041391612
Result (wrap): true
2025-05-02 21:40:20 INFO  ChordProtocols:179 - Finger 22 peker n책 til: process2
2025-05-02 21:40:20 INFO  ChordProtocols:173 - Beregner fingerID for finger 23: 210821560651360572675896360671423061780
id: 210821560651360572675896360671423061780
lower: 210821560651360572675896360671414673172
upper: 15618062003214643351512781541041391612
Result (wrap): true
2025-05-02 21:40:20 INFO  ChordProtocols:179 - Finger 23 peker n책 til: process2
2025-05-02 21:40:20 INFO  ChordProtocols:173 - Beregner fingerID for finger 24: 210821560651360572675896360671431450388
id: 210821560651360572675896360671431450388
lower: 210821560651360572675896360671414673172
upper: 15618062003214643351512781541041391612
Result (wrap): true
2025-05-02 21:40:20 INFO  ChordProtocols:179 - Finger 24 peker n책 til: process2
2025-05-02 21:40:20 INFO  ChordProtocols:173 - Beregner fingerID for finger 25: 210821560651360572675896360671448227604
id: 210821560651360572675896360671448227604
lower: 210821560651360572675896360671414673172
upper: 15618062003214643351512781541041391612
Result (wrap): true
2025-05-02 21:40:20 INFO  ChordProtocols:179 - Finger 25 peker n책 til: process2
2025-05-02 21:40:20 INFO  ChordProtocols:173 - Beregner fingerID for finger 26: 210821560651360572675896360671481782036
id: 210821560651360572675896360671481782036
lower: 210821560651360572675896360671414673172
upper: 15618062003214643351512781541041391612
Result (wrap): true
2025-05-02 21:40:20 INFO  ChordProtocols:179 - Finger 26 peker n책 til: process2
2025-05-02 21:40:20 INFO  ChordProtocols:173 - Beregner fingerID for finger 27: 210821560651360572675896360671548890900
id: 210821560651360572675896360671548890900
lower: 210821560651360572675896360671414673172
upper: 15618062003214643351512781541041391612
Result (wrap): true
2025-05-02 21:40:20 INFO  ChordProtocols:179 - Finger 27 peker n책 til: process2
2025-05-02 21:40:20 INFO  ChordProtocols:173 - Beregner fingerID for finger 28: 210821560651360572675896360671683108628
id: 210821560651360572675896360671683108628
lower: 210821560651360572675896360671414673172
upper: 15618062003214643351512781541041391612
Result (wrap): true
2025-05-02 21:40:20 INFO  ChordProtocols:179 - Finger 28 peker n책 til: process2
2025-05-02 21:40:20 INFO  ChordProtocols:173 - Beregner fingerID for finger 29: 210821560651360572675896360671951544084
id: 210821560651360572675896360671951544084
lower: 210821560651360572675896360671414673172
upper: 15618062003214643351512781541041391612
Result (wrap): true
2025-05-02 21:40:20 INFO  ChordProtocols:179 - Finger 29 peker n책 til: process2
2025-05-02 21:40:20 INFO  ChordProtocols:173 - Beregner fingerID for finger 30: 210821560651360572675896360672488414996
id: 210821560651360572675896360672488414996
lower: 210821560651360572675896360671414673172
upper: 15618062003214643351512781541041391612
Result (wrap): true
2025-05-02 21:40:20 INFO  ChordProtocols:179 - Finger 30 peker n책 til: process2
2025-05-02 21:40:20 INFO  ChordProtocols:173 - Beregner fingerID for finger 31: 210821560651360572675896360673562156820
id: 210821560651360572675896360673562156820
lower: 210821560651360572675896360671414673172
upper: 15618062003214643351512781541041391612
Result (wrap): true
2025-05-02 21:40:20 INFO  ChordProtocols:179 - Finger 31 peker n책 til: process2
2025-05-02 21:40:20 INFO  ChordProtocols:173 - Beregner fingerID for finger 32: 210821560651360572675896360675709640468
id: 210821560651360572675896360675709640468
lower: 210821560651360572675896360671414673172
upper: 15618062003214643351512781541041391612
Result (wrap): true
2025-05-02 21:40:20 INFO  ChordProtocols:179 - Finger 32 peker n책 til: process2
2025-05-02 21:40:20 INFO  ChordProtocols:173 - Beregner fingerID for finger 33: 210821560651360572675896360680004607764
id: 210821560651360572675896360680004607764
lower: 210821560651360572675896360671414673172
upper: 15618062003214643351512781541041391612
Result (wrap): true
2025-05-02 21:40:20 INFO  ChordProtocols:179 - Finger 33 peker n책 til: process2
2025-05-02 21:40:20 INFO  ChordProtocols:173 - Beregner fingerID for finger 34: 210821560651360572675896360688594542356
id: 210821560651360572675896360688594542356
lower: 210821560651360572675896360671414673172
upper: 15618062003214643351512781541041391612
Result (wrap): true
2025-05-02 21:40:20 INFO  ChordProtocols:179 - Finger 34 peker n책 til: process2
2025-05-02 21:40:20 INFO  ChordProtocols:173 - Beregner fingerID for finger 35: 210821560651360572675896360705774411540
id: 210821560651360572675896360705774411540
lower: 210821560651360572675896360671414673172
upper: 15618062003214643351512781541041391612
Result (wrap): true
2025-05-02 21:40:20 INFO  ChordProtocols:179 - Finger 35 peker n책 til: process2
2025-05-02 21:40:20 INFO  ChordProtocols:173 - Beregner fingerID for finger 36: 210821560651360572675896360740134149908
id: 210821560651360572675896360740134149908
lower: 210821560651360572675896360671414673172
upper: 15618062003214643351512781541041391612
Result (wrap): true
2025-05-02 21:40:20 INFO  ChordProtocols:179 - Finger 36 peker n책 til: process2
2025-05-02 21:40:20 INFO  ChordProtocols:173 - Beregner fingerID for finger 37: 210821560651360572675896360808853626644
id: 210821560651360572675896360808853626644
lower: 210821560651360572675896360671414673172
upper: 15618062003214643351512781541041391612
Result (wrap): true
2025-05-02 21:40:20 INFO  ChordProtocols:179 - Finger 37 peker n책 til: process2
2025-05-02 21:40:20 INFO  ChordProtocols:173 - Beregner fingerID for finger 38: 210821560651360572675896360946292580116
id: 210821560651360572675896360946292580116
lower: 210821560651360572675896360671414673172
upper: 15618062003214643351512781541041391612
Result (wrap): true
2025-05-02 21:40:20 INFO  ChordProtocols:179 - Finger 38 peker n책 til: process2
2025-05-02 21:40:20 INFO  ChordProtocols:173 - Beregner fingerID for finger 39: 210821560651360572675896361221170487060
id: 210821560651360572675896361221170487060
lower: 210821560651360572675896360671414673172
upper: 15618062003214643351512781541041391612
Result (wrap): true
2025-05-02 21:40:20 INFO  ChordProtocols:179 - Finger 39 peker n책 til: process2
2025-05-02 21:40:20 INFO  ChordProtocols:173 - Beregner fingerID for finger 40: 210821560651360572675896361770926300948
id: 210821560651360572675896361770926300948
lower: 210821560651360572675896360671414673172
upper: 15618062003214643351512781541041391612
Result (wrap): true
2025-05-02 21:40:20 INFO  ChordProtocols:179 - Finger 40 peker n책 til: process2
2025-05-02 21:40:20 INFO  ChordProtocols:173 - Beregner fingerID for finger 41: 210821560651360572675896362870437928724
id: 210821560651360572675896362870437928724
lower: 210821560651360572675896360671414673172
upper: 15618062003214643351512781541041391612
Result (wrap): true
2025-05-02 21:40:20 INFO  ChordProtocols:179 - Finger 41 peker n책 til: process2
2025-05-02 21:40:20 INFO  ChordProtocols:173 - Beregner fingerID for finger 42: 210821560651360572675896365069461184276
id: 210821560651360572675896365069461184276
lower: 210821560651360572675896360671414673172
upper: 15618062003214643351512781541041391612
Result (wrap): true
2025-05-02 21:40:20 INFO  ChordProtocols:179 - Finger 42 peker n책 til: process2
2025-05-02 21:40:20 INFO  ChordProtocols:173 - Beregner fingerID for finger 43: 210821560651360572675896369467507695380
id: 210821560651360572675896369467507695380
lower: 210821560651360572675896360671414673172
upper: 15618062003214643351512781541041391612
Result (wrap): true
2025-05-02 21:40:20 INFO  ChordProtocols:179 - Finger 43 peker n책 til: process2
2025-05-02 21:40:20 INFO  ChordProtocols:173 - Beregner fingerID for finger 44: 210821560651360572675896378263600717588
id: 210821560651360572675896378263600717588
lower: 210821560651360572675896360671414673172
upper: 15618062003214643351512781541041391612
Result (wrap): true
2025-05-02 21:40:20 INFO  ChordProtocols:179 - Finger 44 peker n책 til: process2
2025-05-02 21:40:20 INFO  ChordProtocols:173 - Beregner fingerID for finger 45: 210821560651360572675896395855786762004
id: 210821560651360572675896395855786762004
lower: 210821560651360572675896360671414673172
upper: 15618062003214643351512781541041391612
Result (wrap): true
2025-05-02 21:40:20 INFO  ChordProtocols:179 - Finger 45 peker n책 til: process2
2025-05-02 21:40:20 INFO  ChordProtocols:173 - Beregner fingerID for finger 46: 210821560651360572675896431040158850836
id: 210821560651360572675896431040158850836
lower: 210821560651360572675896360671414673172
upper: 15618062003214643351512781541041391612
Result (wrap): true
2025-05-02 21:40:20 INFO  ChordProtocols:179 - Finger 46 peker n책 til: process2
2025-05-02 21:40:20 INFO  ChordProtocols:173 - Beregner fingerID for finger 47: 210821560651360572675896501408903028500
id: 210821560651360572675896501408903028500
lower: 210821560651360572675896360671414673172
upper: 15618062003214643351512781541041391612
Result (wrap): true
2025-05-02 21:40:20 INFO  ChordProtocols:179 - Finger 47 peker n책 til: process2
2025-05-02 21:40:20 INFO  ChordProtocols:173 - Beregner fingerID for finger 48: 210821560651360572675896642146391383828
id: 210821560651360572675896642146391383828
lower: 210821560651360572675896360671414673172
upper: 15618062003214643351512781541041391612
Result (wrap): true
2025-05-02 21:40:20 INFO  ChordProtocols:179 - Finger 48 peker n책 til: process2
2025-05-02 21:40:20 INFO  ChordProtocols:173 - Beregner fingerID for finger 49: 210821560651360572675896923621368094484
id: 210821560651360572675896923621368094484
lower: 210821560651360572675896360671414673172
upper: 15618062003214643351512781541041391612
Result (wrap): true
2025-05-02 21:40:20 INFO  ChordProtocols:179 - Finger 49 peker n책 til: process2
2025-05-02 21:40:20 INFO  ChordProtocols:173 - Beregner fingerID for finger 50: 210821560651360572675897486571321515796
id: 210821560651360572675897486571321515796
lower: 210821560651360572675896360671414673172
upper: 15618062003214643351512781541041391612
Result (wrap): true
2025-05-02 21:40:20 INFO  ChordProtocols:179 - Finger 50 peker n책 til: process2
2025-05-02 21:40:20 INFO  ChordProtocols:173 - Beregner fingerID for finger 51: 210821560651360572675898612471228358420
id: 210821560651360572675898612471228358420
lower: 210821560651360572675896360671414673172
upper: 15618062003214643351512781541041391612
Result (wrap): true
2025-05-02 21:40:20 INFO  ChordProtocols:179 - Finger 51 peker n책 til: process2
2025-05-02 21:40:20 INFO  ChordProtocols:173 - Beregner fingerID for finger 52: 210821560651360572675900864271042043668
id: 210821560651360572675900864271042043668
lower: 210821560651360572675896360671414673172
upper: 15618062003214643351512781541041391612
Result (wrap): true
2025-05-02 21:40:20 INFO  ChordProtocols:179 - Finger 52 peker n책 til: process2
2025-05-02 21:40:20 INFO  ChordProtocols:173 - Beregner fingerID for finger 53: 210821560651360572675905367870669414164
id: 210821560651360572675905367870669414164
lower: 210821560651360572675896360671414673172
upper: 15618062003214643351512781541041391612
Result (wrap): true
2025-05-02 21:40:20 INFO  ChordProtocols:179 - Finger 53 peker n책 til: process2
2025-05-02 21:40:20 INFO  ChordProtocols:173 - Beregner fingerID for finger 54: 210821560651360572675914375069924155156
id: 210821560651360572675914375069924155156
lower: 210821560651360572675896360671414673172
upper: 15618062003214643351512781541041391612
Result (wrap): true
2025-05-02 21:40:20 INFO  ChordProtocols:179 - Finger 54 peker n책 til: process2
2025-05-02 21:40:20 INFO  ChordProtocols:173 - Beregner fingerID for finger 55: 210821560651360572675932389468433637140
id: 210821560651360572675932389468433637140
lower: 210821560651360572675896360671414673172
upper: 15618062003214643351512781541041391612
Result (wrap): true
2025-05-02 21:40:20 INFO  ChordProtocols:179 - Finger 55 peker n책 til: process2
2025-05-02 21:40:20 INFO  ChordProtocols:173 - Beregner fingerID for finger 56: 210821560651360572675968418265452601108
id: 210821560651360572675968418265452601108
lower: 210821560651360572675896360671414673172
upper: 15618062003214643351512781541041391612
Result (wrap): true
2025-05-02 21:40:20 INFO  ChordProtocols:179 - Finger 56 peker n책 til: process2
2025-05-02 21:40:20 INFO  ChordProtocols:173 - Beregner fingerID for finger 57: 210821560651360572676040475859490529044
id: 210821560651360572676040475859490529044
lower: 210821560651360572675896360671414673172
upper: 15618062003214643351512781541041391612
Result (wrap): true
2025-05-02 21:40:20 INFO  ChordProtocols:179 - Finger 57 peker n책 til: process2
2025-05-02 21:40:20 INFO  ChordProtocols:173 - Beregner fingerID for finger 58: 210821560651360572676184591047566384916
id: 210821560651360572676184591047566384916
lower: 210821560651360572675896360671414673172
upper: 15618062003214643351512781541041391612
Result (wrap): true
2025-05-02 21:40:20 INFO  ChordProtocols:179 - Finger 58 peker n책 til: process2
2025-05-02 21:40:20 INFO  ChordProtocols:173 - Beregner fingerID for finger 59: 210821560651360572676472821423718096660
id: 210821560651360572676472821423718096660
lower: 210821560651360572675896360671414673172
upper: 15618062003214643351512781541041391612
Result (wrap): true
2025-05-02 21:40:20 INFO  ChordProtocols:179 - Finger 59 peker n책 til: process2
2025-05-02 21:40:20 INFO  ChordProtocols:173 - Beregner fingerID for finger 60: 210821560651360572677049282176021520148
id: 210821560651360572677049282176021520148
lower: 210821560651360572675896360671414673172
upper: 15618062003214643351512781541041391612
Result (wrap): true
2025-05-02 21:40:20 INFO  ChordProtocols:179 - Finger 60 peker n책 til: process2
2025-05-02 21:40:20 INFO  ChordProtocols:173 - Beregner fingerID for finger 61: 210821560651360572678202203680628367124
id: 210821560651360572678202203680628367124
lower: 210821560651360572675896360671414673172
upper: 15618062003214643351512781541041391612
Result (wrap): true
2025-05-02 21:40:20 INFO  ChordProtocols:179 - Finger 61 peker n책 til: process2
2025-05-02 21:40:20 INFO  ChordProtocols:173 - Beregner fingerID for finger 62: 210821560651360572680508046689842061076
id: 210821560651360572680508046689842061076
lower: 210821560651360572675896360671414673172
upper: 15618062003214643351512781541041391612
Result (wrap): true
2025-05-02 21:40:20 INFO  ChordProtocols:179 - Finger 62 peker n책 til: process2
2025-05-02 21:40:20 INFO  ChordProtocols:173 - Beregner fingerID for finger 63: 210821560651360572685119732708269448980
id: 210821560651360572685119732708269448980
lower: 210821560651360572675896360671414673172
upper: 15618062003214643351512781541041391612
Result (wrap): true
2025-05-02 21:40:20 INFO  ChordProtocols:179 - Finger 63 peker n책 til: process2
2025-05-02 21:40:20 INFO  ChordProtocols:173 - Beregner fingerID for finger 64: 210821560651360572694343104745124224788
id: 210821560651360572694343104745124224788
lower: 210821560651360572675896360671414673172
upper: 15618062003214643351512781541041391612
Result (wrap): true
2025-05-02 21:40:20 INFO  ChordProtocols:179 - Finger 64 peker n책 til: process2
2025-05-02 21:40:20 INFO  ChordProtocols:173 - Beregner fingerID for finger 65: 210821560651360572712789848818833776404
id: 210821560651360572712789848818833776404
lower: 210821560651360572675896360671414673172
upper: 15618062003214643351512781541041391612
Result (wrap): true
2025-05-02 21:40:20 INFO  ChordProtocols:179 - Finger 65 peker n책 til: process2
2025-05-02 21:40:20 INFO  ChordProtocols:173 - Beregner fingerID for finger 66: 210821560651360572749683336966252879636
id: 210821560651360572749683336966252879636
lower: 210821560651360572675896360671414673172
upper: 15618062003214643351512781541041391612
Result (wrap): true
2025-05-02 21:40:20 INFO  ChordProtocols:179 - Finger 66 peker n책 til: process2
2025-05-02 21:40:20 INFO  ChordProtocols:173 - Beregner fingerID for finger 67: 210821560651360572823470313261091086100
id: 210821560651360572823470313261091086100
lower: 210821560651360572675896360671414673172
upper: 15618062003214643351512781541041391612
Result (wrap): true
2025-05-02 21:40:20 INFO  ChordProtocols:179 - Finger 67 peker n책 til: process2
2025-05-02 21:40:20 INFO  ChordProtocols:173 - Beregner fingerID for finger 68: 210821560651360572971044265850767499028
id: 210821560651360572971044265850767499028
lower: 210821560651360572675896360671414673172
upper: 15618062003214643351512781541041391612
Result (wrap): true
2025-05-02 21:40:20 INFO  ChordProtocols:179 - Finger 68 peker n책 til: process2
2025-05-02 21:40:20 INFO  ChordProtocols:173 - Beregner fingerID for finger 69: 210821560651360573266192171030120324884
id: 210821560651360573266192171030120324884
lower: 210821560651360572675896360671414673172
upper: 15618062003214643351512781541041391612
Result (wrap): true
2025-05-02 21:40:20 INFO  ChordProtocols:179 - Finger 69 peker n책 til: process2
2025-05-02 21:40:20 INFO  ChordProtocols:173 - Beregner fingerID for finger 70: 210821560651360573856487981388825976596
id: 210821560651360573856487981388825976596
lower: 210821560651360572675896360671414673172
upper: 15618062003214643351512781541041391612
Result (wrap): true
2025-05-02 21:40:20 INFO  ChordProtocols:179 - Finger 70 peker n책 til: process2
2025-05-02 21:40:20 INFO  ChordProtocols:173 - Beregner fingerID for finger 71: 210821560651360575037079602106237280020
id: 210821560651360575037079602106237280020
lower: 210821560651360572675896360671414673172
upper: 15618062003214643351512781541041391612
Result (wrap): true
2025-05-02 21:40:20 INFO  ChordProtocols:179 - Finger 71 peker n책 til: process2
2025-05-02 21:40:20 INFO  ChordProtocols:173 - Beregner fingerID for finger 72: 210821560651360577398262843541059886868
id: 210821560651360577398262843541059886868
lower: 210821560651360572675896360671414673172
upper: 15618062003214643351512781541041391612
Result (wrap): true
2025-05-02 21:40:20 INFO  ChordProtocols:179 - Finger 72 peker n책 til: process2
2025-05-02 21:40:20 INFO  ChordProtocols:173 - Beregner fingerID for finger 73: 210821560651360582120629326410705100564
id: 210821560651360582120629326410705100564
lower: 210821560651360572675896360671414673172
upper: 15618062003214643351512781541041391612
Result (wrap): true
2025-05-02 21:40:20 INFO  ChordProtocols:179 - Finger 73 peker n책 til: process2
2025-05-02 21:40:20 INFO  ChordProtocols:173 - Beregner fingerID for finger 74: 210821560651360591565362292149995527956
id: 210821560651360591565362292149995527956
lower: 210821560651360572675896360671414673172
upper: 15618062003214643351512781541041391612
Result (wrap): true
2025-05-02 21:40:20 INFO  ChordProtocols:179 - Finger 74 peker n책 til: process2
2025-05-02 21:40:20 INFO  ChordProtocols:173 - Beregner fingerID for finger 75: 210821560651360610454828223628576382740
id: 210821560651360610454828223628576382740
lower: 210821560651360572675896360671414673172
upper: 15618062003214643351512781541041391612
Result (wrap): true
2025-05-02 21:40:20 INFO  ChordProtocols:179 - Finger 75 peker n책 til: process2
2025-05-02 21:40:20 INFO  ChordProtocols:173 - Beregner fingerID for finger 76: 210821560651360648233760086585738092308
id: 210821560651360648233760086585738092308
lower: 210821560651360572675896360671414673172
upper: 15618062003214643351512781541041391612
Result (wrap): true
2025-05-02 21:40:20 INFO  ChordProtocols:179 - Finger 76 peker n책 til: process2
2025-05-02 21:40:20 INFO  ChordProtocols:173 - Beregner fingerID for finger 77: 210821560651360723791623812500061511444
id: 210821560651360723791623812500061511444
lower: 210821560651360572675896360671414673172
upper: 15618062003214643351512781541041391612
Result (wrap): true
2025-05-02 21:40:20 INFO  ChordProtocols:179 - Finger 77 peker n책 til: process2
2025-05-02 21:40:20 INFO  ChordProtocols:173 - Beregner fingerID for finger 78: 210821560651360874907351264328708349716
id: 210821560651360874907351264328708349716
lower: 210821560651360572675896360671414673172
upper: 15618062003214643351512781541041391612
Result (wrap): true
2025-05-02 21:40:20 INFO  ChordProtocols:179 - Finger 78 peker n책 til: process2
2025-05-02 21:40:20 INFO  ChordProtocols:173 - Beregner fingerID for finger 79: 210821560651361177138806167986002026260
id: 210821560651361177138806167986002026260
lower: 210821560651360572675896360671414673172
upper: 15618062003214643351512781541041391612
Result (wrap): true
2025-05-02 21:40:20 INFO  ChordProtocols:179 - Finger 79 peker n책 til: process2
2025-05-02 21:40:20 INFO  ChordProtocols:173 - Beregner fingerID for finger 80: 210821560651361781601715975300589379348
id: 210821560651361781601715975300589379348
lower: 210821560651360572675896360671414673172
upper: 15618062003214643351512781541041391612
Result (wrap): true
2025-05-02 21:40:20 INFO  ChordProtocols:179 - Finger 80 peker n책 til: process2
2025-05-02 21:40:20 INFO  ChordProtocols:173 - Beregner fingerID for finger 81: 210821560651362990527535589929764085524
id: 210821560651362990527535589929764085524
lower: 210821560651360572675896360671414673172
upper: 15618062003214643351512781541041391612
Result (wrap): true
2025-05-02 21:40:20 INFO  ChordProtocols:179 - Finger 81 peker n책 til: process2
2025-05-02 21:40:20 INFO  ChordProtocols:173 - Beregner fingerID for finger 82: 210821560651365408379174819188113497876
id: 210821560651365408379174819188113497876
lower: 210821560651360572675896360671414673172
upper: 15618062003214643351512781541041391612
Result (wrap): true
2025-05-02 21:40:20 INFO  ChordProtocols:179 - Finger 82 peker n책 til: process2
2025-05-02 21:40:20 INFO  ChordProtocols:173 - Beregner fingerID for finger 83: 210821560651370244082453277704812322580
id: 210821560651370244082453277704812322580
lower: 210821560651360572675896360671414673172
upper: 15618062003214643351512781541041391612
Result (wrap): true
2025-05-02 21:40:20 INFO  ChordProtocols:179 - Finger 83 peker n책 til: process2
2025-05-02 21:40:20 INFO  ChordProtocols:173 - Beregner fingerID for finger 84: 210821560651379915489010194738209971988
id: 210821560651379915489010194738209971988
lower: 210821560651360572675896360671414673172
upper: 15618062003214643351512781541041391612
Result (wrap): true
2025-05-02 21:40:20 INFO  ChordProtocols:179 - Finger 84 peker n책 til: process2
2025-05-02 21:40:20 INFO  ChordProtocols:173 - Beregner fingerID for finger 85: 210821560651399258302124028805005270804
id: 210821560651399258302124028805005270804
lower: 210821560651360572675896360671414673172
upper: 15618062003214643351512781541041391612
Result (wrap): true
2025-05-02 21:40:20 INFO  ChordProtocols:179 - Finger 85 peker n책 til: process2
2025-05-02 21:40:20 INFO  ChordProtocols:173 - Beregner fingerID for finger 86: 210821560651437943928351696938595868436
id: 210821560651437943928351696938595868436
lower: 210821560651360572675896360671414673172
upper: 15618062003214643351512781541041391612
Result (wrap): true
2025-05-02 21:40:20 INFO  ChordProtocols:179 - Finger 86 peker n책 til: process2
2025-05-02 21:40:20 INFO  ChordProtocols:173 - Beregner fingerID for finger 87: 210821560651515315180807033205777063700
id: 210821560651515315180807033205777063700
lower: 210821560651360572675896360671414673172
upper: 15618062003214643351512781541041391612
Result (wrap): true
2025-05-02 21:40:20 INFO  ChordProtocols:179 - Finger 87 peker n책 til: process2
2025-05-02 21:40:20 INFO  ChordProtocols:173 - Beregner fingerID for finger 88: 210821560651670057685717705740139454228
id: 210821560651670057685717705740139454228
lower: 210821560651360572675896360671414673172
upper: 15618062003214643351512781541041391612
Result (wrap): true
2025-05-02 21:40:20 INFO  ChordProtocols:179 - Finger 88 peker n책 til: process2
2025-05-02 21:40:20 INFO  ChordProtocols:173 - Beregner fingerID for finger 89: 210821560651979542695539050808864235284
id: 210821560651979542695539050808864235284
lower: 210821560651360572675896360671414673172
upper: 15618062003214643351512781541041391612
Result (wrap): true
2025-05-02 21:40:20 INFO  ChordProtocols:179 - Finger 89 peker n책 til: process2
2025-05-02 21:40:20 INFO  ChordProtocols:173 - Beregner fingerID for finger 90: 210821560652598512715181740946313797396
id: 210821560652598512715181740946313797396
lower: 210821560651360572675896360671414673172
upper: 15618062003214643351512781541041391612
Result (wrap): true
2025-05-02 21:40:20 INFO  ChordProtocols:179 - Finger 90 peker n책 til: process2
2025-05-02 21:40:20 INFO  ChordProtocols:173 - Beregner fingerID for finger 91: 210821560653836452754467121221212921620
id: 210821560653836452754467121221212921620
lower: 210821560651360572675896360671414673172
upper: 15618062003214643351512781541041391612
Result (wrap): true
2025-05-02 21:40:20 INFO  ChordProtocols:179 - Finger 91 peker n책 til: process2
2025-05-02 21:40:20 INFO  ChordProtocols:173 - Beregner fingerID for finger 92: 210821560656312332833037881771011170068
id: 210821560656312332833037881771011170068
lower: 210821560651360572675896360671414673172
upper: 15618062003214643351512781541041391612
Result (wrap): true
2025-05-02 21:40:20 INFO  ChordProtocols:179 - Finger 92 peker n책 til: process2
2025-05-02 21:40:20 INFO  ChordProtocols:173 - Beregner fingerID for finger 93: 210821560661264092990179402870607666964
id: 210821560661264092990179402870607666964
lower: 210821560651360572675896360671414673172
upper: 15618062003214643351512781541041391612
Result (wrap): true
2025-05-02 21:40:20 INFO  ChordProtocols:179 - Finger 93 peker n책 til: process2
2025-05-02 21:40:20 INFO  ChordProtocols:173 - Beregner fingerID for finger 94: 210821560671167613304462445069800660756
id: 210821560671167613304462445069800660756
lower: 210821560651360572675896360671414673172
upper: 15618062003214643351512781541041391612
Result (wrap): true
2025-05-02 21:40:20 INFO  ChordProtocols:179 - Finger 94 peker n책 til: process2
2025-05-02 21:40:20 INFO  ChordProtocols:173 - Beregner fingerID for finger 95: 210821560690974653933028529468186648340
id: 210821560690974653933028529468186648340
lower: 210821560651360572675896360671414673172
upper: 15618062003214643351512781541041391612
Result (wrap): true
2025-05-02 21:40:20 INFO  ChordProtocols:179 - Finger 95 peker n책 til: process2
2025-05-02 21:40:20 INFO  ChordProtocols:173 - Beregner fingerID for finger 96: 210821560730588735190160698264958623508
id: 210821560730588735190160698264958623508
lower: 210821560651360572675896360671414673172
upper: 15618062003214643351512781541041391612
Result (wrap): true
2025-05-02 21:40:20 INFO  ChordProtocols:179 - Finger 96 peker n책 til: process2
2025-05-02 21:40:20 INFO  ChordProtocols:173 - Beregner fingerID for finger 97: 210821560809816897704425035858502573844
id: 210821560809816897704425035858502573844
lower: 210821560651360572675896360671414673172
upper: 15618062003214643351512781541041391612
Result (wrap): true
2025-05-02 21:40:20 INFO  ChordProtocols:179 - Finger 97 peker n책 til: process2
2025-05-02 21:40:20 INFO  ChordProtocols:173 - Beregner fingerID for finger 98: 210821560968273222732953711045590474516
id: 210821560968273222732953711045590474516
lower: 210821560651360572675896360671414673172
upper: 15618062003214643351512781541041391612
Result (wrap): true
2025-05-02 21:40:20 INFO  ChordProtocols:179 - Finger 98 peker n책 til: process2
2025-05-02 21:40:20 INFO  ChordProtocols:173 - Beregner fingerID for finger 99: 210821561285185872790011061419766275860
id: 210821561285185872790011061419766275860
lower: 210821560651360572675896360671414673172
upper: 15618062003214643351512781541041391612
Result (wrap): true
2025-05-02 21:40:20 INFO  ChordProtocols:179 - Finger 99 peker n책 til: process2
2025-05-02 21:40:20 INFO  ChordProtocols:173 - Beregner fingerID for finger 100: 210821561919011172904125762168117878548
id: 210821561919011172904125762168117878548
lower: 210821560651360572675896360671414673172
upper: 15618062003214643351512781541041391612
Result (wrap): true
2025-05-02 21:40:20 INFO  ChordProtocols:179 - Finger 100 peker n책 til: process2
2025-05-02 21:40:20 INFO  ChordProtocols:173 - Beregner fingerID for finger 101: 210821563186661773132355163664821083924
id: 210821563186661773132355163664821083924
lower: 210821560651360572675896360671414673172
upper: 15618062003214643351512781541041391612
Result (wrap): true
2025-05-02 21:40:20 INFO  ChordProtocols:179 - Finger 101 peker n책 til: process2
2025-05-02 21:40:20 INFO  ChordProtocols:173 - Beregner fingerID for finger 102: 210821565721962973588813966658227494676
id: 210821565721962973588813966658227494676
lower: 210821560651360572675896360671414673172
upper: 15618062003214643351512781541041391612
Result (wrap): true
2025-05-02 21:40:20 INFO  ChordProtocols:179 - Finger 102 peker n책 til: process2
2025-05-02 21:40:20 INFO  ChordProtocols:173 - Beregner fingerID for finger 103: 210821570792565374501731572645040316180
id: 210821570792565374501731572645040316180
lower: 210821560651360572675896360671414673172
upper: 15618062003214643351512781541041391612
Result (wrap): true
2025-05-02 21:40:20 INFO  ChordProtocols:179 - Finger 103 peker n책 til: process2
2025-05-02 21:40:20 INFO  ChordProtocols:173 - Beregner fingerID for finger 104: 210821580933770176327566784618665959188
id: 210821580933770176327566784618665959188
lower: 210821560651360572675896360671414673172
upper: 15618062003214643351512781541041391612
Result (wrap): true
2025-05-02 21:40:20 INFO  ChordProtocols:179 - Finger 104 peker n책 til: process2
2025-05-02 21:40:20 INFO  ChordProtocols:173 - Beregner fingerID for finger 105: 210821601216179779979237208565917245204
id: 210821601216179779979237208565917245204
lower: 210821560651360572675896360671414673172
upper: 15618062003214643351512781541041391612
Result (wrap): true
2025-05-02 21:40:20 INFO  ChordProtocols:179 - Finger 105 peker n책 til: process2
2025-05-02 21:40:20 INFO  ChordProtocols:173 - Beregner fingerID for finger 106: 210821641780998987282578056460419817236
id: 210821641780998987282578056460419817236
lower: 210821560651360572675896360671414673172
upper: 15618062003214643351512781541041391612
Result (wrap): true
2025-05-02 21:40:20 INFO  ChordProtocols:179 - Finger 106 peker n책 til: process2
2025-05-02 21:40:20 INFO  ChordProtocols:173 - Beregner fingerID for finger 107: 210821722910637401889259752249424961300
id: 210821722910637401889259752249424961300
lower: 210821560651360572675896360671414673172
upper: 15618062003214643351512781541041391612
Result (wrap): true
2025-05-02 21:40:20 INFO  ChordProtocols:179 - Finger 107 peker n책 til: process2
2025-05-02 21:40:20 INFO  ChordProtocols:173 - Beregner fingerID for finger 108: 210821885169914231102623143827435249428
id: 210821885169914231102623143827435249428
lower: 210821560651360572675896360671414673172
upper: 15618062003214643351512781541041391612
Result (wrap): true
2025-05-02 21:40:20 INFO  ChordProtocols:179 - Finger 108 peker n책 til: process2
2025-05-02 21:40:20 INFO  ChordProtocols:173 - Beregner fingerID for finger 109: 210822209688467889529349926983455825684
id: 210822209688467889529349926983455825684
lower: 210821560651360572675896360671414673172
upper: 15618062003214643351512781541041391612
Result (wrap): true
2025-05-02 21:40:20 INFO  ChordProtocols:179 - Finger 109 peker n책 til: process2
2025-05-02 21:40:20 INFO  ChordProtocols:173 - Beregner fingerID for finger 110: 210822858725575206382803493295496978196
id: 210822858725575206382803493295496978196
lower: 210821560651360572675896360671414673172
upper: 15618062003214643351512781541041391612
Result (wrap): true
2025-05-02 21:40:20 INFO  ChordProtocols:179 - Finger 110 peker n책 til: process2
2025-05-02 21:40:20 INFO  ChordProtocols:173 - Beregner fingerID for finger 111: 210824156799789840089710625919579283220
id: 210824156799789840089710625919579283220
lower: 210821560651360572675896360671414673172
upper: 15618062003214643351512781541041391612
Result (wrap): true
2025-05-02 21:40:20 INFO  ChordProtocols:179 - Finger 111 peker n책 til: process2
2025-05-02 21:40:20 INFO  ChordProtocols:173 - Beregner fingerID for finger 112: 210826752948219107503524891167743893268
id: 210826752948219107503524891167743893268
lower: 210821560651360572675896360671414673172
upper: 15618062003214643351512781541041391612
Result (wrap): true
2025-05-02 21:40:20 INFO  ChordProtocols:179 - Finger 112 peker n책 til: process2
2025-05-02 21:40:20 INFO  ChordProtocols:173 - Beregner fingerID for finger 113: 210831945245077642331153421664073113364
id: 210831945245077642331153421664073113364
lower: 210821560651360572675896360671414673172
upper: 15618062003214643351512781541041391612
Result (wrap): true
2025-05-02 21:40:20 INFO  ChordProtocols:179 - Finger 113 peker n책 til: process2
2025-05-02 21:40:20 INFO  ChordProtocols:173 - Beregner fingerID for finger 114: 210842329838794711986410482656731553556
id: 210842329838794711986410482656731553556
lower: 210821560651360572675896360671414673172
upper: 15618062003214643351512781541041391612
Result (wrap): true
2025-05-02 21:40:20 INFO  ChordProtocols:179 - Finger 114 peker n책 til: process2
2025-05-02 21:40:20 INFO  ChordProtocols:173 - Beregner fingerID for finger 115: 210863099026228851296924604642048433940
id: 210863099026228851296924604642048433940
lower: 210821560651360572675896360671414673172
upper: 15618062003214643351512781541041391612
Result (wrap): true
2025-05-02 21:40:20 INFO  ChordProtocols:179 - Finger 115 peker n책 til: process2
2025-05-02 21:40:20 INFO  ChordProtocols:173 - Beregner fingerID for finger 116: 210904637401097129917952848612682194708
id: 210904637401097129917952848612682194708
lower: 210821560651360572675896360671414673172
upper: 15618062003214643351512781541041391612
Result (wrap): true
2025-05-02 21:40:20 INFO  ChordProtocols:179 - Finger 116 peker n책 til: process2
2025-05-02 21:40:20 INFO  ChordProtocols:173 - Beregner fingerID for finger 117: 210987714150833687160009336553949716244
id: 210987714150833687160009336553949716244
lower: 210821560651360572675896360671414673172
upper: 15618062003214643351512781541041391612
Result (wrap): true
2025-05-02 21:40:20 INFO  ChordProtocols:179 - Finger 117 peker n책 til: process2
2025-05-02 21:40:20 INFO  ChordProtocols:173 - Beregner fingerID for finger 118: 211153867650306801644122312436484759316
id: 211153867650306801644122312436484759316
lower: 210821560651360572675896360671414673172
upper: 15618062003214643351512781541041391612
Result (wrap): true
2025-05-02 21:40:20 INFO  ChordProtocols:179 - Finger 118 peker n책 til: process2
2025-05-02 21:40:20 INFO  ChordProtocols:173 - Beregner fingerID for finger 119: 211486174649253030612348264201554845460
id: 211486174649253030612348264201554845460
lower: 210821560651360572675896360671414673172
upper: 15618062003214643351512781541041391612
Result (wrap): true
2025-05-02 21:40:20 INFO  ChordProtocols:179 - Finger 119 peker n책 til: process2
2025-05-02 21:40:20 INFO  ChordProtocols:173 - Beregner fingerID for finger 120: 212150788647145488548800167731695017748
id: 212150788647145488548800167731695017748
lower: 210821560651360572675896360671414673172
upper: 15618062003214643351512781541041391612
Result (wrap): true
2025-05-02 21:40:20 INFO  ChordProtocols:179 - Finger 120 peker n책 til: process2
2025-05-02 21:40:20 INFO  ChordProtocols:173 - Beregner fingerID for finger 121: 213480016642930404421703974791975362324
id: 213480016642930404421703974791975362324
lower: 210821560651360572675896360671414673172
upper: 15618062003214643351512781541041391612
Result (wrap): true
2025-05-02 21:40:20 INFO  ChordProtocols:179 - Finger 121 peker n책 til: process2
2025-05-02 21:40:20 INFO  ChordProtocols:173 - Beregner fingerID for finger 122: 216138472634500236167511588912536051476
id: 216138472634500236167511588912536051476
lower: 210821560651360572675896360671414673172
upper: 15618062003214643351512781541041391612
Result (wrap): true
2025-05-02 21:40:20 INFO  ChordProtocols:179 - Finger 122 peker n책 til: process2
2025-05-02 21:40:20 INFO  ChordProtocols:173 - Beregner fingerID for finger 123: 221455384617639899659126817153657429780
id: 221455384617639899659126817153657429780
lower: 210821560651360572675896360671414673172
upper: 15618062003214643351512781541041391612
Result (wrap): true
2025-05-02 21:40:20 INFO  ChordProtocols:179 - Finger 123 peker n책 til: process2
2025-05-02 21:40:20 INFO  ChordProtocols:173 - Beregner fingerID for finger 124: 232089208583919226642357273635900186388
id: 232089208583919226642357273635900186388
lower: 210821560651360572675896360671414673172
upper: 15618062003214643351512781541041391612
Result (wrap): true
2025-05-02 21:40:20 INFO  ChordProtocols:179 - Finger 124 peker n책 til: process2
2025-05-02 21:40:20 INFO  ChordProtocols:173 - Beregner fingerID for finger 125: 253356856516477880608818186600385699604
id: 253356856516477880608818186600385699604
lower: 210821560651360572675896360671414673172
upper: 15618062003214643351512781541041391612
Result (wrap): true
2025-05-02 21:40:20 INFO  ChordProtocols:179 - Finger 125 peker n책 til: process2
2025-05-02 21:40:20 INFO  ChordProtocols:173 - Beregner fingerID for finger 126: 295892152381595188541740012529356726036
id: 295892152381595188541740012529356726036
lower: 210821560651360572675896360671414673172
upper: 15618062003214643351512781541041391612
Result (wrap): true
2025-05-02 21:40:20 INFO  ChordProtocols:179 - Finger 126 peker n책 til: process2
2025-05-02 21:40:20 INFO  ChordProtocols:173 - Beregner fingerID for finger 127: 40680377190891340944209056955530567444
id: 40680377190891340944209056955530567444
lower: 210821560651360572675896360671414673172
upper: 15618062003214643351512781541041391612
Result (wrap): false
id: 15618062003214643351512781541041391612
lower: 210821560651360572675896360671414673172
upper: 40680377190891340944209056955530567444
Result (wrap): true
id: 40680377190891340944209056955530567444
lower: 15618062003214643351512781541041391612
upper: 53937554629190552131995290006614509577
Result (no wrap): true
2025-05-02 21:40:20 INFO  ChordProtocols:179 - Finger 127 peker n책 til: process1
2025-05-02 21:40:20 INFO  ChordLookup:96 - copy file keys that are <= process4 from successor process2 to process4
2025-05-02 21:40:20 INFO  ChordLookup:113 - Finished copying file keys from successor process2 to process4
2025-05-02 21:40:20 INFO  ChordProtocols:86 - process4 is between null | process2
2025-05-02 21:40:20 INFO  StabilizationProtocols:130 - Updating the successor for Node: process1
id: 53937554629190552131995290006614509578
lower: 53937554629190552131995290006614509577
upper: 15618062003214643351512781541041391612
Result (wrap): true
2025-05-02 21:40:20 INFO  StabilizationProtocols:165 - Finished updating the successor for Node: process1
2025-05-02 21:40:20 INFO  StabilizationProtocols:84 - Stabilizing ring from process1...
2025-05-02 21:40:20 INFO  StabilizationProtocols:91 - Stabilize ring: succnode = process4
2025-05-02 21:40:20 INFO  StabilizationProtocols:113 - Finished stabilizing chordring from process1
2025-05-02 21:40:20 INFO  ChordProtocols:159 - Oppdaterer FingerTable for Node: process1
2025-05-02 21:40:20 INFO  ChordProtocols:173 - Beregner fingerID for finger 0: 53937554629190552131995290006614509578
id: 53937554629190552131995290006614509578
lower: 53937554629190552131995290006614509577
upper: 210821560651360572675896360671414673172
Result (no wrap): true
2025-05-02 21:40:20 INFO  ChordProtocols:179 - Finger 0 peker n책 til: process4
2025-05-02 21:40:20 INFO  ChordProtocols:173 - Beregner fingerID for finger 1: 53937554629190552131995290006614509579
id: 53937554629190552131995290006614509579
lower: 53937554629190552131995290006614509577
upper: 210821560651360572675896360671414673172
Result (no wrap): true
2025-05-02 21:40:20 INFO  ChordProtocols:179 - Finger 1 peker n책 til: process4
2025-05-02 21:40:20 INFO  ChordProtocols:173 - Beregner fingerID for finger 2: 53937554629190552131995290006614509581
id: 53937554629190552131995290006614509581
lower: 53937554629190552131995290006614509577
upper: 210821560651360572675896360671414673172
Result (no wrap): true
2025-05-02 21:40:20 INFO  ChordProtocols:179 - Finger 2 peker n책 til: process4
2025-05-02 21:40:20 INFO  ChordProtocols:173 - Beregner fingerID for finger 3: 53937554629190552131995290006614509585
id: 53937554629190552131995290006614509585
lower: 53937554629190552131995290006614509577
upper: 210821560651360572675896360671414673172
Result (no wrap): true
2025-05-02 21:40:20 INFO  ChordProtocols:179 - Finger 3 peker n책 til: process4
2025-05-02 21:40:20 INFO  ChordProtocols:173 - Beregner fingerID for finger 4: 53937554629190552131995290006614509593
id: 53937554629190552131995290006614509593
lower: 53937554629190552131995290006614509577
upper: 210821560651360572675896360671414673172
Result (no wrap): true
2025-05-02 21:40:20 INFO  ChordProtocols:179 - Finger 4 peker n책 til: process4
2025-05-02 21:40:20 INFO  ChordProtocols:173 - Beregner fingerID for finger 5: 53937554629190552131995290006614509609
id: 53937554629190552131995290006614509609
lower: 53937554629190552131995290006614509577
upper: 210821560651360572675896360671414673172
Result (no wrap): true
2025-05-02 21:40:20 INFO  ChordProtocols:179 - Finger 5 peker n책 til: process4
2025-05-02 21:40:20 INFO  ChordProtocols:173 - Beregner fingerID for finger 6: 53937554629190552131995290006614509641
id: 53937554629190552131995290006614509641
lower: 53937554629190552131995290006614509577
upper: 210821560651360572675896360671414673172
Result (no wrap): true
2025-05-02 21:40:20 INFO  ChordProtocols:179 - Finger 6 peker n책 til: process4
2025-05-02 21:40:20 INFO  ChordProtocols:173 - Beregner fingerID for finger 7: 53937554629190552131995290006614509705
id: 53937554629190552131995290006614509705
lower: 53937554629190552131995290006614509577
upper: 210821560651360572675896360671414673172
Result (no wrap): true
2025-05-02 21:40:20 INFO  ChordProtocols:179 - Finger 7 peker n책 til: process4
2025-05-02 21:40:20 INFO  ChordProtocols:173 - Beregner fingerID for finger 8: 53937554629190552131995290006614509833
id: 53937554629190552131995290006614509833
lower: 53937554629190552131995290006614509577
upper: 210821560651360572675896360671414673172
Result (no wrap): true
2025-05-02 21:40:20 INFO  ChordProtocols:179 - Finger 8 peker n책 til: process4
2025-05-02 21:40:20 INFO  ChordProtocols:173 - Beregner fingerID for finger 9: 53937554629190552131995290006614510089
id: 53937554629190552131995290006614510089
lower: 53937554629190552131995290006614509577
upper: 210821560651360572675896360671414673172
Result (no wrap): true
2025-05-02 21:40:20 INFO  ChordProtocols:179 - Finger 9 peker n책 til: process4
2025-05-02 21:40:20 INFO  ChordProtocols:173 - Beregner fingerID for finger 10: 53937554629190552131995290006614510601
id: 53937554629190552131995290006614510601
lower: 53937554629190552131995290006614509577
upper: 210821560651360572675896360671414673172
Result (no wrap): true
2025-05-02 21:40:20 INFO  ChordProtocols:179 - Finger 10 peker n책 til: process4
2025-05-02 21:40:20 INFO  ChordProtocols:173 - Beregner fingerID for finger 11: 53937554629190552131995290006614511625
id: 53937554629190552131995290006614511625
lower: 53937554629190552131995290006614509577
upper: 210821560651360572675896360671414673172
Result (no wrap): true
2025-05-02 21:40:20 INFO  ChordProtocols:179 - Finger 11 peker n책 til: process4
2025-05-02 21:40:20 INFO  ChordProtocols:173 - Beregner fingerID for finger 12: 53937554629190552131995290006614513673
id: 53937554629190552131995290006614513673
lower: 53937554629190552131995290006614509577
upper: 210821560651360572675896360671414673172
Result (no wrap): true
2025-05-02 21:40:20 INFO  ChordProtocols:179 - Finger 12 peker n책 til: process4
2025-05-02 21:40:20 INFO  ChordProtocols:173 - Beregner fingerID for finger 13: 53937554629190552131995290006614517769
id: 53937554629190552131995290006614517769
lower: 53937554629190552131995290006614509577
upper: 210821560651360572675896360671414673172
Result (no wrap): true
2025-05-02 21:40:20 INFO  ChordProtocols:179 - Finger 13 peker n책 til: process4
2025-05-02 21:40:20 INFO  ChordProtocols:173 - Beregner fingerID for finger 14: 53937554629190552131995290006614525961
id: 53937554629190552131995290006614525961
lower: 53937554629190552131995290006614509577
upper: 210821560651360572675896360671414673172
Result (no wrap): true
2025-05-02 21:40:20 INFO  ChordProtocols:179 - Finger 14 peker n책 til: process4
2025-05-02 21:40:20 INFO  ChordProtocols:173 - Beregner fingerID for finger 15: 53937554629190552131995290006614542345
id: 53937554629190552131995290006614542345
lower: 53937554629190552131995290006614509577
upper: 210821560651360572675896360671414673172
Result (no wrap): true
2025-05-02 21:40:20 INFO  ChordProtocols:179 - Finger 15 peker n책 til: process4
2025-05-02 21:40:20 INFO  ChordProtocols:173 - Beregner fingerID for finger 16: 53937554629190552131995290006614575113
id: 53937554629190552131995290006614575113
lower: 53937554629190552131995290006614509577
upper: 210821560651360572675896360671414673172
Result (no wrap): true
2025-05-02 21:40:20 INFO  ChordProtocols:179 - Finger 16 peker n책 til: process4
2025-05-02 21:40:20 INFO  ChordProtocols:173 - Beregner fingerID for finger 17: 53937554629190552131995290006614640649
id: 53937554629190552131995290006614640649
lower: 53937554629190552131995290006614509577
upper: 210821560651360572675896360671414673172
Result (no wrap): true
2025-05-02 21:40:20 INFO  ChordProtocols:179 - Finger 17 peker n책 til: process4
2025-05-02 21:40:20 INFO  ChordProtocols:173 - Beregner fingerID for finger 18: 53937554629190552131995290006614771721
id: 53937554629190552131995290006614771721
lower: 53937554629190552131995290006614509577
upper: 210821560651360572675896360671414673172
Result (no wrap): true
2025-05-02 21:40:20 INFO  ChordProtocols:179 - Finger 18 peker n책 til: process4
2025-05-02 21:40:20 INFO  ChordProtocols:173 - Beregner fingerID for finger 19: 53937554629190552131995290006615033865
id: 53937554629190552131995290006615033865
lower: 53937554629190552131995290006614509577
upper: 210821560651360572675896360671414673172
Result (no wrap): true
2025-05-02 21:40:20 INFO  ChordProtocols:179 - Finger 19 peker n책 til: process4
2025-05-02 21:40:20 INFO  ChordProtocols:173 - Beregner fingerID for finger 20: 53937554629190552131995290006615558153
id: 53937554629190552131995290006615558153
lower: 53937554629190552131995290006614509577
upper: 210821560651360572675896360671414673172
Result (no wrap): true
2025-05-02 21:40:20 INFO  ChordProtocols:179 - Finger 20 peker n책 til: process4
2025-05-02 21:40:20 INFO  ChordProtocols:173 - Beregner fingerID for finger 21: 53937554629190552131995290006616606729
id: 53937554629190552131995290006616606729
lower: 53937554629190552131995290006614509577
upper: 210821560651360572675896360671414673172
Result (no wrap): true
2025-05-02 21:40:20 INFO  ChordProtocols:179 - Finger 21 peker n책 til: process4
2025-05-02 21:40:20 INFO  ChordProtocols:173 - Beregner fingerID for finger 22: 53937554629190552131995290006618703881
id: 53937554629190552131995290006618703881
lower: 53937554629190552131995290006614509577
upper: 210821560651360572675896360671414673172
Result (no wrap): true
2025-05-02 21:40:20 INFO  ChordProtocols:179 - Finger 22 peker n책 til: process4
2025-05-02 21:40:20 INFO  ChordProtocols:173 - Beregner fingerID for finger 23: 53937554629190552131995290006622898185
id: 53937554629190552131995290006622898185
lower: 53937554629190552131995290006614509577
upper: 210821560651360572675896360671414673172
Result (no wrap): true
2025-05-02 21:40:20 INFO  ChordProtocols:179 - Finger 23 peker n책 til: process4
2025-05-02 21:40:20 INFO  ChordProtocols:173 - Beregner fingerID for finger 24: 53937554629190552131995290006631286793
id: 53937554629190552131995290006631286793
lower: 53937554629190552131995290006614509577
upper: 210821560651360572675896360671414673172
Result (no wrap): true
2025-05-02 21:40:20 INFO  ChordProtocols:179 - Finger 24 peker n책 til: process4
2025-05-02 21:40:20 INFO  ChordProtocols:173 - Beregner fingerID for finger 25: 53937554629190552131995290006648064009
id: 53937554629190552131995290006648064009
lower: 53937554629190552131995290006614509577
upper: 210821560651360572675896360671414673172
Result (no wrap): true
2025-05-02 21:40:20 INFO  ChordProtocols:179 - Finger 25 peker n책 til: process4
2025-05-02 21:40:20 INFO  ChordProtocols:173 - Beregner fingerID for finger 26: 53937554629190552131995290006681618441
id: 53937554629190552131995290006681618441
lower: 53937554629190552131995290006614509577
upper: 210821560651360572675896360671414673172
Result (no wrap): true
2025-05-02 21:40:20 INFO  ChordProtocols:179 - Finger 26 peker n책 til: process4
2025-05-02 21:40:20 INFO  ChordProtocols:173 - Beregner fingerID for finger 27: 53937554629190552131995290006748727305
id: 53937554629190552131995290006748727305
lower: 53937554629190552131995290006614509577
upper: 210821560651360572675896360671414673172
Result (no wrap): true
2025-05-02 21:40:20 INFO  ChordProtocols:179 - Finger 27 peker n책 til: process4
2025-05-02 21:40:20 INFO  ChordProtocols:173 - Beregner fingerID for finger 28: 53937554629190552131995290006882945033
id: 53937554629190552131995290006882945033
lower: 53937554629190552131995290006614509577
upper: 210821560651360572675896360671414673172
Result (no wrap): true
2025-05-02 21:40:20 INFO  ChordProtocols:179 - Finger 28 peker n책 til: process4
2025-05-02 21:40:20 INFO  ChordProtocols:173 - Beregner fingerID for finger 29: 53937554629190552131995290007151380489
id: 53937554629190552131995290007151380489
lower: 53937554629190552131995290006614509577
upper: 210821560651360572675896360671414673172
Result (no wrap): true
2025-05-02 21:40:20 INFO  ChordProtocols:179 - Finger 29 peker n책 til: process4
2025-05-02 21:40:20 INFO  ChordProtocols:173 - Beregner fingerID for finger 30: 53937554629190552131995290007688251401
id: 53937554629190552131995290007688251401
lower: 53937554629190552131995290006614509577
upper: 210821560651360572675896360671414673172
Result (no wrap): true
2025-05-02 21:40:20 INFO  ChordProtocols:179 - Finger 30 peker n책 til: process4
2025-05-02 21:40:20 INFO  ChordProtocols:173 - Beregner fingerID for finger 31: 53937554629190552131995290008761993225
id: 53937554629190552131995290008761993225
lower: 53937554629190552131995290006614509577
upper: 210821560651360572675896360671414673172
Result (no wrap): true
2025-05-02 21:40:20 INFO  ChordProtocols:179 - Finger 31 peker n책 til: process4
2025-05-02 21:40:20 INFO  ChordProtocols:173 - Beregner fingerID for finger 32: 53937554629190552131995290010909476873
id: 53937554629190552131995290010909476873
lower: 53937554629190552131995290006614509577
upper: 210821560651360572675896360671414673172
Result (no wrap): true
2025-05-02 21:40:20 INFO  ChordProtocols:179 - Finger 32 peker n책 til: process4
2025-05-02 21:40:20 INFO  ChordProtocols:173 - Beregner fingerID for finger 33: 53937554629190552131995290015204444169
id: 53937554629190552131995290015204444169
lower: 53937554629190552131995290006614509577
upper: 210821560651360572675896360671414673172
Result (no wrap): true
2025-05-02 21:40:20 INFO  ChordProtocols:179 - Finger 33 peker n책 til: process4
2025-05-02 21:40:20 INFO  ChordProtocols:173 - Beregner fingerID for finger 34: 53937554629190552131995290023794378761
id: 53937554629190552131995290023794378761
lower: 53937554629190552131995290006614509577
upper: 210821560651360572675896360671414673172
Result (no wrap): true
2025-05-02 21:40:20 INFO  ChordProtocols:179 - Finger 34 peker n책 til: process4
2025-05-02 21:40:20 INFO  ChordProtocols:173 - Beregner fingerID for finger 35: 53937554629190552131995290040974247945
id: 53937554629190552131995290040974247945
lower: 53937554629190552131995290006614509577
upper: 210821560651360572675896360671414673172
Result (no wrap): true
2025-05-02 21:40:20 INFO  ChordProtocols:179 - Finger 35 peker n책 til: process4
2025-05-02 21:40:20 INFO  ChordProtocols:173 - Beregner fingerID for finger 36: 53937554629190552131995290075333986313
id: 53937554629190552131995290075333986313
lower: 53937554629190552131995290006614509577
upper: 210821560651360572675896360671414673172
Result (no wrap): true
2025-05-02 21:40:20 INFO  ChordProtocols:179 - Finger 36 peker n책 til: process4
2025-05-02 21:40:20 INFO  ChordProtocols:173 - Beregner fingerID for finger 37: 53937554629190552131995290144053463049
id: 53937554629190552131995290144053463049
lower: 53937554629190552131995290006614509577
upper: 210821560651360572675896360671414673172
Result (no wrap): true
2025-05-02 21:40:20 INFO  ChordProtocols:179 - Finger 37 peker n책 til: process4
2025-05-02 21:40:20 INFO  ChordProtocols:173 - Beregner fingerID for finger 38: 53937554629190552131995290281492416521
id: 53937554629190552131995290281492416521
lower: 53937554629190552131995290006614509577
upper: 210821560651360572675896360671414673172
Result (no wrap): true
2025-05-02 21:40:20 INFO  ChordProtocols:179 - Finger 38 peker n책 til: process4
2025-05-02 21:40:20 INFO  ChordProtocols:173 - Beregner fingerID for finger 39: 53937554629190552131995290556370323465
id: 53937554629190552131995290556370323465
lower: 53937554629190552131995290006614509577
upper: 210821560651360572675896360671414673172
Result (no wrap): true
2025-05-02 21:40:20 INFO  ChordProtocols:179 - Finger 39 peker n책 til: process4
2025-05-02 21:40:20 INFO  ChordProtocols:173 - Beregner fingerID for finger 40: 53937554629190552131995291106126137353
id: 53937554629190552131995291106126137353
lower: 53937554629190552131995290006614509577
upper: 210821560651360572675896360671414673172
Result (no wrap): true
2025-05-02 21:40:20 INFO  ChordProtocols:179 - Finger 40 peker n책 til: process4
2025-05-02 21:40:20 INFO  ChordProtocols:173 - Beregner fingerID for finger 41: 53937554629190552131995292205637765129
id: 53937554629190552131995292205637765129
lower: 53937554629190552131995290006614509577
upper: 210821560651360572675896360671414673172
Result (no wrap): true
2025-05-02 21:40:20 INFO  ChordProtocols:179 - Finger 41 peker n책 til: process4
2025-05-02 21:40:20 INFO  ChordProtocols:173 - Beregner fingerID for finger 42: 53937554629190552131995294404661020681
id: 53937554629190552131995294404661020681
lower: 53937554629190552131995290006614509577
upper: 210821560651360572675896360671414673172
Result (no wrap): true
2025-05-02 21:40:20 INFO  ChordProtocols:179 - Finger 42 peker n책 til: process4
2025-05-02 21:40:20 INFO  ChordProtocols:173 - Beregner fingerID for finger 43: 53937554629190552131995298802707531785
id: 53937554629190552131995298802707531785
lower: 53937554629190552131995290006614509577
upper: 210821560651360572675896360671414673172
Result (no wrap): true
2025-05-02 21:40:20 INFO  ChordProtocols:179 - Finger 43 peker n책 til: process4
2025-05-02 21:40:20 INFO  ChordProtocols:173 - Beregner fingerID for finger 44: 53937554629190552131995307598800553993
id: 53937554629190552131995307598800553993
lower: 53937554629190552131995290006614509577
upper: 210821560651360572675896360671414673172
Result (no wrap): true
2025-05-02 21:40:20 INFO  ChordProtocols:179 - Finger 44 peker n책 til: process4
2025-05-02 21:40:20 INFO  ChordProtocols:173 - Beregner fingerID for finger 45: 53937554629190552131995325190986598409
id: 53937554629190552131995325190986598409
lower: 53937554629190552131995290006614509577
upper: 210821560651360572675896360671414673172
Result (no wrap): true
2025-05-02 21:40:20 INFO  ChordProtocols:179 - Finger 45 peker n책 til: process4
2025-05-02 21:40:20 INFO  ChordProtocols:173 - Beregner fingerID for finger 46: 53937554629190552131995360375358687241
id: 53937554629190552131995360375358687241
lower: 53937554629190552131995290006614509577
upper: 210821560651360572675896360671414673172
Result (no wrap): true
2025-05-02 21:40:20 INFO  ChordProtocols:179 - Finger 46 peker n책 til: process4
2025-05-02 21:40:20 INFO  ChordProtocols:173 - Beregner fingerID for finger 47: 53937554629190552131995430744102864905
id: 53937554629190552131995430744102864905
lower: 53937554629190552131995290006614509577
upper: 210821560651360572675896360671414673172
Result (no wrap): true
2025-05-02 21:40:20 INFO  ChordProtocols:179 - Finger 47 peker n책 til: process4
2025-05-02 21:40:20 INFO  ChordProtocols:173 - Beregner fingerID for finger 48: 53937554629190552131995571481591220233
id: 53937554629190552131995571481591220233
lower: 53937554629190552131995290006614509577
upper: 210821560651360572675896360671414673172
Result (no wrap): true
2025-05-02 21:40:20 INFO  ChordProtocols:179 - Finger 48 peker n책 til: process4
2025-05-02 21:40:20 INFO  ChordProtocols:173 - Beregner fingerID for finger 49: 53937554629190552131995852956567930889
id: 53937554629190552131995852956567930889
lower: 53937554629190552131995290006614509577
upper: 210821560651360572675896360671414673172
Result (no wrap): true
2025-05-02 21:40:20 INFO  ChordProtocols:179 - Finger 49 peker n책 til: process4
2025-05-02 21:40:20 INFO  ChordProtocols:173 - Beregner fingerID for finger 50: 53937554629190552131996415906521352201
id: 53937554629190552131996415906521352201
lower: 53937554629190552131995290006614509577
upper: 210821560651360572675896360671414673172
Result (no wrap): true
2025-05-02 21:40:20 INFO  ChordProtocols:179 - Finger 50 peker n책 til: process4
2025-05-02 21:40:20 INFO  ChordProtocols:173 - Beregner fingerID for finger 51: 53937554629190552131997541806428194825
id: 53937554629190552131997541806428194825
lower: 53937554629190552131995290006614509577
upper: 210821560651360572675896360671414673172
Result (no wrap): true
2025-05-02 21:40:20 INFO  ChordProtocols:179 - Finger 51 peker n책 til: process4
2025-05-02 21:40:20 INFO  ChordProtocols:173 - Beregner fingerID for finger 52: 53937554629190552131999793606241880073
id: 53937554629190552131999793606241880073
lower: 53937554629190552131995290006614509577
upper: 210821560651360572675896360671414673172
Result (no wrap): true
2025-05-02 21:40:20 INFO  ChordProtocols:179 - Finger 52 peker n책 til: process4
2025-05-02 21:40:20 INFO  ChordProtocols:173 - Beregner fingerID for finger 53: 53937554629190552132004297205869250569
id: 53937554629190552132004297205869250569
lower: 53937554629190552131995290006614509577
upper: 210821560651360572675896360671414673172
Result (no wrap): true
2025-05-02 21:40:20 INFO  ChordProtocols:179 - Finger 53 peker n책 til: process4
2025-05-02 21:40:20 INFO  ChordProtocols:173 - Beregner fingerID for finger 54: 53937554629190552132013304405123991561
id: 53937554629190552132013304405123991561
lower: 53937554629190552131995290006614509577
upper: 210821560651360572675896360671414673172
Result (no wrap): true
2025-05-02 21:40:20 INFO  ChordProtocols:179 - Finger 54 peker n책 til: process4
2025-05-02 21:40:20 INFO  ChordProtocols:173 - Beregner fingerID for finger 55: 53937554629190552132031318803633473545
id: 53937554629190552132031318803633473545
lower: 53937554629190552131995290006614509577
upper: 210821560651360572675896360671414673172
Result (no wrap): true
2025-05-02 21:40:20 INFO  ChordProtocols:179 - Finger 55 peker n책 til: process4
2025-05-02 21:40:20 INFO  ChordProtocols:173 - Beregner fingerID for finger 56: 53937554629190552132067347600652437513
id: 53937554629190552132067347600652437513
lower: 53937554629190552131995290006614509577
upper: 210821560651360572675896360671414673172
Result (no wrap): true
2025-05-02 21:40:20 INFO  ChordProtocols:179 - Finger 56 peker n책 til: process4
2025-05-02 21:40:20 INFO  ChordProtocols:173 - Beregner fingerID for finger 57: 53937554629190552132139405194690365449
id: 53937554629190552132139405194690365449
lower: 53937554629190552131995290006614509577
upper: 210821560651360572675896360671414673172
Result (no wrap): true
2025-05-02 21:40:20 INFO  ChordProtocols:179 - Finger 57 peker n책 til: process4
2025-05-02 21:40:20 INFO  ChordProtocols:173 - Beregner fingerID for finger 58: 53937554629190552132283520382766221321
id: 53937554629190552132283520382766221321
lower: 53937554629190552131995290006614509577
upper: 210821560651360572675896360671414673172
Result (no wrap): true
2025-05-02 21:40:20 INFO  ChordProtocols:179 - Finger 58 peker n책 til: process4
2025-05-02 21:40:20 INFO  ChordProtocols:173 - Beregner fingerID for finger 59: 53937554629190552132571750758917933065
id: 53937554629190552132571750758917933065
lower: 53937554629190552131995290006614509577
upper: 210821560651360572675896360671414673172
Result (no wrap): true
2025-05-02 21:40:20 INFO  ChordProtocols:179 - Finger 59 peker n책 til: process4
2025-05-02 21:40:20 INFO  ChordProtocols:173 - Beregner fingerID for finger 60: 53937554629190552133148211511221356553
id: 53937554629190552133148211511221356553
lower: 53937554629190552131995290006614509577
upper: 210821560651360572675896360671414673172
Result (no wrap): true
2025-05-02 21:40:20 INFO  ChordProtocols:179 - Finger 60 peker n책 til: process4
2025-05-02 21:40:20 INFO  ChordProtocols:173 - Beregner fingerID for finger 61: 53937554629190552134301133015828203529
id: 53937554629190552134301133015828203529
lower: 53937554629190552131995290006614509577
upper: 210821560651360572675896360671414673172
Result (no wrap): true
2025-05-02 21:40:20 INFO  ChordProtocols:179 - Finger 61 peker n책 til: process4
2025-05-02 21:40:20 INFO  ChordProtocols:173 - Beregner fingerID for finger 62: 53937554629190552136606976025041897481
id: 53937554629190552136606976025041897481
lower: 53937554629190552131995290006614509577
upper: 210821560651360572675896360671414673172
Result (no wrap): true
2025-05-02 21:40:20 INFO  ChordProtocols:179 - Finger 62 peker n책 til: process4
2025-05-02 21:40:20 INFO  ChordProtocols:173 - Beregner fingerID for finger 63: 53937554629190552141218662043469285385
id: 53937554629190552141218662043469285385
lower: 53937554629190552131995290006614509577
upper: 210821560651360572675896360671414673172
Result (no wrap): true
2025-05-02 21:40:20 INFO  ChordProtocols:179 - Finger 63 peker n책 til: process4
2025-05-02 21:40:20 INFO  ChordProtocols:173 - Beregner fingerID for finger 64: 53937554629190552150442034080324061193
id: 53937554629190552150442034080324061193
lower: 53937554629190552131995290006614509577
upper: 210821560651360572675896360671414673172
Result (no wrap): true
2025-05-02 21:40:20 INFO  ChordProtocols:179 - Finger 64 peker n책 til: process4
2025-05-02 21:40:20 INFO  ChordProtocols:173 - Beregner fingerID for finger 65: 53937554629190552168888778154033612809
id: 53937554629190552168888778154033612809
lower: 53937554629190552131995290006614509577
upper: 210821560651360572675896360671414673172
Result (no wrap): true
2025-05-02 21:40:20 INFO  ChordProtocols:179 - Finger 65 peker n책 til: process4
2025-05-02 21:40:20 INFO  ChordProtocols:173 - Beregner fingerID for finger 66: 53937554629190552205782266301452716041
id: 53937554629190552205782266301452716041
lower: 53937554629190552131995290006614509577
upper: 210821560651360572675896360671414673172
Result (no wrap): true
2025-05-02 21:40:20 INFO  ChordProtocols:179 - Finger 66 peker n책 til: process4
2025-05-02 21:40:20 INFO  ChordProtocols:173 - Beregner fingerID for finger 67: 53937554629190552279569242596290922505
id: 53937554629190552279569242596290922505
lower: 53937554629190552131995290006614509577
upper: 210821560651360572675896360671414673172
Result (no wrap): true
2025-05-02 21:40:20 INFO  ChordProtocols:179 - Finger 67 peker n책 til: process4
2025-05-02 21:40:20 INFO  ChordProtocols:173 - Beregner fingerID for finger 68: 53937554629190552427143195185967335433
id: 53937554629190552427143195185967335433
lower: 53937554629190552131995290006614509577
upper: 210821560651360572675896360671414673172
Result (no wrap): true
2025-05-02 21:40:20 INFO  ChordProtocols:179 - Finger 68 peker n책 til: process4
2025-05-02 21:40:20 INFO  ChordProtocols:173 - Beregner fingerID for finger 69: 53937554629190552722291100365320161289
id: 53937554629190552722291100365320161289
lower: 53937554629190552131995290006614509577
upper: 210821560651360572675896360671414673172
Result (no wrap): true
2025-05-02 21:40:20 INFO  ChordProtocols:179 - Finger 69 peker n책 til: process4
2025-05-02 21:40:20 INFO  ChordProtocols:173 - Beregner fingerID for finger 70: 53937554629190553312586910724025813001
id: 53937554629190553312586910724025813001
lower: 53937554629190552131995290006614509577
upper: 210821560651360572675896360671414673172
Result (no wrap): true
2025-05-02 21:40:20 INFO  ChordProtocols:179 - Finger 70 peker n책 til: process4
2025-05-02 21:40:20 INFO  ChordProtocols:173 - Beregner fingerID for finger 71: 53937554629190554493178531441437116425
id: 53937554629190554493178531441437116425
lower: 53937554629190552131995290006614509577
upper: 210821560651360572675896360671414673172
Result (no wrap): true
2025-05-02 21:40:20 INFO  ChordProtocols:179 - Finger 71 peker n책 til: process4
2025-05-02 21:40:20 INFO  ChordProtocols:173 - Beregner fingerID for finger 72: 53937554629190556854361772876259723273
id: 53937554629190556854361772876259723273
lower: 53937554629190552131995290006614509577
upper: 210821560651360572675896360671414673172
Result (no wrap): true
2025-05-02 21:40:20 INFO  ChordProtocols:179 - Finger 72 peker n책 til: process4
2025-05-02 21:40:20 INFO  ChordProtocols:173 - Beregner fingerID for finger 73: 53937554629190561576728255745904936969
id: 53937554629190561576728255745904936969
lower: 53937554629190552131995290006614509577
upper: 210821560651360572675896360671414673172
Result (no wrap): true
2025-05-02 21:40:20 INFO  ChordProtocols:179 - Finger 73 peker n책 til: process4
2025-05-02 21:40:20 INFO  ChordProtocols:173 - Beregner fingerID for finger 74: 53937554629190571021461221485195364361
id: 53937554629190571021461221485195364361
lower: 53937554629190552131995290006614509577
upper: 210821560651360572675896360671414673172
Result (no wrap): true
2025-05-02 21:40:20 INFO  ChordProtocols:179 - Finger 74 peker n책 til: process4
2025-05-02 21:40:20 INFO  ChordProtocols:173 - Beregner fingerID for finger 75: 53937554629190589910927152963776219145
id: 53937554629190589910927152963776219145
lower: 53937554629190552131995290006614509577
upper: 210821560651360572675896360671414673172
Result (no wrap): true
2025-05-02 21:40:20 INFO  ChordProtocols:179 - Finger 75 peker n책 til: process4
2025-05-02 21:40:20 INFO  ChordProtocols:173 - Beregner fingerID for finger 76: 53937554629190627689859015920937928713
id: 53937554629190627689859015920937928713
lower: 53937554629190552131995290006614509577
upper: 210821560651360572675896360671414673172
Result (no wrap): true
2025-05-02 21:40:20 INFO  ChordProtocols:179 - Finger 76 peker n책 til: process4
2025-05-02 21:40:20 INFO  ChordProtocols:173 - Beregner fingerID for finger 77: 53937554629190703247722741835261347849
id: 53937554629190703247722741835261347849
lower: 53937554629190552131995290006614509577
upper: 210821560651360572675896360671414673172
Result (no wrap): true
2025-05-02 21:40:20 INFO  ChordProtocols:179 - Finger 77 peker n책 til: process4
2025-05-02 21:40:20 INFO  ChordProtocols:173 - Beregner fingerID for finger 78: 53937554629190854363450193663908186121
id: 53937554629190854363450193663908186121
lower: 53937554629190552131995290006614509577
upper: 210821560651360572675896360671414673172
Result (no wrap): true
2025-05-02 21:40:20 INFO  ChordProtocols:179 - Finger 78 peker n책 til: process4
2025-05-02 21:40:20 INFO  ChordProtocols:173 - Beregner fingerID for finger 79: 53937554629191156594905097321201862665
id: 53937554629191156594905097321201862665
lower: 53937554629190552131995290006614509577
upper: 210821560651360572675896360671414673172
Result (no wrap): true
2025-05-02 21:40:20 INFO  ChordProtocols:179 - Finger 79 peker n책 til: process4
2025-05-02 21:40:20 INFO  ChordProtocols:173 - Beregner fingerID for finger 80: 53937554629191761057814904635789215753
id: 53937554629191761057814904635789215753
lower: 53937554629190552131995290006614509577
upper: 210821560651360572675896360671414673172
Result (no wrap): true
2025-05-02 21:40:20 INFO  ChordProtocols:179 - Finger 80 peker n책 til: process4
2025-05-02 21:40:20 INFO  ChordProtocols:173 - Beregner fingerID for finger 81: 53937554629192969983634519264963921929
id: 53937554629192969983634519264963921929
lower: 53937554629190552131995290006614509577
upper: 210821560651360572675896360671414673172
Result (no wrap): true
2025-05-02 21:40:20 INFO  ChordProtocols:179 - Finger 81 peker n책 til: process4
2025-05-02 21:40:20 INFO  ChordProtocols:173 - Beregner fingerID for finger 82: 53937554629195387835273748523313334281
id: 53937554629195387835273748523313334281
lower: 53937554629190552131995290006614509577
upper: 210821560651360572675896360671414673172
Result (no wrap): true
2025-05-02 21:40:20 INFO  ChordProtocols:179 - Finger 82 peker n책 til: process4
2025-05-02 21:40:20 INFO  ChordProtocols:173 - Beregner fingerID for finger 83: 53937554629200223538552207040012158985
id: 53937554629200223538552207040012158985
lower: 53937554629190552131995290006614509577
upper: 210821560651360572675896360671414673172
Result (no wrap): true
2025-05-02 21:40:20 INFO  ChordProtocols:179 - Finger 83 peker n책 til: process4
2025-05-02 21:40:20 INFO  ChordProtocols:173 - Beregner fingerID for finger 84: 53937554629209894945109124073409808393
id: 53937554629209894945109124073409808393
lower: 53937554629190552131995290006614509577
upper: 210821560651360572675896360671414673172
Result (no wrap): true
2025-05-02 21:40:20 INFO  ChordProtocols:179 - Finger 84 peker n책 til: process4
2025-05-02 21:40:20 INFO  ChordProtocols:173 - Beregner fingerID for finger 85: 53937554629229237758222958140205107209
id: 53937554629229237758222958140205107209
lower: 53937554629190552131995290006614509577
upper: 210821560651360572675896360671414673172
Result (no wrap): true
2025-05-02 21:40:20 INFO  ChordProtocols:179 - Finger 85 peker n책 til: process4
2025-05-02 21:40:20 INFO  ChordProtocols:173 - Beregner fingerID for finger 86: 53937554629267923384450626273795704841
id: 53937554629267923384450626273795704841
lower: 53937554629190552131995290006614509577
upper: 210821560651360572675896360671414673172
Result (no wrap): true
2025-05-02 21:40:20 INFO  ChordProtocols:179 - Finger 86 peker n책 til: process4
2025-05-02 21:40:20 INFO  ChordProtocols:173 - Beregner fingerID for finger 87: 53937554629345294636905962540976900105
id: 53937554629345294636905962540976900105
lower: 53937554629190552131995290006614509577
upper: 210821560651360572675896360671414673172
Result (no wrap): true
2025-05-02 21:40:20 INFO  ChordProtocols:179 - Finger 87 peker n책 til: process4
2025-05-02 21:40:20 INFO  ChordProtocols:173 - Beregner fingerID for finger 88: 53937554629500037141816635075339290633
id: 53937554629500037141816635075339290633
lower: 53937554629190552131995290006614509577
upper: 210821560651360572675896360671414673172
Result (no wrap): true
2025-05-02 21:40:20 INFO  ChordProtocols:179 - Finger 88 peker n책 til: process4
2025-05-02 21:40:20 INFO  ChordProtocols:173 - Beregner fingerID for finger 89: 53937554629809522151637980144064071689
id: 53937554629809522151637980144064071689
lower: 53937554629190552131995290006614509577
upper: 210821560651360572675896360671414673172
Result (no wrap): true
2025-05-02 21:40:20 INFO  ChordProtocols:179 - Finger 89 peker n책 til: process4
2025-05-02 21:40:20 INFO  ChordProtocols:173 - Beregner fingerID for finger 90: 53937554630428492171280670281513633801
id: 53937554630428492171280670281513633801
lower: 53937554629190552131995290006614509577
upper: 210821560651360572675896360671414673172
Result (no wrap): true
2025-05-02 21:40:20 INFO  ChordProtocols:179 - Finger 90 peker n책 til: process4
2025-05-02 21:40:20 INFO  ChordProtocols:173 - Beregner fingerID for finger 91: 53937554631666432210566050556412758025
id: 53937554631666432210566050556412758025
lower: 53937554629190552131995290006614509577
upper: 210821560651360572675896360671414673172
Result (no wrap): true
2025-05-02 21:40:20 INFO  ChordProtocols:179 - Finger 91 peker n책 til: process4
2025-05-02 21:40:20 INFO  ChordProtocols:173 - Beregner fingerID for finger 92: 53937554634142312289136811106211006473
id: 53937554634142312289136811106211006473
lower: 53937554629190552131995290006614509577
upper: 210821560651360572675896360671414673172
Result (no wrap): true
2025-05-02 21:40:20 INFO  ChordProtocols:179 - Finger 92 peker n책 til: process4
2025-05-02 21:40:20 INFO  ChordProtocols:173 - Beregner fingerID for finger 93: 53937554639094072446278332205807503369
id: 53937554639094072446278332205807503369
lower: 53937554629190552131995290006614509577
upper: 210821560651360572675896360671414673172
Result (no wrap): true
2025-05-02 21:40:20 INFO  ChordProtocols:179 - Finger 93 peker n책 til: process4
2025-05-02 21:40:20 INFO  ChordProtocols:173 - Beregner fingerID for finger 94: 53937554648997592760561374405000497161
id: 53937554648997592760561374405000497161
lower: 53937554629190552131995290006614509577
upper: 210821560651360572675896360671414673172
Result (no wrap): true
2025-05-02 21:40:20 INFO  ChordProtocols:179 - Finger 94 peker n책 til: process4
2025-05-02 21:40:20 INFO  ChordProtocols:173 - Beregner fingerID for finger 95: 53937554668804633389127458803386484745
id: 53937554668804633389127458803386484745
lower: 53937554629190552131995290006614509577
upper: 210821560651360572675896360671414673172
Result (no wrap): true
2025-05-02 21:40:20 INFO  ChordProtocols:179 - Finger 95 peker n책 til: process4
2025-05-02 21:40:20 INFO  ChordProtocols:173 - Beregner fingerID for finger 96: 53937554708418714646259627600158459913
id: 53937554708418714646259627600158459913
lower: 53937554629190552131995290006614509577
upper: 210821560651360572675896360671414673172
Result (no wrap): true
2025-05-02 21:40:20 INFO  ChordProtocols:179 - Finger 96 peker n책 til: process4
2025-05-02 21:40:20 INFO  ChordProtocols:173 - Beregner fingerID for finger 97: 53937554787646877160523965193702410249
id: 53937554787646877160523965193702410249
lower: 53937554629190552131995290006614509577
upper: 210821560651360572675896360671414673172
Result (no wrap): true
2025-05-02 21:40:20 INFO  ChordProtocols:179 - Finger 97 peker n책 til: process4
2025-05-02 21:40:20 INFO  ChordProtocols:173 - Beregner fingerID for finger 98: 53937554946103202189052640380790310921
id: 53937554946103202189052640380790310921
lower: 53937554629190552131995290006614509577
upper: 210821560651360572675896360671414673172
Result (no wrap): true
2025-05-02 21:40:20 INFO  ChordProtocols:179 - Finger 98 peker n책 til: process4
2025-05-02 21:40:20 INFO  ChordProtocols:173 - Beregner fingerID for finger 99: 53937555263015852246109990754966112265
id: 53937555263015852246109990754966112265
lower: 53937554629190552131995290006614509577
upper: 210821560651360572675896360671414673172
Result (no wrap): true
2025-05-02 21:40:20 INFO  ChordProtocols:179 - Finger 99 peker n책 til: process4
2025-05-02 21:40:20 INFO  ChordProtocols:173 - Beregner fingerID for finger 100: 53937555896841152360224691503317714953
id: 53937555896841152360224691503317714953
lower: 53937554629190552131995290006614509577
upper: 210821560651360572675896360671414673172
Result (no wrap): true
2025-05-02 21:40:20 INFO  ChordProtocols:179 - Finger 100 peker n책 til: process4
2025-05-02 21:40:20 INFO  ChordProtocols:173 - Beregner fingerID for finger 101: 53937557164491752588454093000020920329
id: 53937557164491752588454093000020920329
lower: 53937554629190552131995290006614509577
upper: 210821560651360572675896360671414673172
Result (no wrap): true
2025-05-02 21:40:20 INFO  ChordProtocols:179 - Finger 101 peker n책 til: process4
2025-05-02 21:40:20 INFO  ChordProtocols:173 - Beregner fingerID for finger 102: 53937559699792953044912895993427331081
id: 53937559699792953044912895993427331081
lower: 53937554629190552131995290006614509577
upper: 210821560651360572675896360671414673172
Result (no wrap): true
2025-05-02 21:40:20 INFO  ChordProtocols:179 - Finger 102 peker n책 til: process4
2025-05-02 21:40:20 INFO  ChordProtocols:173 - Beregner fingerID for finger 103: 53937564770395353957830501980240152585
id: 53937564770395353957830501980240152585
lower: 53937554629190552131995290006614509577
upper: 210821560651360572675896360671414673172
Result (no wrap): true
2025-05-02 21:40:20 INFO  ChordProtocols:179 - Finger 103 peker n책 til: process4
2025-05-02 21:40:20 INFO  ChordProtocols:173 - Beregner fingerID for finger 104: 53937574911600155783665713953865795593
id: 53937574911600155783665713953865795593
lower: 53937554629190552131995290006614509577
upper: 210821560651360572675896360671414673172
Result (no wrap): true
2025-05-02 21:40:20 INFO  ChordProtocols:179 - Finger 104 peker n책 til: process4
2025-05-02 21:40:20 INFO  ChordProtocols:173 - Beregner fingerID for finger 105: 53937595194009759435336137901117081609
id: 53937595194009759435336137901117081609
lower: 53937554629190552131995290006614509577
upper: 210821560651360572675896360671414673172
Result (no wrap): true
2025-05-02 21:40:20 INFO  ChordProtocols:179 - Finger 105 peker n책 til: process4
2025-05-02 21:40:20 INFO  ChordProtocols:173 - Beregner fingerID for finger 106: 53937635758828966738676985795619653641
id: 53937635758828966738676985795619653641
lower: 53937554629190552131995290006614509577
upper: 210821560651360572675896360671414673172
Result (no wrap): true
2025-05-02 21:40:20 INFO  ChordProtocols:179 - Finger 106 peker n책 til: process4
2025-05-02 21:40:20 INFO  ChordProtocols:173 - Beregner fingerID for finger 107: 53937716888467381345358681584624797705
id: 53937716888467381345358681584624797705
lower: 53937554629190552131995290006614509577
upper: 210821560651360572675896360671414673172
Result (no wrap): true
2025-05-02 21:40:20 INFO  ChordProtocols:179 - Finger 107 peker n책 til: process4
2025-05-02 21:40:20 INFO  ChordProtocols:173 - Beregner fingerID for finger 108: 53937879147744210558722073162635085833
id: 53937879147744210558722073162635085833
lower: 53937554629190552131995290006614509577
upper: 210821560651360572675896360671414673172
Result (no wrap): true
2025-05-02 21:40:20 INFO  ChordProtocols:179 - Finger 108 peker n책 til: process4
2025-05-02 21:40:20 INFO  ChordProtocols:173 - Beregner fingerID for finger 109: 53938203666297868985448856318655662089
id: 53938203666297868985448856318655662089
lower: 53937554629190552131995290006614509577
upper: 210821560651360572675896360671414673172
Result (no wrap): true
2025-05-02 21:40:20 INFO  ChordProtocols:179 - Finger 109 peker n책 til: process4
2025-05-02 21:40:20 INFO  ChordProtocols:173 - Beregner fingerID for finger 110: 53938852703405185838902422630696814601
id: 53938852703405185838902422630696814601
lower: 53937554629190552131995290006614509577
upper: 210821560651360572675896360671414673172
Result (no wrap): true
2025-05-02 21:40:20 INFO  ChordProtocols:179 - Finger 110 peker n책 til: process4
2025-05-02 21:40:20 INFO  ChordProtocols:173 - Beregner fingerID for finger 111: 53940150777619819545809555254779119625
id: 53940150777619819545809555254779119625
lower: 53937554629190552131995290006614509577
upper: 210821560651360572675896360671414673172
Result (no wrap): true
2025-05-02 21:40:20 INFO  ChordProtocols:179 - Finger 111 peker n책 til: process4
2025-05-02 21:40:20 INFO  ChordProtocols:173 - Beregner fingerID for finger 112: 53942746926049086959623820502943729673
id: 53942746926049086959623820502943729673
lower: 53937554629190552131995290006614509577
upper: 210821560651360572675896360671414673172
Result (no wrap): true
2025-05-02 21:40:20 INFO  ChordProtocols:179 - Finger 112 peker n책 til: process4
2025-05-02 21:40:20 INFO  ChordProtocols:173 - Beregner fingerID for finger 113: 53947939222907621787252350999272949769
id: 53947939222907621787252350999272949769
lower: 53937554629190552131995290006614509577
upper: 210821560651360572675896360671414673172
Result (no wrap): true
2025-05-02 21:40:20 INFO  ChordProtocols:179 - Finger 113 peker n책 til: process4
2025-05-02 21:40:20 INFO  ChordProtocols:173 - Beregner fingerID for finger 114: 53958323816624691442509411991931389961
id: 53958323816624691442509411991931389961
lower: 53937554629190552131995290006614509577
upper: 210821560651360572675896360671414673172
Result (no wrap): true
2025-05-02 21:40:20 INFO  ChordProtocols:179 - Finger 114 peker n책 til: process4
2025-05-02 21:40:20 INFO  ChordProtocols:173 - Beregner fingerID for finger 115: 53979093004058830753023533977248270345
id: 53979093004058830753023533977248270345
lower: 53937554629190552131995290006614509577
upper: 210821560651360572675896360671414673172
Result (no wrap): true
2025-05-02 21:40:20 INFO  ChordProtocols:179 - Finger 115 peker n책 til: process4
2025-05-02 21:40:20 INFO  ChordProtocols:173 - Beregner fingerID for finger 116: 54020631378927109374051777947882031113
id: 54020631378927109374051777947882031113
lower: 53937554629190552131995290006614509577
upper: 210821560651360572675896360671414673172
Result (no wrap): true
2025-05-02 21:40:20 INFO  ChordProtocols:179 - Finger 116 peker n책 til: process4
2025-05-02 21:40:20 INFO  ChordProtocols:173 - Beregner fingerID for finger 117: 54103708128663666616108265889149552649
id: 54103708128663666616108265889149552649
lower: 53937554629190552131995290006614509577
upper: 210821560651360572675896360671414673172
Result (no wrap): true
2025-05-02 21:40:20 INFO  ChordProtocols:179 - Finger 117 peker n책 til: process4
2025-05-02 21:40:20 INFO  ChordProtocols:173 - Beregner fingerID for finger 118: 54269861628136781100221241771684595721
id: 54269861628136781100221241771684595721
lower: 53937554629190552131995290006614509577
upper: 210821560651360572675896360671414673172
Result (no wrap): true
2025-05-02 21:40:20 INFO  ChordProtocols:179 - Finger 118 peker n책 til: process4
2025-05-02 21:40:20 INFO  ChordProtocols:173 - Beregner fingerID for finger 119: 54602168627083010068447193536754681865
id: 54602168627083010068447193536754681865
lower: 53937554629190552131995290006614509577
upper: 210821560651360572675896360671414673172
Result (no wrap): true
2025-05-02 21:40:20 INFO  ChordProtocols:179 - Finger 119 peker n책 til: process4
2025-05-02 21:40:20 INFO  ChordProtocols:173 - Beregner fingerID for finger 120: 55266782624975468004899097066894854153
id: 55266782624975468004899097066894854153
lower: 53937554629190552131995290006614509577
upper: 210821560651360572675896360671414673172
Result (no wrap): true
2025-05-02 21:40:20 INFO  ChordProtocols:179 - Finger 120 peker n책 til: process4
2025-05-02 21:40:20 INFO  ChordProtocols:173 - Beregner fingerID for finger 121: 56596010620760383877802904127175198729
id: 56596010620760383877802904127175198729
lower: 53937554629190552131995290006614509577
upper: 210821560651360572675896360671414673172
Result (no wrap): true
2025-05-02 21:40:20 INFO  ChordProtocols:179 - Finger 121 peker n책 til: process4
2025-05-02 21:40:20 INFO  ChordProtocols:173 - Beregner fingerID for finger 122: 59254466612330215623610518247735887881
id: 59254466612330215623610518247735887881
lower: 53937554629190552131995290006614509577
upper: 210821560651360572675896360671414673172
Result (no wrap): true
2025-05-02 21:40:20 INFO  ChordProtocols:179 - Finger 122 peker n책 til: process4
2025-05-02 21:40:20 INFO  ChordProtocols:173 - Beregner fingerID for finger 123: 64571378595469879115225746488857266185
id: 64571378595469879115225746488857266185
lower: 53937554629190552131995290006614509577
upper: 210821560651360572675896360671414673172
Result (no wrap): true
2025-05-02 21:40:20 INFO  ChordProtocols:179 - Finger 123 peker n책 til: process4
2025-05-02 21:40:20 INFO  ChordProtocols:173 - Beregner fingerID for finger 124: 75205202561749206098456202971100022793
id: 75205202561749206098456202971100022793
lower: 53937554629190552131995290006614509577
upper: 210821560651360572675896360671414673172
Result (no wrap): true
2025-05-02 21:40:20 INFO  ChordProtocols:179 - Finger 124 peker n책 til: process4
2025-05-02 21:40:20 INFO  ChordProtocols:173 - Beregner fingerID for finger 125: 96472850494307860064917115935585536009
id: 96472850494307860064917115935585536009
lower: 53937554629190552131995290006614509577
upper: 210821560651360572675896360671414673172
Result (no wrap): true
2025-05-02 21:40:20 INFO  ChordProtocols:179 - Finger 125 peker n책 til: process4
2025-05-02 21:40:20 INFO  ChordProtocols:173 - Beregner fingerID for finger 126: 139008146359425167997838941864556562441
id: 139008146359425167997838941864556562441
lower: 53937554629190552131995290006614509577
upper: 210821560651360572675896360671414673172
Result (no wrap): true
2025-05-02 21:40:20 INFO  ChordProtocols:179 - Finger 126 peker n책 til: process4
2025-05-02 21:40:20 INFO  ChordProtocols:173 - Beregner fingerID for finger 127: 224078738089659783863682593722498615305
id: 224078738089659783863682593722498615305
lower: 53937554629190552131995290006614509577
upper: 210821560651360572675896360671414673172
Result (no wrap): false
id: 210821560651360572675896360671414673172
lower: 53937554629190552131995290006614509577
upper: 224078738089659783863682593722498615305
Result (no wrap): true
id: 224078738089659783863682593722498615305
lower: 210821560651360572675896360671414673172
upper: 15618062003214643351512781541041391612
Result (wrap): true
2025-05-02 21:40:20 INFO  ChordProtocols:179 - Finger 127 peker n책 til: process2
2025-05-02 21:40:20 INFO  StabilizationProtocols:60 - Checking the predecessor for Node: process1
==================================
Node Identifier = 53937554629190552131995290006614509577
Node IP address = process1
successor(process1) = process4
predecessor(process1) = process2
Current File keys for process1 => []
==================================
2025-05-02 21:40:20 INFO  StabilizationProtocols:130 - Updating the successor for Node: process2
id: 15618062003214643351512781541041391613
lower: 15618062003214643351512781541041391612
upper: 53937554629190552131995290006614509577
Result (no wrap): true
2025-05-02 21:40:20 INFO  StabilizationProtocols:84 - Stabilizing ring from process2...
2025-05-02 21:40:20 INFO  StabilizationProtocols:91 - Stabilize ring: succnode = process1
id: 15618062003214643351512781541041391612
lower: 15618062003214643351512781541041391613
upper: 53937554629190552131995290006614509578
Result (no wrap): false
2025-05-02 21:40:20 INFO  StabilizationProtocols:113 - Finished stabilizing chordring from process2
2025-05-02 21:40:20 INFO  ChordProtocols:159 - Oppdaterer FingerTable for Node: process2
2025-05-02 21:40:20 INFO  ChordProtocols:173 - Beregner fingerID for finger 0: 15618062003214643351512781541041391613
id: 15618062003214643351512781541041391613
lower: 15618062003214643351512781541041391612
upper: 53937554629190552131995290006614509577
Result (no wrap): true
2025-05-02 21:40:20 INFO  ChordProtocols:179 - Finger 0 peker n책 til: process1
2025-05-02 21:40:20 INFO  ChordProtocols:173 - Beregner fingerID for finger 1: 15618062003214643351512781541041391614
id: 15618062003214643351512781541041391614
lower: 15618062003214643351512781541041391612
upper: 53937554629190552131995290006614509577
Result (no wrap): true
2025-05-02 21:40:20 INFO  ChordProtocols:179 - Finger 1 peker n책 til: process1
2025-05-02 21:40:20 INFO  ChordProtocols:173 - Beregner fingerID for finger 2: 15618062003214643351512781541041391616
id: 15618062003214643351512781541041391616
lower: 15618062003214643351512781541041391612
upper: 53937554629190552131995290006614509577
Result (no wrap): true
2025-05-02 21:40:20 INFO  ChordProtocols:179 - Finger 2 peker n책 til: process1
2025-05-02 21:40:20 INFO  ChordProtocols:173 - Beregner fingerID for finger 3: 15618062003214643351512781541041391620
id: 15618062003214643351512781541041391620
lower: 15618062003214643351512781541041391612
upper: 53937554629190552131995290006614509577
Result (no wrap): true
2025-05-02 21:40:20 INFO  ChordProtocols:179 - Finger 3 peker n책 til: process1
2025-05-02 21:40:20 INFO  ChordProtocols:173 - Beregner fingerID for finger 4: 15618062003214643351512781541041391628
id: 15618062003214643351512781541041391628
lower: 15618062003214643351512781541041391612
upper: 53937554629190552131995290006614509577
Result (no wrap): true
2025-05-02 21:40:20 INFO  ChordProtocols:179 - Finger 4 peker n책 til: process1
2025-05-02 21:40:20 INFO  ChordProtocols:173 - Beregner fingerID for finger 5: 15618062003214643351512781541041391644
id: 15618062003214643351512781541041391644
lower: 15618062003214643351512781541041391612
upper: 53937554629190552131995290006614509577
Result (no wrap): true
2025-05-02 21:40:20 INFO  ChordProtocols:179 - Finger 5 peker n책 til: process1
2025-05-02 21:40:20 INFO  ChordProtocols:173 - Beregner fingerID for finger 6: 15618062003214643351512781541041391676
id: 15618062003214643351512781541041391676
lower: 15618062003214643351512781541041391612
upper: 53937554629190552131995290006614509577
Result (no wrap): true
2025-05-02 21:40:20 INFO  ChordProtocols:179 - Finger 6 peker n책 til: process1
2025-05-02 21:40:20 INFO  ChordProtocols:173 - Beregner fingerID for finger 7: 15618062003214643351512781541041391740
id: 15618062003214643351512781541041391740
lower: 15618062003214643351512781541041391612
upper: 53937554629190552131995290006614509577
Result (no wrap): true
2025-05-02 21:40:20 INFO  ChordProtocols:179 - Finger 7 peker n책 til: process1
2025-05-02 21:40:20 INFO  ChordProtocols:173 - Beregner fingerID for finger 8: 15618062003214643351512781541041391868
id: 15618062003214643351512781541041391868
lower: 15618062003214643351512781541041391612
upper: 53937554629190552131995290006614509577
Result (no wrap): true
2025-05-02 21:40:20 INFO  ChordProtocols:179 - Finger 8 peker n책 til: process1
2025-05-02 21:40:20 INFO  ChordProtocols:173 - Beregner fingerID for finger 9: 15618062003214643351512781541041392124
id: 15618062003214643351512781541041392124
lower: 15618062003214643351512781541041391612
upper: 53937554629190552131995290006614509577
Result (no wrap): true
2025-05-02 21:40:20 INFO  ChordProtocols:179 - Finger 9 peker n책 til: process1
2025-05-02 21:40:20 INFO  ChordProtocols:173 - Beregner fingerID for finger 10: 15618062003214643351512781541041392636
id: 15618062003214643351512781541041392636
lower: 15618062003214643351512781541041391612
upper: 53937554629190552131995290006614509577
Result (no wrap): true
2025-05-02 21:40:20 INFO  ChordProtocols:179 - Finger 10 peker n책 til: process1
2025-05-02 21:40:20 INFO  ChordProtocols:173 - Beregner fingerID for finger 11: 15618062003214643351512781541041393660
id: 15618062003214643351512781541041393660
lower: 15618062003214643351512781541041391612
upper: 53937554629190552131995290006614509577
Result (no wrap): true
2025-05-02 21:40:20 INFO  ChordProtocols:179 - Finger 11 peker n책 til: process1
2025-05-02 21:40:20 INFO  ChordProtocols:173 - Beregner fingerID for finger 12: 15618062003214643351512781541041395708
id: 15618062003214643351512781541041395708
lower: 15618062003214643351512781541041391612
upper: 53937554629190552131995290006614509577
Result (no wrap): true
2025-05-02 21:40:20 INFO  ChordProtocols:179 - Finger 12 peker n책 til: process1
2025-05-02 21:40:20 INFO  ChordProtocols:173 - Beregner fingerID for finger 13: 15618062003214643351512781541041399804
id: 15618062003214643351512781541041399804
lower: 15618062003214643351512781541041391612
upper: 53937554629190552131995290006614509577
Result (no wrap): true
2025-05-02 21:40:20 INFO  ChordProtocols:179 - Finger 13 peker n책 til: process1
2025-05-02 21:40:20 INFO  ChordProtocols:173 - Beregner fingerID for finger 14: 15618062003214643351512781541041407996
id: 15618062003214643351512781541041407996
lower: 15618062003214643351512781541041391612
upper: 53937554629190552131995290006614509577
Result (no wrap): true
2025-05-02 21:40:20 INFO  ChordProtocols:179 - Finger 14 peker n책 til: process1
2025-05-02 21:40:20 INFO  ChordProtocols:173 - Beregner fingerID for finger 15: 15618062003214643351512781541041424380
id: 15618062003214643351512781541041424380
lower: 15618062003214643351512781541041391612
upper: 53937554629190552131995290006614509577
Result (no wrap): true
2025-05-02 21:40:20 INFO  ChordProtocols:179 - Finger 15 peker n책 til: process1
2025-05-02 21:40:20 INFO  ChordProtocols:173 - Beregner fingerID for finger 16: 15618062003214643351512781541041457148
id: 15618062003214643351512781541041457148
lower: 15618062003214643351512781541041391612
upper: 53937554629190552131995290006614509577
Result (no wrap): true
2025-05-02 21:40:20 INFO  ChordProtocols:179 - Finger 16 peker n책 til: process1
2025-05-02 21:40:20 INFO  ChordProtocols:173 - Beregner fingerID for finger 17: 15618062003214643351512781541041522684
id: 15618062003214643351512781541041522684
lower: 15618062003214643351512781541041391612
upper: 53937554629190552131995290006614509577
Result (no wrap): true
2025-05-02 21:40:20 INFO  ChordProtocols:179 - Finger 17 peker n책 til: process1
2025-05-02 21:40:20 INFO  ChordProtocols:173 - Beregner fingerID for finger 18: 15618062003214643351512781541041653756
id: 15618062003214643351512781541041653756
lower: 15618062003214643351512781541041391612
upper: 53937554629190552131995290006614509577
Result (no wrap): true
2025-05-02 21:40:20 INFO  ChordProtocols:179 - Finger 18 peker n책 til: process1
2025-05-02 21:40:20 INFO  ChordProtocols:173 - Beregner fingerID for finger 19: 15618062003214643351512781541041915900
id: 15618062003214643351512781541041915900
lower: 15618062003214643351512781541041391612
upper: 53937554629190552131995290006614509577
Result (no wrap): true
2025-05-02 21:40:20 INFO  ChordProtocols:179 - Finger 19 peker n책 til: process1
2025-05-02 21:40:20 INFO  ChordProtocols:173 - Beregner fingerID for finger 20: 15618062003214643351512781541042440188
id: 15618062003214643351512781541042440188
lower: 15618062003214643351512781541041391612
upper: 53937554629190552131995290006614509577
Result (no wrap): true
2025-05-02 21:40:20 INFO  ChordProtocols:179 - Finger 20 peker n책 til: process1
2025-05-02 21:40:20 INFO  ChordProtocols:173 - Beregner fingerID for finger 21: 15618062003214643351512781541043488764
id: 15618062003214643351512781541043488764
lower: 15618062003214643351512781541041391612
upper: 53937554629190552131995290006614509577
Result (no wrap): true
2025-05-02 21:40:20 INFO  ChordProtocols:179 - Finger 21 peker n책 til: process1
2025-05-02 21:40:20 INFO  ChordProtocols:173 - Beregner fingerID for finger 22: 15618062003214643351512781541045585916
id: 15618062003214643351512781541045585916
lower: 15618062003214643351512781541041391612
upper: 53937554629190552131995290006614509577
Result (no wrap): true
2025-05-02 21:40:20 INFO  ChordProtocols:179 - Finger 22 peker n책 til: process1
2025-05-02 21:40:20 INFO  ChordProtocols:173 - Beregner fingerID for finger 23: 15618062003214643351512781541049780220
id: 15618062003214643351512781541049780220
lower: 15618062003214643351512781541041391612
upper: 53937554629190552131995290006614509577
Result (no wrap): true
2025-05-02 21:40:20 INFO  ChordProtocols:179 - Finger 23 peker n책 til: process1
2025-05-02 21:40:20 INFO  ChordProtocols:173 - Beregner fingerID for finger 24: 15618062003214643351512781541058168828
id: 15618062003214643351512781541058168828
lower: 15618062003214643351512781541041391612
upper: 53937554629190552131995290006614509577
Result (no wrap): true
2025-05-02 21:40:20 INFO  ChordProtocols:179 - Finger 24 peker n책 til: process1
2025-05-02 21:40:20 INFO  ChordProtocols:173 - Beregner fingerID for finger 25: 15618062003214643351512781541074946044
id: 15618062003214643351512781541074946044
lower: 15618062003214643351512781541041391612
upper: 53937554629190552131995290006614509577
Result (no wrap): true
2025-05-02 21:40:20 INFO  ChordProtocols:179 - Finger 25 peker n책 til: process1
2025-05-02 21:40:20 INFO  ChordProtocols:173 - Beregner fingerID for finger 26: 15618062003214643351512781541108500476
id: 15618062003214643351512781541108500476
lower: 15618062003214643351512781541041391612
upper: 53937554629190552131995290006614509577
Result (no wrap): true
2025-05-02 21:40:20 INFO  ChordProtocols:179 - Finger 26 peker n책 til: process1
2025-05-02 21:40:20 INFO  ChordProtocols:173 - Beregner fingerID for finger 27: 15618062003214643351512781541175609340
id: 15618062003214643351512781541175609340
lower: 15618062003214643351512781541041391612
upper: 53937554629190552131995290006614509577
Result (no wrap): true
2025-05-02 21:40:20 INFO  ChordProtocols:179 - Finger 27 peker n책 til: process1
2025-05-02 21:40:20 INFO  ChordProtocols:173 - Beregner fingerID for finger 28: 15618062003214643351512781541309827068
id: 15618062003214643351512781541309827068
lower: 15618062003214643351512781541041391612
upper: 53937554629190552131995290006614509577
Result (no wrap): true
2025-05-02 21:40:20 INFO  ChordProtocols:179 - Finger 28 peker n책 til: process1
2025-05-02 21:40:20 INFO  ChordProtocols:173 - Beregner fingerID for finger 29: 15618062003214643351512781541578262524
id: 15618062003214643351512781541578262524
lower: 15618062003214643351512781541041391612
upper: 53937554629190552131995290006614509577
Result (no wrap): true
2025-05-02 21:40:20 INFO  ChordProtocols:179 - Finger 29 peker n책 til: process1
2025-05-02 21:40:20 INFO  ChordProtocols:173 - Beregner fingerID for finger 30: 15618062003214643351512781542115133436
id: 15618062003214643351512781542115133436
lower: 15618062003214643351512781541041391612
upper: 53937554629190552131995290006614509577
Result (no wrap): true
2025-05-02 21:40:20 INFO  ChordProtocols:179 - Finger 30 peker n책 til: process1
2025-05-02 21:40:20 INFO  ChordProtocols:173 - Beregner fingerID for finger 31: 15618062003214643351512781543188875260
id: 15618062003214643351512781543188875260
lower: 15618062003214643351512781541041391612
upper: 53937554629190552131995290006614509577
Result (no wrap): true
2025-05-02 21:40:20 INFO  ChordProtocols:179 - Finger 31 peker n책 til: process1
2025-05-02 21:40:20 INFO  ChordProtocols:173 - Beregner fingerID for finger 32: 15618062003214643351512781545336358908
id: 15618062003214643351512781545336358908
lower: 15618062003214643351512781541041391612
upper: 53937554629190552131995290006614509577
Result (no wrap): true
2025-05-02 21:40:20 INFO  ChordProtocols:179 - Finger 32 peker n책 til: process1
2025-05-02 21:40:20 INFO  ChordProtocols:173 - Beregner fingerID for finger 33: 15618062003214643351512781549631326204
id: 15618062003214643351512781549631326204
lower: 15618062003214643351512781541041391612
upper: 53937554629190552131995290006614509577
Result (no wrap): true
2025-05-02 21:40:20 INFO  ChordProtocols:179 - Finger 33 peker n책 til: process1
2025-05-02 21:40:20 INFO  ChordProtocols:173 - Beregner fingerID for finger 34: 15618062003214643351512781558221260796
id: 15618062003214643351512781558221260796
lower: 15618062003214643351512781541041391612
upper: 53937554629190552131995290006614509577
Result (no wrap): true
2025-05-02 21:40:20 INFO  ChordProtocols:179 - Finger 34 peker n책 til: process1
2025-05-02 21:40:20 INFO  ChordProtocols:173 - Beregner fingerID for finger 35: 15618062003214643351512781575401129980
id: 15618062003214643351512781575401129980
lower: 15618062003214643351512781541041391612
upper: 53937554629190552131995290006614509577
Result (no wrap): true
2025-05-02 21:40:20 INFO  ChordProtocols:179 - Finger 35 peker n책 til: process1
2025-05-02 21:40:20 INFO  ChordProtocols:173 - Beregner fingerID for finger 36: 15618062003214643351512781609760868348
id: 15618062003214643351512781609760868348
lower: 15618062003214643351512781541041391612
upper: 53937554629190552131995290006614509577
Result (no wrap): true
2025-05-02 21:40:20 INFO  ChordProtocols:179 - Finger 36 peker n책 til: process1
2025-05-02 21:40:20 INFO  ChordProtocols:173 - Beregner fingerID for finger 37: 15618062003214643351512781678480345084
id: 15618062003214643351512781678480345084
lower: 15618062003214643351512781541041391612
upper: 53937554629190552131995290006614509577
Result (no wrap): true
2025-05-02 21:40:20 INFO  ChordProtocols:179 - Finger 37 peker n책 til: process1
2025-05-02 21:40:20 INFO  ChordProtocols:173 - Beregner fingerID for finger 38: 15618062003214643351512781815919298556
id: 15618062003214643351512781815919298556
lower: 15618062003214643351512781541041391612
upper: 53937554629190552131995290006614509577
Result (no wrap): true
2025-05-02 21:40:20 INFO  ChordProtocols:179 - Finger 38 peker n책 til: process1
2025-05-02 21:40:20 INFO  ChordProtocols:173 - Beregner fingerID for finger 39: 15618062003214643351512782090797205500
id: 15618062003214643351512782090797205500
lower: 15618062003214643351512781541041391612
upper: 53937554629190552131995290006614509577
Result (no wrap): true
2025-05-02 21:40:20 INFO  ChordProtocols:179 - Finger 39 peker n책 til: process1
2025-05-02 21:40:20 INFO  ChordProtocols:173 - Beregner fingerID for finger 40: 15618062003214643351512782640553019388
id: 15618062003214643351512782640553019388
lower: 15618062003214643351512781541041391612
upper: 53937554629190552131995290006614509577
Result (no wrap): true
2025-05-02 21:40:20 INFO  ChordProtocols:179 - Finger 40 peker n책 til: process1
2025-05-02 21:40:20 INFO  ChordProtocols:173 - Beregner fingerID for finger 41: 15618062003214643351512783740064647164
id: 15618062003214643351512783740064647164
lower: 15618062003214643351512781541041391612
upper: 53937554629190552131995290006614509577
Result (no wrap): true
2025-05-02 21:40:20 INFO  ChordProtocols:179 - Finger 41 peker n책 til: process1
2025-05-02 21:40:20 INFO  ChordProtocols:173 - Beregner fingerID for finger 42: 15618062003214643351512785939087902716
id: 15618062003214643351512785939087902716
lower: 15618062003214643351512781541041391612
upper: 53937554629190552131995290006614509577
Result (no wrap): true
2025-05-02 21:40:20 INFO  ChordProtocols:179 - Finger 42 peker n책 til: process1
2025-05-02 21:40:20 INFO  ChordProtocols:173 - Beregner fingerID for finger 43: 15618062003214643351512790337134413820
id: 15618062003214643351512790337134413820
lower: 15618062003214643351512781541041391612
upper: 53937554629190552131995290006614509577
Result (no wrap): true
2025-05-02 21:40:20 INFO  ChordProtocols:179 - Finger 43 peker n책 til: process1
2025-05-02 21:40:20 INFO  ChordProtocols:173 - Beregner fingerID for finger 44: 15618062003214643351512799133227436028
id: 15618062003214643351512799133227436028
lower: 15618062003214643351512781541041391612
upper: 53937554629190552131995290006614509577
Result (no wrap): true
2025-05-02 21:40:20 INFO  ChordProtocols:179 - Finger 44 peker n책 til: process1
2025-05-02 21:40:20 INFO  ChordProtocols:173 - Beregner fingerID for finger 45: 15618062003214643351512816725413480444
id: 15618062003214643351512816725413480444
lower: 15618062003214643351512781541041391612
upper: 53937554629190552131995290006614509577
Result (no wrap): true
2025-05-02 21:40:20 INFO  ChordProtocols:179 - Finger 45 peker n책 til: process1
2025-05-02 21:40:20 INFO  ChordProtocols:173 - Beregner fingerID for finger 46: 15618062003214643351512851909785569276
id: 15618062003214643351512851909785569276
lower: 15618062003214643351512781541041391612
upper: 53937554629190552131995290006614509577
Result (no wrap): true
2025-05-02 21:40:20 INFO  ChordProtocols:179 - Finger 46 peker n책 til: process1
2025-05-02 21:40:20 INFO  ChordProtocols:173 - Beregner fingerID for finger 47: 15618062003214643351512922278529746940
id: 15618062003214643351512922278529746940
lower: 15618062003214643351512781541041391612
upper: 53937554629190552131995290006614509577
Result (no wrap): true
2025-05-02 21:40:20 INFO  ChordProtocols:179 - Finger 47 peker n책 til: process1
2025-05-02 21:40:20 INFO  ChordProtocols:173 - Beregner fingerID for finger 48: 15618062003214643351513063016018102268
id: 15618062003214643351513063016018102268
lower: 15618062003214643351512781541041391612
upper: 53937554629190552131995290006614509577
Result (no wrap): true
2025-05-02 21:40:20 INFO  ChordProtocols:179 - Finger 48 peker n책 til: process1
2025-05-02 21:40:20 INFO  ChordProtocols:173 - Beregner fingerID for finger 49: 15618062003214643351513344490994812924
id: 15618062003214643351513344490994812924
lower: 15618062003214643351512781541041391612
upper: 53937554629190552131995290006614509577
Result (no wrap): true
2025-05-02 21:40:20 INFO  ChordProtocols:179 - Finger 49 peker n책 til: process1
2025-05-02 21:40:20 INFO  ChordProtocols:173 - Beregner fingerID for finger 50: 15618062003214643351513907440948234236
id: 15618062003214643351513907440948234236
lower: 15618062003214643351512781541041391612
upper: 53937554629190552131995290006614509577
Result (no wrap): true
2025-05-02 21:40:20 INFO  ChordProtocols:179 - Finger 50 peker n책 til: process1
2025-05-02 21:40:20 INFO  ChordProtocols:173 - Beregner fingerID for finger 51: 15618062003214643351515033340855076860
id: 15618062003214643351515033340855076860
lower: 15618062003214643351512781541041391612
upper: 53937554629190552131995290006614509577
Result (no wrap): true
2025-05-02 21:40:20 INFO  ChordProtocols:179 - Finger 51 peker n책 til: process1
2025-05-02 21:40:20 INFO  ChordProtocols:173 - Beregner fingerID for finger 52: 15618062003214643351517285140668762108
id: 15618062003214643351517285140668762108
lower: 15618062003214643351512781541041391612
upper: 53937554629190552131995290006614509577
Result (no wrap): true
2025-05-02 21:40:20 INFO  ChordProtocols:179 - Finger 52 peker n책 til: process1
2025-05-02 21:40:20 INFO  ChordProtocols:173 - Beregner fingerID for finger 53: 15618062003214643351521788740296132604
id: 15618062003214643351521788740296132604
lower: 15618062003214643351512781541041391612
upper: 53937554629190552131995290006614509577
Result (no wrap): true
2025-05-02 21:40:20 INFO  ChordProtocols:179 - Finger 53 peker n책 til: process1
2025-05-02 21:40:20 INFO  ChordProtocols:173 - Beregner fingerID for finger 54: 15618062003214643351530795939550873596
id: 15618062003214643351530795939550873596
lower: 15618062003214643351512781541041391612
upper: 53937554629190552131995290006614509577
Result (no wrap): true
2025-05-02 21:40:20 INFO  ChordProtocols:179 - Finger 54 peker n책 til: process1
2025-05-02 21:40:20 INFO  ChordProtocols:173 - Beregner fingerID for finger 55: 15618062003214643351548810338060355580
id: 15618062003214643351548810338060355580
lower: 15618062003214643351512781541041391612
upper: 53937554629190552131995290006614509577
Result (no wrap): true
2025-05-02 21:40:20 INFO  ChordProtocols:179 - Finger 55 peker n책 til: process1
2025-05-02 21:40:20 INFO  ChordProtocols:173 - Beregner fingerID for finger 56: 15618062003214643351584839135079319548
id: 15618062003214643351584839135079319548
lower: 15618062003214643351512781541041391612
upper: 53937554629190552131995290006614509577
Result (no wrap): true
2025-05-02 21:40:20 INFO  ChordProtocols:179 - Finger 56 peker n책 til: process1
2025-05-02 21:40:20 INFO  ChordProtocols:173 - Beregner fingerID for finger 57: 15618062003214643351656896729117247484
id: 15618062003214643351656896729117247484
lower: 15618062003214643351512781541041391612
upper: 53937554629190552131995290006614509577
Result (no wrap): true
2025-05-02 21:40:20 INFO  ChordProtocols:179 - Finger 57 peker n책 til: process1
2025-05-02 21:40:20 INFO  ChordProtocols:173 - Beregner fingerID for finger 58: 15618062003214643351801011917193103356
id: 15618062003214643351801011917193103356
lower: 15618062003214643351512781541041391612
upper: 53937554629190552131995290006614509577
Result (no wrap): true
2025-05-02 21:40:20 INFO  ChordProtocols:179 - Finger 58 peker n책 til: process1
2025-05-02 21:40:20 INFO  ChordProtocols:173 - Beregner fingerID for finger 59: 15618062003214643352089242293344815100
id: 15618062003214643352089242293344815100
lower: 15618062003214643351512781541041391612
upper: 53937554629190552131995290006614509577
Result (no wrap): true
2025-05-02 21:40:20 INFO  ChordProtocols:179 - Finger 59 peker n책 til: process1
2025-05-02 21:40:20 INFO  ChordProtocols:173 - Beregner fingerID for finger 60: 15618062003214643352665703045648238588
id: 15618062003214643352665703045648238588
lower: 15618062003214643351512781541041391612
upper: 53937554629190552131995290006614509577
Result (no wrap): true
2025-05-02 21:40:20 INFO  ChordProtocols:179 - Finger 60 peker n책 til: process1
2025-05-02 21:40:20 INFO  ChordProtocols:173 - Beregner fingerID for finger 61: 15618062003214643353818624550255085564
id: 15618062003214643353818624550255085564
lower: 15618062003214643351512781541041391612
upper: 53937554629190552131995290006614509577
Result (no wrap): true
2025-05-02 21:40:20 INFO  ChordProtocols:179 - Finger 61 peker n책 til: process1
2025-05-02 21:40:20 INFO  ChordProtocols:173 - Beregner fingerID for finger 62: 15618062003214643356124467559468779516
id: 15618062003214643356124467559468779516
lower: 15618062003214643351512781541041391612
upper: 53937554629190552131995290006614509577
Result (no wrap): true
2025-05-02 21:40:20 INFO  ChordProtocols:179 - Finger 62 peker n책 til: process1
2025-05-02 21:40:20 INFO  ChordProtocols:173 - Beregner fingerID for finger 63: 15618062003214643360736153577896167420
id: 15618062003214643360736153577896167420
lower: 15618062003214643351512781541041391612
upper: 53937554629190552131995290006614509577
Result (no wrap): true
2025-05-02 21:40:20 INFO  ChordProtocols:179 - Finger 63 peker n책 til: process1
2025-05-02 21:40:20 INFO  ChordProtocols:173 - Beregner fingerID for finger 64: 15618062003214643369959525614750943228
id: 15618062003214643369959525614750943228
lower: 15618062003214643351512781541041391612
upper: 53937554629190552131995290006614509577
Result (no wrap): true
2025-05-02 21:40:20 INFO  ChordProtocols:179 - Finger 64 peker n책 til: process1
2025-05-02 21:40:20 INFO  ChordProtocols:173 - Beregner fingerID for finger 65: 15618062003214643388406269688460494844
id: 15618062003214643388406269688460494844
lower: 15618062003214643351512781541041391612
upper: 53937554629190552131995290006614509577
Result (no wrap): true
2025-05-02 21:40:20 INFO  ChordProtocols:179 - Finger 65 peker n책 til: process1
2025-05-02 21:40:20 INFO  ChordProtocols:173 - Beregner fingerID for finger 66: 15618062003214643425299757835879598076
id: 15618062003214643425299757835879598076
lower: 15618062003214643351512781541041391612
upper: 53937554629190552131995290006614509577
Result (no wrap): true
2025-05-02 21:40:20 INFO  ChordProtocols:179 - Finger 66 peker n책 til: process1
2025-05-02 21:40:20 INFO  ChordProtocols:173 - Beregner fingerID for finger 67: 15618062003214643499086734130717804540
id: 15618062003214643499086734130717804540
lower: 15618062003214643351512781541041391612
upper: 53937554629190552131995290006614509577
Result (no wrap): true
2025-05-02 21:40:20 INFO  ChordProtocols:179 - Finger 67 peker n책 til: process1
2025-05-02 21:40:20 INFO  ChordProtocols:173 - Beregner fingerID for finger 68: 15618062003214643646660686720394217468
id: 15618062003214643646660686720394217468
lower: 15618062003214643351512781541041391612
upper: 53937554629190552131995290006614509577
Result (no wrap): true
2025-05-02 21:40:20 INFO  ChordProtocols:179 - Finger 68 peker n책 til: process1
2025-05-02 21:40:20 INFO  ChordProtocols:173 - Beregner fingerID for finger 69: 15618062003214643941808591899747043324
id: 15618062003214643941808591899747043324
lower: 15618062003214643351512781541041391612
upper: 53937554629190552131995290006614509577
Result (no wrap): true
2025-05-02 21:40:20 INFO  ChordProtocols:179 - Finger 69 peker n책 til: process1
2025-05-02 21:40:20 INFO  ChordProtocols:173 - Beregner fingerID for finger 70: 15618062003214644532104402258452695036
id: 15618062003214644532104402258452695036
lower: 15618062003214643351512781541041391612
upper: 53937554629190552131995290006614509577
Result (no wrap): true
2025-05-02 21:40:20 INFO  ChordProtocols:179 - Finger 70 peker n책 til: process1
2025-05-02 21:40:20 INFO  ChordProtocols:173 - Beregner fingerID for finger 71: 15618062003214645712696022975863998460
id: 15618062003214645712696022975863998460
lower: 15618062003214643351512781541041391612
upper: 53937554629190552131995290006614509577
Result (no wrap): true
2025-05-02 21:40:20 INFO  ChordProtocols:179 - Finger 71 peker n책 til: process1
2025-05-02 21:40:20 INFO  ChordProtocols:173 - Beregner fingerID for finger 72: 15618062003214648073879264410686605308
id: 15618062003214648073879264410686605308
lower: 15618062003214643351512781541041391612
upper: 53937554629190552131995290006614509577
Result (no wrap): true
2025-05-02 21:40:20 INFO  ChordProtocols:179 - Finger 72 peker n책 til: process1
2025-05-02 21:40:20 INFO  ChordProtocols:173 - Beregner fingerID for finger 73: 15618062003214652796245747280331819004
id: 15618062003214652796245747280331819004
lower: 15618062003214643351512781541041391612
upper: 53937554629190552131995290006614509577
Result (no wrap): true
2025-05-02 21:40:20 INFO  ChordProtocols:179 - Finger 73 peker n책 til: process1
2025-05-02 21:40:20 INFO  ChordProtocols:173 - Beregner fingerID for finger 74: 15618062003214662240978713019622246396
id: 15618062003214662240978713019622246396
lower: 15618062003214643351512781541041391612
upper: 53937554629190552131995290006614509577
Result (no wrap): true
2025-05-02 21:40:20 INFO  ChordProtocols:179 - Finger 74 peker n책 til: process1
2025-05-02 21:40:20 INFO  ChordProtocols:173 - Beregner fingerID for finger 75: 15618062003214681130444644498203101180
id: 15618062003214681130444644498203101180
lower: 15618062003214643351512781541041391612
upper: 53937554629190552131995290006614509577
Result (no wrap): true
2025-05-02 21:40:20 INFO  ChordProtocols:179 - Finger 75 peker n책 til: process1
2025-05-02 21:40:20 INFO  ChordProtocols:173 - Beregner fingerID for finger 76: 15618062003214718909376507455364810748
id: 15618062003214718909376507455364810748
lower: 15618062003214643351512781541041391612
upper: 53937554629190552131995290006614509577
Result (no wrap): true
2025-05-02 21:40:20 INFO  ChordProtocols:179 - Finger 76 peker n책 til: process1
2025-05-02 21:40:20 INFO  ChordProtocols:173 - Beregner fingerID for finger 77: 15618062003214794467240233369688229884
id: 15618062003214794467240233369688229884
lower: 15618062003214643351512781541041391612
upper: 53937554629190552131995290006614509577
Result (no wrap): true
2025-05-02 21:40:20 INFO  ChordProtocols:179 - Finger 77 peker n책 til: process1
2025-05-02 21:40:20 INFO  ChordProtocols:173 - Beregner fingerID for finger 78: 15618062003214945582967685198335068156
id: 15618062003214945582967685198335068156
lower: 15618062003214643351512781541041391612
upper: 53937554629190552131995290006614509577
Result (no wrap): true
2025-05-02 21:40:20 INFO  ChordProtocols:179 - Finger 78 peker n책 til: process1
2025-05-02 21:40:20 INFO  ChordProtocols:173 - Beregner fingerID for finger 79: 15618062003215247814422588855628744700
id: 15618062003215247814422588855628744700
lower: 15618062003214643351512781541041391612
upper: 53937554629190552131995290006614509577
Result (no wrap): true
2025-05-02 21:40:20 INFO  ChordProtocols:179 - Finger 79 peker n책 til: process1
2025-05-02 21:40:20 INFO  ChordProtocols:173 - Beregner fingerID for finger 80: 15618062003215852277332396170216097788
id: 15618062003215852277332396170216097788
lower: 15618062003214643351512781541041391612
upper: 53937554629190552131995290006614509577
Result (no wrap): true
2025-05-02 21:40:20 INFO  ChordProtocols:179 - Finger 80 peker n책 til: process1
2025-05-02 21:40:20 INFO  ChordProtocols:173 - Beregner fingerID for finger 81: 15618062003217061203152010799390803964
id: 15618062003217061203152010799390803964
lower: 15618062003214643351512781541041391612
upper: 53937554629190552131995290006614509577
Result (no wrap): true
2025-05-02 21:40:20 INFO  ChordProtocols:179 - Finger 81 peker n책 til: process1
2025-05-02 21:40:20 INFO  ChordProtocols:173 - Beregner fingerID for finger 82: 15618062003219479054791240057740216316
id: 15618062003219479054791240057740216316
lower: 15618062003214643351512781541041391612
upper: 53937554629190552131995290006614509577
Result (no wrap): true
2025-05-02 21:40:20 INFO  ChordProtocols:179 - Finger 82 peker n책 til: process1
2025-05-02 21:40:20 INFO  ChordProtocols:173 - Beregner fingerID for finger 83: 15618062003224314758069698574439041020
id: 15618062003224314758069698574439041020
lower: 15618062003214643351512781541041391612
upper: 53937554629190552131995290006614509577
Result (no wrap): true
2025-05-02 21:40:20 INFO  ChordProtocols:179 - Finger 83 peker n책 til: process1
2025-05-02 21:40:20 INFO  ChordProtocols:173 - Beregner fingerID for finger 84: 15618062003233986164626615607836690428
id: 15618062003233986164626615607836690428
lower: 15618062003214643351512781541041391612
upper: 53937554629190552131995290006614509577
Result (no wrap): true
2025-05-02 21:40:20 INFO  ChordProtocols:179 - Finger 84 peker n책 til: process1
2025-05-02 21:40:20 INFO  ChordProtocols:173 - Beregner fingerID for finger 85: 15618062003253328977740449674631989244
id: 15618062003253328977740449674631989244
lower: 15618062003214643351512781541041391612
upper: 53937554629190552131995290006614509577
Result (no wrap): true
2025-05-02 21:40:20 INFO  ChordProtocols:179 - Finger 85 peker n책 til: process1
2025-05-02 21:40:20 INFO  ChordProtocols:173 - Beregner fingerID for finger 86: 15618062003292014603968117808222586876
id: 15618062003292014603968117808222586876
lower: 15618062003214643351512781541041391612
upper: 53937554629190552131995290006614509577
Result (no wrap): true
2025-05-02 21:40:20 INFO  ChordProtocols:179 - Finger 86 peker n책 til: process1
2025-05-02 21:40:20 INFO  ChordProtocols:173 - Beregner fingerID for finger 87: 15618062003369385856423454075403782140
id: 15618062003369385856423454075403782140
lower: 15618062003214643351512781541041391612
upper: 53937554629190552131995290006614509577
Result (no wrap): true
2025-05-02 21:40:20 INFO  ChordProtocols:179 - Finger 87 peker n책 til: process1
2025-05-02 21:40:20 INFO  ChordProtocols:173 - Beregner fingerID for finger 88: 15618062003524128361334126609766172668
id: 15618062003524128361334126609766172668
lower: 15618062003214643351512781541041391612
upper: 53937554629190552131995290006614509577
Result (no wrap): true
2025-05-02 21:40:20 INFO  ChordProtocols:179 - Finger 88 peker n책 til: process1
2025-05-02 21:40:20 INFO  ChordProtocols:173 - Beregner fingerID for finger 89: 15618062003833613371155471678490953724
id: 15618062003833613371155471678490953724
lower: 15618062003214643351512781541041391612
upper: 53937554629190552131995290006614509577
Result (no wrap): true
2025-05-02 21:40:20 INFO  ChordProtocols:179 - Finger 89 peker n책 til: process1
2025-05-02 21:40:20 INFO  ChordProtocols:173 - Beregner fingerID for finger 90: 15618062004452583390798161815940515836
id: 15618062004452583390798161815940515836
lower: 15618062003214643351512781541041391612
upper: 53937554629190552131995290006614509577
Result (no wrap): true
2025-05-02 21:40:21 INFO  ChordProtocols:179 - Finger 90 peker n책 til: process1
2025-05-02 21:40:21 INFO  ChordProtocols:173 - Beregner fingerID for finger 91: 15618062005690523430083542090839640060
id: 15618062005690523430083542090839640060
lower: 15618062003214643351512781541041391612
upper: 53937554629190552131995290006614509577
Result (no wrap): true
2025-05-02 21:40:21 INFO  ChordProtocols:179 - Finger 91 peker n책 til: process1
2025-05-02 21:40:21 INFO  ChordProtocols:173 - Beregner fingerID for finger 92: 15618062008166403508654302640637888508
id: 15618062008166403508654302640637888508
lower: 15618062003214643351512781541041391612
upper: 53937554629190552131995290006614509577
Result (no wrap): true
2025-05-02 21:40:21 INFO  ChordProtocols:179 - Finger 92 peker n책 til: process1
2025-05-02 21:40:21 INFO  ChordProtocols:173 - Beregner fingerID for finger 93: 15618062013118163665795823740234385404
id: 15618062013118163665795823740234385404
lower: 15618062003214643351512781541041391612
upper: 53937554629190552131995290006614509577
Result (no wrap): true
2025-05-02 21:40:21 INFO  ChordProtocols:179 - Finger 93 peker n책 til: process1
2025-05-02 21:40:21 INFO  ChordProtocols:173 - Beregner fingerID for finger 94: 15618062023021683980078865939427379196
id: 15618062023021683980078865939427379196
lower: 15618062003214643351512781541041391612
upper: 53937554629190552131995290006614509577
Result (no wrap): true
2025-05-02 21:40:21 INFO  ChordProtocols:179 - Finger 94 peker n책 til: process1
2025-05-02 21:40:21 INFO  ChordProtocols:173 - Beregner fingerID for finger 95: 15618062042828724608644950337813366780
id: 15618062042828724608644950337813366780
lower: 15618062003214643351512781541041391612
upper: 53937554629190552131995290006614509577
Result (no wrap): true
2025-05-02 21:40:21 INFO  ChordProtocols:179 - Finger 95 peker n책 til: process1
2025-05-02 21:40:21 INFO  ChordProtocols:173 - Beregner fingerID for finger 96: 15618062082442805865777119134585341948
id: 15618062082442805865777119134585341948
lower: 15618062003214643351512781541041391612
upper: 53937554629190552131995290006614509577
Result (no wrap): true
2025-05-02 21:40:21 INFO  ChordProtocols:179 - Finger 96 peker n책 til: process1
2025-05-02 21:40:21 INFO  ChordProtocols:173 - Beregner fingerID for finger 97: 15618062161670968380041456728129292284
id: 15618062161670968380041456728129292284
lower: 15618062003214643351512781541041391612
upper: 53937554629190552131995290006614509577
Result (no wrap): true
2025-05-02 21:40:21 INFO  ChordProtocols:179 - Finger 97 peker n책 til: process1
2025-05-02 21:40:21 INFO  ChordProtocols:173 - Beregner fingerID for finger 98: 15618062320127293408570131915217192956
id: 15618062320127293408570131915217192956
lower: 15618062003214643351512781541041391612
upper: 53937554629190552131995290006614509577
Result (no wrap): true
2025-05-02 21:40:21 INFO  ChordProtocols:179 - Finger 98 peker n책 til: process1
2025-05-02 21:40:21 INFO  ChordProtocols:173 - Beregner fingerID for finger 99: 15618062637039943465627482289392994300
id: 15618062637039943465627482289392994300
lower: 15618062003214643351512781541041391612
upper: 53937554629190552131995290006614509577
Result (no wrap): true
2025-05-02 21:40:21 INFO  ChordProtocols:179 - Finger 99 peker n책 til: process1
2025-05-02 21:40:21 INFO  ChordProtocols:173 - Beregner fingerID for finger 100: 15618063270865243579742183037744596988
id: 15618063270865243579742183037744596988
lower: 15618062003214643351512781541041391612
upper: 53937554629190552131995290006614509577
Result (no wrap): true
2025-05-02 21:40:21 INFO  ChordProtocols:179 - Finger 100 peker n책 til: process1
2025-05-02 21:40:21 INFO  ChordProtocols:173 - Beregner fingerID for finger 101: 15618064538515843807971584534447802364
id: 15618064538515843807971584534447802364
lower: 15618062003214643351512781541041391612
upper: 53937554629190552131995290006614509577
Result (no wrap): true
2025-05-02 21:40:21 INFO  ChordProtocols:179 - Finger 101 peker n책 til: process1
2025-05-02 21:40:21 INFO  ChordProtocols:173 - Beregner fingerID for finger 102: 15618067073817044264430387527854213116
id: 15618067073817044264430387527854213116
lower: 15618062003214643351512781541041391612
upper: 53937554629190552131995290006614509577
Result (no wrap): true
2025-05-02 21:40:21 INFO  ChordProtocols:179 - Finger 102 peker n책 til: process1
2025-05-02 21:40:21 INFO  ChordProtocols:173 - Beregner fingerID for finger 103: 15618072144419445177347993514667034620
id: 15618072144419445177347993514667034620
lower: 15618062003214643351512781541041391612
upper: 53937554629190552131995290006614509577
Result (no wrap): true
2025-05-02 21:40:21 INFO  ChordProtocols:179 - Finger 103 peker n책 til: process1
2025-05-02 21:40:21 INFO  ChordProtocols:173 - Beregner fingerID for finger 104: 15618082285624247003183205488292677628
id: 15618082285624247003183205488292677628
lower: 15618062003214643351512781541041391612
upper: 53937554629190552131995290006614509577
Result (no wrap): true
2025-05-02 21:40:21 INFO  ChordProtocols:179 - Finger 104 peker n책 til: process1
2025-05-02 21:40:21 INFO  ChordProtocols:173 - Beregner fingerID for finger 105: 15618102568033850654853629435543963644
id: 15618102568033850654853629435543963644
lower: 15618062003214643351512781541041391612
upper: 53937554629190552131995290006614509577
Result (no wrap): true
2025-05-02 21:40:21 INFO  ChordProtocols:179 - Finger 105 peker n책 til: process1
2025-05-02 21:40:21 INFO  ChordProtocols:173 - Beregner fingerID for finger 106: 15618143132853057958194477330046535676
id: 15618143132853057958194477330046535676
lower: 15618062003214643351512781541041391612
upper: 53937554629190552131995290006614509577
Result (no wrap): true
2025-05-02 21:40:21 INFO  ChordProtocols:179 - Finger 106 peker n책 til: process1
2025-05-02 21:40:21 INFO  ChordProtocols:173 - Beregner fingerID for finger 107: 15618224262491472564876173119051679740
id: 15618224262491472564876173119051679740
lower: 15618062003214643351512781541041391612
upper: 53937554629190552131995290006614509577
Result (no wrap): true
2025-05-02 21:40:21 INFO  ChordProtocols:179 - Finger 107 peker n책 til: process1
2025-05-02 21:40:21 INFO  ChordProtocols:173 - Beregner fingerID for finger 108: 15618386521768301778239564697061967868
id: 15618386521768301778239564697061967868
lower: 15618062003214643351512781541041391612
upper: 53937554629190552131995290006614509577
Result (no wrap): true
2025-05-02 21:40:21 INFO  ChordProtocols:179 - Finger 108 peker n책 til: process1
2025-05-02 21:40:21 INFO  ChordProtocols:173 - Beregner fingerID for finger 109: 15618711040321960204966347853082544124
id: 15618711040321960204966347853082544124
lower: 15618062003214643351512781541041391612
upper: 53937554629190552131995290006614509577
Result (no wrap): true
2025-05-02 21:40:21 INFO  ChordProtocols:179 - Finger 109 peker n책 til: process1
2025-05-02 21:40:21 INFO  ChordProtocols:173 - Beregner fingerID for finger 110: 15619360077429277058419914165123696636
id: 15619360077429277058419914165123696636
lower: 15618062003214643351512781541041391612
upper: 53937554629190552131995290006614509577
Result (no wrap): true
2025-05-02 21:40:21 INFO  ChordProtocols:179 - Finger 110 peker n책 til: process1
2025-05-02 21:40:21 INFO  ChordProtocols:173 - Beregner fingerID for finger 111: 15620658151643910765327046789206001660
id: 15620658151643910765327046789206001660
lower: 15618062003214643351512781541041391612
upper: 53937554629190552131995290006614509577
Result (no wrap): true
2025-05-02 21:40:21 INFO  ChordProtocols:179 - Finger 111 peker n책 til: process1
2025-05-02 21:40:21 INFO  ChordProtocols:173 - Beregner fingerID for finger 112: 15623254300073178179141312037370611708
id: 15623254300073178179141312037370611708
lower: 15618062003214643351512781541041391612
upper: 53937554629190552131995290006614509577
Result (no wrap): true
2025-05-02 21:40:21 INFO  ChordProtocols:179 - Finger 112 peker n책 til: process1
2025-05-02 21:40:21 INFO  ChordProtocols:173 - Beregner fingerID for finger 113: 15628446596931713006769842533699831804
id: 15628446596931713006769842533699831804
lower: 15618062003214643351512781541041391612
upper: 53937554629190552131995290006614509577
Result (no wrap): true
2025-05-02 21:40:21 INFO  ChordProtocols:179 - Finger 113 peker n책 til: process1
2025-05-02 21:40:21 INFO  ChordProtocols:173 - Beregner fingerID for finger 114: 15638831190648782662026903526358271996
id: 15638831190648782662026903526358271996
lower: 15618062003214643351512781541041391612
upper: 53937554629190552131995290006614509577
Result (no wrap): true
2025-05-02 21:40:21 INFO  ChordProtocols:179 - Finger 114 peker n책 til: process1
2025-05-02 21:40:21 INFO  ChordProtocols:173 - Beregner fingerID for finger 115: 15659600378082921972541025511675152380
id: 15659600378082921972541025511675152380
lower: 15618062003214643351512781541041391612
upper: 53937554629190552131995290006614509577
Result (no wrap): true
2025-05-02 21:40:21 INFO  ChordProtocols:179 - Finger 115 peker n책 til: process1
2025-05-02 21:40:21 INFO  ChordProtocols:173 - Beregner fingerID for finger 116: 15701138752951200593569269482308913148
id: 15701138752951200593569269482308913148
lower: 15618062003214643351512781541041391612
upper: 53937554629190552131995290006614509577
Result (no wrap): true
2025-05-02 21:40:21 INFO  ChordProtocols:179 - Finger 116 peker n책 til: process1
2025-05-02 21:40:21 INFO  ChordProtocols:173 - Beregner fingerID for finger 117: 15784215502687757835625757423576434684
id: 15784215502687757835625757423576434684
lower: 15618062003214643351512781541041391612
upper: 53937554629190552131995290006614509577
Result (no wrap): true
2025-05-02 21:40:21 INFO  ChordProtocols:179 - Finger 117 peker n책 til: process1
2025-05-02 21:40:21 INFO  ChordProtocols:173 - Beregner fingerID for finger 118: 15950369002160872319738733306111477756
id: 15950369002160872319738733306111477756
lower: 15618062003214643351512781541041391612
upper: 53937554629190552131995290006614509577
Result (no wrap): true
2025-05-02 21:40:21 INFO  ChordProtocols:179 - Finger 118 peker n책 til: process1
2025-05-02 21:40:21 INFO  ChordProtocols:173 - Beregner fingerID for finger 119: 16282676001107101287964685071181563900
id: 16282676001107101287964685071181563900
lower: 15618062003214643351512781541041391612
upper: 53937554629190552131995290006614509577
Result (no wrap): true
2025-05-02 21:40:21 INFO  ChordProtocols:179 - Finger 119 peker n책 til: process1
2025-05-02 21:40:21 INFO  ChordProtocols:173 - Beregner fingerID for finger 120: 16947289998999559224416588601321736188
id: 16947289998999559224416588601321736188
lower: 15618062003214643351512781541041391612
upper: 53937554629190552131995290006614509577
Result (no wrap): true
2025-05-02 21:40:21 INFO  ChordProtocols:179 - Finger 120 peker n책 til: process1
2025-05-02 21:40:21 INFO  ChordProtocols:173 - Beregner fingerID for finger 121: 18276517994784475097320395661602080764
id: 18276517994784475097320395661602080764
lower: 15618062003214643351512781541041391612
upper: 53937554629190552131995290006614509577
Result (no wrap): true
2025-05-02 21:40:21 INFO  ChordProtocols:179 - Finger 121 peker n책 til: process1
2025-05-02 21:40:21 INFO  ChordProtocols:173 - Beregner fingerID for finger 122: 20934973986354306843128009782162769916
id: 20934973986354306843128009782162769916
lower: 15618062003214643351512781541041391612
upper: 53937554629190552131995290006614509577
Result (no wrap): true
2025-05-02 21:40:21 INFO  ChordProtocols:179 - Finger 122 peker n책 til: process1
2025-05-02 21:40:21 INFO  ChordProtocols:173 - Beregner fingerID for finger 123: 26251885969493970334743238023284148220
id: 26251885969493970334743238023284148220
lower: 15618062003214643351512781541041391612
upper: 53937554629190552131995290006614509577
Result (no wrap): true
2025-05-02 21:40:21 INFO  ChordProtocols:179 - Finger 123 peker n책 til: process1
2025-05-02 21:40:21 INFO  ChordProtocols:173 - Beregner fingerID for finger 124: 36885709935773297317973694505526904828
id: 36885709935773297317973694505526904828
lower: 15618062003214643351512781541041391612
upper: 53937554629190552131995290006614509577
Result (no wrap): true
2025-05-02 21:40:21 INFO  ChordProtocols:179 - Finger 124 peker n책 til: process1
2025-05-02 21:40:21 INFO  ChordProtocols:173 - Beregner fingerID for finger 125: 58153357868331951284434607470012418044
id: 58153357868331951284434607470012418044
lower: 15618062003214643351512781541041391612
upper: 53937554629190552131995290006614509577
Result (no wrap): false
id: 53937554629190552131995290006614509577
lower: 15618062003214643351512781541041391612
upper: 58153357868331951284434607470012418044
Result (no wrap): true
id: 58153357868331951284434607470012418044
lower: 53937554629190552131995290006614509577
upper: 210821560651360572675896360671414673172
Result (no wrap): true
2025-05-02 21:40:21 INFO  ChordProtocols:179 - Finger 125 peker n책 til: process4
2025-05-02 21:40:21 INFO  ChordProtocols:173 - Beregner fingerID for finger 126: 100688653733449259217356433398983444476
id: 100688653733449259217356433398983444476
lower: 15618062003214643351512781541041391612
upper: 53937554629190552131995290006614509577
Result (no wrap): false
id: 210821560651360572675896360671414673172
lower: 15618062003214643351512781541041391612
upper: 100688653733449259217356433398983444476
Result (no wrap): false
id: 53937554629190552131995290006614509577
lower: 15618062003214643351512781541041391612
upper: 100688653733449259217356433398983444476
Result (no wrap): true
id: 100688653733449259217356433398983444476
lower: 53937554629190552131995290006614509577
upper: 210821560651360572675896360671414673172
Result (no wrap): true
2025-05-02 21:40:21 INFO  ChordProtocols:179 - Finger 126 peker n책 til: process4
2025-05-02 21:40:21 INFO  ChordProtocols:173 - Beregner fingerID for finger 127: 185759245463683875083200085256925497340
id: 185759245463683875083200085256925497340
lower: 15618062003214643351512781541041391612
upper: 53937554629190552131995290006614509577
Result (no wrap): false
id: 210821560651360572675896360671414673172
lower: 15618062003214643351512781541041391612
upper: 185759245463683875083200085256925497340
Result (no wrap): false
id: 210821560651360572675896360671414673172
lower: 15618062003214643351512781541041391612
upper: 185759245463683875083200085256925497340
Result (no wrap): false
id: 53937554629190552131995290006614509577
lower: 15618062003214643351512781541041391612
upper: 185759245463683875083200085256925497340
Result (no wrap): true
id: 185759245463683875083200085256925497340
lower: 53937554629190552131995290006614509577
upper: 210821560651360572675896360671414673172
Result (no wrap): true
2025-05-02 21:40:21 INFO  ChordProtocols:179 - Finger 127 peker n책 til: process4
2025-05-02 21:40:21 INFO  StabilizationProtocols:60 - Checking the predecessor for Node: process2
==================================
Node Identifier = 15618062003214643351512781541041391612
Node IP address = process2
successor(process2) = process1
predecessor(process2) = process4
Current File keys for process2 => []
==================================
2025-05-02 21:40:22 INFO  NodeServer:50 - process5 server is running... 
process1:9091
2025-05-02 21:40:22 INFO  ChordProtocols:68 - JoinRing-randomNode = process1
id: 121411138451101288395601026024677976156
lower: 53937554629190552131995290006614509577
upper: 210821560651360572675896360671414673172
Result (no wrap): true
2025-05-02 21:40:22 INFO  ChordProtocols:159 - Oppdaterer FingerTable for Node: process5
2025-05-02 21:40:22 INFO  ChordProtocols:173 - Beregner fingerID for finger 0: 121411138451101288395601026024677976157
id: 121411138451101288395601026024677976157
lower: 121411138451101288395601026024677976156
upper: 210821560651360572675896360671414673172
Result (no wrap): true
2025-05-02 21:40:22 INFO  ChordProtocols:179 - Finger 0 peker n책 til: process4
2025-05-02 21:40:22 INFO  ChordProtocols:173 - Beregner fingerID for finger 1: 121411138451101288395601026024677976158
id: 121411138451101288395601026024677976158
lower: 121411138451101288395601026024677976156
upper: 210821560651360572675896360671414673172
Result (no wrap): true
2025-05-02 21:40:22 INFO  ChordProtocols:179 - Finger 1 peker n책 til: process4
2025-05-02 21:40:22 INFO  ChordProtocols:173 - Beregner fingerID for finger 2: 121411138451101288395601026024677976160
id: 121411138451101288395601026024677976160
lower: 121411138451101288395601026024677976156
upper: 210821560651360572675896360671414673172
Result (no wrap): true
2025-05-02 21:40:22 INFO  ChordProtocols:179 - Finger 2 peker n책 til: process4
2025-05-02 21:40:22 INFO  ChordProtocols:173 - Beregner fingerID for finger 3: 121411138451101288395601026024677976164
id: 121411138451101288395601026024677976164
lower: 121411138451101288395601026024677976156
upper: 210821560651360572675896360671414673172
Result (no wrap): true
2025-05-02 21:40:22 INFO  ChordProtocols:179 - Finger 3 peker n책 til: process4
2025-05-02 21:40:22 INFO  ChordProtocols:173 - Beregner fingerID for finger 4: 121411138451101288395601026024677976172
id: 121411138451101288395601026024677976172
lower: 121411138451101288395601026024677976156
upper: 210821560651360572675896360671414673172
Result (no wrap): true
2025-05-02 21:40:22 INFO  ChordProtocols:179 - Finger 4 peker n책 til: process4
2025-05-02 21:40:22 INFO  ChordProtocols:173 - Beregner fingerID for finger 5: 121411138451101288395601026024677976188
id: 121411138451101288395601026024677976188
lower: 121411138451101288395601026024677976156
upper: 210821560651360572675896360671414673172
Result (no wrap): true
2025-05-02 21:40:22 INFO  ChordProtocols:179 - Finger 5 peker n책 til: process4
2025-05-02 21:40:22 INFO  ChordProtocols:173 - Beregner fingerID for finger 6: 121411138451101288395601026024677976220
id: 121411138451101288395601026024677976220
lower: 121411138451101288395601026024677976156
upper: 210821560651360572675896360671414673172
Result (no wrap): true
2025-05-02 21:40:22 INFO  ChordProtocols:179 - Finger 6 peker n책 til: process4
2025-05-02 21:40:22 INFO  ChordProtocols:173 - Beregner fingerID for finger 7: 121411138451101288395601026024677976284
id: 121411138451101288395601026024677976284
lower: 121411138451101288395601026024677976156
upper: 210821560651360572675896360671414673172
Result (no wrap): true
2025-05-02 21:40:22 INFO  ChordProtocols:179 - Finger 7 peker n책 til: process4
2025-05-02 21:40:22 INFO  ChordProtocols:173 - Beregner fingerID for finger 8: 121411138451101288395601026024677976412
id: 121411138451101288395601026024677976412
lower: 121411138451101288395601026024677976156
upper: 210821560651360572675896360671414673172
Result (no wrap): true
2025-05-02 21:40:22 INFO  ChordProtocols:179 - Finger 8 peker n책 til: process4
2025-05-02 21:40:22 INFO  ChordProtocols:173 - Beregner fingerID for finger 9: 121411138451101288395601026024677976668
id: 121411138451101288395601026024677976668
lower: 121411138451101288395601026024677976156
upper: 210821560651360572675896360671414673172
Result (no wrap): true
2025-05-02 21:40:22 INFO  ChordProtocols:179 - Finger 9 peker n책 til: process4
2025-05-02 21:40:22 INFO  ChordProtocols:173 - Beregner fingerID for finger 10: 121411138451101288395601026024677977180
id: 121411138451101288395601026024677977180
lower: 121411138451101288395601026024677976156
upper: 210821560651360572675896360671414673172
Result (no wrap): true
2025-05-02 21:40:22 INFO  ChordProtocols:179 - Finger 10 peker n책 til: process4
2025-05-02 21:40:22 INFO  ChordProtocols:173 - Beregner fingerID for finger 11: 121411138451101288395601026024677978204
id: 121411138451101288395601026024677978204
lower: 121411138451101288395601026024677976156
upper: 210821560651360572675896360671414673172
Result (no wrap): true
2025-05-02 21:40:22 INFO  ChordProtocols:179 - Finger 11 peker n책 til: process4
2025-05-02 21:40:22 INFO  ChordProtocols:173 - Beregner fingerID for finger 12: 121411138451101288395601026024677980252
id: 121411138451101288395601026024677980252
lower: 121411138451101288395601026024677976156
upper: 210821560651360572675896360671414673172
Result (no wrap): true
2025-05-02 21:40:22 INFO  ChordProtocols:179 - Finger 12 peker n책 til: process4
2025-05-02 21:40:22 INFO  ChordProtocols:173 - Beregner fingerID for finger 13: 121411138451101288395601026024677984348
id: 121411138451101288395601026024677984348
lower: 121411138451101288395601026024677976156
upper: 210821560651360572675896360671414673172
Result (no wrap): true
2025-05-02 21:40:22 INFO  ChordProtocols:179 - Finger 13 peker n책 til: process4
2025-05-02 21:40:22 INFO  ChordProtocols:173 - Beregner fingerID for finger 14: 121411138451101288395601026024677992540
id: 121411138451101288395601026024677992540
lower: 121411138451101288395601026024677976156
upper: 210821560651360572675896360671414673172
Result (no wrap): true
2025-05-02 21:40:22 INFO  ChordProtocols:179 - Finger 14 peker n책 til: process4
2025-05-02 21:40:22 INFO  ChordProtocols:173 - Beregner fingerID for finger 15: 121411138451101288395601026024678008924
id: 121411138451101288395601026024678008924
lower: 121411138451101288395601026024677976156
upper: 210821560651360572675896360671414673172
Result (no wrap): true
2025-05-02 21:40:22 INFO  ChordProtocols:179 - Finger 15 peker n책 til: process4
2025-05-02 21:40:22 INFO  ChordProtocols:173 - Beregner fingerID for finger 16: 121411138451101288395601026024678041692
id: 121411138451101288395601026024678041692
lower: 121411138451101288395601026024677976156
upper: 210821560651360572675896360671414673172
Result (no wrap): true
2025-05-02 21:40:22 INFO  ChordProtocols:179 - Finger 16 peker n책 til: process4
2025-05-02 21:40:22 INFO  ChordProtocols:173 - Beregner fingerID for finger 17: 121411138451101288395601026024678107228
id: 121411138451101288395601026024678107228
lower: 121411138451101288395601026024677976156
upper: 210821560651360572675896360671414673172
Result (no wrap): true
2025-05-02 21:40:22 INFO  ChordProtocols:179 - Finger 17 peker n책 til: process4
2025-05-02 21:40:22 INFO  ChordProtocols:173 - Beregner fingerID for finger 18: 121411138451101288395601026024678238300
id: 121411138451101288395601026024678238300
lower: 121411138451101288395601026024677976156
upper: 210821560651360572675896360671414673172
Result (no wrap): true
2025-05-02 21:40:22 INFO  ChordProtocols:179 - Finger 18 peker n책 til: process4
2025-05-02 21:40:22 INFO  ChordProtocols:173 - Beregner fingerID for finger 19: 121411138451101288395601026024678500444
id: 121411138451101288395601026024678500444
lower: 121411138451101288395601026024677976156
upper: 210821560651360572675896360671414673172
Result (no wrap): true
2025-05-02 21:40:22 INFO  ChordProtocols:179 - Finger 19 peker n책 til: process4
2025-05-02 21:40:22 INFO  ChordProtocols:173 - Beregner fingerID for finger 20: 121411138451101288395601026024679024732
id: 121411138451101288395601026024679024732
lower: 121411138451101288395601026024677976156
upper: 210821560651360572675896360671414673172
Result (no wrap): true
2025-05-02 21:40:22 INFO  ChordProtocols:179 - Finger 20 peker n책 til: process4
2025-05-02 21:40:22 INFO  ChordProtocols:173 - Beregner fingerID for finger 21: 121411138451101288395601026024680073308
id: 121411138451101288395601026024680073308
lower: 121411138451101288395601026024677976156
upper: 210821560651360572675896360671414673172
Result (no wrap): true
2025-05-02 21:40:22 INFO  ChordProtocols:179 - Finger 21 peker n책 til: process4
2025-05-02 21:40:22 INFO  ChordProtocols:173 - Beregner fingerID for finger 22: 121411138451101288395601026024682170460
id: 121411138451101288395601026024682170460
lower: 121411138451101288395601026024677976156
upper: 210821560651360572675896360671414673172
Result (no wrap): true
2025-05-02 21:40:22 INFO  ChordProtocols:179 - Finger 22 peker n책 til: process4
2025-05-02 21:40:22 INFO  ChordProtocols:173 - Beregner fingerID for finger 23: 121411138451101288395601026024686364764
id: 121411138451101288395601026024686364764
lower: 121411138451101288395601026024677976156
upper: 210821560651360572675896360671414673172
Result (no wrap): true
2025-05-02 21:40:22 INFO  ChordProtocols:179 - Finger 23 peker n책 til: process4
2025-05-02 21:40:22 INFO  ChordProtocols:173 - Beregner fingerID for finger 24: 121411138451101288395601026024694753372
id: 121411138451101288395601026024694753372
lower: 121411138451101288395601026024677976156
upper: 210821560651360572675896360671414673172
Result (no wrap): true
2025-05-02 21:40:22 INFO  ChordProtocols:179 - Finger 24 peker n책 til: process4
2025-05-02 21:40:22 INFO  ChordProtocols:173 - Beregner fingerID for finger 25: 121411138451101288395601026024711530588
id: 121411138451101288395601026024711530588
lower: 121411138451101288395601026024677976156
upper: 210821560651360572675896360671414673172
Result (no wrap): true
2025-05-02 21:40:22 INFO  ChordProtocols:179 - Finger 25 peker n책 til: process4
2025-05-02 21:40:22 INFO  ChordProtocols:173 - Beregner fingerID for finger 26: 121411138451101288395601026024745085020
id: 121411138451101288395601026024745085020
lower: 121411138451101288395601026024677976156
upper: 210821560651360572675896360671414673172
Result (no wrap): true
2025-05-02 21:40:22 INFO  ChordProtocols:179 - Finger 26 peker n책 til: process4
2025-05-02 21:40:22 INFO  ChordProtocols:173 - Beregner fingerID for finger 27: 121411138451101288395601026024812193884
id: 121411138451101288395601026024812193884
lower: 121411138451101288395601026024677976156
upper: 210821560651360572675896360671414673172
Result (no wrap): true
2025-05-02 21:40:22 INFO  ChordProtocols:179 - Finger 27 peker n책 til: process4
2025-05-02 21:40:22 INFO  ChordProtocols:173 - Beregner fingerID for finger 28: 121411138451101288395601026024946411612
id: 121411138451101288395601026024946411612
lower: 121411138451101288395601026024677976156
upper: 210821560651360572675896360671414673172
Result (no wrap): true
2025-05-02 21:40:22 INFO  ChordProtocols:179 - Finger 28 peker n책 til: process4
2025-05-02 21:40:22 INFO  ChordProtocols:173 - Beregner fingerID for finger 29: 121411138451101288395601026025214847068
id: 121411138451101288395601026025214847068
lower: 121411138451101288395601026024677976156
upper: 210821560651360572675896360671414673172
Result (no wrap): true
2025-05-02 21:40:22 INFO  ChordProtocols:179 - Finger 29 peker n책 til: process4
2025-05-02 21:40:22 INFO  ChordProtocols:173 - Beregner fingerID for finger 30: 121411138451101288395601026025751717980
id: 121411138451101288395601026025751717980
lower: 121411138451101288395601026024677976156
upper: 210821560651360572675896360671414673172
Result (no wrap): true
2025-05-02 21:40:22 INFO  ChordProtocols:179 - Finger 30 peker n책 til: process4
2025-05-02 21:40:22 INFO  ChordProtocols:173 - Beregner fingerID for finger 31: 121411138451101288395601026026825459804
id: 121411138451101288395601026026825459804
lower: 121411138451101288395601026024677976156
upper: 210821560651360572675896360671414673172
Result (no wrap): true
2025-05-02 21:40:22 INFO  ChordProtocols:179 - Finger 31 peker n책 til: process4
2025-05-02 21:40:22 INFO  ChordProtocols:173 - Beregner fingerID for finger 32: 121411138451101288395601026028972943452
id: 121411138451101288395601026028972943452
lower: 121411138451101288395601026024677976156
upper: 210821560651360572675896360671414673172
Result (no wrap): true
2025-05-02 21:40:22 INFO  ChordProtocols:179 - Finger 32 peker n책 til: process4
2025-05-02 21:40:22 INFO  ChordProtocols:173 - Beregner fingerID for finger 33: 121411138451101288395601026033267910748
id: 121411138451101288395601026033267910748
lower: 121411138451101288395601026024677976156
upper: 210821560651360572675896360671414673172
Result (no wrap): true
2025-05-02 21:40:22 INFO  ChordProtocols:179 - Finger 33 peker n책 til: process4
2025-05-02 21:40:22 INFO  ChordProtocols:173 - Beregner fingerID for finger 34: 121411138451101288395601026041857845340
id: 121411138451101288395601026041857845340
lower: 121411138451101288395601026024677976156
upper: 210821560651360572675896360671414673172
Result (no wrap): true
2025-05-02 21:40:22 INFO  ChordProtocols:179 - Finger 34 peker n책 til: process4
2025-05-02 21:40:22 INFO  ChordProtocols:173 - Beregner fingerID for finger 35: 121411138451101288395601026059037714524
id: 121411138451101288395601026059037714524
lower: 121411138451101288395601026024677976156
upper: 210821560651360572675896360671414673172
Result (no wrap): true
2025-05-02 21:40:22 INFO  ChordProtocols:179 - Finger 35 peker n책 til: process4
2025-05-02 21:40:22 INFO  ChordProtocols:173 - Beregner fingerID for finger 36: 121411138451101288395601026093397452892
id: 121411138451101288395601026093397452892
lower: 121411138451101288395601026024677976156
upper: 210821560651360572675896360671414673172
Result (no wrap): true
2025-05-02 21:40:22 INFO  ChordProtocols:179 - Finger 36 peker n책 til: process4
2025-05-02 21:40:22 INFO  ChordProtocols:173 - Beregner fingerID for finger 37: 121411138451101288395601026162116929628
id: 121411138451101288395601026162116929628
lower: 121411138451101288395601026024677976156
upper: 210821560651360572675896360671414673172
Result (no wrap): true
2025-05-02 21:40:22 INFO  ChordProtocols:179 - Finger 37 peker n책 til: process4
2025-05-02 21:40:22 INFO  ChordProtocols:173 - Beregner fingerID for finger 38: 121411138451101288395601026299555883100
id: 121411138451101288395601026299555883100
lower: 121411138451101288395601026024677976156
upper: 210821560651360572675896360671414673172
Result (no wrap): true
2025-05-02 21:40:22 INFO  ChordProtocols:179 - Finger 38 peker n책 til: process4
2025-05-02 21:40:22 INFO  ChordProtocols:173 - Beregner fingerID for finger 39: 121411138451101288395601026574433790044
id: 121411138451101288395601026574433790044
lower: 121411138451101288395601026024677976156
upper: 210821560651360572675896360671414673172
Result (no wrap): true
2025-05-02 21:40:22 INFO  ChordProtocols:179 - Finger 39 peker n책 til: process4
2025-05-02 21:40:22 INFO  ChordProtocols:173 - Beregner fingerID for finger 40: 121411138451101288395601027124189603932
id: 121411138451101288395601027124189603932
lower: 121411138451101288395601026024677976156
upper: 210821560651360572675896360671414673172
Result (no wrap): true
2025-05-02 21:40:22 INFO  ChordProtocols:179 - Finger 40 peker n책 til: process4
2025-05-02 21:40:22 INFO  ChordProtocols:173 - Beregner fingerID for finger 41: 121411138451101288395601028223701231708
id: 121411138451101288395601028223701231708
lower: 121411138451101288395601026024677976156
upper: 210821560651360572675896360671414673172
Result (no wrap): true
2025-05-02 21:40:22 INFO  ChordProtocols:179 - Finger 41 peker n책 til: process4
2025-05-02 21:40:22 INFO  ChordProtocols:173 - Beregner fingerID for finger 42: 121411138451101288395601030422724487260
id: 121411138451101288395601030422724487260
lower: 121411138451101288395601026024677976156
upper: 210821560651360572675896360671414673172
Result (no wrap): true
2025-05-02 21:40:22 INFO  ChordProtocols:179 - Finger 42 peker n책 til: process4
2025-05-02 21:40:22 INFO  ChordProtocols:173 - Beregner fingerID for finger 43: 121411138451101288395601034820770998364
id: 121411138451101288395601034820770998364
lower: 121411138451101288395601026024677976156
upper: 210821560651360572675896360671414673172
Result (no wrap): true
2025-05-02 21:40:22 INFO  ChordProtocols:179 - Finger 43 peker n책 til: process4
2025-05-02 21:40:22 INFO  ChordProtocols:173 - Beregner fingerID for finger 44: 121411138451101288395601043616864020572
id: 121411138451101288395601043616864020572
lower: 121411138451101288395601026024677976156
upper: 210821560651360572675896360671414673172
Result (no wrap): true
2025-05-02 21:40:22 INFO  ChordProtocols:179 - Finger 44 peker n책 til: process4
2025-05-02 21:40:22 INFO  ChordProtocols:173 - Beregner fingerID for finger 45: 121411138451101288395601061209050064988
id: 121411138451101288395601061209050064988
lower: 121411138451101288395601026024677976156
upper: 210821560651360572675896360671414673172
Result (no wrap): true
2025-05-02 21:40:22 INFO  ChordProtocols:179 - Finger 45 peker n책 til: process4
2025-05-02 21:40:22 INFO  ChordProtocols:173 - Beregner fingerID for finger 46: 121411138451101288395601096393422153820
id: 121411138451101288395601096393422153820
lower: 121411138451101288395601026024677976156
upper: 210821560651360572675896360671414673172
Result (no wrap): true
2025-05-02 21:40:22 INFO  ChordProtocols:179 - Finger 46 peker n책 til: process4
2025-05-02 21:40:22 INFO  ChordProtocols:173 - Beregner fingerID for finger 47: 121411138451101288395601166762166331484
id: 121411138451101288395601166762166331484
lower: 121411138451101288395601026024677976156
upper: 210821560651360572675896360671414673172
Result (no wrap): true
2025-05-02 21:40:22 INFO  ChordProtocols:179 - Finger 47 peker n책 til: process4
2025-05-02 21:40:22 INFO  ChordProtocols:173 - Beregner fingerID for finger 48: 121411138451101288395601307499654686812
id: 121411138451101288395601307499654686812
lower: 121411138451101288395601026024677976156
upper: 210821560651360572675896360671414673172
Result (no wrap): true
2025-05-02 21:40:22 INFO  ChordProtocols:179 - Finger 48 peker n책 til: process4
2025-05-02 21:40:22 INFO  ChordProtocols:173 - Beregner fingerID for finger 49: 121411138451101288395601588974631397468
id: 121411138451101288395601588974631397468
lower: 121411138451101288395601026024677976156
upper: 210821560651360572675896360671414673172
Result (no wrap): true
2025-05-02 21:40:22 INFO  ChordProtocols:179 - Finger 49 peker n책 til: process4
2025-05-02 21:40:22 INFO  ChordProtocols:173 - Beregner fingerID for finger 50: 121411138451101288395602151924584818780
id: 121411138451101288395602151924584818780
lower: 121411138451101288395601026024677976156
upper: 210821560651360572675896360671414673172
Result (no wrap): true
2025-05-02 21:40:22 INFO  ChordProtocols:179 - Finger 50 peker n책 til: process4
2025-05-02 21:40:22 INFO  ChordProtocols:173 - Beregner fingerID for finger 51: 121411138451101288395603277824491661404
id: 121411138451101288395603277824491661404
lower: 121411138451101288395601026024677976156
upper: 210821560651360572675896360671414673172
Result (no wrap): true
2025-05-02 21:40:22 INFO  ChordProtocols:179 - Finger 51 peker n책 til: process4
2025-05-02 21:40:22 INFO  ChordProtocols:173 - Beregner fingerID for finger 52: 121411138451101288395605529624305346652
id: 121411138451101288395605529624305346652
lower: 121411138451101288395601026024677976156
upper: 210821560651360572675896360671414673172
Result (no wrap): true
2025-05-02 21:40:22 INFO  ChordProtocols:179 - Finger 52 peker n책 til: process4
2025-05-02 21:40:22 INFO  ChordProtocols:173 - Beregner fingerID for finger 53: 121411138451101288395610033223932717148
id: 121411138451101288395610033223932717148
lower: 121411138451101288395601026024677976156
upper: 210821560651360572675896360671414673172
Result (no wrap): true
2025-05-02 21:40:22 INFO  ChordProtocols:179 - Finger 53 peker n책 til: process4
2025-05-02 21:40:22 INFO  ChordProtocols:173 - Beregner fingerID for finger 54: 121411138451101288395619040423187458140
id: 121411138451101288395619040423187458140
lower: 121411138451101288395601026024677976156
upper: 210821560651360572675896360671414673172
Result (no wrap): true
2025-05-02 21:40:22 INFO  ChordProtocols:179 - Finger 54 peker n책 til: process4
2025-05-02 21:40:22 INFO  ChordProtocols:173 - Beregner fingerID for finger 55: 121411138451101288395637054821696940124
id: 121411138451101288395637054821696940124
lower: 121411138451101288395601026024677976156
upper: 210821560651360572675896360671414673172
Result (no wrap): true
2025-05-02 21:40:22 INFO  ChordProtocols:179 - Finger 55 peker n책 til: process4
2025-05-02 21:40:22 INFO  ChordProtocols:173 - Beregner fingerID for finger 56: 121411138451101288395673083618715904092
id: 121411138451101288395673083618715904092
lower: 121411138451101288395601026024677976156
upper: 210821560651360572675896360671414673172
Result (no wrap): true
2025-05-02 21:40:22 INFO  ChordProtocols:179 - Finger 56 peker n책 til: process4
2025-05-02 21:40:22 INFO  ChordProtocols:173 - Beregner fingerID for finger 57: 121411138451101288395745141212753832028
id: 121411138451101288395745141212753832028
lower: 121411138451101288395601026024677976156
upper: 210821560651360572675896360671414673172
Result (no wrap): true
2025-05-02 21:40:22 INFO  ChordProtocols:179 - Finger 57 peker n책 til: process4
2025-05-02 21:40:22 INFO  ChordProtocols:173 - Beregner fingerID for finger 58: 121411138451101288395889256400829687900
id: 121411138451101288395889256400829687900
lower: 121411138451101288395601026024677976156
upper: 210821560651360572675896360671414673172
Result (no wrap): true
2025-05-02 21:40:22 INFO  ChordProtocols:179 - Finger 58 peker n책 til: process4
2025-05-02 21:40:22 INFO  ChordProtocols:173 - Beregner fingerID for finger 59: 121411138451101288396177486776981399644
id: 121411138451101288396177486776981399644
lower: 121411138451101288395601026024677976156
upper: 210821560651360572675896360671414673172
Result (no wrap): true
2025-05-02 21:40:22 INFO  ChordProtocols:179 - Finger 59 peker n책 til: process4
2025-05-02 21:40:22 INFO  ChordProtocols:173 - Beregner fingerID for finger 60: 121411138451101288396753947529284823132
id: 121411138451101288396753947529284823132
lower: 121411138451101288395601026024677976156
upper: 210821560651360572675896360671414673172
Result (no wrap): true
2025-05-02 21:40:22 INFO  ChordProtocols:179 - Finger 60 peker n책 til: process4
2025-05-02 21:40:22 INFO  ChordProtocols:173 - Beregner fingerID for finger 61: 121411138451101288397906869033891670108
id: 121411138451101288397906869033891670108
lower: 121411138451101288395601026024677976156
upper: 210821560651360572675896360671414673172
Result (no wrap): true
2025-05-02 21:40:22 INFO  ChordProtocols:179 - Finger 61 peker n책 til: process4
2025-05-02 21:40:22 INFO  ChordProtocols:173 - Beregner fingerID for finger 62: 121411138451101288400212712043105364060
id: 121411138451101288400212712043105364060
lower: 121411138451101288395601026024677976156
upper: 210821560651360572675896360671414673172
Result (no wrap): true
2025-05-02 21:40:22 INFO  ChordProtocols:179 - Finger 62 peker n책 til: process4
2025-05-02 21:40:22 INFO  ChordProtocols:173 - Beregner fingerID for finger 63: 121411138451101288404824398061532751964
id: 121411138451101288404824398061532751964
lower: 121411138451101288395601026024677976156
upper: 210821560651360572675896360671414673172
Result (no wrap): true
2025-05-02 21:40:22 INFO  ChordProtocols:179 - Finger 63 peker n책 til: process4
2025-05-02 21:40:22 INFO  ChordProtocols:173 - Beregner fingerID for finger 64: 121411138451101288414047770098387527772
id: 121411138451101288414047770098387527772
lower: 121411138451101288395601026024677976156
upper: 210821560651360572675896360671414673172
Result (no wrap): true
2025-05-02 21:40:22 INFO  ChordProtocols:179 - Finger 64 peker n책 til: process4
2025-05-02 21:40:22 INFO  ChordProtocols:173 - Beregner fingerID for finger 65: 121411138451101288432494514172097079388
id: 121411138451101288432494514172097079388
lower: 121411138451101288395601026024677976156
upper: 210821560651360572675896360671414673172
Result (no wrap): true
2025-05-02 21:40:22 INFO  ChordProtocols:179 - Finger 65 peker n책 til: process4
2025-05-02 21:40:22 INFO  ChordProtocols:173 - Beregner fingerID for finger 66: 121411138451101288469388002319516182620
id: 121411138451101288469388002319516182620
lower: 121411138451101288395601026024677976156
upper: 210821560651360572675896360671414673172
Result (no wrap): true
2025-05-02 21:40:22 INFO  ChordProtocols:179 - Finger 66 peker n책 til: process4
2025-05-02 21:40:22 INFO  ChordProtocols:173 - Beregner fingerID for finger 67: 121411138451101288543174978614354389084
id: 121411138451101288543174978614354389084
lower: 121411138451101288395601026024677976156
upper: 210821560651360572675896360671414673172
Result (no wrap): true
2025-05-02 21:40:22 INFO  ChordProtocols:179 - Finger 67 peker n책 til: process4
2025-05-02 21:40:22 INFO  ChordProtocols:173 - Beregner fingerID for finger 68: 121411138451101288690748931204030802012
id: 121411138451101288690748931204030802012
lower: 121411138451101288395601026024677976156
upper: 210821560651360572675896360671414673172
Result (no wrap): true
2025-05-02 21:40:22 INFO  ChordProtocols:179 - Finger 68 peker n책 til: process4
2025-05-02 21:40:22 INFO  ChordProtocols:173 - Beregner fingerID for finger 69: 121411138451101288985896836383383627868
id: 121411138451101288985896836383383627868
lower: 121411138451101288395601026024677976156
upper: 210821560651360572675896360671414673172
Result (no wrap): true
2025-05-02 21:40:22 INFO  ChordProtocols:179 - Finger 69 peker n책 til: process4
2025-05-02 21:40:22 INFO  ChordProtocols:173 - Beregner fingerID for finger 70: 121411138451101289576192646742089279580
id: 121411138451101289576192646742089279580
lower: 121411138451101288395601026024677976156
upper: 210821560651360572675896360671414673172
Result (no wrap): true
2025-05-02 21:40:22 INFO  ChordProtocols:179 - Finger 70 peker n책 til: process4
2025-05-02 21:40:22 INFO  ChordProtocols:173 - Beregner fingerID for finger 71: 121411138451101290756784267459500583004
id: 121411138451101290756784267459500583004
lower: 121411138451101288395601026024677976156
upper: 210821560651360572675896360671414673172
Result (no wrap): true
2025-05-02 21:40:22 INFO  ChordProtocols:179 - Finger 71 peker n책 til: process4
2025-05-02 21:40:22 INFO  ChordProtocols:173 - Beregner fingerID for finger 72: 121411138451101293117967508894323189852
id: 121411138451101293117967508894323189852
lower: 121411138451101288395601026024677976156
upper: 210821560651360572675896360671414673172
Result (no wrap): true
2025-05-02 21:40:22 INFO  ChordProtocols:179 - Finger 72 peker n책 til: process4
2025-05-02 21:40:22 INFO  ChordProtocols:173 - Beregner fingerID for finger 73: 121411138451101297840333991763968403548
id: 121411138451101297840333991763968403548
lower: 121411138451101288395601026024677976156
upper: 210821560651360572675896360671414673172
Result (no wrap): true
2025-05-02 21:40:22 INFO  ChordProtocols:179 - Finger 73 peker n책 til: process4
2025-05-02 21:40:22 INFO  ChordProtocols:173 - Beregner fingerID for finger 74: 121411138451101307285066957503258830940
id: 121411138451101307285066957503258830940
lower: 121411138451101288395601026024677976156
upper: 210821560651360572675896360671414673172
Result (no wrap): true
2025-05-02 21:40:22 INFO  ChordProtocols:179 - Finger 74 peker n책 til: process4
2025-05-02 21:40:22 INFO  ChordProtocols:173 - Beregner fingerID for finger 75: 121411138451101326174532888981839685724
id: 121411138451101326174532888981839685724
lower: 121411138451101288395601026024677976156
upper: 210821560651360572675896360671414673172
Result (no wrap): true
2025-05-02 21:40:22 INFO  ChordProtocols:179 - Finger 75 peker n책 til: process4
2025-05-02 21:40:22 INFO  ChordProtocols:173 - Beregner fingerID for finger 76: 121411138451101363953464751939001395292
id: 121411138451101363953464751939001395292
lower: 121411138451101288395601026024677976156
upper: 210821560651360572675896360671414673172
Result (no wrap): true
2025-05-02 21:40:22 INFO  ChordProtocols:179 - Finger 76 peker n책 til: process4
2025-05-02 21:40:22 INFO  ChordProtocols:173 - Beregner fingerID for finger 77: 121411138451101439511328477853324814428
id: 121411138451101439511328477853324814428
lower: 121411138451101288395601026024677976156
upper: 210821560651360572675896360671414673172
Result (no wrap): true
2025-05-02 21:40:22 INFO  ChordProtocols:179 - Finger 77 peker n책 til: process4
2025-05-02 21:40:22 INFO  ChordProtocols:173 - Beregner fingerID for finger 78: 121411138451101590627055929681971652700
id: 121411138451101590627055929681971652700
lower: 121411138451101288395601026024677976156
upper: 210821560651360572675896360671414673172
Result (no wrap): true
2025-05-02 21:40:22 INFO  ChordProtocols:179 - Finger 78 peker n책 til: process4
2025-05-02 21:40:22 INFO  ChordProtocols:173 - Beregner fingerID for finger 79: 121411138451101892858510833339265329244
id: 121411138451101892858510833339265329244
lower: 121411138451101288395601026024677976156
upper: 210821560651360572675896360671414673172
Result (no wrap): true
2025-05-02 21:40:22 INFO  ChordProtocols:179 - Finger 79 peker n책 til: process4
2025-05-02 21:40:22 INFO  ChordProtocols:173 - Beregner fingerID for finger 80: 121411138451102497321420640653852682332
id: 121411138451102497321420640653852682332
lower: 121411138451101288395601026024677976156
upper: 210821560651360572675896360671414673172
Result (no wrap): true
2025-05-02 21:40:22 INFO  ChordProtocols:179 - Finger 80 peker n책 til: process4
2025-05-02 21:40:22 INFO  ChordProtocols:173 - Beregner fingerID for finger 81: 121411138451103706247240255283027388508
id: 121411138451103706247240255283027388508
lower: 121411138451101288395601026024677976156
upper: 210821560651360572675896360671414673172
Result (no wrap): true
2025-05-02 21:40:22 INFO  ChordProtocols:179 - Finger 81 peker n책 til: process4
2025-05-02 21:40:22 INFO  ChordProtocols:173 - Beregner fingerID for finger 82: 121411138451106124098879484541376800860
id: 121411138451106124098879484541376800860
lower: 121411138451101288395601026024677976156
upper: 210821560651360572675896360671414673172
Result (no wrap): true
2025-05-02 21:40:22 INFO  ChordProtocols:179 - Finger 82 peker n책 til: process4
2025-05-02 21:40:22 INFO  ChordProtocols:173 - Beregner fingerID for finger 83: 121411138451110959802157943058075625564
id: 121411138451110959802157943058075625564
lower: 121411138451101288395601026024677976156
upper: 210821560651360572675896360671414673172
Result (no wrap): true
2025-05-02 21:40:22 INFO  ChordProtocols:179 - Finger 83 peker n책 til: process4
2025-05-02 21:40:22 INFO  ChordProtocols:173 - Beregner fingerID for finger 84: 121411138451120631208714860091473274972
id: 121411138451120631208714860091473274972
lower: 121411138451101288395601026024677976156
upper: 210821560651360572675896360671414673172
Result (no wrap): true
2025-05-02 21:40:22 INFO  ChordProtocols:179 - Finger 84 peker n책 til: process4
2025-05-02 21:40:22 INFO  ChordProtocols:173 - Beregner fingerID for finger 85: 121411138451139974021828694158268573788
id: 121411138451139974021828694158268573788
lower: 121411138451101288395601026024677976156
upper: 210821560651360572675896360671414673172
Result (no wrap): true
2025-05-02 21:40:22 INFO  ChordProtocols:179 - Finger 85 peker n책 til: process4
2025-05-02 21:40:22 INFO  ChordProtocols:173 - Beregner fingerID for finger 86: 121411138451178659648056362291859171420
id: 121411138451178659648056362291859171420
lower: 121411138451101288395601026024677976156
upper: 210821560651360572675896360671414673172
Result (no wrap): true
2025-05-02 21:40:22 INFO  ChordProtocols:179 - Finger 86 peker n책 til: process4
2025-05-02 21:40:22 INFO  ChordProtocols:173 - Beregner fingerID for finger 87: 121411138451256030900511698559040366684
id: 121411138451256030900511698559040366684
lower: 121411138451101288395601026024677976156
upper: 210821560651360572675896360671414673172
Result (no wrap): true
2025-05-02 21:40:22 INFO  ChordProtocols:179 - Finger 87 peker n책 til: process4
2025-05-02 21:40:22 INFO  ChordProtocols:173 - Beregner fingerID for finger 88: 121411138451410773405422371093402757212
id: 121411138451410773405422371093402757212
lower: 121411138451101288395601026024677976156
upper: 210821560651360572675896360671414673172
Result (no wrap): true
2025-05-02 21:40:22 INFO  ChordProtocols:179 - Finger 88 peker n책 til: process4
2025-05-02 21:40:22 INFO  ChordProtocols:173 - Beregner fingerID for finger 89: 121411138451720258415243716162127538268
id: 121411138451720258415243716162127538268
lower: 121411138451101288395601026024677976156
upper: 210821560651360572675896360671414673172
Result (no wrap): true
2025-05-02 21:40:22 INFO  ChordProtocols:179 - Finger 89 peker n책 til: process4
2025-05-02 21:40:22 INFO  ChordProtocols:173 - Beregner fingerID for finger 90: 121411138452339228434886406299577100380
id: 121411138452339228434886406299577100380
lower: 121411138451101288395601026024677976156
upper: 210821560651360572675896360671414673172
Result (no wrap): true
2025-05-02 21:40:22 INFO  ChordProtocols:179 - Finger 90 peker n책 til: process4
2025-05-02 21:40:22 INFO  ChordProtocols:173 - Beregner fingerID for finger 91: 121411138453577168474171786574476224604
id: 121411138453577168474171786574476224604
lower: 121411138451101288395601026024677976156
upper: 210821560651360572675896360671414673172
Result (no wrap): true
2025-05-02 21:40:22 INFO  ChordProtocols:179 - Finger 91 peker n책 til: process4
2025-05-02 21:40:22 INFO  ChordProtocols:173 - Beregner fingerID for finger 92: 121411138456053048552742547124274473052
id: 121411138456053048552742547124274473052
lower: 121411138451101288395601026024677976156
upper: 210821560651360572675896360671414673172
Result (no wrap): true
2025-05-02 21:40:22 INFO  ChordProtocols:179 - Finger 92 peker n책 til: process4
2025-05-02 21:40:22 INFO  ChordProtocols:173 - Beregner fingerID for finger 93: 121411138461004808709884068223870969948
id: 121411138461004808709884068223870969948
lower: 121411138451101288395601026024677976156
upper: 210821560651360572675896360671414673172
Result (no wrap): true
2025-05-02 21:40:22 INFO  ChordProtocols:179 - Finger 93 peker n책 til: process4
2025-05-02 21:40:22 INFO  ChordProtocols:173 - Beregner fingerID for finger 94: 121411138470908329024167110423063963740
id: 121411138470908329024167110423063963740
lower: 121411138451101288395601026024677976156
upper: 210821560651360572675896360671414673172
Result (no wrap): true
2025-05-02 21:40:22 INFO  ChordProtocols:179 - Finger 94 peker n책 til: process4
2025-05-02 21:40:22 INFO  ChordProtocols:173 - Beregner fingerID for finger 95: 121411138490715369652733194821449951324
id: 121411138490715369652733194821449951324
lower: 121411138451101288395601026024677976156
upper: 210821560651360572675896360671414673172
Result (no wrap): true
2025-05-02 21:40:22 INFO  ChordProtocols:179 - Finger 95 peker n책 til: process4
2025-05-02 21:40:22 INFO  ChordProtocols:173 - Beregner fingerID for finger 96: 121411138530329450909865363618221926492
id: 121411138530329450909865363618221926492
lower: 121411138451101288395601026024677976156
upper: 210821560651360572675896360671414673172
Result (no wrap): true
2025-05-02 21:40:22 INFO  ChordProtocols:179 - Finger 96 peker n책 til: process4
2025-05-02 21:40:22 INFO  ChordProtocols:173 - Beregner fingerID for finger 97: 121411138609557613424129701211765876828
id: 121411138609557613424129701211765876828
lower: 121411138451101288395601026024677976156
upper: 210821560651360572675896360671414673172
Result (no wrap): true
2025-05-02 21:40:22 INFO  ChordProtocols:179 - Finger 97 peker n책 til: process4
2025-05-02 21:40:22 INFO  ChordProtocols:173 - Beregner fingerID for finger 98: 121411138768013938452658376398853777500
id: 121411138768013938452658376398853777500
lower: 121411138451101288395601026024677976156
upper: 210821560651360572675896360671414673172
Result (no wrap): true
2025-05-02 21:40:22 INFO  ChordProtocols:179 - Finger 98 peker n책 til: process4
2025-05-02 21:40:22 INFO  ChordProtocols:173 - Beregner fingerID for finger 99: 121411139084926588509715726773029578844
id: 121411139084926588509715726773029578844
lower: 121411138451101288395601026024677976156
upper: 210821560651360572675896360671414673172
Result (no wrap): true
2025-05-02 21:40:22 INFO  ChordProtocols:179 - Finger 99 peker n책 til: process4
2025-05-02 21:40:22 INFO  ChordProtocols:173 - Beregner fingerID for finger 100: 121411139718751888623830427521381181532
id: 121411139718751888623830427521381181532
lower: 121411138451101288395601026024677976156
upper: 210821560651360572675896360671414673172
Result (no wrap): true
2025-05-02 21:40:22 INFO  ChordProtocols:179 - Finger 100 peker n책 til: process4
2025-05-02 21:40:22 INFO  ChordProtocols:173 - Beregner fingerID for finger 101: 121411140986402488852059829018084386908
id: 121411140986402488852059829018084386908
lower: 121411138451101288395601026024677976156
upper: 210821560651360572675896360671414673172
Result (no wrap): true
2025-05-02 21:40:22 INFO  ChordProtocols:179 - Finger 101 peker n책 til: process4
2025-05-02 21:40:22 INFO  ChordProtocols:173 - Beregner fingerID for finger 102: 121411143521703689308518632011490797660
id: 121411143521703689308518632011490797660
lower: 121411138451101288395601026024677976156
upper: 210821560651360572675896360671414673172
Result (no wrap): true
2025-05-02 21:40:22 INFO  ChordProtocols:179 - Finger 102 peker n책 til: process4
2025-05-02 21:40:22 INFO  ChordProtocols:173 - Beregner fingerID for finger 103: 121411148592306090221436237998303619164
id: 121411148592306090221436237998303619164
lower: 121411138451101288395601026024677976156
upper: 210821560651360572675896360671414673172
Result (no wrap): true
2025-05-02 21:40:22 INFO  ChordProtocols:179 - Finger 103 peker n책 til: process4
2025-05-02 21:40:22 INFO  ChordProtocols:173 - Beregner fingerID for finger 104: 121411158733510892047271449971929262172
id: 121411158733510892047271449971929262172
lower: 121411138451101288395601026024677976156
upper: 210821560651360572675896360671414673172
Result (no wrap): true
2025-05-02 21:40:22 INFO  ChordProtocols:179 - Finger 104 peker n책 til: process4
2025-05-02 21:40:22 INFO  ChordProtocols:173 - Beregner fingerID for finger 105: 121411179015920495698941873919180548188
id: 121411179015920495698941873919180548188
lower: 121411138451101288395601026024677976156
upper: 210821560651360572675896360671414673172
Result (no wrap): true
2025-05-02 21:40:22 INFO  ChordProtocols:179 - Finger 105 peker n책 til: process4
2025-05-02 21:40:22 INFO  ChordProtocols:173 - Beregner fingerID for finger 106: 121411219580739703002282721813683120220
id: 121411219580739703002282721813683120220
lower: 121411138451101288395601026024677976156
upper: 210821560651360572675896360671414673172
Result (no wrap): true
2025-05-02 21:40:22 INFO  ChordProtocols:179 - Finger 106 peker n책 til: process4
2025-05-02 21:40:22 INFO  ChordProtocols:173 - Beregner fingerID for finger 107: 121411300710378117608964417602688264284
id: 121411300710378117608964417602688264284
lower: 121411138451101288395601026024677976156
upper: 210821560651360572675896360671414673172
Result (no wrap): true
2025-05-02 21:40:22 INFO  ChordProtocols:179 - Finger 107 peker n책 til: process4
2025-05-02 21:40:22 INFO  ChordProtocols:173 - Beregner fingerID for finger 108: 121411462969654946822327809180698552412
id: 121411462969654946822327809180698552412
lower: 121411138451101288395601026024677976156
upper: 210821560651360572675896360671414673172
Result (no wrap): true
2025-05-02 21:40:22 INFO  ChordProtocols:179 - Finger 108 peker n책 til: process4
2025-05-02 21:40:22 INFO  ChordProtocols:173 - Beregner fingerID for finger 109: 121411787488208605249054592336719128668
id: 121411787488208605249054592336719128668
lower: 121411138451101288395601026024677976156
upper: 210821560651360572675896360671414673172
Result (no wrap): true
2025-05-02 21:40:22 INFO  ChordProtocols:179 - Finger 109 peker n책 til: process4
2025-05-02 21:40:22 INFO  ChordProtocols:173 - Beregner fingerID for finger 110: 121412436525315922102508158648760281180
id: 121412436525315922102508158648760281180
lower: 121411138451101288395601026024677976156
upper: 210821560651360572675896360671414673172
Result (no wrap): true
2025-05-02 21:40:22 INFO  ChordProtocols:179 - Finger 110 peker n책 til: process4
2025-05-02 21:40:22 INFO  ChordProtocols:173 - Beregner fingerID for finger 111: 121413734599530555809415291272842586204
id: 121413734599530555809415291272842586204
lower: 121411138451101288395601026024677976156
upper: 210821560651360572675896360671414673172
Result (no wrap): true
2025-05-02 21:40:22 INFO  ChordProtocols:179 - Finger 111 peker n책 til: process4
2025-05-02 21:40:22 INFO  ChordProtocols:173 - Beregner fingerID for finger 112: 121416330747959823223229556521007196252
id: 121416330747959823223229556521007196252
lower: 121411138451101288395601026024677976156
upper: 210821560651360572675896360671414673172
Result (no wrap): true
2025-05-02 21:40:22 INFO  ChordProtocols:179 - Finger 112 peker n책 til: process4
2025-05-02 21:40:22 INFO  ChordProtocols:173 - Beregner fingerID for finger 113: 121421523044818358050858087017336416348
id: 121421523044818358050858087017336416348
lower: 121411138451101288395601026024677976156
upper: 210821560651360572675896360671414673172
Result (no wrap): true
2025-05-02 21:40:22 INFO  ChordProtocols:179 - Finger 113 peker n책 til: process4
2025-05-02 21:40:22 INFO  ChordProtocols:173 - Beregner fingerID for finger 114: 121431907638535427706115148009994856540
id: 121431907638535427706115148009994856540
lower: 121411138451101288395601026024677976156
upper: 210821560651360572675896360671414673172
Result (no wrap): true
2025-05-02 21:40:22 INFO  ChordProtocols:179 - Finger 114 peker n책 til: process4
2025-05-02 21:40:22 INFO  ChordProtocols:173 - Beregner fingerID for finger 115: 121452676825969567016629269995311736924
id: 121452676825969567016629269995311736924
lower: 121411138451101288395601026024677976156
upper: 210821560651360572675896360671414673172
Result (no wrap): true
2025-05-02 21:40:22 INFO  ChordProtocols:179 - Finger 115 peker n책 til: process4
2025-05-02 21:40:22 INFO  ChordProtocols:173 - Beregner fingerID for finger 116: 121494215200837845637657513965945497692
id: 121494215200837845637657513965945497692
lower: 121411138451101288395601026024677976156
upper: 210821560651360572675896360671414673172
Result (no wrap): true
2025-05-02 21:40:22 INFO  ChordProtocols:179 - Finger 116 peker n책 til: process4
2025-05-02 21:40:22 INFO  ChordProtocols:173 - Beregner fingerID for finger 117: 121577291950574402879714001907213019228
id: 121577291950574402879714001907213019228
lower: 121411138451101288395601026024677976156
upper: 210821560651360572675896360671414673172
Result (no wrap): true
2025-05-02 21:40:22 INFO  ChordProtocols:179 - Finger 117 peker n책 til: process4
2025-05-02 21:40:22 INFO  ChordProtocols:173 - Beregner fingerID for finger 118: 121743445450047517363826977789748062300
id: 121743445450047517363826977789748062300
lower: 121411138451101288395601026024677976156
upper: 210821560651360572675896360671414673172
Result (no wrap): true
2025-05-02 21:40:22 INFO  ChordProtocols:179 - Finger 118 peker n책 til: process4
2025-05-02 21:40:22 INFO  ChordProtocols:173 - Beregner fingerID for finger 119: 122075752448993746332052929554818148444
id: 122075752448993746332052929554818148444
lower: 121411138451101288395601026024677976156
upper: 210821560651360572675896360671414673172
Result (no wrap): true
2025-05-02 21:40:22 INFO  ChordProtocols:179 - Finger 119 peker n책 til: process4
2025-05-02 21:40:22 INFO  ChordProtocols:173 - Beregner fingerID for finger 120: 122740366446886204268504833084958320732
id: 122740366446886204268504833084958320732
lower: 121411138451101288395601026024677976156
upper: 210821560651360572675896360671414673172
Result (no wrap): true
2025-05-02 21:40:22 INFO  ChordProtocols:179 - Finger 120 peker n책 til: process4
2025-05-02 21:40:22 INFO  ChordProtocols:173 - Beregner fingerID for finger 121: 124069594442671120141408640145238665308
id: 124069594442671120141408640145238665308
lower: 121411138451101288395601026024677976156
upper: 210821560651360572675896360671414673172
Result (no wrap): true
2025-05-02 21:40:22 INFO  ChordProtocols:179 - Finger 121 peker n책 til: process4
2025-05-02 21:40:22 INFO  ChordProtocols:173 - Beregner fingerID for finger 122: 126728050434240951887216254265799354460
id: 126728050434240951887216254265799354460
lower: 121411138451101288395601026024677976156
upper: 210821560651360572675896360671414673172
Result (no wrap): true
2025-05-02 21:40:22 INFO  ChordProtocols:179 - Finger 122 peker n책 til: process4
2025-05-02 21:40:22 INFO  ChordProtocols:173 - Beregner fingerID for finger 123: 132044962417380615378831482506920732764
id: 132044962417380615378831482506920732764
lower: 121411138451101288395601026024677976156
upper: 210821560651360572675896360671414673172
Result (no wrap): true
2025-05-02 21:40:22 INFO  ChordProtocols:179 - Finger 123 peker n책 til: process4
2025-05-02 21:40:22 INFO  ChordProtocols:173 - Beregner fingerID for finger 124: 142678786383659942362061938989163489372
id: 142678786383659942362061938989163489372
lower: 121411138451101288395601026024677976156
upper: 210821560651360572675896360671414673172
Result (no wrap): true
2025-05-02 21:40:22 INFO  ChordProtocols:179 - Finger 124 peker n책 til: process4
2025-05-02 21:40:22 INFO  ChordProtocols:173 - Beregner fingerID for finger 125: 163946434316218596328522851953649002588
id: 163946434316218596328522851953649002588
lower: 121411138451101288395601026024677976156
upper: 210821560651360572675896360671414673172
Result (no wrap): true
2025-05-02 21:40:22 INFO  ChordProtocols:179 - Finger 125 peker n책 til: process4
2025-05-02 21:40:22 INFO  ChordProtocols:173 - Beregner fingerID for finger 126: 206481730181335904261444677882620029020
id: 206481730181335904261444677882620029020
lower: 121411138451101288395601026024677976156
upper: 210821560651360572675896360671414673172
Result (no wrap): true
2025-05-02 21:40:22 INFO  ChordProtocols:179 - Finger 126 peker n책 til: process4
2025-05-02 21:40:22 INFO  ChordProtocols:173 - Beregner fingerID for finger 127: 291552321911570520127288329740562081884
id: 291552321911570520127288329740562081884
lower: 121411138451101288395601026024677976156
upper: 210821560651360572675896360671414673172
Result (no wrap): false
id: 210821560651360572675896360671414673172
lower: 121411138451101288395601026024677976156
upper: 291552321911570520127288329740562081884
Result (no wrap): true
id: 291552321911570520127288329740562081884
lower: 210821560651360572675896360671414673172
upper: 15618062003214643351512781541041391612
Result (wrap): true
2025-05-02 21:40:22 INFO  ChordProtocols:179 - Finger 127 peker n책 til: process2
2025-05-02 21:40:22 INFO  ChordLookup:96 - copy file keys that are <= process5 from successor process4 to process5
2025-05-02 21:40:22 INFO  ChordLookup:113 - Finished copying file keys from successor process4 to process5
2025-05-02 21:40:22 INFO  ChordProtocols:86 - process5 is between null | process4
2025-05-02 21:40:22 INFO  StabilizationProtocols:130 - Updating the successor for Node: process1
id: 53937554629190552131995290006614509578
lower: 53937554629190552131995290006614509577
upper: 210821560651360572675896360671414673172
Result (no wrap): true
2025-05-02 21:40:22 INFO  StabilizationProtocols:165 - Finished updating the successor for Node: process1
2025-05-02 21:40:22 INFO  StabilizationProtocols:84 - Stabilizing ring from process1...
2025-05-02 21:40:22 INFO  StabilizationProtocols:91 - Stabilize ring: succnode = process5
2025-05-02 21:40:22 INFO  StabilizationProtocols:113 - Finished stabilizing chordring from process1
2025-05-02 21:40:22 INFO  ChordProtocols:159 - Oppdaterer FingerTable for Node: process1
2025-05-02 21:40:22 INFO  ChordProtocols:173 - Beregner fingerID for finger 0: 53937554629190552131995290006614509578
id: 53937554629190552131995290006614509578
lower: 53937554629190552131995290006614509577
upper: 121411138451101288395601026024677976156
Result (no wrap): true
2025-05-02 21:40:22 INFO  ChordProtocols:179 - Finger 0 peker n책 til: process5
2025-05-02 21:40:22 INFO  ChordProtocols:173 - Beregner fingerID for finger 1: 53937554629190552131995290006614509579
id: 53937554629190552131995290006614509579
lower: 53937554629190552131995290006614509577
upper: 121411138451101288395601026024677976156
Result (no wrap): true
2025-05-02 21:40:22 INFO  ChordProtocols:179 - Finger 1 peker n책 til: process5
2025-05-02 21:40:22 INFO  ChordProtocols:173 - Beregner fingerID for finger 2: 53937554629190552131995290006614509581
id: 53937554629190552131995290006614509581
lower: 53937554629190552131995290006614509577
upper: 121411138451101288395601026024677976156
Result (no wrap): true
2025-05-02 21:40:22 INFO  ChordProtocols:179 - Finger 2 peker n책 til: process5
2025-05-02 21:40:22 INFO  ChordProtocols:173 - Beregner fingerID for finger 3: 53937554629190552131995290006614509585
id: 53937554629190552131995290006614509585
lower: 53937554629190552131995290006614509577
upper: 121411138451101288395601026024677976156
Result (no wrap): true
2025-05-02 21:40:22 INFO  ChordProtocols:179 - Finger 3 peker n책 til: process5
2025-05-02 21:40:22 INFO  ChordProtocols:173 - Beregner fingerID for finger 4: 53937554629190552131995290006614509593
id: 53937554629190552131995290006614509593
lower: 53937554629190552131995290006614509577
upper: 121411138451101288395601026024677976156
Result (no wrap): true
2025-05-02 21:40:22 INFO  ChordProtocols:179 - Finger 4 peker n책 til: process5
2025-05-02 21:40:22 INFO  ChordProtocols:173 - Beregner fingerID for finger 5: 53937554629190552131995290006614509609
id: 53937554629190552131995290006614509609
lower: 53937554629190552131995290006614509577
upper: 121411138451101288395601026024677976156
Result (no wrap): true
2025-05-02 21:40:22 INFO  ChordProtocols:179 - Finger 5 peker n책 til: process5
2025-05-02 21:40:22 INFO  ChordProtocols:173 - Beregner fingerID for finger 6: 53937554629190552131995290006614509641
id: 53937554629190552131995290006614509641
lower: 53937554629190552131995290006614509577
upper: 121411138451101288395601026024677976156
Result (no wrap): true
2025-05-02 21:40:22 INFO  ChordProtocols:179 - Finger 6 peker n책 til: process5
2025-05-02 21:40:22 INFO  ChordProtocols:173 - Beregner fingerID for finger 7: 53937554629190552131995290006614509705
id: 53937554629190552131995290006614509705
lower: 53937554629190552131995290006614509577
upper: 121411138451101288395601026024677976156
Result (no wrap): true
2025-05-02 21:40:22 INFO  ChordProtocols:179 - Finger 7 peker n책 til: process5
2025-05-02 21:40:22 INFO  ChordProtocols:173 - Beregner fingerID for finger 8: 53937554629190552131995290006614509833
id: 53937554629190552131995290006614509833
lower: 53937554629190552131995290006614509577
upper: 121411138451101288395601026024677976156
Result (no wrap): true
2025-05-02 21:40:22 INFO  ChordProtocols:179 - Finger 8 peker n책 til: process5
2025-05-02 21:40:22 INFO  ChordProtocols:173 - Beregner fingerID for finger 9: 53937554629190552131995290006614510089
id: 53937554629190552131995290006614510089
lower: 53937554629190552131995290006614509577
upper: 121411138451101288395601026024677976156
Result (no wrap): true
2025-05-02 21:40:22 INFO  ChordProtocols:179 - Finger 9 peker n책 til: process5
2025-05-02 21:40:22 INFO  ChordProtocols:173 - Beregner fingerID for finger 10: 53937554629190552131995290006614510601
id: 53937554629190552131995290006614510601
lower: 53937554629190552131995290006614509577
upper: 121411138451101288395601026024677976156
Result (no wrap): true
2025-05-02 21:40:22 INFO  ChordProtocols:179 - Finger 10 peker n책 til: process5
2025-05-02 21:40:22 INFO  ChordProtocols:173 - Beregner fingerID for finger 11: 53937554629190552131995290006614511625
id: 53937554629190552131995290006614511625
lower: 53937554629190552131995290006614509577
upper: 121411138451101288395601026024677976156
Result (no wrap): true
2025-05-02 21:40:22 INFO  ChordProtocols:179 - Finger 11 peker n책 til: process5
2025-05-02 21:40:22 INFO  ChordProtocols:173 - Beregner fingerID for finger 12: 53937554629190552131995290006614513673
id: 53937554629190552131995290006614513673
lower: 53937554629190552131995290006614509577
upper: 121411138451101288395601026024677976156
Result (no wrap): true
2025-05-02 21:40:22 INFO  ChordProtocols:179 - Finger 12 peker n책 til: process5
2025-05-02 21:40:22 INFO  ChordProtocols:173 - Beregner fingerID for finger 13: 53937554629190552131995290006614517769
id: 53937554629190552131995290006614517769
lower: 53937554629190552131995290006614509577
upper: 121411138451101288395601026024677976156
Result (no wrap): true
2025-05-02 21:40:22 INFO  ChordProtocols:179 - Finger 13 peker n책 til: process5
2025-05-02 21:40:22 INFO  ChordProtocols:173 - Beregner fingerID for finger 14: 53937554629190552131995290006614525961
id: 53937554629190552131995290006614525961
lower: 53937554629190552131995290006614509577
upper: 121411138451101288395601026024677976156
Result (no wrap): true
2025-05-02 21:40:22 INFO  ChordProtocols:179 - Finger 14 peker n책 til: process5
2025-05-02 21:40:22 INFO  ChordProtocols:173 - Beregner fingerID for finger 15: 53937554629190552131995290006614542345
id: 53937554629190552131995290006614542345
lower: 53937554629190552131995290006614509577
upper: 121411138451101288395601026024677976156
Result (no wrap): true
2025-05-02 21:40:22 INFO  ChordProtocols:179 - Finger 15 peker n책 til: process5
2025-05-02 21:40:22 INFO  ChordProtocols:173 - Beregner fingerID for finger 16: 53937554629190552131995290006614575113
id: 53937554629190552131995290006614575113
lower: 53937554629190552131995290006614509577
upper: 121411138451101288395601026024677976156
Result (no wrap): true
2025-05-02 21:40:22 INFO  ChordProtocols:179 - Finger 16 peker n책 til: process5
2025-05-02 21:40:22 INFO  ChordProtocols:173 - Beregner fingerID for finger 17: 53937554629190552131995290006614640649
id: 53937554629190552131995290006614640649
lower: 53937554629190552131995290006614509577
upper: 121411138451101288395601026024677976156
Result (no wrap): true
2025-05-02 21:40:22 INFO  ChordProtocols:179 - Finger 17 peker n책 til: process5
2025-05-02 21:40:22 INFO  ChordProtocols:173 - Beregner fingerID for finger 18: 53937554629190552131995290006614771721
id: 53937554629190552131995290006614771721
lower: 53937554629190552131995290006614509577
upper: 121411138451101288395601026024677976156
Result (no wrap): true
2025-05-02 21:40:22 INFO  ChordProtocols:179 - Finger 18 peker n책 til: process5
2025-05-02 21:40:22 INFO  ChordProtocols:173 - Beregner fingerID for finger 19: 53937554629190552131995290006615033865
id: 53937554629190552131995290006615033865
lower: 53937554629190552131995290006614509577
upper: 121411138451101288395601026024677976156
Result (no wrap): true
2025-05-02 21:40:22 INFO  ChordProtocols:179 - Finger 19 peker n책 til: process5
2025-05-02 21:40:22 INFO  ChordProtocols:173 - Beregner fingerID for finger 20: 53937554629190552131995290006615558153
id: 53937554629190552131995290006615558153
lower: 53937554629190552131995290006614509577
upper: 121411138451101288395601026024677976156
Result (no wrap): true
2025-05-02 21:40:22 INFO  ChordProtocols:179 - Finger 20 peker n책 til: process5
2025-05-02 21:40:22 INFO  ChordProtocols:173 - Beregner fingerID for finger 21: 53937554629190552131995290006616606729
id: 53937554629190552131995290006616606729
lower: 53937554629190552131995290006614509577
upper: 121411138451101288395601026024677976156
Result (no wrap): true
2025-05-02 21:40:22 INFO  ChordProtocols:179 - Finger 21 peker n책 til: process5
2025-05-02 21:40:22 INFO  ChordProtocols:173 - Beregner fingerID for finger 22: 53937554629190552131995290006618703881
id: 53937554629190552131995290006618703881
lower: 53937554629190552131995290006614509577
upper: 121411138451101288395601026024677976156
Result (no wrap): true
2025-05-02 21:40:22 INFO  ChordProtocols:179 - Finger 22 peker n책 til: process5
2025-05-02 21:40:22 INFO  ChordProtocols:173 - Beregner fingerID for finger 23: 53937554629190552131995290006622898185
id: 53937554629190552131995290006622898185
lower: 53937554629190552131995290006614509577
upper: 121411138451101288395601026024677976156
Result (no wrap): true
2025-05-02 21:40:22 INFO  ChordProtocols:179 - Finger 23 peker n책 til: process5
2025-05-02 21:40:22 INFO  ChordProtocols:173 - Beregner fingerID for finger 24: 53937554629190552131995290006631286793
id: 53937554629190552131995290006631286793
lower: 53937554629190552131995290006614509577
upper: 121411138451101288395601026024677976156
Result (no wrap): true
2025-05-02 21:40:22 INFO  ChordProtocols:179 - Finger 24 peker n책 til: process5
2025-05-02 21:40:22 INFO  ChordProtocols:173 - Beregner fingerID for finger 25: 53937554629190552131995290006648064009
id: 53937554629190552131995290006648064009
lower: 53937554629190552131995290006614509577
upper: 121411138451101288395601026024677976156
Result (no wrap): true
2025-05-02 21:40:22 INFO  ChordProtocols:179 - Finger 25 peker n책 til: process5
2025-05-02 21:40:22 INFO  ChordProtocols:173 - Beregner fingerID for finger 26: 53937554629190552131995290006681618441
id: 53937554629190552131995290006681618441
lower: 53937554629190552131995290006614509577
upper: 121411138451101288395601026024677976156
Result (no wrap): true
2025-05-02 21:40:22 INFO  ChordProtocols:179 - Finger 26 peker n책 til: process5
2025-05-02 21:40:22 INFO  ChordProtocols:173 - Beregner fingerID for finger 27: 53937554629190552131995290006748727305
id: 53937554629190552131995290006748727305
lower: 53937554629190552131995290006614509577
upper: 121411138451101288395601026024677976156
Result (no wrap): true
2025-05-02 21:40:22 INFO  ChordProtocols:179 - Finger 27 peker n책 til: process5
2025-05-02 21:40:22 INFO  ChordProtocols:173 - Beregner fingerID for finger 28: 53937554629190552131995290006882945033
id: 53937554629190552131995290006882945033
lower: 53937554629190552131995290006614509577
upper: 121411138451101288395601026024677976156
Result (no wrap): true
2025-05-02 21:40:22 INFO  ChordProtocols:179 - Finger 28 peker n책 til: process5
2025-05-02 21:40:22 INFO  ChordProtocols:173 - Beregner fingerID for finger 29: 53937554629190552131995290007151380489
id: 53937554629190552131995290007151380489
lower: 53937554629190552131995290006614509577
upper: 121411138451101288395601026024677976156
Result (no wrap): true
2025-05-02 21:40:22 INFO  ChordProtocols:179 - Finger 29 peker n책 til: process5
2025-05-02 21:40:22 INFO  ChordProtocols:173 - Beregner fingerID for finger 30: 53937554629190552131995290007688251401
id: 53937554629190552131995290007688251401
lower: 53937554629190552131995290006614509577
upper: 121411138451101288395601026024677976156
Result (no wrap): true
2025-05-02 21:40:22 INFO  ChordProtocols:179 - Finger 30 peker n책 til: process5
2025-05-02 21:40:22 INFO  ChordProtocols:173 - Beregner fingerID for finger 31: 53937554629190552131995290008761993225
id: 53937554629190552131995290008761993225
lower: 53937554629190552131995290006614509577
upper: 121411138451101288395601026024677976156
Result (no wrap): true
2025-05-02 21:40:22 INFO  ChordProtocols:179 - Finger 31 peker n책 til: process5
2025-05-02 21:40:22 INFO  ChordProtocols:173 - Beregner fingerID for finger 32: 53937554629190552131995290010909476873
id: 53937554629190552131995290010909476873
lower: 53937554629190552131995290006614509577
upper: 121411138451101288395601026024677976156
Result (no wrap): true
2025-05-02 21:40:22 INFO  ChordProtocols:179 - Finger 32 peker n책 til: process5
2025-05-02 21:40:22 INFO  ChordProtocols:173 - Beregner fingerID for finger 33: 53937554629190552131995290015204444169
id: 53937554629190552131995290015204444169
lower: 53937554629190552131995290006614509577
upper: 121411138451101288395601026024677976156
Result (no wrap): true
2025-05-02 21:40:22 INFO  ChordProtocols:179 - Finger 33 peker n책 til: process5
2025-05-02 21:40:22 INFO  ChordProtocols:173 - Beregner fingerID for finger 34: 53937554629190552131995290023794378761
id: 53937554629190552131995290023794378761
lower: 53937554629190552131995290006614509577
upper: 121411138451101288395601026024677976156
Result (no wrap): true
2025-05-02 21:40:22 INFO  ChordProtocols:179 - Finger 34 peker n책 til: process5
2025-05-02 21:40:22 INFO  ChordProtocols:173 - Beregner fingerID for finger 35: 53937554629190552131995290040974247945
id: 53937554629190552131995290040974247945
lower: 53937554629190552131995290006614509577
upper: 121411138451101288395601026024677976156
Result (no wrap): true
2025-05-02 21:40:22 INFO  ChordProtocols:179 - Finger 35 peker n책 til: process5
2025-05-02 21:40:22 INFO  ChordProtocols:173 - Beregner fingerID for finger 36: 53937554629190552131995290075333986313
id: 53937554629190552131995290075333986313
lower: 53937554629190552131995290006614509577
upper: 121411138451101288395601026024677976156
Result (no wrap): true
2025-05-02 21:40:22 INFO  ChordProtocols:179 - Finger 36 peker n책 til: process5
2025-05-02 21:40:22 INFO  ChordProtocols:173 - Beregner fingerID for finger 37: 53937554629190552131995290144053463049
id: 53937554629190552131995290144053463049
lower: 53937554629190552131995290006614509577
upper: 121411138451101288395601026024677976156
Result (no wrap): true
2025-05-02 21:40:22 INFO  ChordProtocols:179 - Finger 37 peker n책 til: process5
2025-05-02 21:40:22 INFO  ChordProtocols:173 - Beregner fingerID for finger 38: 53937554629190552131995290281492416521
id: 53937554629190552131995290281492416521
lower: 53937554629190552131995290006614509577
upper: 121411138451101288395601026024677976156
Result (no wrap): true
2025-05-02 21:40:22 INFO  ChordProtocols:179 - Finger 38 peker n책 til: process5
2025-05-02 21:40:22 INFO  ChordProtocols:173 - Beregner fingerID for finger 39: 53937554629190552131995290556370323465
id: 53937554629190552131995290556370323465
lower: 53937554629190552131995290006614509577
upper: 121411138451101288395601026024677976156
Result (no wrap): true
2025-05-02 21:40:22 INFO  ChordProtocols:179 - Finger 39 peker n책 til: process5
2025-05-02 21:40:22 INFO  ChordProtocols:173 - Beregner fingerID for finger 40: 53937554629190552131995291106126137353
id: 53937554629190552131995291106126137353
lower: 53937554629190552131995290006614509577
upper: 121411138451101288395601026024677976156
Result (no wrap): true
2025-05-02 21:40:22 INFO  ChordProtocols:179 - Finger 40 peker n책 til: process5
2025-05-02 21:40:22 INFO  ChordProtocols:173 - Beregner fingerID for finger 41: 53937554629190552131995292205637765129
id: 53937554629190552131995292205637765129
lower: 53937554629190552131995290006614509577
upper: 121411138451101288395601026024677976156
Result (no wrap): true
2025-05-02 21:40:22 INFO  ChordProtocols:179 - Finger 41 peker n책 til: process5
2025-05-02 21:40:22 INFO  ChordProtocols:173 - Beregner fingerID for finger 42: 53937554629190552131995294404661020681
id: 53937554629190552131995294404661020681
lower: 53937554629190552131995290006614509577
upper: 121411138451101288395601026024677976156
Result (no wrap): true
2025-05-02 21:40:22 INFO  ChordProtocols:179 - Finger 42 peker n책 til: process5
2025-05-02 21:40:22 INFO  ChordProtocols:173 - Beregner fingerID for finger 43: 53937554629190552131995298802707531785
id: 53937554629190552131995298802707531785
lower: 53937554629190552131995290006614509577
upper: 121411138451101288395601026024677976156
Result (no wrap): true
2025-05-02 21:40:22 INFO  ChordProtocols:179 - Finger 43 peker n책 til: process5
2025-05-02 21:40:22 INFO  ChordProtocols:173 - Beregner fingerID for finger 44: 53937554629190552131995307598800553993
id: 53937554629190552131995307598800553993
lower: 53937554629190552131995290006614509577
upper: 121411138451101288395601026024677976156
Result (no wrap): true
2025-05-02 21:40:22 INFO  ChordProtocols:179 - Finger 44 peker n책 til: process5
2025-05-02 21:40:22 INFO  ChordProtocols:173 - Beregner fingerID for finger 45: 53937554629190552131995325190986598409
id: 53937554629190552131995325190986598409
lower: 53937554629190552131995290006614509577
upper: 121411138451101288395601026024677976156
Result (no wrap): true
2025-05-02 21:40:22 INFO  ChordProtocols:179 - Finger 45 peker n책 til: process5
2025-05-02 21:40:22 INFO  ChordProtocols:173 - Beregner fingerID for finger 46: 53937554629190552131995360375358687241
id: 53937554629190552131995360375358687241
lower: 53937554629190552131995290006614509577
upper: 121411138451101288395601026024677976156
Result (no wrap): true
2025-05-02 21:40:22 INFO  ChordProtocols:179 - Finger 46 peker n책 til: process5
2025-05-02 21:40:22 INFO  ChordProtocols:173 - Beregner fingerID for finger 47: 53937554629190552131995430744102864905
id: 53937554629190552131995430744102864905
lower: 53937554629190552131995290006614509577
upper: 121411138451101288395601026024677976156
Result (no wrap): true
2025-05-02 21:40:22 INFO  ChordProtocols:179 - Finger 47 peker n책 til: process5
2025-05-02 21:40:22 INFO  ChordProtocols:173 - Beregner fingerID for finger 48: 53937554629190552131995571481591220233
id: 53937554629190552131995571481591220233
lower: 53937554629190552131995290006614509577
upper: 121411138451101288395601026024677976156
Result (no wrap): true
2025-05-02 21:40:22 INFO  ChordProtocols:179 - Finger 48 peker n책 til: process5
2025-05-02 21:40:22 INFO  ChordProtocols:173 - Beregner fingerID for finger 49: 53937554629190552131995852956567930889
id: 53937554629190552131995852956567930889
lower: 53937554629190552131995290006614509577
upper: 121411138451101288395601026024677976156
Result (no wrap): true
2025-05-02 21:40:22 INFO  ChordProtocols:179 - Finger 49 peker n책 til: process5
2025-05-02 21:40:22 INFO  ChordProtocols:173 - Beregner fingerID for finger 50: 53937554629190552131996415906521352201
id: 53937554629190552131996415906521352201
lower: 53937554629190552131995290006614509577
upper: 121411138451101288395601026024677976156
Result (no wrap): true
2025-05-02 21:40:22 INFO  ChordProtocols:179 - Finger 50 peker n책 til: process5
2025-05-02 21:40:22 INFO  ChordProtocols:173 - Beregner fingerID for finger 51: 53937554629190552131997541806428194825
id: 53937554629190552131997541806428194825
lower: 53937554629190552131995290006614509577
upper: 121411138451101288395601026024677976156
Result (no wrap): true
2025-05-02 21:40:22 INFO  ChordProtocols:179 - Finger 51 peker n책 til: process5
2025-05-02 21:40:22 INFO  ChordProtocols:173 - Beregner fingerID for finger 52: 53937554629190552131999793606241880073
id: 53937554629190552131999793606241880073
lower: 53937554629190552131995290006614509577
upper: 121411138451101288395601026024677976156
Result (no wrap): true
2025-05-02 21:40:22 INFO  ChordProtocols:179 - Finger 52 peker n책 til: process5
2025-05-02 21:40:22 INFO  ChordProtocols:173 - Beregner fingerID for finger 53: 53937554629190552132004297205869250569
id: 53937554629190552132004297205869250569
lower: 53937554629190552131995290006614509577
upper: 121411138451101288395601026024677976156
Result (no wrap): true
2025-05-02 21:40:22 INFO  ChordProtocols:179 - Finger 53 peker n책 til: process5
2025-05-02 21:40:22 INFO  ChordProtocols:173 - Beregner fingerID for finger 54: 53937554629190552132013304405123991561
id: 53937554629190552132013304405123991561
lower: 53937554629190552131995290006614509577
upper: 121411138451101288395601026024677976156
Result (no wrap): true
2025-05-02 21:40:22 INFO  ChordProtocols:179 - Finger 54 peker n책 til: process5
2025-05-02 21:40:22 INFO  ChordProtocols:173 - Beregner fingerID for finger 55: 53937554629190552132031318803633473545
id: 53937554629190552132031318803633473545
lower: 53937554629190552131995290006614509577
upper: 121411138451101288395601026024677976156
Result (no wrap): true
2025-05-02 21:40:22 INFO  ChordProtocols:179 - Finger 55 peker n책 til: process5
2025-05-02 21:40:22 INFO  ChordProtocols:173 - Beregner fingerID for finger 56: 53937554629190552132067347600652437513
id: 53937554629190552132067347600652437513
lower: 53937554629190552131995290006614509577
upper: 121411138451101288395601026024677976156
Result (no wrap): true
2025-05-02 21:40:22 INFO  ChordProtocols:179 - Finger 56 peker n책 til: process5
2025-05-02 21:40:22 INFO  ChordProtocols:173 - Beregner fingerID for finger 57: 53937554629190552132139405194690365449
id: 53937554629190552132139405194690365449
lower: 53937554629190552131995290006614509577
upper: 121411138451101288395601026024677976156
Result (no wrap): true
2025-05-02 21:40:22 INFO  ChordProtocols:179 - Finger 57 peker n책 til: process5
2025-05-02 21:40:22 INFO  ChordProtocols:173 - Beregner fingerID for finger 58: 53937554629190552132283520382766221321
id: 53937554629190552132283520382766221321
lower: 53937554629190552131995290006614509577
upper: 121411138451101288395601026024677976156
Result (no wrap): true
2025-05-02 21:40:22 INFO  ChordProtocols:179 - Finger 58 peker n책 til: process5
2025-05-02 21:40:22 INFO  ChordProtocols:173 - Beregner fingerID for finger 59: 53937554629190552132571750758917933065
id: 53937554629190552132571750758917933065
lower: 53937554629190552131995290006614509577
upper: 121411138451101288395601026024677976156
Result (no wrap): true
2025-05-02 21:40:22 INFO  ChordProtocols:179 - Finger 59 peker n책 til: process5
2025-05-02 21:40:22 INFO  ChordProtocols:173 - Beregner fingerID for finger 60: 53937554629190552133148211511221356553
id: 53937554629190552133148211511221356553
lower: 53937554629190552131995290006614509577
upper: 121411138451101288395601026024677976156
Result (no wrap): true
2025-05-02 21:40:22 INFO  ChordProtocols:179 - Finger 60 peker n책 til: process5
2025-05-02 21:40:22 INFO  ChordProtocols:173 - Beregner fingerID for finger 61: 53937554629190552134301133015828203529
id: 53937554629190552134301133015828203529
lower: 53937554629190552131995290006614509577
upper: 121411138451101288395601026024677976156
Result (no wrap): true
2025-05-02 21:40:22 INFO  ChordProtocols:179 - Finger 61 peker n책 til: process5
2025-05-02 21:40:22 INFO  ChordProtocols:173 - Beregner fingerID for finger 62: 53937554629190552136606976025041897481
id: 53937554629190552136606976025041897481
lower: 53937554629190552131995290006614509577
upper: 121411138451101288395601026024677976156
Result (no wrap): true
2025-05-02 21:40:22 INFO  ChordProtocols:179 - Finger 62 peker n책 til: process5
2025-05-02 21:40:22 INFO  ChordProtocols:173 - Beregner fingerID for finger 63: 53937554629190552141218662043469285385
id: 53937554629190552141218662043469285385
lower: 53937554629190552131995290006614509577
upper: 121411138451101288395601026024677976156
Result (no wrap): true
2025-05-02 21:40:22 INFO  ChordProtocols:179 - Finger 63 peker n책 til: process5
2025-05-02 21:40:22 INFO  ChordProtocols:173 - Beregner fingerID for finger 64: 53937554629190552150442034080324061193
id: 53937554629190552150442034080324061193
lower: 53937554629190552131995290006614509577
upper: 121411138451101288395601026024677976156
Result (no wrap): true
2025-05-02 21:40:22 INFO  ChordProtocols:179 - Finger 64 peker n책 til: process5
2025-05-02 21:40:22 INFO  ChordProtocols:173 - Beregner fingerID for finger 65: 53937554629190552168888778154033612809
id: 53937554629190552168888778154033612809
lower: 53937554629190552131995290006614509577
upper: 121411138451101288395601026024677976156
Result (no wrap): true
2025-05-02 21:40:22 INFO  ChordProtocols:179 - Finger 65 peker n책 til: process5
2025-05-02 21:40:22 INFO  ChordProtocols:173 - Beregner fingerID for finger 66: 53937554629190552205782266301452716041
id: 53937554629190552205782266301452716041
lower: 53937554629190552131995290006614509577
upper: 121411138451101288395601026024677976156
Result (no wrap): true
2025-05-02 21:40:22 INFO  ChordProtocols:179 - Finger 66 peker n책 til: process5
2025-05-02 21:40:22 INFO  ChordProtocols:173 - Beregner fingerID for finger 67: 53937554629190552279569242596290922505
id: 53937554629190552279569242596290922505
lower: 53937554629190552131995290006614509577
upper: 121411138451101288395601026024677976156
Result (no wrap): true
2025-05-02 21:40:22 INFO  ChordProtocols:179 - Finger 67 peker n책 til: process5
2025-05-02 21:40:22 INFO  ChordProtocols:173 - Beregner fingerID for finger 68: 53937554629190552427143195185967335433
id: 53937554629190552427143195185967335433
lower: 53937554629190552131995290006614509577
upper: 121411138451101288395601026024677976156
Result (no wrap): true
2025-05-02 21:40:22 INFO  ChordProtocols:179 - Finger 68 peker n책 til: process5
2025-05-02 21:40:22 INFO  ChordProtocols:173 - Beregner fingerID for finger 69: 53937554629190552722291100365320161289
id: 53937554629190552722291100365320161289
lower: 53937554629190552131995290006614509577
upper: 121411138451101288395601026024677976156
Result (no wrap): true
2025-05-02 21:40:22 INFO  ChordProtocols:179 - Finger 69 peker n책 til: process5
2025-05-02 21:40:22 INFO  ChordProtocols:173 - Beregner fingerID for finger 70: 53937554629190553312586910724025813001
id: 53937554629190553312586910724025813001
lower: 53937554629190552131995290006614509577
upper: 121411138451101288395601026024677976156
Result (no wrap): true
2025-05-02 21:40:22 INFO  ChordProtocols:179 - Finger 70 peker n책 til: process5
2025-05-02 21:40:22 INFO  ChordProtocols:173 - Beregner fingerID for finger 71: 53937554629190554493178531441437116425
id: 53937554629190554493178531441437116425
lower: 53937554629190552131995290006614509577
upper: 121411138451101288395601026024677976156
Result (no wrap): true
2025-05-02 21:40:22 INFO  ChordProtocols:179 - Finger 71 peker n책 til: process5
2025-05-02 21:40:22 INFO  ChordProtocols:173 - Beregner fingerID for finger 72: 53937554629190556854361772876259723273
id: 53937554629190556854361772876259723273
lower: 53937554629190552131995290006614509577
upper: 121411138451101288395601026024677976156
Result (no wrap): true
2025-05-02 21:40:22 INFO  ChordProtocols:179 - Finger 72 peker n책 til: process5
2025-05-02 21:40:22 INFO  ChordProtocols:173 - Beregner fingerID for finger 73: 53937554629190561576728255745904936969
id: 53937554629190561576728255745904936969
lower: 53937554629190552131995290006614509577
upper: 121411138451101288395601026024677976156
Result (no wrap): true
2025-05-02 21:40:22 INFO  ChordProtocols:179 - Finger 73 peker n책 til: process5
2025-05-02 21:40:22 INFO  ChordProtocols:173 - Beregner fingerID for finger 74: 53937554629190571021461221485195364361
id: 53937554629190571021461221485195364361
lower: 53937554629190552131995290006614509577
upper: 121411138451101288395601026024677976156
Result (no wrap): true
2025-05-02 21:40:22 INFO  ChordProtocols:179 - Finger 74 peker n책 til: process5
2025-05-02 21:40:22 INFO  ChordProtocols:173 - Beregner fingerID for finger 75: 53937554629190589910927152963776219145
id: 53937554629190589910927152963776219145
lower: 53937554629190552131995290006614509577
upper: 121411138451101288395601026024677976156
Result (no wrap): true
2025-05-02 21:40:22 INFO  ChordProtocols:179 - Finger 75 peker n책 til: process5
2025-05-02 21:40:22 INFO  ChordProtocols:173 - Beregner fingerID for finger 76: 53937554629190627689859015920937928713
id: 53937554629190627689859015920937928713
lower: 53937554629190552131995290006614509577
upper: 121411138451101288395601026024677976156
Result (no wrap): true
2025-05-02 21:40:22 INFO  ChordProtocols:179 - Finger 76 peker n책 til: process5
2025-05-02 21:40:22 INFO  ChordProtocols:173 - Beregner fingerID for finger 77: 53937554629190703247722741835261347849
id: 53937554629190703247722741835261347849
lower: 53937554629190552131995290006614509577
upper: 121411138451101288395601026024677976156
Result (no wrap): true
2025-05-02 21:40:22 INFO  ChordProtocols:179 - Finger 77 peker n책 til: process5
2025-05-02 21:40:22 INFO  ChordProtocols:173 - Beregner fingerID for finger 78: 53937554629190854363450193663908186121
id: 53937554629190854363450193663908186121
lower: 53937554629190552131995290006614509577
upper: 121411138451101288395601026024677976156
Result (no wrap): true
2025-05-02 21:40:22 INFO  ChordProtocols:179 - Finger 78 peker n책 til: process5
2025-05-02 21:40:22 INFO  ChordProtocols:173 - Beregner fingerID for finger 79: 53937554629191156594905097321201862665
id: 53937554629191156594905097321201862665
lower: 53937554629190552131995290006614509577
upper: 121411138451101288395601026024677976156
Result (no wrap): true
2025-05-02 21:40:22 INFO  ChordProtocols:179 - Finger 79 peker n책 til: process5
2025-05-02 21:40:22 INFO  ChordProtocols:173 - Beregner fingerID for finger 80: 53937554629191761057814904635789215753
id: 53937554629191761057814904635789215753
lower: 53937554629190552131995290006614509577
upper: 121411138451101288395601026024677976156
Result (no wrap): true
2025-05-02 21:40:22 INFO  ChordProtocols:179 - Finger 80 peker n책 til: process5
2025-05-02 21:40:22 INFO  ChordProtocols:173 - Beregner fingerID for finger 81: 53937554629192969983634519264963921929
id: 53937554629192969983634519264963921929
lower: 53937554629190552131995290006614509577
upper: 121411138451101288395601026024677976156
Result (no wrap): true
2025-05-02 21:40:22 INFO  ChordProtocols:179 - Finger 81 peker n책 til: process5
2025-05-02 21:40:22 INFO  ChordProtocols:173 - Beregner fingerID for finger 82: 53937554629195387835273748523313334281
id: 53937554629195387835273748523313334281
lower: 53937554629190552131995290006614509577
upper: 121411138451101288395601026024677976156
Result (no wrap): true
2025-05-02 21:40:22 INFO  ChordProtocols:179 - Finger 82 peker n책 til: process5
2025-05-02 21:40:22 INFO  ChordProtocols:173 - Beregner fingerID for finger 83: 53937554629200223538552207040012158985
id: 53937554629200223538552207040012158985
lower: 53937554629190552131995290006614509577
upper: 121411138451101288395601026024677976156
Result (no wrap): true
2025-05-02 21:40:22 INFO  ChordProtocols:179 - Finger 83 peker n책 til: process5
2025-05-02 21:40:22 INFO  ChordProtocols:173 - Beregner fingerID for finger 84: 53937554629209894945109124073409808393
id: 53937554629209894945109124073409808393
lower: 53937554629190552131995290006614509577
upper: 121411138451101288395601026024677976156
Result (no wrap): true
2025-05-02 21:40:22 INFO  ChordProtocols:179 - Finger 84 peker n책 til: process5
2025-05-02 21:40:22 INFO  ChordProtocols:173 - Beregner fingerID for finger 85: 53937554629229237758222958140205107209
id: 53937554629229237758222958140205107209
lower: 53937554629190552131995290006614509577
upper: 121411138451101288395601026024677976156
Result (no wrap): true
2025-05-02 21:40:22 INFO  ChordProtocols:179 - Finger 85 peker n책 til: process5
2025-05-02 21:40:22 INFO  ChordProtocols:173 - Beregner fingerID for finger 86: 53937554629267923384450626273795704841
id: 53937554629267923384450626273795704841
lower: 53937554629190552131995290006614509577
upper: 121411138451101288395601026024677976156
Result (no wrap): true
2025-05-02 21:40:22 INFO  ChordProtocols:179 - Finger 86 peker n책 til: process5
2025-05-02 21:40:22 INFO  ChordProtocols:173 - Beregner fingerID for finger 87: 53937554629345294636905962540976900105
id: 53937554629345294636905962540976900105
lower: 53937554629190552131995290006614509577
upper: 121411138451101288395601026024677976156
Result (no wrap): true
2025-05-02 21:40:22 INFO  ChordProtocols:179 - Finger 87 peker n책 til: process5
2025-05-02 21:40:22 INFO  ChordProtocols:173 - Beregner fingerID for finger 88: 53937554629500037141816635075339290633
id: 53937554629500037141816635075339290633
lower: 53937554629190552131995290006614509577
upper: 121411138451101288395601026024677976156
Result (no wrap): true
2025-05-02 21:40:22 INFO  ChordProtocols:179 - Finger 88 peker n책 til: process5
2025-05-02 21:40:22 INFO  ChordProtocols:173 - Beregner fingerID for finger 89: 53937554629809522151637980144064071689
id: 53937554629809522151637980144064071689
lower: 53937554629190552131995290006614509577
upper: 121411138451101288395601026024677976156
Result (no wrap): true
2025-05-02 21:40:22 INFO  ChordProtocols:179 - Finger 89 peker n책 til: process5
2025-05-02 21:40:22 INFO  ChordProtocols:173 - Beregner fingerID for finger 90: 53937554630428492171280670281513633801
id: 53937554630428492171280670281513633801
lower: 53937554629190552131995290006614509577
upper: 121411138451101288395601026024677976156
Result (no wrap): true
2025-05-02 21:40:22 INFO  ChordProtocols:179 - Finger 90 peker n책 til: process5
2025-05-02 21:40:22 INFO  ChordProtocols:173 - Beregner fingerID for finger 91: 53937554631666432210566050556412758025
id: 53937554631666432210566050556412758025
lower: 53937554629190552131995290006614509577
upper: 121411138451101288395601026024677976156
Result (no wrap): true
2025-05-02 21:40:22 INFO  ChordProtocols:179 - Finger 91 peker n책 til: process5
2025-05-02 21:40:22 INFO  ChordProtocols:173 - Beregner fingerID for finger 92: 53937554634142312289136811106211006473
id: 53937554634142312289136811106211006473
lower: 53937554629190552131995290006614509577
upper: 121411138451101288395601026024677976156
Result (no wrap): true
2025-05-02 21:40:22 INFO  ChordProtocols:179 - Finger 92 peker n책 til: process5
2025-05-02 21:40:22 INFO  ChordProtocols:173 - Beregner fingerID for finger 93: 53937554639094072446278332205807503369
id: 53937554639094072446278332205807503369
lower: 53937554629190552131995290006614509577
upper: 121411138451101288395601026024677976156
Result (no wrap): true
2025-05-02 21:40:22 INFO  ChordProtocols:179 - Finger 93 peker n책 til: process5
2025-05-02 21:40:22 INFO  ChordProtocols:173 - Beregner fingerID for finger 94: 53937554648997592760561374405000497161
id: 53937554648997592760561374405000497161
lower: 53937554629190552131995290006614509577
upper: 121411138451101288395601026024677976156
Result (no wrap): true
2025-05-02 21:40:22 INFO  ChordProtocols:179 - Finger 94 peker n책 til: process5
2025-05-02 21:40:22 INFO  ChordProtocols:173 - Beregner fingerID for finger 95: 53937554668804633389127458803386484745
id: 53937554668804633389127458803386484745
lower: 53937554629190552131995290006614509577
upper: 121411138451101288395601026024677976156
Result (no wrap): true
2025-05-02 21:40:22 INFO  ChordProtocols:179 - Finger 95 peker n책 til: process5
2025-05-02 21:40:22 INFO  ChordProtocols:173 - Beregner fingerID for finger 96: 53937554708418714646259627600158459913
id: 53937554708418714646259627600158459913
lower: 53937554629190552131995290006614509577
upper: 121411138451101288395601026024677976156
Result (no wrap): true
2025-05-02 21:40:22 INFO  ChordProtocols:179 - Finger 96 peker n책 til: process5
2025-05-02 21:40:22 INFO  ChordProtocols:173 - Beregner fingerID for finger 97: 53937554787646877160523965193702410249
id: 53937554787646877160523965193702410249
lower: 53937554629190552131995290006614509577
upper: 121411138451101288395601026024677976156
Result (no wrap): true
2025-05-02 21:40:22 INFO  ChordProtocols:179 - Finger 97 peker n책 til: process5
2025-05-02 21:40:22 INFO  ChordProtocols:173 - Beregner fingerID for finger 98: 53937554946103202189052640380790310921
id: 53937554946103202189052640380790310921
lower: 53937554629190552131995290006614509577
upper: 121411138451101288395601026024677976156
Result (no wrap): true
2025-05-02 21:40:22 INFO  ChordProtocols:179 - Finger 98 peker n책 til: process5
2025-05-02 21:40:22 INFO  ChordProtocols:173 - Beregner fingerID for finger 99: 53937555263015852246109990754966112265
id: 53937555263015852246109990754966112265
lower: 53937554629190552131995290006614509577
upper: 121411138451101288395601026024677976156
Result (no wrap): true
2025-05-02 21:40:22 INFO  ChordProtocols:179 - Finger 99 peker n책 til: process5
2025-05-02 21:40:22 INFO  ChordProtocols:173 - Beregner fingerID for finger 100: 53937555896841152360224691503317714953
id: 53937555896841152360224691503317714953
lower: 53937554629190552131995290006614509577
upper: 121411138451101288395601026024677976156
Result (no wrap): true
2025-05-02 21:40:22 INFO  ChordProtocols:179 - Finger 100 peker n책 til: process5
2025-05-02 21:40:22 INFO  ChordProtocols:173 - Beregner fingerID for finger 101: 53937557164491752588454093000020920329
id: 53937557164491752588454093000020920329
lower: 53937554629190552131995290006614509577
upper: 121411138451101288395601026024677976156
Result (no wrap): true
2025-05-02 21:40:22 INFO  ChordProtocols:179 - Finger 101 peker n책 til: process5
2025-05-02 21:40:22 INFO  ChordProtocols:173 - Beregner fingerID for finger 102: 53937559699792953044912895993427331081
id: 53937559699792953044912895993427331081
lower: 53937554629190552131995290006614509577
upper: 121411138451101288395601026024677976156
Result (no wrap): true
2025-05-02 21:40:22 INFO  ChordProtocols:179 - Finger 102 peker n책 til: process5
2025-05-02 21:40:22 INFO  ChordProtocols:173 - Beregner fingerID for finger 103: 53937564770395353957830501980240152585
id: 53937564770395353957830501980240152585
lower: 53937554629190552131995290006614509577
upper: 121411138451101288395601026024677976156
Result (no wrap): true
2025-05-02 21:40:22 INFO  ChordProtocols:179 - Finger 103 peker n책 til: process5
2025-05-02 21:40:22 INFO  ChordProtocols:173 - Beregner fingerID for finger 104: 53937574911600155783665713953865795593
id: 53937574911600155783665713953865795593
lower: 53937554629190552131995290006614509577
upper: 121411138451101288395601026024677976156
Result (no wrap): true
2025-05-02 21:40:22 INFO  ChordProtocols:179 - Finger 104 peker n책 til: process5
2025-05-02 21:40:22 INFO  ChordProtocols:173 - Beregner fingerID for finger 105: 53937595194009759435336137901117081609
id: 53937595194009759435336137901117081609
lower: 53937554629190552131995290006614509577
upper: 121411138451101288395601026024677976156
Result (no wrap): true
2025-05-02 21:40:22 INFO  ChordProtocols:179 - Finger 105 peker n책 til: process5
2025-05-02 21:40:22 INFO  ChordProtocols:173 - Beregner fingerID for finger 106: 53937635758828966738676985795619653641
id: 53937635758828966738676985795619653641
lower: 53937554629190552131995290006614509577
upper: 121411138451101288395601026024677976156
Result (no wrap): true
2025-05-02 21:40:22 INFO  ChordProtocols:179 - Finger 106 peker n책 til: process5
2025-05-02 21:40:22 INFO  ChordProtocols:173 - Beregner fingerID for finger 107: 53937716888467381345358681584624797705
id: 53937716888467381345358681584624797705
lower: 53937554629190552131995290006614509577
upper: 121411138451101288395601026024677976156
Result (no wrap): true
2025-05-02 21:40:22 INFO  ChordProtocols:179 - Finger 107 peker n책 til: process5
2025-05-02 21:40:22 INFO  ChordProtocols:173 - Beregner fingerID for finger 108: 53937879147744210558722073162635085833
id: 53937879147744210558722073162635085833
lower: 53937554629190552131995290006614509577
upper: 121411138451101288395601026024677976156
Result (no wrap): true
2025-05-02 21:40:22 INFO  ChordProtocols:179 - Finger 108 peker n책 til: process5
2025-05-02 21:40:22 INFO  ChordProtocols:173 - Beregner fingerID for finger 109: 53938203666297868985448856318655662089
id: 53938203666297868985448856318655662089
lower: 53937554629190552131995290006614509577
upper: 121411138451101288395601026024677976156
Result (no wrap): true
2025-05-02 21:40:22 INFO  ChordProtocols:179 - Finger 109 peker n책 til: process5
2025-05-02 21:40:22 INFO  ChordProtocols:173 - Beregner fingerID for finger 110: 53938852703405185838902422630696814601
id: 53938852703405185838902422630696814601
lower: 53937554629190552131995290006614509577
upper: 121411138451101288395601026024677976156
Result (no wrap): true
2025-05-02 21:40:22 INFO  ChordProtocols:179 - Finger 110 peker n책 til: process5
2025-05-02 21:40:22 INFO  ChordProtocols:173 - Beregner fingerID for finger 111: 53940150777619819545809555254779119625
id: 53940150777619819545809555254779119625
lower: 53937554629190552131995290006614509577
upper: 121411138451101288395601026024677976156
Result (no wrap): true
2025-05-02 21:40:22 INFO  ChordProtocols:179 - Finger 111 peker n책 til: process5
2025-05-02 21:40:22 INFO  ChordProtocols:173 - Beregner fingerID for finger 112: 53942746926049086959623820502943729673
id: 53942746926049086959623820502943729673
lower: 53937554629190552131995290006614509577
upper: 121411138451101288395601026024677976156
Result (no wrap): true
2025-05-02 21:40:22 INFO  ChordProtocols:179 - Finger 112 peker n책 til: process5
2025-05-02 21:40:22 INFO  ChordProtocols:173 - Beregner fingerID for finger 113: 53947939222907621787252350999272949769
id: 53947939222907621787252350999272949769
lower: 53937554629190552131995290006614509577
upper: 121411138451101288395601026024677976156
Result (no wrap): true
2025-05-02 21:40:22 INFO  ChordProtocols:179 - Finger 113 peker n책 til: process5
2025-05-02 21:40:22 INFO  ChordProtocols:173 - Beregner fingerID for finger 114: 53958323816624691442509411991931389961
id: 53958323816624691442509411991931389961
lower: 53937554629190552131995290006614509577
upper: 121411138451101288395601026024677976156
Result (no wrap): true
2025-05-02 21:40:22 INFO  ChordProtocols:179 - Finger 114 peker n책 til: process5
2025-05-02 21:40:22 INFO  ChordProtocols:173 - Beregner fingerID for finger 115: 53979093004058830753023533977248270345
id: 53979093004058830753023533977248270345
lower: 53937554629190552131995290006614509577
upper: 121411138451101288395601026024677976156
Result (no wrap): true
2025-05-02 21:40:22 INFO  ChordProtocols:179 - Finger 115 peker n책 til: process5
2025-05-02 21:40:22 INFO  ChordProtocols:173 - Beregner fingerID for finger 116: 54020631378927109374051777947882031113
id: 54020631378927109374051777947882031113
lower: 53937554629190552131995290006614509577
upper: 121411138451101288395601026024677976156
Result (no wrap): true
2025-05-02 21:40:22 INFO  ChordProtocols:179 - Finger 116 peker n책 til: process5
2025-05-02 21:40:22 INFO  ChordProtocols:173 - Beregner fingerID for finger 117: 54103708128663666616108265889149552649
id: 54103708128663666616108265889149552649
lower: 53937554629190552131995290006614509577
upper: 121411138451101288395601026024677976156
Result (no wrap): true
2025-05-02 21:40:22 INFO  ChordProtocols:179 - Finger 117 peker n책 til: process5
2025-05-02 21:40:22 INFO  ChordProtocols:173 - Beregner fingerID for finger 118: 54269861628136781100221241771684595721
id: 54269861628136781100221241771684595721
lower: 53937554629190552131995290006614509577
upper: 121411138451101288395601026024677976156
Result (no wrap): true
2025-05-02 21:40:22 INFO  ChordProtocols:179 - Finger 118 peker n책 til: process5
2025-05-02 21:40:22 INFO  ChordProtocols:173 - Beregner fingerID for finger 119: 54602168627083010068447193536754681865
id: 54602168627083010068447193536754681865
lower: 53937554629190552131995290006614509577
upper: 121411138451101288395601026024677976156
Result (no wrap): true
2025-05-02 21:40:22 INFO  ChordProtocols:179 - Finger 119 peker n책 til: process5
2025-05-02 21:40:22 INFO  ChordProtocols:173 - Beregner fingerID for finger 120: 55266782624975468004899097066894854153
id: 55266782624975468004899097066894854153
lower: 53937554629190552131995290006614509577
upper: 121411138451101288395601026024677976156
Result (no wrap): true
2025-05-02 21:40:22 INFO  ChordProtocols:179 - Finger 120 peker n책 til: process5
2025-05-02 21:40:22 INFO  ChordProtocols:173 - Beregner fingerID for finger 121: 56596010620760383877802904127175198729
id: 56596010620760383877802904127175198729
lower: 53937554629190552131995290006614509577
upper: 121411138451101288395601026024677976156
Result (no wrap): true
2025-05-02 21:40:22 INFO  ChordProtocols:179 - Finger 121 peker n책 til: process5
2025-05-02 21:40:22 INFO  ChordProtocols:173 - Beregner fingerID for finger 122: 59254466612330215623610518247735887881
id: 59254466612330215623610518247735887881
lower: 53937554629190552131995290006614509577
upper: 121411138451101288395601026024677976156
Result (no wrap): true
2025-05-02 21:40:22 INFO  ChordProtocols:179 - Finger 122 peker n책 til: process5
2025-05-02 21:40:22 INFO  ChordProtocols:173 - Beregner fingerID for finger 123: 64571378595469879115225746488857266185
id: 64571378595469879115225746488857266185
lower: 53937554629190552131995290006614509577
upper: 121411138451101288395601026024677976156
Result (no wrap): true
2025-05-02 21:40:22 INFO  ChordProtocols:179 - Finger 123 peker n책 til: process5
2025-05-02 21:40:22 INFO  ChordProtocols:173 - Beregner fingerID for finger 124: 75205202561749206098456202971100022793
id: 75205202561749206098456202971100022793
lower: 53937554629190552131995290006614509577
upper: 121411138451101288395601026024677976156
Result (no wrap): true
2025-05-02 21:40:22 INFO  ChordProtocols:179 - Finger 124 peker n책 til: process5
2025-05-02 21:40:22 INFO  ChordProtocols:173 - Beregner fingerID for finger 125: 96472850494307860064917115935585536009
id: 96472850494307860064917115935585536009
lower: 53937554629190552131995290006614509577
upper: 121411138451101288395601026024677976156
Result (no wrap): true
2025-05-02 21:40:22 INFO  ChordProtocols:179 - Finger 125 peker n책 til: process5
2025-05-02 21:40:22 INFO  ChordProtocols:173 - Beregner fingerID for finger 126: 139008146359425167997838941864556562441
id: 139008146359425167997838941864556562441
lower: 53937554629190552131995290006614509577
upper: 121411138451101288395601026024677976156
Result (no wrap): false
id: 121411138451101288395601026024677976156
lower: 53937554629190552131995290006614509577
upper: 139008146359425167997838941864556562441
Result (no wrap): true
id: 139008146359425167997838941864556562441
lower: 121411138451101288395601026024677976156
upper: 210821560651360572675896360671414673172
Result (no wrap): true
2025-05-02 21:40:22 INFO  ChordProtocols:179 - Finger 126 peker n책 til: process4
2025-05-02 21:40:22 INFO  ChordProtocols:173 - Beregner fingerID for finger 127: 224078738089659783863682593722498615305
id: 224078738089659783863682593722498615305
lower: 53937554629190552131995290006614509577
upper: 121411138451101288395601026024677976156
Result (no wrap): false
id: 210821560651360572675896360671414673172
lower: 53937554629190552131995290006614509577
upper: 224078738089659783863682593722498615305
Result (no wrap): true
id: 224078738089659783863682593722498615305
lower: 210821560651360572675896360671414673172
upper: 15618062003214643351512781541041391612
Result (wrap): true
2025-05-02 21:40:22 INFO  ChordProtocols:179 - Finger 127 peker n책 til: process2
2025-05-02 21:40:22 INFO  StabilizationProtocols:60 - Checking the predecessor for Node: process1
==================================
Node Identifier = 53937554629190552131995290006614509577
Node IP address = process1
successor(process1) = process5
predecessor(process1) = process2
Current File keys for process1 => []
==================================
2025-05-02 21:40:22 INFO  StabilizationProtocols:130 - Updating the successor for Node: process2
id: 15618062003214643351512781541041391613
lower: 15618062003214643351512781541041391612
upper: 53937554629190552131995290006614509577
Result (no wrap): true
2025-05-02 21:40:22 INFO  StabilizationProtocols:84 - Stabilizing ring from process2...
2025-05-02 21:40:22 INFO  StabilizationProtocols:91 - Stabilize ring: succnode = process1
id: 15618062003214643351512781541041391612
lower: 15618062003214643351512781541041391613
upper: 53937554629190552131995290006614509578
Result (no wrap): false
2025-05-02 21:40:22 INFO  StabilizationProtocols:113 - Finished stabilizing chordring from process2
2025-05-02 21:40:22 INFO  ChordProtocols:159 - Oppdaterer FingerTable for Node: process2
2025-05-02 21:40:22 INFO  ChordProtocols:173 - Beregner fingerID for finger 0: 15618062003214643351512781541041391613
id: 15618062003214643351512781541041391613
lower: 15618062003214643351512781541041391612
upper: 53937554629190552131995290006614509577
Result (no wrap): true
2025-05-02 21:40:22 INFO  ChordProtocols:179 - Finger 0 peker n책 til: process1
2025-05-02 21:40:22 INFO  ChordProtocols:173 - Beregner fingerID for finger 1: 15618062003214643351512781541041391614
id: 15618062003214643351512781541041391614
lower: 15618062003214643351512781541041391612
upper: 53937554629190552131995290006614509577
Result (no wrap): true
2025-05-02 21:40:22 INFO  ChordProtocols:179 - Finger 1 peker n책 til: process1
2025-05-02 21:40:22 INFO  ChordProtocols:173 - Beregner fingerID for finger 2: 15618062003214643351512781541041391616
id: 15618062003214643351512781541041391616
lower: 15618062003214643351512781541041391612
upper: 53937554629190552131995290006614509577
Result (no wrap): true
2025-05-02 21:40:22 INFO  ChordProtocols:179 - Finger 2 peker n책 til: process1
2025-05-02 21:40:22 INFO  ChordProtocols:173 - Beregner fingerID for finger 3: 15618062003214643351512781541041391620
id: 15618062003214643351512781541041391620
lower: 15618062003214643351512781541041391612
upper: 53937554629190552131995290006614509577
Result (no wrap): true
2025-05-02 21:40:22 INFO  ChordProtocols:179 - Finger 3 peker n책 til: process1
2025-05-02 21:40:22 INFO  ChordProtocols:173 - Beregner fingerID for finger 4: 15618062003214643351512781541041391628
id: 15618062003214643351512781541041391628
lower: 15618062003214643351512781541041391612
upper: 53937554629190552131995290006614509577
Result (no wrap): true
2025-05-02 21:40:22 INFO  ChordProtocols:179 - Finger 4 peker n책 til: process1
2025-05-02 21:40:22 INFO  ChordProtocols:173 - Beregner fingerID for finger 5: 15618062003214643351512781541041391644
id: 15618062003214643351512781541041391644
lower: 15618062003214643351512781541041391612
upper: 53937554629190552131995290006614509577
Result (no wrap): true
2025-05-02 21:40:22 INFO  ChordProtocols:179 - Finger 5 peker n책 til: process1
2025-05-02 21:40:22 INFO  ChordProtocols:173 - Beregner fingerID for finger 6: 15618062003214643351512781541041391676
id: 15618062003214643351512781541041391676
lower: 15618062003214643351512781541041391612
upper: 53937554629190552131995290006614509577
Result (no wrap): true
2025-05-02 21:40:22 INFO  ChordProtocols:179 - Finger 6 peker n책 til: process1
2025-05-02 21:40:22 INFO  ChordProtocols:173 - Beregner fingerID for finger 7: 15618062003214643351512781541041391740
id: 15618062003214643351512781541041391740
lower: 15618062003214643351512781541041391612
upper: 53937554629190552131995290006614509577
Result (no wrap): true
2025-05-02 21:40:22 INFO  ChordProtocols:179 - Finger 7 peker n책 til: process1
2025-05-02 21:40:22 INFO  ChordProtocols:173 - Beregner fingerID for finger 8: 15618062003214643351512781541041391868
id: 15618062003214643351512781541041391868
lower: 15618062003214643351512781541041391612
upper: 53937554629190552131995290006614509577
Result (no wrap): true
2025-05-02 21:40:22 INFO  ChordProtocols:179 - Finger 8 peker n책 til: process1
2025-05-02 21:40:22 INFO  ChordProtocols:173 - Beregner fingerID for finger 9: 15618062003214643351512781541041392124
id: 15618062003214643351512781541041392124
lower: 15618062003214643351512781541041391612
upper: 53937554629190552131995290006614509577
Result (no wrap): true
2025-05-02 21:40:22 INFO  ChordProtocols:179 - Finger 9 peker n책 til: process1
2025-05-02 21:40:22 INFO  ChordProtocols:173 - Beregner fingerID for finger 10: 15618062003214643351512781541041392636
id: 15618062003214643351512781541041392636
lower: 15618062003214643351512781541041391612
upper: 53937554629190552131995290006614509577
Result (no wrap): true
2025-05-02 21:40:22 INFO  ChordProtocols:179 - Finger 10 peker n책 til: process1
2025-05-02 21:40:22 INFO  ChordProtocols:173 - Beregner fingerID for finger 11: 15618062003214643351512781541041393660
id: 15618062003214643351512781541041393660
lower: 15618062003214643351512781541041391612
upper: 53937554629190552131995290006614509577
Result (no wrap): true
2025-05-02 21:40:22 INFO  ChordProtocols:179 - Finger 11 peker n책 til: process1
2025-05-02 21:40:22 INFO  ChordProtocols:173 - Beregner fingerID for finger 12: 15618062003214643351512781541041395708
id: 15618062003214643351512781541041395708
lower: 15618062003214643351512781541041391612
upper: 53937554629190552131995290006614509577
Result (no wrap): true
2025-05-02 21:40:22 INFO  ChordProtocols:179 - Finger 12 peker n책 til: process1
2025-05-02 21:40:22 INFO  ChordProtocols:173 - Beregner fingerID for finger 13: 15618062003214643351512781541041399804
id: 15618062003214643351512781541041399804
lower: 15618062003214643351512781541041391612
upper: 53937554629190552131995290006614509577
Result (no wrap): true
2025-05-02 21:40:22 INFO  ChordProtocols:179 - Finger 13 peker n책 til: process1
2025-05-02 21:40:22 INFO  ChordProtocols:173 - Beregner fingerID for finger 14: 15618062003214643351512781541041407996
id: 15618062003214643351512781541041407996
lower: 15618062003214643351512781541041391612
upper: 53937554629190552131995290006614509577
Result (no wrap): true
2025-05-02 21:40:22 INFO  ChordProtocols:179 - Finger 14 peker n책 til: process1
2025-05-02 21:40:22 INFO  ChordProtocols:173 - Beregner fingerID for finger 15: 15618062003214643351512781541041424380
id: 15618062003214643351512781541041424380
lower: 15618062003214643351512781541041391612
upper: 53937554629190552131995290006614509577
Result (no wrap): true
2025-05-02 21:40:22 INFO  ChordProtocols:179 - Finger 15 peker n책 til: process1
2025-05-02 21:40:22 INFO  ChordProtocols:173 - Beregner fingerID for finger 16: 15618062003214643351512781541041457148
id: 15618062003214643351512781541041457148
lower: 15618062003214643351512781541041391612
upper: 53937554629190552131995290006614509577
Result (no wrap): true
2025-05-02 21:40:22 INFO  ChordProtocols:179 - Finger 16 peker n책 til: process1
2025-05-02 21:40:22 INFO  ChordProtocols:173 - Beregner fingerID for finger 17: 15618062003214643351512781541041522684
id: 15618062003214643351512781541041522684
lower: 15618062003214643351512781541041391612
upper: 53937554629190552131995290006614509577
Result (no wrap): true
2025-05-02 21:40:22 INFO  ChordProtocols:179 - Finger 17 peker n책 til: process1
2025-05-02 21:40:22 INFO  ChordProtocols:173 - Beregner fingerID for finger 18: 15618062003214643351512781541041653756
id: 15618062003214643351512781541041653756
lower: 15618062003214643351512781541041391612
upper: 53937554629190552131995290006614509577
Result (no wrap): true
2025-05-02 21:40:22 INFO  ChordProtocols:179 - Finger 18 peker n책 til: process1
2025-05-02 21:40:22 INFO  ChordProtocols:173 - Beregner fingerID for finger 19: 15618062003214643351512781541041915900
id: 15618062003214643351512781541041915900
lower: 15618062003214643351512781541041391612
upper: 53937554629190552131995290006614509577
Result (no wrap): true
2025-05-02 21:40:22 INFO  ChordProtocols:179 - Finger 19 peker n책 til: process1
2025-05-02 21:40:22 INFO  ChordProtocols:173 - Beregner fingerID for finger 20: 15618062003214643351512781541042440188
id: 15618062003214643351512781541042440188
lower: 15618062003214643351512781541041391612
upper: 53937554629190552131995290006614509577
Result (no wrap): true
2025-05-02 21:40:22 INFO  ChordProtocols:179 - Finger 20 peker n책 til: process1
2025-05-02 21:40:22 INFO  ChordProtocols:173 - Beregner fingerID for finger 21: 15618062003214643351512781541043488764
id: 15618062003214643351512781541043488764
lower: 15618062003214643351512781541041391612
upper: 53937554629190552131995290006614509577
Result (no wrap): true
2025-05-02 21:40:22 INFO  ChordProtocols:179 - Finger 21 peker n책 til: process1
2025-05-02 21:40:22 INFO  ChordProtocols:173 - Beregner fingerID for finger 22: 15618062003214643351512781541045585916
id: 15618062003214643351512781541045585916
lower: 15618062003214643351512781541041391612
upper: 53937554629190552131995290006614509577
Result (no wrap): true
2025-05-02 21:40:22 INFO  ChordProtocols:179 - Finger 22 peker n책 til: process1
2025-05-02 21:40:22 INFO  ChordProtocols:173 - Beregner fingerID for finger 23: 15618062003214643351512781541049780220
id: 15618062003214643351512781541049780220
lower: 15618062003214643351512781541041391612
upper: 53937554629190552131995290006614509577
Result (no wrap): true
2025-05-02 21:40:22 INFO  ChordProtocols:179 - Finger 23 peker n책 til: process1
2025-05-02 21:40:22 INFO  ChordProtocols:173 - Beregner fingerID for finger 24: 15618062003214643351512781541058168828
id: 15618062003214643351512781541058168828
lower: 15618062003214643351512781541041391612
upper: 53937554629190552131995290006614509577
Result (no wrap): true
2025-05-02 21:40:22 INFO  ChordProtocols:179 - Finger 24 peker n책 til: process1
2025-05-02 21:40:22 INFO  ChordProtocols:173 - Beregner fingerID for finger 25: 15618062003214643351512781541074946044
id: 15618062003214643351512781541074946044
lower: 15618062003214643351512781541041391612
upper: 53937554629190552131995290006614509577
Result (no wrap): true
2025-05-02 21:40:22 INFO  ChordProtocols:179 - Finger 25 peker n책 til: process1
2025-05-02 21:40:22 INFO  ChordProtocols:173 - Beregner fingerID for finger 26: 15618062003214643351512781541108500476
id: 15618062003214643351512781541108500476
lower: 15618062003214643351512781541041391612
upper: 53937554629190552131995290006614509577
Result (no wrap): true
2025-05-02 21:40:22 INFO  ChordProtocols:179 - Finger 26 peker n책 til: process1
2025-05-02 21:40:22 INFO  ChordProtocols:173 - Beregner fingerID for finger 27: 15618062003214643351512781541175609340
id: 15618062003214643351512781541175609340
lower: 15618062003214643351512781541041391612
upper: 53937554629190552131995290006614509577
Result (no wrap): true
2025-05-02 21:40:22 INFO  ChordProtocols:179 - Finger 27 peker n책 til: process1
2025-05-02 21:40:22 INFO  ChordProtocols:173 - Beregner fingerID for finger 28: 15618062003214643351512781541309827068
id: 15618062003214643351512781541309827068
lower: 15618062003214643351512781541041391612
upper: 53937554629190552131995290006614509577
Result (no wrap): true
2025-05-02 21:40:22 INFO  ChordProtocols:179 - Finger 28 peker n책 til: process1
2025-05-02 21:40:22 INFO  ChordProtocols:173 - Beregner fingerID for finger 29: 15618062003214643351512781541578262524
id: 15618062003214643351512781541578262524
lower: 15618062003214643351512781541041391612
upper: 53937554629190552131995290006614509577
Result (no wrap): true
2025-05-02 21:40:22 INFO  ChordProtocols:179 - Finger 29 peker n책 til: process1
2025-05-02 21:40:22 INFO  ChordProtocols:173 - Beregner fingerID for finger 30: 15618062003214643351512781542115133436
id: 15618062003214643351512781542115133436
lower: 15618062003214643351512781541041391612
upper: 53937554629190552131995290006614509577
Result (no wrap): true
2025-05-02 21:40:22 INFO  ChordProtocols:179 - Finger 30 peker n책 til: process1
2025-05-02 21:40:22 INFO  ChordProtocols:173 - Beregner fingerID for finger 31: 15618062003214643351512781543188875260
id: 15618062003214643351512781543188875260
lower: 15618062003214643351512781541041391612
upper: 53937554629190552131995290006614509577
Result (no wrap): true
2025-05-02 21:40:22 INFO  ChordProtocols:179 - Finger 31 peker n책 til: process1
2025-05-02 21:40:22 INFO  ChordProtocols:173 - Beregner fingerID for finger 32: 15618062003214643351512781545336358908
id: 15618062003214643351512781545336358908
lower: 15618062003214643351512781541041391612
upper: 53937554629190552131995290006614509577
Result (no wrap): true
2025-05-02 21:40:22 INFO  ChordProtocols:179 - Finger 32 peker n책 til: process1
2025-05-02 21:40:22 INFO  ChordProtocols:173 - Beregner fingerID for finger 33: 15618062003214643351512781549631326204
id: 15618062003214643351512781549631326204
lower: 15618062003214643351512781541041391612
upper: 53937554629190552131995290006614509577
Result (no wrap): true
2025-05-02 21:40:22 INFO  ChordProtocols:179 - Finger 33 peker n책 til: process1
2025-05-02 21:40:22 INFO  ChordProtocols:173 - Beregner fingerID for finger 34: 15618062003214643351512781558221260796
id: 15618062003214643351512781558221260796
lower: 15618062003214643351512781541041391612
upper: 53937554629190552131995290006614509577
Result (no wrap): true
2025-05-02 21:40:22 INFO  ChordProtocols:179 - Finger 34 peker n책 til: process1
2025-05-02 21:40:22 INFO  ChordProtocols:173 - Beregner fingerID for finger 35: 15618062003214643351512781575401129980
id: 15618062003214643351512781575401129980
lower: 15618062003214643351512781541041391612
upper: 53937554629190552131995290006614509577
Result (no wrap): true
2025-05-02 21:40:22 INFO  ChordProtocols:179 - Finger 35 peker n책 til: process1
2025-05-02 21:40:22 INFO  ChordProtocols:173 - Beregner fingerID for finger 36: 15618062003214643351512781609760868348
id: 15618062003214643351512781609760868348
lower: 15618062003214643351512781541041391612
upper: 53937554629190552131995290006614509577
Result (no wrap): true
2025-05-02 21:40:22 INFO  ChordProtocols:179 - Finger 36 peker n책 til: process1
2025-05-02 21:40:22 INFO  ChordProtocols:173 - Beregner fingerID for finger 37: 15618062003214643351512781678480345084
id: 15618062003214643351512781678480345084
lower: 15618062003214643351512781541041391612
upper: 53937554629190552131995290006614509577
Result (no wrap): true
2025-05-02 21:40:22 INFO  ChordProtocols:179 - Finger 37 peker n책 til: process1
2025-05-02 21:40:22 INFO  ChordProtocols:173 - Beregner fingerID for finger 38: 15618062003214643351512781815919298556
id: 15618062003214643351512781815919298556
lower: 15618062003214643351512781541041391612
upper: 53937554629190552131995290006614509577
Result (no wrap): true
2025-05-02 21:40:22 INFO  ChordProtocols:179 - Finger 38 peker n책 til: process1
2025-05-02 21:40:22 INFO  ChordProtocols:173 - Beregner fingerID for finger 39: 15618062003214643351512782090797205500
id: 15618062003214643351512782090797205500
lower: 15618062003214643351512781541041391612
upper: 53937554629190552131995290006614509577
Result (no wrap): true
2025-05-02 21:40:22 INFO  ChordProtocols:179 - Finger 39 peker n책 til: process1
2025-05-02 21:40:22 INFO  ChordProtocols:173 - Beregner fingerID for finger 40: 15618062003214643351512782640553019388
id: 15618062003214643351512782640553019388
lower: 15618062003214643351512781541041391612
upper: 53937554629190552131995290006614509577
Result (no wrap): true
2025-05-02 21:40:22 INFO  ChordProtocols:179 - Finger 40 peker n책 til: process1
2025-05-02 21:40:22 INFO  ChordProtocols:173 - Beregner fingerID for finger 41: 15618062003214643351512783740064647164
id: 15618062003214643351512783740064647164
lower: 15618062003214643351512781541041391612
upper: 53937554629190552131995290006614509577
Result (no wrap): true
2025-05-02 21:40:22 INFO  ChordProtocols:179 - Finger 41 peker n책 til: process1
2025-05-02 21:40:22 INFO  ChordProtocols:173 - Beregner fingerID for finger 42: 15618062003214643351512785939087902716
id: 15618062003214643351512785939087902716
lower: 15618062003214643351512781541041391612
upper: 53937554629190552131995290006614509577
Result (no wrap): true
2025-05-02 21:40:22 INFO  ChordProtocols:179 - Finger 42 peker n책 til: process1
2025-05-02 21:40:22 INFO  ChordProtocols:173 - Beregner fingerID for finger 43: 15618062003214643351512790337134413820
id: 15618062003214643351512790337134413820
lower: 15618062003214643351512781541041391612
upper: 53937554629190552131995290006614509577
Result (no wrap): true
2025-05-02 21:40:22 INFO  ChordProtocols:179 - Finger 43 peker n책 til: process1
2025-05-02 21:40:22 INFO  ChordProtocols:173 - Beregner fingerID for finger 44: 15618062003214643351512799133227436028
id: 15618062003214643351512799133227436028
lower: 15618062003214643351512781541041391612
upper: 53937554629190552131995290006614509577
Result (no wrap): true
2025-05-02 21:40:22 INFO  ChordProtocols:179 - Finger 44 peker n책 til: process1
2025-05-02 21:40:22 INFO  ChordProtocols:173 - Beregner fingerID for finger 45: 15618062003214643351512816725413480444
id: 15618062003214643351512816725413480444
lower: 15618062003214643351512781541041391612
upper: 53937554629190552131995290006614509577
Result (no wrap): true
2025-05-02 21:40:22 INFO  ChordProtocols:179 - Finger 45 peker n책 til: process1
2025-05-02 21:40:22 INFO  ChordProtocols:173 - Beregner fingerID for finger 46: 15618062003214643351512851909785569276
id: 15618062003214643351512851909785569276
lower: 15618062003214643351512781541041391612
upper: 53937554629190552131995290006614509577
Result (no wrap): true
2025-05-02 21:40:22 INFO  ChordProtocols:179 - Finger 46 peker n책 til: process1
2025-05-02 21:40:22 INFO  ChordProtocols:173 - Beregner fingerID for finger 47: 15618062003214643351512922278529746940
id: 15618062003214643351512922278529746940
lower: 15618062003214643351512781541041391612
upper: 53937554629190552131995290006614509577
Result (no wrap): true
2025-05-02 21:40:22 INFO  ChordProtocols:179 - Finger 47 peker n책 til: process1
2025-05-02 21:40:22 INFO  ChordProtocols:173 - Beregner fingerID for finger 48: 15618062003214643351513063016018102268
id: 15618062003214643351513063016018102268
lower: 15618062003214643351512781541041391612
upper: 53937554629190552131995290006614509577
Result (no wrap): true
2025-05-02 21:40:22 INFO  ChordProtocols:179 - Finger 48 peker n책 til: process1
2025-05-02 21:40:22 INFO  ChordProtocols:173 - Beregner fingerID for finger 49: 15618062003214643351513344490994812924
id: 15618062003214643351513344490994812924
lower: 15618062003214643351512781541041391612
upper: 53937554629190552131995290006614509577
Result (no wrap): true
2025-05-02 21:40:22 INFO  ChordProtocols:179 - Finger 49 peker n책 til: process1
2025-05-02 21:40:22 INFO  ChordProtocols:173 - Beregner fingerID for finger 50: 15618062003214643351513907440948234236
id: 15618062003214643351513907440948234236
lower: 15618062003214643351512781541041391612
upper: 53937554629190552131995290006614509577
Result (no wrap): true
2025-05-02 21:40:22 INFO  ChordProtocols:179 - Finger 50 peker n책 til: process1
2025-05-02 21:40:22 INFO  ChordProtocols:173 - Beregner fingerID for finger 51: 15618062003214643351515033340855076860
id: 15618062003214643351515033340855076860
lower: 15618062003214643351512781541041391612
upper: 53937554629190552131995290006614509577
Result (no wrap): true
2025-05-02 21:40:22 INFO  ChordProtocols:179 - Finger 51 peker n책 til: process1
2025-05-02 21:40:22 INFO  ChordProtocols:173 - Beregner fingerID for finger 52: 15618062003214643351517285140668762108
id: 15618062003214643351517285140668762108
lower: 15618062003214643351512781541041391612
upper: 53937554629190552131995290006614509577
Result (no wrap): true
2025-05-02 21:40:22 INFO  ChordProtocols:179 - Finger 52 peker n책 til: process1
2025-05-02 21:40:22 INFO  ChordProtocols:173 - Beregner fingerID for finger 53: 15618062003214643351521788740296132604
id: 15618062003214643351521788740296132604
lower: 15618062003214643351512781541041391612
upper: 53937554629190552131995290006614509577
Result (no wrap): true
2025-05-02 21:40:22 INFO  ChordProtocols:179 - Finger 53 peker n책 til: process1
2025-05-02 21:40:22 INFO  ChordProtocols:173 - Beregner fingerID for finger 54: 15618062003214643351530795939550873596
id: 15618062003214643351530795939550873596
lower: 15618062003214643351512781541041391612
upper: 53937554629190552131995290006614509577
Result (no wrap): true
2025-05-02 21:40:22 INFO  ChordProtocols:179 - Finger 54 peker n책 til: process1
2025-05-02 21:40:22 INFO  ChordProtocols:173 - Beregner fingerID for finger 55: 15618062003214643351548810338060355580
id: 15618062003214643351548810338060355580
lower: 15618062003214643351512781541041391612
upper: 53937554629190552131995290006614509577
Result (no wrap): true
2025-05-02 21:40:22 INFO  ChordProtocols:179 - Finger 55 peker n책 til: process1
2025-05-02 21:40:22 INFO  ChordProtocols:173 - Beregner fingerID for finger 56: 15618062003214643351584839135079319548
id: 15618062003214643351584839135079319548
lower: 15618062003214643351512781541041391612
upper: 53937554629190552131995290006614509577
Result (no wrap): true
2025-05-02 21:40:22 INFO  ChordProtocols:179 - Finger 56 peker n책 til: process1
2025-05-02 21:40:22 INFO  ChordProtocols:173 - Beregner fingerID for finger 57: 15618062003214643351656896729117247484
id: 15618062003214643351656896729117247484
lower: 15618062003214643351512781541041391612
upper: 53937554629190552131995290006614509577
Result (no wrap): true
2025-05-02 21:40:22 INFO  ChordProtocols:179 - Finger 57 peker n책 til: process1
2025-05-02 21:40:22 INFO  ChordProtocols:173 - Beregner fingerID for finger 58: 15618062003214643351801011917193103356
id: 15618062003214643351801011917193103356
lower: 15618062003214643351512781541041391612
upper: 53937554629190552131995290006614509577
Result (no wrap): true
2025-05-02 21:40:22 INFO  ChordProtocols:179 - Finger 58 peker n책 til: process1
2025-05-02 21:40:22 INFO  ChordProtocols:173 - Beregner fingerID for finger 59: 15618062003214643352089242293344815100
id: 15618062003214643352089242293344815100
lower: 15618062003214643351512781541041391612
upper: 53937554629190552131995290006614509577
Result (no wrap): true
2025-05-02 21:40:22 INFO  ChordProtocols:179 - Finger 59 peker n책 til: process1
2025-05-02 21:40:22 INFO  ChordProtocols:173 - Beregner fingerID for finger 60: 15618062003214643352665703045648238588
id: 15618062003214643352665703045648238588
lower: 15618062003214643351512781541041391612
upper: 53937554629190552131995290006614509577
Result (no wrap): true
2025-05-02 21:40:22 INFO  ChordProtocols:179 - Finger 60 peker n책 til: process1
2025-05-02 21:40:22 INFO  ChordProtocols:173 - Beregner fingerID for finger 61: 15618062003214643353818624550255085564
id: 15618062003214643353818624550255085564
lower: 15618062003214643351512781541041391612
upper: 53937554629190552131995290006614509577
Result (no wrap): true
2025-05-02 21:40:22 INFO  ChordProtocols:179 - Finger 61 peker n책 til: process1
2025-05-02 21:40:22 INFO  ChordProtocols:173 - Beregner fingerID for finger 62: 15618062003214643356124467559468779516
id: 15618062003214643356124467559468779516
lower: 15618062003214643351512781541041391612
upper: 53937554629190552131995290006614509577
Result (no wrap): true
2025-05-02 21:40:22 INFO  ChordProtocols:179 - Finger 62 peker n책 til: process1
2025-05-02 21:40:22 INFO  ChordProtocols:173 - Beregner fingerID for finger 63: 15618062003214643360736153577896167420
id: 15618062003214643360736153577896167420
lower: 15618062003214643351512781541041391612
upper: 53937554629190552131995290006614509577
Result (no wrap): true
2025-05-02 21:40:22 INFO  ChordProtocols:179 - Finger 63 peker n책 til: process1
2025-05-02 21:40:22 INFO  ChordProtocols:173 - Beregner fingerID for finger 64: 15618062003214643369959525614750943228
id: 15618062003214643369959525614750943228
lower: 15618062003214643351512781541041391612
upper: 53937554629190552131995290006614509577
Result (no wrap): true
2025-05-02 21:40:22 INFO  ChordProtocols:179 - Finger 64 peker n책 til: process1
2025-05-02 21:40:22 INFO  ChordProtocols:173 - Beregner fingerID for finger 65: 15618062003214643388406269688460494844
id: 15618062003214643388406269688460494844
lower: 15618062003214643351512781541041391612
upper: 53937554629190552131995290006614509577
Result (no wrap): true
2025-05-02 21:40:22 INFO  ChordProtocols:179 - Finger 65 peker n책 til: process1
2025-05-02 21:40:22 INFO  ChordProtocols:173 - Beregner fingerID for finger 66: 15618062003214643425299757835879598076
id: 15618062003214643425299757835879598076
lower: 15618062003214643351512781541041391612
upper: 53937554629190552131995290006614509577
Result (no wrap): true
2025-05-02 21:40:22 INFO  ChordProtocols:179 - Finger 66 peker n책 til: process1
2025-05-02 21:40:22 INFO  ChordProtocols:173 - Beregner fingerID for finger 67: 15618062003214643499086734130717804540
id: 15618062003214643499086734130717804540
lower: 15618062003214643351512781541041391612
upper: 53937554629190552131995290006614509577
Result (no wrap): true
2025-05-02 21:40:22 INFO  ChordProtocols:179 - Finger 67 peker n책 til: process1
2025-05-02 21:40:22 INFO  ChordProtocols:173 - Beregner fingerID for finger 68: 15618062003214643646660686720394217468
id: 15618062003214643646660686720394217468
lower: 15618062003214643351512781541041391612
upper: 53937554629190552131995290006614509577
Result (no wrap): true
2025-05-02 21:40:22 INFO  ChordProtocols:179 - Finger 68 peker n책 til: process1
2025-05-02 21:40:22 INFO  ChordProtocols:173 - Beregner fingerID for finger 69: 15618062003214643941808591899747043324
id: 15618062003214643941808591899747043324
lower: 15618062003214643351512781541041391612
upper: 53937554629190552131995290006614509577
Result (no wrap): true
2025-05-02 21:40:22 INFO  ChordProtocols:179 - Finger 69 peker n책 til: process1
2025-05-02 21:40:22 INFO  ChordProtocols:173 - Beregner fingerID for finger 70: 15618062003214644532104402258452695036
id: 15618062003214644532104402258452695036
lower: 15618062003214643351512781541041391612
upper: 53937554629190552131995290006614509577
Result (no wrap): true
2025-05-02 21:40:22 INFO  ChordProtocols:179 - Finger 70 peker n책 til: process1
2025-05-02 21:40:22 INFO  ChordProtocols:173 - Beregner fingerID for finger 71: 15618062003214645712696022975863998460
id: 15618062003214645712696022975863998460
lower: 15618062003214643351512781541041391612
upper: 53937554629190552131995290006614509577
Result (no wrap): true
2025-05-02 21:40:22 INFO  ChordProtocols:179 - Finger 71 peker n책 til: process1
2025-05-02 21:40:22 INFO  ChordProtocols:173 - Beregner fingerID for finger 72: 15618062003214648073879264410686605308
id: 15618062003214648073879264410686605308
lower: 15618062003214643351512781541041391612
upper: 53937554629190552131995290006614509577
Result (no wrap): true
2025-05-02 21:40:22 INFO  ChordProtocols:179 - Finger 72 peker n책 til: process1
2025-05-02 21:40:22 INFO  ChordProtocols:173 - Beregner fingerID for finger 73: 15618062003214652796245747280331819004
id: 15618062003214652796245747280331819004
lower: 15618062003214643351512781541041391612
upper: 53937554629190552131995290006614509577
Result (no wrap): true
2025-05-02 21:40:22 INFO  ChordProtocols:179 - Finger 73 peker n책 til: process1
2025-05-02 21:40:22 INFO  ChordProtocols:173 - Beregner fingerID for finger 74: 15618062003214662240978713019622246396
id: 15618062003214662240978713019622246396
lower: 15618062003214643351512781541041391612
upper: 53937554629190552131995290006614509577
Result (no wrap): true
2025-05-02 21:40:22 INFO  ChordProtocols:179 - Finger 74 peker n책 til: process1
2025-05-02 21:40:22 INFO  ChordProtocols:173 - Beregner fingerID for finger 75: 15618062003214681130444644498203101180
id: 15618062003214681130444644498203101180
lower: 15618062003214643351512781541041391612
upper: 53937554629190552131995290006614509577
Result (no wrap): true
2025-05-02 21:40:22 INFO  ChordProtocols:179 - Finger 75 peker n책 til: process1
2025-05-02 21:40:22 INFO  ChordProtocols:173 - Beregner fingerID for finger 76: 15618062003214718909376507455364810748
id: 15618062003214718909376507455364810748
lower: 15618062003214643351512781541041391612
upper: 53937554629190552131995290006614509577
Result (no wrap): true
2025-05-02 21:40:22 INFO  ChordProtocols:179 - Finger 76 peker n책 til: process1
2025-05-02 21:40:22 INFO  ChordProtocols:173 - Beregner fingerID for finger 77: 15618062003214794467240233369688229884
id: 15618062003214794467240233369688229884
lower: 15618062003214643351512781541041391612
upper: 53937554629190552131995290006614509577
Result (no wrap): true
2025-05-02 21:40:22 INFO  ChordProtocols:179 - Finger 77 peker n책 til: process1
2025-05-02 21:40:22 INFO  ChordProtocols:173 - Beregner fingerID for finger 78: 15618062003214945582967685198335068156
id: 15618062003214945582967685198335068156
lower: 15618062003214643351512781541041391612
upper: 53937554629190552131995290006614509577
Result (no wrap): true
2025-05-02 21:40:22 INFO  ChordProtocols:179 - Finger 78 peker n책 til: process1
2025-05-02 21:40:22 INFO  ChordProtocols:173 - Beregner fingerID for finger 79: 15618062003215247814422588855628744700
id: 15618062003215247814422588855628744700
lower: 15618062003214643351512781541041391612
upper: 53937554629190552131995290006614509577
Result (no wrap): true
2025-05-02 21:40:22 INFO  ChordProtocols:179 - Finger 79 peker n책 til: process1
2025-05-02 21:40:22 INFO  ChordProtocols:173 - Beregner fingerID for finger 80: 15618062003215852277332396170216097788
id: 15618062003215852277332396170216097788
lower: 15618062003214643351512781541041391612
upper: 53937554629190552131995290006614509577
Result (no wrap): true
2025-05-02 21:40:22 INFO  ChordProtocols:179 - Finger 80 peker n책 til: process1
2025-05-02 21:40:22 INFO  ChordProtocols:173 - Beregner fingerID for finger 81: 15618062003217061203152010799390803964
id: 15618062003217061203152010799390803964
lower: 15618062003214643351512781541041391612
upper: 53937554629190552131995290006614509577
Result (no wrap): true
2025-05-02 21:40:22 INFO  ChordProtocols:179 - Finger 81 peker n책 til: process1
2025-05-02 21:40:22 INFO  ChordProtocols:173 - Beregner fingerID for finger 82: 15618062003219479054791240057740216316
id: 15618062003219479054791240057740216316
lower: 15618062003214643351512781541041391612
upper: 53937554629190552131995290006614509577
Result (no wrap): true
2025-05-02 21:40:22 INFO  ChordProtocols:179 - Finger 82 peker n책 til: process1
2025-05-02 21:40:22 INFO  ChordProtocols:173 - Beregner fingerID for finger 83: 15618062003224314758069698574439041020
id: 15618062003224314758069698574439041020
lower: 15618062003214643351512781541041391612
upper: 53937554629190552131995290006614509577
Result (no wrap): true
2025-05-02 21:40:22 INFO  ChordProtocols:179 - Finger 83 peker n책 til: process1
2025-05-02 21:40:22 INFO  ChordProtocols:173 - Beregner fingerID for finger 84: 15618062003233986164626615607836690428
id: 15618062003233986164626615607836690428
lower: 15618062003214643351512781541041391612
upper: 53937554629190552131995290006614509577
Result (no wrap): true
2025-05-02 21:40:22 INFO  ChordProtocols:179 - Finger 84 peker n책 til: process1
2025-05-02 21:40:22 INFO  ChordProtocols:173 - Beregner fingerID for finger 85: 15618062003253328977740449674631989244
id: 15618062003253328977740449674631989244
lower: 15618062003214643351512781541041391612
upper: 53937554629190552131995290006614509577
Result (no wrap): true
2025-05-02 21:40:22 INFO  ChordProtocols:179 - Finger 85 peker n책 til: process1
2025-05-02 21:40:22 INFO  ChordProtocols:173 - Beregner fingerID for finger 86: 15618062003292014603968117808222586876
id: 15618062003292014603968117808222586876
lower: 15618062003214643351512781541041391612
upper: 53937554629190552131995290006614509577
Result (no wrap): true
2025-05-02 21:40:22 INFO  ChordProtocols:179 - Finger 86 peker n책 til: process1
2025-05-02 21:40:22 INFO  ChordProtocols:173 - Beregner fingerID for finger 87: 15618062003369385856423454075403782140
id: 15618062003369385856423454075403782140
lower: 15618062003214643351512781541041391612
upper: 53937554629190552131995290006614509577
Result (no wrap): true
2025-05-02 21:40:22 INFO  ChordProtocols:179 - Finger 87 peker n책 til: process1
2025-05-02 21:40:22 INFO  ChordProtocols:173 - Beregner fingerID for finger 88: 15618062003524128361334126609766172668
id: 15618062003524128361334126609766172668
lower: 15618062003214643351512781541041391612
upper: 53937554629190552131995290006614509577
Result (no wrap): true
2025-05-02 21:40:22 INFO  ChordProtocols:179 - Finger 88 peker n책 til: process1
2025-05-02 21:40:22 INFO  ChordProtocols:173 - Beregner fingerID for finger 89: 15618062003833613371155471678490953724
id: 15618062003833613371155471678490953724
lower: 15618062003214643351512781541041391612
upper: 53937554629190552131995290006614509577
Result (no wrap): true
2025-05-02 21:40:22 INFO  ChordProtocols:179 - Finger 89 peker n책 til: process1
2025-05-02 21:40:22 INFO  ChordProtocols:173 - Beregner fingerID for finger 90: 15618062004452583390798161815940515836
id: 15618062004452583390798161815940515836
lower: 15618062003214643351512781541041391612
upper: 53937554629190552131995290006614509577
Result (no wrap): true
2025-05-02 21:40:22 INFO  ChordProtocols:179 - Finger 90 peker n책 til: process1
2025-05-02 21:40:22 INFO  ChordProtocols:173 - Beregner fingerID for finger 91: 15618062005690523430083542090839640060
id: 15618062005690523430083542090839640060
lower: 15618062003214643351512781541041391612
upper: 53937554629190552131995290006614509577
Result (no wrap): true
2025-05-02 21:40:22 INFO  ChordProtocols:179 - Finger 91 peker n책 til: process1
2025-05-02 21:40:22 INFO  ChordProtocols:173 - Beregner fingerID for finger 92: 15618062008166403508654302640637888508
id: 15618062008166403508654302640637888508
lower: 15618062003214643351512781541041391612
upper: 53937554629190552131995290006614509577
Result (no wrap): true
2025-05-02 21:40:22 INFO  ChordProtocols:179 - Finger 92 peker n책 til: process1
2025-05-02 21:40:22 INFO  ChordProtocols:173 - Beregner fingerID for finger 93: 15618062013118163665795823740234385404
id: 15618062013118163665795823740234385404
lower: 15618062003214643351512781541041391612
upper: 53937554629190552131995290006614509577
Result (no wrap): true
2025-05-02 21:40:22 INFO  ChordProtocols:179 - Finger 93 peker n책 til: process1
2025-05-02 21:40:22 INFO  ChordProtocols:173 - Beregner fingerID for finger 94: 15618062023021683980078865939427379196
id: 15618062023021683980078865939427379196
lower: 15618062003214643351512781541041391612
upper: 53937554629190552131995290006614509577
Result (no wrap): true
2025-05-02 21:40:22 INFO  ChordProtocols:179 - Finger 94 peker n책 til: process1
2025-05-02 21:40:22 INFO  ChordProtocols:173 - Beregner fingerID for finger 95: 15618062042828724608644950337813366780
id: 15618062042828724608644950337813366780
lower: 15618062003214643351512781541041391612
upper: 53937554629190552131995290006614509577
Result (no wrap): true
2025-05-02 21:40:22 INFO  ChordProtocols:179 - Finger 95 peker n책 til: process1
2025-05-02 21:40:22 INFO  ChordProtocols:173 - Beregner fingerID for finger 96: 15618062082442805865777119134585341948
id: 15618062082442805865777119134585341948
lower: 15618062003214643351512781541041391612
upper: 53937554629190552131995290006614509577
Result (no wrap): true
2025-05-02 21:40:22 INFO  ChordProtocols:179 - Finger 96 peker n책 til: process1
2025-05-02 21:40:22 INFO  ChordProtocols:173 - Beregner fingerID for finger 97: 15618062161670968380041456728129292284
id: 15618062161670968380041456728129292284
lower: 15618062003214643351512781541041391612
upper: 53937554629190552131995290006614509577
Result (no wrap): true
2025-05-02 21:40:22 INFO  ChordProtocols:179 - Finger 97 peker n책 til: process1
2025-05-02 21:40:22 INFO  ChordProtocols:173 - Beregner fingerID for finger 98: 15618062320127293408570131915217192956
id: 15618062320127293408570131915217192956
lower: 15618062003214643351512781541041391612
upper: 53937554629190552131995290006614509577
Result (no wrap): true
2025-05-02 21:40:22 INFO  ChordProtocols:179 - Finger 98 peker n책 til: process1
2025-05-02 21:40:22 INFO  ChordProtocols:173 - Beregner fingerID for finger 99: 15618062637039943465627482289392994300
id: 15618062637039943465627482289392994300
lower: 15618062003214643351512781541041391612
upper: 53937554629190552131995290006614509577
Result (no wrap): true
2025-05-02 21:40:22 INFO  ChordProtocols:179 - Finger 99 peker n책 til: process1
2025-05-02 21:40:22 INFO  ChordProtocols:173 - Beregner fingerID for finger 100: 15618063270865243579742183037744596988
id: 15618063270865243579742183037744596988
lower: 15618062003214643351512781541041391612
upper: 53937554629190552131995290006614509577
Result (no wrap): true
2025-05-02 21:40:22 INFO  ChordProtocols:179 - Finger 100 peker n책 til: process1
2025-05-02 21:40:22 INFO  ChordProtocols:173 - Beregner fingerID for finger 101: 15618064538515843807971584534447802364
id: 15618064538515843807971584534447802364
lower: 15618062003214643351512781541041391612
upper: 53937554629190552131995290006614509577
Result (no wrap): true
2025-05-02 21:40:22 INFO  ChordProtocols:179 - Finger 101 peker n책 til: process1
2025-05-02 21:40:22 INFO  ChordProtocols:173 - Beregner fingerID for finger 102: 15618067073817044264430387527854213116
id: 15618067073817044264430387527854213116
lower: 15618062003214643351512781541041391612
upper: 53937554629190552131995290006614509577
Result (no wrap): true
2025-05-02 21:40:22 INFO  ChordProtocols:179 - Finger 102 peker n책 til: process1
2025-05-02 21:40:22 INFO  ChordProtocols:173 - Beregner fingerID for finger 103: 15618072144419445177347993514667034620
id: 15618072144419445177347993514667034620
lower: 15618062003214643351512781541041391612
upper: 53937554629190552131995290006614509577
Result (no wrap): true
2025-05-02 21:40:22 INFO  ChordProtocols:179 - Finger 103 peker n책 til: process1
2025-05-02 21:40:22 INFO  ChordProtocols:173 - Beregner fingerID for finger 104: 15618082285624247003183205488292677628
id: 15618082285624247003183205488292677628
lower: 15618062003214643351512781541041391612
upper: 53937554629190552131995290006614509577
Result (no wrap): true
2025-05-02 21:40:22 INFO  ChordProtocols:179 - Finger 104 peker n책 til: process1
2025-05-02 21:40:22 INFO  ChordProtocols:173 - Beregner fingerID for finger 105: 15618102568033850654853629435543963644
id: 15618102568033850654853629435543963644
lower: 15618062003214643351512781541041391612
upper: 53937554629190552131995290006614509577
Result (no wrap): true
2025-05-02 21:40:22 INFO  ChordProtocols:179 - Finger 105 peker n책 til: process1
2025-05-02 21:40:22 INFO  ChordProtocols:173 - Beregner fingerID for finger 106: 15618143132853057958194477330046535676
id: 15618143132853057958194477330046535676
lower: 15618062003214643351512781541041391612
upper: 53937554629190552131995290006614509577
Result (no wrap): true
2025-05-02 21:40:22 INFO  ChordProtocols:179 - Finger 106 peker n책 til: process1
2025-05-02 21:40:22 INFO  ChordProtocols:173 - Beregner fingerID for finger 107: 15618224262491472564876173119051679740
id: 15618224262491472564876173119051679740
lower: 15618062003214643351512781541041391612
upper: 53937554629190552131995290006614509577
Result (no wrap): true
2025-05-02 21:40:22 INFO  ChordProtocols:179 - Finger 107 peker n책 til: process1
2025-05-02 21:40:22 INFO  ChordProtocols:173 - Beregner fingerID for finger 108: 15618386521768301778239564697061967868
id: 15618386521768301778239564697061967868
lower: 15618062003214643351512781541041391612
upper: 53937554629190552131995290006614509577
Result (no wrap): true
2025-05-02 21:40:22 INFO  ChordProtocols:179 - Finger 108 peker n책 til: process1
2025-05-02 21:40:22 INFO  ChordProtocols:173 - Beregner fingerID for finger 109: 15618711040321960204966347853082544124
id: 15618711040321960204966347853082544124
lower: 15618062003214643351512781541041391612
upper: 53937554629190552131995290006614509577
Result (no wrap): true
2025-05-02 21:40:22 INFO  ChordProtocols:179 - Finger 109 peker n책 til: process1
2025-05-02 21:40:22 INFO  ChordProtocols:173 - Beregner fingerID for finger 110: 15619360077429277058419914165123696636
id: 15619360077429277058419914165123696636
lower: 15618062003214643351512781541041391612
upper: 53937554629190552131995290006614509577
Result (no wrap): true
2025-05-02 21:40:22 INFO  ChordProtocols:179 - Finger 110 peker n책 til: process1
2025-05-02 21:40:22 INFO  ChordProtocols:173 - Beregner fingerID for finger 111: 15620658151643910765327046789206001660
id: 15620658151643910765327046789206001660
lower: 15618062003214643351512781541041391612
upper: 53937554629190552131995290006614509577
Result (no wrap): true
2025-05-02 21:40:22 INFO  ChordProtocols:179 - Finger 111 peker n책 til: process1
2025-05-02 21:40:22 INFO  ChordProtocols:173 - Beregner fingerID for finger 112: 15623254300073178179141312037370611708
id: 15623254300073178179141312037370611708
lower: 15618062003214643351512781541041391612
upper: 53937554629190552131995290006614509577
Result (no wrap): true
2025-05-02 21:40:22 INFO  ChordProtocols:179 - Finger 112 peker n책 til: process1
2025-05-02 21:40:22 INFO  ChordProtocols:173 - Beregner fingerID for finger 113: 15628446596931713006769842533699831804
id: 15628446596931713006769842533699831804
lower: 15618062003214643351512781541041391612
upper: 53937554629190552131995290006614509577
Result (no wrap): true
2025-05-02 21:40:22 INFO  ChordProtocols:179 - Finger 113 peker n책 til: process1
2025-05-02 21:40:22 INFO  ChordProtocols:173 - Beregner fingerID for finger 114: 15638831190648782662026903526358271996
id: 15638831190648782662026903526358271996
lower: 15618062003214643351512781541041391612
upper: 53937554629190552131995290006614509577
Result (no wrap): true
2025-05-02 21:40:22 INFO  ChordProtocols:179 - Finger 114 peker n책 til: process1
2025-05-02 21:40:22 INFO  ChordProtocols:173 - Beregner fingerID for finger 115: 15659600378082921972541025511675152380
id: 15659600378082921972541025511675152380
lower: 15618062003214643351512781541041391612
upper: 53937554629190552131995290006614509577
Result (no wrap): true
2025-05-02 21:40:22 INFO  ChordProtocols:179 - Finger 115 peker n책 til: process1
2025-05-02 21:40:22 INFO  ChordProtocols:173 - Beregner fingerID for finger 116: 15701138752951200593569269482308913148
id: 15701138752951200593569269482308913148
lower: 15618062003214643351512781541041391612
upper: 53937554629190552131995290006614509577
Result (no wrap): true
2025-05-02 21:40:22 INFO  ChordProtocols:179 - Finger 116 peker n책 til: process1
2025-05-02 21:40:22 INFO  ChordProtocols:173 - Beregner fingerID for finger 117: 15784215502687757835625757423576434684
id: 15784215502687757835625757423576434684
lower: 15618062003214643351512781541041391612
upper: 53937554629190552131995290006614509577
Result (no wrap): true
2025-05-02 21:40:22 INFO  ChordProtocols:179 - Finger 117 peker n책 til: process1
2025-05-02 21:40:22 INFO  ChordProtocols:173 - Beregner fingerID for finger 118: 15950369002160872319738733306111477756
id: 15950369002160872319738733306111477756
lower: 15618062003214643351512781541041391612
upper: 53937554629190552131995290006614509577
Result (no wrap): true
2025-05-02 21:40:22 INFO  ChordProtocols:179 - Finger 118 peker n책 til: process1
2025-05-02 21:40:22 INFO  ChordProtocols:173 - Beregner fingerID for finger 119: 16282676001107101287964685071181563900
id: 16282676001107101287964685071181563900
lower: 15618062003214643351512781541041391612
upper: 53937554629190552131995290006614509577
Result (no wrap): true
2025-05-02 21:40:22 INFO  ChordProtocols:179 - Finger 119 peker n책 til: process1
2025-05-02 21:40:22 INFO  ChordProtocols:173 - Beregner fingerID for finger 120: 16947289998999559224416588601321736188
id: 16947289998999559224416588601321736188
lower: 15618062003214643351512781541041391612
upper: 53937554629190552131995290006614509577
Result (no wrap): true
2025-05-02 21:40:22 INFO  ChordProtocols:179 - Finger 120 peker n책 til: process1
2025-05-02 21:40:22 INFO  ChordProtocols:173 - Beregner fingerID for finger 121: 18276517994784475097320395661602080764
id: 18276517994784475097320395661602080764
lower: 15618062003214643351512781541041391612
upper: 53937554629190552131995290006614509577
Result (no wrap): true
2025-05-02 21:40:22 INFO  ChordProtocols:179 - Finger 121 peker n책 til: process1
2025-05-02 21:40:22 INFO  ChordProtocols:173 - Beregner fingerID for finger 122: 20934973986354306843128009782162769916
id: 20934973986354306843128009782162769916
lower: 15618062003214643351512781541041391612
upper: 53937554629190552131995290006614509577
Result (no wrap): true
2025-05-02 21:40:22 INFO  ChordProtocols:179 - Finger 122 peker n책 til: process1
2025-05-02 21:40:22 INFO  ChordProtocols:173 - Beregner fingerID for finger 123: 26251885969493970334743238023284148220
id: 26251885969493970334743238023284148220
lower: 15618062003214643351512781541041391612
upper: 53937554629190552131995290006614509577
Result (no wrap): true
2025-05-02 21:40:22 INFO  ChordProtocols:179 - Finger 123 peker n책 til: process1
2025-05-02 21:40:22 INFO  ChordProtocols:173 - Beregner fingerID for finger 124: 36885709935773297317973694505526904828
id: 36885709935773297317973694505526904828
lower: 15618062003214643351512781541041391612
upper: 53937554629190552131995290006614509577
Result (no wrap): true
2025-05-02 21:40:22 INFO  ChordProtocols:179 - Finger 124 peker n책 til: process1
2025-05-02 21:40:22 INFO  ChordProtocols:173 - Beregner fingerID for finger 125: 58153357868331951284434607470012418044
id: 58153357868331951284434607470012418044
lower: 15618062003214643351512781541041391612
upper: 53937554629190552131995290006614509577
Result (no wrap): false
id: 53937554629190552131995290006614509577
lower: 15618062003214643351512781541041391612
upper: 58153357868331951284434607470012418044
Result (no wrap): true
id: 58153357868331951284434607470012418044
lower: 53937554629190552131995290006614509577
upper: 121411138451101288395601026024677976156
Result (no wrap): true
2025-05-02 21:40:22 INFO  ChordProtocols:179 - Finger 125 peker n책 til: process5
2025-05-02 21:40:22 INFO  ChordProtocols:173 - Beregner fingerID for finger 126: 100688653733449259217356433398983444476
id: 100688653733449259217356433398983444476
lower: 15618062003214643351512781541041391612
upper: 53937554629190552131995290006614509577
Result (no wrap): false
id: 121411138451101288395601026024677976156
lower: 15618062003214643351512781541041391612
upper: 100688653733449259217356433398983444476
Result (no wrap): false
id: 53937554629190552131995290006614509577
lower: 15618062003214643351512781541041391612
upper: 100688653733449259217356433398983444476
Result (no wrap): true
id: 100688653733449259217356433398983444476
lower: 53937554629190552131995290006614509577
upper: 121411138451101288395601026024677976156
Result (no wrap): true
2025-05-02 21:40:22 INFO  ChordProtocols:179 - Finger 126 peker n책 til: process5
2025-05-02 21:40:22 INFO  ChordProtocols:173 - Beregner fingerID for finger 127: 185759245463683875083200085256925497340
id: 185759245463683875083200085256925497340
lower: 15618062003214643351512781541041391612
upper: 53937554629190552131995290006614509577
Result (no wrap): false
id: 121411138451101288395601026024677976156
lower: 15618062003214643351512781541041391612
upper: 185759245463683875083200085256925497340
Result (no wrap): true
id: 185759245463683875083200085256925497340
lower: 121411138451101288395601026024677976156
upper: 210821560651360572675896360671414673172
Result (no wrap): true
2025-05-02 21:40:22 INFO  ChordProtocols:179 - Finger 127 peker n책 til: process4
2025-05-02 21:40:22 INFO  StabilizationProtocols:60 - Checking the predecessor for Node: process2
==================================
Node Identifier = 15618062003214643351512781541041391612
Node IP address = process2
successor(process2) = process1
predecessor(process2) = process4
Current File keys for process2 => []
==================================
2025-05-02 21:40:23 INFO  StabilizationProtocols:130 - Updating the successor for Node: process3
id: 66910184482037901621933403444034052415
lower: 66910184482037901621933403444034052414
upper: 53937554629190552131995290006614509577
Result (wrap): true
2025-05-02 21:40:23 INFO  StabilizationProtocols:165 - Finished updating the successor for Node: process3
2025-05-02 21:40:23 INFO  StabilizationProtocols:84 - Stabilizing ring from process3...
2025-05-02 21:40:23 INFO  StabilizationProtocols:91 - Stabilize ring: succnode = process2
id: 210821560651360572675896360671414673172
lower: 66910184482037901621933403444034052415
upper: 15618062003214643351512781541041391613
Result (wrap): true
2025-05-02 21:40:23 INFO  ChordLookup:96 - copy file keys that are <= process3 from successor process2 to process3
2025-05-02 21:40:23 INFO  ChordLookup:113 - Finished copying file keys from successor process2 to process3
id: 66910184482037901621933403444034052414
lower: 121411138451101288395601026024677976157
upper: 210821560651360572675896360671414673173
Result (no wrap): false
2025-05-02 21:40:23 INFO  StabilizationProtocols:113 - Finished stabilizing chordring from process3
2025-05-02 21:40:23 INFO  ChordProtocols:159 - Oppdaterer FingerTable for Node: process3
2025-05-02 21:40:23 INFO  ChordProtocols:173 - Beregner fingerID for finger 0: 66910184482037901621933403444034052415
id: 66910184482037901621933403444034052415
lower: 66910184482037901621933403444034052414
upper: 210821560651360572675896360671414673172
Result (no wrap): true
2025-05-02 21:40:23 INFO  ChordProtocols:179 - Finger 0 peker n책 til: process4
2025-05-02 21:40:23 INFO  ChordProtocols:173 - Beregner fingerID for finger 1: 66910184482037901621933403444034052416
id: 66910184482037901621933403444034052416
lower: 66910184482037901621933403444034052414
upper: 210821560651360572675896360671414673172
Result (no wrap): true
2025-05-02 21:40:23 INFO  ChordProtocols:179 - Finger 1 peker n책 til: process4
2025-05-02 21:40:23 INFO  ChordProtocols:173 - Beregner fingerID for finger 2: 66910184482037901621933403444034052418
id: 66910184482037901621933403444034052418
lower: 66910184482037901621933403444034052414
upper: 210821560651360572675896360671414673172
Result (no wrap): true
2025-05-02 21:40:23 INFO  ChordProtocols:179 - Finger 2 peker n책 til: process4
2025-05-02 21:40:23 INFO  ChordProtocols:173 - Beregner fingerID for finger 3: 66910184482037901621933403444034052422
id: 66910184482037901621933403444034052422
lower: 66910184482037901621933403444034052414
upper: 210821560651360572675896360671414673172
Result (no wrap): true
2025-05-02 21:40:23 INFO  ChordProtocols:179 - Finger 3 peker n책 til: process4
2025-05-02 21:40:23 INFO  ChordProtocols:173 - Beregner fingerID for finger 4: 66910184482037901621933403444034052430
id: 66910184482037901621933403444034052430
lower: 66910184482037901621933403444034052414
upper: 210821560651360572675896360671414673172
Result (no wrap): true
2025-05-02 21:40:23 INFO  ChordProtocols:179 - Finger 4 peker n책 til: process4
2025-05-02 21:40:23 INFO  ChordProtocols:173 - Beregner fingerID for finger 5: 66910184482037901621933403444034052446
id: 66910184482037901621933403444034052446
lower: 66910184482037901621933403444034052414
upper: 210821560651360572675896360671414673172
Result (no wrap): true
2025-05-02 21:40:23 INFO  ChordProtocols:179 - Finger 5 peker n책 til: process4
2025-05-02 21:40:23 INFO  ChordProtocols:173 - Beregner fingerID for finger 6: 66910184482037901621933403444034052478
id: 66910184482037901621933403444034052478
lower: 66910184482037901621933403444034052414
upper: 210821560651360572675896360671414673172
Result (no wrap): true
2025-05-02 21:40:23 INFO  ChordProtocols:179 - Finger 6 peker n책 til: process4
2025-05-02 21:40:23 INFO  ChordProtocols:173 - Beregner fingerID for finger 7: 66910184482037901621933403444034052542
id: 66910184482037901621933403444034052542
lower: 66910184482037901621933403444034052414
upper: 210821560651360572675896360671414673172
Result (no wrap): true
2025-05-02 21:40:23 INFO  ChordProtocols:179 - Finger 7 peker n책 til: process4
2025-05-02 21:40:23 INFO  ChordProtocols:173 - Beregner fingerID for finger 8: 66910184482037901621933403444034052670
id: 66910184482037901621933403444034052670
lower: 66910184482037901621933403444034052414
upper: 210821560651360572675896360671414673172
Result (no wrap): true
2025-05-02 21:40:23 INFO  ChordProtocols:179 - Finger 8 peker n책 til: process4
2025-05-02 21:40:23 INFO  ChordProtocols:173 - Beregner fingerID for finger 9: 66910184482037901621933403444034052926
id: 66910184482037901621933403444034052926
lower: 66910184482037901621933403444034052414
upper: 210821560651360572675896360671414673172
Result (no wrap): true
2025-05-02 21:40:23 INFO  ChordProtocols:179 - Finger 9 peker n책 til: process4
2025-05-02 21:40:23 INFO  ChordProtocols:173 - Beregner fingerID for finger 10: 66910184482037901621933403444034053438
id: 66910184482037901621933403444034053438
lower: 66910184482037901621933403444034052414
upper: 210821560651360572675896360671414673172
Result (no wrap): true
2025-05-02 21:40:23 INFO  ChordProtocols:179 - Finger 10 peker n책 til: process4
2025-05-02 21:40:23 INFO  ChordProtocols:173 - Beregner fingerID for finger 11: 66910184482037901621933403444034054462
id: 66910184482037901621933403444034054462
lower: 66910184482037901621933403444034052414
upper: 210821560651360572675896360671414673172
Result (no wrap): true
2025-05-02 21:40:23 INFO  ChordProtocols:179 - Finger 11 peker n책 til: process4
2025-05-02 21:40:23 INFO  ChordProtocols:173 - Beregner fingerID for finger 12: 66910184482037901621933403444034056510
id: 66910184482037901621933403444034056510
lower: 66910184482037901621933403444034052414
upper: 210821560651360572675896360671414673172
Result (no wrap): true
2025-05-02 21:40:23 INFO  ChordProtocols:179 - Finger 12 peker n책 til: process4
2025-05-02 21:40:23 INFO  ChordProtocols:173 - Beregner fingerID for finger 13: 66910184482037901621933403444034060606
id: 66910184482037901621933403444034060606
lower: 66910184482037901621933403444034052414
upper: 210821560651360572675896360671414673172
Result (no wrap): true
2025-05-02 21:40:23 INFO  ChordProtocols:179 - Finger 13 peker n책 til: process4
2025-05-02 21:40:23 INFO  ChordProtocols:173 - Beregner fingerID for finger 14: 66910184482037901621933403444034068798
id: 66910184482037901621933403444034068798
lower: 66910184482037901621933403444034052414
upper: 210821560651360572675896360671414673172
Result (no wrap): true
2025-05-02 21:40:23 INFO  ChordProtocols:179 - Finger 14 peker n책 til: process4
2025-05-02 21:40:23 INFO  ChordProtocols:173 - Beregner fingerID for finger 15: 66910184482037901621933403444034085182
id: 66910184482037901621933403444034085182
lower: 66910184482037901621933403444034052414
upper: 210821560651360572675896360671414673172
Result (no wrap): true
2025-05-02 21:40:23 INFO  ChordProtocols:179 - Finger 15 peker n책 til: process4
2025-05-02 21:40:23 INFO  ChordProtocols:173 - Beregner fingerID for finger 16: 66910184482037901621933403444034117950
id: 66910184482037901621933403444034117950
lower: 66910184482037901621933403444034052414
upper: 210821560651360572675896360671414673172
Result (no wrap): true
2025-05-02 21:40:23 INFO  ChordProtocols:179 - Finger 16 peker n책 til: process4
2025-05-02 21:40:23 INFO  ChordProtocols:173 - Beregner fingerID for finger 17: 66910184482037901621933403444034183486
id: 66910184482037901621933403444034183486
lower: 66910184482037901621933403444034052414
upper: 210821560651360572675896360671414673172
Result (no wrap): true
2025-05-02 21:40:23 INFO  ChordProtocols:179 - Finger 17 peker n책 til: process4
2025-05-02 21:40:23 INFO  ChordProtocols:173 - Beregner fingerID for finger 18: 66910184482037901621933403444034314558
id: 66910184482037901621933403444034314558
lower: 66910184482037901621933403444034052414
upper: 210821560651360572675896360671414673172
Result (no wrap): true
2025-05-02 21:40:23 INFO  ChordProtocols:179 - Finger 18 peker n책 til: process4
2025-05-02 21:40:23 INFO  ChordProtocols:173 - Beregner fingerID for finger 19: 66910184482037901621933403444034576702
id: 66910184482037901621933403444034576702
lower: 66910184482037901621933403444034052414
upper: 210821560651360572675896360671414673172
Result (no wrap): true
2025-05-02 21:40:23 INFO  ChordProtocols:179 - Finger 19 peker n책 til: process4
2025-05-02 21:40:23 INFO  ChordProtocols:173 - Beregner fingerID for finger 20: 66910184482037901621933403444035100990
id: 66910184482037901621933403444035100990
lower: 66910184482037901621933403444034052414
upper: 210821560651360572675896360671414673172
Result (no wrap): true
2025-05-02 21:40:23 INFO  ChordProtocols:179 - Finger 20 peker n책 til: process4
2025-05-02 21:40:23 INFO  ChordProtocols:173 - Beregner fingerID for finger 21: 66910184482037901621933403444036149566
id: 66910184482037901621933403444036149566
lower: 66910184482037901621933403444034052414
upper: 210821560651360572675896360671414673172
Result (no wrap): true
2025-05-02 21:40:23 INFO  ChordProtocols:179 - Finger 21 peker n책 til: process4
2025-05-02 21:40:23 INFO  ChordProtocols:173 - Beregner fingerID for finger 22: 66910184482037901621933403444038246718
id: 66910184482037901621933403444038246718
lower: 66910184482037901621933403444034052414
upper: 210821560651360572675896360671414673172
Result (no wrap): true
2025-05-02 21:40:23 INFO  ChordProtocols:179 - Finger 22 peker n책 til: process4
2025-05-02 21:40:23 INFO  ChordProtocols:173 - Beregner fingerID for finger 23: 66910184482037901621933403444042441022
id: 66910184482037901621933403444042441022
lower: 66910184482037901621933403444034052414
upper: 210821560651360572675896360671414673172
Result (no wrap): true
2025-05-02 21:40:23 INFO  ChordProtocols:179 - Finger 23 peker n책 til: process4
2025-05-02 21:40:23 INFO  ChordProtocols:173 - Beregner fingerID for finger 24: 66910184482037901621933403444050829630
id: 66910184482037901621933403444050829630
lower: 66910184482037901621933403444034052414
upper: 210821560651360572675896360671414673172
Result (no wrap): true
2025-05-02 21:40:23 INFO  ChordProtocols:179 - Finger 24 peker n책 til: process4
2025-05-02 21:40:23 INFO  ChordProtocols:173 - Beregner fingerID for finger 25: 66910184482037901621933403444067606846
id: 66910184482037901621933403444067606846
lower: 66910184482037901621933403444034052414
upper: 210821560651360572675896360671414673172
Result (no wrap): true
2025-05-02 21:40:23 INFO  ChordProtocols:179 - Finger 25 peker n책 til: process4
2025-05-02 21:40:23 INFO  ChordProtocols:173 - Beregner fingerID for finger 26: 66910184482037901621933403444101161278
id: 66910184482037901621933403444101161278
lower: 66910184482037901621933403444034052414
upper: 210821560651360572675896360671414673172
Result (no wrap): true
2025-05-02 21:40:23 INFO  ChordProtocols:179 - Finger 26 peker n책 til: process4
2025-05-02 21:40:23 INFO  ChordProtocols:173 - Beregner fingerID for finger 27: 66910184482037901621933403444168270142
id: 66910184482037901621933403444168270142
lower: 66910184482037901621933403444034052414
upper: 210821560651360572675896360671414673172
Result (no wrap): true
2025-05-02 21:40:23 INFO  ChordProtocols:179 - Finger 27 peker n책 til: process4
2025-05-02 21:40:23 INFO  ChordProtocols:173 - Beregner fingerID for finger 28: 66910184482037901621933403444302487870
id: 66910184482037901621933403444302487870
lower: 66910184482037901621933403444034052414
upper: 210821560651360572675896360671414673172
Result (no wrap): true
2025-05-02 21:40:23 INFO  ChordProtocols:179 - Finger 28 peker n책 til: process4
2025-05-02 21:40:23 INFO  ChordProtocols:173 - Beregner fingerID for finger 29: 66910184482037901621933403444570923326
id: 66910184482037901621933403444570923326
lower: 66910184482037901621933403444034052414
upper: 210821560651360572675896360671414673172
Result (no wrap): true
2025-05-02 21:40:23 INFO  ChordProtocols:179 - Finger 29 peker n책 til: process4
2025-05-02 21:40:23 INFO  ChordProtocols:173 - Beregner fingerID for finger 30: 66910184482037901621933403445107794238
id: 66910184482037901621933403445107794238
lower: 66910184482037901621933403444034052414
upper: 210821560651360572675896360671414673172
Result (no wrap): true
2025-05-02 21:40:23 INFO  ChordProtocols:179 - Finger 30 peker n책 til: process4
2025-05-02 21:40:23 INFO  ChordProtocols:173 - Beregner fingerID for finger 31: 66910184482037901621933403446181536062
id: 66910184482037901621933403446181536062
lower: 66910184482037901621933403444034052414
upper: 210821560651360572675896360671414673172
Result (no wrap): true
2025-05-02 21:40:23 INFO  ChordProtocols:179 - Finger 31 peker n책 til: process4
2025-05-02 21:40:23 INFO  ChordProtocols:173 - Beregner fingerID for finger 32: 66910184482037901621933403448329019710
id: 66910184482037901621933403448329019710
lower: 66910184482037901621933403444034052414
upper: 210821560651360572675896360671414673172
Result (no wrap): true
2025-05-02 21:40:23 INFO  ChordProtocols:179 - Finger 32 peker n책 til: process4
2025-05-02 21:40:23 INFO  ChordProtocols:173 - Beregner fingerID for finger 33: 66910184482037901621933403452623987006
id: 66910184482037901621933403452623987006
lower: 66910184482037901621933403444034052414
upper: 210821560651360572675896360671414673172
Result (no wrap): true
2025-05-02 21:40:23 INFO  ChordProtocols:179 - Finger 33 peker n책 til: process4
2025-05-02 21:40:23 INFO  ChordProtocols:173 - Beregner fingerID for finger 34: 66910184482037901621933403461213921598
id: 66910184482037901621933403461213921598
lower: 66910184482037901621933403444034052414
upper: 210821560651360572675896360671414673172
Result (no wrap): true
2025-05-02 21:40:23 INFO  ChordProtocols:179 - Finger 34 peker n책 til: process4
2025-05-02 21:40:23 INFO  ChordProtocols:173 - Beregner fingerID for finger 35: 66910184482037901621933403478393790782
id: 66910184482037901621933403478393790782
lower: 66910184482037901621933403444034052414
upper: 210821560651360572675896360671414673172
Result (no wrap): true
2025-05-02 21:40:23 INFO  ChordProtocols:179 - Finger 35 peker n책 til: process4
2025-05-02 21:40:23 INFO  ChordProtocols:173 - Beregner fingerID for finger 36: 66910184482037901621933403512753529150
id: 66910184482037901621933403512753529150
lower: 66910184482037901621933403444034052414
upper: 210821560651360572675896360671414673172
Result (no wrap): true
2025-05-02 21:40:23 INFO  ChordProtocols:179 - Finger 36 peker n책 til: process4
2025-05-02 21:40:23 INFO  ChordProtocols:173 - Beregner fingerID for finger 37: 66910184482037901621933403581473005886
id: 66910184482037901621933403581473005886
lower: 66910184482037901621933403444034052414
upper: 210821560651360572675896360671414673172
Result (no wrap): true
2025-05-02 21:40:23 INFO  ChordProtocols:179 - Finger 37 peker n책 til: process4
2025-05-02 21:40:23 INFO  ChordProtocols:173 - Beregner fingerID for finger 38: 66910184482037901621933403718911959358
id: 66910184482037901621933403718911959358
lower: 66910184482037901621933403444034052414
upper: 210821560651360572675896360671414673172
Result (no wrap): true
2025-05-02 21:40:23 INFO  ChordProtocols:179 - Finger 38 peker n책 til: process4
2025-05-02 21:40:23 INFO  ChordProtocols:173 - Beregner fingerID for finger 39: 66910184482037901621933403993789866302
id: 66910184482037901621933403993789866302
lower: 66910184482037901621933403444034052414
upper: 210821560651360572675896360671414673172
Result (no wrap): true
2025-05-02 21:40:23 INFO  ChordProtocols:179 - Finger 39 peker n책 til: process4
2025-05-02 21:40:23 INFO  ChordProtocols:173 - Beregner fingerID for finger 40: 66910184482037901621933404543545680190
id: 66910184482037901621933404543545680190
lower: 66910184482037901621933403444034052414
upper: 210821560651360572675896360671414673172
Result (no wrap): true
2025-05-02 21:40:23 INFO  ChordProtocols:179 - Finger 40 peker n책 til: process4
2025-05-02 21:40:23 INFO  ChordProtocols:173 - Beregner fingerID for finger 41: 66910184482037901621933405643057307966
id: 66910184482037901621933405643057307966
lower: 66910184482037901621933403444034052414
upper: 210821560651360572675896360671414673172
Result (no wrap): true
2025-05-02 21:40:23 INFO  ChordProtocols:179 - Finger 41 peker n책 til: process4
2025-05-02 21:40:23 INFO  ChordProtocols:173 - Beregner fingerID for finger 42: 66910184482037901621933407842080563518
id: 66910184482037901621933407842080563518
lower: 66910184482037901621933403444034052414
upper: 210821560651360572675896360671414673172
Result (no wrap): true
2025-05-02 21:40:23 INFO  ChordProtocols:179 - Finger 42 peker n책 til: process4
2025-05-02 21:40:23 INFO  ChordProtocols:173 - Beregner fingerID for finger 43: 66910184482037901621933412240127074622
id: 66910184482037901621933412240127074622
lower: 66910184482037901621933403444034052414
upper: 210821560651360572675896360671414673172
Result (no wrap): true
2025-05-02 21:40:23 INFO  ChordProtocols:179 - Finger 43 peker n책 til: process4
2025-05-02 21:40:23 INFO  ChordProtocols:173 - Beregner fingerID for finger 44: 66910184482037901621933421036220096830
id: 66910184482037901621933421036220096830
lower: 66910184482037901621933403444034052414
upper: 210821560651360572675896360671414673172
Result (no wrap): true
2025-05-02 21:40:23 INFO  ChordProtocols:179 - Finger 44 peker n책 til: process4
2025-05-02 21:40:23 INFO  ChordProtocols:173 - Beregner fingerID for finger 45: 66910184482037901621933438628406141246
id: 66910184482037901621933438628406141246
lower: 66910184482037901621933403444034052414
upper: 210821560651360572675896360671414673172
Result (no wrap): true
2025-05-02 21:40:23 INFO  ChordProtocols:179 - Finger 45 peker n책 til: process4
2025-05-02 21:40:23 INFO  ChordProtocols:173 - Beregner fingerID for finger 46: 66910184482037901621933473812778230078
id: 66910184482037901621933473812778230078
lower: 66910184482037901621933403444034052414
upper: 210821560651360572675896360671414673172
Result (no wrap): true
2025-05-02 21:40:23 INFO  ChordProtocols:179 - Finger 46 peker n책 til: process4
2025-05-02 21:40:23 INFO  ChordProtocols:173 - Beregner fingerID for finger 47: 66910184482037901621933544181522407742
id: 66910184482037901621933544181522407742
lower: 66910184482037901621933403444034052414
upper: 210821560651360572675896360671414673172
Result (no wrap): true
2025-05-02 21:40:23 INFO  ChordProtocols:179 - Finger 47 peker n책 til: process4
2025-05-02 21:40:23 INFO  ChordProtocols:173 - Beregner fingerID for finger 48: 66910184482037901621933684919010763070
id: 66910184482037901621933684919010763070
lower: 66910184482037901621933403444034052414
upper: 210821560651360572675896360671414673172
Result (no wrap): true
2025-05-02 21:40:23 INFO  ChordProtocols:179 - Finger 48 peker n책 til: process4
2025-05-02 21:40:23 INFO  ChordProtocols:173 - Beregner fingerID for finger 49: 66910184482037901621933966393987473726
id: 66910184482037901621933966393987473726
lower: 66910184482037901621933403444034052414
upper: 210821560651360572675896360671414673172
Result (no wrap): true
2025-05-02 21:40:23 INFO  ChordProtocols:179 - Finger 49 peker n책 til: process4
2025-05-02 21:40:23 INFO  ChordProtocols:173 - Beregner fingerID for finger 50: 66910184482037901621934529343940895038
id: 66910184482037901621934529343940895038
lower: 66910184482037901621933403444034052414
upper: 210821560651360572675896360671414673172
Result (no wrap): true
2025-05-02 21:40:23 INFO  ChordProtocols:179 - Finger 50 peker n책 til: process4
2025-05-02 21:40:23 INFO  ChordProtocols:173 - Beregner fingerID for finger 51: 66910184482037901621935655243847737662
id: 66910184482037901621935655243847737662
lower: 66910184482037901621933403444034052414
upper: 210821560651360572675896360671414673172
Result (no wrap): true
2025-05-02 21:40:23 INFO  ChordProtocols:179 - Finger 51 peker n책 til: process4
2025-05-02 21:40:23 INFO  ChordProtocols:173 - Beregner fingerID for finger 52: 66910184482037901621937907043661422910
id: 66910184482037901621937907043661422910
lower: 66910184482037901621933403444034052414
upper: 210821560651360572675896360671414673172
Result (no wrap): true
2025-05-02 21:40:23 INFO  ChordProtocols:179 - Finger 52 peker n책 til: process4
2025-05-02 21:40:23 INFO  ChordProtocols:173 - Beregner fingerID for finger 53: 66910184482037901621942410643288793406
id: 66910184482037901621942410643288793406
lower: 66910184482037901621933403444034052414
upper: 210821560651360572675896360671414673172
Result (no wrap): true
2025-05-02 21:40:23 INFO  ChordProtocols:179 - Finger 53 peker n책 til: process4
2025-05-02 21:40:23 INFO  ChordProtocols:173 - Beregner fingerID for finger 54: 66910184482037901621951417842543534398
id: 66910184482037901621951417842543534398
lower: 66910184482037901621933403444034052414
upper: 210821560651360572675896360671414673172
Result (no wrap): true
2025-05-02 21:40:23 INFO  ChordProtocols:179 - Finger 54 peker n책 til: process4
2025-05-02 21:40:23 INFO  ChordProtocols:173 - Beregner fingerID for finger 55: 66910184482037901621969432241053016382
id: 66910184482037901621969432241053016382
lower: 66910184482037901621933403444034052414
upper: 210821560651360572675896360671414673172
Result (no wrap): true
2025-05-02 21:40:23 INFO  ChordProtocols:179 - Finger 55 peker n책 til: process4
2025-05-02 21:40:23 INFO  ChordProtocols:173 - Beregner fingerID for finger 56: 66910184482037901622005461038071980350
id: 66910184482037901622005461038071980350
lower: 66910184482037901621933403444034052414
upper: 210821560651360572675896360671414673172
Result (no wrap): true
2025-05-02 21:40:23 INFO  ChordProtocols:179 - Finger 56 peker n책 til: process4
2025-05-02 21:40:23 INFO  ChordProtocols:173 - Beregner fingerID for finger 57: 66910184482037901622077518632109908286
id: 66910184482037901622077518632109908286
lower: 66910184482037901621933403444034052414
upper: 210821560651360572675896360671414673172
Result (no wrap): true
2025-05-02 21:40:23 INFO  ChordProtocols:179 - Finger 57 peker n책 til: process4
2025-05-02 21:40:23 INFO  ChordProtocols:173 - Beregner fingerID for finger 58: 66910184482037901622221633820185764158
id: 66910184482037901622221633820185764158
lower: 66910184482037901621933403444034052414
upper: 210821560651360572675896360671414673172
Result (no wrap): true
2025-05-02 21:40:23 INFO  ChordProtocols:179 - Finger 58 peker n책 til: process4
2025-05-02 21:40:23 INFO  ChordProtocols:173 - Beregner fingerID for finger 59: 66910184482037901622509864196337475902
id: 66910184482037901622509864196337475902
lower: 66910184482037901621933403444034052414
upper: 210821560651360572675896360671414673172
Result (no wrap): true
2025-05-02 21:40:23 INFO  ChordProtocols:179 - Finger 59 peker n책 til: process4
2025-05-02 21:40:23 INFO  ChordProtocols:173 - Beregner fingerID for finger 60: 66910184482037901623086324948640899390
id: 66910184482037901623086324948640899390
lower: 66910184482037901621933403444034052414
upper: 210821560651360572675896360671414673172
Result (no wrap): true
2025-05-02 21:40:23 INFO  ChordProtocols:179 - Finger 60 peker n책 til: process4
2025-05-02 21:40:23 INFO  ChordProtocols:173 - Beregner fingerID for finger 61: 66910184482037901624239246453247746366
id: 66910184482037901624239246453247746366
lower: 66910184482037901621933403444034052414
upper: 210821560651360572675896360671414673172
Result (no wrap): true
2025-05-02 21:40:23 INFO  ChordProtocols:179 - Finger 61 peker n책 til: process4
2025-05-02 21:40:23 INFO  ChordProtocols:173 - Beregner fingerID for finger 62: 66910184482037901626545089462461440318
id: 66910184482037901626545089462461440318
lower: 66910184482037901621933403444034052414
upper: 210821560651360572675896360671414673172
Result (no wrap): true
2025-05-02 21:40:23 INFO  ChordProtocols:179 - Finger 62 peker n책 til: process4
2025-05-02 21:40:23 INFO  ChordProtocols:173 - Beregner fingerID for finger 63: 66910184482037901631156775480888828222
id: 66910184482037901631156775480888828222
lower: 66910184482037901621933403444034052414
upper: 210821560651360572675896360671414673172
Result (no wrap): true
2025-05-02 21:40:23 INFO  ChordProtocols:179 - Finger 63 peker n책 til: process4
2025-05-02 21:40:23 INFO  ChordProtocols:173 - Beregner fingerID for finger 64: 66910184482037901640380147517743604030
id: 66910184482037901640380147517743604030
lower: 66910184482037901621933403444034052414
upper: 210821560651360572675896360671414673172
Result (no wrap): true
2025-05-02 21:40:23 INFO  ChordProtocols:179 - Finger 64 peker n책 til: process4
2025-05-02 21:40:23 INFO  ChordProtocols:173 - Beregner fingerID for finger 65: 66910184482037901658826891591453155646
id: 66910184482037901658826891591453155646
lower: 66910184482037901621933403444034052414
upper: 210821560651360572675896360671414673172
Result (no wrap): true
2025-05-02 21:40:23 INFO  ChordProtocols:179 - Finger 65 peker n책 til: process4
2025-05-02 21:40:23 INFO  ChordProtocols:173 - Beregner fingerID for finger 66: 66910184482037901695720379738872258878
id: 66910184482037901695720379738872258878
lower: 66910184482037901621933403444034052414
upper: 210821560651360572675896360671414673172
Result (no wrap): true
2025-05-02 21:40:23 INFO  ChordProtocols:179 - Finger 66 peker n책 til: process4
2025-05-02 21:40:23 INFO  ChordProtocols:173 - Beregner fingerID for finger 67: 66910184482037901769507356033710465342
id: 66910184482037901769507356033710465342
lower: 66910184482037901621933403444034052414
upper: 210821560651360572675896360671414673172
Result (no wrap): true
2025-05-02 21:40:23 INFO  ChordProtocols:179 - Finger 67 peker n책 til: process4
2025-05-02 21:40:23 INFO  ChordProtocols:173 - Beregner fingerID for finger 68: 66910184482037901917081308623386878270
id: 66910184482037901917081308623386878270
lower: 66910184482037901621933403444034052414
upper: 210821560651360572675896360671414673172
Result (no wrap): true
2025-05-02 21:40:23 INFO  ChordProtocols:179 - Finger 68 peker n책 til: process4
2025-05-02 21:40:23 INFO  ChordProtocols:173 - Beregner fingerID for finger 69: 66910184482037902212229213802739704126
id: 66910184482037902212229213802739704126
lower: 66910184482037901621933403444034052414
upper: 210821560651360572675896360671414673172
Result (no wrap): true
2025-05-02 21:40:23 INFO  ChordProtocols:179 - Finger 69 peker n책 til: process4
2025-05-02 21:40:23 INFO  ChordProtocols:173 - Beregner fingerID for finger 70: 66910184482037902802525024161445355838
id: 66910184482037902802525024161445355838
lower: 66910184482037901621933403444034052414
upper: 210821560651360572675896360671414673172
Result (no wrap): true
2025-05-02 21:40:23 INFO  ChordProtocols:179 - Finger 70 peker n책 til: process4
2025-05-02 21:40:23 INFO  ChordProtocols:173 - Beregner fingerID for finger 71: 66910184482037903983116644878856659262
id: 66910184482037903983116644878856659262
lower: 66910184482037901621933403444034052414
upper: 210821560651360572675896360671414673172
Result (no wrap): true
2025-05-02 21:40:23 INFO  ChordProtocols:179 - Finger 71 peker n책 til: process4
2025-05-02 21:40:23 INFO  ChordProtocols:173 - Beregner fingerID for finger 72: 66910184482037906344299886313679266110
id: 66910184482037906344299886313679266110
lower: 66910184482037901621933403444034052414
upper: 210821560651360572675896360671414673172
Result (no wrap): true
2025-05-02 21:40:23 INFO  ChordProtocols:179 - Finger 72 peker n책 til: process4
2025-05-02 21:40:23 INFO  ChordProtocols:173 - Beregner fingerID for finger 73: 66910184482037911066666369183324479806
id: 66910184482037911066666369183324479806
lower: 66910184482037901621933403444034052414
upper: 210821560651360572675896360671414673172
Result (no wrap): true
2025-05-02 21:40:23 INFO  ChordProtocols:179 - Finger 73 peker n책 til: process4
2025-05-02 21:40:23 INFO  ChordProtocols:173 - Beregner fingerID for finger 74: 66910184482037920511399334922614907198
id: 66910184482037920511399334922614907198
lower: 66910184482037901621933403444034052414
upper: 210821560651360572675896360671414673172
Result (no wrap): true
2025-05-02 21:40:23 INFO  ChordProtocols:179 - Finger 74 peker n책 til: process4
2025-05-02 21:40:23 INFO  ChordProtocols:173 - Beregner fingerID for finger 75: 66910184482037939400865266401195761982
id: 66910184482037939400865266401195761982
lower: 66910184482037901621933403444034052414
upper: 210821560651360572675896360671414673172
Result (no wrap): true
2025-05-02 21:40:23 INFO  ChordProtocols:179 - Finger 75 peker n책 til: process4
2025-05-02 21:40:23 INFO  ChordProtocols:173 - Beregner fingerID for finger 76: 66910184482037977179797129358357471550
id: 66910184482037977179797129358357471550
lower: 66910184482037901621933403444034052414
upper: 210821560651360572675896360671414673172
Result (no wrap): true
2025-05-02 21:40:23 INFO  ChordProtocols:179 - Finger 76 peker n책 til: process4
2025-05-02 21:40:23 INFO  ChordProtocols:173 - Beregner fingerID for finger 77: 66910184482038052737660855272680890686
id: 66910184482038052737660855272680890686
lower: 66910184482037901621933403444034052414
upper: 210821560651360572675896360671414673172
Result (no wrap): true
2025-05-02 21:40:23 INFO  ChordProtocols:179 - Finger 77 peker n책 til: process4
2025-05-02 21:40:23 INFO  ChordProtocols:173 - Beregner fingerID for finger 78: 66910184482038203853388307101327728958
id: 66910184482038203853388307101327728958
lower: 66910184482037901621933403444034052414
upper: 210821560651360572675896360671414673172
Result (no wrap): true
2025-05-02 21:40:23 INFO  ChordProtocols:179 - Finger 78 peker n책 til: process4
2025-05-02 21:40:23 INFO  ChordProtocols:173 - Beregner fingerID for finger 79: 66910184482038506084843210758621405502
id: 66910184482038506084843210758621405502
lower: 66910184482037901621933403444034052414
upper: 210821560651360572675896360671414673172
Result (no wrap): true
2025-05-02 21:40:23 INFO  ChordProtocols:179 - Finger 79 peker n책 til: process4
2025-05-02 21:40:23 INFO  ChordProtocols:173 - Beregner fingerID for finger 80: 66910184482039110547753018073208758590
id: 66910184482039110547753018073208758590
lower: 66910184482037901621933403444034052414
upper: 210821560651360572675896360671414673172
Result (no wrap): true
2025-05-02 21:40:23 INFO  ChordProtocols:179 - Finger 80 peker n책 til: process4
2025-05-02 21:40:23 INFO  ChordProtocols:173 - Beregner fingerID for finger 81: 66910184482040319473572632702383464766
id: 66910184482040319473572632702383464766
lower: 66910184482037901621933403444034052414
upper: 210821560651360572675896360671414673172
Result (no wrap): true
2025-05-02 21:40:23 INFO  ChordProtocols:179 - Finger 81 peker n책 til: process4
2025-05-02 21:40:23 INFO  ChordProtocols:173 - Beregner fingerID for finger 82: 66910184482042737325211861960732877118
id: 66910184482042737325211861960732877118
lower: 66910184482037901621933403444034052414
upper: 210821560651360572675896360671414673172
Result (no wrap): true
2025-05-02 21:40:23 INFO  ChordProtocols:179 - Finger 82 peker n책 til: process4
2025-05-02 21:40:23 INFO  ChordProtocols:173 - Beregner fingerID for finger 83: 66910184482047573028490320477431701822
id: 66910184482047573028490320477431701822
lower: 66910184482037901621933403444034052414
upper: 210821560651360572675896360671414673172
Result (no wrap): true
2025-05-02 21:40:23 INFO  ChordProtocols:179 - Finger 83 peker n책 til: process4
2025-05-02 21:40:23 INFO  ChordProtocols:173 - Beregner fingerID for finger 84: 66910184482057244435047237510829351230
id: 66910184482057244435047237510829351230
lower: 66910184482037901621933403444034052414
upper: 210821560651360572675896360671414673172
Result (no wrap): true
2025-05-02 21:40:23 INFO  ChordProtocols:179 - Finger 84 peker n책 til: process4
2025-05-02 21:40:23 INFO  ChordProtocols:173 - Beregner fingerID for finger 85: 66910184482076587248161071577624650046
id: 66910184482076587248161071577624650046
lower: 66910184482037901621933403444034052414
upper: 210821560651360572675896360671414673172
Result (no wrap): true
2025-05-02 21:40:23 INFO  ChordProtocols:179 - Finger 85 peker n책 til: process4
2025-05-02 21:40:23 INFO  ChordProtocols:173 - Beregner fingerID for finger 86: 66910184482115272874388739711215247678
id: 66910184482115272874388739711215247678
lower: 66910184482037901621933403444034052414
upper: 210821560651360572675896360671414673172
Result (no wrap): true
2025-05-02 21:40:23 INFO  ChordProtocols:179 - Finger 86 peker n책 til: process4
2025-05-02 21:40:23 INFO  ChordProtocols:173 - Beregner fingerID for finger 87: 66910184482192644126844075978396442942
id: 66910184482192644126844075978396442942
lower: 66910184482037901621933403444034052414
upper: 210821560651360572675896360671414673172
Result (no wrap): true
2025-05-02 21:40:23 INFO  ChordProtocols:179 - Finger 87 peker n책 til: process4
2025-05-02 21:40:23 INFO  ChordProtocols:173 - Beregner fingerID for finger 88: 66910184482347386631754748512758833470
id: 66910184482347386631754748512758833470
lower: 66910184482037901621933403444034052414
upper: 210821560651360572675896360671414673172
Result (no wrap): true
2025-05-02 21:40:23 INFO  ChordProtocols:179 - Finger 88 peker n책 til: process4
2025-05-02 21:40:23 INFO  ChordProtocols:173 - Beregner fingerID for finger 89: 66910184482656871641576093581483614526
id: 66910184482656871641576093581483614526
lower: 66910184482037901621933403444034052414
upper: 210821560651360572675896360671414673172
Result (no wrap): true
2025-05-02 21:40:23 INFO  ChordProtocols:179 - Finger 89 peker n책 til: process4
2025-05-02 21:40:23 INFO  ChordProtocols:173 - Beregner fingerID for finger 90: 66910184483275841661218783718933176638
id: 66910184483275841661218783718933176638
lower: 66910184482037901621933403444034052414
upper: 210821560651360572675896360671414673172
Result (no wrap): true
2025-05-02 21:40:23 INFO  ChordProtocols:179 - Finger 90 peker n책 til: process4
2025-05-02 21:40:23 INFO  ChordProtocols:173 - Beregner fingerID for finger 91: 66910184484513781700504163993832300862
id: 66910184484513781700504163993832300862
lower: 66910184482037901621933403444034052414
upper: 210821560651360572675896360671414673172
Result (no wrap): true
2025-05-02 21:40:23 INFO  ChordProtocols:179 - Finger 91 peker n책 til: process4
2025-05-02 21:40:23 INFO  ChordProtocols:173 - Beregner fingerID for finger 92: 66910184486989661779074924543630549310
id: 66910184486989661779074924543630549310
lower: 66910184482037901621933403444034052414
upper: 210821560651360572675896360671414673172
Result (no wrap): true
2025-05-02 21:40:23 INFO  ChordProtocols:179 - Finger 92 peker n책 til: process4
2025-05-02 21:40:23 INFO  ChordProtocols:173 - Beregner fingerID for finger 93: 66910184491941421936216445643227046206
id: 66910184491941421936216445643227046206
lower: 66910184482037901621933403444034052414
upper: 210821560651360572675896360671414673172
Result (no wrap): true
2025-05-02 21:40:23 INFO  ChordProtocols:179 - Finger 93 peker n책 til: process4
2025-05-02 21:40:23 INFO  ChordProtocols:173 - Beregner fingerID for finger 94: 66910184501844942250499487842420039998
id: 66910184501844942250499487842420039998
lower: 66910184482037901621933403444034052414
upper: 210821560651360572675896360671414673172
Result (no wrap): true
2025-05-02 21:40:23 INFO  ChordProtocols:179 - Finger 94 peker n책 til: process4
2025-05-02 21:40:23 INFO  ChordProtocols:173 - Beregner fingerID for finger 95: 66910184521651982879065572240806027582
id: 66910184521651982879065572240806027582
lower: 66910184482037901621933403444034052414
upper: 210821560651360572675896360671414673172
Result (no wrap): true
2025-05-02 21:40:23 INFO  ChordProtocols:179 - Finger 95 peker n책 til: process4
2025-05-02 21:40:23 INFO  ChordProtocols:173 - Beregner fingerID for finger 96: 66910184561266064136197741037578002750
id: 66910184561266064136197741037578002750
lower: 66910184482037901621933403444034052414
upper: 210821560651360572675896360671414673172
Result (no wrap): true
2025-05-02 21:40:23 INFO  ChordProtocols:179 - Finger 96 peker n책 til: process4
2025-05-02 21:40:23 INFO  ChordProtocols:173 - Beregner fingerID for finger 97: 66910184640494226650462078631121953086
id: 66910184640494226650462078631121953086
lower: 66910184482037901621933403444034052414
upper: 210821560651360572675896360671414673172
Result (no wrap): true
2025-05-02 21:40:23 INFO  ChordProtocols:179 - Finger 97 peker n책 til: process4
2025-05-02 21:40:23 INFO  ChordProtocols:173 - Beregner fingerID for finger 98: 66910184798950551678990753818209853758
id: 66910184798950551678990753818209853758
lower: 66910184482037901621933403444034052414
upper: 210821560651360572675896360671414673172
Result (no wrap): true
2025-05-02 21:40:23 INFO  ChordProtocols:179 - Finger 98 peker n책 til: process4
2025-05-02 21:40:23 INFO  ChordProtocols:173 - Beregner fingerID for finger 99: 66910185115863201736048104192385655102
id: 66910185115863201736048104192385655102
lower: 66910184482037901621933403444034052414
upper: 210821560651360572675896360671414673172
Result (no wrap): true
2025-05-02 21:40:23 INFO  ChordProtocols:179 - Finger 99 peker n책 til: process4
2025-05-02 21:40:23 INFO  ChordProtocols:173 - Beregner fingerID for finger 100: 66910185749688501850162804940737257790
id: 66910185749688501850162804940737257790
lower: 66910184482037901621933403444034052414
upper: 210821560651360572675896360671414673172
Result (no wrap): true
2025-05-02 21:40:23 INFO  ChordProtocols:179 - Finger 100 peker n책 til: process4
2025-05-02 21:40:23 INFO  ChordProtocols:173 - Beregner fingerID for finger 101: 66910187017339102078392206437440463166
id: 66910187017339102078392206437440463166
lower: 66910184482037901621933403444034052414
upper: 210821560651360572675896360671414673172
Result (no wrap): true
2025-05-02 21:40:23 INFO  ChordProtocols:179 - Finger 101 peker n책 til: process4
2025-05-02 21:40:23 INFO  ChordProtocols:173 - Beregner fingerID for finger 102: 66910189552640302534851009430846873918
id: 66910189552640302534851009430846873918
lower: 66910184482037901621933403444034052414
upper: 210821560651360572675896360671414673172
Result (no wrap): true
2025-05-02 21:40:23 INFO  ChordProtocols:179 - Finger 102 peker n책 til: process4
2025-05-02 21:40:23 INFO  ChordProtocols:173 - Beregner fingerID for finger 103: 66910194623242703447768615417659695422
id: 66910194623242703447768615417659695422
lower: 66910184482037901621933403444034052414
upper: 210821560651360572675896360671414673172
Result (no wrap): true
2025-05-02 21:40:23 INFO  ChordProtocols:179 - Finger 103 peker n책 til: process4
2025-05-02 21:40:23 INFO  ChordProtocols:173 - Beregner fingerID for finger 104: 66910204764447505273603827391285338430
id: 66910204764447505273603827391285338430
lower: 66910184482037901621933403444034052414
upper: 210821560651360572675896360671414673172
Result (no wrap): true
2025-05-02 21:40:23 INFO  ChordProtocols:179 - Finger 104 peker n책 til: process4
2025-05-02 21:40:23 INFO  ChordProtocols:173 - Beregner fingerID for finger 105: 66910225046857108925274251338536624446
id: 66910225046857108925274251338536624446
lower: 66910184482037901621933403444034052414
upper: 210821560651360572675896360671414673172
Result (no wrap): true
2025-05-02 21:40:23 INFO  ChordProtocols:179 - Finger 105 peker n책 til: process4
2025-05-02 21:40:23 INFO  ChordProtocols:173 - Beregner fingerID for finger 106: 66910265611676316228615099233039196478
id: 66910265611676316228615099233039196478
lower: 66910184482037901621933403444034052414
upper: 210821560651360572675896360671414673172
Result (no wrap): true
2025-05-02 21:40:23 INFO  ChordProtocols:179 - Finger 106 peker n책 til: process4
2025-05-02 21:40:23 INFO  ChordProtocols:173 - Beregner fingerID for finger 107: 66910346741314730835296795022044340542
id: 66910346741314730835296795022044340542
lower: 66910184482037901621933403444034052414
upper: 210821560651360572675896360671414673172
Result (no wrap): true
2025-05-02 21:40:23 INFO  ChordProtocols:179 - Finger 107 peker n책 til: process4
2025-05-02 21:40:23 INFO  ChordProtocols:173 - Beregner fingerID for finger 108: 66910509000591560048660186600054628670
id: 66910509000591560048660186600054628670
lower: 66910184482037901621933403444034052414
upper: 210821560651360572675896360671414673172
Result (no wrap): true
2025-05-02 21:40:23 INFO  ChordProtocols:179 - Finger 108 peker n책 til: process4
2025-05-02 21:40:23 INFO  ChordProtocols:173 - Beregner fingerID for finger 109: 66910833519145218475386969756075204926
id: 66910833519145218475386969756075204926
lower: 66910184482037901621933403444034052414
upper: 210821560651360572675896360671414673172
Result (no wrap): true
2025-05-02 21:40:23 INFO  ChordProtocols:179 - Finger 109 peker n책 til: process4
2025-05-02 21:40:23 INFO  ChordProtocols:173 - Beregner fingerID for finger 110: 66911482556252535328840536068116357438
id: 66911482556252535328840536068116357438
lower: 66910184482037901621933403444034052414
upper: 210821560651360572675896360671414673172
Result (no wrap): true
2025-05-02 21:40:23 INFO  ChordProtocols:179 - Finger 110 peker n책 til: process4
2025-05-02 21:40:23 INFO  ChordProtocols:173 - Beregner fingerID for finger 111: 66912780630467169035747668692198662462
id: 66912780630467169035747668692198662462
lower: 66910184482037901621933403444034052414
upper: 210821560651360572675896360671414673172
Result (no wrap): true
2025-05-02 21:40:23 INFO  ChordProtocols:179 - Finger 111 peker n책 til: process4
2025-05-02 21:40:23 INFO  ChordProtocols:173 - Beregner fingerID for finger 112: 66915376778896436449561933940363272510
id: 66915376778896436449561933940363272510
lower: 66910184482037901621933403444034052414
upper: 210821560651360572675896360671414673172
Result (no wrap): true
2025-05-02 21:40:23 INFO  ChordProtocols:179 - Finger 112 peker n책 til: process4
2025-05-02 21:40:23 INFO  ChordProtocols:173 - Beregner fingerID for finger 113: 66920569075754971277190464436692492606
id: 66920569075754971277190464436692492606
lower: 66910184482037901621933403444034052414
upper: 210821560651360572675896360671414673172
Result (no wrap): true
2025-05-02 21:40:23 INFO  ChordProtocols:179 - Finger 113 peker n책 til: process4
2025-05-02 21:40:23 INFO  ChordProtocols:173 - Beregner fingerID for finger 114: 66930953669472040932447525429350932798
id: 66930953669472040932447525429350932798
lower: 66910184482037901621933403444034052414
upper: 210821560651360572675896360671414673172
Result (no wrap): true
2025-05-02 21:40:23 INFO  ChordProtocols:179 - Finger 114 peker n책 til: process4
2025-05-02 21:40:23 INFO  ChordProtocols:173 - Beregner fingerID for finger 115: 66951722856906180242961647414667813182
id: 66951722856906180242961647414667813182
lower: 66910184482037901621933403444034052414
upper: 210821560651360572675896360671414673172
Result (no wrap): true
2025-05-02 21:40:23 INFO  ChordProtocols:179 - Finger 115 peker n책 til: process4
2025-05-02 21:40:23 INFO  ChordProtocols:173 - Beregner fingerID for finger 116: 66993261231774458863989891385301573950
id: 66993261231774458863989891385301573950
lower: 66910184482037901621933403444034052414
upper: 210821560651360572675896360671414673172
Result (no wrap): true
2025-05-02 21:40:23 INFO  ChordProtocols:179 - Finger 116 peker n책 til: process4
2025-05-02 21:40:23 INFO  ChordProtocols:173 - Beregner fingerID for finger 117: 67076337981511016106046379326569095486
id: 67076337981511016106046379326569095486
lower: 66910184482037901621933403444034052414
upper: 210821560651360572675896360671414673172
Result (no wrap): true
2025-05-02 21:40:23 INFO  ChordProtocols:179 - Finger 117 peker n책 til: process4
2025-05-02 21:40:23 INFO  ChordProtocols:173 - Beregner fingerID for finger 118: 67242491480984130590159355209104138558
id: 67242491480984130590159355209104138558
lower: 66910184482037901621933403444034052414
upper: 210821560651360572675896360671414673172
Result (no wrap): true
2025-05-02 21:40:23 INFO  ChordProtocols:179 - Finger 118 peker n책 til: process4
2025-05-02 21:40:23 INFO  ChordProtocols:173 - Beregner fingerID for finger 119: 67574798479930359558385306974174224702
id: 67574798479930359558385306974174224702
lower: 66910184482037901621933403444034052414
upper: 210821560651360572675896360671414673172
Result (no wrap): true
2025-05-02 21:40:23 INFO  ChordProtocols:179 - Finger 119 peker n책 til: process4
2025-05-02 21:40:23 INFO  ChordProtocols:173 - Beregner fingerID for finger 120: 68239412477822817494837210504314396990
id: 68239412477822817494837210504314396990
lower: 66910184482037901621933403444034052414
upper: 210821560651360572675896360671414673172
Result (no wrap): true
2025-05-02 21:40:23 INFO  ChordProtocols:179 - Finger 120 peker n책 til: process4
2025-05-02 21:40:23 INFO  ChordProtocols:173 - Beregner fingerID for finger 121: 69568640473607733367741017564594741566
id: 69568640473607733367741017564594741566
lower: 66910184482037901621933403444034052414
upper: 210821560651360572675896360671414673172
Result (no wrap): true
2025-05-02 21:40:23 INFO  ChordProtocols:179 - Finger 121 peker n책 til: process4
2025-05-02 21:40:23 INFO  ChordProtocols:173 - Beregner fingerID for finger 122: 72227096465177565113548631685155430718
id: 72227096465177565113548631685155430718
lower: 66910184482037901621933403444034052414
upper: 210821560651360572675896360671414673172
Result (no wrap): true
2025-05-02 21:40:23 INFO  ChordProtocols:179 - Finger 122 peker n책 til: process4
2025-05-02 21:40:23 INFO  ChordProtocols:173 - Beregner fingerID for finger 123: 77544008448317228605163859926276809022
id: 77544008448317228605163859926276809022
lower: 66910184482037901621933403444034052414
upper: 210821560651360572675896360671414673172
Result (no wrap): true
2025-05-02 21:40:23 INFO  ChordProtocols:179 - Finger 123 peker n책 til: process4
2025-05-02 21:40:23 INFO  ChordProtocols:173 - Beregner fingerID for finger 124: 88177832414596555588394316408519565630
id: 88177832414596555588394316408519565630
lower: 66910184482037901621933403444034052414
upper: 210821560651360572675896360671414673172
Result (no wrap): true
2025-05-02 21:40:23 INFO  ChordProtocols:179 - Finger 124 peker n책 til: process4
2025-05-02 21:40:23 INFO  ChordProtocols:173 - Beregner fingerID for finger 125: 109445480347155209554855229373005078846
id: 109445480347155209554855229373005078846
lower: 66910184482037901621933403444034052414
upper: 210821560651360572675896360671414673172
Result (no wrap): true
2025-05-02 21:40:23 INFO  ChordProtocols:179 - Finger 125 peker n책 til: process4
2025-05-02 21:40:23 INFO  ChordProtocols:173 - Beregner fingerID for finger 126: 151980776212272517487777055301976105278
id: 151980776212272517487777055301976105278
lower: 66910184482037901621933403444034052414
upper: 210821560651360572675896360671414673172
Result (no wrap): true
2025-05-02 21:40:23 INFO  ChordProtocols:179 - Finger 126 peker n책 til: process4
2025-05-02 21:40:23 INFO  ChordProtocols:173 - Beregner fingerID for finger 127: 237051367942507133353620707159918158142
id: 237051367942507133353620707159918158142
lower: 66910184482037901621933403444034052414
upper: 210821560651360572675896360671414673172
Result (no wrap): false
id: 210821560651360572675896360671414673172
lower: 66910184482037901621933403444034052414
upper: 237051367942507133353620707159918158142
Result (no wrap): true
id: 237051367942507133353620707159918158142
lower: 210821560651360572675896360671414673172
upper: 15618062003214643351512781541041391612
Result (wrap): true
2025-05-02 21:40:23 INFO  ChordProtocols:179 - Finger 127 peker n책 til: process2
2025-05-02 21:40:23 INFO  StabilizationProtocols:60 - Checking the predecessor for Node: process3
==================================
Node Identifier = 66910184482037901621933403444034052414
Node IP address = process3
successor(process3) = process4
predecessor(process3) = process3
Current File keys for process3 => []
==================================
2025-05-02 21:40:24 INFO  StabilizationProtocols:130 - Updating the successor for Node: process1
id: 53937554629190552131995290006614509578
lower: 53937554629190552131995290006614509577
upper: 121411138451101288395601026024677976156
Result (no wrap): true
2025-05-02 21:40:24 INFO  StabilizationProtocols:165 - Finished updating the successor for Node: process1
2025-05-02 21:40:24 INFO  StabilizationProtocols:84 - Stabilizing ring from process1...
2025-05-02 21:40:24 INFO  StabilizationProtocols:91 - Stabilize ring: succnode = process5
id: 53937554629190552131995290006614509577
lower: 53937554629190552131995290006614509578
upper: 121411138451101288395601026024677976157
Result (no wrap): false
2025-05-02 21:40:24 INFO  StabilizationProtocols:113 - Finished stabilizing chordring from process1
2025-05-02 21:40:24 INFO  ChordProtocols:159 - Oppdaterer FingerTable for Node: process1
2025-05-02 21:40:24 INFO  ChordProtocols:173 - Beregner fingerID for finger 0: 53937554629190552131995290006614509578
id: 53937554629190552131995290006614509578
lower: 53937554629190552131995290006614509577
upper: 121411138451101288395601026024677976156
Result (no wrap): true
2025-05-02 21:40:24 INFO  ChordProtocols:179 - Finger 0 peker n책 til: process5
2025-05-02 21:40:24 INFO  ChordProtocols:173 - Beregner fingerID for finger 1: 53937554629190552131995290006614509579
id: 53937554629190552131995290006614509579
lower: 53937554629190552131995290006614509577
upper: 121411138451101288395601026024677976156
Result (no wrap): true
2025-05-02 21:40:24 INFO  ChordProtocols:179 - Finger 1 peker n책 til: process5
2025-05-02 21:40:24 INFO  ChordProtocols:173 - Beregner fingerID for finger 2: 53937554629190552131995290006614509581
id: 53937554629190552131995290006614509581
lower: 53937554629190552131995290006614509577
upper: 121411138451101288395601026024677976156
Result (no wrap): true
2025-05-02 21:40:24 INFO  ChordProtocols:179 - Finger 2 peker n책 til: process5
2025-05-02 21:40:24 INFO  ChordProtocols:173 - Beregner fingerID for finger 3: 53937554629190552131995290006614509585
id: 53937554629190552131995290006614509585
lower: 53937554629190552131995290006614509577
upper: 121411138451101288395601026024677976156
Result (no wrap): true
2025-05-02 21:40:24 INFO  ChordProtocols:179 - Finger 3 peker n책 til: process5
2025-05-02 21:40:24 INFO  ChordProtocols:173 - Beregner fingerID for finger 4: 53937554629190552131995290006614509593
id: 53937554629190552131995290006614509593
lower: 53937554629190552131995290006614509577
upper: 121411138451101288395601026024677976156
Result (no wrap): true
2025-05-02 21:40:24 INFO  ChordProtocols:179 - Finger 4 peker n책 til: process5
2025-05-02 21:40:24 INFO  ChordProtocols:173 - Beregner fingerID for finger 5: 53937554629190552131995290006614509609
id: 53937554629190552131995290006614509609
lower: 53937554629190552131995290006614509577
upper: 121411138451101288395601026024677976156
Result (no wrap): true
2025-05-02 21:40:24 INFO  ChordProtocols:179 - Finger 5 peker n책 til: process5
2025-05-02 21:40:24 INFO  ChordProtocols:173 - Beregner fingerID for finger 6: 53937554629190552131995290006614509641
id: 53937554629190552131995290006614509641
lower: 53937554629190552131995290006614509577
upper: 121411138451101288395601026024677976156
Result (no wrap): true
2025-05-02 21:40:24 INFO  ChordProtocols:179 - Finger 6 peker n책 til: process5
2025-05-02 21:40:24 INFO  ChordProtocols:173 - Beregner fingerID for finger 7: 53937554629190552131995290006614509705
id: 53937554629190552131995290006614509705
lower: 53937554629190552131995290006614509577
upper: 121411138451101288395601026024677976156
Result (no wrap): true
2025-05-02 21:40:24 INFO  ChordProtocols:179 - Finger 7 peker n책 til: process5
2025-05-02 21:40:24 INFO  ChordProtocols:173 - Beregner fingerID for finger 8: 53937554629190552131995290006614509833
id: 53937554629190552131995290006614509833
lower: 53937554629190552131995290006614509577
upper: 121411138451101288395601026024677976156
Result (no wrap): true
2025-05-02 21:40:24 INFO  ChordProtocols:179 - Finger 8 peker n책 til: process5
2025-05-02 21:40:24 INFO  ChordProtocols:173 - Beregner fingerID for finger 9: 53937554629190552131995290006614510089
id: 53937554629190552131995290006614510089
lower: 53937554629190552131995290006614509577
upper: 121411138451101288395601026024677976156
Result (no wrap): true
2025-05-02 21:40:24 INFO  ChordProtocols:179 - Finger 9 peker n책 til: process5
2025-05-02 21:40:24 INFO  ChordProtocols:173 - Beregner fingerID for finger 10: 53937554629190552131995290006614510601
id: 53937554629190552131995290006614510601
lower: 53937554629190552131995290006614509577
upper: 121411138451101288395601026024677976156
Result (no wrap): true
2025-05-02 21:40:24 INFO  ChordProtocols:179 - Finger 10 peker n책 til: process5
2025-05-02 21:40:24 INFO  ChordProtocols:173 - Beregner fingerID for finger 11: 53937554629190552131995290006614511625
id: 53937554629190552131995290006614511625
lower: 53937554629190552131995290006614509577
upper: 121411138451101288395601026024677976156
Result (no wrap): true
2025-05-02 21:40:24 INFO  ChordProtocols:179 - Finger 11 peker n책 til: process5
2025-05-02 21:40:24 INFO  ChordProtocols:173 - Beregner fingerID for finger 12: 53937554629190552131995290006614513673
id: 53937554629190552131995290006614513673
lower: 53937554629190552131995290006614509577
upper: 121411138451101288395601026024677976156
Result (no wrap): true
2025-05-02 21:40:24 INFO  ChordProtocols:179 - Finger 12 peker n책 til: process5
2025-05-02 21:40:24 INFO  ChordProtocols:173 - Beregner fingerID for finger 13: 53937554629190552131995290006614517769
id: 53937554629190552131995290006614517769
lower: 53937554629190552131995290006614509577
upper: 121411138451101288395601026024677976156
Result (no wrap): true
2025-05-02 21:40:24 INFO  ChordProtocols:179 - Finger 13 peker n책 til: process5
2025-05-02 21:40:24 INFO  ChordProtocols:173 - Beregner fingerID for finger 14: 53937554629190552131995290006614525961
id: 53937554629190552131995290006614525961
lower: 53937554629190552131995290006614509577
upper: 121411138451101288395601026024677976156
Result (no wrap): true
2025-05-02 21:40:24 INFO  ChordProtocols:179 - Finger 14 peker n책 til: process5
2025-05-02 21:40:24 INFO  ChordProtocols:173 - Beregner fingerID for finger 15: 53937554629190552131995290006614542345
id: 53937554629190552131995290006614542345
lower: 53937554629190552131995290006614509577
upper: 121411138451101288395601026024677976156
Result (no wrap): true
2025-05-02 21:40:24 INFO  ChordProtocols:179 - Finger 15 peker n책 til: process5
2025-05-02 21:40:24 INFO  ChordProtocols:173 - Beregner fingerID for finger 16: 53937554629190552131995290006614575113
id: 53937554629190552131995290006614575113
lower: 53937554629190552131995290006614509577
upper: 121411138451101288395601026024677976156
Result (no wrap): true
2025-05-02 21:40:24 INFO  ChordProtocols:179 - Finger 16 peker n책 til: process5
2025-05-02 21:40:24 INFO  ChordProtocols:173 - Beregner fingerID for finger 17: 53937554629190552131995290006614640649
id: 53937554629190552131995290006614640649
lower: 53937554629190552131995290006614509577
upper: 121411138451101288395601026024677976156
Result (no wrap): true
2025-05-02 21:40:24 INFO  ChordProtocols:179 - Finger 17 peker n책 til: process5
2025-05-02 21:40:24 INFO  ChordProtocols:173 - Beregner fingerID for finger 18: 53937554629190552131995290006614771721
id: 53937554629190552131995290006614771721
lower: 53937554629190552131995290006614509577
upper: 121411138451101288395601026024677976156
Result (no wrap): true
2025-05-02 21:40:24 INFO  ChordProtocols:179 - Finger 18 peker n책 til: process5
2025-05-02 21:40:24 INFO  ChordProtocols:173 - Beregner fingerID for finger 19: 53937554629190552131995290006615033865
id: 53937554629190552131995290006615033865
lower: 53937554629190552131995290006614509577
upper: 121411138451101288395601026024677976156
Result (no wrap): true
2025-05-02 21:40:24 INFO  ChordProtocols:179 - Finger 19 peker n책 til: process5
2025-05-02 21:40:24 INFO  ChordProtocols:173 - Beregner fingerID for finger 20: 53937554629190552131995290006615558153
id: 53937554629190552131995290006615558153
lower: 53937554629190552131995290006614509577
upper: 121411138451101288395601026024677976156
Result (no wrap): true
2025-05-02 21:40:24 INFO  ChordProtocols:179 - Finger 20 peker n책 til: process5
2025-05-02 21:40:24 INFO  ChordProtocols:173 - Beregner fingerID for finger 21: 53937554629190552131995290006616606729
id: 53937554629190552131995290006616606729
lower: 53937554629190552131995290006614509577
upper: 121411138451101288395601026024677976156
Result (no wrap): true
2025-05-02 21:40:24 INFO  ChordProtocols:179 - Finger 21 peker n책 til: process5
2025-05-02 21:40:24 INFO  ChordProtocols:173 - Beregner fingerID for finger 22: 53937554629190552131995290006618703881
id: 53937554629190552131995290006618703881
lower: 53937554629190552131995290006614509577
upper: 121411138451101288395601026024677976156
Result (no wrap): true
2025-05-02 21:40:24 INFO  ChordProtocols:179 - Finger 22 peker n책 til: process5
2025-05-02 21:40:24 INFO  ChordProtocols:173 - Beregner fingerID for finger 23: 53937554629190552131995290006622898185
id: 53937554629190552131995290006622898185
lower: 53937554629190552131995290006614509577
upper: 121411138451101288395601026024677976156
Result (no wrap): true
2025-05-02 21:40:24 INFO  ChordProtocols:179 - Finger 23 peker n책 til: process5
2025-05-02 21:40:24 INFO  ChordProtocols:173 - Beregner fingerID for finger 24: 53937554629190552131995290006631286793
id: 53937554629190552131995290006631286793
lower: 53937554629190552131995290006614509577
upper: 121411138451101288395601026024677976156
Result (no wrap): true
2025-05-02 21:40:24 INFO  ChordProtocols:179 - Finger 24 peker n책 til: process5
2025-05-02 21:40:24 INFO  ChordProtocols:173 - Beregner fingerID for finger 25: 53937554629190552131995290006648064009
id: 53937554629190552131995290006648064009
lower: 53937554629190552131995290006614509577
upper: 121411138451101288395601026024677976156
Result (no wrap): true
2025-05-02 21:40:24 INFO  ChordProtocols:179 - Finger 25 peker n책 til: process5
2025-05-02 21:40:24 INFO  ChordProtocols:173 - Beregner fingerID for finger 26: 53937554629190552131995290006681618441
id: 53937554629190552131995290006681618441
lower: 53937554629190552131995290006614509577
upper: 121411138451101288395601026024677976156
Result (no wrap): true
2025-05-02 21:40:24 INFO  ChordProtocols:179 - Finger 26 peker n책 til: process5
2025-05-02 21:40:24 INFO  ChordProtocols:173 - Beregner fingerID for finger 27: 53937554629190552131995290006748727305
id: 53937554629190552131995290006748727305
lower: 53937554629190552131995290006614509577
upper: 121411138451101288395601026024677976156
Result (no wrap): true
2025-05-02 21:40:24 INFO  ChordProtocols:179 - Finger 27 peker n책 til: process5
2025-05-02 21:40:24 INFO  ChordProtocols:173 - Beregner fingerID for finger 28: 53937554629190552131995290006882945033
id: 53937554629190552131995290006882945033
lower: 53937554629190552131995290006614509577
upper: 121411138451101288395601026024677976156
Result (no wrap): true
2025-05-02 21:40:24 INFO  ChordProtocols:179 - Finger 28 peker n책 til: process5
2025-05-02 21:40:24 INFO  ChordProtocols:173 - Beregner fingerID for finger 29: 53937554629190552131995290007151380489
id: 53937554629190552131995290007151380489
lower: 53937554629190552131995290006614509577
upper: 121411138451101288395601026024677976156
Result (no wrap): true
2025-05-02 21:40:24 INFO  ChordProtocols:179 - Finger 29 peker n책 til: process5
2025-05-02 21:40:24 INFO  ChordProtocols:173 - Beregner fingerID for finger 30: 53937554629190552131995290007688251401
id: 53937554629190552131995290007688251401
lower: 53937554629190552131995290006614509577
upper: 121411138451101288395601026024677976156
Result (no wrap): true
2025-05-02 21:40:24 INFO  ChordProtocols:179 - Finger 30 peker n책 til: process5
2025-05-02 21:40:24 INFO  ChordProtocols:173 - Beregner fingerID for finger 31: 53937554629190552131995290008761993225
id: 53937554629190552131995290008761993225
lower: 53937554629190552131995290006614509577
upper: 121411138451101288395601026024677976156
Result (no wrap): true
2025-05-02 21:40:24 INFO  ChordProtocols:179 - Finger 31 peker n책 til: process5
2025-05-02 21:40:24 INFO  ChordProtocols:173 - Beregner fingerID for finger 32: 53937554629190552131995290010909476873
id: 53937554629190552131995290010909476873
lower: 53937554629190552131995290006614509577
upper: 121411138451101288395601026024677976156
Result (no wrap): true
2025-05-02 21:40:24 INFO  ChordProtocols:179 - Finger 32 peker n책 til: process5
2025-05-02 21:40:24 INFO  ChordProtocols:173 - Beregner fingerID for finger 33: 53937554629190552131995290015204444169
id: 53937554629190552131995290015204444169
lower: 53937554629190552131995290006614509577
upper: 121411138451101288395601026024677976156
Result (no wrap): true
2025-05-02 21:40:24 INFO  ChordProtocols:179 - Finger 33 peker n책 til: process5
2025-05-02 21:40:24 INFO  ChordProtocols:173 - Beregner fingerID for finger 34: 53937554629190552131995290023794378761
id: 53937554629190552131995290023794378761
lower: 53937554629190552131995290006614509577
upper: 121411138451101288395601026024677976156
Result (no wrap): true
2025-05-02 21:40:24 INFO  ChordProtocols:179 - Finger 34 peker n책 til: process5
2025-05-02 21:40:24 INFO  ChordProtocols:173 - Beregner fingerID for finger 35: 53937554629190552131995290040974247945
id: 53937554629190552131995290040974247945
lower: 53937554629190552131995290006614509577
upper: 121411138451101288395601026024677976156
Result (no wrap): true
2025-05-02 21:40:24 INFO  ChordProtocols:179 - Finger 35 peker n책 til: process5
2025-05-02 21:40:24 INFO  ChordProtocols:173 - Beregner fingerID for finger 36: 53937554629190552131995290075333986313
id: 53937554629190552131995290075333986313
lower: 53937554629190552131995290006614509577
upper: 121411138451101288395601026024677976156
Result (no wrap): true
2025-05-02 21:40:24 INFO  ChordProtocols:179 - Finger 36 peker n책 til: process5
2025-05-02 21:40:24 INFO  ChordProtocols:173 - Beregner fingerID for finger 37: 53937554629190552131995290144053463049
id: 53937554629190552131995290144053463049
lower: 53937554629190552131995290006614509577
upper: 121411138451101288395601026024677976156
Result (no wrap): true
2025-05-02 21:40:24 INFO  ChordProtocols:179 - Finger 37 peker n책 til: process5
2025-05-02 21:40:24 INFO  ChordProtocols:173 - Beregner fingerID for finger 38: 53937554629190552131995290281492416521
id: 53937554629190552131995290281492416521
lower: 53937554629190552131995290006614509577
upper: 121411138451101288395601026024677976156
Result (no wrap): true
2025-05-02 21:40:24 INFO  ChordProtocols:179 - Finger 38 peker n책 til: process5
2025-05-02 21:40:24 INFO  ChordProtocols:173 - Beregner fingerID for finger 39: 53937554629190552131995290556370323465
id: 53937554629190552131995290556370323465
lower: 53937554629190552131995290006614509577
upper: 121411138451101288395601026024677976156
Result (no wrap): true
2025-05-02 21:40:24 INFO  ChordProtocols:179 - Finger 39 peker n책 til: process5
2025-05-02 21:40:24 INFO  ChordProtocols:173 - Beregner fingerID for finger 40: 53937554629190552131995291106126137353
id: 53937554629190552131995291106126137353
lower: 53937554629190552131995290006614509577
upper: 121411138451101288395601026024677976156
Result (no wrap): true
2025-05-02 21:40:24 INFO  ChordProtocols:179 - Finger 40 peker n책 til: process5
2025-05-02 21:40:24 INFO  ChordProtocols:173 - Beregner fingerID for finger 41: 53937554629190552131995292205637765129
id: 53937554629190552131995292205637765129
lower: 53937554629190552131995290006614509577
upper: 121411138451101288395601026024677976156
Result (no wrap): true
2025-05-02 21:40:24 INFO  ChordProtocols:179 - Finger 41 peker n책 til: process5
2025-05-02 21:40:24 INFO  ChordProtocols:173 - Beregner fingerID for finger 42: 53937554629190552131995294404661020681
id: 53937554629190552131995294404661020681
lower: 53937554629190552131995290006614509577
upper: 121411138451101288395601026024677976156
Result (no wrap): true
2025-05-02 21:40:24 INFO  ChordProtocols:179 - Finger 42 peker n책 til: process5
2025-05-02 21:40:24 INFO  ChordProtocols:173 - Beregner fingerID for finger 43: 53937554629190552131995298802707531785
id: 53937554629190552131995298802707531785
lower: 53937554629190552131995290006614509577
upper: 121411138451101288395601026024677976156
Result (no wrap): true
2025-05-02 21:40:24 INFO  ChordProtocols:179 - Finger 43 peker n책 til: process5
2025-05-02 21:40:24 INFO  ChordProtocols:173 - Beregner fingerID for finger 44: 53937554629190552131995307598800553993
id: 53937554629190552131995307598800553993
lower: 53937554629190552131995290006614509577
upper: 121411138451101288395601026024677976156
Result (no wrap): true
2025-05-02 21:40:24 INFO  ChordProtocols:179 - Finger 44 peker n책 til: process5
2025-05-02 21:40:24 INFO  ChordProtocols:173 - Beregner fingerID for finger 45: 53937554629190552131995325190986598409
id: 53937554629190552131995325190986598409
lower: 53937554629190552131995290006614509577
upper: 121411138451101288395601026024677976156
Result (no wrap): true
2025-05-02 21:40:24 INFO  ChordProtocols:179 - Finger 45 peker n책 til: process5
2025-05-02 21:40:24 INFO  ChordProtocols:173 - Beregner fingerID for finger 46: 53937554629190552131995360375358687241
id: 53937554629190552131995360375358687241
lower: 53937554629190552131995290006614509577
upper: 121411138451101288395601026024677976156
Result (no wrap): true
2025-05-02 21:40:24 INFO  ChordProtocols:179 - Finger 46 peker n책 til: process5
2025-05-02 21:40:24 INFO  ChordProtocols:173 - Beregner fingerID for finger 47: 53937554629190552131995430744102864905
id: 53937554629190552131995430744102864905
lower: 53937554629190552131995290006614509577
upper: 121411138451101288395601026024677976156
Result (no wrap): true
2025-05-02 21:40:24 INFO  ChordProtocols:179 - Finger 47 peker n책 til: process5
2025-05-02 21:40:24 INFO  ChordProtocols:173 - Beregner fingerID for finger 48: 53937554629190552131995571481591220233
id: 53937554629190552131995571481591220233
lower: 53937554629190552131995290006614509577
upper: 121411138451101288395601026024677976156
Result (no wrap): true
2025-05-02 21:40:24 INFO  ChordProtocols:179 - Finger 48 peker n책 til: process5
2025-05-02 21:40:24 INFO  ChordProtocols:173 - Beregner fingerID for finger 49: 53937554629190552131995852956567930889
id: 53937554629190552131995852956567930889
lower: 53937554629190552131995290006614509577
upper: 121411138451101288395601026024677976156
Result (no wrap): true
2025-05-02 21:40:24 INFO  ChordProtocols:179 - Finger 49 peker n책 til: process5
2025-05-02 21:40:24 INFO  ChordProtocols:173 - Beregner fingerID for finger 50: 53937554629190552131996415906521352201
id: 53937554629190552131996415906521352201
lower: 53937554629190552131995290006614509577
upper: 121411138451101288395601026024677976156
Result (no wrap): true
2025-05-02 21:40:24 INFO  ChordProtocols:179 - Finger 50 peker n책 til: process5
2025-05-02 21:40:24 INFO  ChordProtocols:173 - Beregner fingerID for finger 51: 53937554629190552131997541806428194825
id: 53937554629190552131997541806428194825
lower: 53937554629190552131995290006614509577
upper: 121411138451101288395601026024677976156
Result (no wrap): true
2025-05-02 21:40:24 INFO  ChordProtocols:179 - Finger 51 peker n책 til: process5
2025-05-02 21:40:24 INFO  ChordProtocols:173 - Beregner fingerID for finger 52: 53937554629190552131999793606241880073
id: 53937554629190552131999793606241880073
lower: 53937554629190552131995290006614509577
upper: 121411138451101288395601026024677976156
Result (no wrap): true
2025-05-02 21:40:24 INFO  ChordProtocols:179 - Finger 52 peker n책 til: process5
2025-05-02 21:40:24 INFO  ChordProtocols:173 - Beregner fingerID for finger 53: 53937554629190552132004297205869250569
id: 53937554629190552132004297205869250569
lower: 53937554629190552131995290006614509577
upper: 121411138451101288395601026024677976156
Result (no wrap): true
2025-05-02 21:40:24 INFO  ChordProtocols:179 - Finger 53 peker n책 til: process5
2025-05-02 21:40:24 INFO  ChordProtocols:173 - Beregner fingerID for finger 54: 53937554629190552132013304405123991561
id: 53937554629190552132013304405123991561
lower: 53937554629190552131995290006614509577
upper: 121411138451101288395601026024677976156
Result (no wrap): true
2025-05-02 21:40:24 INFO  ChordProtocols:179 - Finger 54 peker n책 til: process5
2025-05-02 21:40:24 INFO  ChordProtocols:173 - Beregner fingerID for finger 55: 53937554629190552132031318803633473545
id: 53937554629190552132031318803633473545
lower: 53937554629190552131995290006614509577
upper: 121411138451101288395601026024677976156
Result (no wrap): true
2025-05-02 21:40:24 INFO  ChordProtocols:179 - Finger 55 peker n책 til: process5
2025-05-02 21:40:24 INFO  ChordProtocols:173 - Beregner fingerID for finger 56: 53937554629190552132067347600652437513
id: 53937554629190552132067347600652437513
lower: 53937554629190552131995290006614509577
upper: 121411138451101288395601026024677976156
Result (no wrap): true
2025-05-02 21:40:24 INFO  ChordProtocols:179 - Finger 56 peker n책 til: process5
2025-05-02 21:40:24 INFO  ChordProtocols:173 - Beregner fingerID for finger 57: 53937554629190552132139405194690365449
id: 53937554629190552132139405194690365449
lower: 53937554629190552131995290006614509577
upper: 121411138451101288395601026024677976156
Result (no wrap): true
2025-05-02 21:40:24 INFO  ChordProtocols:179 - Finger 57 peker n책 til: process5
2025-05-02 21:40:24 INFO  ChordProtocols:173 - Beregner fingerID for finger 58: 53937554629190552132283520382766221321
id: 53937554629190552132283520382766221321
lower: 53937554629190552131995290006614509577
upper: 121411138451101288395601026024677976156
Result (no wrap): true
2025-05-02 21:40:24 INFO  ChordProtocols:179 - Finger 58 peker n책 til: process5
2025-05-02 21:40:24 INFO  ChordProtocols:173 - Beregner fingerID for finger 59: 53937554629190552132571750758917933065
id: 53937554629190552132571750758917933065
lower: 53937554629190552131995290006614509577
upper: 121411138451101288395601026024677976156
Result (no wrap): true
2025-05-02 21:40:24 INFO  ChordProtocols:179 - Finger 59 peker n책 til: process5
2025-05-02 21:40:24 INFO  ChordProtocols:173 - Beregner fingerID for finger 60: 53937554629190552133148211511221356553
id: 53937554629190552133148211511221356553
lower: 53937554629190552131995290006614509577
upper: 121411138451101288395601026024677976156
Result (no wrap): true
2025-05-02 21:40:24 INFO  ChordProtocols:179 - Finger 60 peker n책 til: process5
2025-05-02 21:40:24 INFO  ChordProtocols:173 - Beregner fingerID for finger 61: 53937554629190552134301133015828203529
id: 53937554629190552134301133015828203529
lower: 53937554629190552131995290006614509577
upper: 121411138451101288395601026024677976156
Result (no wrap): true
2025-05-02 21:40:24 INFO  ChordProtocols:179 - Finger 61 peker n책 til: process5
2025-05-02 21:40:24 INFO  ChordProtocols:173 - Beregner fingerID for finger 62: 53937554629190552136606976025041897481
id: 53937554629190552136606976025041897481
lower: 53937554629190552131995290006614509577
upper: 121411138451101288395601026024677976156
Result (no wrap): true
2025-05-02 21:40:24 INFO  ChordProtocols:179 - Finger 62 peker n책 til: process5
2025-05-02 21:40:24 INFO  ChordProtocols:173 - Beregner fingerID for finger 63: 53937554629190552141218662043469285385
id: 53937554629190552141218662043469285385
lower: 53937554629190552131995290006614509577
upper: 121411138451101288395601026024677976156
Result (no wrap): true
2025-05-02 21:40:24 INFO  ChordProtocols:179 - Finger 63 peker n책 til: process5
2025-05-02 21:40:24 INFO  ChordProtocols:173 - Beregner fingerID for finger 64: 53937554629190552150442034080324061193
id: 53937554629190552150442034080324061193
lower: 53937554629190552131995290006614509577
upper: 121411138451101288395601026024677976156
Result (no wrap): true
2025-05-02 21:40:24 INFO  ChordProtocols:179 - Finger 64 peker n책 til: process5
2025-05-02 21:40:24 INFO  ChordProtocols:173 - Beregner fingerID for finger 65: 53937554629190552168888778154033612809
id: 53937554629190552168888778154033612809
lower: 53937554629190552131995290006614509577
upper: 121411138451101288395601026024677976156
Result (no wrap): true
2025-05-02 21:40:24 INFO  ChordProtocols:179 - Finger 65 peker n책 til: process5
2025-05-02 21:40:24 INFO  ChordProtocols:173 - Beregner fingerID for finger 66: 53937554629190552205782266301452716041
id: 53937554629190552205782266301452716041
lower: 53937554629190552131995290006614509577
upper: 121411138451101288395601026024677976156
Result (no wrap): true
2025-05-02 21:40:24 INFO  ChordProtocols:179 - Finger 66 peker n책 til: process5
2025-05-02 21:40:24 INFO  ChordProtocols:173 - Beregner fingerID for finger 67: 53937554629190552279569242596290922505
id: 53937554629190552279569242596290922505
lower: 53937554629190552131995290006614509577
upper: 121411138451101288395601026024677976156
Result (no wrap): true
2025-05-02 21:40:24 INFO  ChordProtocols:179 - Finger 67 peker n책 til: process5
2025-05-02 21:40:24 INFO  ChordProtocols:173 - Beregner fingerID for finger 68: 53937554629190552427143195185967335433
id: 53937554629190552427143195185967335433
lower: 53937554629190552131995290006614509577
upper: 121411138451101288395601026024677976156
Result (no wrap): true
2025-05-02 21:40:24 INFO  ChordProtocols:179 - Finger 68 peker n책 til: process5
2025-05-02 21:40:24 INFO  ChordProtocols:173 - Beregner fingerID for finger 69: 53937554629190552722291100365320161289
id: 53937554629190552722291100365320161289
lower: 53937554629190552131995290006614509577
upper: 121411138451101288395601026024677976156
Result (no wrap): true
2025-05-02 21:40:24 INFO  ChordProtocols:179 - Finger 69 peker n책 til: process5
2025-05-02 21:40:24 INFO  ChordProtocols:173 - Beregner fingerID for finger 70: 53937554629190553312586910724025813001
id: 53937554629190553312586910724025813001
lower: 53937554629190552131995290006614509577
upper: 121411138451101288395601026024677976156
Result (no wrap): true
2025-05-02 21:40:24 INFO  ChordProtocols:179 - Finger 70 peker n책 til: process5
2025-05-02 21:40:24 INFO  ChordProtocols:173 - Beregner fingerID for finger 71: 53937554629190554493178531441437116425
id: 53937554629190554493178531441437116425
lower: 53937554629190552131995290006614509577
upper: 121411138451101288395601026024677976156
Result (no wrap): true
2025-05-02 21:40:24 INFO  ChordProtocols:179 - Finger 71 peker n책 til: process5
2025-05-02 21:40:24 INFO  ChordProtocols:173 - Beregner fingerID for finger 72: 53937554629190556854361772876259723273
id: 53937554629190556854361772876259723273
lower: 53937554629190552131995290006614509577
upper: 121411138451101288395601026024677976156
Result (no wrap): true
2025-05-02 21:40:24 INFO  ChordProtocols:179 - Finger 72 peker n책 til: process5
2025-05-02 21:40:24 INFO  ChordProtocols:173 - Beregner fingerID for finger 73: 53937554629190561576728255745904936969
id: 53937554629190561576728255745904936969
lower: 53937554629190552131995290006614509577
upper: 121411138451101288395601026024677976156
Result (no wrap): true
2025-05-02 21:40:24 INFO  ChordProtocols:179 - Finger 73 peker n책 til: process5
2025-05-02 21:40:24 INFO  ChordProtocols:173 - Beregner fingerID for finger 74: 53937554629190571021461221485195364361
id: 53937554629190571021461221485195364361
lower: 53937554629190552131995290006614509577
upper: 121411138451101288395601026024677976156
Result (no wrap): true
2025-05-02 21:40:24 INFO  ChordProtocols:179 - Finger 74 peker n책 til: process5
2025-05-02 21:40:24 INFO  ChordProtocols:173 - Beregner fingerID for finger 75: 53937554629190589910927152963776219145
id: 53937554629190589910927152963776219145
lower: 53937554629190552131995290006614509577
upper: 121411138451101288395601026024677976156
Result (no wrap): true
2025-05-02 21:40:24 INFO  ChordProtocols:179 - Finger 75 peker n책 til: process5
2025-05-02 21:40:24 INFO  ChordProtocols:173 - Beregner fingerID for finger 76: 53937554629190627689859015920937928713
id: 53937554629190627689859015920937928713
lower: 53937554629190552131995290006614509577
upper: 121411138451101288395601026024677976156
Result (no wrap): true
2025-05-02 21:40:24 INFO  ChordProtocols:179 - Finger 76 peker n책 til: process5
2025-05-02 21:40:24 INFO  ChordProtocols:173 - Beregner fingerID for finger 77: 53937554629190703247722741835261347849
id: 53937554629190703247722741835261347849
lower: 53937554629190552131995290006614509577
upper: 121411138451101288395601026024677976156
Result (no wrap): true
2025-05-02 21:40:24 INFO  ChordProtocols:179 - Finger 77 peker n책 til: process5
2025-05-02 21:40:24 INFO  ChordProtocols:173 - Beregner fingerID for finger 78: 53937554629190854363450193663908186121
id: 53937554629190854363450193663908186121
lower: 53937554629190552131995290006614509577
upper: 121411138451101288395601026024677976156
Result (no wrap): true
2025-05-02 21:40:24 INFO  ChordProtocols:179 - Finger 78 peker n책 til: process5
2025-05-02 21:40:24 INFO  ChordProtocols:173 - Beregner fingerID for finger 79: 53937554629191156594905097321201862665
id: 53937554629191156594905097321201862665
lower: 53937554629190552131995290006614509577
upper: 121411138451101288395601026024677976156
Result (no wrap): true
2025-05-02 21:40:24 INFO  ChordProtocols:179 - Finger 79 peker n책 til: process5
2025-05-02 21:40:24 INFO  ChordProtocols:173 - Beregner fingerID for finger 80: 53937554629191761057814904635789215753
id: 53937554629191761057814904635789215753
lower: 53937554629190552131995290006614509577
upper: 121411138451101288395601026024677976156
Result (no wrap): true
2025-05-02 21:40:24 INFO  ChordProtocols:179 - Finger 80 peker n책 til: process5
2025-05-02 21:40:24 INFO  ChordProtocols:173 - Beregner fingerID for finger 81: 53937554629192969983634519264963921929
id: 53937554629192969983634519264963921929
lower: 53937554629190552131995290006614509577
upper: 121411138451101288395601026024677976156
Result (no wrap): true
2025-05-02 21:40:24 INFO  ChordProtocols:179 - Finger 81 peker n책 til: process5
2025-05-02 21:40:24 INFO  ChordProtocols:173 - Beregner fingerID for finger 82: 53937554629195387835273748523313334281
id: 53937554629195387835273748523313334281
lower: 53937554629190552131995290006614509577
upper: 121411138451101288395601026024677976156
Result (no wrap): true
2025-05-02 21:40:24 INFO  ChordProtocols:179 - Finger 82 peker n책 til: process5
2025-05-02 21:40:24 INFO  ChordProtocols:173 - Beregner fingerID for finger 83: 53937554629200223538552207040012158985
id: 53937554629200223538552207040012158985
lower: 53937554629190552131995290006614509577
upper: 121411138451101288395601026024677976156
Result (no wrap): true
2025-05-02 21:40:24 INFO  ChordProtocols:179 - Finger 83 peker n책 til: process5
2025-05-02 21:40:24 INFO  ChordProtocols:173 - Beregner fingerID for finger 84: 53937554629209894945109124073409808393
id: 53937554629209894945109124073409808393
lower: 53937554629190552131995290006614509577
upper: 121411138451101288395601026024677976156
Result (no wrap): true
2025-05-02 21:40:24 INFO  ChordProtocols:179 - Finger 84 peker n책 til: process5
2025-05-02 21:40:24 INFO  ChordProtocols:173 - Beregner fingerID for finger 85: 53937554629229237758222958140205107209
id: 53937554629229237758222958140205107209
lower: 53937554629190552131995290006614509577
upper: 121411138451101288395601026024677976156
Result (no wrap): true
2025-05-02 21:40:24 INFO  ChordProtocols:179 - Finger 85 peker n책 til: process5
2025-05-02 21:40:24 INFO  ChordProtocols:173 - Beregner fingerID for finger 86: 53937554629267923384450626273795704841
id: 53937554629267923384450626273795704841
lower: 53937554629190552131995290006614509577
upper: 121411138451101288395601026024677976156
Result (no wrap): true
2025-05-02 21:40:24 INFO  ChordProtocols:179 - Finger 86 peker n책 til: process5
2025-05-02 21:40:24 INFO  ChordProtocols:173 - Beregner fingerID for finger 87: 53937554629345294636905962540976900105
id: 53937554629345294636905962540976900105
lower: 53937554629190552131995290006614509577
upper: 121411138451101288395601026024677976156
Result (no wrap): true
2025-05-02 21:40:24 INFO  ChordProtocols:179 - Finger 87 peker n책 til: process5
2025-05-02 21:40:24 INFO  ChordProtocols:173 - Beregner fingerID for finger 88: 53937554629500037141816635075339290633
id: 53937554629500037141816635075339290633
lower: 53937554629190552131995290006614509577
upper: 121411138451101288395601026024677976156
Result (no wrap): true
2025-05-02 21:40:24 INFO  ChordProtocols:179 - Finger 88 peker n책 til: process5
2025-05-02 21:40:24 INFO  ChordProtocols:173 - Beregner fingerID for finger 89: 53937554629809522151637980144064071689
id: 53937554629809522151637980144064071689
lower: 53937554629190552131995290006614509577
upper: 121411138451101288395601026024677976156
Result (no wrap): true
2025-05-02 21:40:24 INFO  ChordProtocols:179 - Finger 89 peker n책 til: process5
2025-05-02 21:40:24 INFO  ChordProtocols:173 - Beregner fingerID for finger 90: 53937554630428492171280670281513633801
id: 53937554630428492171280670281513633801
lower: 53937554629190552131995290006614509577
upper: 121411138451101288395601026024677976156
Result (no wrap): true
2025-05-02 21:40:24 INFO  ChordProtocols:179 - Finger 90 peker n책 til: process5
2025-05-02 21:40:24 INFO  ChordProtocols:173 - Beregner fingerID for finger 91: 53937554631666432210566050556412758025
id: 53937554631666432210566050556412758025
lower: 53937554629190552131995290006614509577
upper: 121411138451101288395601026024677976156
Result (no wrap): true
2025-05-02 21:40:24 INFO  ChordProtocols:179 - Finger 91 peker n책 til: process5
2025-05-02 21:40:24 INFO  ChordProtocols:173 - Beregner fingerID for finger 92: 53937554634142312289136811106211006473
id: 53937554634142312289136811106211006473
lower: 53937554629190552131995290006614509577
upper: 121411138451101288395601026024677976156
Result (no wrap): true
2025-05-02 21:40:24 INFO  ChordProtocols:179 - Finger 92 peker n책 til: process5
2025-05-02 21:40:24 INFO  ChordProtocols:173 - Beregner fingerID for finger 93: 53937554639094072446278332205807503369
id: 53937554639094072446278332205807503369
lower: 53937554629190552131995290006614509577
upper: 121411138451101288395601026024677976156
Result (no wrap): true
2025-05-02 21:40:24 INFO  ChordProtocols:179 - Finger 93 peker n책 til: process5
2025-05-02 21:40:24 INFO  ChordProtocols:173 - Beregner fingerID for finger 94: 53937554648997592760561374405000497161
id: 53937554648997592760561374405000497161
lower: 53937554629190552131995290006614509577
upper: 121411138451101288395601026024677976156
Result (no wrap): true
2025-05-02 21:40:24 INFO  ChordProtocols:179 - Finger 94 peker n책 til: process5
2025-05-02 21:40:24 INFO  ChordProtocols:173 - Beregner fingerID for finger 95: 53937554668804633389127458803386484745
id: 53937554668804633389127458803386484745
lower: 53937554629190552131995290006614509577
upper: 121411138451101288395601026024677976156
Result (no wrap): true
2025-05-02 21:40:24 INFO  ChordProtocols:179 - Finger 95 peker n책 til: process5
2025-05-02 21:40:24 INFO  ChordProtocols:173 - Beregner fingerID for finger 96: 53937554708418714646259627600158459913
id: 53937554708418714646259627600158459913
lower: 53937554629190552131995290006614509577
upper: 121411138451101288395601026024677976156
Result (no wrap): true
2025-05-02 21:40:24 INFO  ChordProtocols:179 - Finger 96 peker n책 til: process5
2025-05-02 21:40:24 INFO  ChordProtocols:173 - Beregner fingerID for finger 97: 53937554787646877160523965193702410249
id: 53937554787646877160523965193702410249
lower: 53937554629190552131995290006614509577
upper: 121411138451101288395601026024677976156
Result (no wrap): true
2025-05-02 21:40:24 INFO  ChordProtocols:179 - Finger 97 peker n책 til: process5
2025-05-02 21:40:24 INFO  ChordProtocols:173 - Beregner fingerID for finger 98: 53937554946103202189052640380790310921
id: 53937554946103202189052640380790310921
lower: 53937554629190552131995290006614509577
upper: 121411138451101288395601026024677976156
Result (no wrap): true
2025-05-02 21:40:24 INFO  ChordProtocols:179 - Finger 98 peker n책 til: process5
2025-05-02 21:40:24 INFO  ChordProtocols:173 - Beregner fingerID for finger 99: 53937555263015852246109990754966112265
id: 53937555263015852246109990754966112265
lower: 53937554629190552131995290006614509577
upper: 121411138451101288395601026024677976156
Result (no wrap): true
2025-05-02 21:40:24 INFO  ChordProtocols:179 - Finger 99 peker n책 til: process5
2025-05-02 21:40:24 INFO  ChordProtocols:173 - Beregner fingerID for finger 100: 53937555896841152360224691503317714953
id: 53937555896841152360224691503317714953
lower: 53937554629190552131995290006614509577
upper: 121411138451101288395601026024677976156
Result (no wrap): true
2025-05-02 21:40:24 INFO  ChordProtocols:179 - Finger 100 peker n책 til: process5
2025-05-02 21:40:24 INFO  ChordProtocols:173 - Beregner fingerID for finger 101: 53937557164491752588454093000020920329
id: 53937557164491752588454093000020920329
lower: 53937554629190552131995290006614509577
upper: 121411138451101288395601026024677976156
Result (no wrap): true
2025-05-02 21:40:24 INFO  ChordProtocols:179 - Finger 101 peker n책 til: process5
2025-05-02 21:40:24 INFO  ChordProtocols:173 - Beregner fingerID for finger 102: 53937559699792953044912895993427331081
id: 53937559699792953044912895993427331081
lower: 53937554629190552131995290006614509577
upper: 121411138451101288395601026024677976156
Result (no wrap): true
2025-05-02 21:40:24 INFO  ChordProtocols:179 - Finger 102 peker n책 til: process5
2025-05-02 21:40:24 INFO  ChordProtocols:173 - Beregner fingerID for finger 103: 53937564770395353957830501980240152585
id: 53937564770395353957830501980240152585
lower: 53937554629190552131995290006614509577
upper: 121411138451101288395601026024677976156
Result (no wrap): true
2025-05-02 21:40:24 INFO  ChordProtocols:179 - Finger 103 peker n책 til: process5
2025-05-02 21:40:24 INFO  ChordProtocols:173 - Beregner fingerID for finger 104: 53937574911600155783665713953865795593
id: 53937574911600155783665713953865795593
lower: 53937554629190552131995290006614509577
upper: 121411138451101288395601026024677976156
Result (no wrap): true
2025-05-02 21:40:24 INFO  ChordProtocols:179 - Finger 104 peker n책 til: process5
2025-05-02 21:40:24 INFO  ChordProtocols:173 - Beregner fingerID for finger 105: 53937595194009759435336137901117081609
id: 53937595194009759435336137901117081609
lower: 53937554629190552131995290006614509577
upper: 121411138451101288395601026024677976156
Result (no wrap): true
2025-05-02 21:40:24 INFO  ChordProtocols:179 - Finger 105 peker n책 til: process5
2025-05-02 21:40:24 INFO  ChordProtocols:173 - Beregner fingerID for finger 106: 53937635758828966738676985795619653641
id: 53937635758828966738676985795619653641
lower: 53937554629190552131995290006614509577
upper: 121411138451101288395601026024677976156
Result (no wrap): true
2025-05-02 21:40:24 INFO  ChordProtocols:179 - Finger 106 peker n책 til: process5
2025-05-02 21:40:24 INFO  ChordProtocols:173 - Beregner fingerID for finger 107: 53937716888467381345358681584624797705
id: 53937716888467381345358681584624797705
lower: 53937554629190552131995290006614509577
upper: 121411138451101288395601026024677976156
Result (no wrap): true
2025-05-02 21:40:24 INFO  ChordProtocols:179 - Finger 107 peker n책 til: process5
2025-05-02 21:40:24 INFO  ChordProtocols:173 - Beregner fingerID for finger 108: 53937879147744210558722073162635085833
id: 53937879147744210558722073162635085833
lower: 53937554629190552131995290006614509577
upper: 121411138451101288395601026024677976156
Result (no wrap): true
2025-05-02 21:40:24 INFO  ChordProtocols:179 - Finger 108 peker n책 til: process5
2025-05-02 21:40:24 INFO  ChordProtocols:173 - Beregner fingerID for finger 109: 53938203666297868985448856318655662089
id: 53938203666297868985448856318655662089
lower: 53937554629190552131995290006614509577
upper: 121411138451101288395601026024677976156
Result (no wrap): true
2025-05-02 21:40:24 INFO  ChordProtocols:179 - Finger 109 peker n책 til: process5
2025-05-02 21:40:24 INFO  ChordProtocols:173 - Beregner fingerID for finger 110: 53938852703405185838902422630696814601
id: 53938852703405185838902422630696814601
lower: 53937554629190552131995290006614509577
upper: 121411138451101288395601026024677976156
Result (no wrap): true
2025-05-02 21:40:24 INFO  ChordProtocols:179 - Finger 110 peker n책 til: process5
2025-05-02 21:40:24 INFO  ChordProtocols:173 - Beregner fingerID for finger 111: 53940150777619819545809555254779119625
id: 53940150777619819545809555254779119625
lower: 53937554629190552131995290006614509577
upper: 121411138451101288395601026024677976156
Result (no wrap): true
2025-05-02 21:40:24 INFO  ChordProtocols:179 - Finger 111 peker n책 til: process5
2025-05-02 21:40:24 INFO  ChordProtocols:173 - Beregner fingerID for finger 112: 53942746926049086959623820502943729673
id: 53942746926049086959623820502943729673
lower: 53937554629190552131995290006614509577
upper: 121411138451101288395601026024677976156
Result (no wrap): true
2025-05-02 21:40:24 INFO  ChordProtocols:179 - Finger 112 peker n책 til: process5
2025-05-02 21:40:24 INFO  ChordProtocols:173 - Beregner fingerID for finger 113: 53947939222907621787252350999272949769
id: 53947939222907621787252350999272949769
lower: 53937554629190552131995290006614509577
upper: 121411138451101288395601026024677976156
Result (no wrap): true
2025-05-02 21:40:24 INFO  ChordProtocols:179 - Finger 113 peker n책 til: process5
2025-05-02 21:40:24 INFO  ChordProtocols:173 - Beregner fingerID for finger 114: 53958323816624691442509411991931389961
id: 53958323816624691442509411991931389961
lower: 53937554629190552131995290006614509577
upper: 121411138451101288395601026024677976156
Result (no wrap): true
2025-05-02 21:40:24 INFO  ChordProtocols:179 - Finger 114 peker n책 til: process5
2025-05-02 21:40:24 INFO  ChordProtocols:173 - Beregner fingerID for finger 115: 53979093004058830753023533977248270345
id: 53979093004058830753023533977248270345
lower: 53937554629190552131995290006614509577
upper: 121411138451101288395601026024677976156
Result (no wrap): true
2025-05-02 21:40:24 INFO  ChordProtocols:179 - Finger 115 peker n책 til: process5
2025-05-02 21:40:24 INFO  ChordProtocols:173 - Beregner fingerID for finger 116: 54020631378927109374051777947882031113
id: 54020631378927109374051777947882031113
lower: 53937554629190552131995290006614509577
upper: 121411138451101288395601026024677976156
Result (no wrap): true
2025-05-02 21:40:24 INFO  ChordProtocols:179 - Finger 116 peker n책 til: process5
2025-05-02 21:40:24 INFO  ChordProtocols:173 - Beregner fingerID for finger 117: 54103708128663666616108265889149552649
id: 54103708128663666616108265889149552649
lower: 53937554629190552131995290006614509577
upper: 121411138451101288395601026024677976156
Result (no wrap): true
2025-05-02 21:40:24 INFO  ChordProtocols:179 - Finger 117 peker n책 til: process5
2025-05-02 21:40:24 INFO  ChordProtocols:173 - Beregner fingerID for finger 118: 54269861628136781100221241771684595721
id: 54269861628136781100221241771684595721
lower: 53937554629190552131995290006614509577
upper: 121411138451101288395601026024677976156
Result (no wrap): true
2025-05-02 21:40:24 INFO  ChordProtocols:179 - Finger 118 peker n책 til: process5
2025-05-02 21:40:24 INFO  ChordProtocols:173 - Beregner fingerID for finger 119: 54602168627083010068447193536754681865
id: 54602168627083010068447193536754681865
lower: 53937554629190552131995290006614509577
upper: 121411138451101288395601026024677976156
Result (no wrap): true
2025-05-02 21:40:24 INFO  ChordProtocols:179 - Finger 119 peker n책 til: process5
2025-05-02 21:40:24 INFO  ChordProtocols:173 - Beregner fingerID for finger 120: 55266782624975468004899097066894854153
id: 55266782624975468004899097066894854153
lower: 53937554629190552131995290006614509577
upper: 121411138451101288395601026024677976156
Result (no wrap): true
2025-05-02 21:40:24 INFO  ChordProtocols:179 - Finger 120 peker n책 til: process5
2025-05-02 21:40:24 INFO  ChordProtocols:173 - Beregner fingerID for finger 121: 56596010620760383877802904127175198729
id: 56596010620760383877802904127175198729
lower: 53937554629190552131995290006614509577
upper: 121411138451101288395601026024677976156
Result (no wrap): true
2025-05-02 21:40:24 INFO  ChordProtocols:179 - Finger 121 peker n책 til: process5
2025-05-02 21:40:24 INFO  ChordProtocols:173 - Beregner fingerID for finger 122: 59254466612330215623610518247735887881
id: 59254466612330215623610518247735887881
lower: 53937554629190552131995290006614509577
upper: 121411138451101288395601026024677976156
Result (no wrap): true
2025-05-02 21:40:24 INFO  ChordProtocols:179 - Finger 122 peker n책 til: process5
2025-05-02 21:40:24 INFO  ChordProtocols:173 - Beregner fingerID for finger 123: 64571378595469879115225746488857266185
id: 64571378595469879115225746488857266185
lower: 53937554629190552131995290006614509577
upper: 121411138451101288395601026024677976156
Result (no wrap): true
2025-05-02 21:40:24 INFO  ChordProtocols:179 - Finger 123 peker n책 til: process5
2025-05-02 21:40:24 INFO  ChordProtocols:173 - Beregner fingerID for finger 124: 75205202561749206098456202971100022793
id: 75205202561749206098456202971100022793
lower: 53937554629190552131995290006614509577
upper: 121411138451101288395601026024677976156
Result (no wrap): true
2025-05-02 21:40:24 INFO  ChordProtocols:179 - Finger 124 peker n책 til: process5
2025-05-02 21:40:24 INFO  ChordProtocols:173 - Beregner fingerID for finger 125: 96472850494307860064917115935585536009
id: 96472850494307860064917115935585536009
lower: 53937554629190552131995290006614509577
upper: 121411138451101288395601026024677976156
Result (no wrap): true
2025-05-02 21:40:24 INFO  ChordProtocols:179 - Finger 125 peker n책 til: process5
2025-05-02 21:40:24 INFO  ChordProtocols:173 - Beregner fingerID for finger 126: 139008146359425167997838941864556562441
id: 139008146359425167997838941864556562441
lower: 53937554629190552131995290006614509577
upper: 121411138451101288395601026024677976156
Result (no wrap): false
id: 121411138451101288395601026024677976156
lower: 53937554629190552131995290006614509577
upper: 139008146359425167997838941864556562441
Result (no wrap): true
id: 139008146359425167997838941864556562441
lower: 121411138451101288395601026024677976156
upper: 210821560651360572675896360671414673172
Result (no wrap): true
2025-05-02 21:40:24 INFO  ChordProtocols:179 - Finger 126 peker n책 til: process4
2025-05-02 21:40:24 INFO  ChordProtocols:173 - Beregner fingerID for finger 127: 224078738089659783863682593722498615305
id: 224078738089659783863682593722498615305
lower: 53937554629190552131995290006614509577
upper: 121411138451101288395601026024677976156
Result (no wrap): false
id: 210821560651360572675896360671414673172
lower: 53937554629190552131995290006614509577
upper: 224078738089659783863682593722498615305
Result (no wrap): true
id: 224078738089659783863682593722498615305
lower: 210821560651360572675896360671414673172
upper: 15618062003214643351512781541041391612
Result (wrap): true
2025-05-02 21:40:24 INFO  ChordProtocols:179 - Finger 127 peker n책 til: process2
2025-05-02 21:40:24 INFO  StabilizationProtocols:60 - Checking the predecessor for Node: process1
==================================
Node Identifier = 53937554629190552131995290006614509577
Node IP address = process1
successor(process1) = process5
predecessor(process1) = process2
Current File keys for process1 => []
==================================
2025-05-02 21:40:24 INFO  StabilizationProtocols:130 - Updating the successor for Node: process2
id: 15618062003214643351512781541041391613
lower: 15618062003214643351512781541041391612
upper: 53937554629190552131995290006614509577
Result (no wrap): true
2025-05-02 21:40:24 INFO  StabilizationProtocols:84 - Stabilizing ring from process2...
2025-05-02 21:40:24 INFO  StabilizationProtocols:91 - Stabilize ring: succnode = process1
id: 15618062003214643351512781541041391612
lower: 15618062003214643351512781541041391613
upper: 53937554629190552131995290006614509578
Result (no wrap): false
2025-05-02 21:40:24 INFO  StabilizationProtocols:113 - Finished stabilizing chordring from process2
2025-05-02 21:40:24 INFO  ChordProtocols:159 - Oppdaterer FingerTable for Node: process2
2025-05-02 21:40:24 INFO  ChordProtocols:173 - Beregner fingerID for finger 0: 15618062003214643351512781541041391613
id: 15618062003214643351512781541041391613
lower: 15618062003214643351512781541041391612
upper: 53937554629190552131995290006614509577
Result (no wrap): true
2025-05-02 21:40:24 INFO  ChordProtocols:179 - Finger 0 peker n책 til: process1
2025-05-02 21:40:24 INFO  ChordProtocols:173 - Beregner fingerID for finger 1: 15618062003214643351512781541041391614
id: 15618062003214643351512781541041391614
lower: 15618062003214643351512781541041391612
upper: 53937554629190552131995290006614509577
Result (no wrap): true
2025-05-02 21:40:24 INFO  ChordProtocols:179 - Finger 1 peker n책 til: process1
2025-05-02 21:40:24 INFO  ChordProtocols:173 - Beregner fingerID for finger 2: 15618062003214643351512781541041391616
id: 15618062003214643351512781541041391616
lower: 15618062003214643351512781541041391612
upper: 53937554629190552131995290006614509577
Result (no wrap): true
2025-05-02 21:40:24 INFO  ChordProtocols:179 - Finger 2 peker n책 til: process1
2025-05-02 21:40:24 INFO  ChordProtocols:173 - Beregner fingerID for finger 3: 15618062003214643351512781541041391620
id: 15618062003214643351512781541041391620
lower: 15618062003214643351512781541041391612
upper: 53937554629190552131995290006614509577
Result (no wrap): true
2025-05-02 21:40:24 INFO  ChordProtocols:179 - Finger 3 peker n책 til: process1
2025-05-02 21:40:24 INFO  ChordProtocols:173 - Beregner fingerID for finger 4: 15618062003214643351512781541041391628
id: 15618062003214643351512781541041391628
lower: 15618062003214643351512781541041391612
upper: 53937554629190552131995290006614509577
Result (no wrap): true
2025-05-02 21:40:24 INFO  ChordProtocols:179 - Finger 4 peker n책 til: process1
2025-05-02 21:40:24 INFO  ChordProtocols:173 - Beregner fingerID for finger 5: 15618062003214643351512781541041391644
id: 15618062003214643351512781541041391644
lower: 15618062003214643351512781541041391612
upper: 53937554629190552131995290006614509577
Result (no wrap): true
2025-05-02 21:40:24 INFO  ChordProtocols:179 - Finger 5 peker n책 til: process1
2025-05-02 21:40:24 INFO  ChordProtocols:173 - Beregner fingerID for finger 6: 15618062003214643351512781541041391676
id: 15618062003214643351512781541041391676
lower: 15618062003214643351512781541041391612
upper: 53937554629190552131995290006614509577
Result (no wrap): true
2025-05-02 21:40:24 INFO  ChordProtocols:179 - Finger 6 peker n책 til: process1
2025-05-02 21:40:24 INFO  ChordProtocols:173 - Beregner fingerID for finger 7: 15618062003214643351512781541041391740
id: 15618062003214643351512781541041391740
lower: 15618062003214643351512781541041391612
upper: 53937554629190552131995290006614509577
Result (no wrap): true
2025-05-02 21:40:24 INFO  ChordProtocols:179 - Finger 7 peker n책 til: process1
2025-05-02 21:40:24 INFO  ChordProtocols:173 - Beregner fingerID for finger 8: 15618062003214643351512781541041391868
id: 15618062003214643351512781541041391868
lower: 15618062003214643351512781541041391612
upper: 53937554629190552131995290006614509577
Result (no wrap): true
2025-05-02 21:40:24 INFO  ChordProtocols:179 - Finger 8 peker n책 til: process1
2025-05-02 21:40:24 INFO  ChordProtocols:173 - Beregner fingerID for finger 9: 15618062003214643351512781541041392124
id: 15618062003214643351512781541041392124
lower: 15618062003214643351512781541041391612
upper: 53937554629190552131995290006614509577
Result (no wrap): true
2025-05-02 21:40:24 INFO  ChordProtocols:179 - Finger 9 peker n책 til: process1
2025-05-02 21:40:24 INFO  ChordProtocols:173 - Beregner fingerID for finger 10: 15618062003214643351512781541041392636
id: 15618062003214643351512781541041392636
lower: 15618062003214643351512781541041391612
upper: 53937554629190552131995290006614509577
Result (no wrap): true
2025-05-02 21:40:24 INFO  ChordProtocols:179 - Finger 10 peker n책 til: process1
2025-05-02 21:40:24 INFO  ChordProtocols:173 - Beregner fingerID for finger 11: 15618062003214643351512781541041393660
id: 15618062003214643351512781541041393660
lower: 15618062003214643351512781541041391612
upper: 53937554629190552131995290006614509577
Result (no wrap): true
2025-05-02 21:40:24 INFO  ChordProtocols:179 - Finger 11 peker n책 til: process1
2025-05-02 21:40:24 INFO  ChordProtocols:173 - Beregner fingerID for finger 12: 15618062003214643351512781541041395708
id: 15618062003214643351512781541041395708
lower: 15618062003214643351512781541041391612
upper: 53937554629190552131995290006614509577
Result (no wrap): true
2025-05-02 21:40:24 INFO  ChordProtocols:179 - Finger 12 peker n책 til: process1
2025-05-02 21:40:24 INFO  ChordProtocols:173 - Beregner fingerID for finger 13: 15618062003214643351512781541041399804
id: 15618062003214643351512781541041399804
lower: 15618062003214643351512781541041391612
upper: 53937554629190552131995290006614509577
Result (no wrap): true
2025-05-02 21:40:24 INFO  ChordProtocols:179 - Finger 13 peker n책 til: process1
2025-05-02 21:40:24 INFO  ChordProtocols:173 - Beregner fingerID for finger 14: 15618062003214643351512781541041407996
id: 15618062003214643351512781541041407996
lower: 15618062003214643351512781541041391612
upper: 53937554629190552131995290006614509577
Result (no wrap): true
2025-05-02 21:40:24 INFO  ChordProtocols:179 - Finger 14 peker n책 til: process1
2025-05-02 21:40:24 INFO  ChordProtocols:173 - Beregner fingerID for finger 15: 15618062003214643351512781541041424380
id: 15618062003214643351512781541041424380
lower: 15618062003214643351512781541041391612
upper: 53937554629190552131995290006614509577
Result (no wrap): true
2025-05-02 21:40:24 INFO  ChordProtocols:179 - Finger 15 peker n책 til: process1
2025-05-02 21:40:24 INFO  ChordProtocols:173 - Beregner fingerID for finger 16: 15618062003214643351512781541041457148
id: 15618062003214643351512781541041457148
lower: 15618062003214643351512781541041391612
upper: 53937554629190552131995290006614509577
Result (no wrap): true
2025-05-02 21:40:24 INFO  ChordProtocols:179 - Finger 16 peker n책 til: process1
2025-05-02 21:40:24 INFO  ChordProtocols:173 - Beregner fingerID for finger 17: 15618062003214643351512781541041522684
id: 15618062003214643351512781541041522684
lower: 15618062003214643351512781541041391612
upper: 53937554629190552131995290006614509577
Result (no wrap): true
2025-05-02 21:40:24 INFO  ChordProtocols:179 - Finger 17 peker n책 til: process1
2025-05-02 21:40:24 INFO  ChordProtocols:173 - Beregner fingerID for finger 18: 15618062003214643351512781541041653756
id: 15618062003214643351512781541041653756
lower: 15618062003214643351512781541041391612
upper: 53937554629190552131995290006614509577
Result (no wrap): true
2025-05-02 21:40:24 INFO  ChordProtocols:179 - Finger 18 peker n책 til: process1
2025-05-02 21:40:24 INFO  ChordProtocols:173 - Beregner fingerID for finger 19: 15618062003214643351512781541041915900
id: 15618062003214643351512781541041915900
lower: 15618062003214643351512781541041391612
upper: 53937554629190552131995290006614509577
Result (no wrap): true
2025-05-02 21:40:24 INFO  ChordProtocols:179 - Finger 19 peker n책 til: process1
2025-05-02 21:40:24 INFO  ChordProtocols:173 - Beregner fingerID for finger 20: 15618062003214643351512781541042440188
id: 15618062003214643351512781541042440188
lower: 15618062003214643351512781541041391612
upper: 53937554629190552131995290006614509577
Result (no wrap): true
2025-05-02 21:40:24 INFO  ChordProtocols:179 - Finger 20 peker n책 til: process1
2025-05-02 21:40:24 INFO  ChordProtocols:173 - Beregner fingerID for finger 21: 15618062003214643351512781541043488764
id: 15618062003214643351512781541043488764
lower: 15618062003214643351512781541041391612
upper: 53937554629190552131995290006614509577
Result (no wrap): true
2025-05-02 21:40:24 INFO  ChordProtocols:179 - Finger 21 peker n책 til: process1
2025-05-02 21:40:24 INFO  ChordProtocols:173 - Beregner fingerID for finger 22: 15618062003214643351512781541045585916
id: 15618062003214643351512781541045585916
lower: 15618062003214643351512781541041391612
upper: 53937554629190552131995290006614509577
Result (no wrap): true
2025-05-02 21:40:24 INFO  ChordProtocols:179 - Finger 22 peker n책 til: process1
2025-05-02 21:40:24 INFO  ChordProtocols:173 - Beregner fingerID for finger 23: 15618062003214643351512781541049780220
id: 15618062003214643351512781541049780220
lower: 15618062003214643351512781541041391612
upper: 53937554629190552131995290006614509577
Result (no wrap): true
2025-05-02 21:40:24 INFO  ChordProtocols:179 - Finger 23 peker n책 til: process1
2025-05-02 21:40:24 INFO  ChordProtocols:173 - Beregner fingerID for finger 24: 15618062003214643351512781541058168828
id: 15618062003214643351512781541058168828
lower: 15618062003214643351512781541041391612
upper: 53937554629190552131995290006614509577
Result (no wrap): true
2025-05-02 21:40:24 INFO  ChordProtocols:179 - Finger 24 peker n책 til: process1
2025-05-02 21:40:24 INFO  ChordProtocols:173 - Beregner fingerID for finger 25: 15618062003214643351512781541074946044
id: 15618062003214643351512781541074946044
lower: 15618062003214643351512781541041391612
upper: 53937554629190552131995290006614509577
Result (no wrap): true
2025-05-02 21:40:24 INFO  ChordProtocols:179 - Finger 25 peker n책 til: process1
2025-05-02 21:40:24 INFO  ChordProtocols:173 - Beregner fingerID for finger 26: 15618062003214643351512781541108500476
id: 15618062003214643351512781541108500476
lower: 15618062003214643351512781541041391612
upper: 53937554629190552131995290006614509577
Result (no wrap): true
2025-05-02 21:40:24 INFO  ChordProtocols:179 - Finger 26 peker n책 til: process1
2025-05-02 21:40:24 INFO  ChordProtocols:173 - Beregner fingerID for finger 27: 15618062003214643351512781541175609340
id: 15618062003214643351512781541175609340
lower: 15618062003214643351512781541041391612
upper: 53937554629190552131995290006614509577
Result (no wrap): true
2025-05-02 21:40:24 INFO  ChordProtocols:179 - Finger 27 peker n책 til: process1
2025-05-02 21:40:24 INFO  ChordProtocols:173 - Beregner fingerID for finger 28: 15618062003214643351512781541309827068
id: 15618062003214643351512781541309827068
lower: 15618062003214643351512781541041391612
upper: 53937554629190552131995290006614509577
Result (no wrap): true
2025-05-02 21:40:24 INFO  ChordProtocols:179 - Finger 28 peker n책 til: process1
2025-05-02 21:40:24 INFO  ChordProtocols:173 - Beregner fingerID for finger 29: 15618062003214643351512781541578262524
id: 15618062003214643351512781541578262524
lower: 15618062003214643351512781541041391612
upper: 53937554629190552131995290006614509577
Result (no wrap): true
2025-05-02 21:40:24 INFO  ChordProtocols:179 - Finger 29 peker n책 til: process1
2025-05-02 21:40:24 INFO  ChordProtocols:173 - Beregner fingerID for finger 30: 15618062003214643351512781542115133436
id: 15618062003214643351512781542115133436
lower: 15618062003214643351512781541041391612
upper: 53937554629190552131995290006614509577
Result (no wrap): true
2025-05-02 21:40:24 INFO  ChordProtocols:179 - Finger 30 peker n책 til: process1
2025-05-02 21:40:24 INFO  ChordProtocols:173 - Beregner fingerID for finger 31: 15618062003214643351512781543188875260
id: 15618062003214643351512781543188875260
lower: 15618062003214643351512781541041391612
upper: 53937554629190552131995290006614509577
Result (no wrap): true
2025-05-02 21:40:24 INFO  ChordProtocols:179 - Finger 31 peker n책 til: process1
2025-05-02 21:40:24 INFO  ChordProtocols:173 - Beregner fingerID for finger 32: 15618062003214643351512781545336358908
id: 15618062003214643351512781545336358908
lower: 15618062003214643351512781541041391612
upper: 53937554629190552131995290006614509577
Result (no wrap): true
2025-05-02 21:40:24 INFO  ChordProtocols:179 - Finger 32 peker n책 til: process1
2025-05-02 21:40:24 INFO  ChordProtocols:173 - Beregner fingerID for finger 33: 15618062003214643351512781549631326204
id: 15618062003214643351512781549631326204
lower: 15618062003214643351512781541041391612
upper: 53937554629190552131995290006614509577
Result (no wrap): true
2025-05-02 21:40:24 INFO  ChordProtocols:179 - Finger 33 peker n책 til: process1
2025-05-02 21:40:24 INFO  ChordProtocols:173 - Beregner fingerID for finger 34: 15618062003214643351512781558221260796
id: 15618062003214643351512781558221260796
lower: 15618062003214643351512781541041391612
upper: 53937554629190552131995290006614509577
Result (no wrap): true
2025-05-02 21:40:24 INFO  ChordProtocols:179 - Finger 34 peker n책 til: process1
2025-05-02 21:40:24 INFO  ChordProtocols:173 - Beregner fingerID for finger 35: 15618062003214643351512781575401129980
id: 15618062003214643351512781575401129980
lower: 15618062003214643351512781541041391612
upper: 53937554629190552131995290006614509577
Result (no wrap): true
2025-05-02 21:40:24 INFO  ChordProtocols:179 - Finger 35 peker n책 til: process1
2025-05-02 21:40:24 INFO  ChordProtocols:173 - Beregner fingerID for finger 36: 15618062003214643351512781609760868348
id: 15618062003214643351512781609760868348
lower: 15618062003214643351512781541041391612
upper: 53937554629190552131995290006614509577
Result (no wrap): true
2025-05-02 21:40:24 INFO  ChordProtocols:179 - Finger 36 peker n책 til: process1
2025-05-02 21:40:24 INFO  ChordProtocols:173 - Beregner fingerID for finger 37: 15618062003214643351512781678480345084
id: 15618062003214643351512781678480345084
lower: 15618062003214643351512781541041391612
upper: 53937554629190552131995290006614509577
Result (no wrap): true
2025-05-02 21:40:24 INFO  ChordProtocols:179 - Finger 37 peker n책 til: process1
2025-05-02 21:40:24 INFO  ChordProtocols:173 - Beregner fingerID for finger 38: 15618062003214643351512781815919298556
id: 15618062003214643351512781815919298556
lower: 15618062003214643351512781541041391612
upper: 53937554629190552131995290006614509577
Result (no wrap): true
2025-05-02 21:40:24 INFO  ChordProtocols:179 - Finger 38 peker n책 til: process1
2025-05-02 21:40:24 INFO  ChordProtocols:173 - Beregner fingerID for finger 39: 15618062003214643351512782090797205500
id: 15618062003214643351512782090797205500
lower: 15618062003214643351512781541041391612
upper: 53937554629190552131995290006614509577
Result (no wrap): true
2025-05-02 21:40:24 INFO  ChordProtocols:179 - Finger 39 peker n책 til: process1
2025-05-02 21:40:24 INFO  ChordProtocols:173 - Beregner fingerID for finger 40: 15618062003214643351512782640553019388
id: 15618062003214643351512782640553019388
lower: 15618062003214643351512781541041391612
upper: 53937554629190552131995290006614509577
Result (no wrap): true
2025-05-02 21:40:24 INFO  ChordProtocols:179 - Finger 40 peker n책 til: process1
2025-05-02 21:40:24 INFO  ChordProtocols:173 - Beregner fingerID for finger 41: 15618062003214643351512783740064647164
id: 15618062003214643351512783740064647164
lower: 15618062003214643351512781541041391612
upper: 53937554629190552131995290006614509577
Result (no wrap): true
2025-05-02 21:40:24 INFO  ChordProtocols:179 - Finger 41 peker n책 til: process1
2025-05-02 21:40:24 INFO  ChordProtocols:173 - Beregner fingerID for finger 42: 15618062003214643351512785939087902716
id: 15618062003214643351512785939087902716
lower: 15618062003214643351512781541041391612
upper: 53937554629190552131995290006614509577
Result (no wrap): true
2025-05-02 21:40:24 INFO  ChordProtocols:179 - Finger 42 peker n책 til: process1
2025-05-02 21:40:24 INFO  ChordProtocols:173 - Beregner fingerID for finger 43: 15618062003214643351512790337134413820
id: 15618062003214643351512790337134413820
lower: 15618062003214643351512781541041391612
upper: 53937554629190552131995290006614509577
Result (no wrap): true
2025-05-02 21:40:24 INFO  ChordProtocols:179 - Finger 43 peker n책 til: process1
2025-05-02 21:40:24 INFO  ChordProtocols:173 - Beregner fingerID for finger 44: 15618062003214643351512799133227436028
id: 15618062003214643351512799133227436028
lower: 15618062003214643351512781541041391612
upper: 53937554629190552131995290006614509577
Result (no wrap): true
2025-05-02 21:40:24 INFO  ChordProtocols:179 - Finger 44 peker n책 til: process1
2025-05-02 21:40:24 INFO  ChordProtocols:173 - Beregner fingerID for finger 45: 15618062003214643351512816725413480444
id: 15618062003214643351512816725413480444
lower: 15618062003214643351512781541041391612
upper: 53937554629190552131995290006614509577
Result (no wrap): true
2025-05-02 21:40:24 INFO  ChordProtocols:179 - Finger 45 peker n책 til: process1
2025-05-02 21:40:24 INFO  ChordProtocols:173 - Beregner fingerID for finger 46: 15618062003214643351512851909785569276
id: 15618062003214643351512851909785569276
lower: 15618062003214643351512781541041391612
upper: 53937554629190552131995290006614509577
Result (no wrap): true
2025-05-02 21:40:24 INFO  ChordProtocols:179 - Finger 46 peker n책 til: process1
2025-05-02 21:40:24 INFO  ChordProtocols:173 - Beregner fingerID for finger 47: 15618062003214643351512922278529746940
id: 15618062003214643351512922278529746940
lower: 15618062003214643351512781541041391612
upper: 53937554629190552131995290006614509577
Result (no wrap): true
2025-05-02 21:40:24 INFO  ChordProtocols:179 - Finger 47 peker n책 til: process1
2025-05-02 21:40:24 INFO  ChordProtocols:173 - Beregner fingerID for finger 48: 15618062003214643351513063016018102268
id: 15618062003214643351513063016018102268
lower: 15618062003214643351512781541041391612
upper: 53937554629190552131995290006614509577
Result (no wrap): true
2025-05-02 21:40:24 INFO  ChordProtocols:179 - Finger 48 peker n책 til: process1
2025-05-02 21:40:24 INFO  ChordProtocols:173 - Beregner fingerID for finger 49: 15618062003214643351513344490994812924
id: 15618062003214643351513344490994812924
lower: 15618062003214643351512781541041391612
upper: 53937554629190552131995290006614509577
Result (no wrap): true
2025-05-02 21:40:24 INFO  ChordProtocols:179 - Finger 49 peker n책 til: process1
2025-05-02 21:40:24 INFO  ChordProtocols:173 - Beregner fingerID for finger 50: 15618062003214643351513907440948234236
id: 15618062003214643351513907440948234236
lower: 15618062003214643351512781541041391612
upper: 53937554629190552131995290006614509577
Result (no wrap): true
2025-05-02 21:40:24 INFO  ChordProtocols:179 - Finger 50 peker n책 til: process1
2025-05-02 21:40:24 INFO  ChordProtocols:173 - Beregner fingerID for finger 51: 15618062003214643351515033340855076860
id: 15618062003214643351515033340855076860
lower: 15618062003214643351512781541041391612
upper: 53937554629190552131995290006614509577
Result (no wrap): true
2025-05-02 21:40:24 INFO  ChordProtocols:179 - Finger 51 peker n책 til: process1
2025-05-02 21:40:24 INFO  ChordProtocols:173 - Beregner fingerID for finger 52: 15618062003214643351517285140668762108
id: 15618062003214643351517285140668762108
lower: 15618062003214643351512781541041391612
upper: 53937554629190552131995290006614509577
Result (no wrap): true
2025-05-02 21:40:24 INFO  ChordProtocols:179 - Finger 52 peker n책 til: process1
2025-05-02 21:40:24 INFO  ChordProtocols:173 - Beregner fingerID for finger 53: 15618062003214643351521788740296132604
id: 15618062003214643351521788740296132604
lower: 15618062003214643351512781541041391612
upper: 53937554629190552131995290006614509577
Result (no wrap): true
2025-05-02 21:40:24 INFO  ChordProtocols:179 - Finger 53 peker n책 til: process1
2025-05-02 21:40:24 INFO  ChordProtocols:173 - Beregner fingerID for finger 54: 15618062003214643351530795939550873596
id: 15618062003214643351530795939550873596
lower: 15618062003214643351512781541041391612
upper: 53937554629190552131995290006614509577
Result (no wrap): true
2025-05-02 21:40:24 INFO  ChordProtocols:179 - Finger 54 peker n책 til: process1
2025-05-02 21:40:24 INFO  ChordProtocols:173 - Beregner fingerID for finger 55: 15618062003214643351548810338060355580
id: 15618062003214643351548810338060355580
lower: 15618062003214643351512781541041391612
upper: 53937554629190552131995290006614509577
Result (no wrap): true
2025-05-02 21:40:24 INFO  ChordProtocols:179 - Finger 55 peker n책 til: process1
2025-05-02 21:40:24 INFO  ChordProtocols:173 - Beregner fingerID for finger 56: 15618062003214643351584839135079319548
id: 15618062003214643351584839135079319548
lower: 15618062003214643351512781541041391612
upper: 53937554629190552131995290006614509577
Result (no wrap): true
2025-05-02 21:40:24 INFO  ChordProtocols:179 - Finger 56 peker n책 til: process1
2025-05-02 21:40:24 INFO  ChordProtocols:173 - Beregner fingerID for finger 57: 15618062003214643351656896729117247484
id: 15618062003214643351656896729117247484
lower: 15618062003214643351512781541041391612
upper: 53937554629190552131995290006614509577
Result (no wrap): true
2025-05-02 21:40:24 INFO  ChordProtocols:179 - Finger 57 peker n책 til: process1
2025-05-02 21:40:24 INFO  ChordProtocols:173 - Beregner fingerID for finger 58: 15618062003214643351801011917193103356
id: 15618062003214643351801011917193103356
lower: 15618062003214643351512781541041391612
upper: 53937554629190552131995290006614509577
Result (no wrap): true
2025-05-02 21:40:24 INFO  ChordProtocols:179 - Finger 58 peker n책 til: process1
2025-05-02 21:40:24 INFO  ChordProtocols:173 - Beregner fingerID for finger 59: 15618062003214643352089242293344815100
id: 15618062003214643352089242293344815100
lower: 15618062003214643351512781541041391612
upper: 53937554629190552131995290006614509577
Result (no wrap): true
2025-05-02 21:40:24 INFO  ChordProtocols:179 - Finger 59 peker n책 til: process1
2025-05-02 21:40:24 INFO  ChordProtocols:173 - Beregner fingerID for finger 60: 15618062003214643352665703045648238588
id: 15618062003214643352665703045648238588
lower: 15618062003214643351512781541041391612
upper: 53937554629190552131995290006614509577
Result (no wrap): true
2025-05-02 21:40:24 INFO  ChordProtocols:179 - Finger 60 peker n책 til: process1
2025-05-02 21:40:24 INFO  ChordProtocols:173 - Beregner fingerID for finger 61: 15618062003214643353818624550255085564
id: 15618062003214643353818624550255085564
lower: 15618062003214643351512781541041391612
upper: 53937554629190552131995290006614509577
Result (no wrap): true
2025-05-02 21:40:24 INFO  ChordProtocols:179 - Finger 61 peker n책 til: process1
2025-05-02 21:40:24 INFO  ChordProtocols:173 - Beregner fingerID for finger 62: 15618062003214643356124467559468779516
id: 15618062003214643356124467559468779516
lower: 15618062003214643351512781541041391612
upper: 53937554629190552131995290006614509577
Result (no wrap): true
2025-05-02 21:40:24 INFO  ChordProtocols:179 - Finger 62 peker n책 til: process1
2025-05-02 21:40:24 INFO  ChordProtocols:173 - Beregner fingerID for finger 63: 15618062003214643360736153577896167420
id: 15618062003214643360736153577896167420
lower: 15618062003214643351512781541041391612
upper: 53937554629190552131995290006614509577
Result (no wrap): true
2025-05-02 21:40:24 INFO  ChordProtocols:179 - Finger 63 peker n책 til: process1
2025-05-02 21:40:24 INFO  ChordProtocols:173 - Beregner fingerID for finger 64: 15618062003214643369959525614750943228
id: 15618062003214643369959525614750943228
lower: 15618062003214643351512781541041391612
upper: 53937554629190552131995290006614509577
Result (no wrap): true
2025-05-02 21:40:24 INFO  ChordProtocols:179 - Finger 64 peker n책 til: process1
2025-05-02 21:40:24 INFO  ChordProtocols:173 - Beregner fingerID for finger 65: 15618062003214643388406269688460494844
id: 15618062003214643388406269688460494844
lower: 15618062003214643351512781541041391612
upper: 53937554629190552131995290006614509577
Result (no wrap): true
2025-05-02 21:40:24 INFO  ChordProtocols:179 - Finger 65 peker n책 til: process1
2025-05-02 21:40:24 INFO  ChordProtocols:173 - Beregner fingerID for finger 66: 15618062003214643425299757835879598076
id: 15618062003214643425299757835879598076
lower: 15618062003214643351512781541041391612
upper: 53937554629190552131995290006614509577
Result (no wrap): true
2025-05-02 21:40:24 INFO  ChordProtocols:179 - Finger 66 peker n책 til: process1
2025-05-02 21:40:24 INFO  ChordProtocols:173 - Beregner fingerID for finger 67: 15618062003214643499086734130717804540
id: 15618062003214643499086734130717804540
lower: 15618062003214643351512781541041391612
upper: 53937554629190552131995290006614509577
Result (no wrap): true
2025-05-02 21:40:24 INFO  ChordProtocols:179 - Finger 67 peker n책 til: process1
2025-05-02 21:40:24 INFO  ChordProtocols:173 - Beregner fingerID for finger 68: 15618062003214643646660686720394217468
id: 15618062003214643646660686720394217468
lower: 15618062003214643351512781541041391612
upper: 53937554629190552131995290006614509577
Result (no wrap): true
2025-05-02 21:40:24 INFO  ChordProtocols:179 - Finger 68 peker n책 til: process1
2025-05-02 21:40:24 INFO  ChordProtocols:173 - Beregner fingerID for finger 69: 15618062003214643941808591899747043324
id: 15618062003214643941808591899747043324
lower: 15618062003214643351512781541041391612
upper: 53937554629190552131995290006614509577
Result (no wrap): true
2025-05-02 21:40:24 INFO  ChordProtocols:179 - Finger 69 peker n책 til: process1
2025-05-02 21:40:24 INFO  ChordProtocols:173 - Beregner fingerID for finger 70: 15618062003214644532104402258452695036
id: 15618062003214644532104402258452695036
lower: 15618062003214643351512781541041391612
upper: 53937554629190552131995290006614509577
Result (no wrap): true
2025-05-02 21:40:24 INFO  ChordProtocols:179 - Finger 70 peker n책 til: process1
2025-05-02 21:40:24 INFO  ChordProtocols:173 - Beregner fingerID for finger 71: 15618062003214645712696022975863998460
id: 15618062003214645712696022975863998460
lower: 15618062003214643351512781541041391612
upper: 53937554629190552131995290006614509577
Result (no wrap): true
2025-05-02 21:40:24 INFO  ChordProtocols:179 - Finger 71 peker n책 til: process1
2025-05-02 21:40:24 INFO  ChordProtocols:173 - Beregner fingerID for finger 72: 15618062003214648073879264410686605308
id: 15618062003214648073879264410686605308
lower: 15618062003214643351512781541041391612
upper: 53937554629190552131995290006614509577
Result (no wrap): true
2025-05-02 21:40:24 INFO  ChordProtocols:179 - Finger 72 peker n책 til: process1
2025-05-02 21:40:24 INFO  ChordProtocols:173 - Beregner fingerID for finger 73: 15618062003214652796245747280331819004
id: 15618062003214652796245747280331819004
lower: 15618062003214643351512781541041391612
upper: 53937554629190552131995290006614509577
Result (no wrap): true
2025-05-02 21:40:24 INFO  ChordProtocols:179 - Finger 73 peker n책 til: process1
2025-05-02 21:40:24 INFO  ChordProtocols:173 - Beregner fingerID for finger 74: 15618062003214662240978713019622246396
id: 15618062003214662240978713019622246396
lower: 15618062003214643351512781541041391612
upper: 53937554629190552131995290006614509577
Result (no wrap): true
2025-05-02 21:40:24 INFO  ChordProtocols:179 - Finger 74 peker n책 til: process1
2025-05-02 21:40:24 INFO  ChordProtocols:173 - Beregner fingerID for finger 75: 15618062003214681130444644498203101180
id: 15618062003214681130444644498203101180
lower: 15618062003214643351512781541041391612
upper: 53937554629190552131995290006614509577
Result (no wrap): true
2025-05-02 21:40:24 INFO  ChordProtocols:179 - Finger 75 peker n책 til: process1
2025-05-02 21:40:24 INFO  ChordProtocols:173 - Beregner fingerID for finger 76: 15618062003214718909376507455364810748
id: 15618062003214718909376507455364810748
lower: 15618062003214643351512781541041391612
upper: 53937554629190552131995290006614509577
Result (no wrap): true
2025-05-02 21:40:24 INFO  ChordProtocols:179 - Finger 76 peker n책 til: process1
2025-05-02 21:40:24 INFO  ChordProtocols:173 - Beregner fingerID for finger 77: 15618062003214794467240233369688229884
id: 15618062003214794467240233369688229884
lower: 15618062003214643351512781541041391612
upper: 53937554629190552131995290006614509577
Result (no wrap): true
2025-05-02 21:40:24 INFO  ChordProtocols:179 - Finger 77 peker n책 til: process1
2025-05-02 21:40:24 INFO  ChordProtocols:173 - Beregner fingerID for finger 78: 15618062003214945582967685198335068156
id: 15618062003214945582967685198335068156
lower: 15618062003214643351512781541041391612
upper: 53937554629190552131995290006614509577
Result (no wrap): true
2025-05-02 21:40:24 INFO  ChordProtocols:179 - Finger 78 peker n책 til: process1
2025-05-02 21:40:24 INFO  ChordProtocols:173 - Beregner fingerID for finger 79: 15618062003215247814422588855628744700
id: 15618062003215247814422588855628744700
lower: 15618062003214643351512781541041391612
upper: 53937554629190552131995290006614509577
Result (no wrap): true
2025-05-02 21:40:24 INFO  ChordProtocols:179 - Finger 79 peker n책 til: process1
2025-05-02 21:40:24 INFO  ChordProtocols:173 - Beregner fingerID for finger 80: 15618062003215852277332396170216097788
id: 15618062003215852277332396170216097788
lower: 15618062003214643351512781541041391612
upper: 53937554629190552131995290006614509577
Result (no wrap): true
2025-05-02 21:40:24 INFO  ChordProtocols:179 - Finger 80 peker n책 til: process1
2025-05-02 21:40:24 INFO  ChordProtocols:173 - Beregner fingerID for finger 81: 15618062003217061203152010799390803964
id: 15618062003217061203152010799390803964
lower: 15618062003214643351512781541041391612
upper: 53937554629190552131995290006614509577
Result (no wrap): true
2025-05-02 21:40:24 INFO  ChordProtocols:179 - Finger 81 peker n책 til: process1
2025-05-02 21:40:24 INFO  ChordProtocols:173 - Beregner fingerID for finger 82: 15618062003219479054791240057740216316
id: 15618062003219479054791240057740216316
lower: 15618062003214643351512781541041391612
upper: 53937554629190552131995290006614509577
Result (no wrap): true
2025-05-02 21:40:24 INFO  ChordProtocols:179 - Finger 82 peker n책 til: process1
2025-05-02 21:40:24 INFO  ChordProtocols:173 - Beregner fingerID for finger 83: 15618062003224314758069698574439041020
id: 15618062003224314758069698574439041020
lower: 15618062003214643351512781541041391612
upper: 53937554629190552131995290006614509577
Result (no wrap): true
2025-05-02 21:40:24 INFO  ChordProtocols:179 - Finger 83 peker n책 til: process1
2025-05-02 21:40:24 INFO  ChordProtocols:173 - Beregner fingerID for finger 84: 15618062003233986164626615607836690428
id: 15618062003233986164626615607836690428
lower: 15618062003214643351512781541041391612
upper: 53937554629190552131995290006614509577
Result (no wrap): true
2025-05-02 21:40:24 INFO  ChordProtocols:179 - Finger 84 peker n책 til: process1
2025-05-02 21:40:24 INFO  ChordProtocols:173 - Beregner fingerID for finger 85: 15618062003253328977740449674631989244
id: 15618062003253328977740449674631989244
lower: 15618062003214643351512781541041391612
upper: 53937554629190552131995290006614509577
Result (no wrap): true
2025-05-02 21:40:24 INFO  ChordProtocols:179 - Finger 85 peker n책 til: process1
2025-05-02 21:40:24 INFO  ChordProtocols:173 - Beregner fingerID for finger 86: 15618062003292014603968117808222586876
id: 15618062003292014603968117808222586876
lower: 15618062003214643351512781541041391612
upper: 53937554629190552131995290006614509577
Result (no wrap): true
2025-05-02 21:40:24 INFO  ChordProtocols:179 - Finger 86 peker n책 til: process1
2025-05-02 21:40:24 INFO  ChordProtocols:173 - Beregner fingerID for finger 87: 15618062003369385856423454075403782140
id: 15618062003369385856423454075403782140
lower: 15618062003214643351512781541041391612
upper: 53937554629190552131995290006614509577
Result (no wrap): true
2025-05-02 21:40:24 INFO  ChordProtocols:179 - Finger 87 peker n책 til: process1
2025-05-02 21:40:24 INFO  ChordProtocols:173 - Beregner fingerID for finger 88: 15618062003524128361334126609766172668
id: 15618062003524128361334126609766172668
lower: 15618062003214643351512781541041391612
upper: 53937554629190552131995290006614509577
Result (no wrap): true
2025-05-02 21:40:24 INFO  ChordProtocols:179 - Finger 88 peker n책 til: process1
2025-05-02 21:40:24 INFO  ChordProtocols:173 - Beregner fingerID for finger 89: 15618062003833613371155471678490953724
id: 15618062003833613371155471678490953724
lower: 15618062003214643351512781541041391612
upper: 53937554629190552131995290006614509577
Result (no wrap): true
2025-05-02 21:40:24 INFO  ChordProtocols:179 - Finger 89 peker n책 til: process1
2025-05-02 21:40:24 INFO  ChordProtocols:173 - Beregner fingerID for finger 90: 15618062004452583390798161815940515836
id: 15618062004452583390798161815940515836
lower: 15618062003214643351512781541041391612
upper: 53937554629190552131995290006614509577
Result (no wrap): true
2025-05-02 21:40:24 INFO  ChordProtocols:179 - Finger 90 peker n책 til: process1
2025-05-02 21:40:24 INFO  ChordProtocols:173 - Beregner fingerID for finger 91: 15618062005690523430083542090839640060
id: 15618062005690523430083542090839640060
lower: 15618062003214643351512781541041391612
upper: 53937554629190552131995290006614509577
Result (no wrap): true
2025-05-02 21:40:24 INFO  ChordProtocols:179 - Finger 91 peker n책 til: process1
2025-05-02 21:40:24 INFO  ChordProtocols:173 - Beregner fingerID for finger 92: 15618062008166403508654302640637888508
id: 15618062008166403508654302640637888508
lower: 15618062003214643351512781541041391612
upper: 53937554629190552131995290006614509577
Result (no wrap): true
2025-05-02 21:40:24 INFO  ChordProtocols:179 - Finger 92 peker n책 til: process1
2025-05-02 21:40:24 INFO  ChordProtocols:173 - Beregner fingerID for finger 93: 15618062013118163665795823740234385404
id: 15618062013118163665795823740234385404
lower: 15618062003214643351512781541041391612
upper: 53937554629190552131995290006614509577
Result (no wrap): true
2025-05-02 21:40:24 INFO  ChordProtocols:179 - Finger 93 peker n책 til: process1
2025-05-02 21:40:24 INFO  ChordProtocols:173 - Beregner fingerID for finger 94: 15618062023021683980078865939427379196
id: 15618062023021683980078865939427379196
lower: 15618062003214643351512781541041391612
upper: 53937554629190552131995290006614509577
Result (no wrap): true
2025-05-02 21:40:24 INFO  ChordProtocols:179 - Finger 94 peker n책 til: process1
2025-05-02 21:40:24 INFO  ChordProtocols:173 - Beregner fingerID for finger 95: 15618062042828724608644950337813366780
id: 15618062042828724608644950337813366780
lower: 15618062003214643351512781541041391612
upper: 53937554629190552131995290006614509577
Result (no wrap): true
2025-05-02 21:40:24 INFO  ChordProtocols:179 - Finger 95 peker n책 til: process1
2025-05-02 21:40:24 INFO  ChordProtocols:173 - Beregner fingerID for finger 96: 15618062082442805865777119134585341948
id: 15618062082442805865777119134585341948
lower: 15618062003214643351512781541041391612
upper: 53937554629190552131995290006614509577
Result (no wrap): true
2025-05-02 21:40:24 INFO  ChordProtocols:179 - Finger 96 peker n책 til: process1
2025-05-02 21:40:24 INFO  ChordProtocols:173 - Beregner fingerID for finger 97: 15618062161670968380041456728129292284
id: 15618062161670968380041456728129292284
lower: 15618062003214643351512781541041391612
upper: 53937554629190552131995290006614509577
Result (no wrap): true
2025-05-02 21:40:24 INFO  ChordProtocols:179 - Finger 97 peker n책 til: process1
2025-05-02 21:40:24 INFO  ChordProtocols:173 - Beregner fingerID for finger 98: 15618062320127293408570131915217192956
id: 15618062320127293408570131915217192956
lower: 15618062003214643351512781541041391612
upper: 53937554629190552131995290006614509577
Result (no wrap): true
2025-05-02 21:40:24 INFO  ChordProtocols:179 - Finger 98 peker n책 til: process1
2025-05-02 21:40:24 INFO  ChordProtocols:173 - Beregner fingerID for finger 99: 15618062637039943465627482289392994300
id: 15618062637039943465627482289392994300
lower: 15618062003214643351512781541041391612
upper: 53937554629190552131995290006614509577
Result (no wrap): true
2025-05-02 21:40:24 INFO  ChordProtocols:179 - Finger 99 peker n책 til: process1
2025-05-02 21:40:24 INFO  ChordProtocols:173 - Beregner fingerID for finger 100: 15618063270865243579742183037744596988
id: 15618063270865243579742183037744596988
lower: 15618062003214643351512781541041391612
upper: 53937554629190552131995290006614509577
Result (no wrap): true
2025-05-02 21:40:24 INFO  ChordProtocols:179 - Finger 100 peker n책 til: process1
2025-05-02 21:40:24 INFO  ChordProtocols:173 - Beregner fingerID for finger 101: 15618064538515843807971584534447802364
id: 15618064538515843807971584534447802364
lower: 15618062003214643351512781541041391612
upper: 53937554629190552131995290006614509577
Result (no wrap): true
2025-05-02 21:40:24 INFO  ChordProtocols:179 - Finger 101 peker n책 til: process1
2025-05-02 21:40:24 INFO  ChordProtocols:173 - Beregner fingerID for finger 102: 15618067073817044264430387527854213116
id: 15618067073817044264430387527854213116
lower: 15618062003214643351512781541041391612
upper: 53937554629190552131995290006614509577
Result (no wrap): true
2025-05-02 21:40:24 INFO  ChordProtocols:179 - Finger 102 peker n책 til: process1
2025-05-02 21:40:24 INFO  ChordProtocols:173 - Beregner fingerID for finger 103: 15618072144419445177347993514667034620
id: 15618072144419445177347993514667034620
lower: 15618062003214643351512781541041391612
upper: 53937554629190552131995290006614509577
Result (no wrap): true
2025-05-02 21:40:24 INFO  ChordProtocols:179 - Finger 103 peker n책 til: process1
2025-05-02 21:40:24 INFO  ChordProtocols:173 - Beregner fingerID for finger 104: 15618082285624247003183205488292677628
id: 15618082285624247003183205488292677628
lower: 15618062003214643351512781541041391612
upper: 53937554629190552131995290006614509577
Result (no wrap): true
2025-05-02 21:40:24 INFO  ChordProtocols:179 - Finger 104 peker n책 til: process1
2025-05-02 21:40:24 INFO  ChordProtocols:173 - Beregner fingerID for finger 105: 15618102568033850654853629435543963644
id: 15618102568033850654853629435543963644
lower: 15618062003214643351512781541041391612
upper: 53937554629190552131995290006614509577
Result (no wrap): true
2025-05-02 21:40:24 INFO  ChordProtocols:179 - Finger 105 peker n책 til: process1
2025-05-02 21:40:24 INFO  ChordProtocols:173 - Beregner fingerID for finger 106: 15618143132853057958194477330046535676
id: 15618143132853057958194477330046535676
lower: 15618062003214643351512781541041391612
upper: 53937554629190552131995290006614509577
Result (no wrap): true
2025-05-02 21:40:24 INFO  ChordProtocols:179 - Finger 106 peker n책 til: process1
2025-05-02 21:40:24 INFO  ChordProtocols:173 - Beregner fingerID for finger 107: 15618224262491472564876173119051679740
id: 15618224262491472564876173119051679740
lower: 15618062003214643351512781541041391612
upper: 53937554629190552131995290006614509577
Result (no wrap): true
2025-05-02 21:40:24 INFO  ChordProtocols:179 - Finger 107 peker n책 til: process1
2025-05-02 21:40:24 INFO  ChordProtocols:173 - Beregner fingerID for finger 108: 15618386521768301778239564697061967868
id: 15618386521768301778239564697061967868
lower: 15618062003214643351512781541041391612
upper: 53937554629190552131995290006614509577
Result (no wrap): true
2025-05-02 21:40:24 INFO  ChordProtocols:179 - Finger 108 peker n책 til: process1
2025-05-02 21:40:24 INFO  ChordProtocols:173 - Beregner fingerID for finger 109: 15618711040321960204966347853082544124
id: 15618711040321960204966347853082544124
lower: 15618062003214643351512781541041391612
upper: 53937554629190552131995290006614509577
Result (no wrap): true
2025-05-02 21:40:24 INFO  ChordProtocols:179 - Finger 109 peker n책 til: process1
2025-05-02 21:40:24 INFO  ChordProtocols:173 - Beregner fingerID for finger 110: 15619360077429277058419914165123696636
id: 15619360077429277058419914165123696636
lower: 15618062003214643351512781541041391612
upper: 53937554629190552131995290006614509577
Result (no wrap): true
2025-05-02 21:40:24 INFO  ChordProtocols:179 - Finger 110 peker n책 til: process1
2025-05-02 21:40:24 INFO  ChordProtocols:173 - Beregner fingerID for finger 111: 15620658151643910765327046789206001660
id: 15620658151643910765327046789206001660
lower: 15618062003214643351512781541041391612
upper: 53937554629190552131995290006614509577
Result (no wrap): true
2025-05-02 21:40:24 INFO  ChordProtocols:179 - Finger 111 peker n책 til: process1
2025-05-02 21:40:24 INFO  ChordProtocols:173 - Beregner fingerID for finger 112: 15623254300073178179141312037370611708
id: 15623254300073178179141312037370611708
lower: 15618062003214643351512781541041391612
upper: 53937554629190552131995290006614509577
Result (no wrap): true
2025-05-02 21:40:24 INFO  ChordProtocols:179 - Finger 112 peker n책 til: process1
2025-05-02 21:40:24 INFO  ChordProtocols:173 - Beregner fingerID for finger 113: 15628446596931713006769842533699831804
id: 15628446596931713006769842533699831804
lower: 15618062003214643351512781541041391612
upper: 53937554629190552131995290006614509577
Result (no wrap): true
2025-05-02 21:40:24 INFO  ChordProtocols:179 - Finger 113 peker n책 til: process1
2025-05-02 21:40:24 INFO  ChordProtocols:173 - Beregner fingerID for finger 114: 15638831190648782662026903526358271996
id: 15638831190648782662026903526358271996
lower: 15618062003214643351512781541041391612
upper: 53937554629190552131995290006614509577
Result (no wrap): true
2025-05-02 21:40:24 INFO  ChordProtocols:179 - Finger 114 peker n책 til: process1
2025-05-02 21:40:24 INFO  ChordProtocols:173 - Beregner fingerID for finger 115: 15659600378082921972541025511675152380
id: 15659600378082921972541025511675152380
lower: 15618062003214643351512781541041391612
upper: 53937554629190552131995290006614509577
Result (no wrap): true
2025-05-02 21:40:24 INFO  ChordProtocols:179 - Finger 115 peker n책 til: process1
2025-05-02 21:40:24 INFO  ChordProtocols:173 - Beregner fingerID for finger 116: 15701138752951200593569269482308913148
id: 15701138752951200593569269482308913148
lower: 15618062003214643351512781541041391612
upper: 53937554629190552131995290006614509577
Result (no wrap): true
2025-05-02 21:40:24 INFO  ChordProtocols:179 - Finger 116 peker n책 til: process1
2025-05-02 21:40:24 INFO  ChordProtocols:173 - Beregner fingerID for finger 117: 15784215502687757835625757423576434684
id: 15784215502687757835625757423576434684
lower: 15618062003214643351512781541041391612
upper: 53937554629190552131995290006614509577
Result (no wrap): true
2025-05-02 21:40:24 INFO  ChordProtocols:179 - Finger 117 peker n책 til: process1
2025-05-02 21:40:24 INFO  ChordProtocols:173 - Beregner fingerID for finger 118: 15950369002160872319738733306111477756
id: 15950369002160872319738733306111477756
lower: 15618062003214643351512781541041391612
upper: 53937554629190552131995290006614509577
Result (no wrap): true
2025-05-02 21:40:24 INFO  ChordProtocols:179 - Finger 118 peker n책 til: process1
2025-05-02 21:40:24 INFO  ChordProtocols:173 - Beregner fingerID for finger 119: 16282676001107101287964685071181563900
id: 16282676001107101287964685071181563900
lower: 15618062003214643351512781541041391612
upper: 53937554629190552131995290006614509577
Result (no wrap): true
2025-05-02 21:40:24 INFO  ChordProtocols:179 - Finger 119 peker n책 til: process1
2025-05-02 21:40:24 INFO  ChordProtocols:173 - Beregner fingerID for finger 120: 16947289998999559224416588601321736188
id: 16947289998999559224416588601321736188
lower: 15618062003214643351512781541041391612
upper: 53937554629190552131995290006614509577
Result (no wrap): true
2025-05-02 21:40:24 INFO  ChordProtocols:179 - Finger 120 peker n책 til: process1
2025-05-02 21:40:24 INFO  ChordProtocols:173 - Beregner fingerID for finger 121: 18276517994784475097320395661602080764
id: 18276517994784475097320395661602080764
lower: 15618062003214643351512781541041391612
upper: 53937554629190552131995290006614509577
Result (no wrap): true
2025-05-02 21:40:24 INFO  ChordProtocols:179 - Finger 121 peker n책 til: process1
2025-05-02 21:40:24 INFO  ChordProtocols:173 - Beregner fingerID for finger 122: 20934973986354306843128009782162769916
id: 20934973986354306843128009782162769916
lower: 15618062003214643351512781541041391612
upper: 53937554629190552131995290006614509577
Result (no wrap): true
2025-05-02 21:40:24 INFO  ChordProtocols:179 - Finger 122 peker n책 til: process1
2025-05-02 21:40:24 INFO  ChordProtocols:173 - Beregner fingerID for finger 123: 26251885969493970334743238023284148220
id: 26251885969493970334743238023284148220
lower: 15618062003214643351512781541041391612
upper: 53937554629190552131995290006614509577
Result (no wrap): true
2025-05-02 21:40:24 INFO  ChordProtocols:179 - Finger 123 peker n책 til: process1
2025-05-02 21:40:24 INFO  ChordProtocols:173 - Beregner fingerID for finger 124: 36885709935773297317973694505526904828
id: 36885709935773297317973694505526904828
lower: 15618062003214643351512781541041391612
upper: 53937554629190552131995290006614509577
Result (no wrap): true
2025-05-02 21:40:24 INFO  ChordProtocols:179 - Finger 124 peker n책 til: process1
2025-05-02 21:40:24 INFO  ChordProtocols:173 - Beregner fingerID for finger 125: 58153357868331951284434607470012418044
id: 58153357868331951284434607470012418044
lower: 15618062003214643351512781541041391612
upper: 53937554629190552131995290006614509577
Result (no wrap): false
id: 53937554629190552131995290006614509577
lower: 15618062003214643351512781541041391612
upper: 58153357868331951284434607470012418044
Result (no wrap): true
id: 58153357868331951284434607470012418044
lower: 53937554629190552131995290006614509577
upper: 121411138451101288395601026024677976156
Result (no wrap): true
2025-05-02 21:40:24 INFO  ChordProtocols:179 - Finger 125 peker n책 til: process5
2025-05-02 21:40:24 INFO  ChordProtocols:173 - Beregner fingerID for finger 126: 100688653733449259217356433398983444476
id: 100688653733449259217356433398983444476
lower: 15618062003214643351512781541041391612
upper: 53937554629190552131995290006614509577
Result (no wrap): false
id: 121411138451101288395601026024677976156
lower: 15618062003214643351512781541041391612
upper: 100688653733449259217356433398983444476
Result (no wrap): false
id: 53937554629190552131995290006614509577
lower: 15618062003214643351512781541041391612
upper: 100688653733449259217356433398983444476
Result (no wrap): true
id: 100688653733449259217356433398983444476
lower: 53937554629190552131995290006614509577
upper: 121411138451101288395601026024677976156
Result (no wrap): true
2025-05-02 21:40:24 INFO  ChordProtocols:179 - Finger 126 peker n책 til: process5
2025-05-02 21:40:24 INFO  ChordProtocols:173 - Beregner fingerID for finger 127: 185759245463683875083200085256925497340
id: 185759245463683875083200085256925497340
lower: 15618062003214643351512781541041391612
upper: 53937554629190552131995290006614509577
Result (no wrap): false
id: 121411138451101288395601026024677976156
lower: 15618062003214643351512781541041391612
upper: 185759245463683875083200085256925497340
Result (no wrap): true
id: 185759245463683875083200085256925497340
lower: 121411138451101288395601026024677976156
upper: 210821560651360572675896360671414673172
Result (no wrap): true
2025-05-02 21:40:24 INFO  ChordProtocols:179 - Finger 127 peker n책 til: process4
2025-05-02 21:40:24 INFO  StabilizationProtocols:60 - Checking the predecessor for Node: process2
==================================
Node Identifier = 15618062003214643351512781541041391612
Node IP address = process2
successor(process2) = process1
predecessor(process2) = process4
Current File keys for process2 => []
==================================
2025-05-02 21:40:25 INFO  StabilizationProtocols:130 - Updating the successor for Node: process3
id: 66910184482037901621933403444034052415
lower: 66910184482037901621933403444034052414
upper: 210821560651360572675896360671414673172
Result (no wrap): true
2025-05-02 21:40:25 INFO  StabilizationProtocols:165 - Finished updating the successor for Node: process3
2025-05-02 21:40:25 INFO  StabilizationProtocols:84 - Stabilizing ring from process3...
2025-05-02 21:40:25 INFO  StabilizationProtocols:91 - Stabilize ring: succnode = process5
id: 53937554629190552131995290006614509577
lower: 66910184482037901621933403444034052415
upper: 121411138451101288395601026024677976157
Result (no wrap): false
2025-05-02 21:40:25 INFO  StabilizationProtocols:113 - Finished stabilizing chordring from process3
2025-05-02 21:40:25 INFO  ChordProtocols:159 - Oppdaterer FingerTable for Node: process3
2025-05-02 21:40:25 INFO  ChordProtocols:173 - Beregner fingerID for finger 0: 66910184482037901621933403444034052415
id: 66910184482037901621933403444034052415
lower: 66910184482037901621933403444034052414
upper: 121411138451101288395601026024677976156
Result (no wrap): true
2025-05-02 21:40:25 INFO  ChordProtocols:179 - Finger 0 peker n책 til: process5
2025-05-02 21:40:25 INFO  ChordProtocols:173 - Beregner fingerID for finger 1: 66910184482037901621933403444034052416
id: 66910184482037901621933403444034052416
lower: 66910184482037901621933403444034052414
upper: 121411138451101288395601026024677976156
Result (no wrap): true
2025-05-02 21:40:25 INFO  ChordProtocols:179 - Finger 1 peker n책 til: process5
2025-05-02 21:40:25 INFO  ChordProtocols:173 - Beregner fingerID for finger 2: 66910184482037901621933403444034052418
id: 66910184482037901621933403444034052418
lower: 66910184482037901621933403444034052414
upper: 121411138451101288395601026024677976156
Result (no wrap): true
2025-05-02 21:40:25 INFO  ChordProtocols:179 - Finger 2 peker n책 til: process5
2025-05-02 21:40:25 INFO  ChordProtocols:173 - Beregner fingerID for finger 3: 66910184482037901621933403444034052422
id: 66910184482037901621933403444034052422
lower: 66910184482037901621933403444034052414
upper: 121411138451101288395601026024677976156
Result (no wrap): true
2025-05-02 21:40:25 INFO  ChordProtocols:179 - Finger 3 peker n책 til: process5
2025-05-02 21:40:25 INFO  ChordProtocols:173 - Beregner fingerID for finger 4: 66910184482037901621933403444034052430
id: 66910184482037901621933403444034052430
lower: 66910184482037901621933403444034052414
upper: 121411138451101288395601026024677976156
Result (no wrap): true
2025-05-02 21:40:25 INFO  ChordProtocols:179 - Finger 4 peker n책 til: process5
2025-05-02 21:40:25 INFO  ChordProtocols:173 - Beregner fingerID for finger 5: 66910184482037901621933403444034052446
id: 66910184482037901621933403444034052446
lower: 66910184482037901621933403444034052414
upper: 121411138451101288395601026024677976156
Result (no wrap): true
2025-05-02 21:40:25 INFO  ChordProtocols:179 - Finger 5 peker n책 til: process5
2025-05-02 21:40:25 INFO  ChordProtocols:173 - Beregner fingerID for finger 6: 66910184482037901621933403444034052478
id: 66910184482037901621933403444034052478
lower: 66910184482037901621933403444034052414
upper: 121411138451101288395601026024677976156
Result (no wrap): true
2025-05-02 21:40:25 INFO  ChordProtocols:179 - Finger 6 peker n책 til: process5
2025-05-02 21:40:25 INFO  ChordProtocols:173 - Beregner fingerID for finger 7: 66910184482037901621933403444034052542
id: 66910184482037901621933403444034052542
lower: 66910184482037901621933403444034052414
upper: 121411138451101288395601026024677976156
Result (no wrap): true
2025-05-02 21:40:25 INFO  ChordProtocols:179 - Finger 7 peker n책 til: process5
2025-05-02 21:40:25 INFO  ChordProtocols:173 - Beregner fingerID for finger 8: 66910184482037901621933403444034052670
id: 66910184482037901621933403444034052670
lower: 66910184482037901621933403444034052414
upper: 121411138451101288395601026024677976156
Result (no wrap): true
2025-05-02 21:40:25 INFO  ChordProtocols:179 - Finger 8 peker n책 til: process5
2025-05-02 21:40:25 INFO  ChordProtocols:173 - Beregner fingerID for finger 9: 66910184482037901621933403444034052926
id: 66910184482037901621933403444034052926
lower: 66910184482037901621933403444034052414
upper: 121411138451101288395601026024677976156
Result (no wrap): true
2025-05-02 21:40:25 INFO  ChordProtocols:179 - Finger 9 peker n책 til: process5
2025-05-02 21:40:25 INFO  ChordProtocols:173 - Beregner fingerID for finger 10: 66910184482037901621933403444034053438
id: 66910184482037901621933403444034053438
lower: 66910184482037901621933403444034052414
upper: 121411138451101288395601026024677976156
Result (no wrap): true
2025-05-02 21:40:25 INFO  ChordProtocols:179 - Finger 10 peker n책 til: process5
2025-05-02 21:40:25 INFO  ChordProtocols:173 - Beregner fingerID for finger 11: 66910184482037901621933403444034054462
id: 66910184482037901621933403444034054462
lower: 66910184482037901621933403444034052414
upper: 121411138451101288395601026024677976156
Result (no wrap): true
2025-05-02 21:40:25 INFO  ChordProtocols:179 - Finger 11 peker n책 til: process5
2025-05-02 21:40:25 INFO  ChordProtocols:173 - Beregner fingerID for finger 12: 66910184482037901621933403444034056510
id: 66910184482037901621933403444034056510
lower: 66910184482037901621933403444034052414
upper: 121411138451101288395601026024677976156
Result (no wrap): true
2025-05-02 21:40:25 INFO  ChordProtocols:179 - Finger 12 peker n책 til: process5
2025-05-02 21:40:25 INFO  ChordProtocols:173 - Beregner fingerID for finger 13: 66910184482037901621933403444034060606
id: 66910184482037901621933403444034060606
lower: 66910184482037901621933403444034052414
upper: 121411138451101288395601026024677976156
Result (no wrap): true
2025-05-02 21:40:25 INFO  ChordProtocols:179 - Finger 13 peker n책 til: process5
2025-05-02 21:40:25 INFO  ChordProtocols:173 - Beregner fingerID for finger 14: 66910184482037901621933403444034068798
id: 66910184482037901621933403444034068798
lower: 66910184482037901621933403444034052414
upper: 121411138451101288395601026024677976156
Result (no wrap): true
2025-05-02 21:40:25 INFO  ChordProtocols:179 - Finger 14 peker n책 til: process5
2025-05-02 21:40:25 INFO  ChordProtocols:173 - Beregner fingerID for finger 15: 66910184482037901621933403444034085182
id: 66910184482037901621933403444034085182
lower: 66910184482037901621933403444034052414
upper: 121411138451101288395601026024677976156
Result (no wrap): true
2025-05-02 21:40:25 INFO  ChordProtocols:179 - Finger 15 peker n책 til: process5
2025-05-02 21:40:25 INFO  ChordProtocols:173 - Beregner fingerID for finger 16: 66910184482037901621933403444034117950
id: 66910184482037901621933403444034117950
lower: 66910184482037901621933403444034052414
upper: 121411138451101288395601026024677976156
Result (no wrap): true
2025-05-02 21:40:25 INFO  ChordProtocols:179 - Finger 16 peker n책 til: process5
2025-05-02 21:40:25 INFO  ChordProtocols:173 - Beregner fingerID for finger 17: 66910184482037901621933403444034183486
id: 66910184482037901621933403444034183486
lower: 66910184482037901621933403444034052414
upper: 121411138451101288395601026024677976156
Result (no wrap): true
2025-05-02 21:40:25 INFO  ChordProtocols:179 - Finger 17 peker n책 til: process5
2025-05-02 21:40:25 INFO  ChordProtocols:173 - Beregner fingerID for finger 18: 66910184482037901621933403444034314558
id: 66910184482037901621933403444034314558
lower: 66910184482037901621933403444034052414
upper: 121411138451101288395601026024677976156
Result (no wrap): true
2025-05-02 21:40:25 INFO  ChordProtocols:179 - Finger 18 peker n책 til: process5
2025-05-02 21:40:25 INFO  ChordProtocols:173 - Beregner fingerID for finger 19: 66910184482037901621933403444034576702
id: 66910184482037901621933403444034576702
lower: 66910184482037901621933403444034052414
upper: 121411138451101288395601026024677976156
Result (no wrap): true
2025-05-02 21:40:25 INFO  ChordProtocols:179 - Finger 19 peker n책 til: process5
2025-05-02 21:40:25 INFO  ChordProtocols:173 - Beregner fingerID for finger 20: 66910184482037901621933403444035100990
id: 66910184482037901621933403444035100990
lower: 66910184482037901621933403444034052414
upper: 121411138451101288395601026024677976156
Result (no wrap): true
2025-05-02 21:40:25 INFO  ChordProtocols:179 - Finger 20 peker n책 til: process5
2025-05-02 21:40:25 INFO  ChordProtocols:173 - Beregner fingerID for finger 21: 66910184482037901621933403444036149566
id: 66910184482037901621933403444036149566
lower: 66910184482037901621933403444034052414
upper: 121411138451101288395601026024677976156
Result (no wrap): true
2025-05-02 21:40:25 INFO  ChordProtocols:179 - Finger 21 peker n책 til: process5
2025-05-02 21:40:25 INFO  ChordProtocols:173 - Beregner fingerID for finger 22: 66910184482037901621933403444038246718
id: 66910184482037901621933403444038246718
lower: 66910184482037901621933403444034052414
upper: 121411138451101288395601026024677976156
Result (no wrap): true
2025-05-02 21:40:25 INFO  ChordProtocols:179 - Finger 22 peker n책 til: process5
2025-05-02 21:40:25 INFO  ChordProtocols:173 - Beregner fingerID for finger 23: 66910184482037901621933403444042441022
id: 66910184482037901621933403444042441022
lower: 66910184482037901621933403444034052414
upper: 121411138451101288395601026024677976156
Result (no wrap): true
2025-05-02 21:40:25 INFO  ChordProtocols:179 - Finger 23 peker n책 til: process5
2025-05-02 21:40:25 INFO  ChordProtocols:173 - Beregner fingerID for finger 24: 66910184482037901621933403444050829630
id: 66910184482037901621933403444050829630
lower: 66910184482037901621933403444034052414
upper: 121411138451101288395601026024677976156
Result (no wrap): true
2025-05-02 21:40:25 INFO  ChordProtocols:179 - Finger 24 peker n책 til: process5
2025-05-02 21:40:25 INFO  ChordProtocols:173 - Beregner fingerID for finger 25: 66910184482037901621933403444067606846
id: 66910184482037901621933403444067606846
lower: 66910184482037901621933403444034052414
upper: 121411138451101288395601026024677976156
Result (no wrap): true
2025-05-02 21:40:25 INFO  ChordProtocols:179 - Finger 25 peker n책 til: process5
2025-05-02 21:40:25 INFO  ChordProtocols:173 - Beregner fingerID for finger 26: 66910184482037901621933403444101161278
id: 66910184482037901621933403444101161278
lower: 66910184482037901621933403444034052414
upper: 121411138451101288395601026024677976156
Result (no wrap): true
2025-05-02 21:40:25 INFO  ChordProtocols:179 - Finger 26 peker n책 til: process5
2025-05-02 21:40:25 INFO  ChordProtocols:173 - Beregner fingerID for finger 27: 66910184482037901621933403444168270142
id: 66910184482037901621933403444168270142
lower: 66910184482037901621933403444034052414
upper: 121411138451101288395601026024677976156
Result (no wrap): true
2025-05-02 21:40:25 INFO  ChordProtocols:179 - Finger 27 peker n책 til: process5
2025-05-02 21:40:25 INFO  ChordProtocols:173 - Beregner fingerID for finger 28: 66910184482037901621933403444302487870
id: 66910184482037901621933403444302487870
lower: 66910184482037901621933403444034052414
upper: 121411138451101288395601026024677976156
Result (no wrap): true
2025-05-02 21:40:25 INFO  ChordProtocols:179 - Finger 28 peker n책 til: process5
2025-05-02 21:40:25 INFO  ChordProtocols:173 - Beregner fingerID for finger 29: 66910184482037901621933403444570923326
id: 66910184482037901621933403444570923326
lower: 66910184482037901621933403444034052414
upper: 121411138451101288395601026024677976156
Result (no wrap): true
2025-05-02 21:40:25 INFO  ChordProtocols:179 - Finger 29 peker n책 til: process5
2025-05-02 21:40:25 INFO  ChordProtocols:173 - Beregner fingerID for finger 30: 66910184482037901621933403445107794238
id: 66910184482037901621933403445107794238
lower: 66910184482037901621933403444034052414
upper: 121411138451101288395601026024677976156
Result (no wrap): true
2025-05-02 21:40:25 INFO  ChordProtocols:179 - Finger 30 peker n책 til: process5
2025-05-02 21:40:25 INFO  ChordProtocols:173 - Beregner fingerID for finger 31: 66910184482037901621933403446181536062
id: 66910184482037901621933403446181536062
lower: 66910184482037901621933403444034052414
upper: 121411138451101288395601026024677976156
Result (no wrap): true
2025-05-02 21:40:25 INFO  ChordProtocols:179 - Finger 31 peker n책 til: process5
2025-05-02 21:40:25 INFO  ChordProtocols:173 - Beregner fingerID for finger 32: 66910184482037901621933403448329019710
id: 66910184482037901621933403448329019710
lower: 66910184482037901621933403444034052414
upper: 121411138451101288395601026024677976156
Result (no wrap): true
2025-05-02 21:40:25 INFO  ChordProtocols:179 - Finger 32 peker n책 til: process5
2025-05-02 21:40:25 INFO  ChordProtocols:173 - Beregner fingerID for finger 33: 66910184482037901621933403452623987006
id: 66910184482037901621933403452623987006
lower: 66910184482037901621933403444034052414
upper: 121411138451101288395601026024677976156
Result (no wrap): true
2025-05-02 21:40:25 INFO  ChordProtocols:179 - Finger 33 peker n책 til: process5
2025-05-02 21:40:25 INFO  ChordProtocols:173 - Beregner fingerID for finger 34: 66910184482037901621933403461213921598
id: 66910184482037901621933403461213921598
lower: 66910184482037901621933403444034052414
upper: 121411138451101288395601026024677976156
Result (no wrap): true
2025-05-02 21:40:25 INFO  ChordProtocols:179 - Finger 34 peker n책 til: process5
2025-05-02 21:40:25 INFO  ChordProtocols:173 - Beregner fingerID for finger 35: 66910184482037901621933403478393790782
id: 66910184482037901621933403478393790782
lower: 66910184482037901621933403444034052414
upper: 121411138451101288395601026024677976156
Result (no wrap): true
2025-05-02 21:40:25 INFO  ChordProtocols:179 - Finger 35 peker n책 til: process5
2025-05-02 21:40:25 INFO  ChordProtocols:173 - Beregner fingerID for finger 36: 66910184482037901621933403512753529150
id: 66910184482037901621933403512753529150
lower: 66910184482037901621933403444034052414
upper: 121411138451101288395601026024677976156
Result (no wrap): true
2025-05-02 21:40:25 INFO  ChordProtocols:179 - Finger 36 peker n책 til: process5
2025-05-02 21:40:25 INFO  ChordProtocols:173 - Beregner fingerID for finger 37: 66910184482037901621933403581473005886
id: 66910184482037901621933403581473005886
lower: 66910184482037901621933403444034052414
upper: 121411138451101288395601026024677976156
Result (no wrap): true
2025-05-02 21:40:25 INFO  ChordProtocols:179 - Finger 37 peker n책 til: process5
2025-05-02 21:40:25 INFO  ChordProtocols:173 - Beregner fingerID for finger 38: 66910184482037901621933403718911959358
id: 66910184482037901621933403718911959358
lower: 66910184482037901621933403444034052414
upper: 121411138451101288395601026024677976156
Result (no wrap): true
2025-05-02 21:40:25 INFO  ChordProtocols:179 - Finger 38 peker n책 til: process5
2025-05-02 21:40:25 INFO  ChordProtocols:173 - Beregner fingerID for finger 39: 66910184482037901621933403993789866302
id: 66910184482037901621933403993789866302
lower: 66910184482037901621933403444034052414
upper: 121411138451101288395601026024677976156
Result (no wrap): true
2025-05-02 21:40:25 INFO  ChordProtocols:179 - Finger 39 peker n책 til: process5
2025-05-02 21:40:25 INFO  ChordProtocols:173 - Beregner fingerID for finger 40: 66910184482037901621933404543545680190
id: 66910184482037901621933404543545680190
lower: 66910184482037901621933403444034052414
upper: 121411138451101288395601026024677976156
Result (no wrap): true
2025-05-02 21:40:25 INFO  ChordProtocols:179 - Finger 40 peker n책 til: process5
2025-05-02 21:40:25 INFO  ChordProtocols:173 - Beregner fingerID for finger 41: 66910184482037901621933405643057307966
id: 66910184482037901621933405643057307966
lower: 66910184482037901621933403444034052414
upper: 121411138451101288395601026024677976156
Result (no wrap): true
2025-05-02 21:40:25 INFO  ChordProtocols:179 - Finger 41 peker n책 til: process5
2025-05-02 21:40:25 INFO  ChordProtocols:173 - Beregner fingerID for finger 42: 66910184482037901621933407842080563518
id: 66910184482037901621933407842080563518
lower: 66910184482037901621933403444034052414
upper: 121411138451101288395601026024677976156
Result (no wrap): true
2025-05-02 21:40:25 INFO  ChordProtocols:179 - Finger 42 peker n책 til: process5
2025-05-02 21:40:25 INFO  ChordProtocols:173 - Beregner fingerID for finger 43: 66910184482037901621933412240127074622
id: 66910184482037901621933412240127074622
lower: 66910184482037901621933403444034052414
upper: 121411138451101288395601026024677976156
Result (no wrap): true
2025-05-02 21:40:25 INFO  ChordProtocols:179 - Finger 43 peker n책 til: process5
2025-05-02 21:40:25 INFO  ChordProtocols:173 - Beregner fingerID for finger 44: 66910184482037901621933421036220096830
id: 66910184482037901621933421036220096830
lower: 66910184482037901621933403444034052414
upper: 121411138451101288395601026024677976156
Result (no wrap): true
2025-05-02 21:40:25 INFO  ChordProtocols:179 - Finger 44 peker n책 til: process5
2025-05-02 21:40:25 INFO  ChordProtocols:173 - Beregner fingerID for finger 45: 66910184482037901621933438628406141246
id: 66910184482037901621933438628406141246
lower: 66910184482037901621933403444034052414
upper: 121411138451101288395601026024677976156
Result (no wrap): true
2025-05-02 21:40:25 INFO  ChordProtocols:179 - Finger 45 peker n책 til: process5
2025-05-02 21:40:25 INFO  ChordProtocols:173 - Beregner fingerID for finger 46: 66910184482037901621933473812778230078
id: 66910184482037901621933473812778230078
lower: 66910184482037901621933403444034052414
upper: 121411138451101288395601026024677976156
Result (no wrap): true
2025-05-02 21:40:25 INFO  ChordProtocols:179 - Finger 46 peker n책 til: process5
2025-05-02 21:40:25 INFO  ChordProtocols:173 - Beregner fingerID for finger 47: 66910184482037901621933544181522407742
id: 66910184482037901621933544181522407742
lower: 66910184482037901621933403444034052414
upper: 121411138451101288395601026024677976156
Result (no wrap): true
2025-05-02 21:40:25 INFO  ChordProtocols:179 - Finger 47 peker n책 til: process5
2025-05-02 21:40:25 INFO  ChordProtocols:173 - Beregner fingerID for finger 48: 66910184482037901621933684919010763070
id: 66910184482037901621933684919010763070
lower: 66910184482037901621933403444034052414
upper: 121411138451101288395601026024677976156
Result (no wrap): true
2025-05-02 21:40:25 INFO  ChordProtocols:179 - Finger 48 peker n책 til: process5
2025-05-02 21:40:25 INFO  ChordProtocols:173 - Beregner fingerID for finger 49: 66910184482037901621933966393987473726
id: 66910184482037901621933966393987473726
lower: 66910184482037901621933403444034052414
upper: 121411138451101288395601026024677976156
Result (no wrap): true
2025-05-02 21:40:25 INFO  ChordProtocols:179 - Finger 49 peker n책 til: process5
2025-05-02 21:40:25 INFO  ChordProtocols:173 - Beregner fingerID for finger 50: 66910184482037901621934529343940895038
id: 66910184482037901621934529343940895038
lower: 66910184482037901621933403444034052414
upper: 121411138451101288395601026024677976156
Result (no wrap): true
2025-05-02 21:40:25 INFO  ChordProtocols:179 - Finger 50 peker n책 til: process5
2025-05-02 21:40:25 INFO  ChordProtocols:173 - Beregner fingerID for finger 51: 66910184482037901621935655243847737662
id: 66910184482037901621935655243847737662
lower: 66910184482037901621933403444034052414
upper: 121411138451101288395601026024677976156
Result (no wrap): true
2025-05-02 21:40:25 INFO  ChordProtocols:179 - Finger 51 peker n책 til: process5
2025-05-02 21:40:25 INFO  ChordProtocols:173 - Beregner fingerID for finger 52: 66910184482037901621937907043661422910
id: 66910184482037901621937907043661422910
lower: 66910184482037901621933403444034052414
upper: 121411138451101288395601026024677976156
Result (no wrap): true
2025-05-02 21:40:25 INFO  ChordProtocols:179 - Finger 52 peker n책 til: process5
2025-05-02 21:40:25 INFO  ChordProtocols:173 - Beregner fingerID for finger 53: 66910184482037901621942410643288793406
id: 66910184482037901621942410643288793406
lower: 66910184482037901621933403444034052414
upper: 121411138451101288395601026024677976156
Result (no wrap): true
2025-05-02 21:40:25 INFO  ChordProtocols:179 - Finger 53 peker n책 til: process5
2025-05-02 21:40:25 INFO  ChordProtocols:173 - Beregner fingerID for finger 54: 66910184482037901621951417842543534398
id: 66910184482037901621951417842543534398
lower: 66910184482037901621933403444034052414
upper: 121411138451101288395601026024677976156
Result (no wrap): true
2025-05-02 21:40:25 INFO  ChordProtocols:179 - Finger 54 peker n책 til: process5
2025-05-02 21:40:25 INFO  ChordProtocols:173 - Beregner fingerID for finger 55: 66910184482037901621969432241053016382
id: 66910184482037901621969432241053016382
lower: 66910184482037901621933403444034052414
upper: 121411138451101288395601026024677976156
Result (no wrap): true
2025-05-02 21:40:25 INFO  ChordProtocols:179 - Finger 55 peker n책 til: process5
2025-05-02 21:40:25 INFO  ChordProtocols:173 - Beregner fingerID for finger 56: 66910184482037901622005461038071980350
id: 66910184482037901622005461038071980350
lower: 66910184482037901621933403444034052414
upper: 121411138451101288395601026024677976156
Result (no wrap): true
2025-05-02 21:40:25 INFO  ChordProtocols:179 - Finger 56 peker n책 til: process5
2025-05-02 21:40:25 INFO  ChordProtocols:173 - Beregner fingerID for finger 57: 66910184482037901622077518632109908286
id: 66910184482037901622077518632109908286
lower: 66910184482037901621933403444034052414
upper: 121411138451101288395601026024677976156
Result (no wrap): true
2025-05-02 21:40:25 INFO  ChordProtocols:179 - Finger 57 peker n책 til: process5
2025-05-02 21:40:25 INFO  ChordProtocols:173 - Beregner fingerID for finger 58: 66910184482037901622221633820185764158
id: 66910184482037901622221633820185764158
lower: 66910184482037901621933403444034052414
upper: 121411138451101288395601026024677976156
Result (no wrap): true
2025-05-02 21:40:25 INFO  ChordProtocols:179 - Finger 58 peker n책 til: process5
2025-05-02 21:40:25 INFO  ChordProtocols:173 - Beregner fingerID for finger 59: 66910184482037901622509864196337475902
id: 66910184482037901622509864196337475902
lower: 66910184482037901621933403444034052414
upper: 121411138451101288395601026024677976156
Result (no wrap): true
2025-05-02 21:40:25 INFO  ChordProtocols:179 - Finger 59 peker n책 til: process5
2025-05-02 21:40:25 INFO  ChordProtocols:173 - Beregner fingerID for finger 60: 66910184482037901623086324948640899390
id: 66910184482037901623086324948640899390
lower: 66910184482037901621933403444034052414
upper: 121411138451101288395601026024677976156
Result (no wrap): true
2025-05-02 21:40:25 INFO  ChordProtocols:179 - Finger 60 peker n책 til: process5
2025-05-02 21:40:25 INFO  ChordProtocols:173 - Beregner fingerID for finger 61: 66910184482037901624239246453247746366
id: 66910184482037901624239246453247746366
lower: 66910184482037901621933403444034052414
upper: 121411138451101288395601026024677976156
Result (no wrap): true
2025-05-02 21:40:25 INFO  ChordProtocols:179 - Finger 61 peker n책 til: process5
2025-05-02 21:40:25 INFO  ChordProtocols:173 - Beregner fingerID for finger 62: 66910184482037901626545089462461440318
id: 66910184482037901626545089462461440318
lower: 66910184482037901621933403444034052414
upper: 121411138451101288395601026024677976156
Result (no wrap): true
2025-05-02 21:40:25 INFO  ChordProtocols:179 - Finger 62 peker n책 til: process5
2025-05-02 21:40:25 INFO  ChordProtocols:173 - Beregner fingerID for finger 63: 66910184482037901631156775480888828222
id: 66910184482037901631156775480888828222
lower: 66910184482037901621933403444034052414
upper: 121411138451101288395601026024677976156
Result (no wrap): true
2025-05-02 21:40:25 INFO  ChordProtocols:179 - Finger 63 peker n책 til: process5
2025-05-02 21:40:25 INFO  ChordProtocols:173 - Beregner fingerID for finger 64: 66910184482037901640380147517743604030
id: 66910184482037901640380147517743604030
lower: 66910184482037901621933403444034052414
upper: 121411138451101288395601026024677976156
Result (no wrap): true
2025-05-02 21:40:25 INFO  ChordProtocols:179 - Finger 64 peker n책 til: process5
2025-05-02 21:40:25 INFO  ChordProtocols:173 - Beregner fingerID for finger 65: 66910184482037901658826891591453155646
id: 66910184482037901658826891591453155646
lower: 66910184482037901621933403444034052414
upper: 121411138451101288395601026024677976156
Result (no wrap): true
2025-05-02 21:40:25 INFO  ChordProtocols:179 - Finger 65 peker n책 til: process5
2025-05-02 21:40:25 INFO  ChordProtocols:173 - Beregner fingerID for finger 66: 66910184482037901695720379738872258878
id: 66910184482037901695720379738872258878
lower: 66910184482037901621933403444034052414
upper: 121411138451101288395601026024677976156
Result (no wrap): true
2025-05-02 21:40:25 INFO  ChordProtocols:179 - Finger 66 peker n책 til: process5
2025-05-02 21:40:25 INFO  ChordProtocols:173 - Beregner fingerID for finger 67: 66910184482037901769507356033710465342
id: 66910184482037901769507356033710465342
lower: 66910184482037901621933403444034052414
upper: 121411138451101288395601026024677976156
Result (no wrap): true
2025-05-02 21:40:25 INFO  ChordProtocols:179 - Finger 67 peker n책 til: process5
2025-05-02 21:40:25 INFO  ChordProtocols:173 - Beregner fingerID for finger 68: 66910184482037901917081308623386878270
id: 66910184482037901917081308623386878270
lower: 66910184482037901621933403444034052414
upper: 121411138451101288395601026024677976156
Result (no wrap): true
2025-05-02 21:40:25 INFO  ChordProtocols:179 - Finger 68 peker n책 til: process5
2025-05-02 21:40:25 INFO  ChordProtocols:173 - Beregner fingerID for finger 69: 66910184482037902212229213802739704126
id: 66910184482037902212229213802739704126
lower: 66910184482037901621933403444034052414
upper: 121411138451101288395601026024677976156
Result (no wrap): true
2025-05-02 21:40:25 INFO  ChordProtocols:179 - Finger 69 peker n책 til: process5
2025-05-02 21:40:25 INFO  ChordProtocols:173 - Beregner fingerID for finger 70: 66910184482037902802525024161445355838
id: 66910184482037902802525024161445355838
lower: 66910184482037901621933403444034052414
upper: 121411138451101288395601026024677976156
Result (no wrap): true
2025-05-02 21:40:25 INFO  ChordProtocols:179 - Finger 70 peker n책 til: process5
2025-05-02 21:40:25 INFO  ChordProtocols:173 - Beregner fingerID for finger 71: 66910184482037903983116644878856659262
id: 66910184482037903983116644878856659262
lower: 66910184482037901621933403444034052414
upper: 121411138451101288395601026024677976156
Result (no wrap): true
2025-05-02 21:40:25 INFO  ChordProtocols:179 - Finger 71 peker n책 til: process5
2025-05-02 21:40:25 INFO  ChordProtocols:173 - Beregner fingerID for finger 72: 66910184482037906344299886313679266110
id: 66910184482037906344299886313679266110
lower: 66910184482037901621933403444034052414
upper: 121411138451101288395601026024677976156
Result (no wrap): true
2025-05-02 21:40:25 INFO  ChordProtocols:179 - Finger 72 peker n책 til: process5
2025-05-02 21:40:25 INFO  ChordProtocols:173 - Beregner fingerID for finger 73: 66910184482037911066666369183324479806
id: 66910184482037911066666369183324479806
lower: 66910184482037901621933403444034052414
upper: 121411138451101288395601026024677976156
Result (no wrap): true
2025-05-02 21:40:25 INFO  ChordProtocols:179 - Finger 73 peker n책 til: process5
2025-05-02 21:40:25 INFO  ChordProtocols:173 - Beregner fingerID for finger 74: 66910184482037920511399334922614907198
id: 66910184482037920511399334922614907198
lower: 66910184482037901621933403444034052414
upper: 121411138451101288395601026024677976156
Result (no wrap): true
2025-05-02 21:40:25 INFO  ChordProtocols:179 - Finger 74 peker n책 til: process5
2025-05-02 21:40:25 INFO  ChordProtocols:173 - Beregner fingerID for finger 75: 66910184482037939400865266401195761982
id: 66910184482037939400865266401195761982
lower: 66910184482037901621933403444034052414
upper: 121411138451101288395601026024677976156
Result (no wrap): true
2025-05-02 21:40:25 INFO  ChordProtocols:179 - Finger 75 peker n책 til: process5
2025-05-02 21:40:25 INFO  ChordProtocols:173 - Beregner fingerID for finger 76: 66910184482037977179797129358357471550
id: 66910184482037977179797129358357471550
lower: 66910184482037901621933403444034052414
upper: 121411138451101288395601026024677976156
Result (no wrap): true
2025-05-02 21:40:25 INFO  ChordProtocols:179 - Finger 76 peker n책 til: process5
2025-05-02 21:40:25 INFO  ChordProtocols:173 - Beregner fingerID for finger 77: 66910184482038052737660855272680890686
id: 66910184482038052737660855272680890686
lower: 66910184482037901621933403444034052414
upper: 121411138451101288395601026024677976156
Result (no wrap): true
2025-05-02 21:40:25 INFO  ChordProtocols:179 - Finger 77 peker n책 til: process5
2025-05-02 21:40:25 INFO  ChordProtocols:173 - Beregner fingerID for finger 78: 66910184482038203853388307101327728958
id: 66910184482038203853388307101327728958
lower: 66910184482037901621933403444034052414
upper: 121411138451101288395601026024677976156
Result (no wrap): true
2025-05-02 21:40:25 INFO  ChordProtocols:179 - Finger 78 peker n책 til: process5
2025-05-02 21:40:25 INFO  ChordProtocols:173 - Beregner fingerID for finger 79: 66910184482038506084843210758621405502
id: 66910184482038506084843210758621405502
lower: 66910184482037901621933403444034052414
upper: 121411138451101288395601026024677976156
Result (no wrap): true
2025-05-02 21:40:25 INFO  ChordProtocols:179 - Finger 79 peker n책 til: process5
2025-05-02 21:40:25 INFO  ChordProtocols:173 - Beregner fingerID for finger 80: 66910184482039110547753018073208758590
id: 66910184482039110547753018073208758590
lower: 66910184482037901621933403444034052414
upper: 121411138451101288395601026024677976156
Result (no wrap): true
2025-05-02 21:40:25 INFO  ChordProtocols:179 - Finger 80 peker n책 til: process5
2025-05-02 21:40:25 INFO  ChordProtocols:173 - Beregner fingerID for finger 81: 66910184482040319473572632702383464766
id: 66910184482040319473572632702383464766
lower: 66910184482037901621933403444034052414
upper: 121411138451101288395601026024677976156
Result (no wrap): true
2025-05-02 21:40:25 INFO  ChordProtocols:179 - Finger 81 peker n책 til: process5
2025-05-02 21:40:25 INFO  ChordProtocols:173 - Beregner fingerID for finger 82: 66910184482042737325211861960732877118
id: 66910184482042737325211861960732877118
lower: 66910184482037901621933403444034052414
upper: 121411138451101288395601026024677976156
Result (no wrap): true
2025-05-02 21:40:25 INFO  ChordProtocols:179 - Finger 82 peker n책 til: process5
2025-05-02 21:40:25 INFO  ChordProtocols:173 - Beregner fingerID for finger 83: 66910184482047573028490320477431701822
id: 66910184482047573028490320477431701822
lower: 66910184482037901621933403444034052414
upper: 121411138451101288395601026024677976156
Result (no wrap): true
2025-05-02 21:40:25 INFO  ChordProtocols:179 - Finger 83 peker n책 til: process5
2025-05-02 21:40:25 INFO  ChordProtocols:173 - Beregner fingerID for finger 84: 66910184482057244435047237510829351230
id: 66910184482057244435047237510829351230
lower: 66910184482037901621933403444034052414
upper: 121411138451101288395601026024677976156
Result (no wrap): true
2025-05-02 21:40:25 INFO  ChordProtocols:179 - Finger 84 peker n책 til: process5
2025-05-02 21:40:25 INFO  ChordProtocols:173 - Beregner fingerID for finger 85: 66910184482076587248161071577624650046
id: 66910184482076587248161071577624650046
lower: 66910184482037901621933403444034052414
upper: 121411138451101288395601026024677976156
Result (no wrap): true
2025-05-02 21:40:25 INFO  ChordProtocols:179 - Finger 85 peker n책 til: process5
2025-05-02 21:40:25 INFO  ChordProtocols:173 - Beregner fingerID for finger 86: 66910184482115272874388739711215247678
id: 66910184482115272874388739711215247678
lower: 66910184482037901621933403444034052414
upper: 121411138451101288395601026024677976156
Result (no wrap): true
2025-05-02 21:40:25 INFO  ChordProtocols:179 - Finger 86 peker n책 til: process5
2025-05-02 21:40:25 INFO  ChordProtocols:173 - Beregner fingerID for finger 87: 66910184482192644126844075978396442942
id: 66910184482192644126844075978396442942
lower: 66910184482037901621933403444034052414
upper: 121411138451101288395601026024677976156
Result (no wrap): true
2025-05-02 21:40:25 INFO  ChordProtocols:179 - Finger 87 peker n책 til: process5
2025-05-02 21:40:25 INFO  ChordProtocols:173 - Beregner fingerID for finger 88: 66910184482347386631754748512758833470
id: 66910184482347386631754748512758833470
lower: 66910184482037901621933403444034052414
upper: 121411138451101288395601026024677976156
Result (no wrap): true
2025-05-02 21:40:25 INFO  ChordProtocols:179 - Finger 88 peker n책 til: process5
2025-05-02 21:40:25 INFO  ChordProtocols:173 - Beregner fingerID for finger 89: 66910184482656871641576093581483614526
id: 66910184482656871641576093581483614526
lower: 66910184482037901621933403444034052414
upper: 121411138451101288395601026024677976156
Result (no wrap): true
2025-05-02 21:40:25 INFO  ChordProtocols:179 - Finger 89 peker n책 til: process5
2025-05-02 21:40:25 INFO  ChordProtocols:173 - Beregner fingerID for finger 90: 66910184483275841661218783718933176638
id: 66910184483275841661218783718933176638
lower: 66910184482037901621933403444034052414
upper: 121411138451101288395601026024677976156
Result (no wrap): true
2025-05-02 21:40:25 INFO  ChordProtocols:179 - Finger 90 peker n책 til: process5
2025-05-02 21:40:25 INFO  ChordProtocols:173 - Beregner fingerID for finger 91: 66910184484513781700504163993832300862
id: 66910184484513781700504163993832300862
lower: 66910184482037901621933403444034052414
upper: 121411138451101288395601026024677976156
Result (no wrap): true
2025-05-02 21:40:25 INFO  ChordProtocols:179 - Finger 91 peker n책 til: process5
2025-05-02 21:40:25 INFO  ChordProtocols:173 - Beregner fingerID for finger 92: 66910184486989661779074924543630549310
id: 66910184486989661779074924543630549310
lower: 66910184482037901621933403444034052414
upper: 121411138451101288395601026024677976156
Result (no wrap): true
2025-05-02 21:40:25 INFO  ChordProtocols:179 - Finger 92 peker n책 til: process5
2025-05-02 21:40:25 INFO  ChordProtocols:173 - Beregner fingerID for finger 93: 66910184491941421936216445643227046206
id: 66910184491941421936216445643227046206
lower: 66910184482037901621933403444034052414
upper: 121411138451101288395601026024677976156
Result (no wrap): true
2025-05-02 21:40:25 INFO  ChordProtocols:179 - Finger 93 peker n책 til: process5
2025-05-02 21:40:25 INFO  ChordProtocols:173 - Beregner fingerID for finger 94: 66910184501844942250499487842420039998
id: 66910184501844942250499487842420039998
lower: 66910184482037901621933403444034052414
upper: 121411138451101288395601026024677976156
Result (no wrap): true
2025-05-02 21:40:25 INFO  ChordProtocols:179 - Finger 94 peker n책 til: process5
2025-05-02 21:40:25 INFO  ChordProtocols:173 - Beregner fingerID for finger 95: 66910184521651982879065572240806027582
id: 66910184521651982879065572240806027582
lower: 66910184482037901621933403444034052414
upper: 121411138451101288395601026024677976156
Result (no wrap): true
2025-05-02 21:40:25 INFO  ChordProtocols:179 - Finger 95 peker n책 til: process5
2025-05-02 21:40:25 INFO  ChordProtocols:173 - Beregner fingerID for finger 96: 66910184561266064136197741037578002750
id: 66910184561266064136197741037578002750
lower: 66910184482037901621933403444034052414
upper: 121411138451101288395601026024677976156
Result (no wrap): true
2025-05-02 21:40:25 INFO  ChordProtocols:179 - Finger 96 peker n책 til: process5
2025-05-02 21:40:25 INFO  ChordProtocols:173 - Beregner fingerID for finger 97: 66910184640494226650462078631121953086
id: 66910184640494226650462078631121953086
lower: 66910184482037901621933403444034052414
upper: 121411138451101288395601026024677976156
Result (no wrap): true
2025-05-02 21:40:25 INFO  ChordProtocols:179 - Finger 97 peker n책 til: process5
2025-05-02 21:40:25 INFO  ChordProtocols:173 - Beregner fingerID for finger 98: 66910184798950551678990753818209853758
id: 66910184798950551678990753818209853758
lower: 66910184482037901621933403444034052414
upper: 121411138451101288395601026024677976156
Result (no wrap): true
2025-05-02 21:40:25 INFO  ChordProtocols:179 - Finger 98 peker n책 til: process5
2025-05-02 21:40:25 INFO  ChordProtocols:173 - Beregner fingerID for finger 99: 66910185115863201736048104192385655102
id: 66910185115863201736048104192385655102
lower: 66910184482037901621933403444034052414
upper: 121411138451101288395601026024677976156
Result (no wrap): true
2025-05-02 21:40:25 INFO  ChordProtocols:179 - Finger 99 peker n책 til: process5
2025-05-02 21:40:25 INFO  ChordProtocols:173 - Beregner fingerID for finger 100: 66910185749688501850162804940737257790
id: 66910185749688501850162804940737257790
lower: 66910184482037901621933403444034052414
upper: 121411138451101288395601026024677976156
Result (no wrap): true
2025-05-02 21:40:25 INFO  ChordProtocols:179 - Finger 100 peker n책 til: process5
2025-05-02 21:40:25 INFO  ChordProtocols:173 - Beregner fingerID for finger 101: 66910187017339102078392206437440463166
id: 66910187017339102078392206437440463166
lower: 66910184482037901621933403444034052414
upper: 121411138451101288395601026024677976156
Result (no wrap): true
2025-05-02 21:40:25 INFO  ChordProtocols:179 - Finger 101 peker n책 til: process5
2025-05-02 21:40:25 INFO  ChordProtocols:173 - Beregner fingerID for finger 102: 66910189552640302534851009430846873918
id: 66910189552640302534851009430846873918
lower: 66910184482037901621933403444034052414
upper: 121411138451101288395601026024677976156
Result (no wrap): true
2025-05-02 21:40:25 INFO  ChordProtocols:179 - Finger 102 peker n책 til: process5
2025-05-02 21:40:25 INFO  ChordProtocols:173 - Beregner fingerID for finger 103: 66910194623242703447768615417659695422
id: 66910194623242703447768615417659695422
lower: 66910184482037901621933403444034052414
upper: 121411138451101288395601026024677976156
Result (no wrap): true
2025-05-02 21:40:25 INFO  ChordProtocols:179 - Finger 103 peker n책 til: process5
2025-05-02 21:40:25 INFO  ChordProtocols:173 - Beregner fingerID for finger 104: 66910204764447505273603827391285338430
id: 66910204764447505273603827391285338430
lower: 66910184482037901621933403444034052414
upper: 121411138451101288395601026024677976156
Result (no wrap): true
2025-05-02 21:40:25 INFO  ChordProtocols:179 - Finger 104 peker n책 til: process5
2025-05-02 21:40:25 INFO  ChordProtocols:173 - Beregner fingerID for finger 105: 66910225046857108925274251338536624446
id: 66910225046857108925274251338536624446
lower: 66910184482037901621933403444034052414
upper: 121411138451101288395601026024677976156
Result (no wrap): true
2025-05-02 21:40:25 INFO  ChordProtocols:179 - Finger 105 peker n책 til: process5
2025-05-02 21:40:25 INFO  ChordProtocols:173 - Beregner fingerID for finger 106: 66910265611676316228615099233039196478
id: 66910265611676316228615099233039196478
lower: 66910184482037901621933403444034052414
upper: 121411138451101288395601026024677976156
Result (no wrap): true
2025-05-02 21:40:25 INFO  ChordProtocols:179 - Finger 106 peker n책 til: process5
2025-05-02 21:40:25 INFO  ChordProtocols:173 - Beregner fingerID for finger 107: 66910346741314730835296795022044340542
id: 66910346741314730835296795022044340542
lower: 66910184482037901621933403444034052414
upper: 121411138451101288395601026024677976156
Result (no wrap): true
2025-05-02 21:40:25 INFO  ChordProtocols:179 - Finger 107 peker n책 til: process5
2025-05-02 21:40:25 INFO  ChordProtocols:173 - Beregner fingerID for finger 108: 66910509000591560048660186600054628670
id: 66910509000591560048660186600054628670
lower: 66910184482037901621933403444034052414
upper: 121411138451101288395601026024677976156
Result (no wrap): true
2025-05-02 21:40:25 INFO  ChordProtocols:179 - Finger 108 peker n책 til: process5
2025-05-02 21:40:25 INFO  ChordProtocols:173 - Beregner fingerID for finger 109: 66910833519145218475386969756075204926
id: 66910833519145218475386969756075204926
lower: 66910184482037901621933403444034052414
upper: 121411138451101288395601026024677976156
Result (no wrap): true
2025-05-02 21:40:25 INFO  ChordProtocols:179 - Finger 109 peker n책 til: process5
2025-05-02 21:40:25 INFO  ChordProtocols:173 - Beregner fingerID for finger 110: 66911482556252535328840536068116357438
id: 66911482556252535328840536068116357438
lower: 66910184482037901621933403444034052414
upper: 121411138451101288395601026024677976156
Result (no wrap): true
2025-05-02 21:40:25 INFO  ChordProtocols:179 - Finger 110 peker n책 til: process5
2025-05-02 21:40:25 INFO  ChordProtocols:173 - Beregner fingerID for finger 111: 66912780630467169035747668692198662462
id: 66912780630467169035747668692198662462
lower: 66910184482037901621933403444034052414
upper: 121411138451101288395601026024677976156
Result (no wrap): true
2025-05-02 21:40:25 INFO  ChordProtocols:179 - Finger 111 peker n책 til: process5
2025-05-02 21:40:25 INFO  ChordProtocols:173 - Beregner fingerID for finger 112: 66915376778896436449561933940363272510
id: 66915376778896436449561933940363272510
lower: 66910184482037901621933403444034052414
upper: 121411138451101288395601026024677976156
Result (no wrap): true
2025-05-02 21:40:25 INFO  ChordProtocols:179 - Finger 112 peker n책 til: process5
2025-05-02 21:40:25 INFO  ChordProtocols:173 - Beregner fingerID for finger 113: 66920569075754971277190464436692492606
id: 66920569075754971277190464436692492606
lower: 66910184482037901621933403444034052414
upper: 121411138451101288395601026024677976156
Result (no wrap): true
2025-05-02 21:40:25 INFO  ChordProtocols:179 - Finger 113 peker n책 til: process5
2025-05-02 21:40:25 INFO  ChordProtocols:173 - Beregner fingerID for finger 114: 66930953669472040932447525429350932798
id: 66930953669472040932447525429350932798
lower: 66910184482037901621933403444034052414
upper: 121411138451101288395601026024677976156
Result (no wrap): true
2025-05-02 21:40:25 INFO  ChordProtocols:179 - Finger 114 peker n책 til: process5
2025-05-02 21:40:25 INFO  ChordProtocols:173 - Beregner fingerID for finger 115: 66951722856906180242961647414667813182
id: 66951722856906180242961647414667813182
lower: 66910184482037901621933403444034052414
upper: 121411138451101288395601026024677976156
Result (no wrap): true
2025-05-02 21:40:25 INFO  ChordProtocols:179 - Finger 115 peker n책 til: process5
2025-05-02 21:40:25 INFO  ChordProtocols:173 - Beregner fingerID for finger 116: 66993261231774458863989891385301573950
id: 66993261231774458863989891385301573950
lower: 66910184482037901621933403444034052414
upper: 121411138451101288395601026024677976156
Result (no wrap): true
2025-05-02 21:40:25 INFO  ChordProtocols:179 - Finger 116 peker n책 til: process5
2025-05-02 21:40:25 INFO  ChordProtocols:173 - Beregner fingerID for finger 117: 67076337981511016106046379326569095486
id: 67076337981511016106046379326569095486
lower: 66910184482037901621933403444034052414
upper: 121411138451101288395601026024677976156
Result (no wrap): true
2025-05-02 21:40:25 INFO  ChordProtocols:179 - Finger 117 peker n책 til: process5
2025-05-02 21:40:25 INFO  ChordProtocols:173 - Beregner fingerID for finger 118: 67242491480984130590159355209104138558
id: 67242491480984130590159355209104138558
lower: 66910184482037901621933403444034052414
upper: 121411138451101288395601026024677976156
Result (no wrap): true
2025-05-02 21:40:25 INFO  ChordProtocols:179 - Finger 118 peker n책 til: process5
2025-05-02 21:40:25 INFO  ChordProtocols:173 - Beregner fingerID for finger 119: 67574798479930359558385306974174224702
id: 67574798479930359558385306974174224702
lower: 66910184482037901621933403444034052414
upper: 121411138451101288395601026024677976156
Result (no wrap): true
2025-05-02 21:40:25 INFO  ChordProtocols:179 - Finger 119 peker n책 til: process5
2025-05-02 21:40:25 INFO  ChordProtocols:173 - Beregner fingerID for finger 120: 68239412477822817494837210504314396990
id: 68239412477822817494837210504314396990
lower: 66910184482037901621933403444034052414
upper: 121411138451101288395601026024677976156
Result (no wrap): true
2025-05-02 21:40:25 INFO  ChordProtocols:179 - Finger 120 peker n책 til: process5
2025-05-02 21:40:25 INFO  ChordProtocols:173 - Beregner fingerID for finger 121: 69568640473607733367741017564594741566
id: 69568640473607733367741017564594741566
lower: 66910184482037901621933403444034052414
upper: 121411138451101288395601026024677976156
Result (no wrap): true
2025-05-02 21:40:25 INFO  ChordProtocols:179 - Finger 121 peker n책 til: process5
2025-05-02 21:40:25 INFO  ChordProtocols:173 - Beregner fingerID for finger 122: 72227096465177565113548631685155430718
id: 72227096465177565113548631685155430718
lower: 66910184482037901621933403444034052414
upper: 121411138451101288395601026024677976156
Result (no wrap): true
2025-05-02 21:40:25 INFO  ChordProtocols:179 - Finger 122 peker n책 til: process5
2025-05-02 21:40:25 INFO  ChordProtocols:173 - Beregner fingerID for finger 123: 77544008448317228605163859926276809022
id: 77544008448317228605163859926276809022
lower: 66910184482037901621933403444034052414
upper: 121411138451101288395601026024677976156
Result (no wrap): true
2025-05-02 21:40:25 INFO  ChordProtocols:179 - Finger 123 peker n책 til: process5
2025-05-02 21:40:25 INFO  ChordProtocols:173 - Beregner fingerID for finger 124: 88177832414596555588394316408519565630
id: 88177832414596555588394316408519565630
lower: 66910184482037901621933403444034052414
upper: 121411138451101288395601026024677976156
Result (no wrap): true
2025-05-02 21:40:25 INFO  ChordProtocols:179 - Finger 124 peker n책 til: process5
2025-05-02 21:40:25 INFO  ChordProtocols:173 - Beregner fingerID for finger 125: 109445480347155209554855229373005078846
id: 109445480347155209554855229373005078846
lower: 66910184482037901621933403444034052414
upper: 121411138451101288395601026024677976156
Result (no wrap): true
2025-05-02 21:40:25 INFO  ChordProtocols:179 - Finger 125 peker n책 til: process5
2025-05-02 21:40:25 INFO  ChordProtocols:173 - Beregner fingerID for finger 126: 151980776212272517487777055301976105278
id: 151980776212272517487777055301976105278
lower: 66910184482037901621933403444034052414
upper: 121411138451101288395601026024677976156
Result (no wrap): false
id: 121411138451101288395601026024677976156
lower: 66910184482037901621933403444034052414
upper: 151980776212272517487777055301976105278
Result (no wrap): true
id: 151980776212272517487777055301976105278
lower: 121411138451101288395601026024677976156
upper: 210821560651360572675896360671414673172
Result (no wrap): true
2025-05-02 21:40:25 INFO  ChordProtocols:179 - Finger 126 peker n책 til: process4
2025-05-02 21:40:25 INFO  ChordProtocols:173 - Beregner fingerID for finger 127: 237051367942507133353620707159918158142
id: 237051367942507133353620707159918158142
lower: 66910184482037901621933403444034052414
upper: 121411138451101288395601026024677976156
Result (no wrap): false
id: 210821560651360572675896360671414673172
lower: 66910184482037901621933403444034052414
upper: 237051367942507133353620707159918158142
Result (no wrap): true
id: 237051367942507133353620707159918158142
lower: 210821560651360572675896360671414673172
upper: 15618062003214643351512781541041391612
Result (wrap): true
2025-05-02 21:40:25 INFO  ChordProtocols:179 - Finger 127 peker n책 til: process2
2025-05-02 21:40:25 INFO  StabilizationProtocols:60 - Checking the predecessor for Node: process3
==================================
Node Identifier = 66910184482037901621933403444034052414
Node IP address = process3
successor(process3) = process5
predecessor(process3) = process3
Current File keys for process3 => []
==================================
2025-05-02 21:40:25 INFO  StabilizationProtocols:130 - Updating the successor for Node: process4
id: 210821560651360572675896360671414673173
lower: 210821560651360572675896360671414673172
upper: 15618062003214643351512781541041391612
Result (wrap): true
2025-05-02 21:40:25 INFO  StabilizationProtocols:84 - Stabilizing ring from process4...
2025-05-02 21:40:25 INFO  StabilizationProtocols:91 - Stabilize ring: succnode = process2
id: 210821560651360572675896360671414673172
lower: 210821560651360572675896360671414673173
upper: 15618062003214643351512781541041391613
Result (wrap): false
2025-05-02 21:40:25 INFO  StabilizationProtocols:113 - Finished stabilizing chordring from process4
2025-05-02 21:40:25 INFO  ChordProtocols:159 - Oppdaterer FingerTable for Node: process4
2025-05-02 21:40:25 INFO  ChordProtocols:173 - Beregner fingerID for finger 0: 210821560651360572675896360671414673173
id: 210821560651360572675896360671414673173
lower: 210821560651360572675896360671414673172
upper: 15618062003214643351512781541041391612
Result (wrap): true
2025-05-02 21:40:25 INFO  ChordProtocols:179 - Finger 0 peker n책 til: process2
2025-05-02 21:40:25 INFO  ChordProtocols:173 - Beregner fingerID for finger 1: 210821560651360572675896360671414673174
id: 210821560651360572675896360671414673174
lower: 210821560651360572675896360671414673172
upper: 15618062003214643351512781541041391612
Result (wrap): true
2025-05-02 21:40:25 INFO  ChordProtocols:179 - Finger 1 peker n책 til: process2
2025-05-02 21:40:25 INFO  ChordProtocols:173 - Beregner fingerID for finger 2: 210821560651360572675896360671414673176
id: 210821560651360572675896360671414673176
lower: 210821560651360572675896360671414673172
upper: 15618062003214643351512781541041391612
Result (wrap): true
2025-05-02 21:40:25 INFO  ChordProtocols:179 - Finger 2 peker n책 til: process2
2025-05-02 21:40:25 INFO  ChordProtocols:173 - Beregner fingerID for finger 3: 210821560651360572675896360671414673180
id: 210821560651360572675896360671414673180
lower: 210821560651360572675896360671414673172
upper: 15618062003214643351512781541041391612
Result (wrap): true
2025-05-02 21:40:25 INFO  ChordProtocols:179 - Finger 3 peker n책 til: process2
2025-05-02 21:40:25 INFO  ChordProtocols:173 - Beregner fingerID for finger 4: 210821560651360572675896360671414673188
id: 210821560651360572675896360671414673188
lower: 210821560651360572675896360671414673172
upper: 15618062003214643351512781541041391612
Result (wrap): true
2025-05-02 21:40:25 INFO  ChordProtocols:179 - Finger 4 peker n책 til: process2
2025-05-02 21:40:25 INFO  ChordProtocols:173 - Beregner fingerID for finger 5: 210821560651360572675896360671414673204
id: 210821560651360572675896360671414673204
lower: 210821560651360572675896360671414673172
upper: 15618062003214643351512781541041391612
Result (wrap): true
2025-05-02 21:40:25 INFO  ChordProtocols:179 - Finger 5 peker n책 til: process2
2025-05-02 21:40:25 INFO  ChordProtocols:173 - Beregner fingerID for finger 6: 210821560651360572675896360671414673236
id: 210821560651360572675896360671414673236
lower: 210821560651360572675896360671414673172
upper: 15618062003214643351512781541041391612
Result (wrap): true
2025-05-02 21:40:25 INFO  ChordProtocols:179 - Finger 6 peker n책 til: process2
2025-05-02 21:40:25 INFO  ChordProtocols:173 - Beregner fingerID for finger 7: 210821560651360572675896360671414673300
id: 210821560651360572675896360671414673300
lower: 210821560651360572675896360671414673172
upper: 15618062003214643351512781541041391612
Result (wrap): true
2025-05-02 21:40:25 INFO  ChordProtocols:179 - Finger 7 peker n책 til: process2
2025-05-02 21:40:25 INFO  ChordProtocols:173 - Beregner fingerID for finger 8: 210821560651360572675896360671414673428
id: 210821560651360572675896360671414673428
lower: 210821560651360572675896360671414673172
upper: 15618062003214643351512781541041391612
Result (wrap): true
2025-05-02 21:40:25 INFO  ChordProtocols:179 - Finger 8 peker n책 til: process2
2025-05-02 21:40:25 INFO  ChordProtocols:173 - Beregner fingerID for finger 9: 210821560651360572675896360671414673684
id: 210821560651360572675896360671414673684
lower: 210821560651360572675896360671414673172
upper: 15618062003214643351512781541041391612
Result (wrap): true
2025-05-02 21:40:25 INFO  ChordProtocols:179 - Finger 9 peker n책 til: process2
2025-05-02 21:40:25 INFO  ChordProtocols:173 - Beregner fingerID for finger 10: 210821560651360572675896360671414674196
id: 210821560651360572675896360671414674196
lower: 210821560651360572675896360671414673172
upper: 15618062003214643351512781541041391612
Result (wrap): true
2025-05-02 21:40:25 INFO  ChordProtocols:179 - Finger 10 peker n책 til: process2
2025-05-02 21:40:25 INFO  ChordProtocols:173 - Beregner fingerID for finger 11: 210821560651360572675896360671414675220
id: 210821560651360572675896360671414675220
lower: 210821560651360572675896360671414673172
upper: 15618062003214643351512781541041391612
Result (wrap): true
2025-05-02 21:40:25 INFO  ChordProtocols:179 - Finger 11 peker n책 til: process2
2025-05-02 21:40:25 INFO  ChordProtocols:173 - Beregner fingerID for finger 12: 210821560651360572675896360671414677268
id: 210821560651360572675896360671414677268
lower: 210821560651360572675896360671414673172
upper: 15618062003214643351512781541041391612
Result (wrap): true
2025-05-02 21:40:25 INFO  ChordProtocols:179 - Finger 12 peker n책 til: process2
2025-05-02 21:40:25 INFO  ChordProtocols:173 - Beregner fingerID for finger 13: 210821560651360572675896360671414681364
id: 210821560651360572675896360671414681364
lower: 210821560651360572675896360671414673172
upper: 15618062003214643351512781541041391612
Result (wrap): true
2025-05-02 21:40:25 INFO  ChordProtocols:179 - Finger 13 peker n책 til: process2
2025-05-02 21:40:25 INFO  ChordProtocols:173 - Beregner fingerID for finger 14: 210821560651360572675896360671414689556
id: 210821560651360572675896360671414689556
lower: 210821560651360572675896360671414673172
upper: 15618062003214643351512781541041391612
Result (wrap): true
2025-05-02 21:40:25 INFO  ChordProtocols:179 - Finger 14 peker n책 til: process2
2025-05-02 21:40:25 INFO  ChordProtocols:173 - Beregner fingerID for finger 15: 210821560651360572675896360671414705940
id: 210821560651360572675896360671414705940
lower: 210821560651360572675896360671414673172
upper: 15618062003214643351512781541041391612
Result (wrap): true
2025-05-02 21:40:25 INFO  ChordProtocols:179 - Finger 15 peker n책 til: process2
2025-05-02 21:40:25 INFO  ChordProtocols:173 - Beregner fingerID for finger 16: 210821560651360572675896360671414738708
id: 210821560651360572675896360671414738708
lower: 210821560651360572675896360671414673172
upper: 15618062003214643351512781541041391612
Result (wrap): true
2025-05-02 21:40:25 INFO  ChordProtocols:179 - Finger 16 peker n책 til: process2
2025-05-02 21:40:25 INFO  ChordProtocols:173 - Beregner fingerID for finger 17: 210821560651360572675896360671414804244
id: 210821560651360572675896360671414804244
lower: 210821560651360572675896360671414673172
upper: 15618062003214643351512781541041391612
Result (wrap): true
2025-05-02 21:40:25 INFO  ChordProtocols:179 - Finger 17 peker n책 til: process2
2025-05-02 21:40:25 INFO  ChordProtocols:173 - Beregner fingerID for finger 18: 210821560651360572675896360671414935316
id: 210821560651360572675896360671414935316
lower: 210821560651360572675896360671414673172
upper: 15618062003214643351512781541041391612
Result (wrap): true
2025-05-02 21:40:25 INFO  ChordProtocols:179 - Finger 18 peker n책 til: process2
2025-05-02 21:40:25 INFO  ChordProtocols:173 - Beregner fingerID for finger 19: 210821560651360572675896360671415197460
id: 210821560651360572675896360671415197460
lower: 210821560651360572675896360671414673172
upper: 15618062003214643351512781541041391612
Result (wrap): true
2025-05-02 21:40:25 INFO  ChordProtocols:179 - Finger 19 peker n책 til: process2
2025-05-02 21:40:25 INFO  ChordProtocols:173 - Beregner fingerID for finger 20: 210821560651360572675896360671415721748
id: 210821560651360572675896360671415721748
lower: 210821560651360572675896360671414673172
upper: 15618062003214643351512781541041391612
Result (wrap): true
2025-05-02 21:40:25 INFO  ChordProtocols:179 - Finger 20 peker n책 til: process2
2025-05-02 21:40:25 INFO  ChordProtocols:173 - Beregner fingerID for finger 21: 210821560651360572675896360671416770324
id: 210821560651360572675896360671416770324
lower: 210821560651360572675896360671414673172
upper: 15618062003214643351512781541041391612
Result (wrap): true
2025-05-02 21:40:25 INFO  ChordProtocols:179 - Finger 21 peker n책 til: process2
2025-05-02 21:40:25 INFO  ChordProtocols:173 - Beregner fingerID for finger 22: 210821560651360572675896360671418867476
id: 210821560651360572675896360671418867476
lower: 210821560651360572675896360671414673172
upper: 15618062003214643351512781541041391612
Result (wrap): true
2025-05-02 21:40:25 INFO  ChordProtocols:179 - Finger 22 peker n책 til: process2
2025-05-02 21:40:25 INFO  ChordProtocols:173 - Beregner fingerID for finger 23: 210821560651360572675896360671423061780
id: 210821560651360572675896360671423061780
lower: 210821560651360572675896360671414673172
upper: 15618062003214643351512781541041391612
Result (wrap): true
2025-05-02 21:40:25 INFO  ChordProtocols:179 - Finger 23 peker n책 til: process2
2025-05-02 21:40:25 INFO  ChordProtocols:173 - Beregner fingerID for finger 24: 210821560651360572675896360671431450388
id: 210821560651360572675896360671431450388
lower: 210821560651360572675896360671414673172
upper: 15618062003214643351512781541041391612
Result (wrap): true
2025-05-02 21:40:25 INFO  ChordProtocols:179 - Finger 24 peker n책 til: process2
2025-05-02 21:40:25 INFO  ChordProtocols:173 - Beregner fingerID for finger 25: 210821560651360572675896360671448227604
id: 210821560651360572675896360671448227604
lower: 210821560651360572675896360671414673172
upper: 15618062003214643351512781541041391612
Result (wrap): true
2025-05-02 21:40:25 INFO  ChordProtocols:179 - Finger 25 peker n책 til: process2
2025-05-02 21:40:25 INFO  ChordProtocols:173 - Beregner fingerID for finger 26: 210821560651360572675896360671481782036
id: 210821560651360572675896360671481782036
lower: 210821560651360572675896360671414673172
upper: 15618062003214643351512781541041391612
Result (wrap): true
2025-05-02 21:40:25 INFO  ChordProtocols:179 - Finger 26 peker n책 til: process2
2025-05-02 21:40:25 INFO  ChordProtocols:173 - Beregner fingerID for finger 27: 210821560651360572675896360671548890900
id: 210821560651360572675896360671548890900
lower: 210821560651360572675896360671414673172
upper: 15618062003214643351512781541041391612
Result (wrap): true
2025-05-02 21:40:25 INFO  ChordProtocols:179 - Finger 27 peker n책 til: process2
2025-05-02 21:40:25 INFO  ChordProtocols:173 - Beregner fingerID for finger 28: 210821560651360572675896360671683108628
id: 210821560651360572675896360671683108628
lower: 210821560651360572675896360671414673172
upper: 15618062003214643351512781541041391612
Result (wrap): true
2025-05-02 21:40:25 INFO  ChordProtocols:179 - Finger 28 peker n책 til: process2
2025-05-02 21:40:25 INFO  ChordProtocols:173 - Beregner fingerID for finger 29: 210821560651360572675896360671951544084
id: 210821560651360572675896360671951544084
lower: 210821560651360572675896360671414673172
upper: 15618062003214643351512781541041391612
Result (wrap): true
2025-05-02 21:40:25 INFO  ChordProtocols:179 - Finger 29 peker n책 til: process2
2025-05-02 21:40:25 INFO  ChordProtocols:173 - Beregner fingerID for finger 30: 210821560651360572675896360672488414996
id: 210821560651360572675896360672488414996
lower: 210821560651360572675896360671414673172
upper: 15618062003214643351512781541041391612
Result (wrap): true
2025-05-02 21:40:25 INFO  ChordProtocols:179 - Finger 30 peker n책 til: process2
2025-05-02 21:40:25 INFO  ChordProtocols:173 - Beregner fingerID for finger 31: 210821560651360572675896360673562156820
id: 210821560651360572675896360673562156820
lower: 210821560651360572675896360671414673172
upper: 15618062003214643351512781541041391612
Result (wrap): true
2025-05-02 21:40:25 INFO  ChordProtocols:179 - Finger 31 peker n책 til: process2
2025-05-02 21:40:25 INFO  ChordProtocols:173 - Beregner fingerID for finger 32: 210821560651360572675896360675709640468
id: 210821560651360572675896360675709640468
lower: 210821560651360572675896360671414673172
upper: 15618062003214643351512781541041391612
Result (wrap): true
2025-05-02 21:40:25 INFO  ChordProtocols:179 - Finger 32 peker n책 til: process2
2025-05-02 21:40:25 INFO  ChordProtocols:173 - Beregner fingerID for finger 33: 210821560651360572675896360680004607764
id: 210821560651360572675896360680004607764
lower: 210821560651360572675896360671414673172
upper: 15618062003214643351512781541041391612
Result (wrap): true
2025-05-02 21:40:25 INFO  ChordProtocols:179 - Finger 33 peker n책 til: process2
2025-05-02 21:40:25 INFO  ChordProtocols:173 - Beregner fingerID for finger 34: 210821560651360572675896360688594542356
id: 210821560651360572675896360688594542356
lower: 210821560651360572675896360671414673172
upper: 15618062003214643351512781541041391612
Result (wrap): true
2025-05-02 21:40:25 INFO  ChordProtocols:179 - Finger 34 peker n책 til: process2
2025-05-02 21:40:25 INFO  ChordProtocols:173 - Beregner fingerID for finger 35: 210821560651360572675896360705774411540
id: 210821560651360572675896360705774411540
lower: 210821560651360572675896360671414673172
upper: 15618062003214643351512781541041391612
Result (wrap): true
2025-05-02 21:40:25 INFO  ChordProtocols:179 - Finger 35 peker n책 til: process2
2025-05-02 21:40:25 INFO  ChordProtocols:173 - Beregner fingerID for finger 36: 210821560651360572675896360740134149908
id: 210821560651360572675896360740134149908
lower: 210821560651360572675896360671414673172
upper: 15618062003214643351512781541041391612
Result (wrap): true
2025-05-02 21:40:25 INFO  ChordProtocols:179 - Finger 36 peker n책 til: process2
2025-05-02 21:40:25 INFO  ChordProtocols:173 - Beregner fingerID for finger 37: 210821560651360572675896360808853626644
id: 210821560651360572675896360808853626644
lower: 210821560651360572675896360671414673172
upper: 15618062003214643351512781541041391612
Result (wrap): true
2025-05-02 21:40:25 INFO  ChordProtocols:179 - Finger 37 peker n책 til: process2
2025-05-02 21:40:25 INFO  ChordProtocols:173 - Beregner fingerID for finger 38: 210821560651360572675896360946292580116
id: 210821560651360572675896360946292580116
lower: 210821560651360572675896360671414673172
upper: 15618062003214643351512781541041391612
Result (wrap): true
2025-05-02 21:40:25 INFO  ChordProtocols:179 - Finger 38 peker n책 til: process2
2025-05-02 21:40:25 INFO  ChordProtocols:173 - Beregner fingerID for finger 39: 210821560651360572675896361221170487060
id: 210821560651360572675896361221170487060
lower: 210821560651360572675896360671414673172
upper: 15618062003214643351512781541041391612
Result (wrap): true
2025-05-02 21:40:25 INFO  ChordProtocols:179 - Finger 39 peker n책 til: process2
2025-05-02 21:40:25 INFO  ChordProtocols:173 - Beregner fingerID for finger 40: 210821560651360572675896361770926300948
id: 210821560651360572675896361770926300948
lower: 210821560651360572675896360671414673172
upper: 15618062003214643351512781541041391612
Result (wrap): true
2025-05-02 21:40:25 INFO  ChordProtocols:179 - Finger 40 peker n책 til: process2
2025-05-02 21:40:25 INFO  ChordProtocols:173 - Beregner fingerID for finger 41: 210821560651360572675896362870437928724
id: 210821560651360572675896362870437928724
lower: 210821560651360572675896360671414673172
upper: 15618062003214643351512781541041391612
Result (wrap): true
2025-05-02 21:40:25 INFO  ChordProtocols:179 - Finger 41 peker n책 til: process2
2025-05-02 21:40:25 INFO  ChordProtocols:173 - Beregner fingerID for finger 42: 210821560651360572675896365069461184276
id: 210821560651360572675896365069461184276
lower: 210821560651360572675896360671414673172
upper: 15618062003214643351512781541041391612
Result (wrap): true
2025-05-02 21:40:25 INFO  ChordProtocols:179 - Finger 42 peker n책 til: process2
2025-05-02 21:40:25 INFO  ChordProtocols:173 - Beregner fingerID for finger 43: 210821560651360572675896369467507695380
id: 210821560651360572675896369467507695380
lower: 210821560651360572675896360671414673172
upper: 15618062003214643351512781541041391612
Result (wrap): true
2025-05-02 21:40:25 INFO  ChordProtocols:179 - Finger 43 peker n책 til: process2
2025-05-02 21:40:25 INFO  ChordProtocols:173 - Beregner fingerID for finger 44: 210821560651360572675896378263600717588
id: 210821560651360572675896378263600717588
lower: 210821560651360572675896360671414673172
upper: 15618062003214643351512781541041391612
Result (wrap): true
2025-05-02 21:40:25 INFO  ChordProtocols:179 - Finger 44 peker n책 til: process2
2025-05-02 21:40:25 INFO  ChordProtocols:173 - Beregner fingerID for finger 45: 210821560651360572675896395855786762004
id: 210821560651360572675896395855786762004
lower: 210821560651360572675896360671414673172
upper: 15618062003214643351512781541041391612
Result (wrap): true
2025-05-02 21:40:25 INFO  ChordProtocols:179 - Finger 45 peker n책 til: process2
2025-05-02 21:40:25 INFO  ChordProtocols:173 - Beregner fingerID for finger 46: 210821560651360572675896431040158850836
id: 210821560651360572675896431040158850836
lower: 210821560651360572675896360671414673172
upper: 15618062003214643351512781541041391612
Result (wrap): true
2025-05-02 21:40:25 INFO  ChordProtocols:179 - Finger 46 peker n책 til: process2
2025-05-02 21:40:25 INFO  ChordProtocols:173 - Beregner fingerID for finger 47: 210821560651360572675896501408903028500
id: 210821560651360572675896501408903028500
lower: 210821560651360572675896360671414673172
upper: 15618062003214643351512781541041391612
Result (wrap): true
2025-05-02 21:40:25 INFO  ChordProtocols:179 - Finger 47 peker n책 til: process2
2025-05-02 21:40:25 INFO  ChordProtocols:173 - Beregner fingerID for finger 48: 210821560651360572675896642146391383828
id: 210821560651360572675896642146391383828
lower: 210821560651360572675896360671414673172
upper: 15618062003214643351512781541041391612
Result (wrap): true
2025-05-02 21:40:25 INFO  ChordProtocols:179 - Finger 48 peker n책 til: process2
2025-05-02 21:40:25 INFO  ChordProtocols:173 - Beregner fingerID for finger 49: 210821560651360572675896923621368094484
id: 210821560651360572675896923621368094484
lower: 210821560651360572675896360671414673172
upper: 15618062003214643351512781541041391612
Result (wrap): true
2025-05-02 21:40:25 INFO  ChordProtocols:179 - Finger 49 peker n책 til: process2
2025-05-02 21:40:25 INFO  ChordProtocols:173 - Beregner fingerID for finger 50: 210821560651360572675897486571321515796
id: 210821560651360572675897486571321515796
lower: 210821560651360572675896360671414673172
upper: 15618062003214643351512781541041391612
Result (wrap): true
2025-05-02 21:40:25 INFO  ChordProtocols:179 - Finger 50 peker n책 til: process2
2025-05-02 21:40:25 INFO  ChordProtocols:173 - Beregner fingerID for finger 51: 210821560651360572675898612471228358420
id: 210821560651360572675898612471228358420
lower: 210821560651360572675896360671414673172
upper: 15618062003214643351512781541041391612
Result (wrap): true
2025-05-02 21:40:25 INFO  ChordProtocols:179 - Finger 51 peker n책 til: process2
2025-05-02 21:40:25 INFO  ChordProtocols:173 - Beregner fingerID for finger 52: 210821560651360572675900864271042043668
id: 210821560651360572675900864271042043668
lower: 210821560651360572675896360671414673172
upper: 15618062003214643351512781541041391612
Result (wrap): true
2025-05-02 21:40:25 INFO  ChordProtocols:179 - Finger 52 peker n책 til: process2
2025-05-02 21:40:25 INFO  ChordProtocols:173 - Beregner fingerID for finger 53: 210821560651360572675905367870669414164
id: 210821560651360572675905367870669414164
lower: 210821560651360572675896360671414673172
upper: 15618062003214643351512781541041391612
Result (wrap): true
2025-05-02 21:40:25 INFO  ChordProtocols:179 - Finger 53 peker n책 til: process2
2025-05-02 21:40:25 INFO  ChordProtocols:173 - Beregner fingerID for finger 54: 210821560651360572675914375069924155156
id: 210821560651360572675914375069924155156
lower: 210821560651360572675896360671414673172
upper: 15618062003214643351512781541041391612
Result (wrap): true
2025-05-02 21:40:25 INFO  ChordProtocols:179 - Finger 54 peker n책 til: process2
2025-05-02 21:40:25 INFO  ChordProtocols:173 - Beregner fingerID for finger 55: 210821560651360572675932389468433637140
id: 210821560651360572675932389468433637140
lower: 210821560651360572675896360671414673172
upper: 15618062003214643351512781541041391612
Result (wrap): true
2025-05-02 21:40:25 INFO  ChordProtocols:179 - Finger 55 peker n책 til: process2
2025-05-02 21:40:25 INFO  ChordProtocols:173 - Beregner fingerID for finger 56: 210821560651360572675968418265452601108
id: 210821560651360572675968418265452601108
lower: 210821560651360572675896360671414673172
upper: 15618062003214643351512781541041391612
Result (wrap): true
2025-05-02 21:40:25 INFO  ChordProtocols:179 - Finger 56 peker n책 til: process2
2025-05-02 21:40:25 INFO  ChordProtocols:173 - Beregner fingerID for finger 57: 210821560651360572676040475859490529044
id: 210821560651360572676040475859490529044
lower: 210821560651360572675896360671414673172
upper: 15618062003214643351512781541041391612
Result (wrap): true
2025-05-02 21:40:25 INFO  ChordProtocols:179 - Finger 57 peker n책 til: process2
2025-05-02 21:40:25 INFO  ChordProtocols:173 - Beregner fingerID for finger 58: 210821560651360572676184591047566384916
id: 210821560651360572676184591047566384916
lower: 210821560651360572675896360671414673172
upper: 15618062003214643351512781541041391612
Result (wrap): true
2025-05-02 21:40:25 INFO  ChordProtocols:179 - Finger 58 peker n책 til: process2
2025-05-02 21:40:25 INFO  ChordProtocols:173 - Beregner fingerID for finger 59: 210821560651360572676472821423718096660
id: 210821560651360572676472821423718096660
lower: 210821560651360572675896360671414673172
upper: 15618062003214643351512781541041391612
Result (wrap): true
2025-05-02 21:40:25 INFO  ChordProtocols:179 - Finger 59 peker n책 til: process2
2025-05-02 21:40:25 INFO  ChordProtocols:173 - Beregner fingerID for finger 60: 210821560651360572677049282176021520148
id: 210821560651360572677049282176021520148
lower: 210821560651360572675896360671414673172
upper: 15618062003214643351512781541041391612
Result (wrap): true
2025-05-02 21:40:25 INFO  ChordProtocols:179 - Finger 60 peker n책 til: process2
2025-05-02 21:40:25 INFO  ChordProtocols:173 - Beregner fingerID for finger 61: 210821560651360572678202203680628367124
id: 210821560651360572678202203680628367124
lower: 210821560651360572675896360671414673172
upper: 15618062003214643351512781541041391612
Result (wrap): true
2025-05-02 21:40:25 INFO  ChordProtocols:179 - Finger 61 peker n책 til: process2
2025-05-02 21:40:25 INFO  ChordProtocols:173 - Beregner fingerID for finger 62: 210821560651360572680508046689842061076
id: 210821560651360572680508046689842061076
lower: 210821560651360572675896360671414673172
upper: 15618062003214643351512781541041391612
Result (wrap): true
2025-05-02 21:40:25 INFO  ChordProtocols:179 - Finger 62 peker n책 til: process2
2025-05-02 21:40:25 INFO  ChordProtocols:173 - Beregner fingerID for finger 63: 210821560651360572685119732708269448980
id: 210821560651360572685119732708269448980
lower: 210821560651360572675896360671414673172
upper: 15618062003214643351512781541041391612
Result (wrap): true
2025-05-02 21:40:25 INFO  ChordProtocols:179 - Finger 63 peker n책 til: process2
2025-05-02 21:40:25 INFO  ChordProtocols:173 - Beregner fingerID for finger 64: 210821560651360572694343104745124224788
id: 210821560651360572694343104745124224788
lower: 210821560651360572675896360671414673172
upper: 15618062003214643351512781541041391612
Result (wrap): true
2025-05-02 21:40:25 INFO  ChordProtocols:179 - Finger 64 peker n책 til: process2
2025-05-02 21:40:25 INFO  ChordProtocols:173 - Beregner fingerID for finger 65: 210821560651360572712789848818833776404
id: 210821560651360572712789848818833776404
lower: 210821560651360572675896360671414673172
upper: 15618062003214643351512781541041391612
Result (wrap): true
2025-05-02 21:40:25 INFO  ChordProtocols:179 - Finger 65 peker n책 til: process2
2025-05-02 21:40:25 INFO  ChordProtocols:173 - Beregner fingerID for finger 66: 210821560651360572749683336966252879636
id: 210821560651360572749683336966252879636
lower: 210821560651360572675896360671414673172
upper: 15618062003214643351512781541041391612
Result (wrap): true
2025-05-02 21:40:25 INFO  ChordProtocols:179 - Finger 66 peker n책 til: process2
2025-05-02 21:40:25 INFO  ChordProtocols:173 - Beregner fingerID for finger 67: 210821560651360572823470313261091086100
id: 210821560651360572823470313261091086100
lower: 210821560651360572675896360671414673172
upper: 15618062003214643351512781541041391612
Result (wrap): true
2025-05-02 21:40:25 INFO  ChordProtocols:179 - Finger 67 peker n책 til: process2
2025-05-02 21:40:25 INFO  ChordProtocols:173 - Beregner fingerID for finger 68: 210821560651360572971044265850767499028
id: 210821560651360572971044265850767499028
lower: 210821560651360572675896360671414673172
upper: 15618062003214643351512781541041391612
Result (wrap): true
2025-05-02 21:40:25 INFO  ChordProtocols:179 - Finger 68 peker n책 til: process2
2025-05-02 21:40:25 INFO  ChordProtocols:173 - Beregner fingerID for finger 69: 210821560651360573266192171030120324884
id: 210821560651360573266192171030120324884
lower: 210821560651360572675896360671414673172
upper: 15618062003214643351512781541041391612
Result (wrap): true
2025-05-02 21:40:25 INFO  ChordProtocols:179 - Finger 69 peker n책 til: process2
2025-05-02 21:40:25 INFO  ChordProtocols:173 - Beregner fingerID for finger 70: 210821560651360573856487981388825976596
id: 210821560651360573856487981388825976596
lower: 210821560651360572675896360671414673172
upper: 15618062003214643351512781541041391612
Result (wrap): true
2025-05-02 21:40:25 INFO  ChordProtocols:179 - Finger 70 peker n책 til: process2
2025-05-02 21:40:25 INFO  ChordProtocols:173 - Beregner fingerID for finger 71: 210821560651360575037079602106237280020
id: 210821560651360575037079602106237280020
lower: 210821560651360572675896360671414673172
upper: 15618062003214643351512781541041391612
Result (wrap): true
2025-05-02 21:40:25 INFO  ChordProtocols:179 - Finger 71 peker n책 til: process2
2025-05-02 21:40:25 INFO  ChordProtocols:173 - Beregner fingerID for finger 72: 210821560651360577398262843541059886868
id: 210821560651360577398262843541059886868
lower: 210821560651360572675896360671414673172
upper: 15618062003214643351512781541041391612
Result (wrap): true
2025-05-02 21:40:25 INFO  ChordProtocols:179 - Finger 72 peker n책 til: process2
2025-05-02 21:40:25 INFO  ChordProtocols:173 - Beregner fingerID for finger 73: 210821560651360582120629326410705100564
id: 210821560651360582120629326410705100564
lower: 210821560651360572675896360671414673172
upper: 15618062003214643351512781541041391612
Result (wrap): true
2025-05-02 21:40:25 INFO  ChordProtocols:179 - Finger 73 peker n책 til: process2
2025-05-02 21:40:25 INFO  ChordProtocols:173 - Beregner fingerID for finger 74: 210821560651360591565362292149995527956
id: 210821560651360591565362292149995527956
lower: 210821560651360572675896360671414673172
upper: 15618062003214643351512781541041391612
Result (wrap): true
2025-05-02 21:40:25 INFO  ChordProtocols:179 - Finger 74 peker n책 til: process2
2025-05-02 21:40:25 INFO  ChordProtocols:173 - Beregner fingerID for finger 75: 210821560651360610454828223628576382740
id: 210821560651360610454828223628576382740
lower: 210821560651360572675896360671414673172
upper: 15618062003214643351512781541041391612
Result (wrap): true
2025-05-02 21:40:25 INFO  ChordProtocols:179 - Finger 75 peker n책 til: process2
2025-05-02 21:40:25 INFO  ChordProtocols:173 - Beregner fingerID for finger 76: 210821560651360648233760086585738092308
id: 210821560651360648233760086585738092308
lower: 210821560651360572675896360671414673172
upper: 15618062003214643351512781541041391612
Result (wrap): true
2025-05-02 21:40:25 INFO  ChordProtocols:179 - Finger 76 peker n책 til: process2
2025-05-02 21:40:25 INFO  ChordProtocols:173 - Beregner fingerID for finger 77: 210821560651360723791623812500061511444
id: 210821560651360723791623812500061511444
lower: 210821560651360572675896360671414673172
upper: 15618062003214643351512781541041391612
Result (wrap): true
2025-05-02 21:40:25 INFO  ChordProtocols:179 - Finger 77 peker n책 til: process2
2025-05-02 21:40:25 INFO  ChordProtocols:173 - Beregner fingerID for finger 78: 210821560651360874907351264328708349716
id: 210821560651360874907351264328708349716
lower: 210821560651360572675896360671414673172
upper: 15618062003214643351512781541041391612
Result (wrap): true
2025-05-02 21:40:25 INFO  ChordProtocols:179 - Finger 78 peker n책 til: process2
2025-05-02 21:40:25 INFO  ChordProtocols:173 - Beregner fingerID for finger 79: 210821560651361177138806167986002026260
id: 210821560651361177138806167986002026260
lower: 210821560651360572675896360671414673172
upper: 15618062003214643351512781541041391612
Result (wrap): true
2025-05-02 21:40:25 INFO  ChordProtocols:179 - Finger 79 peker n책 til: process2
2025-05-02 21:40:25 INFO  ChordProtocols:173 - Beregner fingerID for finger 80: 210821560651361781601715975300589379348
id: 210821560651361781601715975300589379348
lower: 210821560651360572675896360671414673172
upper: 15618062003214643351512781541041391612
Result (wrap): true
2025-05-02 21:40:25 INFO  ChordProtocols:179 - Finger 80 peker n책 til: process2
2025-05-02 21:40:25 INFO  ChordProtocols:173 - Beregner fingerID for finger 81: 210821560651362990527535589929764085524
id: 210821560651362990527535589929764085524
lower: 210821560651360572675896360671414673172
upper: 15618062003214643351512781541041391612
Result (wrap): true
2025-05-02 21:40:25 INFO  ChordProtocols:179 - Finger 81 peker n책 til: process2
2025-05-02 21:40:25 INFO  ChordProtocols:173 - Beregner fingerID for finger 82: 210821560651365408379174819188113497876
id: 210821560651365408379174819188113497876
lower: 210821560651360572675896360671414673172
upper: 15618062003214643351512781541041391612
Result (wrap): true
2025-05-02 21:40:25 INFO  ChordProtocols:179 - Finger 82 peker n책 til: process2
2025-05-02 21:40:25 INFO  ChordProtocols:173 - Beregner fingerID for finger 83: 210821560651370244082453277704812322580
id: 210821560651370244082453277704812322580
lower: 210821560651360572675896360671414673172
upper: 15618062003214643351512781541041391612
Result (wrap): true
2025-05-02 21:40:25 INFO  ChordProtocols:179 - Finger 83 peker n책 til: process2
2025-05-02 21:40:25 INFO  ChordProtocols:173 - Beregner fingerID for finger 84: 210821560651379915489010194738209971988
id: 210821560651379915489010194738209971988
lower: 210821560651360572675896360671414673172
upper: 15618062003214643351512781541041391612
Result (wrap): true
2025-05-02 21:40:25 INFO  ChordProtocols:179 - Finger 84 peker n책 til: process2
2025-05-02 21:40:25 INFO  ChordProtocols:173 - Beregner fingerID for finger 85: 210821560651399258302124028805005270804
id: 210821560651399258302124028805005270804
lower: 210821560651360572675896360671414673172
upper: 15618062003214643351512781541041391612
Result (wrap): true
2025-05-02 21:40:25 INFO  ChordProtocols:179 - Finger 85 peker n책 til: process2
2025-05-02 21:40:25 INFO  ChordProtocols:173 - Beregner fingerID for finger 86: 210821560651437943928351696938595868436
id: 210821560651437943928351696938595868436
lower: 210821560651360572675896360671414673172
upper: 15618062003214643351512781541041391612
Result (wrap): true
2025-05-02 21:40:25 INFO  ChordProtocols:179 - Finger 86 peker n책 til: process2
2025-05-02 21:40:25 INFO  ChordProtocols:173 - Beregner fingerID for finger 87: 210821560651515315180807033205777063700
id: 210821560651515315180807033205777063700
lower: 210821560651360572675896360671414673172
upper: 15618062003214643351512781541041391612
Result (wrap): true
2025-05-02 21:40:25 INFO  ChordProtocols:179 - Finger 87 peker n책 til: process2
2025-05-02 21:40:25 INFO  ChordProtocols:173 - Beregner fingerID for finger 88: 210821560651670057685717705740139454228
id: 210821560651670057685717705740139454228
lower: 210821560651360572675896360671414673172
upper: 15618062003214643351512781541041391612
Result (wrap): true
2025-05-02 21:40:25 INFO  ChordProtocols:179 - Finger 88 peker n책 til: process2
2025-05-02 21:40:25 INFO  ChordProtocols:173 - Beregner fingerID for finger 89: 210821560651979542695539050808864235284
id: 210821560651979542695539050808864235284
lower: 210821560651360572675896360671414673172
upper: 15618062003214643351512781541041391612
Result (wrap): true
2025-05-02 21:40:25 INFO  ChordProtocols:179 - Finger 89 peker n책 til: process2
2025-05-02 21:40:25 INFO  ChordProtocols:173 - Beregner fingerID for finger 90: 210821560652598512715181740946313797396
id: 210821560652598512715181740946313797396
lower: 210821560651360572675896360671414673172
upper: 15618062003214643351512781541041391612
Result (wrap): true
2025-05-02 21:40:25 INFO  ChordProtocols:179 - Finger 90 peker n책 til: process2
2025-05-02 21:40:25 INFO  ChordProtocols:173 - Beregner fingerID for finger 91: 210821560653836452754467121221212921620
id: 210821560653836452754467121221212921620
lower: 210821560651360572675896360671414673172
upper: 15618062003214643351512781541041391612
Result (wrap): true
2025-05-02 21:40:25 INFO  ChordProtocols:179 - Finger 91 peker n책 til: process2
2025-05-02 21:40:25 INFO  ChordProtocols:173 - Beregner fingerID for finger 92: 210821560656312332833037881771011170068
id: 210821560656312332833037881771011170068
lower: 210821560651360572675896360671414673172
upper: 15618062003214643351512781541041391612
Result (wrap): true
2025-05-02 21:40:25 INFO  ChordProtocols:179 - Finger 92 peker n책 til: process2
2025-05-02 21:40:25 INFO  ChordProtocols:173 - Beregner fingerID for finger 93: 210821560661264092990179402870607666964
id: 210821560661264092990179402870607666964
lower: 210821560651360572675896360671414673172
upper: 15618062003214643351512781541041391612
Result (wrap): true
2025-05-02 21:40:25 INFO  ChordProtocols:179 - Finger 93 peker n책 til: process2
2025-05-02 21:40:25 INFO  ChordProtocols:173 - Beregner fingerID for finger 94: 210821560671167613304462445069800660756
id: 210821560671167613304462445069800660756
lower: 210821560651360572675896360671414673172
upper: 15618062003214643351512781541041391612
Result (wrap): true
2025-05-02 21:40:25 INFO  ChordProtocols:179 - Finger 94 peker n책 til: process2
2025-05-02 21:40:25 INFO  ChordProtocols:173 - Beregner fingerID for finger 95: 210821560690974653933028529468186648340
id: 210821560690974653933028529468186648340
lower: 210821560651360572675896360671414673172
upper: 15618062003214643351512781541041391612
Result (wrap): true
2025-05-02 21:40:25 INFO  ChordProtocols:179 - Finger 95 peker n책 til: process2
2025-05-02 21:40:25 INFO  ChordProtocols:173 - Beregner fingerID for finger 96: 210821560730588735190160698264958623508
id: 210821560730588735190160698264958623508
lower: 210821560651360572675896360671414673172
upper: 15618062003214643351512781541041391612
Result (wrap): true
2025-05-02 21:40:25 INFO  ChordProtocols:179 - Finger 96 peker n책 til: process2
2025-05-02 21:40:25 INFO  ChordProtocols:173 - Beregner fingerID for finger 97: 210821560809816897704425035858502573844
id: 210821560809816897704425035858502573844
lower: 210821560651360572675896360671414673172
upper: 15618062003214643351512781541041391612
Result (wrap): true
2025-05-02 21:40:25 INFO  ChordProtocols:179 - Finger 97 peker n책 til: process2
2025-05-02 21:40:25 INFO  ChordProtocols:173 - Beregner fingerID for finger 98: 210821560968273222732953711045590474516
id: 210821560968273222732953711045590474516
lower: 210821560651360572675896360671414673172
upper: 15618062003214643351512781541041391612
Result (wrap): true
2025-05-02 21:40:25 INFO  ChordProtocols:179 - Finger 98 peker n책 til: process2
2025-05-02 21:40:25 INFO  ChordProtocols:173 - Beregner fingerID for finger 99: 210821561285185872790011061419766275860
id: 210821561285185872790011061419766275860
lower: 210821560651360572675896360671414673172
upper: 15618062003214643351512781541041391612
Result (wrap): true
2025-05-02 21:40:25 INFO  ChordProtocols:179 - Finger 99 peker n책 til: process2
2025-05-02 21:40:25 INFO  ChordProtocols:173 - Beregner fingerID for finger 100: 210821561919011172904125762168117878548
id: 210821561919011172904125762168117878548
lower: 210821560651360572675896360671414673172
upper: 15618062003214643351512781541041391612
Result (wrap): true
2025-05-02 21:40:25 INFO  ChordProtocols:179 - Finger 100 peker n책 til: process2
2025-05-02 21:40:25 INFO  ChordProtocols:173 - Beregner fingerID for finger 101: 210821563186661773132355163664821083924
id: 210821563186661773132355163664821083924
lower: 210821560651360572675896360671414673172
upper: 15618062003214643351512781541041391612
Result (wrap): true
2025-05-02 21:40:25 INFO  ChordProtocols:179 - Finger 101 peker n책 til: process2
2025-05-02 21:40:25 INFO  ChordProtocols:173 - Beregner fingerID for finger 102: 210821565721962973588813966658227494676
id: 210821565721962973588813966658227494676
lower: 210821560651360572675896360671414673172
upper: 15618062003214643351512781541041391612
Result (wrap): true
2025-05-02 21:40:25 INFO  ChordProtocols:179 - Finger 102 peker n책 til: process2
2025-05-02 21:40:25 INFO  ChordProtocols:173 - Beregner fingerID for finger 103: 210821570792565374501731572645040316180
id: 210821570792565374501731572645040316180
lower: 210821560651360572675896360671414673172
upper: 15618062003214643351512781541041391612
Result (wrap): true
2025-05-02 21:40:25 INFO  ChordProtocols:179 - Finger 103 peker n책 til: process2
2025-05-02 21:40:25 INFO  ChordProtocols:173 - Beregner fingerID for finger 104: 210821580933770176327566784618665959188
id: 210821580933770176327566784618665959188
lower: 210821560651360572675896360671414673172
upper: 15618062003214643351512781541041391612
Result (wrap): true
2025-05-02 21:40:25 INFO  ChordProtocols:179 - Finger 104 peker n책 til: process2
2025-05-02 21:40:25 INFO  ChordProtocols:173 - Beregner fingerID for finger 105: 210821601216179779979237208565917245204
id: 210821601216179779979237208565917245204
lower: 210821560651360572675896360671414673172
upper: 15618062003214643351512781541041391612
Result (wrap): true
2025-05-02 21:40:25 INFO  ChordProtocols:179 - Finger 105 peker n책 til: process2
2025-05-02 21:40:25 INFO  ChordProtocols:173 - Beregner fingerID for finger 106: 210821641780998987282578056460419817236
id: 210821641780998987282578056460419817236
lower: 210821560651360572675896360671414673172
upper: 15618062003214643351512781541041391612
Result (wrap): true
2025-05-02 21:40:25 INFO  ChordProtocols:179 - Finger 106 peker n책 til: process2
2025-05-02 21:40:25 INFO  ChordProtocols:173 - Beregner fingerID for finger 107: 210821722910637401889259752249424961300
id: 210821722910637401889259752249424961300
lower: 210821560651360572675896360671414673172
upper: 15618062003214643351512781541041391612
Result (wrap): true
2025-05-02 21:40:25 INFO  ChordProtocols:179 - Finger 107 peker n책 til: process2
2025-05-02 21:40:25 INFO  ChordProtocols:173 - Beregner fingerID for finger 108: 210821885169914231102623143827435249428
id: 210821885169914231102623143827435249428
lower: 210821560651360572675896360671414673172
upper: 15618062003214643351512781541041391612
Result (wrap): true
2025-05-02 21:40:25 INFO  ChordProtocols:179 - Finger 108 peker n책 til: process2
2025-05-02 21:40:25 INFO  ChordProtocols:173 - Beregner fingerID for finger 109: 210822209688467889529349926983455825684
id: 210822209688467889529349926983455825684
lower: 210821560651360572675896360671414673172
upper: 15618062003214643351512781541041391612
Result (wrap): true
2025-05-02 21:40:25 INFO  ChordProtocols:179 - Finger 109 peker n책 til: process2
2025-05-02 21:40:25 INFO  ChordProtocols:173 - Beregner fingerID for finger 110: 210822858725575206382803493295496978196
id: 210822858725575206382803493295496978196
lower: 210821560651360572675896360671414673172
upper: 15618062003214643351512781541041391612
Result (wrap): true
2025-05-02 21:40:25 INFO  ChordProtocols:179 - Finger 110 peker n책 til: process2
2025-05-02 21:40:25 INFO  ChordProtocols:173 - Beregner fingerID for finger 111: 210824156799789840089710625919579283220
id: 210824156799789840089710625919579283220
lower: 210821560651360572675896360671414673172
upper: 15618062003214643351512781541041391612
Result (wrap): true
2025-05-02 21:40:25 INFO  ChordProtocols:179 - Finger 111 peker n책 til: process2
2025-05-02 21:40:25 INFO  ChordProtocols:173 - Beregner fingerID for finger 112: 210826752948219107503524891167743893268
id: 210826752948219107503524891167743893268
lower: 210821560651360572675896360671414673172
upper: 15618062003214643351512781541041391612
Result (wrap): true
2025-05-02 21:40:25 INFO  ChordProtocols:179 - Finger 112 peker n책 til: process2
2025-05-02 21:40:25 INFO  ChordProtocols:173 - Beregner fingerID for finger 113: 210831945245077642331153421664073113364
id: 210831945245077642331153421664073113364
lower: 210821560651360572675896360671414673172
upper: 15618062003214643351512781541041391612
Result (wrap): true
2025-05-02 21:40:25 INFO  ChordProtocols:179 - Finger 113 peker n책 til: process2
2025-05-02 21:40:25 INFO  ChordProtocols:173 - Beregner fingerID for finger 114: 210842329838794711986410482656731553556
id: 210842329838794711986410482656731553556
lower: 210821560651360572675896360671414673172
upper: 15618062003214643351512781541041391612
Result (wrap): true
2025-05-02 21:40:25 INFO  ChordProtocols:179 - Finger 114 peker n책 til: process2
2025-05-02 21:40:25 INFO  ChordProtocols:173 - Beregner fingerID for finger 115: 210863099026228851296924604642048433940
id: 210863099026228851296924604642048433940
lower: 210821560651360572675896360671414673172
upper: 15618062003214643351512781541041391612
Result (wrap): true
2025-05-02 21:40:25 INFO  ChordProtocols:179 - Finger 115 peker n책 til: process2
2025-05-02 21:40:25 INFO  ChordProtocols:173 - Beregner fingerID for finger 116: 210904637401097129917952848612682194708
id: 210904637401097129917952848612682194708
lower: 210821560651360572675896360671414673172
upper: 15618062003214643351512781541041391612
Result (wrap): true
2025-05-02 21:40:25 INFO  ChordProtocols:179 - Finger 116 peker n책 til: process2
2025-05-02 21:40:25 INFO  ChordProtocols:173 - Beregner fingerID for finger 117: 210987714150833687160009336553949716244
id: 210987714150833687160009336553949716244
lower: 210821560651360572675896360671414673172
upper: 15618062003214643351512781541041391612
Result (wrap): true
2025-05-02 21:40:25 INFO  ChordProtocols:179 - Finger 117 peker n책 til: process2
2025-05-02 21:40:25 INFO  ChordProtocols:173 - Beregner fingerID for finger 118: 211153867650306801644122312436484759316
id: 211153867650306801644122312436484759316
lower: 210821560651360572675896360671414673172
upper: 15618062003214643351512781541041391612
Result (wrap): true
2025-05-02 21:40:25 INFO  ChordProtocols:179 - Finger 118 peker n책 til: process2
2025-05-02 21:40:25 INFO  ChordProtocols:173 - Beregner fingerID for finger 119: 211486174649253030612348264201554845460
id: 211486174649253030612348264201554845460
lower: 210821560651360572675896360671414673172
upper: 15618062003214643351512781541041391612
Result (wrap): true
2025-05-02 21:40:25 INFO  ChordProtocols:179 - Finger 119 peker n책 til: process2
2025-05-02 21:40:25 INFO  ChordProtocols:173 - Beregner fingerID for finger 120: 212150788647145488548800167731695017748
id: 212150788647145488548800167731695017748
lower: 210821560651360572675896360671414673172
upper: 15618062003214643351512781541041391612
Result (wrap): true
2025-05-02 21:40:25 INFO  ChordProtocols:179 - Finger 120 peker n책 til: process2
2025-05-02 21:40:25 INFO  ChordProtocols:173 - Beregner fingerID for finger 121: 213480016642930404421703974791975362324
id: 213480016642930404421703974791975362324
lower: 210821560651360572675896360671414673172
upper: 15618062003214643351512781541041391612
Result (wrap): true
2025-05-02 21:40:25 INFO  ChordProtocols:179 - Finger 121 peker n책 til: process2
2025-05-02 21:40:25 INFO  ChordProtocols:173 - Beregner fingerID for finger 122: 216138472634500236167511588912536051476
id: 216138472634500236167511588912536051476
lower: 210821560651360572675896360671414673172
upper: 15618062003214643351512781541041391612
Result (wrap): true
2025-05-02 21:40:25 INFO  ChordProtocols:179 - Finger 122 peker n책 til: process2
2025-05-02 21:40:25 INFO  ChordProtocols:173 - Beregner fingerID for finger 123: 221455384617639899659126817153657429780
id: 221455384617639899659126817153657429780
lower: 210821560651360572675896360671414673172
upper: 15618062003214643351512781541041391612
Result (wrap): true
2025-05-02 21:40:25 INFO  ChordProtocols:179 - Finger 123 peker n책 til: process2
2025-05-02 21:40:25 INFO  ChordProtocols:173 - Beregner fingerID for finger 124: 232089208583919226642357273635900186388
id: 232089208583919226642357273635900186388
lower: 210821560651360572675896360671414673172
upper: 15618062003214643351512781541041391612
Result (wrap): true
2025-05-02 21:40:25 INFO  ChordProtocols:179 - Finger 124 peker n책 til: process2
2025-05-02 21:40:25 INFO  ChordProtocols:173 - Beregner fingerID for finger 125: 253356856516477880608818186600385699604
id: 253356856516477880608818186600385699604
lower: 210821560651360572675896360671414673172
upper: 15618062003214643351512781541041391612
Result (wrap): true
2025-05-02 21:40:25 INFO  ChordProtocols:179 - Finger 125 peker n책 til: process2
2025-05-02 21:40:25 INFO  ChordProtocols:173 - Beregner fingerID for finger 126: 295892152381595188541740012529356726036
id: 295892152381595188541740012529356726036
lower: 210821560651360572675896360671414673172
upper: 15618062003214643351512781541041391612
Result (wrap): true
2025-05-02 21:40:25 INFO  ChordProtocols:179 - Finger 126 peker n책 til: process2
2025-05-02 21:40:25 INFO  ChordProtocols:173 - Beregner fingerID for finger 127: 40680377190891340944209056955530567444
id: 40680377190891340944209056955530567444
lower: 210821560651360572675896360671414673172
upper: 15618062003214643351512781541041391612
Result (wrap): false
id: 15618062003214643351512781541041391612
lower: 210821560651360572675896360671414673172
upper: 40680377190891340944209056955530567444
Result (wrap): true
id: 40680377190891340944209056955530567444
lower: 15618062003214643351512781541041391612
upper: 53937554629190552131995290006614509577
Result (no wrap): true
2025-05-02 21:40:25 INFO  ChordProtocols:179 - Finger 127 peker n책 til: process1
2025-05-02 21:40:25 INFO  StabilizationProtocols:60 - Checking the predecessor for Node: process4
==================================
Node Identifier = 210821560651360572675896360671414673172
Node IP address = process4
successor(process4) = process2
predecessor(process4) = process5
Current File keys for process4 => []
==================================
2025-05-02 21:40:26 INFO  StabilizationProtocols:130 - Updating the successor for Node: process1
id: 53937554629190552131995290006614509578
lower: 53937554629190552131995290006614509577
upper: 121411138451101288395601026024677976156
Result (no wrap): true
2025-05-02 21:40:26 INFO  StabilizationProtocols:84 - Stabilizing ring from process1...
2025-05-02 21:40:26 INFO  StabilizationProtocols:91 - Stabilize ring: succnode = process5
id: 53937554629190552131995290006614509577
lower: 53937554629190552131995290006614509578
upper: 121411138451101288395601026024677976157
Result (no wrap): false
2025-05-02 21:40:26 INFO  StabilizationProtocols:113 - Finished stabilizing chordring from process1
2025-05-02 21:40:26 INFO  ChordProtocols:159 - Oppdaterer FingerTable for Node: process1
2025-05-02 21:40:26 INFO  ChordProtocols:173 - Beregner fingerID for finger 0: 53937554629190552131995290006614509578
id: 53937554629190552131995290006614509578
lower: 53937554629190552131995290006614509577
upper: 121411138451101288395601026024677976156
Result (no wrap): true
2025-05-02 21:40:26 INFO  ChordProtocols:179 - Finger 0 peker n책 til: process5
2025-05-02 21:40:26 INFO  ChordProtocols:173 - Beregner fingerID for finger 1: 53937554629190552131995290006614509579
id: 53937554629190552131995290006614509579
lower: 53937554629190552131995290006614509577
upper: 121411138451101288395601026024677976156
Result (no wrap): true
2025-05-02 21:40:26 INFO  ChordProtocols:179 - Finger 1 peker n책 til: process5
2025-05-02 21:40:26 INFO  ChordProtocols:173 - Beregner fingerID for finger 2: 53937554629190552131995290006614509581
id: 53937554629190552131995290006614509581
lower: 53937554629190552131995290006614509577
upper: 121411138451101288395601026024677976156
Result (no wrap): true
2025-05-02 21:40:26 INFO  ChordProtocols:179 - Finger 2 peker n책 til: process5
2025-05-02 21:40:26 INFO  ChordProtocols:173 - Beregner fingerID for finger 3: 53937554629190552131995290006614509585
id: 53937554629190552131995290006614509585
lower: 53937554629190552131995290006614509577
upper: 121411138451101288395601026024677976156
Result (no wrap): true
2025-05-02 21:40:26 INFO  ChordProtocols:179 - Finger 3 peker n책 til: process5
2025-05-02 21:40:26 INFO  ChordProtocols:173 - Beregner fingerID for finger 4: 53937554629190552131995290006614509593
id: 53937554629190552131995290006614509593
lower: 53937554629190552131995290006614509577
upper: 121411138451101288395601026024677976156
Result (no wrap): true
2025-05-02 21:40:26 INFO  ChordProtocols:179 - Finger 4 peker n책 til: process5
2025-05-02 21:40:26 INFO  ChordProtocols:173 - Beregner fingerID for finger 5: 53937554629190552131995290006614509609
id: 53937554629190552131995290006614509609
lower: 53937554629190552131995290006614509577
upper: 121411138451101288395601026024677976156
Result (no wrap): true
2025-05-02 21:40:26 INFO  ChordProtocols:179 - Finger 5 peker n책 til: process5
2025-05-02 21:40:26 INFO  ChordProtocols:173 - Beregner fingerID for finger 6: 53937554629190552131995290006614509641
id: 53937554629190552131995290006614509641
lower: 53937554629190552131995290006614509577
upper: 121411138451101288395601026024677976156
Result (no wrap): true
2025-05-02 21:40:26 INFO  ChordProtocols:179 - Finger 6 peker n책 til: process5
2025-05-02 21:40:26 INFO  ChordProtocols:173 - Beregner fingerID for finger 7: 53937554629190552131995290006614509705
id: 53937554629190552131995290006614509705
lower: 53937554629190552131995290006614509577
upper: 121411138451101288395601026024677976156
Result (no wrap): true
2025-05-02 21:40:26 INFO  ChordProtocols:179 - Finger 7 peker n책 til: process5
2025-05-02 21:40:26 INFO  ChordProtocols:173 - Beregner fingerID for finger 8: 53937554629190552131995290006614509833
id: 53937554629190552131995290006614509833
lower: 53937554629190552131995290006614509577
upper: 121411138451101288395601026024677976156
Result (no wrap): true
2025-05-02 21:40:26 INFO  ChordProtocols:179 - Finger 8 peker n책 til: process5
2025-05-02 21:40:26 INFO  ChordProtocols:173 - Beregner fingerID for finger 9: 53937554629190552131995290006614510089
id: 53937554629190552131995290006614510089
lower: 53937554629190552131995290006614509577
upper: 121411138451101288395601026024677976156
Result (no wrap): true
2025-05-02 21:40:26 INFO  ChordProtocols:179 - Finger 9 peker n책 til: process5
2025-05-02 21:40:26 INFO  ChordProtocols:173 - Beregner fingerID for finger 10: 53937554629190552131995290006614510601
id: 53937554629190552131995290006614510601
lower: 53937554629190552131995290006614509577
upper: 121411138451101288395601026024677976156
Result (no wrap): true
2025-05-02 21:40:26 INFO  ChordProtocols:179 - Finger 10 peker n책 til: process5
2025-05-02 21:40:26 INFO  ChordProtocols:173 - Beregner fingerID for finger 11: 53937554629190552131995290006614511625
id: 53937554629190552131995290006614511625
lower: 53937554629190552131995290006614509577
upper: 121411138451101288395601026024677976156
Result (no wrap): true
2025-05-02 21:40:26 INFO  ChordProtocols:179 - Finger 11 peker n책 til: process5
2025-05-02 21:40:26 INFO  ChordProtocols:173 - Beregner fingerID for finger 12: 53937554629190552131995290006614513673
id: 53937554629190552131995290006614513673
lower: 53937554629190552131995290006614509577
upper: 121411138451101288395601026024677976156
Result (no wrap): true
2025-05-02 21:40:26 INFO  ChordProtocols:179 - Finger 12 peker n책 til: process5
2025-05-02 21:40:26 INFO  ChordProtocols:173 - Beregner fingerID for finger 13: 53937554629190552131995290006614517769
id: 53937554629190552131995290006614517769
lower: 53937554629190552131995290006614509577
upper: 121411138451101288395601026024677976156
Result (no wrap): true
2025-05-02 21:40:26 INFO  ChordProtocols:179 - Finger 13 peker n책 til: process5
2025-05-02 21:40:26 INFO  ChordProtocols:173 - Beregner fingerID for finger 14: 53937554629190552131995290006614525961
id: 53937554629190552131995290006614525961
lower: 53937554629190552131995290006614509577
upper: 121411138451101288395601026024677976156
Result (no wrap): true
2025-05-02 21:40:26 INFO  ChordProtocols:179 - Finger 14 peker n책 til: process5
2025-05-02 21:40:26 INFO  ChordProtocols:173 - Beregner fingerID for finger 15: 53937554629190552131995290006614542345
id: 53937554629190552131995290006614542345
lower: 53937554629190552131995290006614509577
upper: 121411138451101288395601026024677976156
Result (no wrap): true
2025-05-02 21:40:26 INFO  ChordProtocols:179 - Finger 15 peker n책 til: process5
2025-05-02 21:40:26 INFO  ChordProtocols:173 - Beregner fingerID for finger 16: 53937554629190552131995290006614575113
id: 53937554629190552131995290006614575113
lower: 53937554629190552131995290006614509577
upper: 121411138451101288395601026024677976156
Result (no wrap): true
2025-05-02 21:40:26 INFO  ChordProtocols:179 - Finger 16 peker n책 til: process5
2025-05-02 21:40:26 INFO  ChordProtocols:173 - Beregner fingerID for finger 17: 53937554629190552131995290006614640649
id: 53937554629190552131995290006614640649
lower: 53937554629190552131995290006614509577
upper: 121411138451101288395601026024677976156
Result (no wrap): true
2025-05-02 21:40:26 INFO  ChordProtocols:179 - Finger 17 peker n책 til: process5
2025-05-02 21:40:26 INFO  ChordProtocols:173 - Beregner fingerID for finger 18: 53937554629190552131995290006614771721
id: 53937554629190552131995290006614771721
lower: 53937554629190552131995290006614509577
upper: 121411138451101288395601026024677976156
Result (no wrap): true
2025-05-02 21:40:26 INFO  ChordProtocols:179 - Finger 18 peker n책 til: process5
2025-05-02 21:40:26 INFO  ChordProtocols:173 - Beregner fingerID for finger 19: 53937554629190552131995290006615033865
id: 53937554629190552131995290006615033865
lower: 53937554629190552131995290006614509577
upper: 121411138451101288395601026024677976156
Result (no wrap): true
2025-05-02 21:40:26 INFO  ChordProtocols:179 - Finger 19 peker n책 til: process5
2025-05-02 21:40:26 INFO  ChordProtocols:173 - Beregner fingerID for finger 20: 53937554629190552131995290006615558153
id: 53937554629190552131995290006615558153
lower: 53937554629190552131995290006614509577
upper: 121411138451101288395601026024677976156
Result (no wrap): true
2025-05-02 21:40:26 INFO  ChordProtocols:179 - Finger 20 peker n책 til: process5
2025-05-02 21:40:26 INFO  ChordProtocols:173 - Beregner fingerID for finger 21: 53937554629190552131995290006616606729
id: 53937554629190552131995290006616606729
lower: 53937554629190552131995290006614509577
upper: 121411138451101288395601026024677976156
Result (no wrap): true
2025-05-02 21:40:26 INFO  ChordProtocols:179 - Finger 21 peker n책 til: process5
2025-05-02 21:40:26 INFO  ChordProtocols:173 - Beregner fingerID for finger 22: 53937554629190552131995290006618703881
id: 53937554629190552131995290006618703881
lower: 53937554629190552131995290006614509577
upper: 121411138451101288395601026024677976156
Result (no wrap): true
2025-05-02 21:40:26 INFO  ChordProtocols:179 - Finger 22 peker n책 til: process5
2025-05-02 21:40:26 INFO  ChordProtocols:173 - Beregner fingerID for finger 23: 53937554629190552131995290006622898185
id: 53937554629190552131995290006622898185
lower: 53937554629190552131995290006614509577
upper: 121411138451101288395601026024677976156
Result (no wrap): true
2025-05-02 21:40:26 INFO  ChordProtocols:179 - Finger 23 peker n책 til: process5
2025-05-02 21:40:26 INFO  ChordProtocols:173 - Beregner fingerID for finger 24: 53937554629190552131995290006631286793
id: 53937554629190552131995290006631286793
lower: 53937554629190552131995290006614509577
upper: 121411138451101288395601026024677976156
Result (no wrap): true
2025-05-02 21:40:26 INFO  ChordProtocols:179 - Finger 24 peker n책 til: process5
2025-05-02 21:40:26 INFO  ChordProtocols:173 - Beregner fingerID for finger 25: 53937554629190552131995290006648064009
id: 53937554629190552131995290006648064009
lower: 53937554629190552131995290006614509577
upper: 121411138451101288395601026024677976156
Result (no wrap): true
2025-05-02 21:40:26 INFO  ChordProtocols:179 - Finger 25 peker n책 til: process5
2025-05-02 21:40:26 INFO  ChordProtocols:173 - Beregner fingerID for finger 26: 53937554629190552131995290006681618441
id: 53937554629190552131995290006681618441
lower: 53937554629190552131995290006614509577
upper: 121411138451101288395601026024677976156
Result (no wrap): true
2025-05-02 21:40:26 INFO  ChordProtocols:179 - Finger 26 peker n책 til: process5
2025-05-02 21:40:26 INFO  ChordProtocols:173 - Beregner fingerID for finger 27: 53937554629190552131995290006748727305
id: 53937554629190552131995290006748727305
lower: 53937554629190552131995290006614509577
upper: 121411138451101288395601026024677976156
Result (no wrap): true
2025-05-02 21:40:26 INFO  ChordProtocols:179 - Finger 27 peker n책 til: process5
2025-05-02 21:40:26 INFO  ChordProtocols:173 - Beregner fingerID for finger 28: 53937554629190552131995290006882945033
id: 53937554629190552131995290006882945033
lower: 53937554629190552131995290006614509577
upper: 121411138451101288395601026024677976156
Result (no wrap): true
2025-05-02 21:40:26 INFO  ChordProtocols:179 - Finger 28 peker n책 til: process5
2025-05-02 21:40:26 INFO  ChordProtocols:173 - Beregner fingerID for finger 29: 53937554629190552131995290007151380489
id: 53937554629190552131995290007151380489
lower: 53937554629190552131995290006614509577
upper: 121411138451101288395601026024677976156
Result (no wrap): true
2025-05-02 21:40:26 INFO  ChordProtocols:179 - Finger 29 peker n책 til: process5
2025-05-02 21:40:26 INFO  ChordProtocols:173 - Beregner fingerID for finger 30: 53937554629190552131995290007688251401
id: 53937554629190552131995290007688251401
lower: 53937554629190552131995290006614509577
upper: 121411138451101288395601026024677976156
Result (no wrap): true
2025-05-02 21:40:26 INFO  ChordProtocols:179 - Finger 30 peker n책 til: process5
2025-05-02 21:40:26 INFO  ChordProtocols:173 - Beregner fingerID for finger 31: 53937554629190552131995290008761993225
id: 53937554629190552131995290008761993225
lower: 53937554629190552131995290006614509577
upper: 121411138451101288395601026024677976156
Result (no wrap): true
2025-05-02 21:40:26 INFO  ChordProtocols:179 - Finger 31 peker n책 til: process5
2025-05-02 21:40:26 INFO  ChordProtocols:173 - Beregner fingerID for finger 32: 53937554629190552131995290010909476873
id: 53937554629190552131995290010909476873
lower: 53937554629190552131995290006614509577
upper: 121411138451101288395601026024677976156
Result (no wrap): true
2025-05-02 21:40:26 INFO  ChordProtocols:179 - Finger 32 peker n책 til: process5
2025-05-02 21:40:26 INFO  ChordProtocols:173 - Beregner fingerID for finger 33: 53937554629190552131995290015204444169
id: 53937554629190552131995290015204444169
lower: 53937554629190552131995290006614509577
upper: 121411138451101288395601026024677976156
Result (no wrap): true
2025-05-02 21:40:26 INFO  ChordProtocols:179 - Finger 33 peker n책 til: process5
2025-05-02 21:40:26 INFO  ChordProtocols:173 - Beregner fingerID for finger 34: 53937554629190552131995290023794378761
id: 53937554629190552131995290023794378761
lower: 53937554629190552131995290006614509577
upper: 121411138451101288395601026024677976156
Result (no wrap): true
2025-05-02 21:40:26 INFO  ChordProtocols:179 - Finger 34 peker n책 til: process5
2025-05-02 21:40:26 INFO  ChordProtocols:173 - Beregner fingerID for finger 35: 53937554629190552131995290040974247945
id: 53937554629190552131995290040974247945
lower: 53937554629190552131995290006614509577
upper: 121411138451101288395601026024677976156
Result (no wrap): true
2025-05-02 21:40:26 INFO  ChordProtocols:179 - Finger 35 peker n책 til: process5
2025-05-02 21:40:26 INFO  ChordProtocols:173 - Beregner fingerID for finger 36: 53937554629190552131995290075333986313
id: 53937554629190552131995290075333986313
lower: 53937554629190552131995290006614509577
upper: 121411138451101288395601026024677976156
Result (no wrap): true
2025-05-02 21:40:26 INFO  ChordProtocols:179 - Finger 36 peker n책 til: process5
2025-05-02 21:40:26 INFO  ChordProtocols:173 - Beregner fingerID for finger 37: 53937554629190552131995290144053463049
id: 53937554629190552131995290144053463049
lower: 53937554629190552131995290006614509577
upper: 121411138451101288395601026024677976156
Result (no wrap): true
2025-05-02 21:40:26 INFO  ChordProtocols:179 - Finger 37 peker n책 til: process5
2025-05-02 21:40:26 INFO  ChordProtocols:173 - Beregner fingerID for finger 38: 53937554629190552131995290281492416521
id: 53937554629190552131995290281492416521
lower: 53937554629190552131995290006614509577
upper: 121411138451101288395601026024677976156
Result (no wrap): true
2025-05-02 21:40:26 INFO  ChordProtocols:179 - Finger 38 peker n책 til: process5
2025-05-02 21:40:26 INFO  ChordProtocols:173 - Beregner fingerID for finger 39: 53937554629190552131995290556370323465
id: 53937554629190552131995290556370323465
lower: 53937554629190552131995290006614509577
upper: 121411138451101288395601026024677976156
Result (no wrap): true
2025-05-02 21:40:26 INFO  ChordProtocols:179 - Finger 39 peker n책 til: process5
2025-05-02 21:40:26 INFO  ChordProtocols:173 - Beregner fingerID for finger 40: 53937554629190552131995291106126137353
id: 53937554629190552131995291106126137353
lower: 53937554629190552131995290006614509577
upper: 121411138451101288395601026024677976156
Result (no wrap): true
2025-05-02 21:40:26 INFO  ChordProtocols:179 - Finger 40 peker n책 til: process5
2025-05-02 21:40:26 INFO  ChordProtocols:173 - Beregner fingerID for finger 41: 53937554629190552131995292205637765129
id: 53937554629190552131995292205637765129
lower: 53937554629190552131995290006614509577
upper: 121411138451101288395601026024677976156
Result (no wrap): true
2025-05-02 21:40:26 INFO  ChordProtocols:179 - Finger 41 peker n책 til: process5
2025-05-02 21:40:26 INFO  ChordProtocols:173 - Beregner fingerID for finger 42: 53937554629190552131995294404661020681
id: 53937554629190552131995294404661020681
lower: 53937554629190552131995290006614509577
upper: 121411138451101288395601026024677976156
Result (no wrap): true
2025-05-02 21:40:26 INFO  ChordProtocols:179 - Finger 42 peker n책 til: process5
2025-05-02 21:40:26 INFO  ChordProtocols:173 - Beregner fingerID for finger 43: 53937554629190552131995298802707531785
id: 53937554629190552131995298802707531785
lower: 53937554629190552131995290006614509577
upper: 121411138451101288395601026024677976156
Result (no wrap): true
2025-05-02 21:40:26 INFO  ChordProtocols:179 - Finger 43 peker n책 til: process5
2025-05-02 21:40:26 INFO  ChordProtocols:173 - Beregner fingerID for finger 44: 53937554629190552131995307598800553993
id: 53937554629190552131995307598800553993
lower: 53937554629190552131995290006614509577
upper: 121411138451101288395601026024677976156
Result (no wrap): true
2025-05-02 21:40:26 INFO  ChordProtocols:179 - Finger 44 peker n책 til: process5
2025-05-02 21:40:26 INFO  ChordProtocols:173 - Beregner fingerID for finger 45: 53937554629190552131995325190986598409
id: 53937554629190552131995325190986598409
lower: 53937554629190552131995290006614509577
upper: 121411138451101288395601026024677976156
Result (no wrap): true
2025-05-02 21:40:26 INFO  ChordProtocols:179 - Finger 45 peker n책 til: process5
2025-05-02 21:40:26 INFO  ChordProtocols:173 - Beregner fingerID for finger 46: 53937554629190552131995360375358687241
id: 53937554629190552131995360375358687241
lower: 53937554629190552131995290006614509577
upper: 121411138451101288395601026024677976156
Result (no wrap): true
2025-05-02 21:40:26 INFO  ChordProtocols:179 - Finger 46 peker n책 til: process5
2025-05-02 21:40:26 INFO  ChordProtocols:173 - Beregner fingerID for finger 47: 53937554629190552131995430744102864905
id: 53937554629190552131995430744102864905
lower: 53937554629190552131995290006614509577
upper: 121411138451101288395601026024677976156
Result (no wrap): true
2025-05-02 21:40:26 INFO  ChordProtocols:179 - Finger 47 peker n책 til: process5
2025-05-02 21:40:26 INFO  ChordProtocols:173 - Beregner fingerID for finger 48: 53937554629190552131995571481591220233
id: 53937554629190552131995571481591220233
lower: 53937554629190552131995290006614509577
upper: 121411138451101288395601026024677976156
Result (no wrap): true
2025-05-02 21:40:26 INFO  ChordProtocols:179 - Finger 48 peker n책 til: process5
2025-05-02 21:40:26 INFO  ChordProtocols:173 - Beregner fingerID for finger 49: 53937554629190552131995852956567930889
id: 53937554629190552131995852956567930889
lower: 53937554629190552131995290006614509577
upper: 121411138451101288395601026024677976156
Result (no wrap): true
2025-05-02 21:40:26 INFO  ChordProtocols:179 - Finger 49 peker n책 til: process5
2025-05-02 21:40:26 INFO  ChordProtocols:173 - Beregner fingerID for finger 50: 53937554629190552131996415906521352201
id: 53937554629190552131996415906521352201
lower: 53937554629190552131995290006614509577
upper: 121411138451101288395601026024677976156
Result (no wrap): true
2025-05-02 21:40:26 INFO  ChordProtocols:179 - Finger 50 peker n책 til: process5
2025-05-02 21:40:26 INFO  ChordProtocols:173 - Beregner fingerID for finger 51: 53937554629190552131997541806428194825
id: 53937554629190552131997541806428194825
lower: 53937554629190552131995290006614509577
upper: 121411138451101288395601026024677976156
Result (no wrap): true
2025-05-02 21:40:26 INFO  ChordProtocols:179 - Finger 51 peker n책 til: process5
2025-05-02 21:40:26 INFO  ChordProtocols:173 - Beregner fingerID for finger 52: 53937554629190552131999793606241880073
id: 53937554629190552131999793606241880073
lower: 53937554629190552131995290006614509577
upper: 121411138451101288395601026024677976156
Result (no wrap): true
2025-05-02 21:40:26 INFO  ChordProtocols:179 - Finger 52 peker n책 til: process5
2025-05-02 21:40:26 INFO  ChordProtocols:173 - Beregner fingerID for finger 53: 53937554629190552132004297205869250569
id: 53937554629190552132004297205869250569
lower: 53937554629190552131995290006614509577
upper: 121411138451101288395601026024677976156
Result (no wrap): true
2025-05-02 21:40:26 INFO  ChordProtocols:179 - Finger 53 peker n책 til: process5
2025-05-02 21:40:26 INFO  ChordProtocols:173 - Beregner fingerID for finger 54: 53937554629190552132013304405123991561
id: 53937554629190552132013304405123991561
lower: 53937554629190552131995290006614509577
upper: 121411138451101288395601026024677976156
Result (no wrap): true
2025-05-02 21:40:26 INFO  ChordProtocols:179 - Finger 54 peker n책 til: process5
2025-05-02 21:40:26 INFO  ChordProtocols:173 - Beregner fingerID for finger 55: 53937554629190552132031318803633473545
id: 53937554629190552132031318803633473545
lower: 53937554629190552131995290006614509577
upper: 121411138451101288395601026024677976156
Result (no wrap): true
2025-05-02 21:40:26 INFO  ChordProtocols:179 - Finger 55 peker n책 til: process5
2025-05-02 21:40:26 INFO  ChordProtocols:173 - Beregner fingerID for finger 56: 53937554629190552132067347600652437513
id: 53937554629190552132067347600652437513
lower: 53937554629190552131995290006614509577
upper: 121411138451101288395601026024677976156
Result (no wrap): true
2025-05-02 21:40:26 INFO  ChordProtocols:179 - Finger 56 peker n책 til: process5
2025-05-02 21:40:26 INFO  ChordProtocols:173 - Beregner fingerID for finger 57: 53937554629190552132139405194690365449
id: 53937554629190552132139405194690365449
lower: 53937554629190552131995290006614509577
upper: 121411138451101288395601026024677976156
Result (no wrap): true
2025-05-02 21:40:26 INFO  ChordProtocols:179 - Finger 57 peker n책 til: process5
2025-05-02 21:40:26 INFO  ChordProtocols:173 - Beregner fingerID for finger 58: 53937554629190552132283520382766221321
id: 53937554629190552132283520382766221321
lower: 53937554629190552131995290006614509577
upper: 121411138451101288395601026024677976156
Result (no wrap): true
2025-05-02 21:40:26 INFO  ChordProtocols:179 - Finger 58 peker n책 til: process5
2025-05-02 21:40:26 INFO  ChordProtocols:173 - Beregner fingerID for finger 59: 53937554629190552132571750758917933065
id: 53937554629190552132571750758917933065
lower: 53937554629190552131995290006614509577
upper: 121411138451101288395601026024677976156
Result (no wrap): true
2025-05-02 21:40:26 INFO  ChordProtocols:179 - Finger 59 peker n책 til: process5
2025-05-02 21:40:26 INFO  ChordProtocols:173 - Beregner fingerID for finger 60: 53937554629190552133148211511221356553
id: 53937554629190552133148211511221356553
lower: 53937554629190552131995290006614509577
upper: 121411138451101288395601026024677976156
Result (no wrap): true
2025-05-02 21:40:26 INFO  ChordProtocols:179 - Finger 60 peker n책 til: process5
2025-05-02 21:40:26 INFO  ChordProtocols:173 - Beregner fingerID for finger 61: 53937554629190552134301133015828203529
id: 53937554629190552134301133015828203529
lower: 53937554629190552131995290006614509577
upper: 121411138451101288395601026024677976156
Result (no wrap): true
2025-05-02 21:40:26 INFO  ChordProtocols:179 - Finger 61 peker n책 til: process5
2025-05-02 21:40:26 INFO  ChordProtocols:173 - Beregner fingerID for finger 62: 53937554629190552136606976025041897481
id: 53937554629190552136606976025041897481
lower: 53937554629190552131995290006614509577
upper: 121411138451101288395601026024677976156
Result (no wrap): true
2025-05-02 21:40:26 INFO  ChordProtocols:179 - Finger 62 peker n책 til: process5
2025-05-02 21:40:26 INFO  ChordProtocols:173 - Beregner fingerID for finger 63: 53937554629190552141218662043469285385
id: 53937554629190552141218662043469285385
lower: 53937554629190552131995290006614509577
upper: 121411138451101288395601026024677976156
Result (no wrap): true
2025-05-02 21:40:26 INFO  ChordProtocols:179 - Finger 63 peker n책 til: process5
2025-05-02 21:40:26 INFO  ChordProtocols:173 - Beregner fingerID for finger 64: 53937554629190552150442034080324061193
id: 53937554629190552150442034080324061193
lower: 53937554629190552131995290006614509577
upper: 121411138451101288395601026024677976156
Result (no wrap): true
2025-05-02 21:40:26 INFO  ChordProtocols:179 - Finger 64 peker n책 til: process5
2025-05-02 21:40:26 INFO  ChordProtocols:173 - Beregner fingerID for finger 65: 53937554629190552168888778154033612809
id: 53937554629190552168888778154033612809
lower: 53937554629190552131995290006614509577
upper: 121411138451101288395601026024677976156
Result (no wrap): true
2025-05-02 21:40:26 INFO  ChordProtocols:179 - Finger 65 peker n책 til: process5
2025-05-02 21:40:26 INFO  ChordProtocols:173 - Beregner fingerID for finger 66: 53937554629190552205782266301452716041
id: 53937554629190552205782266301452716041
lower: 53937554629190552131995290006614509577
upper: 121411138451101288395601026024677976156
Result (no wrap): true
2025-05-02 21:40:26 INFO  ChordProtocols:179 - Finger 66 peker n책 til: process5
2025-05-02 21:40:26 INFO  ChordProtocols:173 - Beregner fingerID for finger 67: 53937554629190552279569242596290922505
id: 53937554629190552279569242596290922505
lower: 53937554629190552131995290006614509577
upper: 121411138451101288395601026024677976156
Result (no wrap): true
2025-05-02 21:40:26 INFO  ChordProtocols:179 - Finger 67 peker n책 til: process5
2025-05-02 21:40:26 INFO  ChordProtocols:173 - Beregner fingerID for finger 68: 53937554629190552427143195185967335433
id: 53937554629190552427143195185967335433
lower: 53937554629190552131995290006614509577
upper: 121411138451101288395601026024677976156
Result (no wrap): true
2025-05-02 21:40:26 INFO  ChordProtocols:179 - Finger 68 peker n책 til: process5
2025-05-02 21:40:26 INFO  ChordProtocols:173 - Beregner fingerID for finger 69: 53937554629190552722291100365320161289
id: 53937554629190552722291100365320161289
lower: 53937554629190552131995290006614509577
upper: 121411138451101288395601026024677976156
Result (no wrap): true
2025-05-02 21:40:26 INFO  ChordProtocols:179 - Finger 69 peker n책 til: process5
2025-05-02 21:40:26 INFO  ChordProtocols:173 - Beregner fingerID for finger 70: 53937554629190553312586910724025813001
id: 53937554629190553312586910724025813001
lower: 53937554629190552131995290006614509577
upper: 121411138451101288395601026024677976156
Result (no wrap): true
2025-05-02 21:40:26 INFO  ChordProtocols:179 - Finger 70 peker n책 til: process5
2025-05-02 21:40:26 INFO  ChordProtocols:173 - Beregner fingerID for finger 71: 53937554629190554493178531441437116425
id: 53937554629190554493178531441437116425
lower: 53937554629190552131995290006614509577
upper: 121411138451101288395601026024677976156
Result (no wrap): true
2025-05-02 21:40:26 INFO  ChordProtocols:179 - Finger 71 peker n책 til: process5
2025-05-02 21:40:26 INFO  ChordProtocols:173 - Beregner fingerID for finger 72: 53937554629190556854361772876259723273
id: 53937554629190556854361772876259723273
lower: 53937554629190552131995290006614509577
upper: 121411138451101288395601026024677976156
Result (no wrap): true
2025-05-02 21:40:26 INFO  ChordProtocols:179 - Finger 72 peker n책 til: process5
2025-05-02 21:40:26 INFO  ChordProtocols:173 - Beregner fingerID for finger 73: 53937554629190561576728255745904936969
id: 53937554629190561576728255745904936969
lower: 53937554629190552131995290006614509577
upper: 121411138451101288395601026024677976156
Result (no wrap): true
2025-05-02 21:40:26 INFO  ChordProtocols:179 - Finger 73 peker n책 til: process5
2025-05-02 21:40:26 INFO  ChordProtocols:173 - Beregner fingerID for finger 74: 53937554629190571021461221485195364361
id: 53937554629190571021461221485195364361
lower: 53937554629190552131995290006614509577
upper: 121411138451101288395601026024677976156
Result (no wrap): true
2025-05-02 21:40:26 INFO  ChordProtocols:179 - Finger 74 peker n책 til: process5
2025-05-02 21:40:26 INFO  ChordProtocols:173 - Beregner fingerID for finger 75: 53937554629190589910927152963776219145
id: 53937554629190589910927152963776219145
lower: 53937554629190552131995290006614509577
upper: 121411138451101288395601026024677976156
Result (no wrap): true
2025-05-02 21:40:26 INFO  ChordProtocols:179 - Finger 75 peker n책 til: process5
2025-05-02 21:40:26 INFO  ChordProtocols:173 - Beregner fingerID for finger 76: 53937554629190627689859015920937928713
id: 53937554629190627689859015920937928713
lower: 53937554629190552131995290006614509577
upper: 121411138451101288395601026024677976156
Result (no wrap): true
2025-05-02 21:40:26 INFO  ChordProtocols:179 - Finger 76 peker n책 til: process5
2025-05-02 21:40:26 INFO  ChordProtocols:173 - Beregner fingerID for finger 77: 53937554629190703247722741835261347849
id: 53937554629190703247722741835261347849
lower: 53937554629190552131995290006614509577
upper: 121411138451101288395601026024677976156
Result (no wrap): true
2025-05-02 21:40:26 INFO  ChordProtocols:179 - Finger 77 peker n책 til: process5
2025-05-02 21:40:26 INFO  ChordProtocols:173 - Beregner fingerID for finger 78: 53937554629190854363450193663908186121
id: 53937554629190854363450193663908186121
lower: 53937554629190552131995290006614509577
upper: 121411138451101288395601026024677976156
Result (no wrap): true
2025-05-02 21:40:26 INFO  ChordProtocols:179 - Finger 78 peker n책 til: process5
2025-05-02 21:40:26 INFO  ChordProtocols:173 - Beregner fingerID for finger 79: 53937554629191156594905097321201862665
id: 53937554629191156594905097321201862665
lower: 53937554629190552131995290006614509577
upper: 121411138451101288395601026024677976156
Result (no wrap): true
2025-05-02 21:40:26 INFO  ChordProtocols:179 - Finger 79 peker n책 til: process5
2025-05-02 21:40:26 INFO  ChordProtocols:173 - Beregner fingerID for finger 80: 53937554629191761057814904635789215753
id: 53937554629191761057814904635789215753
lower: 53937554629190552131995290006614509577
upper: 121411138451101288395601026024677976156
Result (no wrap): true
2025-05-02 21:40:26 INFO  ChordProtocols:179 - Finger 80 peker n책 til: process5
2025-05-02 21:40:26 INFO  ChordProtocols:173 - Beregner fingerID for finger 81: 53937554629192969983634519264963921929
id: 53937554629192969983634519264963921929
lower: 53937554629190552131995290006614509577
upper: 121411138451101288395601026024677976156
Result (no wrap): true
2025-05-02 21:40:26 INFO  ChordProtocols:179 - Finger 81 peker n책 til: process5
2025-05-02 21:40:26 INFO  ChordProtocols:173 - Beregner fingerID for finger 82: 53937554629195387835273748523313334281
id: 53937554629195387835273748523313334281
lower: 53937554629190552131995290006614509577
upper: 121411138451101288395601026024677976156
Result (no wrap): true
2025-05-02 21:40:26 INFO  ChordProtocols:179 - Finger 82 peker n책 til: process5
2025-05-02 21:40:26 INFO  ChordProtocols:173 - Beregner fingerID for finger 83: 53937554629200223538552207040012158985
id: 53937554629200223538552207040012158985
lower: 53937554629190552131995290006614509577
upper: 121411138451101288395601026024677976156
Result (no wrap): true
2025-05-02 21:40:26 INFO  ChordProtocols:179 - Finger 83 peker n책 til: process5
2025-05-02 21:40:26 INFO  ChordProtocols:173 - Beregner fingerID for finger 84: 53937554629209894945109124073409808393
id: 53937554629209894945109124073409808393
lower: 53937554629190552131995290006614509577
upper: 121411138451101288395601026024677976156
Result (no wrap): true
2025-05-02 21:40:26 INFO  ChordProtocols:179 - Finger 84 peker n책 til: process5
2025-05-02 21:40:26 INFO  ChordProtocols:173 - Beregner fingerID for finger 85: 53937554629229237758222958140205107209
id: 53937554629229237758222958140205107209
lower: 53937554629190552131995290006614509577
upper: 121411138451101288395601026024677976156
Result (no wrap): true
2025-05-02 21:40:26 INFO  ChordProtocols:179 - Finger 85 peker n책 til: process5
2025-05-02 21:40:26 INFO  ChordProtocols:173 - Beregner fingerID for finger 86: 53937554629267923384450626273795704841
id: 53937554629267923384450626273795704841
lower: 53937554629190552131995290006614509577
upper: 121411138451101288395601026024677976156
Result (no wrap): true
2025-05-02 21:40:26 INFO  ChordProtocols:179 - Finger 86 peker n책 til: process5
2025-05-02 21:40:26 INFO  ChordProtocols:173 - Beregner fingerID for finger 87: 53937554629345294636905962540976900105
id: 53937554629345294636905962540976900105
lower: 53937554629190552131995290006614509577
upper: 121411138451101288395601026024677976156
Result (no wrap): true
2025-05-02 21:40:26 INFO  ChordProtocols:179 - Finger 87 peker n책 til: process5
2025-05-02 21:40:26 INFO  ChordProtocols:173 - Beregner fingerID for finger 88: 53937554629500037141816635075339290633
id: 53937554629500037141816635075339290633
lower: 53937554629190552131995290006614509577
upper: 121411138451101288395601026024677976156
Result (no wrap): true
2025-05-02 21:40:26 INFO  ChordProtocols:179 - Finger 88 peker n책 til: process5
2025-05-02 21:40:26 INFO  ChordProtocols:173 - Beregner fingerID for finger 89: 53937554629809522151637980144064071689
id: 53937554629809522151637980144064071689
lower: 53937554629190552131995290006614509577
upper: 121411138451101288395601026024677976156
Result (no wrap): true
2025-05-02 21:40:26 INFO  ChordProtocols:179 - Finger 89 peker n책 til: process5
2025-05-02 21:40:26 INFO  ChordProtocols:173 - Beregner fingerID for finger 90: 53937554630428492171280670281513633801
id: 53937554630428492171280670281513633801
lower: 53937554629190552131995290006614509577
upper: 121411138451101288395601026024677976156
Result (no wrap): true
2025-05-02 21:40:26 INFO  ChordProtocols:179 - Finger 90 peker n책 til: process5
2025-05-02 21:40:26 INFO  ChordProtocols:173 - Beregner fingerID for finger 91: 53937554631666432210566050556412758025
id: 53937554631666432210566050556412758025
lower: 53937554629190552131995290006614509577
upper: 121411138451101288395601026024677976156
Result (no wrap): true
2025-05-02 21:40:26 INFO  ChordProtocols:179 - Finger 91 peker n책 til: process5
2025-05-02 21:40:26 INFO  ChordProtocols:173 - Beregner fingerID for finger 92: 53937554634142312289136811106211006473
id: 53937554634142312289136811106211006473
lower: 53937554629190552131995290006614509577
upper: 121411138451101288395601026024677976156
Result (no wrap): true
2025-05-02 21:40:26 INFO  ChordProtocols:179 - Finger 92 peker n책 til: process5
2025-05-02 21:40:26 INFO  ChordProtocols:173 - Beregner fingerID for finger 93: 53937554639094072446278332205807503369
id: 53937554639094072446278332205807503369
lower: 53937554629190552131995290006614509577
upper: 121411138451101288395601026024677976156
Result (no wrap): true
2025-05-02 21:40:26 INFO  ChordProtocols:179 - Finger 93 peker n책 til: process5
2025-05-02 21:40:26 INFO  ChordProtocols:173 - Beregner fingerID for finger 94: 53937554648997592760561374405000497161
id: 53937554648997592760561374405000497161
lower: 53937554629190552131995290006614509577
upper: 121411138451101288395601026024677976156
Result (no wrap): true
2025-05-02 21:40:26 INFO  ChordProtocols:179 - Finger 94 peker n책 til: process5
2025-05-02 21:40:26 INFO  ChordProtocols:173 - Beregner fingerID for finger 95: 53937554668804633389127458803386484745
id: 53937554668804633389127458803386484745
lower: 53937554629190552131995290006614509577
upper: 121411138451101288395601026024677976156
Result (no wrap): true
2025-05-02 21:40:26 INFO  ChordProtocols:179 - Finger 95 peker n책 til: process5
2025-05-02 21:40:26 INFO  ChordProtocols:173 - Beregner fingerID for finger 96: 53937554708418714646259627600158459913
id: 53937554708418714646259627600158459913
lower: 53937554629190552131995290006614509577
upper: 121411138451101288395601026024677976156
Result (no wrap): true
2025-05-02 21:40:26 INFO  ChordProtocols:179 - Finger 96 peker n책 til: process5
2025-05-02 21:40:26 INFO  ChordProtocols:173 - Beregner fingerID for finger 97: 53937554787646877160523965193702410249
id: 53937554787646877160523965193702410249
lower: 53937554629190552131995290006614509577
upper: 121411138451101288395601026024677976156
Result (no wrap): true
2025-05-02 21:40:26 INFO  ChordProtocols:179 - Finger 97 peker n책 til: process5
2025-05-02 21:40:26 INFO  ChordProtocols:173 - Beregner fingerID for finger 98: 53937554946103202189052640380790310921
id: 53937554946103202189052640380790310921
lower: 53937554629190552131995290006614509577
upper: 121411138451101288395601026024677976156
Result (no wrap): true
2025-05-02 21:40:26 INFO  ChordProtocols:179 - Finger 98 peker n책 til: process5
2025-05-02 21:40:26 INFO  ChordProtocols:173 - Beregner fingerID for finger 99: 53937555263015852246109990754966112265
id: 53937555263015852246109990754966112265
lower: 53937554629190552131995290006614509577
upper: 121411138451101288395601026024677976156
Result (no wrap): true
2025-05-02 21:40:26 INFO  ChordProtocols:179 - Finger 99 peker n책 til: process5
2025-05-02 21:40:26 INFO  ChordProtocols:173 - Beregner fingerID for finger 100: 53937555896841152360224691503317714953
id: 53937555896841152360224691503317714953
lower: 53937554629190552131995290006614509577
upper: 121411138451101288395601026024677976156
Result (no wrap): true
2025-05-02 21:40:26 INFO  ChordProtocols:179 - Finger 100 peker n책 til: process5
2025-05-02 21:40:26 INFO  ChordProtocols:173 - Beregner fingerID for finger 101: 53937557164491752588454093000020920329
id: 53937557164491752588454093000020920329
lower: 53937554629190552131995290006614509577
upper: 121411138451101288395601026024677976156
Result (no wrap): true
2025-05-02 21:40:26 INFO  ChordProtocols:179 - Finger 101 peker n책 til: process5
2025-05-02 21:40:26 INFO  ChordProtocols:173 - Beregner fingerID for finger 102: 53937559699792953044912895993427331081
id: 53937559699792953044912895993427331081
lower: 53937554629190552131995290006614509577
upper: 121411138451101288395601026024677976156
Result (no wrap): true
2025-05-02 21:40:26 INFO  ChordProtocols:179 - Finger 102 peker n책 til: process5
2025-05-02 21:40:26 INFO  ChordProtocols:173 - Beregner fingerID for finger 103: 53937564770395353957830501980240152585
id: 53937564770395353957830501980240152585
lower: 53937554629190552131995290006614509577
upper: 121411138451101288395601026024677976156
Result (no wrap): true
2025-05-02 21:40:26 INFO  ChordProtocols:179 - Finger 103 peker n책 til: process5
2025-05-02 21:40:26 INFO  ChordProtocols:173 - Beregner fingerID for finger 104: 53937574911600155783665713953865795593
id: 53937574911600155783665713953865795593
lower: 53937554629190552131995290006614509577
upper: 121411138451101288395601026024677976156
Result (no wrap): true
2025-05-02 21:40:26 INFO  ChordProtocols:179 - Finger 104 peker n책 til: process5
2025-05-02 21:40:26 INFO  ChordProtocols:173 - Beregner fingerID for finger 105: 53937595194009759435336137901117081609
id: 53937595194009759435336137901117081609
lower: 53937554629190552131995290006614509577
upper: 121411138451101288395601026024677976156
Result (no wrap): true
2025-05-02 21:40:26 INFO  ChordProtocols:179 - Finger 105 peker n책 til: process5
2025-05-02 21:40:26 INFO  ChordProtocols:173 - Beregner fingerID for finger 106: 53937635758828966738676985795619653641
id: 53937635758828966738676985795619653641
lower: 53937554629190552131995290006614509577
upper: 121411138451101288395601026024677976156
Result (no wrap): true
2025-05-02 21:40:26 INFO  ChordProtocols:179 - Finger 106 peker n책 til: process5
2025-05-02 21:40:26 INFO  ChordProtocols:173 - Beregner fingerID for finger 107: 53937716888467381345358681584624797705
id: 53937716888467381345358681584624797705
lower: 53937554629190552131995290006614509577
upper: 121411138451101288395601026024677976156
Result (no wrap): true
2025-05-02 21:40:26 INFO  ChordProtocols:179 - Finger 107 peker n책 til: process5
2025-05-02 21:40:26 INFO  ChordProtocols:173 - Beregner fingerID for finger 108: 53937879147744210558722073162635085833
id: 53937879147744210558722073162635085833
lower: 53937554629190552131995290006614509577
upper: 121411138451101288395601026024677976156
Result (no wrap): true
2025-05-02 21:40:26 INFO  ChordProtocols:179 - Finger 108 peker n책 til: process5
2025-05-02 21:40:26 INFO  ChordProtocols:173 - Beregner fingerID for finger 109: 53938203666297868985448856318655662089
id: 53938203666297868985448856318655662089
lower: 53937554629190552131995290006614509577
upper: 121411138451101288395601026024677976156
Result (no wrap): true
2025-05-02 21:40:26 INFO  ChordProtocols:179 - Finger 109 peker n책 til: process5
2025-05-02 21:40:26 INFO  ChordProtocols:173 - Beregner fingerID for finger 110: 53938852703405185838902422630696814601
id: 53938852703405185838902422630696814601
lower: 53937554629190552131995290006614509577
upper: 121411138451101288395601026024677976156
Result (no wrap): true
2025-05-02 21:40:26 INFO  ChordProtocols:179 - Finger 110 peker n책 til: process5
2025-05-02 21:40:26 INFO  ChordProtocols:173 - Beregner fingerID for finger 111: 53940150777619819545809555254779119625
id: 53940150777619819545809555254779119625
lower: 53937554629190552131995290006614509577
upper: 121411138451101288395601026024677976156
Result (no wrap): true
2025-05-02 21:40:26 INFO  ChordProtocols:179 - Finger 111 peker n책 til: process5
2025-05-02 21:40:26 INFO  ChordProtocols:173 - Beregner fingerID for finger 112: 53942746926049086959623820502943729673
id: 53942746926049086959623820502943729673
lower: 53937554629190552131995290006614509577
upper: 121411138451101288395601026024677976156
Result (no wrap): true
2025-05-02 21:40:26 INFO  ChordProtocols:179 - Finger 112 peker n책 til: process5
2025-05-02 21:40:26 INFO  ChordProtocols:173 - Beregner fingerID for finger 113: 53947939222907621787252350999272949769
id: 53947939222907621787252350999272949769
lower: 53937554629190552131995290006614509577
upper: 121411138451101288395601026024677976156
Result (no wrap): true
2025-05-02 21:40:26 INFO  ChordProtocols:179 - Finger 113 peker n책 til: process5
2025-05-02 21:40:26 INFO  ChordProtocols:173 - Beregner fingerID for finger 114: 53958323816624691442509411991931389961
id: 53958323816624691442509411991931389961
lower: 53937554629190552131995290006614509577
upper: 121411138451101288395601026024677976156
Result (no wrap): true
2025-05-02 21:40:26 INFO  ChordProtocols:179 - Finger 114 peker n책 til: process5
2025-05-02 21:40:26 INFO  ChordProtocols:173 - Beregner fingerID for finger 115: 53979093004058830753023533977248270345
id: 53979093004058830753023533977248270345
lower: 53937554629190552131995290006614509577
upper: 121411138451101288395601026024677976156
Result (no wrap): true
2025-05-02 21:40:26 INFO  ChordProtocols:179 - Finger 115 peker n책 til: process5
2025-05-02 21:40:26 INFO  ChordProtocols:173 - Beregner fingerID for finger 116: 54020631378927109374051777947882031113
id: 54020631378927109374051777947882031113
lower: 53937554629190552131995290006614509577
upper: 121411138451101288395601026024677976156
Result (no wrap): true
2025-05-02 21:40:26 INFO  ChordProtocols:179 - Finger 116 peker n책 til: process5
2025-05-02 21:40:26 INFO  ChordProtocols:173 - Beregner fingerID for finger 117: 54103708128663666616108265889149552649
id: 54103708128663666616108265889149552649
lower: 53937554629190552131995290006614509577
upper: 121411138451101288395601026024677976156
Result (no wrap): true
2025-05-02 21:40:26 INFO  ChordProtocols:179 - Finger 117 peker n책 til: process5
2025-05-02 21:40:26 INFO  ChordProtocols:173 - Beregner fingerID for finger 118: 54269861628136781100221241771684595721
id: 54269861628136781100221241771684595721
lower: 53937554629190552131995290006614509577
upper: 121411138451101288395601026024677976156
Result (no wrap): true
2025-05-02 21:40:26 INFO  ChordProtocols:179 - Finger 118 peker n책 til: process5
2025-05-02 21:40:26 INFO  ChordProtocols:173 - Beregner fingerID for finger 119: 54602168627083010068447193536754681865
id: 54602168627083010068447193536754681865
lower: 53937554629190552131995290006614509577
upper: 121411138451101288395601026024677976156
Result (no wrap): true
2025-05-02 21:40:26 INFO  ChordProtocols:179 - Finger 119 peker n책 til: process5
2025-05-02 21:40:26 INFO  ChordProtocols:173 - Beregner fingerID for finger 120: 55266782624975468004899097066894854153
id: 55266782624975468004899097066894854153
lower: 53937554629190552131995290006614509577
upper: 121411138451101288395601026024677976156
Result (no wrap): true
2025-05-02 21:40:26 INFO  ChordProtocols:179 - Finger 120 peker n책 til: process5
2025-05-02 21:40:26 INFO  ChordProtocols:173 - Beregner fingerID for finger 121: 56596010620760383877802904127175198729
id: 56596010620760383877802904127175198729
lower: 53937554629190552131995290006614509577
upper: 121411138451101288395601026024677976156
Result (no wrap): true
2025-05-02 21:40:26 INFO  ChordProtocols:179 - Finger 121 peker n책 til: process5
2025-05-02 21:40:26 INFO  ChordProtocols:173 - Beregner fingerID for finger 122: 59254466612330215623610518247735887881
id: 59254466612330215623610518247735887881
lower: 53937554629190552131995290006614509577
upper: 121411138451101288395601026024677976156
Result (no wrap): true
2025-05-02 21:40:26 INFO  ChordProtocols:179 - Finger 122 peker n책 til: process5
2025-05-02 21:40:26 INFO  ChordProtocols:173 - Beregner fingerID for finger 123: 64571378595469879115225746488857266185
id: 64571378595469879115225746488857266185
lower: 53937554629190552131995290006614509577
upper: 121411138451101288395601026024677976156
Result (no wrap): true
2025-05-02 21:40:26 INFO  ChordProtocols:179 - Finger 123 peker n책 til: process5
2025-05-02 21:40:26 INFO  ChordProtocols:173 - Beregner fingerID for finger 124: 75205202561749206098456202971100022793
id: 75205202561749206098456202971100022793
lower: 53937554629190552131995290006614509577
upper: 121411138451101288395601026024677976156
Result (no wrap): true
2025-05-02 21:40:26 INFO  ChordProtocols:179 - Finger 124 peker n책 til: process5
2025-05-02 21:40:26 INFO  ChordProtocols:173 - Beregner fingerID for finger 125: 96472850494307860064917115935585536009
id: 96472850494307860064917115935585536009
lower: 53937554629190552131995290006614509577
upper: 121411138451101288395601026024677976156
Result (no wrap): true
2025-05-02 21:40:26 INFO  ChordProtocols:179 - Finger 125 peker n책 til: process5
2025-05-02 21:40:26 INFO  ChordProtocols:173 - Beregner fingerID for finger 126: 139008146359425167997838941864556562441
id: 139008146359425167997838941864556562441
lower: 53937554629190552131995290006614509577
upper: 121411138451101288395601026024677976156
Result (no wrap): false
id: 121411138451101288395601026024677976156
lower: 53937554629190552131995290006614509577
upper: 139008146359425167997838941864556562441
Result (no wrap): true
id: 139008146359425167997838941864556562441
lower: 121411138451101288395601026024677976156
upper: 210821560651360572675896360671414673172
Result (no wrap): true
2025-05-02 21:40:26 INFO  ChordProtocols:179 - Finger 126 peker n책 til: process4
2025-05-02 21:40:26 INFO  ChordProtocols:173 - Beregner fingerID for finger 127: 224078738089659783863682593722498615305
id: 224078738089659783863682593722498615305
lower: 53937554629190552131995290006614509577
upper: 121411138451101288395601026024677976156
Result (no wrap): false
id: 210821560651360572675896360671414673172
lower: 53937554629190552131995290006614509577
upper: 224078738089659783863682593722498615305
Result (no wrap): true
id: 224078738089659783863682593722498615305
lower: 210821560651360572675896360671414673172
upper: 15618062003214643351512781541041391612
Result (wrap): true
2025-05-02 21:40:26 INFO  ChordProtocols:179 - Finger 127 peker n책 til: process2
2025-05-02 21:40:26 INFO  StabilizationProtocols:60 - Checking the predecessor for Node: process1
==================================
Node Identifier = 53937554629190552131995290006614509577
Node IP address = process1
successor(process1) = process5
predecessor(process1) = process2
Current File keys for process1 => []
==================================
2025-05-02 21:40:26 INFO  StabilizationProtocols:130 - Updating the successor for Node: process2
id: 15618062003214643351512781541041391613
lower: 15618062003214643351512781541041391612
upper: 53937554629190552131995290006614509577
Result (no wrap): true
2025-05-02 21:40:26 INFO  StabilizationProtocols:84 - Stabilizing ring from process2...
2025-05-02 21:40:26 INFO  StabilizationProtocols:91 - Stabilize ring: succnode = process1
id: 15618062003214643351512781541041391612
lower: 15618062003214643351512781541041391613
upper: 53937554629190552131995290006614509578
Result (no wrap): false
2025-05-02 21:40:26 INFO  StabilizationProtocols:113 - Finished stabilizing chordring from process2
2025-05-02 21:40:26 INFO  ChordProtocols:159 - Oppdaterer FingerTable for Node: process2
2025-05-02 21:40:26 INFO  ChordProtocols:173 - Beregner fingerID for finger 0: 15618062003214643351512781541041391613
id: 15618062003214643351512781541041391613
lower: 15618062003214643351512781541041391612
upper: 53937554629190552131995290006614509577
Result (no wrap): true
2025-05-02 21:40:26 INFO  ChordProtocols:179 - Finger 0 peker n책 til: process1
2025-05-02 21:40:26 INFO  ChordProtocols:173 - Beregner fingerID for finger 1: 15618062003214643351512781541041391614
id: 15618062003214643351512781541041391614
lower: 15618062003214643351512781541041391612
upper: 53937554629190552131995290006614509577
Result (no wrap): true
2025-05-02 21:40:26 INFO  ChordProtocols:179 - Finger 1 peker n책 til: process1
2025-05-02 21:40:26 INFO  ChordProtocols:173 - Beregner fingerID for finger 2: 15618062003214643351512781541041391616
id: 15618062003214643351512781541041391616
lower: 15618062003214643351512781541041391612
upper: 53937554629190552131995290006614509577
Result (no wrap): true
2025-05-02 21:40:26 INFO  ChordProtocols:179 - Finger 2 peker n책 til: process1
2025-05-02 21:40:26 INFO  ChordProtocols:173 - Beregner fingerID for finger 3: 15618062003214643351512781541041391620
id: 15618062003214643351512781541041391620
lower: 15618062003214643351512781541041391612
upper: 53937554629190552131995290006614509577
Result (no wrap): true
2025-05-02 21:40:26 INFO  ChordProtocols:179 - Finger 3 peker n책 til: process1
2025-05-02 21:40:26 INFO  ChordProtocols:173 - Beregner fingerID for finger 4: 15618062003214643351512781541041391628
id: 15618062003214643351512781541041391628
lower: 15618062003214643351512781541041391612
upper: 53937554629190552131995290006614509577
Result (no wrap): true
2025-05-02 21:40:26 INFO  ChordProtocols:179 - Finger 4 peker n책 til: process1
2025-05-02 21:40:26 INFO  ChordProtocols:173 - Beregner fingerID for finger 5: 15618062003214643351512781541041391644
id: 15618062003214643351512781541041391644
lower: 15618062003214643351512781541041391612
upper: 53937554629190552131995290006614509577
Result (no wrap): true
2025-05-02 21:40:26 INFO  ChordProtocols:179 - Finger 5 peker n책 til: process1
2025-05-02 21:40:26 INFO  ChordProtocols:173 - Beregner fingerID for finger 6: 15618062003214643351512781541041391676
id: 15618062003214643351512781541041391676
lower: 15618062003214643351512781541041391612
upper: 53937554629190552131995290006614509577
Result (no wrap): true
2025-05-02 21:40:26 INFO  ChordProtocols:179 - Finger 6 peker n책 til: process1
2025-05-02 21:40:26 INFO  ChordProtocols:173 - Beregner fingerID for finger 7: 15618062003214643351512781541041391740
id: 15618062003214643351512781541041391740
lower: 15618062003214643351512781541041391612
upper: 53937554629190552131995290006614509577
Result (no wrap): true
2025-05-02 21:40:26 INFO  ChordProtocols:179 - Finger 7 peker n책 til: process1
2025-05-02 21:40:26 INFO  ChordProtocols:173 - Beregner fingerID for finger 8: 15618062003214643351512781541041391868
id: 15618062003214643351512781541041391868
lower: 15618062003214643351512781541041391612
upper: 53937554629190552131995290006614509577
Result (no wrap): true
2025-05-02 21:40:26 INFO  ChordProtocols:179 - Finger 8 peker n책 til: process1
2025-05-02 21:40:26 INFO  ChordProtocols:173 - Beregner fingerID for finger 9: 15618062003214643351512781541041392124
id: 15618062003214643351512781541041392124
lower: 15618062003214643351512781541041391612
upper: 53937554629190552131995290006614509577
Result (no wrap): true
2025-05-02 21:40:26 INFO  ChordProtocols:179 - Finger 9 peker n책 til: process1
2025-05-02 21:40:26 INFO  ChordProtocols:173 - Beregner fingerID for finger 10: 15618062003214643351512781541041392636
id: 15618062003214643351512781541041392636
lower: 15618062003214643351512781541041391612
upper: 53937554629190552131995290006614509577
Result (no wrap): true
2025-05-02 21:40:26 INFO  ChordProtocols:179 - Finger 10 peker n책 til: process1
2025-05-02 21:40:26 INFO  ChordProtocols:173 - Beregner fingerID for finger 11: 15618062003214643351512781541041393660
id: 15618062003214643351512781541041393660
lower: 15618062003214643351512781541041391612
upper: 53937554629190552131995290006614509577
Result (no wrap): true
2025-05-02 21:40:26 INFO  ChordProtocols:179 - Finger 11 peker n책 til: process1
2025-05-02 21:40:26 INFO  ChordProtocols:173 - Beregner fingerID for finger 12: 15618062003214643351512781541041395708
id: 15618062003214643351512781541041395708
lower: 15618062003214643351512781541041391612
upper: 53937554629190552131995290006614509577
Result (no wrap): true
2025-05-02 21:40:26 INFO  ChordProtocols:179 - Finger 12 peker n책 til: process1
2025-05-02 21:40:26 INFO  ChordProtocols:173 - Beregner fingerID for finger 13: 15618062003214643351512781541041399804
id: 15618062003214643351512781541041399804
lower: 15618062003214643351512781541041391612
upper: 53937554629190552131995290006614509577
Result (no wrap): true
2025-05-02 21:40:26 INFO  ChordProtocols:179 - Finger 13 peker n책 til: process1
2025-05-02 21:40:26 INFO  ChordProtocols:173 - Beregner fingerID for finger 14: 15618062003214643351512781541041407996
id: 15618062003214643351512781541041407996
lower: 15618062003214643351512781541041391612
upper: 53937554629190552131995290006614509577
Result (no wrap): true
2025-05-02 21:40:26 INFO  ChordProtocols:179 - Finger 14 peker n책 til: process1
2025-05-02 21:40:26 INFO  ChordProtocols:173 - Beregner fingerID for finger 15: 15618062003214643351512781541041424380
id: 15618062003214643351512781541041424380
lower: 15618062003214643351512781541041391612
upper: 53937554629190552131995290006614509577
Result (no wrap): true
2025-05-02 21:40:26 INFO  ChordProtocols:179 - Finger 15 peker n책 til: process1
2025-05-02 21:40:26 INFO  ChordProtocols:173 - Beregner fingerID for finger 16: 15618062003214643351512781541041457148
id: 15618062003214643351512781541041457148
lower: 15618062003214643351512781541041391612
upper: 53937554629190552131995290006614509577
Result (no wrap): true
2025-05-02 21:40:26 INFO  ChordProtocols:179 - Finger 16 peker n책 til: process1
2025-05-02 21:40:26 INFO  ChordProtocols:173 - Beregner fingerID for finger 17: 15618062003214643351512781541041522684
id: 15618062003214643351512781541041522684
lower: 15618062003214643351512781541041391612
upper: 53937554629190552131995290006614509577
Result (no wrap): true
2025-05-02 21:40:26 INFO  ChordProtocols:179 - Finger 17 peker n책 til: process1
2025-05-02 21:40:26 INFO  ChordProtocols:173 - Beregner fingerID for finger 18: 15618062003214643351512781541041653756
id: 15618062003214643351512781541041653756
lower: 15618062003214643351512781541041391612
upper: 53937554629190552131995290006614509577
Result (no wrap): true
2025-05-02 21:40:26 INFO  ChordProtocols:179 - Finger 18 peker n책 til: process1
2025-05-02 21:40:26 INFO  ChordProtocols:173 - Beregner fingerID for finger 19: 15618062003214643351512781541041915900
id: 15618062003214643351512781541041915900
lower: 15618062003214643351512781541041391612
upper: 53937554629190552131995290006614509577
Result (no wrap): true
2025-05-02 21:40:26 INFO  ChordProtocols:179 - Finger 19 peker n책 til: process1
2025-05-02 21:40:26 INFO  ChordProtocols:173 - Beregner fingerID for finger 20: 15618062003214643351512781541042440188
id: 15618062003214643351512781541042440188
lower: 15618062003214643351512781541041391612
upper: 53937554629190552131995290006614509577
Result (no wrap): true
2025-05-02 21:40:26 INFO  ChordProtocols:179 - Finger 20 peker n책 til: process1
2025-05-02 21:40:26 INFO  ChordProtocols:173 - Beregner fingerID for finger 21: 15618062003214643351512781541043488764
id: 15618062003214643351512781541043488764
lower: 15618062003214643351512781541041391612
upper: 53937554629190552131995290006614509577
Result (no wrap): true
2025-05-02 21:40:26 INFO  ChordProtocols:179 - Finger 21 peker n책 til: process1
2025-05-02 21:40:26 INFO  ChordProtocols:173 - Beregner fingerID for finger 22: 15618062003214643351512781541045585916
id: 15618062003214643351512781541045585916
lower: 15618062003214643351512781541041391612
upper: 53937554629190552131995290006614509577
Result (no wrap): true
2025-05-02 21:40:26 INFO  ChordProtocols:179 - Finger 22 peker n책 til: process1
2025-05-02 21:40:26 INFO  ChordProtocols:173 - Beregner fingerID for finger 23: 15618062003214643351512781541049780220
id: 15618062003214643351512781541049780220
lower: 15618062003214643351512781541041391612
upper: 53937554629190552131995290006614509577
Result (no wrap): true
2025-05-02 21:40:26 INFO  ChordProtocols:179 - Finger 23 peker n책 til: process1
2025-05-02 21:40:26 INFO  ChordProtocols:173 - Beregner fingerID for finger 24: 15618062003214643351512781541058168828
id: 15618062003214643351512781541058168828
lower: 15618062003214643351512781541041391612
upper: 53937554629190552131995290006614509577
Result (no wrap): true
2025-05-02 21:40:26 INFO  ChordProtocols:179 - Finger 24 peker n책 til: process1
2025-05-02 21:40:26 INFO  ChordProtocols:173 - Beregner fingerID for finger 25: 15618062003214643351512781541074946044
id: 15618062003214643351512781541074946044
lower: 15618062003214643351512781541041391612
upper: 53937554629190552131995290006614509577
Result (no wrap): true
2025-05-02 21:40:26 INFO  ChordProtocols:179 - Finger 25 peker n책 til: process1
2025-05-02 21:40:26 INFO  ChordProtocols:173 - Beregner fingerID for finger 26: 15618062003214643351512781541108500476
id: 15618062003214643351512781541108500476
lower: 15618062003214643351512781541041391612
upper: 53937554629190552131995290006614509577
Result (no wrap): true
2025-05-02 21:40:26 INFO  ChordProtocols:179 - Finger 26 peker n책 til: process1
2025-05-02 21:40:26 INFO  ChordProtocols:173 - Beregner fingerID for finger 27: 15618062003214643351512781541175609340
id: 15618062003214643351512781541175609340
lower: 15618062003214643351512781541041391612
upper: 53937554629190552131995290006614509577
Result (no wrap): true
2025-05-02 21:40:26 INFO  ChordProtocols:179 - Finger 27 peker n책 til: process1
2025-05-02 21:40:26 INFO  ChordProtocols:173 - Beregner fingerID for finger 28: 15618062003214643351512781541309827068
id: 15618062003214643351512781541309827068
lower: 15618062003214643351512781541041391612
upper: 53937554629190552131995290006614509577
Result (no wrap): true
2025-05-02 21:40:26 INFO  ChordProtocols:179 - Finger 28 peker n책 til: process1
2025-05-02 21:40:26 INFO  ChordProtocols:173 - Beregner fingerID for finger 29: 15618062003214643351512781541578262524
id: 15618062003214643351512781541578262524
lower: 15618062003214643351512781541041391612
upper: 53937554629190552131995290006614509577
Result (no wrap): true
2025-05-02 21:40:26 INFO  ChordProtocols:179 - Finger 29 peker n책 til: process1
2025-05-02 21:40:26 INFO  ChordProtocols:173 - Beregner fingerID for finger 30: 15618062003214643351512781542115133436
id: 15618062003214643351512781542115133436
lower: 15618062003214643351512781541041391612
upper: 53937554629190552131995290006614509577
Result (no wrap): true
2025-05-02 21:40:26 INFO  ChordProtocols:179 - Finger 30 peker n책 til: process1
2025-05-02 21:40:26 INFO  ChordProtocols:173 - Beregner fingerID for finger 31: 15618062003214643351512781543188875260
id: 15618062003214643351512781543188875260
lower: 15618062003214643351512781541041391612
upper: 53937554629190552131995290006614509577
Result (no wrap): true
2025-05-02 21:40:26 INFO  ChordProtocols:179 - Finger 31 peker n책 til: process1
2025-05-02 21:40:26 INFO  ChordProtocols:173 - Beregner fingerID for finger 32: 15618062003214643351512781545336358908
id: 15618062003214643351512781545336358908
lower: 15618062003214643351512781541041391612
upper: 53937554629190552131995290006614509577
Result (no wrap): true
2025-05-02 21:40:26 INFO  ChordProtocols:179 - Finger 32 peker n책 til: process1
2025-05-02 21:40:26 INFO  ChordProtocols:173 - Beregner fingerID for finger 33: 15618062003214643351512781549631326204
id: 15618062003214643351512781549631326204
lower: 15618062003214643351512781541041391612
upper: 53937554629190552131995290006614509577
Result (no wrap): true
2025-05-02 21:40:26 INFO  ChordProtocols:179 - Finger 33 peker n책 til: process1
2025-05-02 21:40:26 INFO  ChordProtocols:173 - Beregner fingerID for finger 34: 15618062003214643351512781558221260796
id: 15618062003214643351512781558221260796
lower: 15618062003214643351512781541041391612
upper: 53937554629190552131995290006614509577
Result (no wrap): true
2025-05-02 21:40:26 INFO  ChordProtocols:179 - Finger 34 peker n책 til: process1
2025-05-02 21:40:26 INFO  ChordProtocols:173 - Beregner fingerID for finger 35: 15618062003214643351512781575401129980
id: 15618062003214643351512781575401129980
lower: 15618062003214643351512781541041391612
upper: 53937554629190552131995290006614509577
Result (no wrap): true
2025-05-02 21:40:26 INFO  ChordProtocols:179 - Finger 35 peker n책 til: process1
2025-05-02 21:40:26 INFO  ChordProtocols:173 - Beregner fingerID for finger 36: 15618062003214643351512781609760868348
id: 15618062003214643351512781609760868348
lower: 15618062003214643351512781541041391612
upper: 53937554629190552131995290006614509577
Result (no wrap): true
2025-05-02 21:40:26 INFO  ChordProtocols:179 - Finger 36 peker n책 til: process1
2025-05-02 21:40:26 INFO  ChordProtocols:173 - Beregner fingerID for finger 37: 15618062003214643351512781678480345084
id: 15618062003214643351512781678480345084
lower: 15618062003214643351512781541041391612
upper: 53937554629190552131995290006614509577
Result (no wrap): true
2025-05-02 21:40:26 INFO  ChordProtocols:179 - Finger 37 peker n책 til: process1
2025-05-02 21:40:26 INFO  ChordProtocols:173 - Beregner fingerID for finger 38: 15618062003214643351512781815919298556
id: 15618062003214643351512781815919298556
lower: 15618062003214643351512781541041391612
upper: 53937554629190552131995290006614509577
Result (no wrap): true
2025-05-02 21:40:26 INFO  ChordProtocols:179 - Finger 38 peker n책 til: process1
2025-05-02 21:40:26 INFO  ChordProtocols:173 - Beregner fingerID for finger 39: 15618062003214643351512782090797205500
id: 15618062003214643351512782090797205500
lower: 15618062003214643351512781541041391612
upper: 53937554629190552131995290006614509577
Result (no wrap): true
2025-05-02 21:40:26 INFO  ChordProtocols:179 - Finger 39 peker n책 til: process1
2025-05-02 21:40:26 INFO  ChordProtocols:173 - Beregner fingerID for finger 40: 15618062003214643351512782640553019388
id: 15618062003214643351512782640553019388
lower: 15618062003214643351512781541041391612
upper: 53937554629190552131995290006614509577
Result (no wrap): true
2025-05-02 21:40:26 INFO  ChordProtocols:179 - Finger 40 peker n책 til: process1
2025-05-02 21:40:26 INFO  ChordProtocols:173 - Beregner fingerID for finger 41: 15618062003214643351512783740064647164
id: 15618062003214643351512783740064647164
lower: 15618062003214643351512781541041391612
upper: 53937554629190552131995290006614509577
Result (no wrap): true
2025-05-02 21:40:26 INFO  ChordProtocols:179 - Finger 41 peker n책 til: process1
2025-05-02 21:40:26 INFO  ChordProtocols:173 - Beregner fingerID for finger 42: 15618062003214643351512785939087902716
id: 15618062003214643351512785939087902716
lower: 15618062003214643351512781541041391612
upper: 53937554629190552131995290006614509577
Result (no wrap): true
2025-05-02 21:40:26 INFO  ChordProtocols:179 - Finger 42 peker n책 til: process1
2025-05-02 21:40:26 INFO  ChordProtocols:173 - Beregner fingerID for finger 43: 15618062003214643351512790337134413820
id: 15618062003214643351512790337134413820
lower: 15618062003214643351512781541041391612
upper: 53937554629190552131995290006614509577
Result (no wrap): true
2025-05-02 21:40:26 INFO  ChordProtocols:179 - Finger 43 peker n책 til: process1
2025-05-02 21:40:26 INFO  ChordProtocols:173 - Beregner fingerID for finger 44: 15618062003214643351512799133227436028
id: 15618062003214643351512799133227436028
lower: 15618062003214643351512781541041391612
upper: 53937554629190552131995290006614509577
Result (no wrap): true
2025-05-02 21:40:26 INFO  ChordProtocols:179 - Finger 44 peker n책 til: process1
2025-05-02 21:40:26 INFO  ChordProtocols:173 - Beregner fingerID for finger 45: 15618062003214643351512816725413480444
id: 15618062003214643351512816725413480444
lower: 15618062003214643351512781541041391612
upper: 53937554629190552131995290006614509577
Result (no wrap): true
2025-05-02 21:40:26 INFO  ChordProtocols:179 - Finger 45 peker n책 til: process1
2025-05-02 21:40:26 INFO  ChordProtocols:173 - Beregner fingerID for finger 46: 15618062003214643351512851909785569276
id: 15618062003214643351512851909785569276
lower: 15618062003214643351512781541041391612
upper: 53937554629190552131995290006614509577
Result (no wrap): true
2025-05-02 21:40:26 INFO  ChordProtocols:179 - Finger 46 peker n책 til: process1
2025-05-02 21:40:26 INFO  ChordProtocols:173 - Beregner fingerID for finger 47: 15618062003214643351512922278529746940
id: 15618062003214643351512922278529746940
lower: 15618062003214643351512781541041391612
upper: 53937554629190552131995290006614509577
Result (no wrap): true
2025-05-02 21:40:26 INFO  ChordProtocols:179 - Finger 47 peker n책 til: process1
2025-05-02 21:40:26 INFO  ChordProtocols:173 - Beregner fingerID for finger 48: 15618062003214643351513063016018102268
id: 15618062003214643351513063016018102268
lower: 15618062003214643351512781541041391612
upper: 53937554629190552131995290006614509577
Result (no wrap): true
2025-05-02 21:40:26 INFO  ChordProtocols:179 - Finger 48 peker n책 til: process1
2025-05-02 21:40:26 INFO  ChordProtocols:173 - Beregner fingerID for finger 49: 15618062003214643351513344490994812924
id: 15618062003214643351513344490994812924
lower: 15618062003214643351512781541041391612
upper: 53937554629190552131995290006614509577
Result (no wrap): true
2025-05-02 21:40:26 INFO  ChordProtocols:179 - Finger 49 peker n책 til: process1
2025-05-02 21:40:26 INFO  ChordProtocols:173 - Beregner fingerID for finger 50: 15618062003214643351513907440948234236
id: 15618062003214643351513907440948234236
lower: 15618062003214643351512781541041391612
upper: 53937554629190552131995290006614509577
Result (no wrap): true
2025-05-02 21:40:26 INFO  ChordProtocols:179 - Finger 50 peker n책 til: process1
2025-05-02 21:40:26 INFO  ChordProtocols:173 - Beregner fingerID for finger 51: 15618062003214643351515033340855076860
id: 15618062003214643351515033340855076860
lower: 15618062003214643351512781541041391612
upper: 53937554629190552131995290006614509577
Result (no wrap): true
2025-05-02 21:40:26 INFO  ChordProtocols:179 - Finger 51 peker n책 til: process1
2025-05-02 21:40:26 INFO  ChordProtocols:173 - Beregner fingerID for finger 52: 15618062003214643351517285140668762108
id: 15618062003214643351517285140668762108
lower: 15618062003214643351512781541041391612
upper: 53937554629190552131995290006614509577
Result (no wrap): true
2025-05-02 21:40:26 INFO  ChordProtocols:179 - Finger 52 peker n책 til: process1
2025-05-02 21:40:26 INFO  ChordProtocols:173 - Beregner fingerID for finger 53: 15618062003214643351521788740296132604
id: 15618062003214643351521788740296132604
lower: 15618062003214643351512781541041391612
upper: 53937554629190552131995290006614509577
Result (no wrap): true
2025-05-02 21:40:26 INFO  ChordProtocols:179 - Finger 53 peker n책 til: process1
2025-05-02 21:40:26 INFO  ChordProtocols:173 - Beregner fingerID for finger 54: 15618062003214643351530795939550873596
id: 15618062003214643351530795939550873596
lower: 15618062003214643351512781541041391612
upper: 53937554629190552131995290006614509577
Result (no wrap): true
2025-05-02 21:40:26 INFO  ChordProtocols:179 - Finger 54 peker n책 til: process1
2025-05-02 21:40:26 INFO  ChordProtocols:173 - Beregner fingerID for finger 55: 15618062003214643351548810338060355580
id: 15618062003214643351548810338060355580
lower: 15618062003214643351512781541041391612
upper: 53937554629190552131995290006614509577
Result (no wrap): true
2025-05-02 21:40:26 INFO  ChordProtocols:179 - Finger 55 peker n책 til: process1
2025-05-02 21:40:26 INFO  ChordProtocols:173 - Beregner fingerID for finger 56: 15618062003214643351584839135079319548
id: 15618062003214643351584839135079319548
lower: 15618062003214643351512781541041391612
upper: 53937554629190552131995290006614509577
Result (no wrap): true
2025-05-02 21:40:26 INFO  ChordProtocols:179 - Finger 56 peker n책 til: process1
2025-05-02 21:40:26 INFO  ChordProtocols:173 - Beregner fingerID for finger 57: 15618062003214643351656896729117247484
id: 15618062003214643351656896729117247484
lower: 15618062003214643351512781541041391612
upper: 53937554629190552131995290006614509577
Result (no wrap): true
2025-05-02 21:40:26 INFO  ChordProtocols:179 - Finger 57 peker n책 til: process1
2025-05-02 21:40:26 INFO  ChordProtocols:173 - Beregner fingerID for finger 58: 15618062003214643351801011917193103356
id: 15618062003214643351801011917193103356
lower: 15618062003214643351512781541041391612
upper: 53937554629190552131995290006614509577
Result (no wrap): true
2025-05-02 21:40:26 INFO  ChordProtocols:179 - Finger 58 peker n책 til: process1
2025-05-02 21:40:26 INFO  ChordProtocols:173 - Beregner fingerID for finger 59: 15618062003214643352089242293344815100
id: 15618062003214643352089242293344815100
lower: 15618062003214643351512781541041391612
upper: 53937554629190552131995290006614509577
Result (no wrap): true
2025-05-02 21:40:26 INFO  ChordProtocols:179 - Finger 59 peker n책 til: process1
2025-05-02 21:40:26 INFO  ChordProtocols:173 - Beregner fingerID for finger 60: 15618062003214643352665703045648238588
id: 15618062003214643352665703045648238588
lower: 15618062003214643351512781541041391612
upper: 53937554629190552131995290006614509577
Result (no wrap): true
2025-05-02 21:40:26 INFO  ChordProtocols:179 - Finger 60 peker n책 til: process1
2025-05-02 21:40:26 INFO  ChordProtocols:173 - Beregner fingerID for finger 61: 15618062003214643353818624550255085564
id: 15618062003214643353818624550255085564
lower: 15618062003214643351512781541041391612
upper: 53937554629190552131995290006614509577
Result (no wrap): true
2025-05-02 21:40:26 INFO  ChordProtocols:179 - Finger 61 peker n책 til: process1
2025-05-02 21:40:26 INFO  ChordProtocols:173 - Beregner fingerID for finger 62: 15618062003214643356124467559468779516
id: 15618062003214643356124467559468779516
lower: 15618062003214643351512781541041391612
upper: 53937554629190552131995290006614509577
Result (no wrap): true
2025-05-02 21:40:26 INFO  ChordProtocols:179 - Finger 62 peker n책 til: process1
2025-05-02 21:40:26 INFO  ChordProtocols:173 - Beregner fingerID for finger 63: 15618062003214643360736153577896167420
id: 15618062003214643360736153577896167420
lower: 15618062003214643351512781541041391612
upper: 53937554629190552131995290006614509577
Result (no wrap): true
2025-05-02 21:40:26 INFO  ChordProtocols:179 - Finger 63 peker n책 til: process1
2025-05-02 21:40:26 INFO  ChordProtocols:173 - Beregner fingerID for finger 64: 15618062003214643369959525614750943228
id: 15618062003214643369959525614750943228
lower: 15618062003214643351512781541041391612
upper: 53937554629190552131995290006614509577
Result (no wrap): true
2025-05-02 21:40:26 INFO  ChordProtocols:179 - Finger 64 peker n책 til: process1
2025-05-02 21:40:26 INFO  ChordProtocols:173 - Beregner fingerID for finger 65: 15618062003214643388406269688460494844
id: 15618062003214643388406269688460494844
lower: 15618062003214643351512781541041391612
upper: 53937554629190552131995290006614509577
Result (no wrap): true
2025-05-02 21:40:26 INFO  ChordProtocols:179 - Finger 65 peker n책 til: process1
2025-05-02 21:40:26 INFO  ChordProtocols:173 - Beregner fingerID for finger 66: 15618062003214643425299757835879598076
id: 15618062003214643425299757835879598076
lower: 15618062003214643351512781541041391612
upper: 53937554629190552131995290006614509577
Result (no wrap): true
2025-05-02 21:40:26 INFO  ChordProtocols:179 - Finger 66 peker n책 til: process1
2025-05-02 21:40:26 INFO  ChordProtocols:173 - Beregner fingerID for finger 67: 15618062003214643499086734130717804540
id: 15618062003214643499086734130717804540
lower: 15618062003214643351512781541041391612
upper: 53937554629190552131995290006614509577
Result (no wrap): true
2025-05-02 21:40:26 INFO  ChordProtocols:179 - Finger 67 peker n책 til: process1
2025-05-02 21:40:26 INFO  ChordProtocols:173 - Beregner fingerID for finger 68: 15618062003214643646660686720394217468
id: 15618062003214643646660686720394217468
lower: 15618062003214643351512781541041391612
upper: 53937554629190552131995290006614509577
Result (no wrap): true
2025-05-02 21:40:26 INFO  ChordProtocols:179 - Finger 68 peker n책 til: process1
2025-05-02 21:40:26 INFO  ChordProtocols:173 - Beregner fingerID for finger 69: 15618062003214643941808591899747043324
id: 15618062003214643941808591899747043324
lower: 15618062003214643351512781541041391612
upper: 53937554629190552131995290006614509577
Result (no wrap): true
2025-05-02 21:40:26 INFO  ChordProtocols:179 - Finger 69 peker n책 til: process1
2025-05-02 21:40:26 INFO  ChordProtocols:173 - Beregner fingerID for finger 70: 15618062003214644532104402258452695036
id: 15618062003214644532104402258452695036
lower: 15618062003214643351512781541041391612
upper: 53937554629190552131995290006614509577
Result (no wrap): true
2025-05-02 21:40:26 INFO  ChordProtocols:179 - Finger 70 peker n책 til: process1
2025-05-02 21:40:26 INFO  ChordProtocols:173 - Beregner fingerID for finger 71: 15618062003214645712696022975863998460
id: 15618062003214645712696022975863998460
lower: 15618062003214643351512781541041391612
upper: 53937554629190552131995290006614509577
Result (no wrap): true
2025-05-02 21:40:26 INFO  ChordProtocols:179 - Finger 71 peker n책 til: process1
2025-05-02 21:40:26 INFO  ChordProtocols:173 - Beregner fingerID for finger 72: 15618062003214648073879264410686605308
id: 15618062003214648073879264410686605308
lower: 15618062003214643351512781541041391612
upper: 53937554629190552131995290006614509577
Result (no wrap): true
2025-05-02 21:40:26 INFO  ChordProtocols:179 - Finger 72 peker n책 til: process1
2025-05-02 21:40:26 INFO  ChordProtocols:173 - Beregner fingerID for finger 73: 15618062003214652796245747280331819004
id: 15618062003214652796245747280331819004
lower: 15618062003214643351512781541041391612
upper: 53937554629190552131995290006614509577
Result (no wrap): true
2025-05-02 21:40:26 INFO  ChordProtocols:179 - Finger 73 peker n책 til: process1
2025-05-02 21:40:26 INFO  ChordProtocols:173 - Beregner fingerID for finger 74: 15618062003214662240978713019622246396
id: 15618062003214662240978713019622246396
lower: 15618062003214643351512781541041391612
upper: 53937554629190552131995290006614509577
Result (no wrap): true
2025-05-02 21:40:26 INFO  ChordProtocols:179 - Finger 74 peker n책 til: process1
2025-05-02 21:40:26 INFO  ChordProtocols:173 - Beregner fingerID for finger 75: 15618062003214681130444644498203101180
id: 15618062003214681130444644498203101180
lower: 15618062003214643351512781541041391612
upper: 53937554629190552131995290006614509577
Result (no wrap): true
2025-05-02 21:40:26 INFO  ChordProtocols:179 - Finger 75 peker n책 til: process1
2025-05-02 21:40:26 INFO  ChordProtocols:173 - Beregner fingerID for finger 76: 15618062003214718909376507455364810748
id: 15618062003214718909376507455364810748
lower: 15618062003214643351512781541041391612
upper: 53937554629190552131995290006614509577
Result (no wrap): true
2025-05-02 21:40:26 INFO  ChordProtocols:179 - Finger 76 peker n책 til: process1
2025-05-02 21:40:26 INFO  ChordProtocols:173 - Beregner fingerID for finger 77: 15618062003214794467240233369688229884
id: 15618062003214794467240233369688229884
lower: 15618062003214643351512781541041391612
upper: 53937554629190552131995290006614509577
Result (no wrap): true
2025-05-02 21:40:26 INFO  ChordProtocols:179 - Finger 77 peker n책 til: process1
2025-05-02 21:40:26 INFO  ChordProtocols:173 - Beregner fingerID for finger 78: 15618062003214945582967685198335068156
id: 15618062003214945582967685198335068156
lower: 15618062003214643351512781541041391612
upper: 53937554629190552131995290006614509577
Result (no wrap): true
2025-05-02 21:40:26 INFO  ChordProtocols:179 - Finger 78 peker n책 til: process1
2025-05-02 21:40:26 INFO  ChordProtocols:173 - Beregner fingerID for finger 79: 15618062003215247814422588855628744700
id: 15618062003215247814422588855628744700
lower: 15618062003214643351512781541041391612
upper: 53937554629190552131995290006614509577
Result (no wrap): true
2025-05-02 21:40:26 INFO  ChordProtocols:179 - Finger 79 peker n책 til: process1
2025-05-02 21:40:26 INFO  ChordProtocols:173 - Beregner fingerID for finger 80: 15618062003215852277332396170216097788
id: 15618062003215852277332396170216097788
lower: 15618062003214643351512781541041391612
upper: 53937554629190552131995290006614509577
Result (no wrap): true
2025-05-02 21:40:26 INFO  ChordProtocols:179 - Finger 80 peker n책 til: process1
2025-05-02 21:40:26 INFO  ChordProtocols:173 - Beregner fingerID for finger 81: 15618062003217061203152010799390803964
id: 15618062003217061203152010799390803964
lower: 15618062003214643351512781541041391612
upper: 53937554629190552131995290006614509577
Result (no wrap): true
2025-05-02 21:40:26 INFO  ChordProtocols:179 - Finger 81 peker n책 til: process1
2025-05-02 21:40:26 INFO  ChordProtocols:173 - Beregner fingerID for finger 82: 15618062003219479054791240057740216316
id: 15618062003219479054791240057740216316
lower: 15618062003214643351512781541041391612
upper: 53937554629190552131995290006614509577
Result (no wrap): true
2025-05-02 21:40:26 INFO  ChordProtocols:179 - Finger 82 peker n책 til: process1
2025-05-02 21:40:26 INFO  ChordProtocols:173 - Beregner fingerID for finger 83: 15618062003224314758069698574439041020
id: 15618062003224314758069698574439041020
lower: 15618062003214643351512781541041391612
upper: 53937554629190552131995290006614509577
Result (no wrap): true
2025-05-02 21:40:26 INFO  ChordProtocols:179 - Finger 83 peker n책 til: process1
2025-05-02 21:40:26 INFO  ChordProtocols:173 - Beregner fingerID for finger 84: 15618062003233986164626615607836690428
id: 15618062003233986164626615607836690428
lower: 15618062003214643351512781541041391612
upper: 53937554629190552131995290006614509577
Result (no wrap): true
2025-05-02 21:40:26 INFO  ChordProtocols:179 - Finger 84 peker n책 til: process1
2025-05-02 21:40:26 INFO  ChordProtocols:173 - Beregner fingerID for finger 85: 15618062003253328977740449674631989244
id: 15618062003253328977740449674631989244
lower: 15618062003214643351512781541041391612
upper: 53937554629190552131995290006614509577
Result (no wrap): true
2025-05-02 21:40:26 INFO  ChordProtocols:179 - Finger 85 peker n책 til: process1
2025-05-02 21:40:26 INFO  ChordProtocols:173 - Beregner fingerID for finger 86: 15618062003292014603968117808222586876
id: 15618062003292014603968117808222586876
lower: 15618062003214643351512781541041391612
upper: 53937554629190552131995290006614509577
Result (no wrap): true
2025-05-02 21:40:26 INFO  ChordProtocols:179 - Finger 86 peker n책 til: process1
2025-05-02 21:40:26 INFO  ChordProtocols:173 - Beregner fingerID for finger 87: 15618062003369385856423454075403782140
id: 15618062003369385856423454075403782140
lower: 15618062003214643351512781541041391612
upper: 53937554629190552131995290006614509577
Result (no wrap): true
2025-05-02 21:40:26 INFO  ChordProtocols:179 - Finger 87 peker n책 til: process1
2025-05-02 21:40:26 INFO  ChordProtocols:173 - Beregner fingerID for finger 88: 15618062003524128361334126609766172668
id: 15618062003524128361334126609766172668
lower: 15618062003214643351512781541041391612
upper: 53937554629190552131995290006614509577
Result (no wrap): true
2025-05-02 21:40:26 INFO  ChordProtocols:179 - Finger 88 peker n책 til: process1
2025-05-02 21:40:26 INFO  ChordProtocols:173 - Beregner fingerID for finger 89: 15618062003833613371155471678490953724
id: 15618062003833613371155471678490953724
lower: 15618062003214643351512781541041391612
upper: 53937554629190552131995290006614509577
Result (no wrap): true
2025-05-02 21:40:26 INFO  ChordProtocols:179 - Finger 89 peker n책 til: process1
2025-05-02 21:40:26 INFO  ChordProtocols:173 - Beregner fingerID for finger 90: 15618062004452583390798161815940515836
id: 15618062004452583390798161815940515836
lower: 15618062003214643351512781541041391612
upper: 53937554629190552131995290006614509577
Result (no wrap): true
2025-05-02 21:40:26 INFO  ChordProtocols:179 - Finger 90 peker n책 til: process1
2025-05-02 21:40:26 INFO  ChordProtocols:173 - Beregner fingerID for finger 91: 15618062005690523430083542090839640060
id: 15618062005690523430083542090839640060
lower: 15618062003214643351512781541041391612
upper: 53937554629190552131995290006614509577
Result (no wrap): true
2025-05-02 21:40:26 INFO  ChordProtocols:179 - Finger 91 peker n책 til: process1
2025-05-02 21:40:26 INFO  ChordProtocols:173 - Beregner fingerID for finger 92: 15618062008166403508654302640637888508
id: 15618062008166403508654302640637888508
lower: 15618062003214643351512781541041391612
upper: 53937554629190552131995290006614509577
Result (no wrap): true
2025-05-02 21:40:26 INFO  ChordProtocols:179 - Finger 92 peker n책 til: process1
2025-05-02 21:40:26 INFO  ChordProtocols:173 - Beregner fingerID for finger 93: 15618062013118163665795823740234385404
id: 15618062013118163665795823740234385404
lower: 15618062003214643351512781541041391612
upper: 53937554629190552131995290006614509577
Result (no wrap): true
2025-05-02 21:40:26 INFO  ChordProtocols:179 - Finger 93 peker n책 til: process1
2025-05-02 21:40:26 INFO  ChordProtocols:173 - Beregner fingerID for finger 94: 15618062023021683980078865939427379196
id: 15618062023021683980078865939427379196
lower: 15618062003214643351512781541041391612
upper: 53937554629190552131995290006614509577
Result (no wrap): true
2025-05-02 21:40:26 INFO  ChordProtocols:179 - Finger 94 peker n책 til: process1
2025-05-02 21:40:26 INFO  ChordProtocols:173 - Beregner fingerID for finger 95: 15618062042828724608644950337813366780
id: 15618062042828724608644950337813366780
lower: 15618062003214643351512781541041391612
upper: 53937554629190552131995290006614509577
Result (no wrap): true
2025-05-02 21:40:26 INFO  ChordProtocols:179 - Finger 95 peker n책 til: process1
2025-05-02 21:40:26 INFO  ChordProtocols:173 - Beregner fingerID for finger 96: 15618062082442805865777119134585341948
id: 15618062082442805865777119134585341948
lower: 15618062003214643351512781541041391612
upper: 53937554629190552131995290006614509577
Result (no wrap): true
2025-05-02 21:40:26 INFO  ChordProtocols:179 - Finger 96 peker n책 til: process1
2025-05-02 21:40:26 INFO  ChordProtocols:173 - Beregner fingerID for finger 97: 15618062161670968380041456728129292284
id: 15618062161670968380041456728129292284
lower: 15618062003214643351512781541041391612
upper: 53937554629190552131995290006614509577
Result (no wrap): true
2025-05-02 21:40:26 INFO  ChordProtocols:179 - Finger 97 peker n책 til: process1
2025-05-02 21:40:26 INFO  ChordProtocols:173 - Beregner fingerID for finger 98: 15618062320127293408570131915217192956
id: 15618062320127293408570131915217192956
lower: 15618062003214643351512781541041391612
upper: 53937554629190552131995290006614509577
Result (no wrap): true
2025-05-02 21:40:26 INFO  ChordProtocols:179 - Finger 98 peker n책 til: process1
2025-05-02 21:40:26 INFO  ChordProtocols:173 - Beregner fingerID for finger 99: 15618062637039943465627482289392994300
id: 15618062637039943465627482289392994300
lower: 15618062003214643351512781541041391612
upper: 53937554629190552131995290006614509577
Result (no wrap): true
2025-05-02 21:40:26 INFO  ChordProtocols:179 - Finger 99 peker n책 til: process1
2025-05-02 21:40:26 INFO  ChordProtocols:173 - Beregner fingerID for finger 100: 15618063270865243579742183037744596988
id: 15618063270865243579742183037744596988
lower: 15618062003214643351512781541041391612
upper: 53937554629190552131995290006614509577
Result (no wrap): true
2025-05-02 21:40:26 INFO  ChordProtocols:179 - Finger 100 peker n책 til: process1
2025-05-02 21:40:26 INFO  ChordProtocols:173 - Beregner fingerID for finger 101: 15618064538515843807971584534447802364
id: 15618064538515843807971584534447802364
lower: 15618062003214643351512781541041391612
upper: 53937554629190552131995290006614509577
Result (no wrap): true
2025-05-02 21:40:26 INFO  ChordProtocols:179 - Finger 101 peker n책 til: process1
2025-05-02 21:40:26 INFO  ChordProtocols:173 - Beregner fingerID for finger 102: 15618067073817044264430387527854213116
id: 15618067073817044264430387527854213116
lower: 15618062003214643351512781541041391612
upper: 53937554629190552131995290006614509577
Result (no wrap): true
2025-05-02 21:40:26 INFO  ChordProtocols:179 - Finger 102 peker n책 til: process1
2025-05-02 21:40:26 INFO  ChordProtocols:173 - Beregner fingerID for finger 103: 15618072144419445177347993514667034620
id: 15618072144419445177347993514667034620
lower: 15618062003214643351512781541041391612
upper: 53937554629190552131995290006614509577
Result (no wrap): true
2025-05-02 21:40:26 INFO  ChordProtocols:179 - Finger 103 peker n책 til: process1
2025-05-02 21:40:26 INFO  ChordProtocols:173 - Beregner fingerID for finger 104: 15618082285624247003183205488292677628
id: 15618082285624247003183205488292677628
lower: 15618062003214643351512781541041391612
upper: 53937554629190552131995290006614509577
Result (no wrap): true
2025-05-02 21:40:26 INFO  ChordProtocols:179 - Finger 104 peker n책 til: process1
2025-05-02 21:40:26 INFO  ChordProtocols:173 - Beregner fingerID for finger 105: 15618102568033850654853629435543963644
id: 15618102568033850654853629435543963644
lower: 15618062003214643351512781541041391612
upper: 53937554629190552131995290006614509577
Result (no wrap): true
2025-05-02 21:40:26 INFO  ChordProtocols:179 - Finger 105 peker n책 til: process1
2025-05-02 21:40:26 INFO  ChordProtocols:173 - Beregner fingerID for finger 106: 15618143132853057958194477330046535676
id: 15618143132853057958194477330046535676
lower: 15618062003214643351512781541041391612
upper: 53937554629190552131995290006614509577
Result (no wrap): true
2025-05-02 21:40:26 INFO  ChordProtocols:179 - Finger 106 peker n책 til: process1
2025-05-02 21:40:26 INFO  ChordProtocols:173 - Beregner fingerID for finger 107: 15618224262491472564876173119051679740
id: 15618224262491472564876173119051679740
lower: 15618062003214643351512781541041391612
upper: 53937554629190552131995290006614509577
Result (no wrap): true
2025-05-02 21:40:26 INFO  ChordProtocols:179 - Finger 107 peker n책 til: process1
2025-05-02 21:40:26 INFO  ChordProtocols:173 - Beregner fingerID for finger 108: 15618386521768301778239564697061967868
id: 15618386521768301778239564697061967868
lower: 15618062003214643351512781541041391612
upper: 53937554629190552131995290006614509577
Result (no wrap): true
2025-05-02 21:40:26 INFO  ChordProtocols:179 - Finger 108 peker n책 til: process1
2025-05-02 21:40:26 INFO  ChordProtocols:173 - Beregner fingerID for finger 109: 15618711040321960204966347853082544124
id: 15618711040321960204966347853082544124
lower: 15618062003214643351512781541041391612
upper: 53937554629190552131995290006614509577
Result (no wrap): true
2025-05-02 21:40:26 INFO  ChordProtocols:179 - Finger 109 peker n책 til: process1
2025-05-02 21:40:26 INFO  ChordProtocols:173 - Beregner fingerID for finger 110: 15619360077429277058419914165123696636
id: 15619360077429277058419914165123696636
lower: 15618062003214643351512781541041391612
upper: 53937554629190552131995290006614509577
Result (no wrap): true
2025-05-02 21:40:26 INFO  ChordProtocols:179 - Finger 110 peker n책 til: process1
2025-05-02 21:40:26 INFO  ChordProtocols:173 - Beregner fingerID for finger 111: 15620658151643910765327046789206001660
id: 15620658151643910765327046789206001660
lower: 15618062003214643351512781541041391612
upper: 53937554629190552131995290006614509577
Result (no wrap): true
2025-05-02 21:40:26 INFO  ChordProtocols:179 - Finger 111 peker n책 til: process1
2025-05-02 21:40:26 INFO  ChordProtocols:173 - Beregner fingerID for finger 112: 15623254300073178179141312037370611708
id: 15623254300073178179141312037370611708
lower: 15618062003214643351512781541041391612
upper: 53937554629190552131995290006614509577
Result (no wrap): true
2025-05-02 21:40:26 INFO  ChordProtocols:179 - Finger 112 peker n책 til: process1
2025-05-02 21:40:26 INFO  ChordProtocols:173 - Beregner fingerID for finger 113: 15628446596931713006769842533699831804
id: 15628446596931713006769842533699831804
lower: 15618062003214643351512781541041391612
upper: 53937554629190552131995290006614509577
Result (no wrap): true
2025-05-02 21:40:26 INFO  ChordProtocols:179 - Finger 113 peker n책 til: process1
2025-05-02 21:40:26 INFO  ChordProtocols:173 - Beregner fingerID for finger 114: 15638831190648782662026903526358271996
id: 15638831190648782662026903526358271996
lower: 15618062003214643351512781541041391612
upper: 53937554629190552131995290006614509577
Result (no wrap): true
2025-05-02 21:40:26 INFO  ChordProtocols:179 - Finger 114 peker n책 til: process1
2025-05-02 21:40:26 INFO  ChordProtocols:173 - Beregner fingerID for finger 115: 15659600378082921972541025511675152380
id: 15659600378082921972541025511675152380
lower: 15618062003214643351512781541041391612
upper: 53937554629190552131995290006614509577
Result (no wrap): true
2025-05-02 21:40:26 INFO  ChordProtocols:179 - Finger 115 peker n책 til: process1
2025-05-02 21:40:26 INFO  ChordProtocols:173 - Beregner fingerID for finger 116: 15701138752951200593569269482308913148
id: 15701138752951200593569269482308913148
lower: 15618062003214643351512781541041391612
upper: 53937554629190552131995290006614509577
Result (no wrap): true
2025-05-02 21:40:26 INFO  ChordProtocols:179 - Finger 116 peker n책 til: process1
2025-05-02 21:40:26 INFO  ChordProtocols:173 - Beregner fingerID for finger 117: 15784215502687757835625757423576434684
id: 15784215502687757835625757423576434684
lower: 15618062003214643351512781541041391612
upper: 53937554629190552131995290006614509577
Result (no wrap): true
2025-05-02 21:40:26 INFO  ChordProtocols:179 - Finger 117 peker n책 til: process1
2025-05-02 21:40:26 INFO  ChordProtocols:173 - Beregner fingerID for finger 118: 15950369002160872319738733306111477756
id: 15950369002160872319738733306111477756
lower: 15618062003214643351512781541041391612
upper: 53937554629190552131995290006614509577
Result (no wrap): true
2025-05-02 21:40:26 INFO  ChordProtocols:179 - Finger 118 peker n책 til: process1
2025-05-02 21:40:26 INFO  ChordProtocols:173 - Beregner fingerID for finger 119: 16282676001107101287964685071181563900
id: 16282676001107101287964685071181563900
lower: 15618062003214643351512781541041391612
upper: 53937554629190552131995290006614509577
Result (no wrap): true
2025-05-02 21:40:26 INFO  ChordProtocols:179 - Finger 119 peker n책 til: process1
2025-05-02 21:40:26 INFO  ChordProtocols:173 - Beregner fingerID for finger 120: 16947289998999559224416588601321736188
id: 16947289998999559224416588601321736188
lower: 15618062003214643351512781541041391612
upper: 53937554629190552131995290006614509577
Result (no wrap): true
2025-05-02 21:40:26 INFO  ChordProtocols:179 - Finger 120 peker n책 til: process1
2025-05-02 21:40:26 INFO  ChordProtocols:173 - Beregner fingerID for finger 121: 18276517994784475097320395661602080764
id: 18276517994784475097320395661602080764
lower: 15618062003214643351512781541041391612
upper: 53937554629190552131995290006614509577
Result (no wrap): true
2025-05-02 21:40:26 INFO  ChordProtocols:179 - Finger 121 peker n책 til: process1
2025-05-02 21:40:26 INFO  ChordProtocols:173 - Beregner fingerID for finger 122: 20934973986354306843128009782162769916
id: 20934973986354306843128009782162769916
lower: 15618062003214643351512781541041391612
upper: 53937554629190552131995290006614509577
Result (no wrap): true
2025-05-02 21:40:26 INFO  ChordProtocols:179 - Finger 122 peker n책 til: process1
2025-05-02 21:40:26 INFO  ChordProtocols:173 - Beregner fingerID for finger 123: 26251885969493970334743238023284148220
id: 26251885969493970334743238023284148220
lower: 15618062003214643351512781541041391612
upper: 53937554629190552131995290006614509577
Result (no wrap): true
2025-05-02 21:40:26 INFO  ChordProtocols:179 - Finger 123 peker n책 til: process1
2025-05-02 21:40:26 INFO  ChordProtocols:173 - Beregner fingerID for finger 124: 36885709935773297317973694505526904828
id: 36885709935773297317973694505526904828
lower: 15618062003214643351512781541041391612
upper: 53937554629190552131995290006614509577
Result (no wrap): true
2025-05-02 21:40:26 INFO  ChordProtocols:179 - Finger 124 peker n책 til: process1
2025-05-02 21:40:26 INFO  ChordProtocols:173 - Beregner fingerID for finger 125: 58153357868331951284434607470012418044
id: 58153357868331951284434607470012418044
lower: 15618062003214643351512781541041391612
upper: 53937554629190552131995290006614509577
Result (no wrap): false
id: 53937554629190552131995290006614509577
lower: 15618062003214643351512781541041391612
upper: 58153357868331951284434607470012418044
Result (no wrap): true
id: 58153357868331951284434607470012418044
lower: 53937554629190552131995290006614509577
upper: 121411138451101288395601026024677976156
Result (no wrap): true
2025-05-02 21:40:26 INFO  ChordProtocols:179 - Finger 125 peker n책 til: process5
2025-05-02 21:40:26 INFO  ChordProtocols:173 - Beregner fingerID for finger 126: 100688653733449259217356433398983444476
id: 100688653733449259217356433398983444476
lower: 15618062003214643351512781541041391612
upper: 53937554629190552131995290006614509577
Result (no wrap): false
id: 121411138451101288395601026024677976156
lower: 15618062003214643351512781541041391612
upper: 100688653733449259217356433398983444476
Result (no wrap): false
id: 53937554629190552131995290006614509577
lower: 15618062003214643351512781541041391612
upper: 100688653733449259217356433398983444476
Result (no wrap): true
id: 100688653733449259217356433398983444476
lower: 53937554629190552131995290006614509577
upper: 121411138451101288395601026024677976156
Result (no wrap): true
2025-05-02 21:40:26 INFO  ChordProtocols:179 - Finger 126 peker n책 til: process5
2025-05-02 21:40:26 INFO  ChordProtocols:173 - Beregner fingerID for finger 127: 185759245463683875083200085256925497340
id: 185759245463683875083200085256925497340
lower: 15618062003214643351512781541041391612
upper: 53937554629190552131995290006614509577
Result (no wrap): false
id: 121411138451101288395601026024677976156
lower: 15618062003214643351512781541041391612
upper: 185759245463683875083200085256925497340
Result (no wrap): true
id: 185759245463683875083200085256925497340
lower: 121411138451101288395601026024677976156
upper: 210821560651360572675896360671414673172
Result (no wrap): true
2025-05-02 21:40:26 INFO  ChordProtocols:179 - Finger 127 peker n책 til: process4
2025-05-02 21:40:26 INFO  StabilizationProtocols:60 - Checking the predecessor for Node: process2
==================================
Node Identifier = 15618062003214643351512781541041391612
Node IP address = process2
successor(process2) = process1
predecessor(process2) = process4
Current File keys for process2 => []
==================================
2025-05-02 21:40:27 INFO  StabilizationProtocols:130 - Updating the successor for Node: process3
id: 66910184482037901621933403444034052415
lower: 66910184482037901621933403444034052414
upper: 121411138451101288395601026024677976156
Result (no wrap): true
2025-05-02 21:40:27 INFO  StabilizationProtocols:165 - Finished updating the successor for Node: process3
2025-05-02 21:40:27 INFO  StabilizationProtocols:84 - Stabilizing ring from process3...
2025-05-02 21:40:27 INFO  StabilizationProtocols:91 - Stabilize ring: succnode = process1
id: 15618062003214643351512781541041391612
lower: 66910184482037901621933403444034052415
upper: 53937554629190552131995290006614509578
Result (wrap): true
2025-05-02 21:40:27 INFO  ChordLookup:96 - copy file keys that are <= process3 from successor process1 to process3
2025-05-02 21:40:27 INFO  ChordLookup:113 - Finished copying file keys from successor process1 to process3
id: 66910184482037901621933403444034052414
lower: 210821560651360572675896360671414673173
upper: 15618062003214643351512781541041391613
Result (wrap): false
2025-05-02 21:40:27 INFO  StabilizationProtocols:113 - Finished stabilizing chordring from process3
2025-05-02 21:40:27 INFO  ChordProtocols:159 - Oppdaterer FingerTable for Node: process3
2025-05-02 21:40:27 INFO  ChordProtocols:173 - Beregner fingerID for finger 0: 66910184482037901621933403444034052415
id: 66910184482037901621933403444034052415
lower: 66910184482037901621933403444034052414
upper: 15618062003214643351512781541041391612
Result (wrap): true
2025-05-02 21:40:27 INFO  ChordProtocols:179 - Finger 0 peker n책 til: process2
2025-05-02 21:40:27 INFO  ChordProtocols:173 - Beregner fingerID for finger 1: 66910184482037901621933403444034052416
id: 66910184482037901621933403444034052416
lower: 66910184482037901621933403444034052414
upper: 15618062003214643351512781541041391612
Result (wrap): true
2025-05-02 21:40:27 INFO  ChordProtocols:179 - Finger 1 peker n책 til: process2
2025-05-02 21:40:27 INFO  ChordProtocols:173 - Beregner fingerID for finger 2: 66910184482037901621933403444034052418
id: 66910184482037901621933403444034052418
lower: 66910184482037901621933403444034052414
upper: 15618062003214643351512781541041391612
Result (wrap): true
2025-05-02 21:40:27 INFO  ChordProtocols:179 - Finger 2 peker n책 til: process2
2025-05-02 21:40:27 INFO  ChordProtocols:173 - Beregner fingerID for finger 3: 66910184482037901621933403444034052422
id: 66910184482037901621933403444034052422
lower: 66910184482037901621933403444034052414
upper: 15618062003214643351512781541041391612
Result (wrap): true
2025-05-02 21:40:27 INFO  ChordProtocols:179 - Finger 3 peker n책 til: process2
2025-05-02 21:40:27 INFO  ChordProtocols:173 - Beregner fingerID for finger 4: 66910184482037901621933403444034052430
id: 66910184482037901621933403444034052430
lower: 66910184482037901621933403444034052414
upper: 15618062003214643351512781541041391612
Result (wrap): true
2025-05-02 21:40:27 INFO  ChordProtocols:179 - Finger 4 peker n책 til: process2
2025-05-02 21:40:27 INFO  ChordProtocols:173 - Beregner fingerID for finger 5: 66910184482037901621933403444034052446
id: 66910184482037901621933403444034052446
lower: 66910184482037901621933403444034052414
upper: 15618062003214643351512781541041391612
Result (wrap): true
2025-05-02 21:40:27 INFO  ChordProtocols:179 - Finger 5 peker n책 til: process2
2025-05-02 21:40:27 INFO  ChordProtocols:173 - Beregner fingerID for finger 6: 66910184482037901621933403444034052478
id: 66910184482037901621933403444034052478
lower: 66910184482037901621933403444034052414
upper: 15618062003214643351512781541041391612
Result (wrap): true
2025-05-02 21:40:27 INFO  ChordProtocols:179 - Finger 6 peker n책 til: process2
2025-05-02 21:40:27 INFO  ChordProtocols:173 - Beregner fingerID for finger 7: 66910184482037901621933403444034052542
id: 66910184482037901621933403444034052542
lower: 66910184482037901621933403444034052414
upper: 15618062003214643351512781541041391612
Result (wrap): true
2025-05-02 21:40:27 INFO  ChordProtocols:179 - Finger 7 peker n책 til: process2
2025-05-02 21:40:27 INFO  ChordProtocols:173 - Beregner fingerID for finger 8: 66910184482037901621933403444034052670
id: 66910184482037901621933403444034052670
lower: 66910184482037901621933403444034052414
upper: 15618062003214643351512781541041391612
Result (wrap): true
2025-05-02 21:40:27 INFO  ChordProtocols:179 - Finger 8 peker n책 til: process2
2025-05-02 21:40:27 INFO  ChordProtocols:173 - Beregner fingerID for finger 9: 66910184482037901621933403444034052926
id: 66910184482037901621933403444034052926
lower: 66910184482037901621933403444034052414
upper: 15618062003214643351512781541041391612
Result (wrap): true
2025-05-02 21:40:27 INFO  ChordProtocols:179 - Finger 9 peker n책 til: process2
2025-05-02 21:40:27 INFO  ChordProtocols:173 - Beregner fingerID for finger 10: 66910184482037901621933403444034053438
id: 66910184482037901621933403444034053438
lower: 66910184482037901621933403444034052414
upper: 15618062003214643351512781541041391612
Result (wrap): true
2025-05-02 21:40:27 INFO  ChordProtocols:179 - Finger 10 peker n책 til: process2
2025-05-02 21:40:27 INFO  ChordProtocols:173 - Beregner fingerID for finger 11: 66910184482037901621933403444034054462
id: 66910184482037901621933403444034054462
lower: 66910184482037901621933403444034052414
upper: 15618062003214643351512781541041391612
Result (wrap): true
2025-05-02 21:40:27 INFO  ChordProtocols:179 - Finger 11 peker n책 til: process2
2025-05-02 21:40:27 INFO  ChordProtocols:173 - Beregner fingerID for finger 12: 66910184482037901621933403444034056510
id: 66910184482037901621933403444034056510
lower: 66910184482037901621933403444034052414
upper: 15618062003214643351512781541041391612
Result (wrap): true
2025-05-02 21:40:27 INFO  ChordProtocols:179 - Finger 12 peker n책 til: process2
2025-05-02 21:40:27 INFO  ChordProtocols:173 - Beregner fingerID for finger 13: 66910184482037901621933403444034060606
id: 66910184482037901621933403444034060606
lower: 66910184482037901621933403444034052414
upper: 15618062003214643351512781541041391612
Result (wrap): true
2025-05-02 21:40:27 INFO  ChordProtocols:179 - Finger 13 peker n책 til: process2
2025-05-02 21:40:27 INFO  ChordProtocols:173 - Beregner fingerID for finger 14: 66910184482037901621933403444034068798
id: 66910184482037901621933403444034068798
lower: 66910184482037901621933403444034052414
upper: 15618062003214643351512781541041391612
Result (wrap): true
2025-05-02 21:40:27 INFO  ChordProtocols:179 - Finger 14 peker n책 til: process2
2025-05-02 21:40:27 INFO  ChordProtocols:173 - Beregner fingerID for finger 15: 66910184482037901621933403444034085182
id: 66910184482037901621933403444034085182
lower: 66910184482037901621933403444034052414
upper: 15618062003214643351512781541041391612
Result (wrap): true
2025-05-02 21:40:27 INFO  ChordProtocols:179 - Finger 15 peker n책 til: process2
2025-05-02 21:40:27 INFO  ChordProtocols:173 - Beregner fingerID for finger 16: 66910184482037901621933403444034117950
id: 66910184482037901621933403444034117950
lower: 66910184482037901621933403444034052414
upper: 15618062003214643351512781541041391612
Result (wrap): true
2025-05-02 21:40:27 INFO  ChordProtocols:179 - Finger 16 peker n책 til: process2
2025-05-02 21:40:27 INFO  ChordProtocols:173 - Beregner fingerID for finger 17: 66910184482037901621933403444034183486
id: 66910184482037901621933403444034183486
lower: 66910184482037901621933403444034052414
upper: 15618062003214643351512781541041391612
Result (wrap): true
2025-05-02 21:40:27 INFO  ChordProtocols:179 - Finger 17 peker n책 til: process2
2025-05-02 21:40:27 INFO  ChordProtocols:173 - Beregner fingerID for finger 18: 66910184482037901621933403444034314558
id: 66910184482037901621933403444034314558
lower: 66910184482037901621933403444034052414
upper: 15618062003214643351512781541041391612
Result (wrap): true
2025-05-02 21:40:27 INFO  ChordProtocols:179 - Finger 18 peker n책 til: process2
2025-05-02 21:40:27 INFO  ChordProtocols:173 - Beregner fingerID for finger 19: 66910184482037901621933403444034576702
id: 66910184482037901621933403444034576702
lower: 66910184482037901621933403444034052414
upper: 15618062003214643351512781541041391612
Result (wrap): true
2025-05-02 21:40:27 INFO  ChordProtocols:179 - Finger 19 peker n책 til: process2
2025-05-02 21:40:27 INFO  ChordProtocols:173 - Beregner fingerID for finger 20: 66910184482037901621933403444035100990
id: 66910184482037901621933403444035100990
lower: 66910184482037901621933403444034052414
upper: 15618062003214643351512781541041391612
Result (wrap): true
2025-05-02 21:40:27 INFO  ChordProtocols:179 - Finger 20 peker n책 til: process2
2025-05-02 21:40:27 INFO  ChordProtocols:173 - Beregner fingerID for finger 21: 66910184482037901621933403444036149566
id: 66910184482037901621933403444036149566
lower: 66910184482037901621933403444034052414
upper: 15618062003214643351512781541041391612
Result (wrap): true
2025-05-02 21:40:27 INFO  ChordProtocols:179 - Finger 21 peker n책 til: process2
2025-05-02 21:40:27 INFO  ChordProtocols:173 - Beregner fingerID for finger 22: 66910184482037901621933403444038246718
id: 66910184482037901621933403444038246718
lower: 66910184482037901621933403444034052414
upper: 15618062003214643351512781541041391612
Result (wrap): true
2025-05-02 21:40:27 INFO  ChordProtocols:179 - Finger 22 peker n책 til: process2
2025-05-02 21:40:27 INFO  ChordProtocols:173 - Beregner fingerID for finger 23: 66910184482037901621933403444042441022
id: 66910184482037901621933403444042441022
lower: 66910184482037901621933403444034052414
upper: 15618062003214643351512781541041391612
Result (wrap): true
2025-05-02 21:40:27 INFO  ChordProtocols:179 - Finger 23 peker n책 til: process2
2025-05-02 21:40:27 INFO  ChordProtocols:173 - Beregner fingerID for finger 24: 66910184482037901621933403444050829630
id: 66910184482037901621933403444050829630
lower: 66910184482037901621933403444034052414
upper: 15618062003214643351512781541041391612
Result (wrap): true
2025-05-02 21:40:27 INFO  ChordProtocols:179 - Finger 24 peker n책 til: process2
2025-05-02 21:40:27 INFO  ChordProtocols:173 - Beregner fingerID for finger 25: 66910184482037901621933403444067606846
id: 66910184482037901621933403444067606846
lower: 66910184482037901621933403444034052414
upper: 15618062003214643351512781541041391612
Result (wrap): true
2025-05-02 21:40:27 INFO  ChordProtocols:179 - Finger 25 peker n책 til: process2
2025-05-02 21:40:27 INFO  ChordProtocols:173 - Beregner fingerID for finger 26: 66910184482037901621933403444101161278
id: 66910184482037901621933403444101161278
lower: 66910184482037901621933403444034052414
upper: 15618062003214643351512781541041391612
Result (wrap): true
2025-05-02 21:40:27 INFO  ChordProtocols:179 - Finger 26 peker n책 til: process2
2025-05-02 21:40:27 INFO  ChordProtocols:173 - Beregner fingerID for finger 27: 66910184482037901621933403444168270142
id: 66910184482037901621933403444168270142
lower: 66910184482037901621933403444034052414
upper: 15618062003214643351512781541041391612
Result (wrap): true
2025-05-02 21:40:27 INFO  ChordProtocols:179 - Finger 27 peker n책 til: process2
2025-05-02 21:40:27 INFO  ChordProtocols:173 - Beregner fingerID for finger 28: 66910184482037901621933403444302487870
id: 66910184482037901621933403444302487870
lower: 66910184482037901621933403444034052414
upper: 15618062003214643351512781541041391612
Result (wrap): true
2025-05-02 21:40:27 INFO  ChordProtocols:179 - Finger 28 peker n책 til: process2
2025-05-02 21:40:27 INFO  ChordProtocols:173 - Beregner fingerID for finger 29: 66910184482037901621933403444570923326
id: 66910184482037901621933403444570923326
lower: 66910184482037901621933403444034052414
upper: 15618062003214643351512781541041391612
Result (wrap): true
2025-05-02 21:40:27 INFO  ChordProtocols:179 - Finger 29 peker n책 til: process2
2025-05-02 21:40:27 INFO  ChordProtocols:173 - Beregner fingerID for finger 30: 66910184482037901621933403445107794238
id: 66910184482037901621933403445107794238
lower: 66910184482037901621933403444034052414
upper: 15618062003214643351512781541041391612
Result (wrap): true
2025-05-02 21:40:27 INFO  ChordProtocols:179 - Finger 30 peker n책 til: process2
2025-05-02 21:40:27 INFO  ChordProtocols:173 - Beregner fingerID for finger 31: 66910184482037901621933403446181536062
id: 66910184482037901621933403446181536062
lower: 66910184482037901621933403444034052414
upper: 15618062003214643351512781541041391612
Result (wrap): true
2025-05-02 21:40:27 INFO  ChordProtocols:179 - Finger 31 peker n책 til: process2
2025-05-02 21:40:27 INFO  ChordProtocols:173 - Beregner fingerID for finger 32: 66910184482037901621933403448329019710
id: 66910184482037901621933403448329019710
lower: 66910184482037901621933403444034052414
upper: 15618062003214643351512781541041391612
Result (wrap): true
2025-05-02 21:40:27 INFO  ChordProtocols:179 - Finger 32 peker n책 til: process2
2025-05-02 21:40:27 INFO  ChordProtocols:173 - Beregner fingerID for finger 33: 66910184482037901621933403452623987006
id: 66910184482037901621933403452623987006
lower: 66910184482037901621933403444034052414
upper: 15618062003214643351512781541041391612
Result (wrap): true
2025-05-02 21:40:27 INFO  ChordProtocols:179 - Finger 33 peker n책 til: process2
2025-05-02 21:40:27 INFO  ChordProtocols:173 - Beregner fingerID for finger 34: 66910184482037901621933403461213921598
id: 66910184482037901621933403461213921598
lower: 66910184482037901621933403444034052414
upper: 15618062003214643351512781541041391612
Result (wrap): true
2025-05-02 21:40:27 INFO  ChordProtocols:179 - Finger 34 peker n책 til: process2
2025-05-02 21:40:27 INFO  ChordProtocols:173 - Beregner fingerID for finger 35: 66910184482037901621933403478393790782
id: 66910184482037901621933403478393790782
lower: 66910184482037901621933403444034052414
upper: 15618062003214643351512781541041391612
Result (wrap): true
2025-05-02 21:40:27 INFO  ChordProtocols:179 - Finger 35 peker n책 til: process2
2025-05-02 21:40:27 INFO  ChordProtocols:173 - Beregner fingerID for finger 36: 66910184482037901621933403512753529150
id: 66910184482037901621933403512753529150
lower: 66910184482037901621933403444034052414
upper: 15618062003214643351512781541041391612
Result (wrap): true
2025-05-02 21:40:27 INFO  ChordProtocols:179 - Finger 36 peker n책 til: process2
2025-05-02 21:40:27 INFO  ChordProtocols:173 - Beregner fingerID for finger 37: 66910184482037901621933403581473005886
id: 66910184482037901621933403581473005886
lower: 66910184482037901621933403444034052414
upper: 15618062003214643351512781541041391612
Result (wrap): true
2025-05-02 21:40:27 INFO  ChordProtocols:179 - Finger 37 peker n책 til: process2
2025-05-02 21:40:27 INFO  ChordProtocols:173 - Beregner fingerID for finger 38: 66910184482037901621933403718911959358
id: 66910184482037901621933403718911959358
lower: 66910184482037901621933403444034052414
upper: 15618062003214643351512781541041391612
Result (wrap): true
2025-05-02 21:40:27 INFO  ChordProtocols:179 - Finger 38 peker n책 til: process2
2025-05-02 21:40:27 INFO  ChordProtocols:173 - Beregner fingerID for finger 39: 66910184482037901621933403993789866302
id: 66910184482037901621933403993789866302
lower: 66910184482037901621933403444034052414
upper: 15618062003214643351512781541041391612
Result (wrap): true
2025-05-02 21:40:27 INFO  ChordProtocols:179 - Finger 39 peker n책 til: process2
2025-05-02 21:40:27 INFO  ChordProtocols:173 - Beregner fingerID for finger 40: 66910184482037901621933404543545680190
id: 66910184482037901621933404543545680190
lower: 66910184482037901621933403444034052414
upper: 15618062003214643351512781541041391612
Result (wrap): true
2025-05-02 21:40:27 INFO  ChordProtocols:179 - Finger 40 peker n책 til: process2
2025-05-02 21:40:27 INFO  ChordProtocols:173 - Beregner fingerID for finger 41: 66910184482037901621933405643057307966
id: 66910184482037901621933405643057307966
lower: 66910184482037901621933403444034052414
upper: 15618062003214643351512781541041391612
Result (wrap): true
2025-05-02 21:40:27 INFO  ChordProtocols:179 - Finger 41 peker n책 til: process2
2025-05-02 21:40:27 INFO  ChordProtocols:173 - Beregner fingerID for finger 42: 66910184482037901621933407842080563518
id: 66910184482037901621933407842080563518
lower: 66910184482037901621933403444034052414
upper: 15618062003214643351512781541041391612
Result (wrap): true
2025-05-02 21:40:27 INFO  ChordProtocols:179 - Finger 42 peker n책 til: process2
2025-05-02 21:40:27 INFO  ChordProtocols:173 - Beregner fingerID for finger 43: 66910184482037901621933412240127074622
id: 66910184482037901621933412240127074622
lower: 66910184482037901621933403444034052414
upper: 15618062003214643351512781541041391612
Result (wrap): true
2025-05-02 21:40:27 INFO  ChordProtocols:179 - Finger 43 peker n책 til: process2
2025-05-02 21:40:27 INFO  ChordProtocols:173 - Beregner fingerID for finger 44: 66910184482037901621933421036220096830
id: 66910184482037901621933421036220096830
lower: 66910184482037901621933403444034052414
upper: 15618062003214643351512781541041391612
Result (wrap): true
2025-05-02 21:40:27 INFO  ChordProtocols:179 - Finger 44 peker n책 til: process2
2025-05-02 21:40:27 INFO  ChordProtocols:173 - Beregner fingerID for finger 45: 66910184482037901621933438628406141246
id: 66910184482037901621933438628406141246
lower: 66910184482037901621933403444034052414
upper: 15618062003214643351512781541041391612
Result (wrap): true
2025-05-02 21:40:27 INFO  ChordProtocols:179 - Finger 45 peker n책 til: process2
2025-05-02 21:40:27 INFO  ChordProtocols:173 - Beregner fingerID for finger 46: 66910184482037901621933473812778230078
id: 66910184482037901621933473812778230078
lower: 66910184482037901621933403444034052414
upper: 15618062003214643351512781541041391612
Result (wrap): true
2025-05-02 21:40:27 INFO  ChordProtocols:179 - Finger 46 peker n책 til: process2
2025-05-02 21:40:27 INFO  ChordProtocols:173 - Beregner fingerID for finger 47: 66910184482037901621933544181522407742
id: 66910184482037901621933544181522407742
lower: 66910184482037901621933403444034052414
upper: 15618062003214643351512781541041391612
Result (wrap): true
2025-05-02 21:40:27 INFO  ChordProtocols:179 - Finger 47 peker n책 til: process2
2025-05-02 21:40:27 INFO  ChordProtocols:173 - Beregner fingerID for finger 48: 66910184482037901621933684919010763070
id: 66910184482037901621933684919010763070
lower: 66910184482037901621933403444034052414
upper: 15618062003214643351512781541041391612
Result (wrap): true
2025-05-02 21:40:27 INFO  ChordProtocols:179 - Finger 48 peker n책 til: process2
2025-05-02 21:40:27 INFO  ChordProtocols:173 - Beregner fingerID for finger 49: 66910184482037901621933966393987473726
id: 66910184482037901621933966393987473726
lower: 66910184482037901621933403444034052414
upper: 15618062003214643351512781541041391612
Result (wrap): true
2025-05-02 21:40:27 INFO  ChordProtocols:179 - Finger 49 peker n책 til: process2
2025-05-02 21:40:27 INFO  ChordProtocols:173 - Beregner fingerID for finger 50: 66910184482037901621934529343940895038
id: 66910184482037901621934529343940895038
lower: 66910184482037901621933403444034052414
upper: 15618062003214643351512781541041391612
Result (wrap): true
2025-05-02 21:40:27 INFO  ChordProtocols:179 - Finger 50 peker n책 til: process2
2025-05-02 21:40:27 INFO  ChordProtocols:173 - Beregner fingerID for finger 51: 66910184482037901621935655243847737662
id: 66910184482037901621935655243847737662
lower: 66910184482037901621933403444034052414
upper: 15618062003214643351512781541041391612
Result (wrap): true
2025-05-02 21:40:27 INFO  ChordProtocols:179 - Finger 51 peker n책 til: process2
2025-05-02 21:40:27 INFO  ChordProtocols:173 - Beregner fingerID for finger 52: 66910184482037901621937907043661422910
id: 66910184482037901621937907043661422910
lower: 66910184482037901621933403444034052414
upper: 15618062003214643351512781541041391612
Result (wrap): true
2025-05-02 21:40:27 INFO  ChordProtocols:179 - Finger 52 peker n책 til: process2
2025-05-02 21:40:27 INFO  ChordProtocols:173 - Beregner fingerID for finger 53: 66910184482037901621942410643288793406
id: 66910184482037901621942410643288793406
lower: 66910184482037901621933403444034052414
upper: 15618062003214643351512781541041391612
Result (wrap): true
2025-05-02 21:40:27 INFO  ChordProtocols:179 - Finger 53 peker n책 til: process2
2025-05-02 21:40:27 INFO  ChordProtocols:173 - Beregner fingerID for finger 54: 66910184482037901621951417842543534398
id: 66910184482037901621951417842543534398
lower: 66910184482037901621933403444034052414
upper: 15618062003214643351512781541041391612
Result (wrap): true
2025-05-02 21:40:27 INFO  ChordProtocols:179 - Finger 54 peker n책 til: process2
2025-05-02 21:40:27 INFO  ChordProtocols:173 - Beregner fingerID for finger 55: 66910184482037901621969432241053016382
id: 66910184482037901621969432241053016382
lower: 66910184482037901621933403444034052414
upper: 15618062003214643351512781541041391612
Result (wrap): true
2025-05-02 21:40:27 INFO  ChordProtocols:179 - Finger 55 peker n책 til: process2
2025-05-02 21:40:27 INFO  ChordProtocols:173 - Beregner fingerID for finger 56: 66910184482037901622005461038071980350
id: 66910184482037901622005461038071980350
lower: 66910184482037901621933403444034052414
upper: 15618062003214643351512781541041391612
Result (wrap): true
2025-05-02 21:40:27 INFO  ChordProtocols:179 - Finger 56 peker n책 til: process2
2025-05-02 21:40:27 INFO  ChordProtocols:173 - Beregner fingerID for finger 57: 66910184482037901622077518632109908286
id: 66910184482037901622077518632109908286
lower: 66910184482037901621933403444034052414
upper: 15618062003214643351512781541041391612
Result (wrap): true
2025-05-02 21:40:27 INFO  ChordProtocols:179 - Finger 57 peker n책 til: process2
2025-05-02 21:40:27 INFO  ChordProtocols:173 - Beregner fingerID for finger 58: 66910184482037901622221633820185764158
id: 66910184482037901622221633820185764158
lower: 66910184482037901621933403444034052414
upper: 15618062003214643351512781541041391612
Result (wrap): true
2025-05-02 21:40:27 INFO  ChordProtocols:179 - Finger 58 peker n책 til: process2
2025-05-02 21:40:27 INFO  ChordProtocols:173 - Beregner fingerID for finger 59: 66910184482037901622509864196337475902
id: 66910184482037901622509864196337475902
lower: 66910184482037901621933403444034052414
upper: 15618062003214643351512781541041391612
Result (wrap): true
2025-05-02 21:40:27 INFO  ChordProtocols:179 - Finger 59 peker n책 til: process2
2025-05-02 21:40:27 INFO  ChordProtocols:173 - Beregner fingerID for finger 60: 66910184482037901623086324948640899390
id: 66910184482037901623086324948640899390
lower: 66910184482037901621933403444034052414
upper: 15618062003214643351512781541041391612
Result (wrap): true
2025-05-02 21:40:27 INFO  ChordProtocols:179 - Finger 60 peker n책 til: process2
2025-05-02 21:40:27 INFO  ChordProtocols:173 - Beregner fingerID for finger 61: 66910184482037901624239246453247746366
id: 66910184482037901624239246453247746366
lower: 66910184482037901621933403444034052414
upper: 15618062003214643351512781541041391612
Result (wrap): true
2025-05-02 21:40:27 INFO  ChordProtocols:179 - Finger 61 peker n책 til: process2
2025-05-02 21:40:27 INFO  ChordProtocols:173 - Beregner fingerID for finger 62: 66910184482037901626545089462461440318
id: 66910184482037901626545089462461440318
lower: 66910184482037901621933403444034052414
upper: 15618062003214643351512781541041391612
Result (wrap): true
2025-05-02 21:40:27 INFO  ChordProtocols:179 - Finger 62 peker n책 til: process2
2025-05-02 21:40:27 INFO  ChordProtocols:173 - Beregner fingerID for finger 63: 66910184482037901631156775480888828222
id: 66910184482037901631156775480888828222
lower: 66910184482037901621933403444034052414
upper: 15618062003214643351512781541041391612
Result (wrap): true
2025-05-02 21:40:27 INFO  ChordProtocols:179 - Finger 63 peker n책 til: process2
2025-05-02 21:40:27 INFO  ChordProtocols:173 - Beregner fingerID for finger 64: 66910184482037901640380147517743604030
id: 66910184482037901640380147517743604030
lower: 66910184482037901621933403444034052414
upper: 15618062003214643351512781541041391612
Result (wrap): true
2025-05-02 21:40:27 INFO  ChordProtocols:179 - Finger 64 peker n책 til: process2
2025-05-02 21:40:27 INFO  ChordProtocols:173 - Beregner fingerID for finger 65: 66910184482037901658826891591453155646
id: 66910184482037901658826891591453155646
lower: 66910184482037901621933403444034052414
upper: 15618062003214643351512781541041391612
Result (wrap): true
2025-05-02 21:40:27 INFO  ChordProtocols:179 - Finger 65 peker n책 til: process2
2025-05-02 21:40:27 INFO  ChordProtocols:173 - Beregner fingerID for finger 66: 66910184482037901695720379738872258878
id: 66910184482037901695720379738872258878
lower: 66910184482037901621933403444034052414
upper: 15618062003214643351512781541041391612
Result (wrap): true
2025-05-02 21:40:27 INFO  ChordProtocols:179 - Finger 66 peker n책 til: process2
2025-05-02 21:40:27 INFO  ChordProtocols:173 - Beregner fingerID for finger 67: 66910184482037901769507356033710465342
id: 66910184482037901769507356033710465342
lower: 66910184482037901621933403444034052414
upper: 15618062003214643351512781541041391612
Result (wrap): true
2025-05-02 21:40:27 INFO  ChordProtocols:179 - Finger 67 peker n책 til: process2
2025-05-02 21:40:27 INFO  ChordProtocols:173 - Beregner fingerID for finger 68: 66910184482037901917081308623386878270
id: 66910184482037901917081308623386878270
lower: 66910184482037901621933403444034052414
upper: 15618062003214643351512781541041391612
Result (wrap): true
2025-05-02 21:40:27 INFO  ChordProtocols:179 - Finger 68 peker n책 til: process2
2025-05-02 21:40:27 INFO  ChordProtocols:173 - Beregner fingerID for finger 69: 66910184482037902212229213802739704126
id: 66910184482037902212229213802739704126
lower: 66910184482037901621933403444034052414
upper: 15618062003214643351512781541041391612
Result (wrap): true
2025-05-02 21:40:27 INFO  ChordProtocols:179 - Finger 69 peker n책 til: process2
2025-05-02 21:40:27 INFO  ChordProtocols:173 - Beregner fingerID for finger 70: 66910184482037902802525024161445355838
id: 66910184482037902802525024161445355838
lower: 66910184482037901621933403444034052414
upper: 15618062003214643351512781541041391612
Result (wrap): true
2025-05-02 21:40:27 INFO  ChordProtocols:179 - Finger 70 peker n책 til: process2
2025-05-02 21:40:27 INFO  ChordProtocols:173 - Beregner fingerID for finger 71: 66910184482037903983116644878856659262
id: 66910184482037903983116644878856659262
lower: 66910184482037901621933403444034052414
upper: 15618062003214643351512781541041391612
Result (wrap): true
2025-05-02 21:40:27 INFO  ChordProtocols:179 - Finger 71 peker n책 til: process2
2025-05-02 21:40:27 INFO  ChordProtocols:173 - Beregner fingerID for finger 72: 66910184482037906344299886313679266110
id: 66910184482037906344299886313679266110
lower: 66910184482037901621933403444034052414
upper: 15618062003214643351512781541041391612
Result (wrap): true
2025-05-02 21:40:27 INFO  ChordProtocols:179 - Finger 72 peker n책 til: process2
2025-05-02 21:40:27 INFO  ChordProtocols:173 - Beregner fingerID for finger 73: 66910184482037911066666369183324479806
id: 66910184482037911066666369183324479806
lower: 66910184482037901621933403444034052414
upper: 15618062003214643351512781541041391612
Result (wrap): true
2025-05-02 21:40:27 INFO  ChordProtocols:179 - Finger 73 peker n책 til: process2
2025-05-02 21:40:27 INFO  ChordProtocols:173 - Beregner fingerID for finger 74: 66910184482037920511399334922614907198
id: 66910184482037920511399334922614907198
lower: 66910184482037901621933403444034052414
upper: 15618062003214643351512781541041391612
Result (wrap): true
2025-05-02 21:40:27 INFO  ChordProtocols:179 - Finger 74 peker n책 til: process2
2025-05-02 21:40:27 INFO  ChordProtocols:173 - Beregner fingerID for finger 75: 66910184482037939400865266401195761982
id: 66910184482037939400865266401195761982
lower: 66910184482037901621933403444034052414
upper: 15618062003214643351512781541041391612
Result (wrap): true
2025-05-02 21:40:27 INFO  ChordProtocols:179 - Finger 75 peker n책 til: process2
2025-05-02 21:40:27 INFO  ChordProtocols:173 - Beregner fingerID for finger 76: 66910184482037977179797129358357471550
id: 66910184482037977179797129358357471550
lower: 66910184482037901621933403444034052414
upper: 15618062003214643351512781541041391612
Result (wrap): true
2025-05-02 21:40:27 INFO  ChordProtocols:179 - Finger 76 peker n책 til: process2
2025-05-02 21:40:27 INFO  ChordProtocols:173 - Beregner fingerID for finger 77: 66910184482038052737660855272680890686
id: 66910184482038052737660855272680890686
lower: 66910184482037901621933403444034052414
upper: 15618062003214643351512781541041391612
Result (wrap): true
2025-05-02 21:40:27 INFO  ChordProtocols:179 - Finger 77 peker n책 til: process2
2025-05-02 21:40:27 INFO  ChordProtocols:173 - Beregner fingerID for finger 78: 66910184482038203853388307101327728958
id: 66910184482038203853388307101327728958
lower: 66910184482037901621933403444034052414
upper: 15618062003214643351512781541041391612
Result (wrap): true
2025-05-02 21:40:27 INFO  ChordProtocols:179 - Finger 78 peker n책 til: process2
2025-05-02 21:40:27 INFO  ChordProtocols:173 - Beregner fingerID for finger 79: 66910184482038506084843210758621405502
id: 66910184482038506084843210758621405502
lower: 66910184482037901621933403444034052414
upper: 15618062003214643351512781541041391612
Result (wrap): true
2025-05-02 21:40:27 INFO  ChordProtocols:179 - Finger 79 peker n책 til: process2
2025-05-02 21:40:27 INFO  ChordProtocols:173 - Beregner fingerID for finger 80: 66910184482039110547753018073208758590
id: 66910184482039110547753018073208758590
lower: 66910184482037901621933403444034052414
upper: 15618062003214643351512781541041391612
Result (wrap): true
2025-05-02 21:40:27 INFO  ChordProtocols:179 - Finger 80 peker n책 til: process2
2025-05-02 21:40:27 INFO  ChordProtocols:173 - Beregner fingerID for finger 81: 66910184482040319473572632702383464766
id: 66910184482040319473572632702383464766
lower: 66910184482037901621933403444034052414
upper: 15618062003214643351512781541041391612
Result (wrap): true
2025-05-02 21:40:27 INFO  ChordProtocols:179 - Finger 81 peker n책 til: process2
2025-05-02 21:40:27 INFO  ChordProtocols:173 - Beregner fingerID for finger 82: 66910184482042737325211861960732877118
id: 66910184482042737325211861960732877118
lower: 66910184482037901621933403444034052414
upper: 15618062003214643351512781541041391612
Result (wrap): true
2025-05-02 21:40:27 INFO  ChordProtocols:179 - Finger 82 peker n책 til: process2
2025-05-02 21:40:27 INFO  ChordProtocols:173 - Beregner fingerID for finger 83: 66910184482047573028490320477431701822
id: 66910184482047573028490320477431701822
lower: 66910184482037901621933403444034052414
upper: 15618062003214643351512781541041391612
Result (wrap): true
2025-05-02 21:40:27 INFO  ChordProtocols:179 - Finger 83 peker n책 til: process2
2025-05-02 21:40:27 INFO  ChordProtocols:173 - Beregner fingerID for finger 84: 66910184482057244435047237510829351230
id: 66910184482057244435047237510829351230
lower: 66910184482037901621933403444034052414
upper: 15618062003214643351512781541041391612
Result (wrap): true
2025-05-02 21:40:27 INFO  ChordProtocols:179 - Finger 84 peker n책 til: process2
2025-05-02 21:40:27 INFO  ChordProtocols:173 - Beregner fingerID for finger 85: 66910184482076587248161071577624650046
id: 66910184482076587248161071577624650046
lower: 66910184482037901621933403444034052414
upper: 15618062003214643351512781541041391612
Result (wrap): true
2025-05-02 21:40:27 INFO  ChordProtocols:179 - Finger 85 peker n책 til: process2
2025-05-02 21:40:27 INFO  ChordProtocols:173 - Beregner fingerID for finger 86: 66910184482115272874388739711215247678
id: 66910184482115272874388739711215247678
lower: 66910184482037901621933403444034052414
upper: 15618062003214643351512781541041391612
Result (wrap): true
2025-05-02 21:40:27 INFO  ChordProtocols:179 - Finger 86 peker n책 til: process2
2025-05-02 21:40:27 INFO  ChordProtocols:173 - Beregner fingerID for finger 87: 66910184482192644126844075978396442942
id: 66910184482192644126844075978396442942
lower: 66910184482037901621933403444034052414
upper: 15618062003214643351512781541041391612
Result (wrap): true
2025-05-02 21:40:27 INFO  ChordProtocols:179 - Finger 87 peker n책 til: process2
2025-05-02 21:40:27 INFO  ChordProtocols:173 - Beregner fingerID for finger 88: 66910184482347386631754748512758833470
id: 66910184482347386631754748512758833470
lower: 66910184482037901621933403444034052414
upper: 15618062003214643351512781541041391612
Result (wrap): true
2025-05-02 21:40:27 INFO  ChordProtocols:179 - Finger 88 peker n책 til: process2
2025-05-02 21:40:27 INFO  ChordProtocols:173 - Beregner fingerID for finger 89: 66910184482656871641576093581483614526
id: 66910184482656871641576093581483614526
lower: 66910184482037901621933403444034052414
upper: 15618062003214643351512781541041391612
Result (wrap): true
2025-05-02 21:40:27 INFO  ChordProtocols:179 - Finger 89 peker n책 til: process2
2025-05-02 21:40:27 INFO  ChordProtocols:173 - Beregner fingerID for finger 90: 66910184483275841661218783718933176638
id: 66910184483275841661218783718933176638
lower: 66910184482037901621933403444034052414
upper: 15618062003214643351512781541041391612
Result (wrap): true
2025-05-02 21:40:27 INFO  ChordProtocols:179 - Finger 90 peker n책 til: process2
2025-05-02 21:40:27 INFO  ChordProtocols:173 - Beregner fingerID for finger 91: 66910184484513781700504163993832300862
id: 66910184484513781700504163993832300862
lower: 66910184482037901621933403444034052414
upper: 15618062003214643351512781541041391612
Result (wrap): true
2025-05-02 21:40:27 INFO  ChordProtocols:179 - Finger 91 peker n책 til: process2
2025-05-02 21:40:27 INFO  ChordProtocols:173 - Beregner fingerID for finger 92: 66910184486989661779074924543630549310
id: 66910184486989661779074924543630549310
lower: 66910184482037901621933403444034052414
upper: 15618062003214643351512781541041391612
Result (wrap): true
2025-05-02 21:40:27 INFO  ChordProtocols:179 - Finger 92 peker n책 til: process2
2025-05-02 21:40:27 INFO  ChordProtocols:173 - Beregner fingerID for finger 93: 66910184491941421936216445643227046206
id: 66910184491941421936216445643227046206
lower: 66910184482037901621933403444034052414
upper: 15618062003214643351512781541041391612
Result (wrap): true
2025-05-02 21:40:27 INFO  ChordProtocols:179 - Finger 93 peker n책 til: process2
2025-05-02 21:40:27 INFO  ChordProtocols:173 - Beregner fingerID for finger 94: 66910184501844942250499487842420039998
id: 66910184501844942250499487842420039998
lower: 66910184482037901621933403444034052414
upper: 15618062003214643351512781541041391612
Result (wrap): true
2025-05-02 21:40:27 INFO  ChordProtocols:179 - Finger 94 peker n책 til: process2
2025-05-02 21:40:27 INFO  ChordProtocols:173 - Beregner fingerID for finger 95: 66910184521651982879065572240806027582
id: 66910184521651982879065572240806027582
lower: 66910184482037901621933403444034052414
upper: 15618062003214643351512781541041391612
Result (wrap): true
2025-05-02 21:40:27 INFO  ChordProtocols:179 - Finger 95 peker n책 til: process2
2025-05-02 21:40:27 INFO  ChordProtocols:173 - Beregner fingerID for finger 96: 66910184561266064136197741037578002750
id: 66910184561266064136197741037578002750
lower: 66910184482037901621933403444034052414
upper: 15618062003214643351512781541041391612
Result (wrap): true
2025-05-02 21:40:27 INFO  ChordProtocols:179 - Finger 96 peker n책 til: process2
2025-05-02 21:40:27 INFO  ChordProtocols:173 - Beregner fingerID for finger 97: 66910184640494226650462078631121953086
id: 66910184640494226650462078631121953086
lower: 66910184482037901621933403444034052414
upper: 15618062003214643351512781541041391612
Result (wrap): true
2025-05-02 21:40:27 INFO  ChordProtocols:179 - Finger 97 peker n책 til: process2
2025-05-02 21:40:27 INFO  ChordProtocols:173 - Beregner fingerID for finger 98: 66910184798950551678990753818209853758
id: 66910184798950551678990753818209853758
lower: 66910184482037901621933403444034052414
upper: 15618062003214643351512781541041391612
Result (wrap): true
2025-05-02 21:40:27 INFO  ChordProtocols:179 - Finger 98 peker n책 til: process2
2025-05-02 21:40:27 INFO  ChordProtocols:173 - Beregner fingerID for finger 99: 66910185115863201736048104192385655102
id: 66910185115863201736048104192385655102
lower: 66910184482037901621933403444034052414
upper: 15618062003214643351512781541041391612
Result (wrap): true
2025-05-02 21:40:27 INFO  ChordProtocols:179 - Finger 99 peker n책 til: process2
2025-05-02 21:40:27 INFO  ChordProtocols:173 - Beregner fingerID for finger 100: 66910185749688501850162804940737257790
id: 66910185749688501850162804940737257790
lower: 66910184482037901621933403444034052414
upper: 15618062003214643351512781541041391612
Result (wrap): true
2025-05-02 21:40:27 INFO  ChordProtocols:179 - Finger 100 peker n책 til: process2
2025-05-02 21:40:27 INFO  ChordProtocols:173 - Beregner fingerID for finger 101: 66910187017339102078392206437440463166
id: 66910187017339102078392206437440463166
lower: 66910184482037901621933403444034052414
upper: 15618062003214643351512781541041391612
Result (wrap): true
2025-05-02 21:40:27 INFO  ChordProtocols:179 - Finger 101 peker n책 til: process2
2025-05-02 21:40:27 INFO  ChordProtocols:173 - Beregner fingerID for finger 102: 66910189552640302534851009430846873918
id: 66910189552640302534851009430846873918
lower: 66910184482037901621933403444034052414
upper: 15618062003214643351512781541041391612
Result (wrap): true
2025-05-02 21:40:27 INFO  ChordProtocols:179 - Finger 102 peker n책 til: process2
2025-05-02 21:40:27 INFO  ChordProtocols:173 - Beregner fingerID for finger 103: 66910194623242703447768615417659695422
id: 66910194623242703447768615417659695422
lower: 66910184482037901621933403444034052414
upper: 15618062003214643351512781541041391612
Result (wrap): true
2025-05-02 21:40:27 INFO  ChordProtocols:179 - Finger 103 peker n책 til: process2
2025-05-02 21:40:27 INFO  ChordProtocols:173 - Beregner fingerID for finger 104: 66910204764447505273603827391285338430
id: 66910204764447505273603827391285338430
lower: 66910184482037901621933403444034052414
upper: 15618062003214643351512781541041391612
Result (wrap): true
2025-05-02 21:40:27 INFO  ChordProtocols:179 - Finger 104 peker n책 til: process2
2025-05-02 21:40:27 INFO  ChordProtocols:173 - Beregner fingerID for finger 105: 66910225046857108925274251338536624446
id: 66910225046857108925274251338536624446
lower: 66910184482037901621933403444034052414
upper: 15618062003214643351512781541041391612
Result (wrap): true
2025-05-02 21:40:27 INFO  ChordProtocols:179 - Finger 105 peker n책 til: process2
2025-05-02 21:40:27 INFO  ChordProtocols:173 - Beregner fingerID for finger 106: 66910265611676316228615099233039196478
id: 66910265611676316228615099233039196478
lower: 66910184482037901621933403444034052414
upper: 15618062003214643351512781541041391612
Result (wrap): true
2025-05-02 21:40:27 INFO  ChordProtocols:179 - Finger 106 peker n책 til: process2
2025-05-02 21:40:27 INFO  ChordProtocols:173 - Beregner fingerID for finger 107: 66910346741314730835296795022044340542
id: 66910346741314730835296795022044340542
lower: 66910184482037901621933403444034052414
upper: 15618062003214643351512781541041391612
Result (wrap): true
2025-05-02 21:40:27 INFO  ChordProtocols:179 - Finger 107 peker n책 til: process2
2025-05-02 21:40:27 INFO  ChordProtocols:173 - Beregner fingerID for finger 108: 66910509000591560048660186600054628670
id: 66910509000591560048660186600054628670
lower: 66910184482037901621933403444034052414
upper: 15618062003214643351512781541041391612
Result (wrap): true
2025-05-02 21:40:27 INFO  ChordProtocols:179 - Finger 108 peker n책 til: process2
2025-05-02 21:40:27 INFO  ChordProtocols:173 - Beregner fingerID for finger 109: 66910833519145218475386969756075204926
id: 66910833519145218475386969756075204926
lower: 66910184482037901621933403444034052414
upper: 15618062003214643351512781541041391612
Result (wrap): true
2025-05-02 21:40:27 INFO  ChordProtocols:179 - Finger 109 peker n책 til: process2
2025-05-02 21:40:27 INFO  ChordProtocols:173 - Beregner fingerID for finger 110: 66911482556252535328840536068116357438
id: 66911482556252535328840536068116357438
lower: 66910184482037901621933403444034052414
upper: 15618062003214643351512781541041391612
Result (wrap): true
2025-05-02 21:40:27 INFO  ChordProtocols:179 - Finger 110 peker n책 til: process2
2025-05-02 21:40:27 INFO  ChordProtocols:173 - Beregner fingerID for finger 111: 66912780630467169035747668692198662462
id: 66912780630467169035747668692198662462
lower: 66910184482037901621933403444034052414
upper: 15618062003214643351512781541041391612
Result (wrap): true
2025-05-02 21:40:27 INFO  ChordProtocols:179 - Finger 111 peker n책 til: process2
2025-05-02 21:40:27 INFO  ChordProtocols:173 - Beregner fingerID for finger 112: 66915376778896436449561933940363272510
id: 66915376778896436449561933940363272510
lower: 66910184482037901621933403444034052414
upper: 15618062003214643351512781541041391612
Result (wrap): true
2025-05-02 21:40:27 INFO  ChordProtocols:179 - Finger 112 peker n책 til: process2
2025-05-02 21:40:27 INFO  ChordProtocols:173 - Beregner fingerID for finger 113: 66920569075754971277190464436692492606
id: 66920569075754971277190464436692492606
lower: 66910184482037901621933403444034052414
upper: 15618062003214643351512781541041391612
Result (wrap): true
2025-05-02 21:40:27 INFO  ChordProtocols:179 - Finger 113 peker n책 til: process2
2025-05-02 21:40:27 INFO  ChordProtocols:173 - Beregner fingerID for finger 114: 66930953669472040932447525429350932798
id: 66930953669472040932447525429350932798
lower: 66910184482037901621933403444034052414
upper: 15618062003214643351512781541041391612
Result (wrap): true
2025-05-02 21:40:27 INFO  ChordProtocols:179 - Finger 114 peker n책 til: process2
2025-05-02 21:40:27 INFO  ChordProtocols:173 - Beregner fingerID for finger 115: 66951722856906180242961647414667813182
id: 66951722856906180242961647414667813182
lower: 66910184482037901621933403444034052414
upper: 15618062003214643351512781541041391612
Result (wrap): true
2025-05-02 21:40:27 INFO  ChordProtocols:179 - Finger 115 peker n책 til: process2
2025-05-02 21:40:27 INFO  ChordProtocols:173 - Beregner fingerID for finger 116: 66993261231774458863989891385301573950
id: 66993261231774458863989891385301573950
lower: 66910184482037901621933403444034052414
upper: 15618062003214643351512781541041391612
Result (wrap): true
2025-05-02 21:40:27 INFO  ChordProtocols:179 - Finger 116 peker n책 til: process2
2025-05-02 21:40:27 INFO  ChordProtocols:173 - Beregner fingerID for finger 117: 67076337981511016106046379326569095486
id: 67076337981511016106046379326569095486
lower: 66910184482037901621933403444034052414
upper: 15618062003214643351512781541041391612
Result (wrap): true
2025-05-02 21:40:27 INFO  ChordProtocols:179 - Finger 117 peker n책 til: process2
2025-05-02 21:40:27 INFO  ChordProtocols:173 - Beregner fingerID for finger 118: 67242491480984130590159355209104138558
id: 67242491480984130590159355209104138558
lower: 66910184482037901621933403444034052414
upper: 15618062003214643351512781541041391612
Result (wrap): true
2025-05-02 21:40:27 INFO  ChordProtocols:179 - Finger 118 peker n책 til: process2
2025-05-02 21:40:27 INFO  ChordProtocols:173 - Beregner fingerID for finger 119: 67574798479930359558385306974174224702
id: 67574798479930359558385306974174224702
lower: 66910184482037901621933403444034052414
upper: 15618062003214643351512781541041391612
Result (wrap): true
2025-05-02 21:40:27 INFO  ChordProtocols:179 - Finger 119 peker n책 til: process2
2025-05-02 21:40:27 INFO  ChordProtocols:173 - Beregner fingerID for finger 120: 68239412477822817494837210504314396990
id: 68239412477822817494837210504314396990
lower: 66910184482037901621933403444034052414
upper: 15618062003214643351512781541041391612
Result (wrap): true
2025-05-02 21:40:27 INFO  ChordProtocols:179 - Finger 120 peker n책 til: process2
2025-05-02 21:40:27 INFO  ChordProtocols:173 - Beregner fingerID for finger 121: 69568640473607733367741017564594741566
id: 69568640473607733367741017564594741566
lower: 66910184482037901621933403444034052414
upper: 15618062003214643351512781541041391612
Result (wrap): true
2025-05-02 21:40:27 INFO  ChordProtocols:179 - Finger 121 peker n책 til: process2
2025-05-02 21:40:27 INFO  ChordProtocols:173 - Beregner fingerID for finger 122: 72227096465177565113548631685155430718
id: 72227096465177565113548631685155430718
lower: 66910184482037901621933403444034052414
upper: 15618062003214643351512781541041391612
Result (wrap): true
2025-05-02 21:40:27 INFO  ChordProtocols:179 - Finger 122 peker n책 til: process2
2025-05-02 21:40:27 INFO  ChordProtocols:173 - Beregner fingerID for finger 123: 77544008448317228605163859926276809022
id: 77544008448317228605163859926276809022
lower: 66910184482037901621933403444034052414
upper: 15618062003214643351512781541041391612
Result (wrap): true
2025-05-02 21:40:27 INFO  ChordProtocols:179 - Finger 123 peker n책 til: process2
2025-05-02 21:40:27 INFO  ChordProtocols:173 - Beregner fingerID for finger 124: 88177832414596555588394316408519565630
id: 88177832414596555588394316408519565630
lower: 66910184482037901621933403444034052414
upper: 15618062003214643351512781541041391612
Result (wrap): true
2025-05-02 21:40:27 INFO  ChordProtocols:179 - Finger 124 peker n책 til: process2
2025-05-02 21:40:27 INFO  ChordProtocols:173 - Beregner fingerID for finger 125: 109445480347155209554855229373005078846
id: 109445480347155209554855229373005078846
lower: 66910184482037901621933403444034052414
upper: 15618062003214643351512781541041391612
Result (wrap): true
2025-05-02 21:40:27 INFO  ChordProtocols:179 - Finger 125 peker n책 til: process2
2025-05-02 21:40:27 INFO  ChordProtocols:173 - Beregner fingerID for finger 126: 151980776212272517487777055301976105278
id: 151980776212272517487777055301976105278
lower: 66910184482037901621933403444034052414
upper: 15618062003214643351512781541041391612
Result (wrap): true
2025-05-02 21:40:27 INFO  ChordProtocols:179 - Finger 126 peker n책 til: process2
2025-05-02 21:40:27 INFO  ChordProtocols:173 - Beregner fingerID for finger 127: 237051367942507133353620707159918158142
id: 237051367942507133353620707159918158142
lower: 66910184482037901621933403444034052414
upper: 15618062003214643351512781541041391612
Result (wrap): true
2025-05-02 21:40:27 INFO  ChordProtocols:179 - Finger 127 peker n책 til: process2
2025-05-02 21:40:27 INFO  StabilizationProtocols:60 - Checking the predecessor for Node: process3
==================================
Node Identifier = 66910184482037901621933403444034052414
Node IP address = process3
successor(process3) = process2
predecessor(process3) = process3
Current File keys for process3 => []
==================================
2025-05-02 21:40:27 INFO  StabilizationProtocols:130 - Updating the successor for Node: process4
id: 210821560651360572675896360671414673173
lower: 210821560651360572675896360671414673172
upper: 15618062003214643351512781541041391612
Result (wrap): true
2025-05-02 21:40:27 INFO  StabilizationProtocols:84 - Stabilizing ring from process4...
2025-05-02 21:40:27 INFO  StabilizationProtocols:91 - Stabilize ring: succnode = process2
id: 210821560651360572675896360671414673172
lower: 210821560651360572675896360671414673173
upper: 15618062003214643351512781541041391613
Result (wrap): false
2025-05-02 21:40:27 INFO  StabilizationProtocols:113 - Finished stabilizing chordring from process4
2025-05-02 21:40:27 INFO  ChordProtocols:159 - Oppdaterer FingerTable for Node: process4
2025-05-02 21:40:27 INFO  ChordProtocols:173 - Beregner fingerID for finger 0: 210821560651360572675896360671414673173
id: 210821560651360572675896360671414673173
lower: 210821560651360572675896360671414673172
upper: 15618062003214643351512781541041391612
Result (wrap): true
2025-05-02 21:40:27 INFO  ChordProtocols:179 - Finger 0 peker n책 til: process2
2025-05-02 21:40:27 INFO  ChordProtocols:173 - Beregner fingerID for finger 1: 210821560651360572675896360671414673174
id: 210821560651360572675896360671414673174
lower: 210821560651360572675896360671414673172
upper: 15618062003214643351512781541041391612
Result (wrap): true
2025-05-02 21:40:27 INFO  ChordProtocols:179 - Finger 1 peker n책 til: process2
2025-05-02 21:40:27 INFO  ChordProtocols:173 - Beregner fingerID for finger 2: 210821560651360572675896360671414673176
id: 210821560651360572675896360671414673176
lower: 210821560651360572675896360671414673172
upper: 15618062003214643351512781541041391612
Result (wrap): true
2025-05-02 21:40:27 INFO  ChordProtocols:179 - Finger 2 peker n책 til: process2
2025-05-02 21:40:27 INFO  ChordProtocols:173 - Beregner fingerID for finger 3: 210821560651360572675896360671414673180
id: 210821560651360572675896360671414673180
lower: 210821560651360572675896360671414673172
upper: 15618062003214643351512781541041391612
Result (wrap): true
2025-05-02 21:40:27 INFO  ChordProtocols:179 - Finger 3 peker n책 til: process2
2025-05-02 21:40:27 INFO  ChordProtocols:173 - Beregner fingerID for finger 4: 210821560651360572675896360671414673188
id: 210821560651360572675896360671414673188
lower: 210821560651360572675896360671414673172
upper: 15618062003214643351512781541041391612
Result (wrap): true
2025-05-02 21:40:27 INFO  ChordProtocols:179 - Finger 4 peker n책 til: process2
2025-05-02 21:40:27 INFO  ChordProtocols:173 - Beregner fingerID for finger 5: 210821560651360572675896360671414673204
id: 210821560651360572675896360671414673204
lower: 210821560651360572675896360671414673172
upper: 15618062003214643351512781541041391612
Result (wrap): true
2025-05-02 21:40:27 INFO  ChordProtocols:179 - Finger 5 peker n책 til: process2
2025-05-02 21:40:27 INFO  ChordProtocols:173 - Beregner fingerID for finger 6: 210821560651360572675896360671414673236
id: 210821560651360572675896360671414673236
lower: 210821560651360572675896360671414673172
upper: 15618062003214643351512781541041391612
Result (wrap): true
2025-05-02 21:40:27 INFO  ChordProtocols:179 - Finger 6 peker n책 til: process2
2025-05-02 21:40:27 INFO  ChordProtocols:173 - Beregner fingerID for finger 7: 210821560651360572675896360671414673300
id: 210821560651360572675896360671414673300
lower: 210821560651360572675896360671414673172
upper: 15618062003214643351512781541041391612
Result (wrap): true
2025-05-02 21:40:27 INFO  ChordProtocols:179 - Finger 7 peker n책 til: process2
2025-05-02 21:40:27 INFO  ChordProtocols:173 - Beregner fingerID for finger 8: 210821560651360572675896360671414673428
id: 210821560651360572675896360671414673428
lower: 210821560651360572675896360671414673172
upper: 15618062003214643351512781541041391612
Result (wrap): true
2025-05-02 21:40:27 INFO  ChordProtocols:179 - Finger 8 peker n책 til: process2
2025-05-02 21:40:27 INFO  ChordProtocols:173 - Beregner fingerID for finger 9: 210821560651360572675896360671414673684
id: 210821560651360572675896360671414673684
lower: 210821560651360572675896360671414673172
upper: 15618062003214643351512781541041391612
Result (wrap): true
2025-05-02 21:40:27 INFO  ChordProtocols:179 - Finger 9 peker n책 til: process2
2025-05-02 21:40:27 INFO  ChordProtocols:173 - Beregner fingerID for finger 10: 210821560651360572675896360671414674196
id: 210821560651360572675896360671414674196
lower: 210821560651360572675896360671414673172
upper: 15618062003214643351512781541041391612
Result (wrap): true
2025-05-02 21:40:27 INFO  ChordProtocols:179 - Finger 10 peker n책 til: process2
2025-05-02 21:40:27 INFO  ChordProtocols:173 - Beregner fingerID for finger 11: 210821560651360572675896360671414675220
id: 210821560651360572675896360671414675220
lower: 210821560651360572675896360671414673172
upper: 15618062003214643351512781541041391612
Result (wrap): true
2025-05-02 21:40:27 INFO  ChordProtocols:179 - Finger 11 peker n책 til: process2
2025-05-02 21:40:27 INFO  ChordProtocols:173 - Beregner fingerID for finger 12: 210821560651360572675896360671414677268
id: 210821560651360572675896360671414677268
lower: 210821560651360572675896360671414673172
upper: 15618062003214643351512781541041391612
Result (wrap): true
2025-05-02 21:40:27 INFO  ChordProtocols:179 - Finger 12 peker n책 til: process2
2025-05-02 21:40:27 INFO  ChordProtocols:173 - Beregner fingerID for finger 13: 210821560651360572675896360671414681364
id: 210821560651360572675896360671414681364
lower: 210821560651360572675896360671414673172
upper: 15618062003214643351512781541041391612
Result (wrap): true
2025-05-02 21:40:27 INFO  ChordProtocols:179 - Finger 13 peker n책 til: process2
2025-05-02 21:40:27 INFO  ChordProtocols:173 - Beregner fingerID for finger 14: 210821560651360572675896360671414689556
id: 210821560651360572675896360671414689556
lower: 210821560651360572675896360671414673172
upper: 15618062003214643351512781541041391612
Result (wrap): true
2025-05-02 21:40:27 INFO  ChordProtocols:179 - Finger 14 peker n책 til: process2
2025-05-02 21:40:27 INFO  ChordProtocols:173 - Beregner fingerID for finger 15: 210821560651360572675896360671414705940
id: 210821560651360572675896360671414705940
lower: 210821560651360572675896360671414673172
upper: 15618062003214643351512781541041391612
Result (wrap): true
2025-05-02 21:40:27 INFO  ChordProtocols:179 - Finger 15 peker n책 til: process2
2025-05-02 21:40:27 INFO  ChordProtocols:173 - Beregner fingerID for finger 16: 210821560651360572675896360671414738708
id: 210821560651360572675896360671414738708
lower: 210821560651360572675896360671414673172
upper: 15618062003214643351512781541041391612
Result (wrap): true
2025-05-02 21:40:27 INFO  ChordProtocols:179 - Finger 16 peker n책 til: process2
2025-05-02 21:40:27 INFO  ChordProtocols:173 - Beregner fingerID for finger 17: 210821560651360572675896360671414804244
id: 210821560651360572675896360671414804244
lower: 210821560651360572675896360671414673172
upper: 15618062003214643351512781541041391612
Result (wrap): true
2025-05-02 21:40:27 INFO  ChordProtocols:179 - Finger 17 peker n책 til: process2
2025-05-02 21:40:27 INFO  ChordProtocols:173 - Beregner fingerID for finger 18: 210821560651360572675896360671414935316
id: 210821560651360572675896360671414935316
lower: 210821560651360572675896360671414673172
upper: 15618062003214643351512781541041391612
Result (wrap): true
2025-05-02 21:40:27 INFO  ChordProtocols:179 - Finger 18 peker n책 til: process2
2025-05-02 21:40:27 INFO  ChordProtocols:173 - Beregner fingerID for finger 19: 210821560651360572675896360671415197460
id: 210821560651360572675896360671415197460
lower: 210821560651360572675896360671414673172
upper: 15618062003214643351512781541041391612
Result (wrap): true
2025-05-02 21:40:27 INFO  ChordProtocols:179 - Finger 19 peker n책 til: process2
2025-05-02 21:40:27 INFO  ChordProtocols:173 - Beregner fingerID for finger 20: 210821560651360572675896360671415721748
id: 210821560651360572675896360671415721748
lower: 210821560651360572675896360671414673172
upper: 15618062003214643351512781541041391612
Result (wrap): true
2025-05-02 21:40:27 INFO  ChordProtocols:179 - Finger 20 peker n책 til: process2
2025-05-02 21:40:27 INFO  ChordProtocols:173 - Beregner fingerID for finger 21: 210821560651360572675896360671416770324
id: 210821560651360572675896360671416770324
lower: 210821560651360572675896360671414673172
upper: 15618062003214643351512781541041391612
Result (wrap): true
2025-05-02 21:40:27 INFO  ChordProtocols:179 - Finger 21 peker n책 til: process2
2025-05-02 21:40:27 INFO  ChordProtocols:173 - Beregner fingerID for finger 22: 210821560651360572675896360671418867476
id: 210821560651360572675896360671418867476
lower: 210821560651360572675896360671414673172
upper: 15618062003214643351512781541041391612
Result (wrap): true
2025-05-02 21:40:27 INFO  ChordProtocols:179 - Finger 22 peker n책 til: process2
2025-05-02 21:40:27 INFO  ChordProtocols:173 - Beregner fingerID for finger 23: 210821560651360572675896360671423061780
id: 210821560651360572675896360671423061780
lower: 210821560651360572675896360671414673172
upper: 15618062003214643351512781541041391612
Result (wrap): true
2025-05-02 21:40:27 INFO  ChordProtocols:179 - Finger 23 peker n책 til: process2
2025-05-02 21:40:27 INFO  ChordProtocols:173 - Beregner fingerID for finger 24: 210821560651360572675896360671431450388
id: 210821560651360572675896360671431450388
lower: 210821560651360572675896360671414673172
upper: 15618062003214643351512781541041391612
Result (wrap): true
2025-05-02 21:40:27 INFO  ChordProtocols:179 - Finger 24 peker n책 til: process2
2025-05-02 21:40:27 INFO  ChordProtocols:173 - Beregner fingerID for finger 25: 210821560651360572675896360671448227604
id: 210821560651360572675896360671448227604
lower: 210821560651360572675896360671414673172
upper: 15618062003214643351512781541041391612
Result (wrap): true
2025-05-02 21:40:27 INFO  ChordProtocols:179 - Finger 25 peker n책 til: process2
2025-05-02 21:40:27 INFO  ChordProtocols:173 - Beregner fingerID for finger 26: 210821560651360572675896360671481782036
id: 210821560651360572675896360671481782036
lower: 210821560651360572675896360671414673172
upper: 15618062003214643351512781541041391612
Result (wrap): true
2025-05-02 21:40:27 INFO  ChordProtocols:179 - Finger 26 peker n책 til: process2
2025-05-02 21:40:27 INFO  ChordProtocols:173 - Beregner fingerID for finger 27: 210821560651360572675896360671548890900
id: 210821560651360572675896360671548890900
lower: 210821560651360572675896360671414673172
upper: 15618062003214643351512781541041391612
Result (wrap): true
2025-05-02 21:40:27 INFO  ChordProtocols:179 - Finger 27 peker n책 til: process2
2025-05-02 21:40:27 INFO  ChordProtocols:173 - Beregner fingerID for finger 28: 210821560651360572675896360671683108628
id: 210821560651360572675896360671683108628
lower: 210821560651360572675896360671414673172
upper: 15618062003214643351512781541041391612
Result (wrap): true
2025-05-02 21:40:27 INFO  ChordProtocols:179 - Finger 28 peker n책 til: process2
2025-05-02 21:40:27 INFO  ChordProtocols:173 - Beregner fingerID for finger 29: 210821560651360572675896360671951544084
id: 210821560651360572675896360671951544084
lower: 210821560651360572675896360671414673172
upper: 15618062003214643351512781541041391612
Result (wrap): true
2025-05-02 21:40:27 INFO  ChordProtocols:179 - Finger 29 peker n책 til: process2
2025-05-02 21:40:27 INFO  ChordProtocols:173 - Beregner fingerID for finger 30: 210821560651360572675896360672488414996
id: 210821560651360572675896360672488414996
lower: 210821560651360572675896360671414673172
upper: 15618062003214643351512781541041391612
Result (wrap): true
2025-05-02 21:40:27 INFO  ChordProtocols:179 - Finger 30 peker n책 til: process2
2025-05-02 21:40:27 INFO  ChordProtocols:173 - Beregner fingerID for finger 31: 210821560651360572675896360673562156820
id: 210821560651360572675896360673562156820
lower: 210821560651360572675896360671414673172
upper: 15618062003214643351512781541041391612
Result (wrap): true
2025-05-02 21:40:27 INFO  ChordProtocols:179 - Finger 31 peker n책 til: process2
2025-05-02 21:40:27 INFO  ChordProtocols:173 - Beregner fingerID for finger 32: 210821560651360572675896360675709640468
id: 210821560651360572675896360675709640468
lower: 210821560651360572675896360671414673172
upper: 15618062003214643351512781541041391612
Result (wrap): true
2025-05-02 21:40:27 INFO  ChordProtocols:179 - Finger 32 peker n책 til: process2
2025-05-02 21:40:27 INFO  ChordProtocols:173 - Beregner fingerID for finger 33: 210821560651360572675896360680004607764
id: 210821560651360572675896360680004607764
lower: 210821560651360572675896360671414673172
upper: 15618062003214643351512781541041391612
Result (wrap): true
2025-05-02 21:40:27 INFO  ChordProtocols:179 - Finger 33 peker n책 til: process2
2025-05-02 21:40:27 INFO  ChordProtocols:173 - Beregner fingerID for finger 34: 210821560651360572675896360688594542356
id: 210821560651360572675896360688594542356
lower: 210821560651360572675896360671414673172
upper: 15618062003214643351512781541041391612
Result (wrap): true
2025-05-02 21:40:27 INFO  ChordProtocols:179 - Finger 34 peker n책 til: process2
2025-05-02 21:40:27 INFO  ChordProtocols:173 - Beregner fingerID for finger 35: 210821560651360572675896360705774411540
id: 210821560651360572675896360705774411540
lower: 210821560651360572675896360671414673172
upper: 15618062003214643351512781541041391612
Result (wrap): true
2025-05-02 21:40:27 INFO  ChordProtocols:179 - Finger 35 peker n책 til: process2
2025-05-02 21:40:27 INFO  ChordProtocols:173 - Beregner fingerID for finger 36: 210821560651360572675896360740134149908
id: 210821560651360572675896360740134149908
lower: 210821560651360572675896360671414673172
upper: 15618062003214643351512781541041391612
Result (wrap): true
2025-05-02 21:40:27 INFO  ChordProtocols:179 - Finger 36 peker n책 til: process2
2025-05-02 21:40:27 INFO  ChordProtocols:173 - Beregner fingerID for finger 37: 210821560651360572675896360808853626644
id: 210821560651360572675896360808853626644
lower: 210821560651360572675896360671414673172
upper: 15618062003214643351512781541041391612
Result (wrap): true
2025-05-02 21:40:27 INFO  ChordProtocols:179 - Finger 37 peker n책 til: process2
2025-05-02 21:40:27 INFO  ChordProtocols:173 - Beregner fingerID for finger 38: 210821560651360572675896360946292580116
id: 210821560651360572675896360946292580116
lower: 210821560651360572675896360671414673172
upper: 15618062003214643351512781541041391612
Result (wrap): true
2025-05-02 21:40:27 INFO  ChordProtocols:179 - Finger 38 peker n책 til: process2
2025-05-02 21:40:27 INFO  ChordProtocols:173 - Beregner fingerID for finger 39: 210821560651360572675896361221170487060
id: 210821560651360572675896361221170487060
lower: 210821560651360572675896360671414673172
upper: 15618062003214643351512781541041391612
Result (wrap): true
2025-05-02 21:40:27 INFO  ChordProtocols:179 - Finger 39 peker n책 til: process2
2025-05-02 21:40:27 INFO  ChordProtocols:173 - Beregner fingerID for finger 40: 210821560651360572675896361770926300948
id: 210821560651360572675896361770926300948
lower: 210821560651360572675896360671414673172
upper: 15618062003214643351512781541041391612
Result (wrap): true
2025-05-02 21:40:27 INFO  ChordProtocols:179 - Finger 40 peker n책 til: process2
2025-05-02 21:40:27 INFO  ChordProtocols:173 - Beregner fingerID for finger 41: 210821560651360572675896362870437928724
id: 210821560651360572675896362870437928724
lower: 210821560651360572675896360671414673172
upper: 15618062003214643351512781541041391612
Result (wrap): true
2025-05-02 21:40:27 INFO  ChordProtocols:179 - Finger 41 peker n책 til: process2
2025-05-02 21:40:27 INFO  ChordProtocols:173 - Beregner fingerID for finger 42: 210821560651360572675896365069461184276
id: 210821560651360572675896365069461184276
lower: 210821560651360572675896360671414673172
upper: 15618062003214643351512781541041391612
Result (wrap): true
2025-05-02 21:40:27 INFO  ChordProtocols:179 - Finger 42 peker n책 til: process2
2025-05-02 21:40:27 INFO  ChordProtocols:173 - Beregner fingerID for finger 43: 210821560651360572675896369467507695380
id: 210821560651360572675896369467507695380
lower: 210821560651360572675896360671414673172
upper: 15618062003214643351512781541041391612
Result (wrap): true
2025-05-02 21:40:27 INFO  ChordProtocols:179 - Finger 43 peker n책 til: process2
2025-05-02 21:40:27 INFO  ChordProtocols:173 - Beregner fingerID for finger 44: 210821560651360572675896378263600717588
id: 210821560651360572675896378263600717588
lower: 210821560651360572675896360671414673172
upper: 15618062003214643351512781541041391612
Result (wrap): true
2025-05-02 21:40:27 INFO  ChordProtocols:179 - Finger 44 peker n책 til: process2
2025-05-02 21:40:27 INFO  ChordProtocols:173 - Beregner fingerID for finger 45: 210821560651360572675896395855786762004
id: 210821560651360572675896395855786762004
lower: 210821560651360572675896360671414673172
upper: 15618062003214643351512781541041391612
Result (wrap): true
2025-05-02 21:40:27 INFO  ChordProtocols:179 - Finger 45 peker n책 til: process2
2025-05-02 21:40:27 INFO  ChordProtocols:173 - Beregner fingerID for finger 46: 210821560651360572675896431040158850836
id: 210821560651360572675896431040158850836
lower: 210821560651360572675896360671414673172
upper: 15618062003214643351512781541041391612
Result (wrap): true
2025-05-02 21:40:27 INFO  ChordProtocols:179 - Finger 46 peker n책 til: process2
2025-05-02 21:40:27 INFO  ChordProtocols:173 - Beregner fingerID for finger 47: 210821560651360572675896501408903028500
id: 210821560651360572675896501408903028500
lower: 210821560651360572675896360671414673172
upper: 15618062003214643351512781541041391612
Result (wrap): true
2025-05-02 21:40:27 INFO  ChordProtocols:179 - Finger 47 peker n책 til: process2
2025-05-02 21:40:27 INFO  ChordProtocols:173 - Beregner fingerID for finger 48: 210821560651360572675896642146391383828
id: 210821560651360572675896642146391383828
lower: 210821560651360572675896360671414673172
upper: 15618062003214643351512781541041391612
Result (wrap): true
2025-05-02 21:40:27 INFO  ChordProtocols:179 - Finger 48 peker n책 til: process2
2025-05-02 21:40:27 INFO  ChordProtocols:173 - Beregner fingerID for finger 49: 210821560651360572675896923621368094484
id: 210821560651360572675896923621368094484
lower: 210821560651360572675896360671414673172
upper: 15618062003214643351512781541041391612
Result (wrap): true
2025-05-02 21:40:27 INFO  ChordProtocols:179 - Finger 49 peker n책 til: process2
2025-05-02 21:40:27 INFO  ChordProtocols:173 - Beregner fingerID for finger 50: 210821560651360572675897486571321515796
id: 210821560651360572675897486571321515796
lower: 210821560651360572675896360671414673172
upper: 15618062003214643351512781541041391612
Result (wrap): true
2025-05-02 21:40:27 INFO  ChordProtocols:179 - Finger 50 peker n책 til: process2
2025-05-02 21:40:27 INFO  ChordProtocols:173 - Beregner fingerID for finger 51: 210821560651360572675898612471228358420
id: 210821560651360572675898612471228358420
lower: 210821560651360572675896360671414673172
upper: 15618062003214643351512781541041391612
Result (wrap): true
2025-05-02 21:40:27 INFO  ChordProtocols:179 - Finger 51 peker n책 til: process2
2025-05-02 21:40:27 INFO  ChordProtocols:173 - Beregner fingerID for finger 52: 210821560651360572675900864271042043668
id: 210821560651360572675900864271042043668
lower: 210821560651360572675896360671414673172
upper: 15618062003214643351512781541041391612
Result (wrap): true
2025-05-02 21:40:27 INFO  ChordProtocols:179 - Finger 52 peker n책 til: process2
2025-05-02 21:40:27 INFO  ChordProtocols:173 - Beregner fingerID for finger 53: 210821560651360572675905367870669414164
id: 210821560651360572675905367870669414164
lower: 210821560651360572675896360671414673172
upper: 15618062003214643351512781541041391612
Result (wrap): true
2025-05-02 21:40:27 INFO  ChordProtocols:179 - Finger 53 peker n책 til: process2
2025-05-02 21:40:27 INFO  ChordProtocols:173 - Beregner fingerID for finger 54: 210821560651360572675914375069924155156
id: 210821560651360572675914375069924155156
lower: 210821560651360572675896360671414673172
upper: 15618062003214643351512781541041391612
Result (wrap): true
2025-05-02 21:40:27 INFO  ChordProtocols:179 - Finger 54 peker n책 til: process2
2025-05-02 21:40:27 INFO  ChordProtocols:173 - Beregner fingerID for finger 55: 210821560651360572675932389468433637140
id: 210821560651360572675932389468433637140
lower: 210821560651360572675896360671414673172
upper: 15618062003214643351512781541041391612
Result (wrap): true
2025-05-02 21:40:27 INFO  ChordProtocols:179 - Finger 55 peker n책 til: process2
2025-05-02 21:40:27 INFO  ChordProtocols:173 - Beregner fingerID for finger 56: 210821560651360572675968418265452601108
id: 210821560651360572675968418265452601108
lower: 210821560651360572675896360671414673172
upper: 15618062003214643351512781541041391612
Result (wrap): true
2025-05-02 21:40:27 INFO  ChordProtocols:179 - Finger 56 peker n책 til: process2
2025-05-02 21:40:27 INFO  ChordProtocols:173 - Beregner fingerID for finger 57: 210821560651360572676040475859490529044
id: 210821560651360572676040475859490529044
lower: 210821560651360572675896360671414673172
upper: 15618062003214643351512781541041391612
Result (wrap): true
2025-05-02 21:40:27 INFO  ChordProtocols:179 - Finger 57 peker n책 til: process2
2025-05-02 21:40:27 INFO  ChordProtocols:173 - Beregner fingerID for finger 58: 210821560651360572676184591047566384916
id: 210821560651360572676184591047566384916
lower: 210821560651360572675896360671414673172
upper: 15618062003214643351512781541041391612
Result (wrap): true
2025-05-02 21:40:27 INFO  ChordProtocols:179 - Finger 58 peker n책 til: process2
2025-05-02 21:40:27 INFO  ChordProtocols:173 - Beregner fingerID for finger 59: 210821560651360572676472821423718096660
id: 210821560651360572676472821423718096660
lower: 210821560651360572675896360671414673172
upper: 15618062003214643351512781541041391612
Result (wrap): true
2025-05-02 21:40:27 INFO  ChordProtocols:179 - Finger 59 peker n책 til: process2
2025-05-02 21:40:27 INFO  ChordProtocols:173 - Beregner fingerID for finger 60: 210821560651360572677049282176021520148
id: 210821560651360572677049282176021520148
lower: 210821560651360572675896360671414673172
upper: 15618062003214643351512781541041391612
Result (wrap): true
2025-05-02 21:40:27 INFO  ChordProtocols:179 - Finger 60 peker n책 til: process2
2025-05-02 21:40:27 INFO  ChordProtocols:173 - Beregner fingerID for finger 61: 210821560651360572678202203680628367124
id: 210821560651360572678202203680628367124
lower: 210821560651360572675896360671414673172
upper: 15618062003214643351512781541041391612
Result (wrap): true
2025-05-02 21:40:27 INFO  ChordProtocols:179 - Finger 61 peker n책 til: process2
2025-05-02 21:40:27 INFO  ChordProtocols:173 - Beregner fingerID for finger 62: 210821560651360572680508046689842061076
id: 210821560651360572680508046689842061076
lower: 210821560651360572675896360671414673172
upper: 15618062003214643351512781541041391612
Result (wrap): true
2025-05-02 21:40:27 INFO  ChordProtocols:179 - Finger 62 peker n책 til: process2
2025-05-02 21:40:27 INFO  ChordProtocols:173 - Beregner fingerID for finger 63: 210821560651360572685119732708269448980
id: 210821560651360572685119732708269448980
lower: 210821560651360572675896360671414673172
upper: 15618062003214643351512781541041391612
Result (wrap): true
2025-05-02 21:40:27 INFO  ChordProtocols:179 - Finger 63 peker n책 til: process2
2025-05-02 21:40:27 INFO  ChordProtocols:173 - Beregner fingerID for finger 64: 210821560651360572694343104745124224788
id: 210821560651360572694343104745124224788
lower: 210821560651360572675896360671414673172
upper: 15618062003214643351512781541041391612
Result (wrap): true
2025-05-02 21:40:27 INFO  ChordProtocols:179 - Finger 64 peker n책 til: process2
2025-05-02 21:40:27 INFO  ChordProtocols:173 - Beregner fingerID for finger 65: 210821560651360572712789848818833776404
id: 210821560651360572712789848818833776404
lower: 210821560651360572675896360671414673172
upper: 15618062003214643351512781541041391612
Result (wrap): true
2025-05-02 21:40:27 INFO  ChordProtocols:179 - Finger 65 peker n책 til: process2
2025-05-02 21:40:27 INFO  ChordProtocols:173 - Beregner fingerID for finger 66: 210821560651360572749683336966252879636
id: 210821560651360572749683336966252879636
lower: 210821560651360572675896360671414673172
upper: 15618062003214643351512781541041391612
Result (wrap): true
2025-05-02 21:40:27 INFO  ChordProtocols:179 - Finger 66 peker n책 til: process2
2025-05-02 21:40:27 INFO  ChordProtocols:173 - Beregner fingerID for finger 67: 210821560651360572823470313261091086100
id: 210821560651360572823470313261091086100
lower: 210821560651360572675896360671414673172
upper: 15618062003214643351512781541041391612
Result (wrap): true
2025-05-02 21:40:27 INFO  ChordProtocols:179 - Finger 67 peker n책 til: process2
2025-05-02 21:40:27 INFO  ChordProtocols:173 - Beregner fingerID for finger 68: 210821560651360572971044265850767499028
id: 210821560651360572971044265850767499028
lower: 210821560651360572675896360671414673172
upper: 15618062003214643351512781541041391612
Result (wrap): true
2025-05-02 21:40:27 INFO  ChordProtocols:179 - Finger 68 peker n책 til: process2
2025-05-02 21:40:27 INFO  ChordProtocols:173 - Beregner fingerID for finger 69: 210821560651360573266192171030120324884
id: 210821560651360573266192171030120324884
lower: 210821560651360572675896360671414673172
upper: 15618062003214643351512781541041391612
Result (wrap): true
2025-05-02 21:40:27 INFO  ChordProtocols:179 - Finger 69 peker n책 til: process2
2025-05-02 21:40:27 INFO  ChordProtocols:173 - Beregner fingerID for finger 70: 210821560651360573856487981388825976596
id: 210821560651360573856487981388825976596
lower: 210821560651360572675896360671414673172
upper: 15618062003214643351512781541041391612
Result (wrap): true
2025-05-02 21:40:27 INFO  ChordProtocols:179 - Finger 70 peker n책 til: process2
2025-05-02 21:40:27 INFO  ChordProtocols:173 - Beregner fingerID for finger 71: 210821560651360575037079602106237280020
id: 210821560651360575037079602106237280020
lower: 210821560651360572675896360671414673172
upper: 15618062003214643351512781541041391612
Result (wrap): true
2025-05-02 21:40:27 INFO  ChordProtocols:179 - Finger 71 peker n책 til: process2
2025-05-02 21:40:27 INFO  ChordProtocols:173 - Beregner fingerID for finger 72: 210821560651360577398262843541059886868
id: 210821560651360577398262843541059886868
lower: 210821560651360572675896360671414673172
upper: 15618062003214643351512781541041391612
Result (wrap): true
2025-05-02 21:40:27 INFO  ChordProtocols:179 - Finger 72 peker n책 til: process2
2025-05-02 21:40:27 INFO  ChordProtocols:173 - Beregner fingerID for finger 73: 210821560651360582120629326410705100564
id: 210821560651360582120629326410705100564
lower: 210821560651360572675896360671414673172
upper: 15618062003214643351512781541041391612
Result (wrap): true
2025-05-02 21:40:27 INFO  ChordProtocols:179 - Finger 73 peker n책 til: process2
2025-05-02 21:40:27 INFO  ChordProtocols:173 - Beregner fingerID for finger 74: 210821560651360591565362292149995527956
id: 210821560651360591565362292149995527956
lower: 210821560651360572675896360671414673172
upper: 15618062003214643351512781541041391612
Result (wrap): true
2025-05-02 21:40:27 INFO  ChordProtocols:179 - Finger 74 peker n책 til: process2
2025-05-02 21:40:27 INFO  ChordProtocols:173 - Beregner fingerID for finger 75: 210821560651360610454828223628576382740
id: 210821560651360610454828223628576382740
lower: 210821560651360572675896360671414673172
upper: 15618062003214643351512781541041391612
Result (wrap): true
2025-05-02 21:40:27 INFO  ChordProtocols:179 - Finger 75 peker n책 til: process2
2025-05-02 21:40:27 INFO  ChordProtocols:173 - Beregner fingerID for finger 76: 210821560651360648233760086585738092308
id: 210821560651360648233760086585738092308
lower: 210821560651360572675896360671414673172
upper: 15618062003214643351512781541041391612
Result (wrap): true
2025-05-02 21:40:27 INFO  ChordProtocols:179 - Finger 76 peker n책 til: process2
2025-05-02 21:40:27 INFO  ChordProtocols:173 - Beregner fingerID for finger 77: 210821560651360723791623812500061511444
id: 210821560651360723791623812500061511444
lower: 210821560651360572675896360671414673172
upper: 15618062003214643351512781541041391612
Result (wrap): true
2025-05-02 21:40:27 INFO  ChordProtocols:179 - Finger 77 peker n책 til: process2
2025-05-02 21:40:27 INFO  ChordProtocols:173 - Beregner fingerID for finger 78: 210821560651360874907351264328708349716
id: 210821560651360874907351264328708349716
lower: 210821560651360572675896360671414673172
upper: 15618062003214643351512781541041391612
Result (wrap): true
2025-05-02 21:40:27 INFO  ChordProtocols:179 - Finger 78 peker n책 til: process2
2025-05-02 21:40:27 INFO  ChordProtocols:173 - Beregner fingerID for finger 79: 210821560651361177138806167986002026260
id: 210821560651361177138806167986002026260
lower: 210821560651360572675896360671414673172
upper: 15618062003214643351512781541041391612
Result (wrap): true
2025-05-02 21:40:27 INFO  ChordProtocols:179 - Finger 79 peker n책 til: process2
2025-05-02 21:40:27 INFO  ChordProtocols:173 - Beregner fingerID for finger 80: 210821560651361781601715975300589379348
id: 210821560651361781601715975300589379348
lower: 210821560651360572675896360671414673172
upper: 15618062003214643351512781541041391612
Result (wrap): true
2025-05-02 21:40:27 INFO  ChordProtocols:179 - Finger 80 peker n책 til: process2
2025-05-02 21:40:27 INFO  ChordProtocols:173 - Beregner fingerID for finger 81: 210821560651362990527535589929764085524
id: 210821560651362990527535589929764085524
lower: 210821560651360572675896360671414673172
upper: 15618062003214643351512781541041391612
Result (wrap): true
2025-05-02 21:40:27 INFO  ChordProtocols:179 - Finger 81 peker n책 til: process2
2025-05-02 21:40:27 INFO  ChordProtocols:173 - Beregner fingerID for finger 82: 210821560651365408379174819188113497876
id: 210821560651365408379174819188113497876
lower: 210821560651360572675896360671414673172
upper: 15618062003214643351512781541041391612
Result (wrap): true
2025-05-02 21:40:27 INFO  ChordProtocols:179 - Finger 82 peker n책 til: process2
2025-05-02 21:40:27 INFO  ChordProtocols:173 - Beregner fingerID for finger 83: 210821560651370244082453277704812322580
id: 210821560651370244082453277704812322580
lower: 210821560651360572675896360671414673172
upper: 15618062003214643351512781541041391612
Result (wrap): true
2025-05-02 21:40:27 INFO  ChordProtocols:179 - Finger 83 peker n책 til: process2
2025-05-02 21:40:27 INFO  ChordProtocols:173 - Beregner fingerID for finger 84: 210821560651379915489010194738209971988
id: 210821560651379915489010194738209971988
lower: 210821560651360572675896360671414673172
upper: 15618062003214643351512781541041391612
Result (wrap): true
2025-05-02 21:40:27 INFO  ChordProtocols:179 - Finger 84 peker n책 til: process2
2025-05-02 21:40:27 INFO  ChordProtocols:173 - Beregner fingerID for finger 85: 210821560651399258302124028805005270804
id: 210821560651399258302124028805005270804
lower: 210821560651360572675896360671414673172
upper: 15618062003214643351512781541041391612
Result (wrap): true
2025-05-02 21:40:27 INFO  ChordProtocols:179 - Finger 85 peker n책 til: process2
2025-05-02 21:40:27 INFO  ChordProtocols:173 - Beregner fingerID for finger 86: 210821560651437943928351696938595868436
id: 210821560651437943928351696938595868436
lower: 210821560651360572675896360671414673172
upper: 15618062003214643351512781541041391612
Result (wrap): true
2025-05-02 21:40:27 INFO  ChordProtocols:179 - Finger 86 peker n책 til: process2
2025-05-02 21:40:27 INFO  ChordProtocols:173 - Beregner fingerID for finger 87: 210821560651515315180807033205777063700
id: 210821560651515315180807033205777063700
lower: 210821560651360572675896360671414673172
upper: 15618062003214643351512781541041391612
Result (wrap): true
2025-05-02 21:40:27 INFO  ChordProtocols:179 - Finger 87 peker n책 til: process2
2025-05-02 21:40:27 INFO  ChordProtocols:173 - Beregner fingerID for finger 88: 210821560651670057685717705740139454228
id: 210821560651670057685717705740139454228
lower: 210821560651360572675896360671414673172
upper: 15618062003214643351512781541041391612
Result (wrap): true
2025-05-02 21:40:27 INFO  ChordProtocols:179 - Finger 88 peker n책 til: process2
2025-05-02 21:40:27 INFO  ChordProtocols:173 - Beregner fingerID for finger 89: 210821560651979542695539050808864235284
id: 210821560651979542695539050808864235284
lower: 210821560651360572675896360671414673172
upper: 15618062003214643351512781541041391612
Result (wrap): true
2025-05-02 21:40:27 INFO  ChordProtocols:179 - Finger 89 peker n책 til: process2
2025-05-02 21:40:27 INFO  ChordProtocols:173 - Beregner fingerID for finger 90: 210821560652598512715181740946313797396
id: 210821560652598512715181740946313797396
lower: 210821560651360572675896360671414673172
upper: 15618062003214643351512781541041391612
Result (wrap): true
2025-05-02 21:40:27 INFO  ChordProtocols:179 - Finger 90 peker n책 til: process2
2025-05-02 21:40:27 INFO  ChordProtocols:173 - Beregner fingerID for finger 91: 210821560653836452754467121221212921620
id: 210821560653836452754467121221212921620
lower: 210821560651360572675896360671414673172
upper: 15618062003214643351512781541041391612
Result (wrap): true
2025-05-02 21:40:27 INFO  ChordProtocols:179 - Finger 91 peker n책 til: process2
2025-05-02 21:40:27 INFO  ChordProtocols:173 - Beregner fingerID for finger 92: 210821560656312332833037881771011170068
id: 210821560656312332833037881771011170068
lower: 210821560651360572675896360671414673172
upper: 15618062003214643351512781541041391612
Result (wrap): true
2025-05-02 21:40:27 INFO  ChordProtocols:179 - Finger 92 peker n책 til: process2
2025-05-02 21:40:27 INFO  ChordProtocols:173 - Beregner fingerID for finger 93: 210821560661264092990179402870607666964
id: 210821560661264092990179402870607666964
lower: 210821560651360572675896360671414673172
upper: 15618062003214643351512781541041391612
Result (wrap): true
2025-05-02 21:40:27 INFO  ChordProtocols:179 - Finger 93 peker n책 til: process2
2025-05-02 21:40:27 INFO  ChordProtocols:173 - Beregner fingerID for finger 94: 210821560671167613304462445069800660756
id: 210821560671167613304462445069800660756
lower: 210821560651360572675896360671414673172
upper: 15618062003214643351512781541041391612
Result (wrap): true
2025-05-02 21:40:27 INFO  ChordProtocols:179 - Finger 94 peker n책 til: process2
2025-05-02 21:40:27 INFO  ChordProtocols:173 - Beregner fingerID for finger 95: 210821560690974653933028529468186648340
id: 210821560690974653933028529468186648340
lower: 210821560651360572675896360671414673172
upper: 15618062003214643351512781541041391612
Result (wrap): true
2025-05-02 21:40:27 INFO  ChordProtocols:179 - Finger 95 peker n책 til: process2
2025-05-02 21:40:27 INFO  ChordProtocols:173 - Beregner fingerID for finger 96: 210821560730588735190160698264958623508
id: 210821560730588735190160698264958623508
lower: 210821560651360572675896360671414673172
upper: 15618062003214643351512781541041391612
Result (wrap): true
2025-05-02 21:40:27 INFO  ChordProtocols:179 - Finger 96 peker n책 til: process2
2025-05-02 21:40:27 INFO  ChordProtocols:173 - Beregner fingerID for finger 97: 210821560809816897704425035858502573844
id: 210821560809816897704425035858502573844
lower: 210821560651360572675896360671414673172
upper: 15618062003214643351512781541041391612
Result (wrap): true
2025-05-02 21:40:27 INFO  ChordProtocols:179 - Finger 97 peker n책 til: process2
2025-05-02 21:40:27 INFO  ChordProtocols:173 - Beregner fingerID for finger 98: 210821560968273222732953711045590474516
id: 210821560968273222732953711045590474516
lower: 210821560651360572675896360671414673172
upper: 15618062003214643351512781541041391612
Result (wrap): true
2025-05-02 21:40:27 INFO  ChordProtocols:179 - Finger 98 peker n책 til: process2
2025-05-02 21:40:27 INFO  ChordProtocols:173 - Beregner fingerID for finger 99: 210821561285185872790011061419766275860
id: 210821561285185872790011061419766275860
lower: 210821560651360572675896360671414673172
upper: 15618062003214643351512781541041391612
Result (wrap): true
2025-05-02 21:40:27 INFO  ChordProtocols:179 - Finger 99 peker n책 til: process2
2025-05-02 21:40:27 INFO  ChordProtocols:173 - Beregner fingerID for finger 100: 210821561919011172904125762168117878548
id: 210821561919011172904125762168117878548
lower: 210821560651360572675896360671414673172
upper: 15618062003214643351512781541041391612
Result (wrap): true
2025-05-02 21:40:27 INFO  ChordProtocols:179 - Finger 100 peker n책 til: process2
2025-05-02 21:40:27 INFO  ChordProtocols:173 - Beregner fingerID for finger 101: 210821563186661773132355163664821083924
id: 210821563186661773132355163664821083924
lower: 210821560651360572675896360671414673172
upper: 15618062003214643351512781541041391612
Result (wrap): true
2025-05-02 21:40:27 INFO  ChordProtocols:179 - Finger 101 peker n책 til: process2
2025-05-02 21:40:27 INFO  ChordProtocols:173 - Beregner fingerID for finger 102: 210821565721962973588813966658227494676
id: 210821565721962973588813966658227494676
lower: 210821560651360572675896360671414673172
upper: 15618062003214643351512781541041391612
Result (wrap): true
2025-05-02 21:40:27 INFO  ChordProtocols:179 - Finger 102 peker n책 til: process2
2025-05-02 21:40:27 INFO  ChordProtocols:173 - Beregner fingerID for finger 103: 210821570792565374501731572645040316180
id: 210821570792565374501731572645040316180
lower: 210821560651360572675896360671414673172
upper: 15618062003214643351512781541041391612
Result (wrap): true
2025-05-02 21:40:27 INFO  ChordProtocols:179 - Finger 103 peker n책 til: process2
2025-05-02 21:40:27 INFO  ChordProtocols:173 - Beregner fingerID for finger 104: 210821580933770176327566784618665959188
id: 210821580933770176327566784618665959188
lower: 210821560651360572675896360671414673172
upper: 15618062003214643351512781541041391612
Result (wrap): true
2025-05-02 21:40:27 INFO  ChordProtocols:179 - Finger 104 peker n책 til: process2
2025-05-02 21:40:27 INFO  ChordProtocols:173 - Beregner fingerID for finger 105: 210821601216179779979237208565917245204
id: 210821601216179779979237208565917245204
lower: 210821560651360572675896360671414673172
upper: 15618062003214643351512781541041391612
Result (wrap): true
2025-05-02 21:40:27 INFO  ChordProtocols:179 - Finger 105 peker n책 til: process2
2025-05-02 21:40:27 INFO  ChordProtocols:173 - Beregner fingerID for finger 106: 210821641780998987282578056460419817236
id: 210821641780998987282578056460419817236
lower: 210821560651360572675896360671414673172
upper: 15618062003214643351512781541041391612
Result (wrap): true
2025-05-02 21:40:27 INFO  ChordProtocols:179 - Finger 106 peker n책 til: process2
2025-05-02 21:40:27 INFO  ChordProtocols:173 - Beregner fingerID for finger 107: 210821722910637401889259752249424961300
id: 210821722910637401889259752249424961300
lower: 210821560651360572675896360671414673172
upper: 15618062003214643351512781541041391612
Result (wrap): true
2025-05-02 21:40:27 INFO  ChordProtocols:179 - Finger 107 peker n책 til: process2
2025-05-02 21:40:27 INFO  ChordProtocols:173 - Beregner fingerID for finger 108: 210821885169914231102623143827435249428
id: 210821885169914231102623143827435249428
lower: 210821560651360572675896360671414673172
upper: 15618062003214643351512781541041391612
Result (wrap): true
2025-05-02 21:40:27 INFO  ChordProtocols:179 - Finger 108 peker n책 til: process2
2025-05-02 21:40:27 INFO  ChordProtocols:173 - Beregner fingerID for finger 109: 210822209688467889529349926983455825684
id: 210822209688467889529349926983455825684
lower: 210821560651360572675896360671414673172
upper: 15618062003214643351512781541041391612
Result (wrap): true
2025-05-02 21:40:27 INFO  ChordProtocols:179 - Finger 109 peker n책 til: process2
2025-05-02 21:40:27 INFO  ChordProtocols:173 - Beregner fingerID for finger 110: 210822858725575206382803493295496978196
id: 210822858725575206382803493295496978196
lower: 210821560651360572675896360671414673172
upper: 15618062003214643351512781541041391612
Result (wrap): true
2025-05-02 21:40:27 INFO  ChordProtocols:179 - Finger 110 peker n책 til: process2
2025-05-02 21:40:27 INFO  ChordProtocols:173 - Beregner fingerID for finger 111: 210824156799789840089710625919579283220
id: 210824156799789840089710625919579283220
lower: 210821560651360572675896360671414673172
upper: 15618062003214643351512781541041391612
Result (wrap): true
2025-05-02 21:40:27 INFO  ChordProtocols:179 - Finger 111 peker n책 til: process2
2025-05-02 21:40:27 INFO  ChordProtocols:173 - Beregner fingerID for finger 112: 210826752948219107503524891167743893268
id: 210826752948219107503524891167743893268
lower: 210821560651360572675896360671414673172
upper: 15618062003214643351512781541041391612
Result (wrap): true
2025-05-02 21:40:27 INFO  ChordProtocols:179 - Finger 112 peker n책 til: process2
2025-05-02 21:40:27 INFO  ChordProtocols:173 - Beregner fingerID for finger 113: 210831945245077642331153421664073113364
id: 210831945245077642331153421664073113364
lower: 210821560651360572675896360671414673172
upper: 15618062003214643351512781541041391612
Result (wrap): true
2025-05-02 21:40:27 INFO  ChordProtocols:179 - Finger 113 peker n책 til: process2
2025-05-02 21:40:27 INFO  ChordProtocols:173 - Beregner fingerID for finger 114: 210842329838794711986410482656731553556
id: 210842329838794711986410482656731553556
lower: 210821560651360572675896360671414673172
upper: 15618062003214643351512781541041391612
Result (wrap): true
2025-05-02 21:40:27 INFO  ChordProtocols:179 - Finger 114 peker n책 til: process2
2025-05-02 21:40:27 INFO  ChordProtocols:173 - Beregner fingerID for finger 115: 210863099026228851296924604642048433940
id: 210863099026228851296924604642048433940
lower: 210821560651360572675896360671414673172
upper: 15618062003214643351512781541041391612
Result (wrap): true
2025-05-02 21:40:27 INFO  ChordProtocols:179 - Finger 115 peker n책 til: process2
2025-05-02 21:40:27 INFO  ChordProtocols:173 - Beregner fingerID for finger 116: 210904637401097129917952848612682194708
id: 210904637401097129917952848612682194708
lower: 210821560651360572675896360671414673172
upper: 15618062003214643351512781541041391612
Result (wrap): true
2025-05-02 21:40:27 INFO  ChordProtocols:179 - Finger 116 peker n책 til: process2
2025-05-02 21:40:27 INFO  ChordProtocols:173 - Beregner fingerID for finger 117: 210987714150833687160009336553949716244
id: 210987714150833687160009336553949716244
lower: 210821560651360572675896360671414673172
upper: 15618062003214643351512781541041391612
Result (wrap): true
2025-05-02 21:40:27 INFO  ChordProtocols:179 - Finger 117 peker n책 til: process2
2025-05-02 21:40:27 INFO  ChordProtocols:173 - Beregner fingerID for finger 118: 211153867650306801644122312436484759316
id: 211153867650306801644122312436484759316
lower: 210821560651360572675896360671414673172
upper: 15618062003214643351512781541041391612
Result (wrap): true
2025-05-02 21:40:27 INFO  ChordProtocols:179 - Finger 118 peker n책 til: process2
2025-05-02 21:40:27 INFO  ChordProtocols:173 - Beregner fingerID for finger 119: 211486174649253030612348264201554845460
id: 211486174649253030612348264201554845460
lower: 210821560651360572675896360671414673172
upper: 15618062003214643351512781541041391612
Result (wrap): true
2025-05-02 21:40:27 INFO  ChordProtocols:179 - Finger 119 peker n책 til: process2
2025-05-02 21:40:27 INFO  ChordProtocols:173 - Beregner fingerID for finger 120: 212150788647145488548800167731695017748
id: 212150788647145488548800167731695017748
lower: 210821560651360572675896360671414673172
upper: 15618062003214643351512781541041391612
Result (wrap): true
2025-05-02 21:40:27 INFO  ChordProtocols:179 - Finger 120 peker n책 til: process2
2025-05-02 21:40:27 INFO  ChordProtocols:173 - Beregner fingerID for finger 121: 213480016642930404421703974791975362324
id: 213480016642930404421703974791975362324
lower: 210821560651360572675896360671414673172
upper: 15618062003214643351512781541041391612
Result (wrap): true
2025-05-02 21:40:27 INFO  ChordProtocols:179 - Finger 121 peker n책 til: process2
2025-05-02 21:40:27 INFO  ChordProtocols:173 - Beregner fingerID for finger 122: 216138472634500236167511588912536051476
id: 216138472634500236167511588912536051476
lower: 210821560651360572675896360671414673172
upper: 15618062003214643351512781541041391612
Result (wrap): true
2025-05-02 21:40:27 INFO  ChordProtocols:179 - Finger 122 peker n책 til: process2
2025-05-02 21:40:27 INFO  ChordProtocols:173 - Beregner fingerID for finger 123: 221455384617639899659126817153657429780
id: 221455384617639899659126817153657429780
lower: 210821560651360572675896360671414673172
upper: 15618062003214643351512781541041391612
Result (wrap): true
2025-05-02 21:40:27 INFO  ChordProtocols:179 - Finger 123 peker n책 til: process2
2025-05-02 21:40:27 INFO  ChordProtocols:173 - Beregner fingerID for finger 124: 232089208583919226642357273635900186388
id: 232089208583919226642357273635900186388
lower: 210821560651360572675896360671414673172
upper: 15618062003214643351512781541041391612
Result (wrap): true
2025-05-02 21:40:27 INFO  ChordProtocols:179 - Finger 124 peker n책 til: process2
2025-05-02 21:40:27 INFO  ChordProtocols:173 - Beregner fingerID for finger 125: 253356856516477880608818186600385699604
id: 253356856516477880608818186600385699604
lower: 210821560651360572675896360671414673172
upper: 15618062003214643351512781541041391612
Result (wrap): true
2025-05-02 21:40:27 INFO  ChordProtocols:179 - Finger 125 peker n책 til: process2
2025-05-02 21:40:27 INFO  ChordProtocols:173 - Beregner fingerID for finger 126: 295892152381595188541740012529356726036
id: 295892152381595188541740012529356726036
lower: 210821560651360572675896360671414673172
upper: 15618062003214643351512781541041391612
Result (wrap): true
2025-05-02 21:40:27 INFO  ChordProtocols:179 - Finger 126 peker n책 til: process2
2025-05-02 21:40:27 INFO  ChordProtocols:173 - Beregner fingerID for finger 127: 40680377190891340944209056955530567444
id: 40680377190891340944209056955530567444
lower: 210821560651360572675896360671414673172
upper: 15618062003214643351512781541041391612
Result (wrap): false
id: 15618062003214643351512781541041391612
lower: 210821560651360572675896360671414673172
upper: 40680377190891340944209056955530567444
Result (wrap): true
id: 40680377190891340944209056955530567444
lower: 15618062003214643351512781541041391612
upper: 53937554629190552131995290006614509577
Result (no wrap): true
2025-05-02 21:40:27 INFO  ChordProtocols:179 - Finger 127 peker n책 til: process1
2025-05-02 21:40:27 INFO  StabilizationProtocols:60 - Checking the predecessor for Node: process4
==================================
Node Identifier = 210821560651360572675896360671414673172
Node IP address = process4
successor(process4) = process2
predecessor(process4) = process5
Current File keys for process4 => []
==================================
2025-05-02 21:40:27 INFO  StabilizationProtocols:130 - Updating the successor for Node: process5
id: 121411138451101288395601026024677976157
lower: 121411138451101288395601026024677976156
upper: 210821560651360572675896360671414673172
Result (no wrap): true
2025-05-02 21:40:27 INFO  StabilizationProtocols:84 - Stabilizing ring from process5...
2025-05-02 21:40:27 INFO  StabilizationProtocols:91 - Stabilize ring: succnode = process4
id: 121411138451101288395601026024677976156
lower: 121411138451101288395601026024677976157
upper: 210821560651360572675896360671414673173
Result (no wrap): false
2025-05-02 21:40:27 INFO  StabilizationProtocols:113 - Finished stabilizing chordring from process5
2025-05-02 21:40:27 INFO  ChordProtocols:159 - Oppdaterer FingerTable for Node: process5
2025-05-02 21:40:27 INFO  ChordProtocols:173 - Beregner fingerID for finger 0: 121411138451101288395601026024677976157
id: 121411138451101288395601026024677976157
lower: 121411138451101288395601026024677976156
upper: 210821560651360572675896360671414673172
Result (no wrap): true
2025-05-02 21:40:27 INFO  ChordProtocols:179 - Finger 0 peker n책 til: process4
2025-05-02 21:40:27 INFO  ChordProtocols:173 - Beregner fingerID for finger 1: 121411138451101288395601026024677976158
id: 121411138451101288395601026024677976158
lower: 121411138451101288395601026024677976156
upper: 210821560651360572675896360671414673172
Result (no wrap): true
2025-05-02 21:40:27 INFO  ChordProtocols:179 - Finger 1 peker n책 til: process4
2025-05-02 21:40:27 INFO  ChordProtocols:173 - Beregner fingerID for finger 2: 121411138451101288395601026024677976160
id: 121411138451101288395601026024677976160
lower: 121411138451101288395601026024677976156
upper: 210821560651360572675896360671414673172
Result (no wrap): true
2025-05-02 21:40:27 INFO  ChordProtocols:179 - Finger 2 peker n책 til: process4
2025-05-02 21:40:27 INFO  ChordProtocols:173 - Beregner fingerID for finger 3: 121411138451101288395601026024677976164
id: 121411138451101288395601026024677976164
lower: 121411138451101288395601026024677976156
upper: 210821560651360572675896360671414673172
Result (no wrap): true
2025-05-02 21:40:27 INFO  ChordProtocols:179 - Finger 3 peker n책 til: process4
2025-05-02 21:40:27 INFO  ChordProtocols:173 - Beregner fingerID for finger 4: 121411138451101288395601026024677976172
id: 121411138451101288395601026024677976172
lower: 121411138451101288395601026024677976156
upper: 210821560651360572675896360671414673172
Result (no wrap): true
2025-05-02 21:40:27 INFO  ChordProtocols:179 - Finger 4 peker n책 til: process4
2025-05-02 21:40:27 INFO  ChordProtocols:173 - Beregner fingerID for finger 5: 121411138451101288395601026024677976188
id: 121411138451101288395601026024677976188
lower: 121411138451101288395601026024677976156
upper: 210821560651360572675896360671414673172
Result (no wrap): true
2025-05-02 21:40:27 INFO  ChordProtocols:179 - Finger 5 peker n책 til: process4
2025-05-02 21:40:27 INFO  ChordProtocols:173 - Beregner fingerID for finger 6: 121411138451101288395601026024677976220
id: 121411138451101288395601026024677976220
lower: 121411138451101288395601026024677976156
upper: 210821560651360572675896360671414673172
Result (no wrap): true
2025-05-02 21:40:27 INFO  ChordProtocols:179 - Finger 6 peker n책 til: process4
2025-05-02 21:40:27 INFO  ChordProtocols:173 - Beregner fingerID for finger 7: 121411138451101288395601026024677976284
id: 121411138451101288395601026024677976284
lower: 121411138451101288395601026024677976156
upper: 210821560651360572675896360671414673172
Result (no wrap): true
2025-05-02 21:40:27 INFO  ChordProtocols:179 - Finger 7 peker n책 til: process4
2025-05-02 21:40:27 INFO  ChordProtocols:173 - Beregner fingerID for finger 8: 121411138451101288395601026024677976412
id: 121411138451101288395601026024677976412
lower: 121411138451101288395601026024677976156
upper: 210821560651360572675896360671414673172
Result (no wrap): true
2025-05-02 21:40:27 INFO  ChordProtocols:179 - Finger 8 peker n책 til: process4
2025-05-02 21:40:27 INFO  ChordProtocols:173 - Beregner fingerID for finger 9: 121411138451101288395601026024677976668
id: 121411138451101288395601026024677976668
lower: 121411138451101288395601026024677976156
upper: 210821560651360572675896360671414673172
Result (no wrap): true
2025-05-02 21:40:27 INFO  ChordProtocols:179 - Finger 9 peker n책 til: process4
2025-05-02 21:40:27 INFO  ChordProtocols:173 - Beregner fingerID for finger 10: 121411138451101288395601026024677977180
id: 121411138451101288395601026024677977180
lower: 121411138451101288395601026024677976156
upper: 210821560651360572675896360671414673172
Result (no wrap): true
2025-05-02 21:40:27 INFO  ChordProtocols:179 - Finger 10 peker n책 til: process4
2025-05-02 21:40:27 INFO  ChordProtocols:173 - Beregner fingerID for finger 11: 121411138451101288395601026024677978204
id: 121411138451101288395601026024677978204
lower: 121411138451101288395601026024677976156
upper: 210821560651360572675896360671414673172
Result (no wrap): true
2025-05-02 21:40:27 INFO  ChordProtocols:179 - Finger 11 peker n책 til: process4
2025-05-02 21:40:27 INFO  ChordProtocols:173 - Beregner fingerID for finger 12: 121411138451101288395601026024677980252
id: 121411138451101288395601026024677980252
lower: 121411138451101288395601026024677976156
upper: 210821560651360572675896360671414673172
Result (no wrap): true
2025-05-02 21:40:27 INFO  ChordProtocols:179 - Finger 12 peker n책 til: process4
2025-05-02 21:40:27 INFO  ChordProtocols:173 - Beregner fingerID for finger 13: 121411138451101288395601026024677984348
id: 121411138451101288395601026024677984348
lower: 121411138451101288395601026024677976156
upper: 210821560651360572675896360671414673172
Result (no wrap): true
2025-05-02 21:40:27 INFO  ChordProtocols:179 - Finger 13 peker n책 til: process4
2025-05-02 21:40:27 INFO  ChordProtocols:173 - Beregner fingerID for finger 14: 121411138451101288395601026024677992540
id: 121411138451101288395601026024677992540
lower: 121411138451101288395601026024677976156
upper: 210821560651360572675896360671414673172
Result (no wrap): true
2025-05-02 21:40:27 INFO  ChordProtocols:179 - Finger 14 peker n책 til: process4
2025-05-02 21:40:27 INFO  ChordProtocols:173 - Beregner fingerID for finger 15: 121411138451101288395601026024678008924
id: 121411138451101288395601026024678008924
lower: 121411138451101288395601026024677976156
upper: 210821560651360572675896360671414673172
Result (no wrap): true
2025-05-02 21:40:27 INFO  ChordProtocols:179 - Finger 15 peker n책 til: process4
2025-05-02 21:40:27 INFO  ChordProtocols:173 - Beregner fingerID for finger 16: 121411138451101288395601026024678041692
id: 121411138451101288395601026024678041692
lower: 121411138451101288395601026024677976156
upper: 210821560651360572675896360671414673172
Result (no wrap): true
2025-05-02 21:40:27 INFO  ChordProtocols:179 - Finger 16 peker n책 til: process4
2025-05-02 21:40:27 INFO  ChordProtocols:173 - Beregner fingerID for finger 17: 121411138451101288395601026024678107228
id: 121411138451101288395601026024678107228
lower: 121411138451101288395601026024677976156
upper: 210821560651360572675896360671414673172
Result (no wrap): true
2025-05-02 21:40:27 INFO  ChordProtocols:179 - Finger 17 peker n책 til: process4
2025-05-02 21:40:27 INFO  ChordProtocols:173 - Beregner fingerID for finger 18: 121411138451101288395601026024678238300
id: 121411138451101288395601026024678238300
lower: 121411138451101288395601026024677976156
upper: 210821560651360572675896360671414673172
Result (no wrap): true
2025-05-02 21:40:27 INFO  ChordProtocols:179 - Finger 18 peker n책 til: process4
2025-05-02 21:40:27 INFO  ChordProtocols:173 - Beregner fingerID for finger 19: 121411138451101288395601026024678500444
id: 121411138451101288395601026024678500444
lower: 121411138451101288395601026024677976156
upper: 210821560651360572675896360671414673172
Result (no wrap): true
2025-05-02 21:40:27 INFO  ChordProtocols:179 - Finger 19 peker n책 til: process4
2025-05-02 21:40:27 INFO  ChordProtocols:173 - Beregner fingerID for finger 20: 121411138451101288395601026024679024732
id: 121411138451101288395601026024679024732
lower: 121411138451101288395601026024677976156
upper: 210821560651360572675896360671414673172
Result (no wrap): true
2025-05-02 21:40:27 INFO  ChordProtocols:179 - Finger 20 peker n책 til: process4
2025-05-02 21:40:27 INFO  ChordProtocols:173 - Beregner fingerID for finger 21: 121411138451101288395601026024680073308
id: 121411138451101288395601026024680073308
lower: 121411138451101288395601026024677976156
upper: 210821560651360572675896360671414673172
Result (no wrap): true
2025-05-02 21:40:27 INFO  ChordProtocols:179 - Finger 21 peker n책 til: process4
2025-05-02 21:40:27 INFO  ChordProtocols:173 - Beregner fingerID for finger 22: 121411138451101288395601026024682170460
id: 121411138451101288395601026024682170460
lower: 121411138451101288395601026024677976156
upper: 210821560651360572675896360671414673172
Result (no wrap): true
2025-05-02 21:40:27 INFO  ChordProtocols:179 - Finger 22 peker n책 til: process4
2025-05-02 21:40:27 INFO  ChordProtocols:173 - Beregner fingerID for finger 23: 121411138451101288395601026024686364764
id: 121411138451101288395601026024686364764
lower: 121411138451101288395601026024677976156
upper: 210821560651360572675896360671414673172
Result (no wrap): true
2025-05-02 21:40:27 INFO  ChordProtocols:179 - Finger 23 peker n책 til: process4
2025-05-02 21:40:27 INFO  ChordProtocols:173 - Beregner fingerID for finger 24: 121411138451101288395601026024694753372
id: 121411138451101288395601026024694753372
lower: 121411138451101288395601026024677976156
upper: 210821560651360572675896360671414673172
Result (no wrap): true
2025-05-02 21:40:27 INFO  ChordProtocols:179 - Finger 24 peker n책 til: process4
2025-05-02 21:40:27 INFO  ChordProtocols:173 - Beregner fingerID for finger 25: 121411138451101288395601026024711530588
id: 121411138451101288395601026024711530588
lower: 121411138451101288395601026024677976156
upper: 210821560651360572675896360671414673172
Result (no wrap): true
2025-05-02 21:40:27 INFO  ChordProtocols:179 - Finger 25 peker n책 til: process4
2025-05-02 21:40:27 INFO  ChordProtocols:173 - Beregner fingerID for finger 26: 121411138451101288395601026024745085020
id: 121411138451101288395601026024745085020
lower: 121411138451101288395601026024677976156
upper: 210821560651360572675896360671414673172
Result (no wrap): true
2025-05-02 21:40:27 INFO  ChordProtocols:179 - Finger 26 peker n책 til: process4
2025-05-02 21:40:27 INFO  ChordProtocols:173 - Beregner fingerID for finger 27: 121411138451101288395601026024812193884
id: 121411138451101288395601026024812193884
lower: 121411138451101288395601026024677976156
upper: 210821560651360572675896360671414673172
Result (no wrap): true
2025-05-02 21:40:27 INFO  ChordProtocols:179 - Finger 27 peker n책 til: process4
2025-05-02 21:40:27 INFO  ChordProtocols:173 - Beregner fingerID for finger 28: 121411138451101288395601026024946411612
id: 121411138451101288395601026024946411612
lower: 121411138451101288395601026024677976156
upper: 210821560651360572675896360671414673172
Result (no wrap): true
2025-05-02 21:40:27 INFO  ChordProtocols:179 - Finger 28 peker n책 til: process4
2025-05-02 21:40:27 INFO  ChordProtocols:173 - Beregner fingerID for finger 29: 121411138451101288395601026025214847068
id: 121411138451101288395601026025214847068
lower: 121411138451101288395601026024677976156
upper: 210821560651360572675896360671414673172
Result (no wrap): true
2025-05-02 21:40:27 INFO  ChordProtocols:179 - Finger 29 peker n책 til: process4
2025-05-02 21:40:27 INFO  ChordProtocols:173 - Beregner fingerID for finger 30: 121411138451101288395601026025751717980
id: 121411138451101288395601026025751717980
lower: 121411138451101288395601026024677976156
upper: 210821560651360572675896360671414673172
Result (no wrap): true
2025-05-02 21:40:27 INFO  ChordProtocols:179 - Finger 30 peker n책 til: process4
2025-05-02 21:40:27 INFO  ChordProtocols:173 - Beregner fingerID for finger 31: 121411138451101288395601026026825459804
id: 121411138451101288395601026026825459804
lower: 121411138451101288395601026024677976156
upper: 210821560651360572675896360671414673172
Result (no wrap): true
2025-05-02 21:40:27 INFO  ChordProtocols:179 - Finger 31 peker n책 til: process4
2025-05-02 21:40:27 INFO  ChordProtocols:173 - Beregner fingerID for finger 32: 121411138451101288395601026028972943452
id: 121411138451101288395601026028972943452
lower: 121411138451101288395601026024677976156
upper: 210821560651360572675896360671414673172
Result (no wrap): true
2025-05-02 21:40:27 INFO  ChordProtocols:179 - Finger 32 peker n책 til: process4
2025-05-02 21:40:27 INFO  ChordProtocols:173 - Beregner fingerID for finger 33: 121411138451101288395601026033267910748
id: 121411138451101288395601026033267910748
lower: 121411138451101288395601026024677976156
upper: 210821560651360572675896360671414673172
Result (no wrap): true
2025-05-02 21:40:27 INFO  ChordProtocols:179 - Finger 33 peker n책 til: process4
2025-05-02 21:40:27 INFO  ChordProtocols:173 - Beregner fingerID for finger 34: 121411138451101288395601026041857845340
id: 121411138451101288395601026041857845340
lower: 121411138451101288395601026024677976156
upper: 210821560651360572675896360671414673172
Result (no wrap): true
2025-05-02 21:40:27 INFO  ChordProtocols:179 - Finger 34 peker n책 til: process4
2025-05-02 21:40:27 INFO  ChordProtocols:173 - Beregner fingerID for finger 35: 121411138451101288395601026059037714524
id: 121411138451101288395601026059037714524
lower: 121411138451101288395601026024677976156
upper: 210821560651360572675896360671414673172
Result (no wrap): true
2025-05-02 21:40:27 INFO  ChordProtocols:179 - Finger 35 peker n책 til: process4
2025-05-02 21:40:27 INFO  ChordProtocols:173 - Beregner fingerID for finger 36: 121411138451101288395601026093397452892
id: 121411138451101288395601026093397452892
lower: 121411138451101288395601026024677976156
upper: 210821560651360572675896360671414673172
Result (no wrap): true
2025-05-02 21:40:27 INFO  ChordProtocols:179 - Finger 36 peker n책 til: process4
2025-05-02 21:40:27 INFO  ChordProtocols:173 - Beregner fingerID for finger 37: 121411138451101288395601026162116929628
id: 121411138451101288395601026162116929628
lower: 121411138451101288395601026024677976156
upper: 210821560651360572675896360671414673172
Result (no wrap): true
2025-05-02 21:40:27 INFO  ChordProtocols:179 - Finger 37 peker n책 til: process4
2025-05-02 21:40:27 INFO  ChordProtocols:173 - Beregner fingerID for finger 38: 121411138451101288395601026299555883100
id: 121411138451101288395601026299555883100
lower: 121411138451101288395601026024677976156
upper: 210821560651360572675896360671414673172
Result (no wrap): true
2025-05-02 21:40:27 INFO  ChordProtocols:179 - Finger 38 peker n책 til: process4
2025-05-02 21:40:27 INFO  ChordProtocols:173 - Beregner fingerID for finger 39: 121411138451101288395601026574433790044
id: 121411138451101288395601026574433790044
lower: 121411138451101288395601026024677976156
upper: 210821560651360572675896360671414673172
Result (no wrap): true
2025-05-02 21:40:27 INFO  ChordProtocols:179 - Finger 39 peker n책 til: process4
2025-05-02 21:40:27 INFO  ChordProtocols:173 - Beregner fingerID for finger 40: 121411138451101288395601027124189603932
id: 121411138451101288395601027124189603932
lower: 121411138451101288395601026024677976156
upper: 210821560651360572675896360671414673172
Result (no wrap): true
2025-05-02 21:40:27 INFO  ChordProtocols:179 - Finger 40 peker n책 til: process4
2025-05-02 21:40:27 INFO  ChordProtocols:173 - Beregner fingerID for finger 41: 121411138451101288395601028223701231708
id: 121411138451101288395601028223701231708
lower: 121411138451101288395601026024677976156
upper: 210821560651360572675896360671414673172
Result (no wrap): true
2025-05-02 21:40:27 INFO  ChordProtocols:179 - Finger 41 peker n책 til: process4
2025-05-02 21:40:27 INFO  ChordProtocols:173 - Beregner fingerID for finger 42: 121411138451101288395601030422724487260
id: 121411138451101288395601030422724487260
lower: 121411138451101288395601026024677976156
upper: 210821560651360572675896360671414673172
Result (no wrap): true
2025-05-02 21:40:27 INFO  ChordProtocols:179 - Finger 42 peker n책 til: process4
2025-05-02 21:40:27 INFO  ChordProtocols:173 - Beregner fingerID for finger 43: 121411138451101288395601034820770998364
id: 121411138451101288395601034820770998364
lower: 121411138451101288395601026024677976156
upper: 210821560651360572675896360671414673172
Result (no wrap): true
2025-05-02 21:40:27 INFO  ChordProtocols:179 - Finger 43 peker n책 til: process4
2025-05-02 21:40:27 INFO  ChordProtocols:173 - Beregner fingerID for finger 44: 121411138451101288395601043616864020572
id: 121411138451101288395601043616864020572
lower: 121411138451101288395601026024677976156
upper: 210821560651360572675896360671414673172
Result (no wrap): true
2025-05-02 21:40:27 INFO  ChordProtocols:179 - Finger 44 peker n책 til: process4
2025-05-02 21:40:27 INFO  ChordProtocols:173 - Beregner fingerID for finger 45: 121411138451101288395601061209050064988
id: 121411138451101288395601061209050064988
lower: 121411138451101288395601026024677976156
upper: 210821560651360572675896360671414673172
Result (no wrap): true
2025-05-02 21:40:27 INFO  ChordProtocols:179 - Finger 45 peker n책 til: process4
2025-05-02 21:40:27 INFO  ChordProtocols:173 - Beregner fingerID for finger 46: 121411138451101288395601096393422153820
id: 121411138451101288395601096393422153820
lower: 121411138451101288395601026024677976156
upper: 210821560651360572675896360671414673172
Result (no wrap): true
2025-05-02 21:40:27 INFO  ChordProtocols:179 - Finger 46 peker n책 til: process4
2025-05-02 21:40:27 INFO  ChordProtocols:173 - Beregner fingerID for finger 47: 121411138451101288395601166762166331484
id: 121411138451101288395601166762166331484
lower: 121411138451101288395601026024677976156
upper: 210821560651360572675896360671414673172
Result (no wrap): true
2025-05-02 21:40:27 INFO  ChordProtocols:179 - Finger 47 peker n책 til: process4
2025-05-02 21:40:27 INFO  ChordProtocols:173 - Beregner fingerID for finger 48: 121411138451101288395601307499654686812
id: 121411138451101288395601307499654686812
lower: 121411138451101288395601026024677976156
upper: 210821560651360572675896360671414673172
Result (no wrap): true
2025-05-02 21:40:27 INFO  ChordProtocols:179 - Finger 48 peker n책 til: process4
2025-05-02 21:40:27 INFO  ChordProtocols:173 - Beregner fingerID for finger 49: 121411138451101288395601588974631397468
id: 121411138451101288395601588974631397468
lower: 121411138451101288395601026024677976156
upper: 210821560651360572675896360671414673172
Result (no wrap): true
2025-05-02 21:40:27 INFO  ChordProtocols:179 - Finger 49 peker n책 til: process4
2025-05-02 21:40:27 INFO  ChordProtocols:173 - Beregner fingerID for finger 50: 121411138451101288395602151924584818780
id: 121411138451101288395602151924584818780
lower: 121411138451101288395601026024677976156
upper: 210821560651360572675896360671414673172
Result (no wrap): true
2025-05-02 21:40:27 INFO  ChordProtocols:179 - Finger 50 peker n책 til: process4
2025-05-02 21:40:27 INFO  ChordProtocols:173 - Beregner fingerID for finger 51: 121411138451101288395603277824491661404
id: 121411138451101288395603277824491661404
lower: 121411138451101288395601026024677976156
upper: 210821560651360572675896360671414673172
Result (no wrap): true
2025-05-02 21:40:27 INFO  ChordProtocols:179 - Finger 51 peker n책 til: process4
2025-05-02 21:40:27 INFO  ChordProtocols:173 - Beregner fingerID for finger 52: 121411138451101288395605529624305346652
id: 121411138451101288395605529624305346652
lower: 121411138451101288395601026024677976156
upper: 210821560651360572675896360671414673172
Result (no wrap): true
2025-05-02 21:40:27 INFO  ChordProtocols:179 - Finger 52 peker n책 til: process4
2025-05-02 21:40:27 INFO  ChordProtocols:173 - Beregner fingerID for finger 53: 121411138451101288395610033223932717148
id: 121411138451101288395610033223932717148
lower: 121411138451101288395601026024677976156
upper: 210821560651360572675896360671414673172
Result (no wrap): true
2025-05-02 21:40:27 INFO  ChordProtocols:179 - Finger 53 peker n책 til: process4
2025-05-02 21:40:27 INFO  ChordProtocols:173 - Beregner fingerID for finger 54: 121411138451101288395619040423187458140
id: 121411138451101288395619040423187458140
lower: 121411138451101288395601026024677976156
upper: 210821560651360572675896360671414673172
Result (no wrap): true
2025-05-02 21:40:27 INFO  ChordProtocols:179 - Finger 54 peker n책 til: process4
2025-05-02 21:40:27 INFO  ChordProtocols:173 - Beregner fingerID for finger 55: 121411138451101288395637054821696940124
id: 121411138451101288395637054821696940124
lower: 121411138451101288395601026024677976156
upper: 210821560651360572675896360671414673172
Result (no wrap): true
2025-05-02 21:40:27 INFO  ChordProtocols:179 - Finger 55 peker n책 til: process4
2025-05-02 21:40:27 INFO  ChordProtocols:173 - Beregner fingerID for finger 56: 121411138451101288395673083618715904092
id: 121411138451101288395673083618715904092
lower: 121411138451101288395601026024677976156
upper: 210821560651360572675896360671414673172
Result (no wrap): true
2025-05-02 21:40:27 INFO  ChordProtocols:179 - Finger 56 peker n책 til: process4
2025-05-02 21:40:27 INFO  ChordProtocols:173 - Beregner fingerID for finger 57: 121411138451101288395745141212753832028
id: 121411138451101288395745141212753832028
lower: 121411138451101288395601026024677976156
upper: 210821560651360572675896360671414673172
Result (no wrap): true
2025-05-02 21:40:27 INFO  ChordProtocols:179 - Finger 57 peker n책 til: process4
2025-05-02 21:40:27 INFO  ChordProtocols:173 - Beregner fingerID for finger 58: 121411138451101288395889256400829687900
id: 121411138451101288395889256400829687900
lower: 121411138451101288395601026024677976156
upper: 210821560651360572675896360671414673172
Result (no wrap): true
2025-05-02 21:40:27 INFO  ChordProtocols:179 - Finger 58 peker n책 til: process4
2025-05-02 21:40:27 INFO  ChordProtocols:173 - Beregner fingerID for finger 59: 121411138451101288396177486776981399644
id: 121411138451101288396177486776981399644
lower: 121411138451101288395601026024677976156
upper: 210821560651360572675896360671414673172
Result (no wrap): true
2025-05-02 21:40:27 INFO  ChordProtocols:179 - Finger 59 peker n책 til: process4
2025-05-02 21:40:27 INFO  ChordProtocols:173 - Beregner fingerID for finger 60: 121411138451101288396753947529284823132
id: 121411138451101288396753947529284823132
lower: 121411138451101288395601026024677976156
upper: 210821560651360572675896360671414673172
Result (no wrap): true
2025-05-02 21:40:27 INFO  ChordProtocols:179 - Finger 60 peker n책 til: process4
2025-05-02 21:40:27 INFO  ChordProtocols:173 - Beregner fingerID for finger 61: 121411138451101288397906869033891670108
id: 121411138451101288397906869033891670108
lower: 121411138451101288395601026024677976156
upper: 210821560651360572675896360671414673172
Result (no wrap): true
2025-05-02 21:40:27 INFO  ChordProtocols:179 - Finger 61 peker n책 til: process4
2025-05-02 21:40:27 INFO  ChordProtocols:173 - Beregner fingerID for finger 62: 121411138451101288400212712043105364060
id: 121411138451101288400212712043105364060
lower: 121411138451101288395601026024677976156
upper: 210821560651360572675896360671414673172
Result (no wrap): true
2025-05-02 21:40:27 INFO  ChordProtocols:179 - Finger 62 peker n책 til: process4
2025-05-02 21:40:27 INFO  ChordProtocols:173 - Beregner fingerID for finger 63: 121411138451101288404824398061532751964
id: 121411138451101288404824398061532751964
lower: 121411138451101288395601026024677976156
upper: 210821560651360572675896360671414673172
Result (no wrap): true
2025-05-02 21:40:27 INFO  ChordProtocols:179 - Finger 63 peker n책 til: process4
2025-05-02 21:40:27 INFO  ChordProtocols:173 - Beregner fingerID for finger 64: 121411138451101288414047770098387527772
id: 121411138451101288414047770098387527772
lower: 121411138451101288395601026024677976156
upper: 210821560651360572675896360671414673172
Result (no wrap): true
2025-05-02 21:40:27 INFO  ChordProtocols:179 - Finger 64 peker n책 til: process4
2025-05-02 21:40:27 INFO  ChordProtocols:173 - Beregner fingerID for finger 65: 121411138451101288432494514172097079388
id: 121411138451101288432494514172097079388
lower: 121411138451101288395601026024677976156
upper: 210821560651360572675896360671414673172
Result (no wrap): true
2025-05-02 21:40:27 INFO  ChordProtocols:179 - Finger 65 peker n책 til: process4
2025-05-02 21:40:27 INFO  ChordProtocols:173 - Beregner fingerID for finger 66: 121411138451101288469388002319516182620
id: 121411138451101288469388002319516182620
lower: 121411138451101288395601026024677976156
upper: 210821560651360572675896360671414673172
Result (no wrap): true
2025-05-02 21:40:27 INFO  ChordProtocols:179 - Finger 66 peker n책 til: process4
2025-05-02 21:40:27 INFO  ChordProtocols:173 - Beregner fingerID for finger 67: 121411138451101288543174978614354389084
id: 121411138451101288543174978614354389084
lower: 121411138451101288395601026024677976156
upper: 210821560651360572675896360671414673172
Result (no wrap): true
2025-05-02 21:40:27 INFO  ChordProtocols:179 - Finger 67 peker n책 til: process4
2025-05-02 21:40:27 INFO  ChordProtocols:173 - Beregner fingerID for finger 68: 121411138451101288690748931204030802012
id: 121411138451101288690748931204030802012
lower: 121411138451101288395601026024677976156
upper: 210821560651360572675896360671414673172
Result (no wrap): true
2025-05-02 21:40:27 INFO  ChordProtocols:179 - Finger 68 peker n책 til: process4
2025-05-02 21:40:27 INFO  ChordProtocols:173 - Beregner fingerID for finger 69: 121411138451101288985896836383383627868
id: 121411138451101288985896836383383627868
lower: 121411138451101288395601026024677976156
upper: 210821560651360572675896360671414673172
Result (no wrap): true
2025-05-02 21:40:27 INFO  ChordProtocols:179 - Finger 69 peker n책 til: process4
2025-05-02 21:40:27 INFO  ChordProtocols:173 - Beregner fingerID for finger 70: 121411138451101289576192646742089279580
id: 121411138451101289576192646742089279580
lower: 121411138451101288395601026024677976156
upper: 210821560651360572675896360671414673172
Result (no wrap): true
2025-05-02 21:40:27 INFO  ChordProtocols:179 - Finger 70 peker n책 til: process4
2025-05-02 21:40:27 INFO  ChordProtocols:173 - Beregner fingerID for finger 71: 121411138451101290756784267459500583004
id: 121411138451101290756784267459500583004
lower: 121411138451101288395601026024677976156
upper: 210821560651360572675896360671414673172
Result (no wrap): true
2025-05-02 21:40:27 INFO  ChordProtocols:179 - Finger 71 peker n책 til: process4
2025-05-02 21:40:27 INFO  ChordProtocols:173 - Beregner fingerID for finger 72: 121411138451101293117967508894323189852
id: 121411138451101293117967508894323189852
lower: 121411138451101288395601026024677976156
upper: 210821560651360572675896360671414673172
Result (no wrap): true
2025-05-02 21:40:27 INFO  ChordProtocols:179 - Finger 72 peker n책 til: process4
2025-05-02 21:40:27 INFO  ChordProtocols:173 - Beregner fingerID for finger 73: 121411138451101297840333991763968403548
id: 121411138451101297840333991763968403548
lower: 121411138451101288395601026024677976156
upper: 210821560651360572675896360671414673172
Result (no wrap): true
2025-05-02 21:40:27 INFO  ChordProtocols:179 - Finger 73 peker n책 til: process4
2025-05-02 21:40:27 INFO  ChordProtocols:173 - Beregner fingerID for finger 74: 121411138451101307285066957503258830940
id: 121411138451101307285066957503258830940
lower: 121411138451101288395601026024677976156
upper: 210821560651360572675896360671414673172
Result (no wrap): true
2025-05-02 21:40:27 INFO  ChordProtocols:179 - Finger 74 peker n책 til: process4
2025-05-02 21:40:27 INFO  ChordProtocols:173 - Beregner fingerID for finger 75: 121411138451101326174532888981839685724
id: 121411138451101326174532888981839685724
lower: 121411138451101288395601026024677976156
upper: 210821560651360572675896360671414673172
Result (no wrap): true
2025-05-02 21:40:27 INFO  ChordProtocols:179 - Finger 75 peker n책 til: process4
2025-05-02 21:40:27 INFO  ChordProtocols:173 - Beregner fingerID for finger 76: 121411138451101363953464751939001395292
id: 121411138451101363953464751939001395292
lower: 121411138451101288395601026024677976156
upper: 210821560651360572675896360671414673172
Result (no wrap): true
2025-05-02 21:40:27 INFO  ChordProtocols:179 - Finger 76 peker n책 til: process4
2025-05-02 21:40:27 INFO  ChordProtocols:173 - Beregner fingerID for finger 77: 121411138451101439511328477853324814428
id: 121411138451101439511328477853324814428
lower: 121411138451101288395601026024677976156
upper: 210821560651360572675896360671414673172
Result (no wrap): true
2025-05-02 21:40:27 INFO  ChordProtocols:179 - Finger 77 peker n책 til: process4
2025-05-02 21:40:27 INFO  ChordProtocols:173 - Beregner fingerID for finger 78: 121411138451101590627055929681971652700
id: 121411138451101590627055929681971652700
lower: 121411138451101288395601026024677976156
upper: 210821560651360572675896360671414673172
Result (no wrap): true
2025-05-02 21:40:27 INFO  ChordProtocols:179 - Finger 78 peker n책 til: process4
2025-05-02 21:40:27 INFO  ChordProtocols:173 - Beregner fingerID for finger 79: 121411138451101892858510833339265329244
id: 121411138451101892858510833339265329244
lower: 121411138451101288395601026024677976156
upper: 210821560651360572675896360671414673172
Result (no wrap): true
2025-05-02 21:40:27 INFO  ChordProtocols:179 - Finger 79 peker n책 til: process4
2025-05-02 21:40:27 INFO  ChordProtocols:173 - Beregner fingerID for finger 80: 121411138451102497321420640653852682332
id: 121411138451102497321420640653852682332
lower: 121411138451101288395601026024677976156
upper: 210821560651360572675896360671414673172
Result (no wrap): true
2025-05-02 21:40:27 INFO  ChordProtocols:179 - Finger 80 peker n책 til: process4
2025-05-02 21:40:27 INFO  ChordProtocols:173 - Beregner fingerID for finger 81: 121411138451103706247240255283027388508
id: 121411138451103706247240255283027388508
lower: 121411138451101288395601026024677976156
upper: 210821560651360572675896360671414673172
Result (no wrap): true
2025-05-02 21:40:27 INFO  ChordProtocols:179 - Finger 81 peker n책 til: process4
2025-05-02 21:40:27 INFO  ChordProtocols:173 - Beregner fingerID for finger 82: 121411138451106124098879484541376800860
id: 121411138451106124098879484541376800860
lower: 121411138451101288395601026024677976156
upper: 210821560651360572675896360671414673172
Result (no wrap): true
2025-05-02 21:40:27 INFO  ChordProtocols:179 - Finger 82 peker n책 til: process4
2025-05-02 21:40:27 INFO  ChordProtocols:173 - Beregner fingerID for finger 83: 121411138451110959802157943058075625564
id: 121411138451110959802157943058075625564
lower: 121411138451101288395601026024677976156
upper: 210821560651360572675896360671414673172
Result (no wrap): true
2025-05-02 21:40:27 INFO  ChordProtocols:179 - Finger 83 peker n책 til: process4
2025-05-02 21:40:27 INFO  ChordProtocols:173 - Beregner fingerID for finger 84: 121411138451120631208714860091473274972
id: 121411138451120631208714860091473274972
lower: 121411138451101288395601026024677976156
upper: 210821560651360572675896360671414673172
Result (no wrap): true
2025-05-02 21:40:27 INFO  ChordProtocols:179 - Finger 84 peker n책 til: process4
2025-05-02 21:40:27 INFO  ChordProtocols:173 - Beregner fingerID for finger 85: 121411138451139974021828694158268573788
id: 121411138451139974021828694158268573788
lower: 121411138451101288395601026024677976156
upper: 210821560651360572675896360671414673172
Result (no wrap): true
2025-05-02 21:40:27 INFO  ChordProtocols:179 - Finger 85 peker n책 til: process4
2025-05-02 21:40:27 INFO  ChordProtocols:173 - Beregner fingerID for finger 86: 121411138451178659648056362291859171420
id: 121411138451178659648056362291859171420
lower: 121411138451101288395601026024677976156
upper: 210821560651360572675896360671414673172
Result (no wrap): true
2025-05-02 21:40:27 INFO  ChordProtocols:179 - Finger 86 peker n책 til: process4
2025-05-02 21:40:27 INFO  ChordProtocols:173 - Beregner fingerID for finger 87: 121411138451256030900511698559040366684
id: 121411138451256030900511698559040366684
lower: 121411138451101288395601026024677976156
upper: 210821560651360572675896360671414673172
Result (no wrap): true
2025-05-02 21:40:27 INFO  ChordProtocols:179 - Finger 87 peker n책 til: process4
2025-05-02 21:40:27 INFO  ChordProtocols:173 - Beregner fingerID for finger 88: 121411138451410773405422371093402757212
id: 121411138451410773405422371093402757212
lower: 121411138451101288395601026024677976156
upper: 210821560651360572675896360671414673172
Result (no wrap): true
2025-05-02 21:40:27 INFO  ChordProtocols:179 - Finger 88 peker n책 til: process4
2025-05-02 21:40:27 INFO  ChordProtocols:173 - Beregner fingerID for finger 89: 121411138451720258415243716162127538268
id: 121411138451720258415243716162127538268
lower: 121411138451101288395601026024677976156
upper: 210821560651360572675896360671414673172
Result (no wrap): true
2025-05-02 21:40:27 INFO  ChordProtocols:179 - Finger 89 peker n책 til: process4
2025-05-02 21:40:27 INFO  ChordProtocols:173 - Beregner fingerID for finger 90: 121411138452339228434886406299577100380
id: 121411138452339228434886406299577100380
lower: 121411138451101288395601026024677976156
upper: 210821560651360572675896360671414673172
Result (no wrap): true
2025-05-02 21:40:27 INFO  ChordProtocols:179 - Finger 90 peker n책 til: process4
2025-05-02 21:40:27 INFO  ChordProtocols:173 - Beregner fingerID for finger 91: 121411138453577168474171786574476224604
id: 121411138453577168474171786574476224604
lower: 121411138451101288395601026024677976156
upper: 210821560651360572675896360671414673172
Result (no wrap): true
2025-05-02 21:40:27 INFO  ChordProtocols:179 - Finger 91 peker n책 til: process4
2025-05-02 21:40:27 INFO  ChordProtocols:173 - Beregner fingerID for finger 92: 121411138456053048552742547124274473052
id: 121411138456053048552742547124274473052
lower: 121411138451101288395601026024677976156
upper: 210821560651360572675896360671414673172
Result (no wrap): true
2025-05-02 21:40:27 INFO  ChordProtocols:179 - Finger 92 peker n책 til: process4
2025-05-02 21:40:27 INFO  ChordProtocols:173 - Beregner fingerID for finger 93: 121411138461004808709884068223870969948
id: 121411138461004808709884068223870969948
lower: 121411138451101288395601026024677976156
upper: 210821560651360572675896360671414673172
Result (no wrap): true
2025-05-02 21:40:27 INFO  ChordProtocols:179 - Finger 93 peker n책 til: process4
2025-05-02 21:40:27 INFO  ChordProtocols:173 - Beregner fingerID for finger 94: 121411138470908329024167110423063963740
id: 121411138470908329024167110423063963740
lower: 121411138451101288395601026024677976156
upper: 210821560651360572675896360671414673172
Result (no wrap): true
2025-05-02 21:40:27 INFO  ChordProtocols:179 - Finger 94 peker n책 til: process4
2025-05-02 21:40:27 INFO  ChordProtocols:173 - Beregner fingerID for finger 95: 121411138490715369652733194821449951324
id: 121411138490715369652733194821449951324
lower: 121411138451101288395601026024677976156
upper: 210821560651360572675896360671414673172
Result (no wrap): true
2025-05-02 21:40:27 INFO  ChordProtocols:179 - Finger 95 peker n책 til: process4
2025-05-02 21:40:27 INFO  ChordProtocols:173 - Beregner fingerID for finger 96: 121411138530329450909865363618221926492
id: 121411138530329450909865363618221926492
lower: 121411138451101288395601026024677976156
upper: 210821560651360572675896360671414673172
Result (no wrap): true
2025-05-02 21:40:27 INFO  ChordProtocols:179 - Finger 96 peker n책 til: process4
2025-05-02 21:40:27 INFO  ChordProtocols:173 - Beregner fingerID for finger 97: 121411138609557613424129701211765876828
id: 121411138609557613424129701211765876828
lower: 121411138451101288395601026024677976156
upper: 210821560651360572675896360671414673172
Result (no wrap): true
2025-05-02 21:40:27 INFO  ChordProtocols:179 - Finger 97 peker n책 til: process4
2025-05-02 21:40:27 INFO  ChordProtocols:173 - Beregner fingerID for finger 98: 121411138768013938452658376398853777500
id: 121411138768013938452658376398853777500
lower: 121411138451101288395601026024677976156
upper: 210821560651360572675896360671414673172
Result (no wrap): true
2025-05-02 21:40:27 INFO  ChordProtocols:179 - Finger 98 peker n책 til: process4
2025-05-02 21:40:27 INFO  ChordProtocols:173 - Beregner fingerID for finger 99: 121411139084926588509715726773029578844
id: 121411139084926588509715726773029578844
lower: 121411138451101288395601026024677976156
upper: 210821560651360572675896360671414673172
Result (no wrap): true
2025-05-02 21:40:27 INFO  ChordProtocols:179 - Finger 99 peker n책 til: process4
2025-05-02 21:40:27 INFO  ChordProtocols:173 - Beregner fingerID for finger 100: 121411139718751888623830427521381181532
id: 121411139718751888623830427521381181532
lower: 121411138451101288395601026024677976156
upper: 210821560651360572675896360671414673172
Result (no wrap): true
2025-05-02 21:40:27 INFO  ChordProtocols:179 - Finger 100 peker n책 til: process4
2025-05-02 21:40:27 INFO  ChordProtocols:173 - Beregner fingerID for finger 101: 121411140986402488852059829018084386908
id: 121411140986402488852059829018084386908
lower: 121411138451101288395601026024677976156
upper: 210821560651360572675896360671414673172
Result (no wrap): true
2025-05-02 21:40:27 INFO  ChordProtocols:179 - Finger 101 peker n책 til: process4
2025-05-02 21:40:27 INFO  ChordProtocols:173 - Beregner fingerID for finger 102: 121411143521703689308518632011490797660
id: 121411143521703689308518632011490797660
lower: 121411138451101288395601026024677976156
upper: 210821560651360572675896360671414673172
Result (no wrap): true
2025-05-02 21:40:27 INFO  ChordProtocols:179 - Finger 102 peker n책 til: process4
2025-05-02 21:40:27 INFO  ChordProtocols:173 - Beregner fingerID for finger 103: 121411148592306090221436237998303619164
id: 121411148592306090221436237998303619164
lower: 121411138451101288395601026024677976156
upper: 210821560651360572675896360671414673172
Result (no wrap): true
2025-05-02 21:40:27 INFO  ChordProtocols:179 - Finger 103 peker n책 til: process4
2025-05-02 21:40:27 INFO  ChordProtocols:173 - Beregner fingerID for finger 104: 121411158733510892047271449971929262172
id: 121411158733510892047271449971929262172
lower: 121411138451101288395601026024677976156
upper: 210821560651360572675896360671414673172
Result (no wrap): true
2025-05-02 21:40:27 INFO  ChordProtocols:179 - Finger 104 peker n책 til: process4
2025-05-02 21:40:27 INFO  ChordProtocols:173 - Beregner fingerID for finger 105: 121411179015920495698941873919180548188
id: 121411179015920495698941873919180548188
lower: 121411138451101288395601026024677976156
upper: 210821560651360572675896360671414673172
Result (no wrap): true
2025-05-02 21:40:27 INFO  ChordProtocols:179 - Finger 105 peker n책 til: process4
2025-05-02 21:40:27 INFO  ChordProtocols:173 - Beregner fingerID for finger 106: 121411219580739703002282721813683120220
id: 121411219580739703002282721813683120220
lower: 121411138451101288395601026024677976156
upper: 210821560651360572675896360671414673172
Result (no wrap): true
2025-05-02 21:40:27 INFO  ChordProtocols:179 - Finger 106 peker n책 til: process4
2025-05-02 21:40:27 INFO  ChordProtocols:173 - Beregner fingerID for finger 107: 121411300710378117608964417602688264284
id: 121411300710378117608964417602688264284
lower: 121411138451101288395601026024677976156
upper: 210821560651360572675896360671414673172
Result (no wrap): true
2025-05-02 21:40:27 INFO  ChordProtocols:179 - Finger 107 peker n책 til: process4
2025-05-02 21:40:27 INFO  ChordProtocols:173 - Beregner fingerID for finger 108: 121411462969654946822327809180698552412
id: 121411462969654946822327809180698552412
lower: 121411138451101288395601026024677976156
upper: 210821560651360572675896360671414673172
Result (no wrap): true
2025-05-02 21:40:27 INFO  ChordProtocols:179 - Finger 108 peker n책 til: process4
2025-05-02 21:40:27 INFO  ChordProtocols:173 - Beregner fingerID for finger 109: 121411787488208605249054592336719128668
id: 121411787488208605249054592336719128668
lower: 121411138451101288395601026024677976156
upper: 210821560651360572675896360671414673172
Result (no wrap): true
2025-05-02 21:40:27 INFO  ChordProtocols:179 - Finger 109 peker n책 til: process4
2025-05-02 21:40:27 INFO  ChordProtocols:173 - Beregner fingerID for finger 110: 121412436525315922102508158648760281180
id: 121412436525315922102508158648760281180
lower: 121411138451101288395601026024677976156
upper: 210821560651360572675896360671414673172
Result (no wrap): true
2025-05-02 21:40:27 INFO  ChordProtocols:179 - Finger 110 peker n책 til: process4
2025-05-02 21:40:27 INFO  ChordProtocols:173 - Beregner fingerID for finger 111: 121413734599530555809415291272842586204
id: 121413734599530555809415291272842586204
lower: 121411138451101288395601026024677976156
upper: 210821560651360572675896360671414673172
Result (no wrap): true
2025-05-02 21:40:27 INFO  ChordProtocols:179 - Finger 111 peker n책 til: process4
2025-05-02 21:40:27 INFO  ChordProtocols:173 - Beregner fingerID for finger 112: 121416330747959823223229556521007196252
id: 121416330747959823223229556521007196252
lower: 121411138451101288395601026024677976156
upper: 210821560651360572675896360671414673172
Result (no wrap): true
2025-05-02 21:40:27 INFO  ChordProtocols:179 - Finger 112 peker n책 til: process4
2025-05-02 21:40:27 INFO  ChordProtocols:173 - Beregner fingerID for finger 113: 121421523044818358050858087017336416348
id: 121421523044818358050858087017336416348
lower: 121411138451101288395601026024677976156
upper: 210821560651360572675896360671414673172
Result (no wrap): true
2025-05-02 21:40:27 INFO  ChordProtocols:179 - Finger 113 peker n책 til: process4
2025-05-02 21:40:27 INFO  ChordProtocols:173 - Beregner fingerID for finger 114: 121431907638535427706115148009994856540
id: 121431907638535427706115148009994856540
lower: 121411138451101288395601026024677976156
upper: 210821560651360572675896360671414673172
Result (no wrap): true
2025-05-02 21:40:27 INFO  ChordProtocols:179 - Finger 114 peker n책 til: process4
2025-05-02 21:40:27 INFO  ChordProtocols:173 - Beregner fingerID for finger 115: 121452676825969567016629269995311736924
id: 121452676825969567016629269995311736924
lower: 121411138451101288395601026024677976156
upper: 210821560651360572675896360671414673172
Result (no wrap): true
2025-05-02 21:40:27 INFO  ChordProtocols:179 - Finger 115 peker n책 til: process4
2025-05-02 21:40:27 INFO  ChordProtocols:173 - Beregner fingerID for finger 116: 121494215200837845637657513965945497692
id: 121494215200837845637657513965945497692
lower: 121411138451101288395601026024677976156
upper: 210821560651360572675896360671414673172
Result (no wrap): true
2025-05-02 21:40:27 INFO  ChordProtocols:179 - Finger 116 peker n책 til: process4
2025-05-02 21:40:27 INFO  ChordProtocols:173 - Beregner fingerID for finger 117: 121577291950574402879714001907213019228
id: 121577291950574402879714001907213019228
lower: 121411138451101288395601026024677976156
upper: 210821560651360572675896360671414673172
Result (no wrap): true
2025-05-02 21:40:27 INFO  ChordProtocols:179 - Finger 117 peker n책 til: process4
2025-05-02 21:40:27 INFO  ChordProtocols:173 - Beregner fingerID for finger 118: 121743445450047517363826977789748062300
id: 121743445450047517363826977789748062300
lower: 121411138451101288395601026024677976156
upper: 210821560651360572675896360671414673172
Result (no wrap): true
2025-05-02 21:40:27 INFO  ChordProtocols:179 - Finger 118 peker n책 til: process4
2025-05-02 21:40:27 INFO  ChordProtocols:173 - Beregner fingerID for finger 119: 122075752448993746332052929554818148444
id: 122075752448993746332052929554818148444
lower: 121411138451101288395601026024677976156
upper: 210821560651360572675896360671414673172
Result (no wrap): true
2025-05-02 21:40:27 INFO  ChordProtocols:179 - Finger 119 peker n책 til: process4
2025-05-02 21:40:27 INFO  ChordProtocols:173 - Beregner fingerID for finger 120: 122740366446886204268504833084958320732
id: 122740366446886204268504833084958320732
lower: 121411138451101288395601026024677976156
upper: 210821560651360572675896360671414673172
Result (no wrap): true
2025-05-02 21:40:27 INFO  ChordProtocols:179 - Finger 120 peker n책 til: process4
2025-05-02 21:40:27 INFO  ChordProtocols:173 - Beregner fingerID for finger 121: 124069594442671120141408640145238665308
id: 124069594442671120141408640145238665308
lower: 121411138451101288395601026024677976156
upper: 210821560651360572675896360671414673172
Result (no wrap): true
2025-05-02 21:40:27 INFO  ChordProtocols:179 - Finger 121 peker n책 til: process4
2025-05-02 21:40:27 INFO  ChordProtocols:173 - Beregner fingerID for finger 122: 126728050434240951887216254265799354460
id: 126728050434240951887216254265799354460
lower: 121411138451101288395601026024677976156
upper: 210821560651360572675896360671414673172
Result (no wrap): true
2025-05-02 21:40:27 INFO  ChordProtocols:179 - Finger 122 peker n책 til: process4
2025-05-02 21:40:27 INFO  ChordProtocols:173 - Beregner fingerID for finger 123: 132044962417380615378831482506920732764
id: 132044962417380615378831482506920732764
lower: 121411138451101288395601026024677976156
upper: 210821560651360572675896360671414673172
Result (no wrap): true
2025-05-02 21:40:27 INFO  ChordProtocols:179 - Finger 123 peker n책 til: process4
2025-05-02 21:40:27 INFO  ChordProtocols:173 - Beregner fingerID for finger 124: 142678786383659942362061938989163489372
id: 142678786383659942362061938989163489372
lower: 121411138451101288395601026024677976156
upper: 210821560651360572675896360671414673172
Result (no wrap): true
2025-05-02 21:40:27 INFO  ChordProtocols:179 - Finger 124 peker n책 til: process4
2025-05-02 21:40:27 INFO  ChordProtocols:173 - Beregner fingerID for finger 125: 163946434316218596328522851953649002588
id: 163946434316218596328522851953649002588
lower: 121411138451101288395601026024677976156
upper: 210821560651360572675896360671414673172
Result (no wrap): true
2025-05-02 21:40:27 INFO  ChordProtocols:179 - Finger 125 peker n책 til: process4
2025-05-02 21:40:27 INFO  ChordProtocols:173 - Beregner fingerID for finger 126: 206481730181335904261444677882620029020
id: 206481730181335904261444677882620029020
lower: 121411138451101288395601026024677976156
upper: 210821560651360572675896360671414673172
Result (no wrap): true
2025-05-02 21:40:27 INFO  ChordProtocols:179 - Finger 126 peker n책 til: process4
2025-05-02 21:40:27 INFO  ChordProtocols:173 - Beregner fingerID for finger 127: 291552321911570520127288329740562081884
id: 291552321911570520127288329740562081884
lower: 121411138451101288395601026024677976156
upper: 210821560651360572675896360671414673172
Result (no wrap): false
id: 210821560651360572675896360671414673172
lower: 121411138451101288395601026024677976156
upper: 291552321911570520127288329740562081884
Result (no wrap): true
id: 291552321911570520127288329740562081884
lower: 210821560651360572675896360671414673172
upper: 15618062003214643351512781541041391612
Result (wrap): true
2025-05-02 21:40:27 INFO  ChordProtocols:179 - Finger 127 peker n책 til: process2
2025-05-02 21:40:27 INFO  StabilizationProtocols:60 - Checking the predecessor for Node: process5
==================================
Node Identifier = 121411138451101288395601026024677976156
Node IP address = process5
successor(process5) = process4
predecessor(process5) = process1
Current File keys for process5 => []
==================================
2025-05-02 21:40:28 INFO  StabilizationProtocols:130 - Updating the successor for Node: process1
id: 53937554629190552131995290006614509578
lower: 53937554629190552131995290006614509577
upper: 121411138451101288395601026024677976156
Result (no wrap): true
2025-05-02 21:40:28 INFO  StabilizationProtocols:84 - Stabilizing ring from process1...
2025-05-02 21:40:28 INFO  StabilizationProtocols:91 - Stabilize ring: succnode = process5
id: 53937554629190552131995290006614509577
lower: 53937554629190552131995290006614509578
upper: 121411138451101288395601026024677976157
Result (no wrap): false
2025-05-02 21:40:28 INFO  StabilizationProtocols:113 - Finished stabilizing chordring from process1
2025-05-02 21:40:28 INFO  ChordProtocols:159 - Oppdaterer FingerTable for Node: process1
2025-05-02 21:40:28 INFO  ChordProtocols:173 - Beregner fingerID for finger 0: 53937554629190552131995290006614509578
id: 53937554629190552131995290006614509578
lower: 53937554629190552131995290006614509577
upper: 121411138451101288395601026024677976156
Result (no wrap): true
2025-05-02 21:40:28 INFO  ChordProtocols:179 - Finger 0 peker n책 til: process5
2025-05-02 21:40:28 INFO  ChordProtocols:173 - Beregner fingerID for finger 1: 53937554629190552131995290006614509579
id: 53937554629190552131995290006614509579
lower: 53937554629190552131995290006614509577
upper: 121411138451101288395601026024677976156
Result (no wrap): true
2025-05-02 21:40:28 INFO  ChordProtocols:179 - Finger 1 peker n책 til: process5
2025-05-02 21:40:28 INFO  ChordProtocols:173 - Beregner fingerID for finger 2: 53937554629190552131995290006614509581
id: 53937554629190552131995290006614509581
lower: 53937554629190552131995290006614509577
upper: 121411138451101288395601026024677976156
Result (no wrap): true
2025-05-02 21:40:28 INFO  ChordProtocols:179 - Finger 2 peker n책 til: process5
2025-05-02 21:40:28 INFO  ChordProtocols:173 - Beregner fingerID for finger 3: 53937554629190552131995290006614509585
id: 53937554629190552131995290006614509585
lower: 53937554629190552131995290006614509577
upper: 121411138451101288395601026024677976156
Result (no wrap): true
2025-05-02 21:40:28 INFO  ChordProtocols:179 - Finger 3 peker n책 til: process5
2025-05-02 21:40:28 INFO  ChordProtocols:173 - Beregner fingerID for finger 4: 53937554629190552131995290006614509593
id: 53937554629190552131995290006614509593
lower: 53937554629190552131995290006614509577
upper: 121411138451101288395601026024677976156
Result (no wrap): true
2025-05-02 21:40:28 INFO  ChordProtocols:179 - Finger 4 peker n책 til: process5
2025-05-02 21:40:28 INFO  ChordProtocols:173 - Beregner fingerID for finger 5: 53937554629190552131995290006614509609
id: 53937554629190552131995290006614509609
lower: 53937554629190552131995290006614509577
upper: 121411138451101288395601026024677976156
Result (no wrap): true
2025-05-02 21:40:28 INFO  ChordProtocols:179 - Finger 5 peker n책 til: process5
2025-05-02 21:40:28 INFO  ChordProtocols:173 - Beregner fingerID for finger 6: 53937554629190552131995290006614509641
id: 53937554629190552131995290006614509641
lower: 53937554629190552131995290006614509577
upper: 121411138451101288395601026024677976156
Result (no wrap): true
2025-05-02 21:40:28 INFO  ChordProtocols:179 - Finger 6 peker n책 til: process5
2025-05-02 21:40:28 INFO  ChordProtocols:173 - Beregner fingerID for finger 7: 53937554629190552131995290006614509705
id: 53937554629190552131995290006614509705
lower: 53937554629190552131995290006614509577
upper: 121411138451101288395601026024677976156
Result (no wrap): true
2025-05-02 21:40:28 INFO  ChordProtocols:179 - Finger 7 peker n책 til: process5
2025-05-02 21:40:28 INFO  ChordProtocols:173 - Beregner fingerID for finger 8: 53937554629190552131995290006614509833
id: 53937554629190552131995290006614509833
lower: 53937554629190552131995290006614509577
upper: 121411138451101288395601026024677976156
Result (no wrap): true
2025-05-02 21:40:28 INFO  ChordProtocols:179 - Finger 8 peker n책 til: process5
2025-05-02 21:40:28 INFO  ChordProtocols:173 - Beregner fingerID for finger 9: 53937554629190552131995290006614510089
id: 53937554629190552131995290006614510089
lower: 53937554629190552131995290006614509577
upper: 121411138451101288395601026024677976156
Result (no wrap): true
2025-05-02 21:40:28 INFO  ChordProtocols:179 - Finger 9 peker n책 til: process5
2025-05-02 21:40:28 INFO  ChordProtocols:173 - Beregner fingerID for finger 10: 53937554629190552131995290006614510601
id: 53937554629190552131995290006614510601
lower: 53937554629190552131995290006614509577
upper: 121411138451101288395601026024677976156
Result (no wrap): true
2025-05-02 21:40:28 INFO  ChordProtocols:179 - Finger 10 peker n책 til: process5
2025-05-02 21:40:28 INFO  ChordProtocols:173 - Beregner fingerID for finger 11: 53937554629190552131995290006614511625
id: 53937554629190552131995290006614511625
lower: 53937554629190552131995290006614509577
upper: 121411138451101288395601026024677976156
Result (no wrap): true
2025-05-02 21:40:28 INFO  ChordProtocols:179 - Finger 11 peker n책 til: process5
2025-05-02 21:40:28 INFO  ChordProtocols:173 - Beregner fingerID for finger 12: 53937554629190552131995290006614513673
id: 53937554629190552131995290006614513673
lower: 53937554629190552131995290006614509577
upper: 121411138451101288395601026024677976156
Result (no wrap): true
2025-05-02 21:40:28 INFO  ChordProtocols:179 - Finger 12 peker n책 til: process5
2025-05-02 21:40:28 INFO  ChordProtocols:173 - Beregner fingerID for finger 13: 53937554629190552131995290006614517769
id: 53937554629190552131995290006614517769
lower: 53937554629190552131995290006614509577
upper: 121411138451101288395601026024677976156
Result (no wrap): true
2025-05-02 21:40:28 INFO  ChordProtocols:179 - Finger 13 peker n책 til: process5
2025-05-02 21:40:28 INFO  ChordProtocols:173 - Beregner fingerID for finger 14: 53937554629190552131995290006614525961
id: 53937554629190552131995290006614525961
lower: 53937554629190552131995290006614509577
upper: 121411138451101288395601026024677976156
Result (no wrap): true
2025-05-02 21:40:28 INFO  ChordProtocols:179 - Finger 14 peker n책 til: process5
2025-05-02 21:40:28 INFO  ChordProtocols:173 - Beregner fingerID for finger 15: 53937554629190552131995290006614542345
id: 53937554629190552131995290006614542345
lower: 53937554629190552131995290006614509577
upper: 121411138451101288395601026024677976156
Result (no wrap): true
2025-05-02 21:40:28 INFO  ChordProtocols:179 - Finger 15 peker n책 til: process5
2025-05-02 21:40:28 INFO  ChordProtocols:173 - Beregner fingerID for finger 16: 53937554629190552131995290006614575113
id: 53937554629190552131995290006614575113
lower: 53937554629190552131995290006614509577
upper: 121411138451101288395601026024677976156
Result (no wrap): true
2025-05-02 21:40:28 INFO  ChordProtocols:179 - Finger 16 peker n책 til: process5
2025-05-02 21:40:28 INFO  ChordProtocols:173 - Beregner fingerID for finger 17: 53937554629190552131995290006614640649
id: 53937554629190552131995290006614640649
lower: 53937554629190552131995290006614509577
upper: 121411138451101288395601026024677976156
Result (no wrap): true
2025-05-02 21:40:28 INFO  ChordProtocols:179 - Finger 17 peker n책 til: process5
2025-05-02 21:40:28 INFO  ChordProtocols:173 - Beregner fingerID for finger 18: 53937554629190552131995290006614771721
id: 53937554629190552131995290006614771721
lower: 53937554629190552131995290006614509577
upper: 121411138451101288395601026024677976156
Result (no wrap): true
2025-05-02 21:40:28 INFO  ChordProtocols:179 - Finger 18 peker n책 til: process5
2025-05-02 21:40:28 INFO  ChordProtocols:173 - Beregner fingerID for finger 19: 53937554629190552131995290006615033865
id: 53937554629190552131995290006615033865
lower: 53937554629190552131995290006614509577
upper: 121411138451101288395601026024677976156
Result (no wrap): true
2025-05-02 21:40:28 INFO  ChordProtocols:179 - Finger 19 peker n책 til: process5
2025-05-02 21:40:28 INFO  ChordProtocols:173 - Beregner fingerID for finger 20: 53937554629190552131995290006615558153
id: 53937554629190552131995290006615558153
lower: 53937554629190552131995290006614509577
upper: 121411138451101288395601026024677976156
Result (no wrap): true
2025-05-02 21:40:28 INFO  ChordProtocols:179 - Finger 20 peker n책 til: process5
2025-05-02 21:40:28 INFO  ChordProtocols:173 - Beregner fingerID for finger 21: 53937554629190552131995290006616606729
id: 53937554629190552131995290006616606729
lower: 53937554629190552131995290006614509577
upper: 121411138451101288395601026024677976156
Result (no wrap): true
2025-05-02 21:40:28 INFO  ChordProtocols:179 - Finger 21 peker n책 til: process5
2025-05-02 21:40:28 INFO  ChordProtocols:173 - Beregner fingerID for finger 22: 53937554629190552131995290006618703881
id: 53937554629190552131995290006618703881
lower: 53937554629190552131995290006614509577
upper: 121411138451101288395601026024677976156
Result (no wrap): true
2025-05-02 21:40:28 INFO  ChordProtocols:179 - Finger 22 peker n책 til: process5
2025-05-02 21:40:28 INFO  ChordProtocols:173 - Beregner fingerID for finger 23: 53937554629190552131995290006622898185
id: 53937554629190552131995290006622898185
lower: 53937554629190552131995290006614509577
upper: 121411138451101288395601026024677976156
Result (no wrap): true
2025-05-02 21:40:28 INFO  ChordProtocols:179 - Finger 23 peker n책 til: process5
2025-05-02 21:40:28 INFO  ChordProtocols:173 - Beregner fingerID for finger 24: 53937554629190552131995290006631286793
id: 53937554629190552131995290006631286793
lower: 53937554629190552131995290006614509577
upper: 121411138451101288395601026024677976156
Result (no wrap): true
2025-05-02 21:40:28 INFO  ChordProtocols:179 - Finger 24 peker n책 til: process5
2025-05-02 21:40:28 INFO  ChordProtocols:173 - Beregner fingerID for finger 25: 53937554629190552131995290006648064009
id: 53937554629190552131995290006648064009
lower: 53937554629190552131995290006614509577
upper: 121411138451101288395601026024677976156
Result (no wrap): true
2025-05-02 21:40:28 INFO  ChordProtocols:179 - Finger 25 peker n책 til: process5
2025-05-02 21:40:28 INFO  ChordProtocols:173 - Beregner fingerID for finger 26: 53937554629190552131995290006681618441
id: 53937554629190552131995290006681618441
lower: 53937554629190552131995290006614509577
upper: 121411138451101288395601026024677976156
Result (no wrap): true
2025-05-02 21:40:28 INFO  ChordProtocols:179 - Finger 26 peker n책 til: process5
2025-05-02 21:40:28 INFO  ChordProtocols:173 - Beregner fingerID for finger 27: 53937554629190552131995290006748727305
id: 53937554629190552131995290006748727305
lower: 53937554629190552131995290006614509577
upper: 121411138451101288395601026024677976156
Result (no wrap): true
2025-05-02 21:40:28 INFO  ChordProtocols:179 - Finger 27 peker n책 til: process5
2025-05-02 21:40:28 INFO  ChordProtocols:173 - Beregner fingerID for finger 28: 53937554629190552131995290006882945033
id: 53937554629190552131995290006882945033
lower: 53937554629190552131995290006614509577
upper: 121411138451101288395601026024677976156
Result (no wrap): true
2025-05-02 21:40:28 INFO  ChordProtocols:179 - Finger 28 peker n책 til: process5
2025-05-02 21:40:28 INFO  ChordProtocols:173 - Beregner fingerID for finger 29: 53937554629190552131995290007151380489
id: 53937554629190552131995290007151380489
lower: 53937554629190552131995290006614509577
upper: 121411138451101288395601026024677976156
Result (no wrap): true
2025-05-02 21:40:28 INFO  ChordProtocols:179 - Finger 29 peker n책 til: process5
2025-05-02 21:40:28 INFO  ChordProtocols:173 - Beregner fingerID for finger 30: 53937554629190552131995290007688251401
id: 53937554629190552131995290007688251401
lower: 53937554629190552131995290006614509577
upper: 121411138451101288395601026024677976156
Result (no wrap): true
2025-05-02 21:40:28 INFO  ChordProtocols:179 - Finger 30 peker n책 til: process5
2025-05-02 21:40:28 INFO  ChordProtocols:173 - Beregner fingerID for finger 31: 53937554629190552131995290008761993225
id: 53937554629190552131995290008761993225
lower: 53937554629190552131995290006614509577
upper: 121411138451101288395601026024677976156
Result (no wrap): true
2025-05-02 21:40:28 INFO  ChordProtocols:179 - Finger 31 peker n책 til: process5
2025-05-02 21:40:28 INFO  ChordProtocols:173 - Beregner fingerID for finger 32: 53937554629190552131995290010909476873
id: 53937554629190552131995290010909476873
lower: 53937554629190552131995290006614509577
upper: 121411138451101288395601026024677976156
Result (no wrap): true
2025-05-02 21:40:28 INFO  ChordProtocols:179 - Finger 32 peker n책 til: process5
2025-05-02 21:40:28 INFO  ChordProtocols:173 - Beregner fingerID for finger 33: 53937554629190552131995290015204444169
id: 53937554629190552131995290015204444169
lower: 53937554629190552131995290006614509577
upper: 121411138451101288395601026024677976156
Result (no wrap): true
2025-05-02 21:40:28 INFO  ChordProtocols:179 - Finger 33 peker n책 til: process5
2025-05-02 21:40:28 INFO  ChordProtocols:173 - Beregner fingerID for finger 34: 53937554629190552131995290023794378761
id: 53937554629190552131995290023794378761
lower: 53937554629190552131995290006614509577
upper: 121411138451101288395601026024677976156
Result (no wrap): true
2025-05-02 21:40:28 INFO  ChordProtocols:179 - Finger 34 peker n책 til: process5
2025-05-02 21:40:28 INFO  ChordProtocols:173 - Beregner fingerID for finger 35: 53937554629190552131995290040974247945
id: 53937554629190552131995290040974247945
lower: 53937554629190552131995290006614509577
upper: 121411138451101288395601026024677976156
Result (no wrap): true
2025-05-02 21:40:28 INFO  ChordProtocols:179 - Finger 35 peker n책 til: process5
2025-05-02 21:40:28 INFO  ChordProtocols:173 - Beregner fingerID for finger 36: 53937554629190552131995290075333986313
id: 53937554629190552131995290075333986313
lower: 53937554629190552131995290006614509577
upper: 121411138451101288395601026024677976156
Result (no wrap): true
2025-05-02 21:40:28 INFO  ChordProtocols:179 - Finger 36 peker n책 til: process5
2025-05-02 21:40:28 INFO  ChordProtocols:173 - Beregner fingerID for finger 37: 53937554629190552131995290144053463049
id: 53937554629190552131995290144053463049
lower: 53937554629190552131995290006614509577
upper: 121411138451101288395601026024677976156
Result (no wrap): true
2025-05-02 21:40:28 INFO  ChordProtocols:179 - Finger 37 peker n책 til: process5
2025-05-02 21:40:28 INFO  ChordProtocols:173 - Beregner fingerID for finger 38: 53937554629190552131995290281492416521
id: 53937554629190552131995290281492416521
lower: 53937554629190552131995290006614509577
upper: 121411138451101288395601026024677976156
Result (no wrap): true
2025-05-02 21:40:28 INFO  ChordProtocols:179 - Finger 38 peker n책 til: process5
2025-05-02 21:40:28 INFO  ChordProtocols:173 - Beregner fingerID for finger 39: 53937554629190552131995290556370323465
id: 53937554629190552131995290556370323465
lower: 53937554629190552131995290006614509577
upper: 121411138451101288395601026024677976156
Result (no wrap): true
2025-05-02 21:40:28 INFO  ChordProtocols:179 - Finger 39 peker n책 til: process5
2025-05-02 21:40:28 INFO  ChordProtocols:173 - Beregner fingerID for finger 40: 53937554629190552131995291106126137353
id: 53937554629190552131995291106126137353
lower: 53937554629190552131995290006614509577
upper: 121411138451101288395601026024677976156
Result (no wrap): true
2025-05-02 21:40:28 INFO  ChordProtocols:179 - Finger 40 peker n책 til: process5
2025-05-02 21:40:28 INFO  ChordProtocols:173 - Beregner fingerID for finger 41: 53937554629190552131995292205637765129
id: 53937554629190552131995292205637765129
lower: 53937554629190552131995290006614509577
upper: 121411138451101288395601026024677976156
Result (no wrap): true
2025-05-02 21:40:28 INFO  ChordProtocols:179 - Finger 41 peker n책 til: process5
2025-05-02 21:40:28 INFO  ChordProtocols:173 - Beregner fingerID for finger 42: 53937554629190552131995294404661020681
id: 53937554629190552131995294404661020681
lower: 53937554629190552131995290006614509577
upper: 121411138451101288395601026024677976156
Result (no wrap): true
2025-05-02 21:40:28 INFO  ChordProtocols:179 - Finger 42 peker n책 til: process5
2025-05-02 21:40:28 INFO  ChordProtocols:173 - Beregner fingerID for finger 43: 53937554629190552131995298802707531785
id: 53937554629190552131995298802707531785
lower: 53937554629190552131995290006614509577
upper: 121411138451101288395601026024677976156
Result (no wrap): true
2025-05-02 21:40:28 INFO  ChordProtocols:179 - Finger 43 peker n책 til: process5
2025-05-02 21:40:28 INFO  ChordProtocols:173 - Beregner fingerID for finger 44: 53937554629190552131995307598800553993
id: 53937554629190552131995307598800553993
lower: 53937554629190552131995290006614509577
upper: 121411138451101288395601026024677976156
Result (no wrap): true
2025-05-02 21:40:28 INFO  ChordProtocols:179 - Finger 44 peker n책 til: process5
2025-05-02 21:40:28 INFO  ChordProtocols:173 - Beregner fingerID for finger 45: 53937554629190552131995325190986598409
id: 53937554629190552131995325190986598409
lower: 53937554629190552131995290006614509577
upper: 121411138451101288395601026024677976156
Result (no wrap): true
2025-05-02 21:40:28 INFO  ChordProtocols:179 - Finger 45 peker n책 til: process5
2025-05-02 21:40:28 INFO  ChordProtocols:173 - Beregner fingerID for finger 46: 53937554629190552131995360375358687241
id: 53937554629190552131995360375358687241
lower: 53937554629190552131995290006614509577
upper: 121411138451101288395601026024677976156
Result (no wrap): true
2025-05-02 21:40:28 INFO  ChordProtocols:179 - Finger 46 peker n책 til: process5
2025-05-02 21:40:28 INFO  ChordProtocols:173 - Beregner fingerID for finger 47: 53937554629190552131995430744102864905
id: 53937554629190552131995430744102864905
lower: 53937554629190552131995290006614509577
upper: 121411138451101288395601026024677976156
Result (no wrap): true
2025-05-02 21:40:28 INFO  ChordProtocols:179 - Finger 47 peker n책 til: process5
2025-05-02 21:40:28 INFO  ChordProtocols:173 - Beregner fingerID for finger 48: 53937554629190552131995571481591220233
id: 53937554629190552131995571481591220233
lower: 53937554629190552131995290006614509577
upper: 121411138451101288395601026024677976156
Result (no wrap): true
2025-05-02 21:40:28 INFO  ChordProtocols:179 - Finger 48 peker n책 til: process5
2025-05-02 21:40:28 INFO  ChordProtocols:173 - Beregner fingerID for finger 49: 53937554629190552131995852956567930889
id: 53937554629190552131995852956567930889
lower: 53937554629190552131995290006614509577
upper: 121411138451101288395601026024677976156
Result (no wrap): true
2025-05-02 21:40:28 INFO  ChordProtocols:179 - Finger 49 peker n책 til: process5
2025-05-02 21:40:28 INFO  ChordProtocols:173 - Beregner fingerID for finger 50: 53937554629190552131996415906521352201
id: 53937554629190552131996415906521352201
lower: 53937554629190552131995290006614509577
upper: 121411138451101288395601026024677976156
Result (no wrap): true
2025-05-02 21:40:28 INFO  ChordProtocols:179 - Finger 50 peker n책 til: process5
2025-05-02 21:40:28 INFO  ChordProtocols:173 - Beregner fingerID for finger 51: 53937554629190552131997541806428194825
id: 53937554629190552131997541806428194825
lower: 53937554629190552131995290006614509577
upper: 121411138451101288395601026024677976156
Result (no wrap): true
2025-05-02 21:40:28 INFO  ChordProtocols:179 - Finger 51 peker n책 til: process5
2025-05-02 21:40:28 INFO  ChordProtocols:173 - Beregner fingerID for finger 52: 53937554629190552131999793606241880073
id: 53937554629190552131999793606241880073
lower: 53937554629190552131995290006614509577
upper: 121411138451101288395601026024677976156
Result (no wrap): true
2025-05-02 21:40:28 INFO  ChordProtocols:179 - Finger 52 peker n책 til: process5
2025-05-02 21:40:28 INFO  ChordProtocols:173 - Beregner fingerID for finger 53: 53937554629190552132004297205869250569
id: 53937554629190552132004297205869250569
lower: 53937554629190552131995290006614509577
upper: 121411138451101288395601026024677976156
Result (no wrap): true
2025-05-02 21:40:28 INFO  ChordProtocols:179 - Finger 53 peker n책 til: process5
2025-05-02 21:40:28 INFO  ChordProtocols:173 - Beregner fingerID for finger 54: 53937554629190552132013304405123991561
id: 53937554629190552132013304405123991561
lower: 53937554629190552131995290006614509577
upper: 121411138451101288395601026024677976156
Result (no wrap): true
2025-05-02 21:40:28 INFO  ChordProtocols:179 - Finger 54 peker n책 til: process5
2025-05-02 21:40:28 INFO  ChordProtocols:173 - Beregner fingerID for finger 55: 53937554629190552132031318803633473545
id: 53937554629190552132031318803633473545
lower: 53937554629190552131995290006614509577
upper: 121411138451101288395601026024677976156
Result (no wrap): true
2025-05-02 21:40:28 INFO  ChordProtocols:179 - Finger 55 peker n책 til: process5
2025-05-02 21:40:28 INFO  ChordProtocols:173 - Beregner fingerID for finger 56: 53937554629190552132067347600652437513
id: 53937554629190552132067347600652437513
lower: 53937554629190552131995290006614509577
upper: 121411138451101288395601026024677976156
Result (no wrap): true
2025-05-02 21:40:28 INFO  ChordProtocols:179 - Finger 56 peker n책 til: process5
2025-05-02 21:40:28 INFO  ChordProtocols:173 - Beregner fingerID for finger 57: 53937554629190552132139405194690365449
id: 53937554629190552132139405194690365449
lower: 53937554629190552131995290006614509577
upper: 121411138451101288395601026024677976156
Result (no wrap): true
2025-05-02 21:40:28 INFO  ChordProtocols:179 - Finger 57 peker n책 til: process5
2025-05-02 21:40:28 INFO  ChordProtocols:173 - Beregner fingerID for finger 58: 53937554629190552132283520382766221321
id: 53937554629190552132283520382766221321
lower: 53937554629190552131995290006614509577
upper: 121411138451101288395601026024677976156
Result (no wrap): true
2025-05-02 21:40:28 INFO  ChordProtocols:179 - Finger 58 peker n책 til: process5
2025-05-02 21:40:28 INFO  ChordProtocols:173 - Beregner fingerID for finger 59: 53937554629190552132571750758917933065
id: 53937554629190552132571750758917933065
lower: 53937554629190552131995290006614509577
upper: 121411138451101288395601026024677976156
Result (no wrap): true
2025-05-02 21:40:28 INFO  ChordProtocols:179 - Finger 59 peker n책 til: process5
2025-05-02 21:40:28 INFO  ChordProtocols:173 - Beregner fingerID for finger 60: 53937554629190552133148211511221356553
id: 53937554629190552133148211511221356553
lower: 53937554629190552131995290006614509577
upper: 121411138451101288395601026024677976156
Result (no wrap): true
2025-05-02 21:40:28 INFO  ChordProtocols:179 - Finger 60 peker n책 til: process5
2025-05-02 21:40:28 INFO  ChordProtocols:173 - Beregner fingerID for finger 61: 53937554629190552134301133015828203529
id: 53937554629190552134301133015828203529
lower: 53937554629190552131995290006614509577
upper: 121411138451101288395601026024677976156
Result (no wrap): true
2025-05-02 21:40:28 INFO  ChordProtocols:179 - Finger 61 peker n책 til: process5
2025-05-02 21:40:28 INFO  ChordProtocols:173 - Beregner fingerID for finger 62: 53937554629190552136606976025041897481
id: 53937554629190552136606976025041897481
lower: 53937554629190552131995290006614509577
upper: 121411138451101288395601026024677976156
Result (no wrap): true
2025-05-02 21:40:28 INFO  ChordProtocols:179 - Finger 62 peker n책 til: process5
2025-05-02 21:40:28 INFO  ChordProtocols:173 - Beregner fingerID for finger 63: 53937554629190552141218662043469285385
id: 53937554629190552141218662043469285385
lower: 53937554629190552131995290006614509577
upper: 121411138451101288395601026024677976156
Result (no wrap): true
2025-05-02 21:40:28 INFO  ChordProtocols:179 - Finger 63 peker n책 til: process5
2025-05-02 21:40:28 INFO  ChordProtocols:173 - Beregner fingerID for finger 64: 53937554629190552150442034080324061193
id: 53937554629190552150442034080324061193
lower: 53937554629190552131995290006614509577
upper: 121411138451101288395601026024677976156
Result (no wrap): true
2025-05-02 21:40:28 INFO  ChordProtocols:179 - Finger 64 peker n책 til: process5
2025-05-02 21:40:28 INFO  ChordProtocols:173 - Beregner fingerID for finger 65: 53937554629190552168888778154033612809
id: 53937554629190552168888778154033612809
lower: 53937554629190552131995290006614509577
upper: 121411138451101288395601026024677976156
Result (no wrap): true
2025-05-02 21:40:28 INFO  ChordProtocols:179 - Finger 65 peker n책 til: process5
2025-05-02 21:40:28 INFO  ChordProtocols:173 - Beregner fingerID for finger 66: 53937554629190552205782266301452716041
id: 53937554629190552205782266301452716041
lower: 53937554629190552131995290006614509577
upper: 121411138451101288395601026024677976156
Result (no wrap): true
2025-05-02 21:40:28 INFO  ChordProtocols:179 - Finger 66 peker n책 til: process5
2025-05-02 21:40:28 INFO  ChordProtocols:173 - Beregner fingerID for finger 67: 53937554629190552279569242596290922505
id: 53937554629190552279569242596290922505
lower: 53937554629190552131995290006614509577
upper: 121411138451101288395601026024677976156
Result (no wrap): true
2025-05-02 21:40:28 INFO  ChordProtocols:179 - Finger 67 peker n책 til: process5
2025-05-02 21:40:28 INFO  ChordProtocols:173 - Beregner fingerID for finger 68: 53937554629190552427143195185967335433
id: 53937554629190552427143195185967335433
lower: 53937554629190552131995290006614509577
upper: 121411138451101288395601026024677976156
Result (no wrap): true
2025-05-02 21:40:28 INFO  ChordProtocols:179 - Finger 68 peker n책 til: process5
2025-05-02 21:40:28 INFO  ChordProtocols:173 - Beregner fingerID for finger 69: 53937554629190552722291100365320161289
id: 53937554629190552722291100365320161289
lower: 53937554629190552131995290006614509577
upper: 121411138451101288395601026024677976156
Result (no wrap): true
2025-05-02 21:40:28 INFO  ChordProtocols:179 - Finger 69 peker n책 til: process5
2025-05-02 21:40:28 INFO  ChordProtocols:173 - Beregner fingerID for finger 70: 53937554629190553312586910724025813001
id: 53937554629190553312586910724025813001
lower: 53937554629190552131995290006614509577
upper: 121411138451101288395601026024677976156
Result (no wrap): true
2025-05-02 21:40:28 INFO  ChordProtocols:179 - Finger 70 peker n책 til: process5
2025-05-02 21:40:28 INFO  ChordProtocols:173 - Beregner fingerID for finger 71: 53937554629190554493178531441437116425
id: 53937554629190554493178531441437116425
lower: 53937554629190552131995290006614509577
upper: 121411138451101288395601026024677976156
Result (no wrap): true
2025-05-02 21:40:28 INFO  ChordProtocols:179 - Finger 71 peker n책 til: process5
2025-05-02 21:40:28 INFO  ChordProtocols:173 - Beregner fingerID for finger 72: 53937554629190556854361772876259723273
id: 53937554629190556854361772876259723273
lower: 53937554629190552131995290006614509577
upper: 121411138451101288395601026024677976156
Result (no wrap): true
2025-05-02 21:40:28 INFO  ChordProtocols:179 - Finger 72 peker n책 til: process5
2025-05-02 21:40:28 INFO  ChordProtocols:173 - Beregner fingerID for finger 73: 53937554629190561576728255745904936969
id: 53937554629190561576728255745904936969
lower: 53937554629190552131995290006614509577
upper: 121411138451101288395601026024677976156
Result (no wrap): true
2025-05-02 21:40:28 INFO  ChordProtocols:179 - Finger 73 peker n책 til: process5
2025-05-02 21:40:28 INFO  ChordProtocols:173 - Beregner fingerID for finger 74: 53937554629190571021461221485195364361
id: 53937554629190571021461221485195364361
lower: 53937554629190552131995290006614509577
upper: 121411138451101288395601026024677976156
Result (no wrap): true
2025-05-02 21:40:28 INFO  ChordProtocols:179 - Finger 74 peker n책 til: process5
2025-05-02 21:40:28 INFO  ChordProtocols:173 - Beregner fingerID for finger 75: 53937554629190589910927152963776219145
id: 53937554629190589910927152963776219145
lower: 53937554629190552131995290006614509577
upper: 121411138451101288395601026024677976156
Result (no wrap): true
2025-05-02 21:40:28 INFO  ChordProtocols:179 - Finger 75 peker n책 til: process5
2025-05-02 21:40:28 INFO  ChordProtocols:173 - Beregner fingerID for finger 76: 53937554629190627689859015920937928713
id: 53937554629190627689859015920937928713
lower: 53937554629190552131995290006614509577
upper: 121411138451101288395601026024677976156
Result (no wrap): true
2025-05-02 21:40:28 INFO  ChordProtocols:179 - Finger 76 peker n책 til: process5
2025-05-02 21:40:28 INFO  ChordProtocols:173 - Beregner fingerID for finger 77: 53937554629190703247722741835261347849
id: 53937554629190703247722741835261347849
lower: 53937554629190552131995290006614509577
upper: 121411138451101288395601026024677976156
Result (no wrap): true
2025-05-02 21:40:28 INFO  ChordProtocols:179 - Finger 77 peker n책 til: process5
2025-05-02 21:40:28 INFO  ChordProtocols:173 - Beregner fingerID for finger 78: 53937554629190854363450193663908186121
id: 53937554629190854363450193663908186121
lower: 53937554629190552131995290006614509577
upper: 121411138451101288395601026024677976156
Result (no wrap): true
2025-05-02 21:40:28 INFO  ChordProtocols:179 - Finger 78 peker n책 til: process5
2025-05-02 21:40:28 INFO  ChordProtocols:173 - Beregner fingerID for finger 79: 53937554629191156594905097321201862665
id: 53937554629191156594905097321201862665
lower: 53937554629190552131995290006614509577
upper: 121411138451101288395601026024677976156
Result (no wrap): true
2025-05-02 21:40:28 INFO  ChordProtocols:179 - Finger 79 peker n책 til: process5
2025-05-02 21:40:28 INFO  ChordProtocols:173 - Beregner fingerID for finger 80: 53937554629191761057814904635789215753
id: 53937554629191761057814904635789215753
lower: 53937554629190552131995290006614509577
upper: 121411138451101288395601026024677976156
Result (no wrap): true
2025-05-02 21:40:28 INFO  ChordProtocols:179 - Finger 80 peker n책 til: process5
2025-05-02 21:40:28 INFO  ChordProtocols:173 - Beregner fingerID for finger 81: 53937554629192969983634519264963921929
id: 53937554629192969983634519264963921929
lower: 53937554629190552131995290006614509577
upper: 121411138451101288395601026024677976156
Result (no wrap): true
2025-05-02 21:40:28 INFO  ChordProtocols:179 - Finger 81 peker n책 til: process5
2025-05-02 21:40:28 INFO  ChordProtocols:173 - Beregner fingerID for finger 82: 53937554629195387835273748523313334281
id: 53937554629195387835273748523313334281
lower: 53937554629190552131995290006614509577
upper: 121411138451101288395601026024677976156
Result (no wrap): true
2025-05-02 21:40:28 INFO  ChordProtocols:179 - Finger 82 peker n책 til: process5
2025-05-02 21:40:28 INFO  ChordProtocols:173 - Beregner fingerID for finger 83: 53937554629200223538552207040012158985
id: 53937554629200223538552207040012158985
lower: 53937554629190552131995290006614509577
upper: 121411138451101288395601026024677976156
Result (no wrap): true
2025-05-02 21:40:28 INFO  ChordProtocols:179 - Finger 83 peker n책 til: process5
2025-05-02 21:40:28 INFO  ChordProtocols:173 - Beregner fingerID for finger 84: 53937554629209894945109124073409808393
id: 53937554629209894945109124073409808393
lower: 53937554629190552131995290006614509577
upper: 121411138451101288395601026024677976156
Result (no wrap): true
2025-05-02 21:40:28 INFO  ChordProtocols:179 - Finger 84 peker n책 til: process5
2025-05-02 21:40:28 INFO  ChordProtocols:173 - Beregner fingerID for finger 85: 53937554629229237758222958140205107209
id: 53937554629229237758222958140205107209
lower: 53937554629190552131995290006614509577
upper: 121411138451101288395601026024677976156
Result (no wrap): true
2025-05-02 21:40:28 INFO  ChordProtocols:179 - Finger 85 peker n책 til: process5
2025-05-02 21:40:28 INFO  ChordProtocols:173 - Beregner fingerID for finger 86: 53937554629267923384450626273795704841
id: 53937554629267923384450626273795704841
lower: 53937554629190552131995290006614509577
upper: 121411138451101288395601026024677976156
Result (no wrap): true
2025-05-02 21:40:28 INFO  ChordProtocols:179 - Finger 86 peker n책 til: process5
2025-05-02 21:40:28 INFO  ChordProtocols:173 - Beregner fingerID for finger 87: 53937554629345294636905962540976900105
id: 53937554629345294636905962540976900105
lower: 53937554629190552131995290006614509577
upper: 121411138451101288395601026024677976156
Result (no wrap): true
2025-05-02 21:40:28 INFO  ChordProtocols:179 - Finger 87 peker n책 til: process5
2025-05-02 21:40:28 INFO  ChordProtocols:173 - Beregner fingerID for finger 88: 53937554629500037141816635075339290633
id: 53937554629500037141816635075339290633
lower: 53937554629190552131995290006614509577
upper: 121411138451101288395601026024677976156
Result (no wrap): true
2025-05-02 21:40:28 INFO  ChordProtocols:179 - Finger 88 peker n책 til: process5
2025-05-02 21:40:28 INFO  ChordProtocols:173 - Beregner fingerID for finger 89: 53937554629809522151637980144064071689
id: 53937554629809522151637980144064071689
lower: 53937554629190552131995290006614509577
upper: 121411138451101288395601026024677976156
Result (no wrap): true
2025-05-02 21:40:28 INFO  ChordProtocols:179 - Finger 89 peker n책 til: process5
2025-05-02 21:40:28 INFO  ChordProtocols:173 - Beregner fingerID for finger 90: 53937554630428492171280670281513633801
id: 53937554630428492171280670281513633801
lower: 53937554629190552131995290006614509577
upper: 121411138451101288395601026024677976156
Result (no wrap): true
2025-05-02 21:40:28 INFO  ChordProtocols:179 - Finger 90 peker n책 til: process5
2025-05-02 21:40:28 INFO  ChordProtocols:173 - Beregner fingerID for finger 91: 53937554631666432210566050556412758025
id: 53937554631666432210566050556412758025
lower: 53937554629190552131995290006614509577
upper: 121411138451101288395601026024677976156
Result (no wrap): true
2025-05-02 21:40:28 INFO  ChordProtocols:179 - Finger 91 peker n책 til: process5
2025-05-02 21:40:28 INFO  ChordProtocols:173 - Beregner fingerID for finger 92: 53937554634142312289136811106211006473
id: 53937554634142312289136811106211006473
lower: 53937554629190552131995290006614509577
upper: 121411138451101288395601026024677976156
Result (no wrap): true
2025-05-02 21:40:28 INFO  ChordProtocols:179 - Finger 92 peker n책 til: process5
2025-05-02 21:40:28 INFO  ChordProtocols:173 - Beregner fingerID for finger 93: 53937554639094072446278332205807503369
id: 53937554639094072446278332205807503369
lower: 53937554629190552131995290006614509577
upper: 121411138451101288395601026024677976156
Result (no wrap): true
2025-05-02 21:40:28 INFO  ChordProtocols:179 - Finger 93 peker n책 til: process5
2025-05-02 21:40:28 INFO  ChordProtocols:173 - Beregner fingerID for finger 94: 53937554648997592760561374405000497161
id: 53937554648997592760561374405000497161
lower: 53937554629190552131995290006614509577
upper: 121411138451101288395601026024677976156
Result (no wrap): true
2025-05-02 21:40:28 INFO  ChordProtocols:179 - Finger 94 peker n책 til: process5
2025-05-02 21:40:28 INFO  ChordProtocols:173 - Beregner fingerID for finger 95: 53937554668804633389127458803386484745
id: 53937554668804633389127458803386484745
lower: 53937554629190552131995290006614509577
upper: 121411138451101288395601026024677976156
Result (no wrap): true
2025-05-02 21:40:28 INFO  ChordProtocols:179 - Finger 95 peker n책 til: process5
2025-05-02 21:40:28 INFO  ChordProtocols:173 - Beregner fingerID for finger 96: 53937554708418714646259627600158459913
id: 53937554708418714646259627600158459913
lower: 53937554629190552131995290006614509577
upper: 121411138451101288395601026024677976156
Result (no wrap): true
2025-05-02 21:40:28 INFO  ChordProtocols:179 - Finger 96 peker n책 til: process5
2025-05-02 21:40:28 INFO  ChordProtocols:173 - Beregner fingerID for finger 97: 53937554787646877160523965193702410249
id: 53937554787646877160523965193702410249
lower: 53937554629190552131995290006614509577
upper: 121411138451101288395601026024677976156
Result (no wrap): true
2025-05-02 21:40:28 INFO  ChordProtocols:179 - Finger 97 peker n책 til: process5
2025-05-02 21:40:28 INFO  ChordProtocols:173 - Beregner fingerID for finger 98: 53937554946103202189052640380790310921
id: 53937554946103202189052640380790310921
lower: 53937554629190552131995290006614509577
upper: 121411138451101288395601026024677976156
Result (no wrap): true
2025-05-02 21:40:28 INFO  ChordProtocols:179 - Finger 98 peker n책 til: process5
2025-05-02 21:40:28 INFO  ChordProtocols:173 - Beregner fingerID for finger 99: 53937555263015852246109990754966112265
id: 53937555263015852246109990754966112265
lower: 53937554629190552131995290006614509577
upper: 121411138451101288395601026024677976156
Result (no wrap): true
2025-05-02 21:40:28 INFO  ChordProtocols:179 - Finger 99 peker n책 til: process5
2025-05-02 21:40:28 INFO  ChordProtocols:173 - Beregner fingerID for finger 100: 53937555896841152360224691503317714953
id: 53937555896841152360224691503317714953
lower: 53937554629190552131995290006614509577
upper: 121411138451101288395601026024677976156
Result (no wrap): true
2025-05-02 21:40:28 INFO  ChordProtocols:179 - Finger 100 peker n책 til: process5
2025-05-02 21:40:28 INFO  ChordProtocols:173 - Beregner fingerID for finger 101: 53937557164491752588454093000020920329
id: 53937557164491752588454093000020920329
lower: 53937554629190552131995290006614509577
upper: 121411138451101288395601026024677976156
Result (no wrap): true
2025-05-02 21:40:28 INFO  ChordProtocols:179 - Finger 101 peker n책 til: process5
2025-05-02 21:40:28 INFO  ChordProtocols:173 - Beregner fingerID for finger 102: 53937559699792953044912895993427331081
id: 53937559699792953044912895993427331081
lower: 53937554629190552131995290006614509577
upper: 121411138451101288395601026024677976156
Result (no wrap): true
2025-05-02 21:40:28 INFO  ChordProtocols:179 - Finger 102 peker n책 til: process5
2025-05-02 21:40:28 INFO  ChordProtocols:173 - Beregner fingerID for finger 103: 53937564770395353957830501980240152585
id: 53937564770395353957830501980240152585
lower: 53937554629190552131995290006614509577
upper: 121411138451101288395601026024677976156
Result (no wrap): true
2025-05-02 21:40:28 INFO  ChordProtocols:179 - Finger 103 peker n책 til: process5
2025-05-02 21:40:28 INFO  ChordProtocols:173 - Beregner fingerID for finger 104: 53937574911600155783665713953865795593
id: 53937574911600155783665713953865795593
lower: 53937554629190552131995290006614509577
upper: 121411138451101288395601026024677976156
Result (no wrap): true
2025-05-02 21:40:28 INFO  ChordProtocols:179 - Finger 104 peker n책 til: process5
2025-05-02 21:40:28 INFO  ChordProtocols:173 - Beregner fingerID for finger 105: 53937595194009759435336137901117081609
id: 53937595194009759435336137901117081609
lower: 53937554629190552131995290006614509577
upper: 121411138451101288395601026024677976156
Result (no wrap): true
2025-05-02 21:40:28 INFO  ChordProtocols:179 - Finger 105 peker n책 til: process5
2025-05-02 21:40:28 INFO  ChordProtocols:173 - Beregner fingerID for finger 106: 53937635758828966738676985795619653641
id: 53937635758828966738676985795619653641
lower: 53937554629190552131995290006614509577
upper: 121411138451101288395601026024677976156
Result (no wrap): true
2025-05-02 21:40:28 INFO  ChordProtocols:179 - Finger 106 peker n책 til: process5
2025-05-02 21:40:28 INFO  ChordProtocols:173 - Beregner fingerID for finger 107: 53937716888467381345358681584624797705
id: 53937716888467381345358681584624797705
lower: 53937554629190552131995290006614509577
upper: 121411138451101288395601026024677976156
Result (no wrap): true
2025-05-02 21:40:28 INFO  ChordProtocols:179 - Finger 107 peker n책 til: process5
2025-05-02 21:40:28 INFO  ChordProtocols:173 - Beregner fingerID for finger 108: 53937879147744210558722073162635085833
id: 53937879147744210558722073162635085833
lower: 53937554629190552131995290006614509577
upper: 121411138451101288395601026024677976156
Result (no wrap): true
2025-05-02 21:40:28 INFO  ChordProtocols:179 - Finger 108 peker n책 til: process5
2025-05-02 21:40:28 INFO  ChordProtocols:173 - Beregner fingerID for finger 109: 53938203666297868985448856318655662089
id: 53938203666297868985448856318655662089
lower: 53937554629190552131995290006614509577
upper: 121411138451101288395601026024677976156
Result (no wrap): true
2025-05-02 21:40:28 INFO  ChordProtocols:179 - Finger 109 peker n책 til: process5
2025-05-02 21:40:28 INFO  ChordProtocols:173 - Beregner fingerID for finger 110: 53938852703405185838902422630696814601
id: 53938852703405185838902422630696814601
lower: 53937554629190552131995290006614509577
upper: 121411138451101288395601026024677976156
Result (no wrap): true
2025-05-02 21:40:28 INFO  ChordProtocols:179 - Finger 110 peker n책 til: process5
2025-05-02 21:40:28 INFO  ChordProtocols:173 - Beregner fingerID for finger 111: 53940150777619819545809555254779119625
id: 53940150777619819545809555254779119625
lower: 53937554629190552131995290006614509577
upper: 121411138451101288395601026024677976156
Result (no wrap): true
2025-05-02 21:40:28 INFO  ChordProtocols:179 - Finger 111 peker n책 til: process5
2025-05-02 21:40:28 INFO  ChordProtocols:173 - Beregner fingerID for finger 112: 53942746926049086959623820502943729673
id: 53942746926049086959623820502943729673
lower: 53937554629190552131995290006614509577
upper: 121411138451101288395601026024677976156
Result (no wrap): true
2025-05-02 21:40:28 INFO  ChordProtocols:179 - Finger 112 peker n책 til: process5
2025-05-02 21:40:28 INFO  ChordProtocols:173 - Beregner fingerID for finger 113: 53947939222907621787252350999272949769
id: 53947939222907621787252350999272949769
lower: 53937554629190552131995290006614509577
upper: 121411138451101288395601026024677976156
Result (no wrap): true
2025-05-02 21:40:28 INFO  ChordProtocols:179 - Finger 113 peker n책 til: process5
2025-05-02 21:40:28 INFO  ChordProtocols:173 - Beregner fingerID for finger 114: 53958323816624691442509411991931389961
id: 53958323816624691442509411991931389961
lower: 53937554629190552131995290006614509577
upper: 121411138451101288395601026024677976156
Result (no wrap): true
2025-05-02 21:40:28 INFO  ChordProtocols:179 - Finger 114 peker n책 til: process5
2025-05-02 21:40:28 INFO  ChordProtocols:173 - Beregner fingerID for finger 115: 53979093004058830753023533977248270345
id: 53979093004058830753023533977248270345
lower: 53937554629190552131995290006614509577
upper: 121411138451101288395601026024677976156
Result (no wrap): true
2025-05-02 21:40:28 INFO  ChordProtocols:179 - Finger 115 peker n책 til: process5
2025-05-02 21:40:28 INFO  ChordProtocols:173 - Beregner fingerID for finger 116: 54020631378927109374051777947882031113
id: 54020631378927109374051777947882031113
lower: 53937554629190552131995290006614509577
upper: 121411138451101288395601026024677976156
Result (no wrap): true
2025-05-02 21:40:28 INFO  ChordProtocols:179 - Finger 116 peker n책 til: process5
2025-05-02 21:40:28 INFO  ChordProtocols:173 - Beregner fingerID for finger 117: 54103708128663666616108265889149552649
id: 54103708128663666616108265889149552649
lower: 53937554629190552131995290006614509577
upper: 121411138451101288395601026024677976156
Result (no wrap): true
2025-05-02 21:40:28 INFO  ChordProtocols:179 - Finger 117 peker n책 til: process5
2025-05-02 21:40:28 INFO  ChordProtocols:173 - Beregner fingerID for finger 118: 54269861628136781100221241771684595721
id: 54269861628136781100221241771684595721
lower: 53937554629190552131995290006614509577
upper: 121411138451101288395601026024677976156
Result (no wrap): true
2025-05-02 21:40:28 INFO  ChordProtocols:179 - Finger 118 peker n책 til: process5
2025-05-02 21:40:28 INFO  ChordProtocols:173 - Beregner fingerID for finger 119: 54602168627083010068447193536754681865
id: 54602168627083010068447193536754681865
lower: 53937554629190552131995290006614509577
upper: 121411138451101288395601026024677976156
Result (no wrap): true
2025-05-02 21:40:28 INFO  ChordProtocols:179 - Finger 119 peker n책 til: process5
2025-05-02 21:40:28 INFO  ChordProtocols:173 - Beregner fingerID for finger 120: 55266782624975468004899097066894854153
id: 55266782624975468004899097066894854153
lower: 53937554629190552131995290006614509577
upper: 121411138451101288395601026024677976156
Result (no wrap): true
2025-05-02 21:40:28 INFO  ChordProtocols:179 - Finger 120 peker n책 til: process5
2025-05-02 21:40:28 INFO  ChordProtocols:173 - Beregner fingerID for finger 121: 56596010620760383877802904127175198729
id: 56596010620760383877802904127175198729
lower: 53937554629190552131995290006614509577
upper: 121411138451101288395601026024677976156
Result (no wrap): true
2025-05-02 21:40:28 INFO  ChordProtocols:179 - Finger 121 peker n책 til: process5
2025-05-02 21:40:28 INFO  ChordProtocols:173 - Beregner fingerID for finger 122: 59254466612330215623610518247735887881
id: 59254466612330215623610518247735887881
lower: 53937554629190552131995290006614509577
upper: 121411138451101288395601026024677976156
Result (no wrap): true
2025-05-02 21:40:28 INFO  ChordProtocols:179 - Finger 122 peker n책 til: process5
2025-05-02 21:40:28 INFO  ChordProtocols:173 - Beregner fingerID for finger 123: 64571378595469879115225746488857266185
id: 64571378595469879115225746488857266185
lower: 53937554629190552131995290006614509577
upper: 121411138451101288395601026024677976156
Result (no wrap): true
2025-05-02 21:40:28 INFO  ChordProtocols:179 - Finger 123 peker n책 til: process5
2025-05-02 21:40:28 INFO  ChordProtocols:173 - Beregner fingerID for finger 124: 75205202561749206098456202971100022793
id: 75205202561749206098456202971100022793
lower: 53937554629190552131995290006614509577
upper: 121411138451101288395601026024677976156
Result (no wrap): true
2025-05-02 21:40:28 INFO  ChordProtocols:179 - Finger 124 peker n책 til: process5
2025-05-02 21:40:28 INFO  ChordProtocols:173 - Beregner fingerID for finger 125: 96472850494307860064917115935585536009
id: 96472850494307860064917115935585536009
lower: 53937554629190552131995290006614509577
upper: 121411138451101288395601026024677976156
Result (no wrap): true
2025-05-02 21:40:28 INFO  ChordProtocols:179 - Finger 125 peker n책 til: process5
2025-05-02 21:40:28 INFO  ChordProtocols:173 - Beregner fingerID for finger 126: 139008146359425167997838941864556562441
id: 139008146359425167997838941864556562441
lower: 53937554629190552131995290006614509577
upper: 121411138451101288395601026024677976156
Result (no wrap): false
id: 121411138451101288395601026024677976156
lower: 53937554629190552131995290006614509577
upper: 139008146359425167997838941864556562441
Result (no wrap): true
id: 139008146359425167997838941864556562441
lower: 121411138451101288395601026024677976156
upper: 210821560651360572675896360671414673172
Result (no wrap): true
2025-05-02 21:40:28 INFO  ChordProtocols:179 - Finger 126 peker n책 til: process4
2025-05-02 21:40:28 INFO  ChordProtocols:173 - Beregner fingerID for finger 127: 224078738089659783863682593722498615305
id: 224078738089659783863682593722498615305
lower: 53937554629190552131995290006614509577
upper: 121411138451101288395601026024677976156
Result (no wrap): false
id: 210821560651360572675896360671414673172
lower: 53937554629190552131995290006614509577
upper: 224078738089659783863682593722498615305
Result (no wrap): true
id: 224078738089659783863682593722498615305
lower: 210821560651360572675896360671414673172
upper: 15618062003214643351512781541041391612
Result (wrap): true
2025-05-02 21:40:28 INFO  ChordProtocols:179 - Finger 127 peker n책 til: process2
2025-05-02 21:40:28 INFO  StabilizationProtocols:60 - Checking the predecessor for Node: process1
==================================
Node Identifier = 53937554629190552131995290006614509577
Node IP address = process1
successor(process1) = process5
predecessor(process1) = process2
Current File keys for process1 => []
==================================
2025-05-02 21:40:28 INFO  StabilizationProtocols:130 - Updating the successor for Node: process2
id: 15618062003214643351512781541041391613
lower: 15618062003214643351512781541041391612
upper: 53937554629190552131995290006614509577
Result (no wrap): true
2025-05-02 21:40:28 INFO  StabilizationProtocols:84 - Stabilizing ring from process2...
2025-05-02 21:40:28 INFO  StabilizationProtocols:91 - Stabilize ring: succnode = process1
id: 15618062003214643351512781541041391612
lower: 15618062003214643351512781541041391613
upper: 53937554629190552131995290006614509578
Result (no wrap): false
2025-05-02 21:40:28 INFO  StabilizationProtocols:113 - Finished stabilizing chordring from process2
2025-05-02 21:40:28 INFO  ChordProtocols:159 - Oppdaterer FingerTable for Node: process2
2025-05-02 21:40:28 INFO  ChordProtocols:173 - Beregner fingerID for finger 0: 15618062003214643351512781541041391613
id: 15618062003214643351512781541041391613
lower: 15618062003214643351512781541041391612
upper: 53937554629190552131995290006614509577
Result (no wrap): true
2025-05-02 21:40:28 INFO  ChordProtocols:179 - Finger 0 peker n책 til: process1
2025-05-02 21:40:28 INFO  ChordProtocols:173 - Beregner fingerID for finger 1: 15618062003214643351512781541041391614
id: 15618062003214643351512781541041391614
lower: 15618062003214643351512781541041391612
upper: 53937554629190552131995290006614509577
Result (no wrap): true
2025-05-02 21:40:28 INFO  ChordProtocols:179 - Finger 1 peker n책 til: process1
2025-05-02 21:40:28 INFO  ChordProtocols:173 - Beregner fingerID for finger 2: 15618062003214643351512781541041391616
id: 15618062003214643351512781541041391616
lower: 15618062003214643351512781541041391612
upper: 53937554629190552131995290006614509577
Result (no wrap): true
2025-05-02 21:40:28 INFO  ChordProtocols:179 - Finger 2 peker n책 til: process1
2025-05-02 21:40:28 INFO  ChordProtocols:173 - Beregner fingerID for finger 3: 15618062003214643351512781541041391620
id: 15618062003214643351512781541041391620
lower: 15618062003214643351512781541041391612
upper: 53937554629190552131995290006614509577
Result (no wrap): true
2025-05-02 21:40:28 INFO  ChordProtocols:179 - Finger 3 peker n책 til: process1
2025-05-02 21:40:28 INFO  ChordProtocols:173 - Beregner fingerID for finger 4: 15618062003214643351512781541041391628
id: 15618062003214643351512781541041391628
lower: 15618062003214643351512781541041391612
upper: 53937554629190552131995290006614509577
Result (no wrap): true
2025-05-02 21:40:28 INFO  ChordProtocols:179 - Finger 4 peker n책 til: process1
2025-05-02 21:40:28 INFO  ChordProtocols:173 - Beregner fingerID for finger 5: 15618062003214643351512781541041391644
id: 15618062003214643351512781541041391644
lower: 15618062003214643351512781541041391612
upper: 53937554629190552131995290006614509577
Result (no wrap): true
2025-05-02 21:40:28 INFO  ChordProtocols:179 - Finger 5 peker n책 til: process1
2025-05-02 21:40:28 INFO  ChordProtocols:173 - Beregner fingerID for finger 6: 15618062003214643351512781541041391676
id: 15618062003214643351512781541041391676
lower: 15618062003214643351512781541041391612
upper: 53937554629190552131995290006614509577
Result (no wrap): true
2025-05-02 21:40:28 INFO  ChordProtocols:179 - Finger 6 peker n책 til: process1
2025-05-02 21:40:28 INFO  ChordProtocols:173 - Beregner fingerID for finger 7: 15618062003214643351512781541041391740
id: 15618062003214643351512781541041391740
lower: 15618062003214643351512781541041391612
upper: 53937554629190552131995290006614509577
Result (no wrap): true
2025-05-02 21:40:28 INFO  ChordProtocols:179 - Finger 7 peker n책 til: process1
2025-05-02 21:40:28 INFO  ChordProtocols:173 - Beregner fingerID for finger 8: 15618062003214643351512781541041391868
id: 15618062003214643351512781541041391868
lower: 15618062003214643351512781541041391612
upper: 53937554629190552131995290006614509577
Result (no wrap): true
2025-05-02 21:40:28 INFO  ChordProtocols:179 - Finger 8 peker n책 til: process1
2025-05-02 21:40:28 INFO  ChordProtocols:173 - Beregner fingerID for finger 9: 15618062003214643351512781541041392124
id: 15618062003214643351512781541041392124
lower: 15618062003214643351512781541041391612
upper: 53937554629190552131995290006614509577
Result (no wrap): true
2025-05-02 21:40:28 INFO  ChordProtocols:179 - Finger 9 peker n책 til: process1
2025-05-02 21:40:28 INFO  ChordProtocols:173 - Beregner fingerID for finger 10: 15618062003214643351512781541041392636
id: 15618062003214643351512781541041392636
lower: 15618062003214643351512781541041391612
upper: 53937554629190552131995290006614509577
Result (no wrap): true
2025-05-02 21:40:28 INFO  ChordProtocols:179 - Finger 10 peker n책 til: process1
2025-05-02 21:40:28 INFO  ChordProtocols:173 - Beregner fingerID for finger 11: 15618062003214643351512781541041393660
id: 15618062003214643351512781541041393660
lower: 15618062003214643351512781541041391612
upper: 53937554629190552131995290006614509577
Result (no wrap): true
2025-05-02 21:40:28 INFO  ChordProtocols:179 - Finger 11 peker n책 til: process1
2025-05-02 21:40:28 INFO  ChordProtocols:173 - Beregner fingerID for finger 12: 15618062003214643351512781541041395708
id: 15618062003214643351512781541041395708
lower: 15618062003214643351512781541041391612
upper: 53937554629190552131995290006614509577
Result (no wrap): true
2025-05-02 21:40:28 INFO  ChordProtocols:179 - Finger 12 peker n책 til: process1
2025-05-02 21:40:28 INFO  ChordProtocols:173 - Beregner fingerID for finger 13: 15618062003214643351512781541041399804
id: 15618062003214643351512781541041399804
lower: 15618062003214643351512781541041391612
upper: 53937554629190552131995290006614509577
Result (no wrap): true
2025-05-02 21:40:28 INFO  ChordProtocols:179 - Finger 13 peker n책 til: process1
2025-05-02 21:40:28 INFO  ChordProtocols:173 - Beregner fingerID for finger 14: 15618062003214643351512781541041407996
id: 15618062003214643351512781541041407996
lower: 15618062003214643351512781541041391612
upper: 53937554629190552131995290006614509577
Result (no wrap): true
2025-05-02 21:40:28 INFO  ChordProtocols:179 - Finger 14 peker n책 til: process1
2025-05-02 21:40:28 INFO  ChordProtocols:173 - Beregner fingerID for finger 15: 15618062003214643351512781541041424380
id: 15618062003214643351512781541041424380
lower: 15618062003214643351512781541041391612
upper: 53937554629190552131995290006614509577
Result (no wrap): true
2025-05-02 21:40:28 INFO  ChordProtocols:179 - Finger 15 peker n책 til: process1
2025-05-02 21:40:28 INFO  ChordProtocols:173 - Beregner fingerID for finger 16: 15618062003214643351512781541041457148
id: 15618062003214643351512781541041457148
lower: 15618062003214643351512781541041391612
upper: 53937554629190552131995290006614509577
Result (no wrap): true
2025-05-02 21:40:28 INFO  ChordProtocols:179 - Finger 16 peker n책 til: process1
2025-05-02 21:40:28 INFO  ChordProtocols:173 - Beregner fingerID for finger 17: 15618062003214643351512781541041522684
id: 15618062003214643351512781541041522684
lower: 15618062003214643351512781541041391612
upper: 53937554629190552131995290006614509577
Result (no wrap): true
2025-05-02 21:40:28 INFO  ChordProtocols:179 - Finger 17 peker n책 til: process1
2025-05-02 21:40:28 INFO  ChordProtocols:173 - Beregner fingerID for finger 18: 15618062003214643351512781541041653756
id: 15618062003214643351512781541041653756
lower: 15618062003214643351512781541041391612
upper: 53937554629190552131995290006614509577
Result (no wrap): true
2025-05-02 21:40:28 INFO  ChordProtocols:179 - Finger 18 peker n책 til: process1
2025-05-02 21:40:28 INFO  ChordProtocols:173 - Beregner fingerID for finger 19: 15618062003214643351512781541041915900
id: 15618062003214643351512781541041915900
lower: 15618062003214643351512781541041391612
upper: 53937554629190552131995290006614509577
Result (no wrap): true
2025-05-02 21:40:28 INFO  ChordProtocols:179 - Finger 19 peker n책 til: process1
2025-05-02 21:40:28 INFO  ChordProtocols:173 - Beregner fingerID for finger 20: 15618062003214643351512781541042440188
id: 15618062003214643351512781541042440188
lower: 15618062003214643351512781541041391612
upper: 53937554629190552131995290006614509577
Result (no wrap): true
2025-05-02 21:40:28 INFO  ChordProtocols:179 - Finger 20 peker n책 til: process1
2025-05-02 21:40:28 INFO  ChordProtocols:173 - Beregner fingerID for finger 21: 15618062003214643351512781541043488764
id: 15618062003214643351512781541043488764
lower: 15618062003214643351512781541041391612
upper: 53937554629190552131995290006614509577
Result (no wrap): true
2025-05-02 21:40:28 INFO  ChordProtocols:179 - Finger 21 peker n책 til: process1
2025-05-02 21:40:28 INFO  ChordProtocols:173 - Beregner fingerID for finger 22: 15618062003214643351512781541045585916
id: 15618062003214643351512781541045585916
lower: 15618062003214643351512781541041391612
upper: 53937554629190552131995290006614509577
Result (no wrap): true
2025-05-02 21:40:28 INFO  ChordProtocols:179 - Finger 22 peker n책 til: process1
2025-05-02 21:40:28 INFO  ChordProtocols:173 - Beregner fingerID for finger 23: 15618062003214643351512781541049780220
id: 15618062003214643351512781541049780220
lower: 15618062003214643351512781541041391612
upper: 53937554629190552131995290006614509577
Result (no wrap): true
2025-05-02 21:40:28 INFO  ChordProtocols:179 - Finger 23 peker n책 til: process1
2025-05-02 21:40:28 INFO  ChordProtocols:173 - Beregner fingerID for finger 24: 15618062003214643351512781541058168828
id: 15618062003214643351512781541058168828
lower: 15618062003214643351512781541041391612
upper: 53937554629190552131995290006614509577
Result (no wrap): true
2025-05-02 21:40:28 INFO  ChordProtocols:179 - Finger 24 peker n책 til: process1
2025-05-02 21:40:28 INFO  ChordProtocols:173 - Beregner fingerID for finger 25: 15618062003214643351512781541074946044
id: 15618062003214643351512781541074946044
lower: 15618062003214643351512781541041391612
upper: 53937554629190552131995290006614509577
Result (no wrap): true
2025-05-02 21:40:28 INFO  ChordProtocols:179 - Finger 25 peker n책 til: process1
2025-05-02 21:40:28 INFO  ChordProtocols:173 - Beregner fingerID for finger 26: 15618062003214643351512781541108500476
id: 15618062003214643351512781541108500476
lower: 15618062003214643351512781541041391612
upper: 53937554629190552131995290006614509577
Result (no wrap): true
2025-05-02 21:40:28 INFO  ChordProtocols:179 - Finger 26 peker n책 til: process1
2025-05-02 21:40:28 INFO  ChordProtocols:173 - Beregner fingerID for finger 27: 15618062003214643351512781541175609340
id: 15618062003214643351512781541175609340
lower: 15618062003214643351512781541041391612
upper: 53937554629190552131995290006614509577
Result (no wrap): true
2025-05-02 21:40:28 INFO  ChordProtocols:179 - Finger 27 peker n책 til: process1
2025-05-02 21:40:28 INFO  ChordProtocols:173 - Beregner fingerID for finger 28: 15618062003214643351512781541309827068
id: 15618062003214643351512781541309827068
lower: 15618062003214643351512781541041391612
upper: 53937554629190552131995290006614509577
Result (no wrap): true
2025-05-02 21:40:28 INFO  ChordProtocols:179 - Finger 28 peker n책 til: process1
2025-05-02 21:40:28 INFO  ChordProtocols:173 - Beregner fingerID for finger 29: 15618062003214643351512781541578262524
id: 15618062003214643351512781541578262524
lower: 15618062003214643351512781541041391612
upper: 53937554629190552131995290006614509577
Result (no wrap): true
2025-05-02 21:40:28 INFO  ChordProtocols:179 - Finger 29 peker n책 til: process1
2025-05-02 21:40:28 INFO  ChordProtocols:173 - Beregner fingerID for finger 30: 15618062003214643351512781542115133436
id: 15618062003214643351512781542115133436
lower: 15618062003214643351512781541041391612
upper: 53937554629190552131995290006614509577
Result (no wrap): true
2025-05-02 21:40:28 INFO  ChordProtocols:179 - Finger 30 peker n책 til: process1
2025-05-02 21:40:28 INFO  ChordProtocols:173 - Beregner fingerID for finger 31: 15618062003214643351512781543188875260
id: 15618062003214643351512781543188875260
lower: 15618062003214643351512781541041391612
upper: 53937554629190552131995290006614509577
Result (no wrap): true
2025-05-02 21:40:28 INFO  ChordProtocols:179 - Finger 31 peker n책 til: process1
2025-05-02 21:40:28 INFO  ChordProtocols:173 - Beregner fingerID for finger 32: 15618062003214643351512781545336358908
id: 15618062003214643351512781545336358908
lower: 15618062003214643351512781541041391612
upper: 53937554629190552131995290006614509577
Result (no wrap): true
2025-05-02 21:40:28 INFO  ChordProtocols:179 - Finger 32 peker n책 til: process1
2025-05-02 21:40:28 INFO  ChordProtocols:173 - Beregner fingerID for finger 33: 15618062003214643351512781549631326204
id: 15618062003214643351512781549631326204
lower: 15618062003214643351512781541041391612
upper: 53937554629190552131995290006614509577
Result (no wrap): true
2025-05-02 21:40:28 INFO  ChordProtocols:179 - Finger 33 peker n책 til: process1
2025-05-02 21:40:28 INFO  ChordProtocols:173 - Beregner fingerID for finger 34: 15618062003214643351512781558221260796
id: 15618062003214643351512781558221260796
lower: 15618062003214643351512781541041391612
upper: 53937554629190552131995290006614509577
Result (no wrap): true
2025-05-02 21:40:28 INFO  ChordProtocols:179 - Finger 34 peker n책 til: process1
2025-05-02 21:40:28 INFO  ChordProtocols:173 - Beregner fingerID for finger 35: 15618062003214643351512781575401129980
id: 15618062003214643351512781575401129980
lower: 15618062003214643351512781541041391612
upper: 53937554629190552131995290006614509577
Result (no wrap): true
2025-05-02 21:40:28 INFO  ChordProtocols:179 - Finger 35 peker n책 til: process1
2025-05-02 21:40:28 INFO  ChordProtocols:173 - Beregner fingerID for finger 36: 15618062003214643351512781609760868348
id: 15618062003214643351512781609760868348
lower: 15618062003214643351512781541041391612
upper: 53937554629190552131995290006614509577
Result (no wrap): true
2025-05-02 21:40:28 INFO  ChordProtocols:179 - Finger 36 peker n책 til: process1
2025-05-02 21:40:28 INFO  ChordProtocols:173 - Beregner fingerID for finger 37: 15618062003214643351512781678480345084
id: 15618062003214643351512781678480345084
lower: 15618062003214643351512781541041391612
upper: 53937554629190552131995290006614509577
Result (no wrap): true
2025-05-02 21:40:28 INFO  ChordProtocols:179 - Finger 37 peker n책 til: process1
2025-05-02 21:40:28 INFO  ChordProtocols:173 - Beregner fingerID for finger 38: 15618062003214643351512781815919298556
id: 15618062003214643351512781815919298556
lower: 15618062003214643351512781541041391612
upper: 53937554629190552131995290006614509577
Result (no wrap): true
2025-05-02 21:40:28 INFO  ChordProtocols:179 - Finger 38 peker n책 til: process1
2025-05-02 21:40:28 INFO  ChordProtocols:173 - Beregner fingerID for finger 39: 15618062003214643351512782090797205500
id: 15618062003214643351512782090797205500
lower: 15618062003214643351512781541041391612
upper: 53937554629190552131995290006614509577
Result (no wrap): true
2025-05-02 21:40:28 INFO  ChordProtocols:179 - Finger 39 peker n책 til: process1
2025-05-02 21:40:28 INFO  ChordProtocols:173 - Beregner fingerID for finger 40: 15618062003214643351512782640553019388
id: 15618062003214643351512782640553019388
lower: 15618062003214643351512781541041391612
upper: 53937554629190552131995290006614509577
Result (no wrap): true
2025-05-02 21:40:28 INFO  ChordProtocols:179 - Finger 40 peker n책 til: process1
2025-05-02 21:40:28 INFO  ChordProtocols:173 - Beregner fingerID for finger 41: 15618062003214643351512783740064647164
id: 15618062003214643351512783740064647164
lower: 15618062003214643351512781541041391612
upper: 53937554629190552131995290006614509577
Result (no wrap): true
2025-05-02 21:40:28 INFO  ChordProtocols:179 - Finger 41 peker n책 til: process1
2025-05-02 21:40:28 INFO  ChordProtocols:173 - Beregner fingerID for finger 42: 15618062003214643351512785939087902716
id: 15618062003214643351512785939087902716
lower: 15618062003214643351512781541041391612
upper: 53937554629190552131995290006614509577
Result (no wrap): true
2025-05-02 21:40:28 INFO  ChordProtocols:179 - Finger 42 peker n책 til: process1
2025-05-02 21:40:28 INFO  ChordProtocols:173 - Beregner fingerID for finger 43: 15618062003214643351512790337134413820
id: 15618062003214643351512790337134413820
lower: 15618062003214643351512781541041391612
upper: 53937554629190552131995290006614509577
Result (no wrap): true
2025-05-02 21:40:28 INFO  ChordProtocols:179 - Finger 43 peker n책 til: process1
2025-05-02 21:40:28 INFO  ChordProtocols:173 - Beregner fingerID for finger 44: 15618062003214643351512799133227436028
id: 15618062003214643351512799133227436028
lower: 15618062003214643351512781541041391612
upper: 53937554629190552131995290006614509577
Result (no wrap): true
2025-05-02 21:40:28 INFO  ChordProtocols:179 - Finger 44 peker n책 til: process1
2025-05-02 21:40:28 INFO  ChordProtocols:173 - Beregner fingerID for finger 45: 15618062003214643351512816725413480444
id: 15618062003214643351512816725413480444
lower: 15618062003214643351512781541041391612
upper: 53937554629190552131995290006614509577
Result (no wrap): true
2025-05-02 21:40:28 INFO  ChordProtocols:179 - Finger 45 peker n책 til: process1
2025-05-02 21:40:28 INFO  ChordProtocols:173 - Beregner fingerID for finger 46: 15618062003214643351512851909785569276
id: 15618062003214643351512851909785569276
lower: 15618062003214643351512781541041391612
upper: 53937554629190552131995290006614509577
Result (no wrap): true
2025-05-02 21:40:28 INFO  ChordProtocols:179 - Finger 46 peker n책 til: process1
2025-05-02 21:40:28 INFO  ChordProtocols:173 - Beregner fingerID for finger 47: 15618062003214643351512922278529746940
id: 15618062003214643351512922278529746940
lower: 15618062003214643351512781541041391612
upper: 53937554629190552131995290006614509577
Result (no wrap): true
2025-05-02 21:40:28 INFO  ChordProtocols:179 - Finger 47 peker n책 til: process1
2025-05-02 21:40:28 INFO  ChordProtocols:173 - Beregner fingerID for finger 48: 15618062003214643351513063016018102268
id: 15618062003214643351513063016018102268
lower: 15618062003214643351512781541041391612
upper: 53937554629190552131995290006614509577
Result (no wrap): true
2025-05-02 21:40:28 INFO  ChordProtocols:179 - Finger 48 peker n책 til: process1
2025-05-02 21:40:28 INFO  ChordProtocols:173 - Beregner fingerID for finger 49: 15618062003214643351513344490994812924
id: 15618062003214643351513344490994812924
lower: 15618062003214643351512781541041391612
upper: 53937554629190552131995290006614509577
Result (no wrap): true
2025-05-02 21:40:28 INFO  ChordProtocols:179 - Finger 49 peker n책 til: process1
2025-05-02 21:40:28 INFO  ChordProtocols:173 - Beregner fingerID for finger 50: 15618062003214643351513907440948234236
id: 15618062003214643351513907440948234236
lower: 15618062003214643351512781541041391612
upper: 53937554629190552131995290006614509577
Result (no wrap): true
2025-05-02 21:40:28 INFO  ChordProtocols:179 - Finger 50 peker n책 til: process1
2025-05-02 21:40:28 INFO  ChordProtocols:173 - Beregner fingerID for finger 51: 15618062003214643351515033340855076860
id: 15618062003214643351515033340855076860
lower: 15618062003214643351512781541041391612
upper: 53937554629190552131995290006614509577
Result (no wrap): true
2025-05-02 21:40:28 INFO  ChordProtocols:179 - Finger 51 peker n책 til: process1
2025-05-02 21:40:28 INFO  ChordProtocols:173 - Beregner fingerID for finger 52: 15618062003214643351517285140668762108
id: 15618062003214643351517285140668762108
lower: 15618062003214643351512781541041391612
upper: 53937554629190552131995290006614509577
Result (no wrap): true
2025-05-02 21:40:28 INFO  ChordProtocols:179 - Finger 52 peker n책 til: process1
2025-05-02 21:40:28 INFO  ChordProtocols:173 - Beregner fingerID for finger 53: 15618062003214643351521788740296132604
id: 15618062003214643351521788740296132604
lower: 15618062003214643351512781541041391612
upper: 53937554629190552131995290006614509577
Result (no wrap): true
2025-05-02 21:40:28 INFO  ChordProtocols:179 - Finger 53 peker n책 til: process1
2025-05-02 21:40:28 INFO  ChordProtocols:173 - Beregner fingerID for finger 54: 15618062003214643351530795939550873596
id: 15618062003214643351530795939550873596
lower: 15618062003214643351512781541041391612
upper: 53937554629190552131995290006614509577
Result (no wrap): true
2025-05-02 21:40:28 INFO  ChordProtocols:179 - Finger 54 peker n책 til: process1
2025-05-02 21:40:28 INFO  ChordProtocols:173 - Beregner fingerID for finger 55: 15618062003214643351548810338060355580
id: 15618062003214643351548810338060355580
lower: 15618062003214643351512781541041391612
upper: 53937554629190552131995290006614509577
Result (no wrap): true
2025-05-02 21:40:28 INFO  ChordProtocols:179 - Finger 55 peker n책 til: process1
2025-05-02 21:40:28 INFO  ChordProtocols:173 - Beregner fingerID for finger 56: 15618062003214643351584839135079319548
id: 15618062003214643351584839135079319548
lower: 15618062003214643351512781541041391612
upper: 53937554629190552131995290006614509577
Result (no wrap): true
2025-05-02 21:40:28 INFO  ChordProtocols:179 - Finger 56 peker n책 til: process1
2025-05-02 21:40:28 INFO  ChordProtocols:173 - Beregner fingerID for finger 57: 15618062003214643351656896729117247484
id: 15618062003214643351656896729117247484
lower: 15618062003214643351512781541041391612
upper: 53937554629190552131995290006614509577
Result (no wrap): true
2025-05-02 21:40:28 INFO  ChordProtocols:179 - Finger 57 peker n책 til: process1
2025-05-02 21:40:28 INFO  ChordProtocols:173 - Beregner fingerID for finger 58: 15618062003214643351801011917193103356
id: 15618062003214643351801011917193103356
lower: 15618062003214643351512781541041391612
upper: 53937554629190552131995290006614509577
Result (no wrap): true
2025-05-02 21:40:28 INFO  ChordProtocols:179 - Finger 58 peker n책 til: process1
2025-05-02 21:40:28 INFO  ChordProtocols:173 - Beregner fingerID for finger 59: 15618062003214643352089242293344815100
id: 15618062003214643352089242293344815100
lower: 15618062003214643351512781541041391612
upper: 53937554629190552131995290006614509577
Result (no wrap): true
2025-05-02 21:40:28 INFO  ChordProtocols:179 - Finger 59 peker n책 til: process1
2025-05-02 21:40:28 INFO  ChordProtocols:173 - Beregner fingerID for finger 60: 15618062003214643352665703045648238588
id: 15618062003214643352665703045648238588
lower: 15618062003214643351512781541041391612
upper: 53937554629190552131995290006614509577
Result (no wrap): true
2025-05-02 21:40:28 INFO  ChordProtocols:179 - Finger 60 peker n책 til: process1
2025-05-02 21:40:28 INFO  ChordProtocols:173 - Beregner fingerID for finger 61: 15618062003214643353818624550255085564
id: 15618062003214643353818624550255085564
lower: 15618062003214643351512781541041391612
upper: 53937554629190552131995290006614509577
Result (no wrap): true
2025-05-02 21:40:28 INFO  ChordProtocols:179 - Finger 61 peker n책 til: process1
2025-05-02 21:40:28 INFO  ChordProtocols:173 - Beregner fingerID for finger 62: 15618062003214643356124467559468779516
id: 15618062003214643356124467559468779516
lower: 15618062003214643351512781541041391612
upper: 53937554629190552131995290006614509577
Result (no wrap): true
2025-05-02 21:40:28 INFO  ChordProtocols:179 - Finger 62 peker n책 til: process1
2025-05-02 21:40:28 INFO  ChordProtocols:173 - Beregner fingerID for finger 63: 15618062003214643360736153577896167420
id: 15618062003214643360736153577896167420
lower: 15618062003214643351512781541041391612
upper: 53937554629190552131995290006614509577
Result (no wrap): true
2025-05-02 21:40:28 INFO  ChordProtocols:179 - Finger 63 peker n책 til: process1
2025-05-02 21:40:28 INFO  ChordProtocols:173 - Beregner fingerID for finger 64: 15618062003214643369959525614750943228
id: 15618062003214643369959525614750943228
lower: 15618062003214643351512781541041391612
upper: 53937554629190552131995290006614509577
Result (no wrap): true
2025-05-02 21:40:28 INFO  ChordProtocols:179 - Finger 64 peker n책 til: process1
2025-05-02 21:40:28 INFO  ChordProtocols:173 - Beregner fingerID for finger 65: 15618062003214643388406269688460494844
id: 15618062003214643388406269688460494844
lower: 15618062003214643351512781541041391612
upper: 53937554629190552131995290006614509577
Result (no wrap): true
2025-05-02 21:40:28 INFO  ChordProtocols:179 - Finger 65 peker n책 til: process1
2025-05-02 21:40:28 INFO  ChordProtocols:173 - Beregner fingerID for finger 66: 15618062003214643425299757835879598076
id: 15618062003214643425299757835879598076
lower: 15618062003214643351512781541041391612
upper: 53937554629190552131995290006614509577
Result (no wrap): true
2025-05-02 21:40:28 INFO  ChordProtocols:179 - Finger 66 peker n책 til: process1
2025-05-02 21:40:28 INFO  ChordProtocols:173 - Beregner fingerID for finger 67: 15618062003214643499086734130717804540
id: 15618062003214643499086734130717804540
lower: 15618062003214643351512781541041391612
upper: 53937554629190552131995290006614509577
Result (no wrap): true
2025-05-02 21:40:28 INFO  ChordProtocols:179 - Finger 67 peker n책 til: process1
2025-05-02 21:40:28 INFO  ChordProtocols:173 - Beregner fingerID for finger 68: 15618062003214643646660686720394217468
id: 15618062003214643646660686720394217468
lower: 15618062003214643351512781541041391612
upper: 53937554629190552131995290006614509577
Result (no wrap): true
2025-05-02 21:40:28 INFO  ChordProtocols:179 - Finger 68 peker n책 til: process1
2025-05-02 21:40:28 INFO  ChordProtocols:173 - Beregner fingerID for finger 69: 15618062003214643941808591899747043324
id: 15618062003214643941808591899747043324
lower: 15618062003214643351512781541041391612
upper: 53937554629190552131995290006614509577
Result (no wrap): true
2025-05-02 21:40:28 INFO  ChordProtocols:179 - Finger 69 peker n책 til: process1
2025-05-02 21:40:28 INFO  ChordProtocols:173 - Beregner fingerID for finger 70: 15618062003214644532104402258452695036
id: 15618062003214644532104402258452695036
lower: 15618062003214643351512781541041391612
upper: 53937554629190552131995290006614509577
Result (no wrap): true
2025-05-02 21:40:28 INFO  ChordProtocols:179 - Finger 70 peker n책 til: process1
2025-05-02 21:40:28 INFO  ChordProtocols:173 - Beregner fingerID for finger 71: 15618062003214645712696022975863998460
id: 15618062003214645712696022975863998460
lower: 15618062003214643351512781541041391612
upper: 53937554629190552131995290006614509577
Result (no wrap): true
2025-05-02 21:40:28 INFO  ChordProtocols:179 - Finger 71 peker n책 til: process1
2025-05-02 21:40:28 INFO  ChordProtocols:173 - Beregner fingerID for finger 72: 15618062003214648073879264410686605308
id: 15618062003214648073879264410686605308
lower: 15618062003214643351512781541041391612
upper: 53937554629190552131995290006614509577
Result (no wrap): true
2025-05-02 21:40:28 INFO  ChordProtocols:179 - Finger 72 peker n책 til: process1
2025-05-02 21:40:28 INFO  ChordProtocols:173 - Beregner fingerID for finger 73: 15618062003214652796245747280331819004
id: 15618062003214652796245747280331819004
lower: 15618062003214643351512781541041391612
upper: 53937554629190552131995290006614509577
Result (no wrap): true
2025-05-02 21:40:28 INFO  ChordProtocols:179 - Finger 73 peker n책 til: process1
2025-05-02 21:40:28 INFO  ChordProtocols:173 - Beregner fingerID for finger 74: 15618062003214662240978713019622246396
id: 15618062003214662240978713019622246396
lower: 15618062003214643351512781541041391612
upper: 53937554629190552131995290006614509577
Result (no wrap): true
2025-05-02 21:40:28 INFO  ChordProtocols:179 - Finger 74 peker n책 til: process1
2025-05-02 21:40:28 INFO  ChordProtocols:173 - Beregner fingerID for finger 75: 15618062003214681130444644498203101180
id: 15618062003214681130444644498203101180
lower: 15618062003214643351512781541041391612
upper: 53937554629190552131995290006614509577
Result (no wrap): true
2025-05-02 21:40:28 INFO  ChordProtocols:179 - Finger 75 peker n책 til: process1
2025-05-02 21:40:28 INFO  ChordProtocols:173 - Beregner fingerID for finger 76: 15618062003214718909376507455364810748
id: 15618062003214718909376507455364810748
lower: 15618062003214643351512781541041391612
upper: 53937554629190552131995290006614509577
Result (no wrap): true
2025-05-02 21:40:28 INFO  ChordProtocols:179 - Finger 76 peker n책 til: process1
2025-05-02 21:40:28 INFO  ChordProtocols:173 - Beregner fingerID for finger 77: 15618062003214794467240233369688229884
id: 15618062003214794467240233369688229884
lower: 15618062003214643351512781541041391612
upper: 53937554629190552131995290006614509577
Result (no wrap): true
2025-05-02 21:40:28 INFO  ChordProtocols:179 - Finger 77 peker n책 til: process1
2025-05-02 21:40:28 INFO  ChordProtocols:173 - Beregner fingerID for finger 78: 15618062003214945582967685198335068156
id: 15618062003214945582967685198335068156
lower: 15618062003214643351512781541041391612
upper: 53937554629190552131995290006614509577
Result (no wrap): true
2025-05-02 21:40:28 INFO  ChordProtocols:179 - Finger 78 peker n책 til: process1
2025-05-02 21:40:28 INFO  ChordProtocols:173 - Beregner fingerID for finger 79: 15618062003215247814422588855628744700
id: 15618062003215247814422588855628744700
lower: 15618062003214643351512781541041391612
upper: 53937554629190552131995290006614509577
Result (no wrap): true
2025-05-02 21:40:28 INFO  ChordProtocols:179 - Finger 79 peker n책 til: process1
2025-05-02 21:40:28 INFO  ChordProtocols:173 - Beregner fingerID for finger 80: 15618062003215852277332396170216097788
id: 15618062003215852277332396170216097788
lower: 15618062003214643351512781541041391612
upper: 53937554629190552131995290006614509577
Result (no wrap): true
2025-05-02 21:40:28 INFO  ChordProtocols:179 - Finger 80 peker n책 til: process1
2025-05-02 21:40:28 INFO  ChordProtocols:173 - Beregner fingerID for finger 81: 15618062003217061203152010799390803964
id: 15618062003217061203152010799390803964
lower: 15618062003214643351512781541041391612
upper: 53937554629190552131995290006614509577
Result (no wrap): true
2025-05-02 21:40:28 INFO  ChordProtocols:179 - Finger 81 peker n책 til: process1
2025-05-02 21:40:28 INFO  ChordProtocols:173 - Beregner fingerID for finger 82: 15618062003219479054791240057740216316
id: 15618062003219479054791240057740216316
lower: 15618062003214643351512781541041391612
upper: 53937554629190552131995290006614509577
Result (no wrap): true
2025-05-02 21:40:28 INFO  ChordProtocols:179 - Finger 82 peker n책 til: process1
2025-05-02 21:40:28 INFO  ChordProtocols:173 - Beregner fingerID for finger 83: 15618062003224314758069698574439041020
id: 15618062003224314758069698574439041020
lower: 15618062003214643351512781541041391612
upper: 53937554629190552131995290006614509577
Result (no wrap): true
2025-05-02 21:40:28 INFO  ChordProtocols:179 - Finger 83 peker n책 til: process1
2025-05-02 21:40:28 INFO  ChordProtocols:173 - Beregner fingerID for finger 84: 15618062003233986164626615607836690428
id: 15618062003233986164626615607836690428
lower: 15618062003214643351512781541041391612
upper: 53937554629190552131995290006614509577
Result (no wrap): true
2025-05-02 21:40:28 INFO  ChordProtocols:179 - Finger 84 peker n책 til: process1
2025-05-02 21:40:28 INFO  ChordProtocols:173 - Beregner fingerID for finger 85: 15618062003253328977740449674631989244
id: 15618062003253328977740449674631989244
lower: 15618062003214643351512781541041391612
upper: 53937554629190552131995290006614509577
Result (no wrap): true
2025-05-02 21:40:28 INFO  ChordProtocols:179 - Finger 85 peker n책 til: process1
2025-05-02 21:40:28 INFO  ChordProtocols:173 - Beregner fingerID for finger 86: 15618062003292014603968117808222586876
id: 15618062003292014603968117808222586876
lower: 15618062003214643351512781541041391612
upper: 53937554629190552131995290006614509577
Result (no wrap): true
2025-05-02 21:40:28 INFO  ChordProtocols:179 - Finger 86 peker n책 til: process1
2025-05-02 21:40:28 INFO  ChordProtocols:173 - Beregner fingerID for finger 87: 15618062003369385856423454075403782140
id: 15618062003369385856423454075403782140
lower: 15618062003214643351512781541041391612
upper: 53937554629190552131995290006614509577
Result (no wrap): true
2025-05-02 21:40:28 INFO  ChordProtocols:179 - Finger 87 peker n책 til: process1
2025-05-02 21:40:28 INFO  ChordProtocols:173 - Beregner fingerID for finger 88: 15618062003524128361334126609766172668
id: 15618062003524128361334126609766172668
lower: 15618062003214643351512781541041391612
upper: 53937554629190552131995290006614509577
Result (no wrap): true
2025-05-02 21:40:28 INFO  ChordProtocols:179 - Finger 88 peker n책 til: process1
2025-05-02 21:40:28 INFO  ChordProtocols:173 - Beregner fingerID for finger 89: 15618062003833613371155471678490953724
id: 15618062003833613371155471678490953724
lower: 15618062003214643351512781541041391612
upper: 53937554629190552131995290006614509577
Result (no wrap): true
2025-05-02 21:40:28 INFO  ChordProtocols:179 - Finger 89 peker n책 til: process1
2025-05-02 21:40:28 INFO  ChordProtocols:173 - Beregner fingerID for finger 90: 15618062004452583390798161815940515836
id: 15618062004452583390798161815940515836
lower: 15618062003214643351512781541041391612
upper: 53937554629190552131995290006614509577
Result (no wrap): true
2025-05-02 21:40:28 INFO  ChordProtocols:179 - Finger 90 peker n책 til: process1
2025-05-02 21:40:28 INFO  ChordProtocols:173 - Beregner fingerID for finger 91: 15618062005690523430083542090839640060
id: 15618062005690523430083542090839640060
lower: 15618062003214643351512781541041391612
upper: 53937554629190552131995290006614509577
Result (no wrap): true
2025-05-02 21:40:28 INFO  ChordProtocols:179 - Finger 91 peker n책 til: process1
2025-05-02 21:40:28 INFO  ChordProtocols:173 - Beregner fingerID for finger 92: 15618062008166403508654302640637888508
id: 15618062008166403508654302640637888508
lower: 15618062003214643351512781541041391612
upper: 53937554629190552131995290006614509577
Result (no wrap): true
2025-05-02 21:40:28 INFO  ChordProtocols:179 - Finger 92 peker n책 til: process1
2025-05-02 21:40:28 INFO  ChordProtocols:173 - Beregner fingerID for finger 93: 15618062013118163665795823740234385404
id: 15618062013118163665795823740234385404
lower: 15618062003214643351512781541041391612
upper: 53937554629190552131995290006614509577
Result (no wrap): true
2025-05-02 21:40:28 INFO  ChordProtocols:179 - Finger 93 peker n책 til: process1
2025-05-02 21:40:28 INFO  ChordProtocols:173 - Beregner fingerID for finger 94: 15618062023021683980078865939427379196
id: 15618062023021683980078865939427379196
lower: 15618062003214643351512781541041391612
upper: 53937554629190552131995290006614509577
Result (no wrap): true
2025-05-02 21:40:28 INFO  ChordProtocols:179 - Finger 94 peker n책 til: process1
2025-05-02 21:40:28 INFO  ChordProtocols:173 - Beregner fingerID for finger 95: 15618062042828724608644950337813366780
id: 15618062042828724608644950337813366780
lower: 15618062003214643351512781541041391612
upper: 53937554629190552131995290006614509577
Result (no wrap): true
2025-05-02 21:40:28 INFO  ChordProtocols:179 - Finger 95 peker n책 til: process1
2025-05-02 21:40:28 INFO  ChordProtocols:173 - Beregner fingerID for finger 96: 15618062082442805865777119134585341948
id: 15618062082442805865777119134585341948
lower: 15618062003214643351512781541041391612
upper: 53937554629190552131995290006614509577
Result (no wrap): true
2025-05-02 21:40:28 INFO  ChordProtocols:179 - Finger 96 peker n책 til: process1
2025-05-02 21:40:28 INFO  ChordProtocols:173 - Beregner fingerID for finger 97: 15618062161670968380041456728129292284
id: 15618062161670968380041456728129292284
lower: 15618062003214643351512781541041391612
upper: 53937554629190552131995290006614509577
Result (no wrap): true
2025-05-02 21:40:28 INFO  ChordProtocols:179 - Finger 97 peker n책 til: process1
2025-05-02 21:40:28 INFO  ChordProtocols:173 - Beregner fingerID for finger 98: 15618062320127293408570131915217192956
id: 15618062320127293408570131915217192956
lower: 15618062003214643351512781541041391612
upper: 53937554629190552131995290006614509577
Result (no wrap): true
2025-05-02 21:40:28 INFO  ChordProtocols:179 - Finger 98 peker n책 til: process1
2025-05-02 21:40:28 INFO  ChordProtocols:173 - Beregner fingerID for finger 99: 15618062637039943465627482289392994300
id: 15618062637039943465627482289392994300
lower: 15618062003214643351512781541041391612
upper: 53937554629190552131995290006614509577
Result (no wrap): true
2025-05-02 21:40:28 INFO  ChordProtocols:179 - Finger 99 peker n책 til: process1
2025-05-02 21:40:28 INFO  ChordProtocols:173 - Beregner fingerID for finger 100: 15618063270865243579742183037744596988
id: 15618063270865243579742183037744596988
lower: 15618062003214643351512781541041391612
upper: 53937554629190552131995290006614509577
Result (no wrap): true
2025-05-02 21:40:28 INFO  ChordProtocols:179 - Finger 100 peker n책 til: process1
2025-05-02 21:40:28 INFO  ChordProtocols:173 - Beregner fingerID for finger 101: 15618064538515843807971584534447802364
id: 15618064538515843807971584534447802364
lower: 15618062003214643351512781541041391612
upper: 53937554629190552131995290006614509577
Result (no wrap): true
2025-05-02 21:40:28 INFO  ChordProtocols:179 - Finger 101 peker n책 til: process1
2025-05-02 21:40:28 INFO  ChordProtocols:173 - Beregner fingerID for finger 102: 15618067073817044264430387527854213116
id: 15618067073817044264430387527854213116
lower: 15618062003214643351512781541041391612
upper: 53937554629190552131995290006614509577
Result (no wrap): true
2025-05-02 21:40:28 INFO  ChordProtocols:179 - Finger 102 peker n책 til: process1
2025-05-02 21:40:28 INFO  ChordProtocols:173 - Beregner fingerID for finger 103: 15618072144419445177347993514667034620
id: 15618072144419445177347993514667034620
lower: 15618062003214643351512781541041391612
upper: 53937554629190552131995290006614509577
Result (no wrap): true
2025-05-02 21:40:28 INFO  ChordProtocols:179 - Finger 103 peker n책 til: process1
2025-05-02 21:40:28 INFO  ChordProtocols:173 - Beregner fingerID for finger 104: 15618082285624247003183205488292677628
id: 15618082285624247003183205488292677628
lower: 15618062003214643351512781541041391612
upper: 53937554629190552131995290006614509577
Result (no wrap): true
2025-05-02 21:40:28 INFO  ChordProtocols:179 - Finger 104 peker n책 til: process1
2025-05-02 21:40:28 INFO  ChordProtocols:173 - Beregner fingerID for finger 105: 15618102568033850654853629435543963644
id: 15618102568033850654853629435543963644
lower: 15618062003214643351512781541041391612
upper: 53937554629190552131995290006614509577
Result (no wrap): true
2025-05-02 21:40:28 INFO  ChordProtocols:179 - Finger 105 peker n책 til: process1
2025-05-02 21:40:28 INFO  ChordProtocols:173 - Beregner fingerID for finger 106: 15618143132853057958194477330046535676
id: 15618143132853057958194477330046535676
lower: 15618062003214643351512781541041391612
upper: 53937554629190552131995290006614509577
Result (no wrap): true
2025-05-02 21:40:28 INFO  ChordProtocols:179 - Finger 106 peker n책 til: process1
2025-05-02 21:40:28 INFO  ChordProtocols:173 - Beregner fingerID for finger 107: 15618224262491472564876173119051679740
id: 15618224262491472564876173119051679740
lower: 15618062003214643351512781541041391612
upper: 53937554629190552131995290006614509577
Result (no wrap): true
2025-05-02 21:40:28 INFO  ChordProtocols:179 - Finger 107 peker n책 til: process1
2025-05-02 21:40:28 INFO  ChordProtocols:173 - Beregner fingerID for finger 108: 15618386521768301778239564697061967868
id: 15618386521768301778239564697061967868
lower: 15618062003214643351512781541041391612
upper: 53937554629190552131995290006614509577
Result (no wrap): true
2025-05-02 21:40:28 INFO  ChordProtocols:179 - Finger 108 peker n책 til: process1
2025-05-02 21:40:28 INFO  ChordProtocols:173 - Beregner fingerID for finger 109: 15618711040321960204966347853082544124
id: 15618711040321960204966347853082544124
lower: 15618062003214643351512781541041391612
upper: 53937554629190552131995290006614509577
Result (no wrap): true
2025-05-02 21:40:28 INFO  ChordProtocols:179 - Finger 109 peker n책 til: process1
2025-05-02 21:40:28 INFO  ChordProtocols:173 - Beregner fingerID for finger 110: 15619360077429277058419914165123696636
id: 15619360077429277058419914165123696636
lower: 15618062003214643351512781541041391612
upper: 53937554629190552131995290006614509577
Result (no wrap): true
2025-05-02 21:40:28 INFO  ChordProtocols:179 - Finger 110 peker n책 til: process1
2025-05-02 21:40:28 INFO  ChordProtocols:173 - Beregner fingerID for finger 111: 15620658151643910765327046789206001660
id: 15620658151643910765327046789206001660
lower: 15618062003214643351512781541041391612
upper: 53937554629190552131995290006614509577
Result (no wrap): true
2025-05-02 21:40:28 INFO  ChordProtocols:179 - Finger 111 peker n책 til: process1
2025-05-02 21:40:28 INFO  ChordProtocols:173 - Beregner fingerID for finger 112: 15623254300073178179141312037370611708
id: 15623254300073178179141312037370611708
lower: 15618062003214643351512781541041391612
upper: 53937554629190552131995290006614509577
Result (no wrap): true
2025-05-02 21:40:28 INFO  ChordProtocols:179 - Finger 112 peker n책 til: process1
2025-05-02 21:40:28 INFO  ChordProtocols:173 - Beregner fingerID for finger 113: 15628446596931713006769842533699831804
id: 15628446596931713006769842533699831804
lower: 15618062003214643351512781541041391612
upper: 53937554629190552131995290006614509577
Result (no wrap): true
2025-05-02 21:40:28 INFO  ChordProtocols:179 - Finger 113 peker n책 til: process1
2025-05-02 21:40:28 INFO  ChordProtocols:173 - Beregner fingerID for finger 114: 15638831190648782662026903526358271996
id: 15638831190648782662026903526358271996
lower: 15618062003214643351512781541041391612
upper: 53937554629190552131995290006614509577
Result (no wrap): true
2025-05-02 21:40:28 INFO  ChordProtocols:179 - Finger 114 peker n책 til: process1
2025-05-02 21:40:28 INFO  ChordProtocols:173 - Beregner fingerID for finger 115: 15659600378082921972541025511675152380
id: 15659600378082921972541025511675152380
lower: 15618062003214643351512781541041391612
upper: 53937554629190552131995290006614509577
Result (no wrap): true
2025-05-02 21:40:28 INFO  ChordProtocols:179 - Finger 115 peker n책 til: process1
2025-05-02 21:40:28 INFO  ChordProtocols:173 - Beregner fingerID for finger 116: 15701138752951200593569269482308913148
id: 15701138752951200593569269482308913148
lower: 15618062003214643351512781541041391612
upper: 53937554629190552131995290006614509577
Result (no wrap): true
2025-05-02 21:40:28 INFO  ChordProtocols:179 - Finger 116 peker n책 til: process1
2025-05-02 21:40:28 INFO  ChordProtocols:173 - Beregner fingerID for finger 117: 15784215502687757835625757423576434684
id: 15784215502687757835625757423576434684
lower: 15618062003214643351512781541041391612
upper: 53937554629190552131995290006614509577
Result (no wrap): true
2025-05-02 21:40:28 INFO  ChordProtocols:179 - Finger 117 peker n책 til: process1
2025-05-02 21:40:28 INFO  ChordProtocols:173 - Beregner fingerID for finger 118: 15950369002160872319738733306111477756
id: 15950369002160872319738733306111477756
lower: 15618062003214643351512781541041391612
upper: 53937554629190552131995290006614509577
Result (no wrap): true
2025-05-02 21:40:28 INFO  ChordProtocols:179 - Finger 118 peker n책 til: process1
2025-05-02 21:40:28 INFO  ChordProtocols:173 - Beregner fingerID for finger 119: 16282676001107101287964685071181563900
id: 16282676001107101287964685071181563900
lower: 15618062003214643351512781541041391612
upper: 53937554629190552131995290006614509577
Result (no wrap): true
2025-05-02 21:40:28 INFO  ChordProtocols:179 - Finger 119 peker n책 til: process1
2025-05-02 21:40:28 INFO  ChordProtocols:173 - Beregner fingerID for finger 120: 16947289998999559224416588601321736188
id: 16947289998999559224416588601321736188
lower: 15618062003214643351512781541041391612
upper: 53937554629190552131995290006614509577
Result (no wrap): true
2025-05-02 21:40:28 INFO  ChordProtocols:179 - Finger 120 peker n책 til: process1
2025-05-02 21:40:28 INFO  ChordProtocols:173 - Beregner fingerID for finger 121: 18276517994784475097320395661602080764
id: 18276517994784475097320395661602080764
lower: 15618062003214643351512781541041391612
upper: 53937554629190552131995290006614509577
Result (no wrap): true
2025-05-02 21:40:28 INFO  ChordProtocols:179 - Finger 121 peker n책 til: process1
2025-05-02 21:40:28 INFO  ChordProtocols:173 - Beregner fingerID for finger 122: 20934973986354306843128009782162769916
id: 20934973986354306843128009782162769916
lower: 15618062003214643351512781541041391612
upper: 53937554629190552131995290006614509577
Result (no wrap): true
2025-05-02 21:40:28 INFO  ChordProtocols:179 - Finger 122 peker n책 til: process1
2025-05-02 21:40:28 INFO  ChordProtocols:173 - Beregner fingerID for finger 123: 26251885969493970334743238023284148220
id: 26251885969493970334743238023284148220
lower: 15618062003214643351512781541041391612
upper: 53937554629190552131995290006614509577
Result (no wrap): true
2025-05-02 21:40:28 INFO  ChordProtocols:179 - Finger 123 peker n책 til: process1
2025-05-02 21:40:28 INFO  ChordProtocols:173 - Beregner fingerID for finger 124: 36885709935773297317973694505526904828
id: 36885709935773297317973694505526904828
lower: 15618062003214643351512781541041391612
upper: 53937554629190552131995290006614509577
Result (no wrap): true
2025-05-02 21:40:28 INFO  ChordProtocols:179 - Finger 124 peker n책 til: process1
2025-05-02 21:40:28 INFO  ChordProtocols:173 - Beregner fingerID for finger 125: 58153357868331951284434607470012418044
id: 58153357868331951284434607470012418044
lower: 15618062003214643351512781541041391612
upper: 53937554629190552131995290006614509577
Result (no wrap): false
id: 53937554629190552131995290006614509577
lower: 15618062003214643351512781541041391612
upper: 58153357868331951284434607470012418044
Result (no wrap): true
id: 58153357868331951284434607470012418044
lower: 53937554629190552131995290006614509577
upper: 121411138451101288395601026024677976156
Result (no wrap): true
2025-05-02 21:40:28 INFO  ChordProtocols:179 - Finger 125 peker n책 til: process5
2025-05-02 21:40:28 INFO  ChordProtocols:173 - Beregner fingerID for finger 126: 100688653733449259217356433398983444476
id: 100688653733449259217356433398983444476
lower: 15618062003214643351512781541041391612
upper: 53937554629190552131995290006614509577
Result (no wrap): false
id: 121411138451101288395601026024677976156
lower: 15618062003214643351512781541041391612
upper: 100688653733449259217356433398983444476
Result (no wrap): false
id: 53937554629190552131995290006614509577
lower: 15618062003214643351512781541041391612
upper: 100688653733449259217356433398983444476
Result (no wrap): true
id: 100688653733449259217356433398983444476
lower: 53937554629190552131995290006614509577
upper: 121411138451101288395601026024677976156
Result (no wrap): true
2025-05-02 21:40:28 INFO  ChordProtocols:179 - Finger 126 peker n책 til: process5
2025-05-02 21:40:28 INFO  ChordProtocols:173 - Beregner fingerID for finger 127: 185759245463683875083200085256925497340
id: 185759245463683875083200085256925497340
lower: 15618062003214643351512781541041391612
upper: 53937554629190552131995290006614509577
Result (no wrap): false
id: 121411138451101288395601026024677976156
lower: 15618062003214643351512781541041391612
upper: 185759245463683875083200085256925497340
Result (no wrap): true
id: 185759245463683875083200085256925497340
lower: 121411138451101288395601026024677976156
upper: 210821560651360572675896360671414673172
Result (no wrap): true
2025-05-02 21:40:28 INFO  ChordProtocols:179 - Finger 127 peker n책 til: process4
2025-05-02 21:40:28 INFO  StabilizationProtocols:60 - Checking the predecessor for Node: process2
==================================
Node Identifier = 15618062003214643351512781541041391612
Node IP address = process2
successor(process2) = process1
predecessor(process2) = process4
Current File keys for process2 => []
==================================
2025-05-02 21:40:29 INFO  StabilizationProtocols:130 - Updating the successor for Node: process3
id: 66910184482037901621933403444034052415
lower: 66910184482037901621933403444034052414
upper: 15618062003214643351512781541041391612
Result (wrap): true
2025-05-02 21:40:29 INFO  StabilizationProtocols:165 - Finished updating the successor for Node: process3
2025-05-02 21:40:29 INFO  StabilizationProtocols:84 - Stabilizing ring from process3...
2025-05-02 21:40:29 INFO  StabilizationProtocols:91 - Stabilize ring: succnode = process4
id: 121411138451101288395601026024677976156
lower: 66910184482037901621933403444034052415
upper: 210821560651360572675896360671414673173
Result (no wrap): true
2025-05-02 21:40:29 INFO  ChordLookup:96 - copy file keys that are <= process3 from successor process4 to process3
2025-05-02 21:40:29 INFO  ChordLookup:113 - Finished copying file keys from successor process4 to process3
id: 66910184482037901621933403444034052414
lower: 53937554629190552131995290006614509578
upper: 121411138451101288395601026024677976157
Result (no wrap): true
2025-05-02 21:40:29 INFO  StabilizationProtocols:113 - Finished stabilizing chordring from process3
2025-05-02 21:40:29 INFO  ChordProtocols:159 - Oppdaterer FingerTable for Node: process3
2025-05-02 21:40:29 INFO  ChordProtocols:173 - Beregner fingerID for finger 0: 66910184482037901621933403444034052415
id: 66910184482037901621933403444034052415
lower: 66910184482037901621933403444034052414
upper: 121411138451101288395601026024677976156
Result (no wrap): true
2025-05-02 21:40:29 INFO  ChordProtocols:179 - Finger 0 peker n책 til: process5
2025-05-02 21:40:29 INFO  ChordProtocols:173 - Beregner fingerID for finger 1: 66910184482037901621933403444034052416
id: 66910184482037901621933403444034052416
lower: 66910184482037901621933403444034052414
upper: 121411138451101288395601026024677976156
Result (no wrap): true
2025-05-02 21:40:29 INFO  ChordProtocols:179 - Finger 1 peker n책 til: process5
2025-05-02 21:40:29 INFO  ChordProtocols:173 - Beregner fingerID for finger 2: 66910184482037901621933403444034052418
id: 66910184482037901621933403444034052418
lower: 66910184482037901621933403444034052414
upper: 121411138451101288395601026024677976156
Result (no wrap): true
2025-05-02 21:40:29 INFO  ChordProtocols:179 - Finger 2 peker n책 til: process5
2025-05-02 21:40:29 INFO  ChordProtocols:173 - Beregner fingerID for finger 3: 66910184482037901621933403444034052422
id: 66910184482037901621933403444034052422
lower: 66910184482037901621933403444034052414
upper: 121411138451101288395601026024677976156
Result (no wrap): true
2025-05-02 21:40:29 INFO  ChordProtocols:179 - Finger 3 peker n책 til: process5
2025-05-02 21:40:29 INFO  ChordProtocols:173 - Beregner fingerID for finger 4: 66910184482037901621933403444034052430
id: 66910184482037901621933403444034052430
lower: 66910184482037901621933403444034052414
upper: 121411138451101288395601026024677976156
Result (no wrap): true
2025-05-02 21:40:29 INFO  ChordProtocols:179 - Finger 4 peker n책 til: process5
2025-05-02 21:40:29 INFO  ChordProtocols:173 - Beregner fingerID for finger 5: 66910184482037901621933403444034052446
id: 66910184482037901621933403444034052446
lower: 66910184482037901621933403444034052414
upper: 121411138451101288395601026024677976156
Result (no wrap): true
2025-05-02 21:40:29 INFO  ChordProtocols:179 - Finger 5 peker n책 til: process5
2025-05-02 21:40:29 INFO  ChordProtocols:173 - Beregner fingerID for finger 6: 66910184482037901621933403444034052478
id: 66910184482037901621933403444034052478
lower: 66910184482037901621933403444034052414
upper: 121411138451101288395601026024677976156
Result (no wrap): true
2025-05-02 21:40:29 INFO  ChordProtocols:179 - Finger 6 peker n책 til: process5
2025-05-02 21:40:29 INFO  ChordProtocols:173 - Beregner fingerID for finger 7: 66910184482037901621933403444034052542
id: 66910184482037901621933403444034052542
lower: 66910184482037901621933403444034052414
upper: 121411138451101288395601026024677976156
Result (no wrap): true
2025-05-02 21:40:29 INFO  ChordProtocols:179 - Finger 7 peker n책 til: process5
2025-05-02 21:40:29 INFO  ChordProtocols:173 - Beregner fingerID for finger 8: 66910184482037901621933403444034052670
id: 66910184482037901621933403444034052670
lower: 66910184482037901621933403444034052414
upper: 121411138451101288395601026024677976156
Result (no wrap): true
2025-05-02 21:40:29 INFO  ChordProtocols:179 - Finger 8 peker n책 til: process5
2025-05-02 21:40:29 INFO  ChordProtocols:173 - Beregner fingerID for finger 9: 66910184482037901621933403444034052926
id: 66910184482037901621933403444034052926
lower: 66910184482037901621933403444034052414
upper: 121411138451101288395601026024677976156
Result (no wrap): true
2025-05-02 21:40:29 INFO  ChordProtocols:179 - Finger 9 peker n책 til: process5
2025-05-02 21:40:29 INFO  ChordProtocols:173 - Beregner fingerID for finger 10: 66910184482037901621933403444034053438
id: 66910184482037901621933403444034053438
lower: 66910184482037901621933403444034052414
upper: 121411138451101288395601026024677976156
Result (no wrap): true
2025-05-02 21:40:29 INFO  ChordProtocols:179 - Finger 10 peker n책 til: process5
2025-05-02 21:40:29 INFO  ChordProtocols:173 - Beregner fingerID for finger 11: 66910184482037901621933403444034054462
id: 66910184482037901621933403444034054462
lower: 66910184482037901621933403444034052414
upper: 121411138451101288395601026024677976156
Result (no wrap): true
2025-05-02 21:40:29 INFO  ChordProtocols:179 - Finger 11 peker n책 til: process5
2025-05-02 21:40:29 INFO  ChordProtocols:173 - Beregner fingerID for finger 12: 66910184482037901621933403444034056510
id: 66910184482037901621933403444034056510
lower: 66910184482037901621933403444034052414
upper: 121411138451101288395601026024677976156
Result (no wrap): true
2025-05-02 21:40:29 INFO  ChordProtocols:179 - Finger 12 peker n책 til: process5
2025-05-02 21:40:29 INFO  ChordProtocols:173 - Beregner fingerID for finger 13: 66910184482037901621933403444034060606
id: 66910184482037901621933403444034060606
lower: 66910184482037901621933403444034052414
upper: 121411138451101288395601026024677976156
Result (no wrap): true
2025-05-02 21:40:29 INFO  ChordProtocols:179 - Finger 13 peker n책 til: process5
2025-05-02 21:40:29 INFO  ChordProtocols:173 - Beregner fingerID for finger 14: 66910184482037901621933403444034068798
id: 66910184482037901621933403444034068798
lower: 66910184482037901621933403444034052414
upper: 121411138451101288395601026024677976156
Result (no wrap): true
2025-05-02 21:40:29 INFO  ChordProtocols:179 - Finger 14 peker n책 til: process5
2025-05-02 21:40:29 INFO  ChordProtocols:173 - Beregner fingerID for finger 15: 66910184482037901621933403444034085182
id: 66910184482037901621933403444034085182
lower: 66910184482037901621933403444034052414
upper: 121411138451101288395601026024677976156
Result (no wrap): true
2025-05-02 21:40:29 INFO  ChordProtocols:179 - Finger 15 peker n책 til: process5
2025-05-02 21:40:29 INFO  ChordProtocols:173 - Beregner fingerID for finger 16: 66910184482037901621933403444034117950
id: 66910184482037901621933403444034117950
lower: 66910184482037901621933403444034052414
upper: 121411138451101288395601026024677976156
Result (no wrap): true
2025-05-02 21:40:29 INFO  ChordProtocols:179 - Finger 16 peker n책 til: process5
2025-05-02 21:40:29 INFO  ChordProtocols:173 - Beregner fingerID for finger 17: 66910184482037901621933403444034183486
id: 66910184482037901621933403444034183486
lower: 66910184482037901621933403444034052414
upper: 121411138451101288395601026024677976156
Result (no wrap): true
2025-05-02 21:40:29 INFO  ChordProtocols:179 - Finger 17 peker n책 til: process5
2025-05-02 21:40:29 INFO  ChordProtocols:173 - Beregner fingerID for finger 18: 66910184482037901621933403444034314558
id: 66910184482037901621933403444034314558
lower: 66910184482037901621933403444034052414
upper: 121411138451101288395601026024677976156
Result (no wrap): true
2025-05-02 21:40:29 INFO  ChordProtocols:179 - Finger 18 peker n책 til: process5
2025-05-02 21:40:29 INFO  ChordProtocols:173 - Beregner fingerID for finger 19: 66910184482037901621933403444034576702
id: 66910184482037901621933403444034576702
lower: 66910184482037901621933403444034052414
upper: 121411138451101288395601026024677976156
Result (no wrap): true
2025-05-02 21:40:29 INFO  ChordProtocols:179 - Finger 19 peker n책 til: process5
2025-05-02 21:40:29 INFO  ChordProtocols:173 - Beregner fingerID for finger 20: 66910184482037901621933403444035100990
id: 66910184482037901621933403444035100990
lower: 66910184482037901621933403444034052414
upper: 121411138451101288395601026024677976156
Result (no wrap): true
2025-05-02 21:40:29 INFO  ChordProtocols:179 - Finger 20 peker n책 til: process5
2025-05-02 21:40:29 INFO  ChordProtocols:173 - Beregner fingerID for finger 21: 66910184482037901621933403444036149566
id: 66910184482037901621933403444036149566
lower: 66910184482037901621933403444034052414
upper: 121411138451101288395601026024677976156
Result (no wrap): true
2025-05-02 21:40:29 INFO  ChordProtocols:179 - Finger 21 peker n책 til: process5
2025-05-02 21:40:29 INFO  ChordProtocols:173 - Beregner fingerID for finger 22: 66910184482037901621933403444038246718
id: 66910184482037901621933403444038246718
lower: 66910184482037901621933403444034052414
upper: 121411138451101288395601026024677976156
Result (no wrap): true
2025-05-02 21:40:29 INFO  ChordProtocols:179 - Finger 22 peker n책 til: process5
2025-05-02 21:40:29 INFO  ChordProtocols:173 - Beregner fingerID for finger 23: 66910184482037901621933403444042441022
id: 66910184482037901621933403444042441022
lower: 66910184482037901621933403444034052414
upper: 121411138451101288395601026024677976156
Result (no wrap): true
2025-05-02 21:40:29 INFO  ChordProtocols:179 - Finger 23 peker n책 til: process5
2025-05-02 21:40:29 INFO  ChordProtocols:173 - Beregner fingerID for finger 24: 66910184482037901621933403444050829630
id: 66910184482037901621933403444050829630
lower: 66910184482037901621933403444034052414
upper: 121411138451101288395601026024677976156
Result (no wrap): true
2025-05-02 21:40:29 INFO  ChordProtocols:179 - Finger 24 peker n책 til: process5
2025-05-02 21:40:29 INFO  ChordProtocols:173 - Beregner fingerID for finger 25: 66910184482037901621933403444067606846
id: 66910184482037901621933403444067606846
lower: 66910184482037901621933403444034052414
upper: 121411138451101288395601026024677976156
Result (no wrap): true
2025-05-02 21:40:29 INFO  ChordProtocols:179 - Finger 25 peker n책 til: process5
2025-05-02 21:40:29 INFO  ChordProtocols:173 - Beregner fingerID for finger 26: 66910184482037901621933403444101161278
id: 66910184482037901621933403444101161278
lower: 66910184482037901621933403444034052414
upper: 121411138451101288395601026024677976156
Result (no wrap): true
2025-05-02 21:40:29 INFO  ChordProtocols:179 - Finger 26 peker n책 til: process5
2025-05-02 21:40:29 INFO  ChordProtocols:173 - Beregner fingerID for finger 27: 66910184482037901621933403444168270142
id: 66910184482037901621933403444168270142
lower: 66910184482037901621933403444034052414
upper: 121411138451101288395601026024677976156
Result (no wrap): true
2025-05-02 21:40:29 INFO  ChordProtocols:179 - Finger 27 peker n책 til: process5
2025-05-02 21:40:29 INFO  ChordProtocols:173 - Beregner fingerID for finger 28: 66910184482037901621933403444302487870
id: 66910184482037901621933403444302487870
lower: 66910184482037901621933403444034052414
upper: 121411138451101288395601026024677976156
Result (no wrap): true
2025-05-02 21:40:29 INFO  ChordProtocols:179 - Finger 28 peker n책 til: process5
2025-05-02 21:40:29 INFO  ChordProtocols:173 - Beregner fingerID for finger 29: 66910184482037901621933403444570923326
id: 66910184482037901621933403444570923326
lower: 66910184482037901621933403444034052414
upper: 121411138451101288395601026024677976156
Result (no wrap): true
2025-05-02 21:40:29 INFO  ChordProtocols:179 - Finger 29 peker n책 til: process5
2025-05-02 21:40:29 INFO  ChordProtocols:173 - Beregner fingerID for finger 30: 66910184482037901621933403445107794238
id: 66910184482037901621933403445107794238
lower: 66910184482037901621933403444034052414
upper: 121411138451101288395601026024677976156
Result (no wrap): true
2025-05-02 21:40:29 INFO  ChordProtocols:179 - Finger 30 peker n책 til: process5
2025-05-02 21:40:29 INFO  ChordProtocols:173 - Beregner fingerID for finger 31: 66910184482037901621933403446181536062
id: 66910184482037901621933403446181536062
lower: 66910184482037901621933403444034052414
upper: 121411138451101288395601026024677976156
Result (no wrap): true
2025-05-02 21:40:29 INFO  ChordProtocols:179 - Finger 31 peker n책 til: process5
2025-05-02 21:40:29 INFO  ChordProtocols:173 - Beregner fingerID for finger 32: 66910184482037901621933403448329019710
id: 66910184482037901621933403448329019710
lower: 66910184482037901621933403444034052414
upper: 121411138451101288395601026024677976156
Result (no wrap): true
2025-05-02 21:40:29 INFO  ChordProtocols:179 - Finger 32 peker n책 til: process5
2025-05-02 21:40:29 INFO  ChordProtocols:173 - Beregner fingerID for finger 33: 66910184482037901621933403452623987006
id: 66910184482037901621933403452623987006
lower: 66910184482037901621933403444034052414
upper: 121411138451101288395601026024677976156
Result (no wrap): true
2025-05-02 21:40:29 INFO  ChordProtocols:179 - Finger 33 peker n책 til: process5
2025-05-02 21:40:29 INFO  ChordProtocols:173 - Beregner fingerID for finger 34: 66910184482037901621933403461213921598
id: 66910184482037901621933403461213921598
lower: 66910184482037901621933403444034052414
upper: 121411138451101288395601026024677976156
Result (no wrap): true
2025-05-02 21:40:29 INFO  ChordProtocols:179 - Finger 34 peker n책 til: process5
2025-05-02 21:40:29 INFO  ChordProtocols:173 - Beregner fingerID for finger 35: 66910184482037901621933403478393790782
id: 66910184482037901621933403478393790782
lower: 66910184482037901621933403444034052414
upper: 121411138451101288395601026024677976156
Result (no wrap): true
2025-05-02 21:40:29 INFO  ChordProtocols:179 - Finger 35 peker n책 til: process5
2025-05-02 21:40:29 INFO  ChordProtocols:173 - Beregner fingerID for finger 36: 66910184482037901621933403512753529150
id: 66910184482037901621933403512753529150
lower: 66910184482037901621933403444034052414
upper: 121411138451101288395601026024677976156
Result (no wrap): true
2025-05-02 21:40:29 INFO  ChordProtocols:179 - Finger 36 peker n책 til: process5
2025-05-02 21:40:29 INFO  ChordProtocols:173 - Beregner fingerID for finger 37: 66910184482037901621933403581473005886
id: 66910184482037901621933403581473005886
lower: 66910184482037901621933403444034052414
upper: 121411138451101288395601026024677976156
Result (no wrap): true
2025-05-02 21:40:29 INFO  ChordProtocols:179 - Finger 37 peker n책 til: process5
2025-05-02 21:40:29 INFO  ChordProtocols:173 - Beregner fingerID for finger 38: 66910184482037901621933403718911959358
id: 66910184482037901621933403718911959358
lower: 66910184482037901621933403444034052414
upper: 121411138451101288395601026024677976156
Result (no wrap): true
2025-05-02 21:40:29 INFO  ChordProtocols:179 - Finger 38 peker n책 til: process5
2025-05-02 21:40:29 INFO  ChordProtocols:173 - Beregner fingerID for finger 39: 66910184482037901621933403993789866302
id: 66910184482037901621933403993789866302
lower: 66910184482037901621933403444034052414
upper: 121411138451101288395601026024677976156
Result (no wrap): true
2025-05-02 21:40:29 INFO  ChordProtocols:179 - Finger 39 peker n책 til: process5
2025-05-02 21:40:29 INFO  ChordProtocols:173 - Beregner fingerID for finger 40: 66910184482037901621933404543545680190
id: 66910184482037901621933404543545680190
lower: 66910184482037901621933403444034052414
upper: 121411138451101288395601026024677976156
Result (no wrap): true
2025-05-02 21:40:29 INFO  ChordProtocols:179 - Finger 40 peker n책 til: process5
2025-05-02 21:40:29 INFO  ChordProtocols:173 - Beregner fingerID for finger 41: 66910184482037901621933405643057307966
id: 66910184482037901621933405643057307966
lower: 66910184482037901621933403444034052414
upper: 121411138451101288395601026024677976156
Result (no wrap): true
2025-05-02 21:40:29 INFO  ChordProtocols:179 - Finger 41 peker n책 til: process5
2025-05-02 21:40:29 INFO  ChordProtocols:173 - Beregner fingerID for finger 42: 66910184482037901621933407842080563518
id: 66910184482037901621933407842080563518
lower: 66910184482037901621933403444034052414
upper: 121411138451101288395601026024677976156
Result (no wrap): true
2025-05-02 21:40:29 INFO  ChordProtocols:179 - Finger 42 peker n책 til: process5
2025-05-02 21:40:29 INFO  ChordProtocols:173 - Beregner fingerID for finger 43: 66910184482037901621933412240127074622
id: 66910184482037901621933412240127074622
lower: 66910184482037901621933403444034052414
upper: 121411138451101288395601026024677976156
Result (no wrap): true
2025-05-02 21:40:29 INFO  ChordProtocols:179 - Finger 43 peker n책 til: process5
2025-05-02 21:40:29 INFO  ChordProtocols:173 - Beregner fingerID for finger 44: 66910184482037901621933421036220096830
id: 66910184482037901621933421036220096830
lower: 66910184482037901621933403444034052414
upper: 121411138451101288395601026024677976156
Result (no wrap): true
2025-05-02 21:40:29 INFO  ChordProtocols:179 - Finger 44 peker n책 til: process5
2025-05-02 21:40:29 INFO  ChordProtocols:173 - Beregner fingerID for finger 45: 66910184482037901621933438628406141246
id: 66910184482037901621933438628406141246
lower: 66910184482037901621933403444034052414
upper: 121411138451101288395601026024677976156
Result (no wrap): true
2025-05-02 21:40:29 INFO  ChordProtocols:179 - Finger 45 peker n책 til: process5
2025-05-02 21:40:29 INFO  ChordProtocols:173 - Beregner fingerID for finger 46: 66910184482037901621933473812778230078
id: 66910184482037901621933473812778230078
lower: 66910184482037901621933403444034052414
upper: 121411138451101288395601026024677976156
Result (no wrap): true
2025-05-02 21:40:29 INFO  ChordProtocols:179 - Finger 46 peker n책 til: process5
2025-05-02 21:40:29 INFO  ChordProtocols:173 - Beregner fingerID for finger 47: 66910184482037901621933544181522407742
id: 66910184482037901621933544181522407742
lower: 66910184482037901621933403444034052414
upper: 121411138451101288395601026024677976156
Result (no wrap): true
2025-05-02 21:40:29 INFO  ChordProtocols:179 - Finger 47 peker n책 til: process5
2025-05-02 21:40:29 INFO  ChordProtocols:173 - Beregner fingerID for finger 48: 66910184482037901621933684919010763070
id: 66910184482037901621933684919010763070
lower: 66910184482037901621933403444034052414
upper: 121411138451101288395601026024677976156
Result (no wrap): true
2025-05-02 21:40:29 INFO  ChordProtocols:179 - Finger 48 peker n책 til: process5
2025-05-02 21:40:29 INFO  ChordProtocols:173 - Beregner fingerID for finger 49: 66910184482037901621933966393987473726
id: 66910184482037901621933966393987473726
lower: 66910184482037901621933403444034052414
upper: 121411138451101288395601026024677976156
Result (no wrap): true
2025-05-02 21:40:29 INFO  ChordProtocols:179 - Finger 49 peker n책 til: process5
2025-05-02 21:40:29 INFO  ChordProtocols:173 - Beregner fingerID for finger 50: 66910184482037901621934529343940895038
id: 66910184482037901621934529343940895038
lower: 66910184482037901621933403444034052414
upper: 121411138451101288395601026024677976156
Result (no wrap): true
2025-05-02 21:40:29 INFO  ChordProtocols:179 - Finger 50 peker n책 til: process5
2025-05-02 21:40:29 INFO  ChordProtocols:173 - Beregner fingerID for finger 51: 66910184482037901621935655243847737662
id: 66910184482037901621935655243847737662
lower: 66910184482037901621933403444034052414
upper: 121411138451101288395601026024677976156
Result (no wrap): true
2025-05-02 21:40:29 INFO  ChordProtocols:179 - Finger 51 peker n책 til: process5
2025-05-02 21:40:29 INFO  ChordProtocols:173 - Beregner fingerID for finger 52: 66910184482037901621937907043661422910
id: 66910184482037901621937907043661422910
lower: 66910184482037901621933403444034052414
upper: 121411138451101288395601026024677976156
Result (no wrap): true
2025-05-02 21:40:29 INFO  ChordProtocols:179 - Finger 52 peker n책 til: process5
2025-05-02 21:40:29 INFO  ChordProtocols:173 - Beregner fingerID for finger 53: 66910184482037901621942410643288793406
id: 66910184482037901621942410643288793406
lower: 66910184482037901621933403444034052414
upper: 121411138451101288395601026024677976156
Result (no wrap): true
2025-05-02 21:40:29 INFO  ChordProtocols:179 - Finger 53 peker n책 til: process5
2025-05-02 21:40:29 INFO  ChordProtocols:173 - Beregner fingerID for finger 54: 66910184482037901621951417842543534398
id: 66910184482037901621951417842543534398
lower: 66910184482037901621933403444034052414
upper: 121411138451101288395601026024677976156
Result (no wrap): true
2025-05-02 21:40:29 INFO  ChordProtocols:179 - Finger 54 peker n책 til: process5
2025-05-02 21:40:29 INFO  ChordProtocols:173 - Beregner fingerID for finger 55: 66910184482037901621969432241053016382
id: 66910184482037901621969432241053016382
lower: 66910184482037901621933403444034052414
upper: 121411138451101288395601026024677976156
Result (no wrap): true
2025-05-02 21:40:29 INFO  ChordProtocols:179 - Finger 55 peker n책 til: process5
2025-05-02 21:40:29 INFO  ChordProtocols:173 - Beregner fingerID for finger 56: 66910184482037901622005461038071980350
id: 66910184482037901622005461038071980350
lower: 66910184482037901621933403444034052414
upper: 121411138451101288395601026024677976156
Result (no wrap): true
2025-05-02 21:40:29 INFO  ChordProtocols:179 - Finger 56 peker n책 til: process5
2025-05-02 21:40:29 INFO  ChordProtocols:173 - Beregner fingerID for finger 57: 66910184482037901622077518632109908286
id: 66910184482037901622077518632109908286
lower: 66910184482037901621933403444034052414
upper: 121411138451101288395601026024677976156
Result (no wrap): true
2025-05-02 21:40:29 INFO  ChordProtocols:179 - Finger 57 peker n책 til: process5
2025-05-02 21:40:29 INFO  ChordProtocols:173 - Beregner fingerID for finger 58: 66910184482037901622221633820185764158
id: 66910184482037901622221633820185764158
lower: 66910184482037901621933403444034052414
upper: 121411138451101288395601026024677976156
Result (no wrap): true
2025-05-02 21:40:29 INFO  ChordProtocols:179 - Finger 58 peker n책 til: process5
2025-05-02 21:40:29 INFO  ChordProtocols:173 - Beregner fingerID for finger 59: 66910184482037901622509864196337475902
id: 66910184482037901622509864196337475902
lower: 66910184482037901621933403444034052414
upper: 121411138451101288395601026024677976156
Result (no wrap): true
2025-05-02 21:40:29 INFO  ChordProtocols:179 - Finger 59 peker n책 til: process5
2025-05-02 21:40:29 INFO  ChordProtocols:173 - Beregner fingerID for finger 60: 66910184482037901623086324948640899390
id: 66910184482037901623086324948640899390
lower: 66910184482037901621933403444034052414
upper: 121411138451101288395601026024677976156
Result (no wrap): true
2025-05-02 21:40:29 INFO  ChordProtocols:179 - Finger 60 peker n책 til: process5
2025-05-02 21:40:29 INFO  ChordProtocols:173 - Beregner fingerID for finger 61: 66910184482037901624239246453247746366
id: 66910184482037901624239246453247746366
lower: 66910184482037901621933403444034052414
upper: 121411138451101288395601026024677976156
Result (no wrap): true
2025-05-02 21:40:29 INFO  ChordProtocols:179 - Finger 61 peker n책 til: process5
2025-05-02 21:40:29 INFO  ChordProtocols:173 - Beregner fingerID for finger 62: 66910184482037901626545089462461440318
id: 66910184482037901626545089462461440318
lower: 66910184482037901621933403444034052414
upper: 121411138451101288395601026024677976156
Result (no wrap): true
2025-05-02 21:40:29 INFO  ChordProtocols:179 - Finger 62 peker n책 til: process5
2025-05-02 21:40:29 INFO  ChordProtocols:173 - Beregner fingerID for finger 63: 66910184482037901631156775480888828222
id: 66910184482037901631156775480888828222
lower: 66910184482037901621933403444034052414
upper: 121411138451101288395601026024677976156
Result (no wrap): true
2025-05-02 21:40:29 INFO  ChordProtocols:179 - Finger 63 peker n책 til: process5
2025-05-02 21:40:29 INFO  ChordProtocols:173 - Beregner fingerID for finger 64: 66910184482037901640380147517743604030
id: 66910184482037901640380147517743604030
lower: 66910184482037901621933403444034052414
upper: 121411138451101288395601026024677976156
Result (no wrap): true
2025-05-02 21:40:29 INFO  ChordProtocols:179 - Finger 64 peker n책 til: process5
2025-05-02 21:40:29 INFO  ChordProtocols:173 - Beregner fingerID for finger 65: 66910184482037901658826891591453155646
id: 66910184482037901658826891591453155646
lower: 66910184482037901621933403444034052414
upper: 121411138451101288395601026024677976156
Result (no wrap): true
2025-05-02 21:40:29 INFO  ChordProtocols:179 - Finger 65 peker n책 til: process5
2025-05-02 21:40:29 INFO  ChordProtocols:173 - Beregner fingerID for finger 66: 66910184482037901695720379738872258878
id: 66910184482037901695720379738872258878
lower: 66910184482037901621933403444034052414
upper: 121411138451101288395601026024677976156
Result (no wrap): true
2025-05-02 21:40:29 INFO  ChordProtocols:179 - Finger 66 peker n책 til: process5
2025-05-02 21:40:29 INFO  ChordProtocols:173 - Beregner fingerID for finger 67: 66910184482037901769507356033710465342
id: 66910184482037901769507356033710465342
lower: 66910184482037901621933403444034052414
upper: 121411138451101288395601026024677976156
Result (no wrap): true
2025-05-02 21:40:29 INFO  ChordProtocols:179 - Finger 67 peker n책 til: process5
2025-05-02 21:40:29 INFO  ChordProtocols:173 - Beregner fingerID for finger 68: 66910184482037901917081308623386878270
id: 66910184482037901917081308623386878270
lower: 66910184482037901621933403444034052414
upper: 121411138451101288395601026024677976156
Result (no wrap): true
2025-05-02 21:40:29 INFO  ChordProtocols:179 - Finger 68 peker n책 til: process5
2025-05-02 21:40:29 INFO  ChordProtocols:173 - Beregner fingerID for finger 69: 66910184482037902212229213802739704126
id: 66910184482037902212229213802739704126
lower: 66910184482037901621933403444034052414
upper: 121411138451101288395601026024677976156
Result (no wrap): true
2025-05-02 21:40:29 INFO  ChordProtocols:179 - Finger 69 peker n책 til: process5
2025-05-02 21:40:29 INFO  ChordProtocols:173 - Beregner fingerID for finger 70: 66910184482037902802525024161445355838
id: 66910184482037902802525024161445355838
lower: 66910184482037901621933403444034052414
upper: 121411138451101288395601026024677976156
Result (no wrap): true
2025-05-02 21:40:29 INFO  ChordProtocols:179 - Finger 70 peker n책 til: process5
2025-05-02 21:40:29 INFO  ChordProtocols:173 - Beregner fingerID for finger 71: 66910184482037903983116644878856659262
id: 66910184482037903983116644878856659262
lower: 66910184482037901621933403444034052414
upper: 121411138451101288395601026024677976156
Result (no wrap): true
2025-05-02 21:40:29 INFO  ChordProtocols:179 - Finger 71 peker n책 til: process5
2025-05-02 21:40:29 INFO  ChordProtocols:173 - Beregner fingerID for finger 72: 66910184482037906344299886313679266110
id: 66910184482037906344299886313679266110
lower: 66910184482037901621933403444034052414
upper: 121411138451101288395601026024677976156
Result (no wrap): true
2025-05-02 21:40:29 INFO  ChordProtocols:179 - Finger 72 peker n책 til: process5
2025-05-02 21:40:29 INFO  ChordProtocols:173 - Beregner fingerID for finger 73: 66910184482037911066666369183324479806
id: 66910184482037911066666369183324479806
lower: 66910184482037901621933403444034052414
upper: 121411138451101288395601026024677976156
Result (no wrap): true
2025-05-02 21:40:29 INFO  ChordProtocols:179 - Finger 73 peker n책 til: process5
2025-05-02 21:40:29 INFO  ChordProtocols:173 - Beregner fingerID for finger 74: 66910184482037920511399334922614907198
id: 66910184482037920511399334922614907198
lower: 66910184482037901621933403444034052414
upper: 121411138451101288395601026024677976156
Result (no wrap): true
2025-05-02 21:40:29 INFO  ChordProtocols:179 - Finger 74 peker n책 til: process5
2025-05-02 21:40:29 INFO  ChordProtocols:173 - Beregner fingerID for finger 75: 66910184482037939400865266401195761982
id: 66910184482037939400865266401195761982
lower: 66910184482037901621933403444034052414
upper: 121411138451101288395601026024677976156
Result (no wrap): true
2025-05-02 21:40:29 INFO  ChordProtocols:179 - Finger 75 peker n책 til: process5
2025-05-02 21:40:29 INFO  ChordProtocols:173 - Beregner fingerID for finger 76: 66910184482037977179797129358357471550
id: 66910184482037977179797129358357471550
lower: 66910184482037901621933403444034052414
upper: 121411138451101288395601026024677976156
Result (no wrap): true
2025-05-02 21:40:29 INFO  ChordProtocols:179 - Finger 76 peker n책 til: process5
2025-05-02 21:40:29 INFO  ChordProtocols:173 - Beregner fingerID for finger 77: 66910184482038052737660855272680890686
id: 66910184482038052737660855272680890686
lower: 66910184482037901621933403444034052414
upper: 121411138451101288395601026024677976156
Result (no wrap): true
2025-05-02 21:40:29 INFO  ChordProtocols:179 - Finger 77 peker n책 til: process5
2025-05-02 21:40:29 INFO  ChordProtocols:173 - Beregner fingerID for finger 78: 66910184482038203853388307101327728958
id: 66910184482038203853388307101327728958
lower: 66910184482037901621933403444034052414
upper: 121411138451101288395601026024677976156
Result (no wrap): true
2025-05-02 21:40:29 INFO  ChordProtocols:179 - Finger 78 peker n책 til: process5
2025-05-02 21:40:29 INFO  ChordProtocols:173 - Beregner fingerID for finger 79: 66910184482038506084843210758621405502
id: 66910184482038506084843210758621405502
lower: 66910184482037901621933403444034052414
upper: 121411138451101288395601026024677976156
Result (no wrap): true
2025-05-02 21:40:29 INFO  ChordProtocols:179 - Finger 79 peker n책 til: process5
2025-05-02 21:40:29 INFO  ChordProtocols:173 - Beregner fingerID for finger 80: 66910184482039110547753018073208758590
id: 66910184482039110547753018073208758590
lower: 66910184482037901621933403444034052414
upper: 121411138451101288395601026024677976156
Result (no wrap): true
2025-05-02 21:40:29 INFO  ChordProtocols:179 - Finger 80 peker n책 til: process5
2025-05-02 21:40:29 INFO  ChordProtocols:173 - Beregner fingerID for finger 81: 66910184482040319473572632702383464766
id: 66910184482040319473572632702383464766
lower: 66910184482037901621933403444034052414
upper: 121411138451101288395601026024677976156
Result (no wrap): true
2025-05-02 21:40:29 INFO  ChordProtocols:179 - Finger 81 peker n책 til: process5
2025-05-02 21:40:29 INFO  ChordProtocols:173 - Beregner fingerID for finger 82: 66910184482042737325211861960732877118
id: 66910184482042737325211861960732877118
lower: 66910184482037901621933403444034052414
upper: 121411138451101288395601026024677976156
Result (no wrap): true
2025-05-02 21:40:29 INFO  ChordProtocols:179 - Finger 82 peker n책 til: process5
2025-05-02 21:40:29 INFO  ChordProtocols:173 - Beregner fingerID for finger 83: 66910184482047573028490320477431701822
id: 66910184482047573028490320477431701822
lower: 66910184482037901621933403444034052414
upper: 121411138451101288395601026024677976156
Result (no wrap): true
2025-05-02 21:40:29 INFO  ChordProtocols:179 - Finger 83 peker n책 til: process5
2025-05-02 21:40:29 INFO  ChordProtocols:173 - Beregner fingerID for finger 84: 66910184482057244435047237510829351230
id: 66910184482057244435047237510829351230
lower: 66910184482037901621933403444034052414
upper: 121411138451101288395601026024677976156
Result (no wrap): true
2025-05-02 21:40:29 INFO  ChordProtocols:179 - Finger 84 peker n책 til: process5
2025-05-02 21:40:29 INFO  ChordProtocols:173 - Beregner fingerID for finger 85: 66910184482076587248161071577624650046
id: 66910184482076587248161071577624650046
lower: 66910184482037901621933403444034052414
upper: 121411138451101288395601026024677976156
Result (no wrap): true
2025-05-02 21:40:29 INFO  ChordProtocols:179 - Finger 85 peker n책 til: process5
2025-05-02 21:40:29 INFO  ChordProtocols:173 - Beregner fingerID for finger 86: 66910184482115272874388739711215247678
id: 66910184482115272874388739711215247678
lower: 66910184482037901621933403444034052414
upper: 121411138451101288395601026024677976156
Result (no wrap): true
2025-05-02 21:40:29 INFO  ChordProtocols:179 - Finger 86 peker n책 til: process5
2025-05-02 21:40:29 INFO  ChordProtocols:173 - Beregner fingerID for finger 87: 66910184482192644126844075978396442942
id: 66910184482192644126844075978396442942
lower: 66910184482037901621933403444034052414
upper: 121411138451101288395601026024677976156
Result (no wrap): true
2025-05-02 21:40:29 INFO  ChordProtocols:179 - Finger 87 peker n책 til: process5
2025-05-02 21:40:29 INFO  ChordProtocols:173 - Beregner fingerID for finger 88: 66910184482347386631754748512758833470
id: 66910184482347386631754748512758833470
lower: 66910184482037901621933403444034052414
upper: 121411138451101288395601026024677976156
Result (no wrap): true
2025-05-02 21:40:29 INFO  ChordProtocols:179 - Finger 88 peker n책 til: process5
2025-05-02 21:40:29 INFO  ChordProtocols:173 - Beregner fingerID for finger 89: 66910184482656871641576093581483614526
id: 66910184482656871641576093581483614526
lower: 66910184482037901621933403444034052414
upper: 121411138451101288395601026024677976156
Result (no wrap): true
2025-05-02 21:40:29 INFO  ChordProtocols:179 - Finger 89 peker n책 til: process5
2025-05-02 21:40:29 INFO  ChordProtocols:173 - Beregner fingerID for finger 90: 66910184483275841661218783718933176638
id: 66910184483275841661218783718933176638
lower: 66910184482037901621933403444034052414
upper: 121411138451101288395601026024677976156
Result (no wrap): true
2025-05-02 21:40:29 INFO  ChordProtocols:179 - Finger 90 peker n책 til: process5
2025-05-02 21:40:29 INFO  ChordProtocols:173 - Beregner fingerID for finger 91: 66910184484513781700504163993832300862
id: 66910184484513781700504163993832300862
lower: 66910184482037901621933403444034052414
upper: 121411138451101288395601026024677976156
Result (no wrap): true
2025-05-02 21:40:29 INFO  ChordProtocols:179 - Finger 91 peker n책 til: process5
2025-05-02 21:40:29 INFO  ChordProtocols:173 - Beregner fingerID for finger 92: 66910184486989661779074924543630549310
id: 66910184486989661779074924543630549310
lower: 66910184482037901621933403444034052414
upper: 121411138451101288395601026024677976156
Result (no wrap): true
2025-05-02 21:40:29 INFO  ChordProtocols:179 - Finger 92 peker n책 til: process5
2025-05-02 21:40:29 INFO  ChordProtocols:173 - Beregner fingerID for finger 93: 66910184491941421936216445643227046206
id: 66910184491941421936216445643227046206
lower: 66910184482037901621933403444034052414
upper: 121411138451101288395601026024677976156
Result (no wrap): true
2025-05-02 21:40:29 INFO  ChordProtocols:179 - Finger 93 peker n책 til: process5
2025-05-02 21:40:29 INFO  ChordProtocols:173 - Beregner fingerID for finger 94: 66910184501844942250499487842420039998
id: 66910184501844942250499487842420039998
lower: 66910184482037901621933403444034052414
upper: 121411138451101288395601026024677976156
Result (no wrap): true
2025-05-02 21:40:29 INFO  ChordProtocols:179 - Finger 94 peker n책 til: process5
2025-05-02 21:40:29 INFO  ChordProtocols:173 - Beregner fingerID for finger 95: 66910184521651982879065572240806027582
id: 66910184521651982879065572240806027582
lower: 66910184482037901621933403444034052414
upper: 121411138451101288395601026024677976156
Result (no wrap): true
2025-05-02 21:40:29 INFO  ChordProtocols:179 - Finger 95 peker n책 til: process5
2025-05-02 21:40:29 INFO  ChordProtocols:173 - Beregner fingerID for finger 96: 66910184561266064136197741037578002750
id: 66910184561266064136197741037578002750
lower: 66910184482037901621933403444034052414
upper: 121411138451101288395601026024677976156
Result (no wrap): true
2025-05-02 21:40:29 INFO  ChordProtocols:179 - Finger 96 peker n책 til: process5
2025-05-02 21:40:29 INFO  ChordProtocols:173 - Beregner fingerID for finger 97: 66910184640494226650462078631121953086
id: 66910184640494226650462078631121953086
lower: 66910184482037901621933403444034052414
upper: 121411138451101288395601026024677976156
Result (no wrap): true
2025-05-02 21:40:29 INFO  ChordProtocols:179 - Finger 97 peker n책 til: process5
2025-05-02 21:40:29 INFO  ChordProtocols:173 - Beregner fingerID for finger 98: 66910184798950551678990753818209853758
id: 66910184798950551678990753818209853758
lower: 66910184482037901621933403444034052414
upper: 121411138451101288395601026024677976156
Result (no wrap): true
2025-05-02 21:40:29 INFO  ChordProtocols:179 - Finger 98 peker n책 til: process5
2025-05-02 21:40:29 INFO  ChordProtocols:173 - Beregner fingerID for finger 99: 66910185115863201736048104192385655102
id: 66910185115863201736048104192385655102
lower: 66910184482037901621933403444034052414
upper: 121411138451101288395601026024677976156
Result (no wrap): true
2025-05-02 21:40:29 INFO  ChordProtocols:179 - Finger 99 peker n책 til: process5
2025-05-02 21:40:29 INFO  ChordProtocols:173 - Beregner fingerID for finger 100: 66910185749688501850162804940737257790
id: 66910185749688501850162804940737257790
lower: 66910184482037901621933403444034052414
upper: 121411138451101288395601026024677976156
Result (no wrap): true
2025-05-02 21:40:29 INFO  ChordProtocols:179 - Finger 100 peker n책 til: process5
2025-05-02 21:40:29 INFO  ChordProtocols:173 - Beregner fingerID for finger 101: 66910187017339102078392206437440463166
id: 66910187017339102078392206437440463166
lower: 66910184482037901621933403444034052414
upper: 121411138451101288395601026024677976156
Result (no wrap): true
2025-05-02 21:40:29 INFO  ChordProtocols:179 - Finger 101 peker n책 til: process5
2025-05-02 21:40:29 INFO  ChordProtocols:173 - Beregner fingerID for finger 102: 66910189552640302534851009430846873918
id: 66910189552640302534851009430846873918
lower: 66910184482037901621933403444034052414
upper: 121411138451101288395601026024677976156
Result (no wrap): true
2025-05-02 21:40:29 INFO  ChordProtocols:179 - Finger 102 peker n책 til: process5
2025-05-02 21:40:29 INFO  ChordProtocols:173 - Beregner fingerID for finger 103: 66910194623242703447768615417659695422
id: 66910194623242703447768615417659695422
lower: 66910184482037901621933403444034052414
upper: 121411138451101288395601026024677976156
Result (no wrap): true
2025-05-02 21:40:29 INFO  ChordProtocols:179 - Finger 103 peker n책 til: process5
2025-05-02 21:40:29 INFO  ChordProtocols:173 - Beregner fingerID for finger 104: 66910204764447505273603827391285338430
id: 66910204764447505273603827391285338430
lower: 66910184482037901621933403444034052414
upper: 121411138451101288395601026024677976156
Result (no wrap): true
2025-05-02 21:40:29 INFO  ChordProtocols:179 - Finger 104 peker n책 til: process5
2025-05-02 21:40:29 INFO  ChordProtocols:173 - Beregner fingerID for finger 105: 66910225046857108925274251338536624446
id: 66910225046857108925274251338536624446
lower: 66910184482037901621933403444034052414
upper: 121411138451101288395601026024677976156
Result (no wrap): true
2025-05-02 21:40:29 INFO  ChordProtocols:179 - Finger 105 peker n책 til: process5
2025-05-02 21:40:29 INFO  ChordProtocols:173 - Beregner fingerID for finger 106: 66910265611676316228615099233039196478
id: 66910265611676316228615099233039196478
lower: 66910184482037901621933403444034052414
upper: 121411138451101288395601026024677976156
Result (no wrap): true
2025-05-02 21:40:29 INFO  ChordProtocols:179 - Finger 106 peker n책 til: process5
2025-05-02 21:40:29 INFO  ChordProtocols:173 - Beregner fingerID for finger 107: 66910346741314730835296795022044340542
id: 66910346741314730835296795022044340542
lower: 66910184482037901621933403444034052414
upper: 121411138451101288395601026024677976156
Result (no wrap): true
2025-05-02 21:40:29 INFO  ChordProtocols:179 - Finger 107 peker n책 til: process5
2025-05-02 21:40:29 INFO  ChordProtocols:173 - Beregner fingerID for finger 108: 66910509000591560048660186600054628670
id: 66910509000591560048660186600054628670
lower: 66910184482037901621933403444034052414
upper: 121411138451101288395601026024677976156
Result (no wrap): true
2025-05-02 21:40:29 INFO  ChordProtocols:179 - Finger 108 peker n책 til: process5
2025-05-02 21:40:29 INFO  ChordProtocols:173 - Beregner fingerID for finger 109: 66910833519145218475386969756075204926
id: 66910833519145218475386969756075204926
lower: 66910184482037901621933403444034052414
upper: 121411138451101288395601026024677976156
Result (no wrap): true
2025-05-02 21:40:29 INFO  ChordProtocols:179 - Finger 109 peker n책 til: process5
2025-05-02 21:40:29 INFO  ChordProtocols:173 - Beregner fingerID for finger 110: 66911482556252535328840536068116357438
id: 66911482556252535328840536068116357438
lower: 66910184482037901621933403444034052414
upper: 121411138451101288395601026024677976156
Result (no wrap): true
2025-05-02 21:40:29 INFO  ChordProtocols:179 - Finger 110 peker n책 til: process5
2025-05-02 21:40:29 INFO  ChordProtocols:173 - Beregner fingerID for finger 111: 66912780630467169035747668692198662462
id: 66912780630467169035747668692198662462
lower: 66910184482037901621933403444034052414
upper: 121411138451101288395601026024677976156
Result (no wrap): true
2025-05-02 21:40:29 INFO  ChordProtocols:179 - Finger 111 peker n책 til: process5
2025-05-02 21:40:29 INFO  ChordProtocols:173 - Beregner fingerID for finger 112: 66915376778896436449561933940363272510
id: 66915376778896436449561933940363272510
lower: 66910184482037901621933403444034052414
upper: 121411138451101288395601026024677976156
Result (no wrap): true
2025-05-02 21:40:29 INFO  ChordProtocols:179 - Finger 112 peker n책 til: process5
2025-05-02 21:40:29 INFO  ChordProtocols:173 - Beregner fingerID for finger 113: 66920569075754971277190464436692492606
id: 66920569075754971277190464436692492606
lower: 66910184482037901621933403444034052414
upper: 121411138451101288395601026024677976156
Result (no wrap): true
2025-05-02 21:40:29 INFO  ChordProtocols:179 - Finger 113 peker n책 til: process5
2025-05-02 21:40:29 INFO  ChordProtocols:173 - Beregner fingerID for finger 114: 66930953669472040932447525429350932798
id: 66930953669472040932447525429350932798
lower: 66910184482037901621933403444034052414
upper: 121411138451101288395601026024677976156
Result (no wrap): true
2025-05-02 21:40:29 INFO  ChordProtocols:179 - Finger 114 peker n책 til: process5
2025-05-02 21:40:29 INFO  ChordProtocols:173 - Beregner fingerID for finger 115: 66951722856906180242961647414667813182
id: 66951722856906180242961647414667813182
lower: 66910184482037901621933403444034052414
upper: 121411138451101288395601026024677976156
Result (no wrap): true
2025-05-02 21:40:29 INFO  ChordProtocols:179 - Finger 115 peker n책 til: process5
2025-05-02 21:40:29 INFO  ChordProtocols:173 - Beregner fingerID for finger 116: 66993261231774458863989891385301573950
id: 66993261231774458863989891385301573950
lower: 66910184482037901621933403444034052414
upper: 121411138451101288395601026024677976156
Result (no wrap): true
2025-05-02 21:40:29 INFO  ChordProtocols:179 - Finger 116 peker n책 til: process5
2025-05-02 21:40:29 INFO  ChordProtocols:173 - Beregner fingerID for finger 117: 67076337981511016106046379326569095486
id: 67076337981511016106046379326569095486
lower: 66910184482037901621933403444034052414
upper: 121411138451101288395601026024677976156
Result (no wrap): true
2025-05-02 21:40:29 INFO  ChordProtocols:179 - Finger 117 peker n책 til: process5
2025-05-02 21:40:29 INFO  ChordProtocols:173 - Beregner fingerID for finger 118: 67242491480984130590159355209104138558
id: 67242491480984130590159355209104138558
lower: 66910184482037901621933403444034052414
upper: 121411138451101288395601026024677976156
Result (no wrap): true
2025-05-02 21:40:29 INFO  ChordProtocols:179 - Finger 118 peker n책 til: process5
2025-05-02 21:40:29 INFO  ChordProtocols:173 - Beregner fingerID for finger 119: 67574798479930359558385306974174224702
id: 67574798479930359558385306974174224702
lower: 66910184482037901621933403444034052414
upper: 121411138451101288395601026024677976156
Result (no wrap): true
2025-05-02 21:40:29 INFO  ChordProtocols:179 - Finger 119 peker n책 til: process5
2025-05-02 21:40:29 INFO  ChordProtocols:173 - Beregner fingerID for finger 120: 68239412477822817494837210504314396990
id: 68239412477822817494837210504314396990
lower: 66910184482037901621933403444034052414
upper: 121411138451101288395601026024677976156
Result (no wrap): true
2025-05-02 21:40:29 INFO  ChordProtocols:179 - Finger 120 peker n책 til: process5
2025-05-02 21:40:29 INFO  ChordProtocols:173 - Beregner fingerID for finger 121: 69568640473607733367741017564594741566
id: 69568640473607733367741017564594741566
lower: 66910184482037901621933403444034052414
upper: 121411138451101288395601026024677976156
Result (no wrap): true
2025-05-02 21:40:29 INFO  ChordProtocols:179 - Finger 121 peker n책 til: process5
2025-05-02 21:40:29 INFO  ChordProtocols:173 - Beregner fingerID for finger 122: 72227096465177565113548631685155430718
id: 72227096465177565113548631685155430718
lower: 66910184482037901621933403444034052414
upper: 121411138451101288395601026024677976156
Result (no wrap): true
2025-05-02 21:40:29 INFO  ChordProtocols:179 - Finger 122 peker n책 til: process5
2025-05-02 21:40:29 INFO  ChordProtocols:173 - Beregner fingerID for finger 123: 77544008448317228605163859926276809022
id: 77544008448317228605163859926276809022
lower: 66910184482037901621933403444034052414
upper: 121411138451101288395601026024677976156
Result (no wrap): true
2025-05-02 21:40:29 INFO  ChordProtocols:179 - Finger 123 peker n책 til: process5
2025-05-02 21:40:29 INFO  ChordProtocols:173 - Beregner fingerID for finger 124: 88177832414596555588394316408519565630
id: 88177832414596555588394316408519565630
lower: 66910184482037901621933403444034052414
upper: 121411138451101288395601026024677976156
Result (no wrap): true
2025-05-02 21:40:29 INFO  ChordProtocols:179 - Finger 124 peker n책 til: process5
2025-05-02 21:40:29 INFO  ChordProtocols:173 - Beregner fingerID for finger 125: 109445480347155209554855229373005078846
id: 109445480347155209554855229373005078846
lower: 66910184482037901621933403444034052414
upper: 121411138451101288395601026024677976156
Result (no wrap): true
2025-05-02 21:40:29 INFO  ChordProtocols:179 - Finger 125 peker n책 til: process5
2025-05-02 21:40:29 INFO  ChordProtocols:173 - Beregner fingerID for finger 126: 151980776212272517487777055301976105278
id: 151980776212272517487777055301976105278
lower: 66910184482037901621933403444034052414
upper: 121411138451101288395601026024677976156
Result (no wrap): false
id: 121411138451101288395601026024677976156
lower: 66910184482037901621933403444034052414
upper: 151980776212272517487777055301976105278
Result (no wrap): true
id: 151980776212272517487777055301976105278
lower: 121411138451101288395601026024677976156
upper: 210821560651360572675896360671414673172
Result (no wrap): true
2025-05-02 21:40:29 INFO  ChordProtocols:179 - Finger 126 peker n책 til: process4
2025-05-02 21:40:29 INFO  ChordProtocols:173 - Beregner fingerID for finger 127: 237051367942507133353620707159918158142
id: 237051367942507133353620707159918158142
lower: 66910184482037901621933403444034052414
upper: 121411138451101288395601026024677976156
Result (no wrap): false
id: 210821560651360572675896360671414673172
lower: 66910184482037901621933403444034052414
upper: 237051367942507133353620707159918158142
Result (no wrap): true
id: 237051367942507133353620707159918158142
lower: 210821560651360572675896360671414673172
upper: 15618062003214643351512781541041391612
Result (wrap): true
2025-05-02 21:40:29 INFO  ChordProtocols:179 - Finger 127 peker n책 til: process2
2025-05-02 21:40:29 INFO  StabilizationProtocols:60 - Checking the predecessor for Node: process3
==================================
Node Identifier = 66910184482037901621933403444034052414
Node IP address = process3
successor(process3) = process5
predecessor(process3) = process3
Current File keys for process3 => []
==================================
2025-05-02 21:40:29 INFO  StabilizationProtocols:130 - Updating the successor for Node: process4
id: 210821560651360572675896360671414673173
lower: 210821560651360572675896360671414673172
upper: 15618062003214643351512781541041391612
Result (wrap): true
2025-05-02 21:40:29 INFO  StabilizationProtocols:84 - Stabilizing ring from process4...
2025-05-02 21:40:29 INFO  StabilizationProtocols:91 - Stabilize ring: succnode = process2
id: 210821560651360572675896360671414673172
lower: 210821560651360572675896360671414673173
upper: 15618062003214643351512781541041391613
Result (wrap): false
2025-05-02 21:40:29 INFO  StabilizationProtocols:113 - Finished stabilizing chordring from process4
2025-05-02 21:40:29 INFO  ChordProtocols:159 - Oppdaterer FingerTable for Node: process4
2025-05-02 21:40:29 INFO  ChordProtocols:173 - Beregner fingerID for finger 0: 210821560651360572675896360671414673173
id: 210821560651360572675896360671414673173
lower: 210821560651360572675896360671414673172
upper: 15618062003214643351512781541041391612
Result (wrap): true
2025-05-02 21:40:29 INFO  ChordProtocols:179 - Finger 0 peker n책 til: process2
2025-05-02 21:40:29 INFO  ChordProtocols:173 - Beregner fingerID for finger 1: 210821560651360572675896360671414673174
id: 210821560651360572675896360671414673174
lower: 210821560651360572675896360671414673172
upper: 15618062003214643351512781541041391612
Result (wrap): true
2025-05-02 21:40:29 INFO  ChordProtocols:179 - Finger 1 peker n책 til: process2
2025-05-02 21:40:29 INFO  ChordProtocols:173 - Beregner fingerID for finger 2: 210821560651360572675896360671414673176
id: 210821560651360572675896360671414673176
lower: 210821560651360572675896360671414673172
upper: 15618062003214643351512781541041391612
Result (wrap): true
2025-05-02 21:40:29 INFO  ChordProtocols:179 - Finger 2 peker n책 til: process2
2025-05-02 21:40:29 INFO  ChordProtocols:173 - Beregner fingerID for finger 3: 210821560651360572675896360671414673180
id: 210821560651360572675896360671414673180
lower: 210821560651360572675896360671414673172
upper: 15618062003214643351512781541041391612
Result (wrap): true
2025-05-02 21:40:29 INFO  ChordProtocols:179 - Finger 3 peker n책 til: process2
2025-05-02 21:40:29 INFO  ChordProtocols:173 - Beregner fingerID for finger 4: 210821560651360572675896360671414673188
id: 210821560651360572675896360671414673188
lower: 210821560651360572675896360671414673172
upper: 15618062003214643351512781541041391612
Result (wrap): true
2025-05-02 21:40:29 INFO  ChordProtocols:179 - Finger 4 peker n책 til: process2
2025-05-02 21:40:29 INFO  ChordProtocols:173 - Beregner fingerID for finger 5: 210821560651360572675896360671414673204
id: 210821560651360572675896360671414673204
lower: 210821560651360572675896360671414673172
upper: 15618062003214643351512781541041391612
Result (wrap): true
2025-05-02 21:40:29 INFO  ChordProtocols:179 - Finger 5 peker n책 til: process2
2025-05-02 21:40:29 INFO  ChordProtocols:173 - Beregner fingerID for finger 6: 210821560651360572675896360671414673236
id: 210821560651360572675896360671414673236
lower: 210821560651360572675896360671414673172
upper: 15618062003214643351512781541041391612
Result (wrap): true
2025-05-02 21:40:29 INFO  ChordProtocols:179 - Finger 6 peker n책 til: process2
2025-05-02 21:40:29 INFO  ChordProtocols:173 - Beregner fingerID for finger 7: 210821560651360572675896360671414673300
id: 210821560651360572675896360671414673300
lower: 210821560651360572675896360671414673172
upper: 15618062003214643351512781541041391612
Result (wrap): true
2025-05-02 21:40:29 INFO  ChordProtocols:179 - Finger 7 peker n책 til: process2
2025-05-02 21:40:29 INFO  ChordProtocols:173 - Beregner fingerID for finger 8: 210821560651360572675896360671414673428
id: 210821560651360572675896360671414673428
lower: 210821560651360572675896360671414673172
upper: 15618062003214643351512781541041391612
Result (wrap): true
2025-05-02 21:40:29 INFO  ChordProtocols:179 - Finger 8 peker n책 til: process2
2025-05-02 21:40:29 INFO  ChordProtocols:173 - Beregner fingerID for finger 9: 210821560651360572675896360671414673684
id: 210821560651360572675896360671414673684
lower: 210821560651360572675896360671414673172
upper: 15618062003214643351512781541041391612
Result (wrap): true
2025-05-02 21:40:29 INFO  ChordProtocols:179 - Finger 9 peker n책 til: process2
2025-05-02 21:40:29 INFO  ChordProtocols:173 - Beregner fingerID for finger 10: 210821560651360572675896360671414674196
id: 210821560651360572675896360671414674196
lower: 210821560651360572675896360671414673172
upper: 15618062003214643351512781541041391612
Result (wrap): true
2025-05-02 21:40:29 INFO  ChordProtocols:179 - Finger 10 peker n책 til: process2
2025-05-02 21:40:29 INFO  ChordProtocols:173 - Beregner fingerID for finger 11: 210821560651360572675896360671414675220
id: 210821560651360572675896360671414675220
lower: 210821560651360572675896360671414673172
upper: 15618062003214643351512781541041391612
Result (wrap): true
2025-05-02 21:40:29 INFO  ChordProtocols:179 - Finger 11 peker n책 til: process2
2025-05-02 21:40:29 INFO  ChordProtocols:173 - Beregner fingerID for finger 12: 210821560651360572675896360671414677268
id: 210821560651360572675896360671414677268
lower: 210821560651360572675896360671414673172
upper: 15618062003214643351512781541041391612
Result (wrap): true
2025-05-02 21:40:29 INFO  ChordProtocols:179 - Finger 12 peker n책 til: process2
2025-05-02 21:40:29 INFO  ChordProtocols:173 - Beregner fingerID for finger 13: 210821560651360572675896360671414681364
id: 210821560651360572675896360671414681364
lower: 210821560651360572675896360671414673172
upper: 15618062003214643351512781541041391612
Result (wrap): true
2025-05-02 21:40:29 INFO  ChordProtocols:179 - Finger 13 peker n책 til: process2
2025-05-02 21:40:29 INFO  ChordProtocols:173 - Beregner fingerID for finger 14: 210821560651360572675896360671414689556
id: 210821560651360572675896360671414689556
lower: 210821560651360572675896360671414673172
upper: 15618062003214643351512781541041391612
Result (wrap): true
2025-05-02 21:40:29 INFO  ChordProtocols:179 - Finger 14 peker n책 til: process2
2025-05-02 21:40:29 INFO  ChordProtocols:173 - Beregner fingerID for finger 15: 210821560651360572675896360671414705940
id: 210821560651360572675896360671414705940
lower: 210821560651360572675896360671414673172
upper: 15618062003214643351512781541041391612
Result (wrap): true
2025-05-02 21:40:29 INFO  ChordProtocols:179 - Finger 15 peker n책 til: process2
2025-05-02 21:40:29 INFO  ChordProtocols:173 - Beregner fingerID for finger 16: 210821560651360572675896360671414738708
id: 210821560651360572675896360671414738708
lower: 210821560651360572675896360671414673172
upper: 15618062003214643351512781541041391612
Result (wrap): true
2025-05-02 21:40:29 INFO  ChordProtocols:179 - Finger 16 peker n책 til: process2
2025-05-02 21:40:29 INFO  ChordProtocols:173 - Beregner fingerID for finger 17: 210821560651360572675896360671414804244
id: 210821560651360572675896360671414804244
lower: 210821560651360572675896360671414673172
upper: 15618062003214643351512781541041391612
Result (wrap): true
2025-05-02 21:40:29 INFO  ChordProtocols:179 - Finger 17 peker n책 til: process2
2025-05-02 21:40:29 INFO  ChordProtocols:173 - Beregner fingerID for finger 18: 210821560651360572675896360671414935316
id: 210821560651360572675896360671414935316
lower: 210821560651360572675896360671414673172
upper: 15618062003214643351512781541041391612
Result (wrap): true
2025-05-02 21:40:29 INFO  ChordProtocols:179 - Finger 18 peker n책 til: process2
2025-05-02 21:40:29 INFO  ChordProtocols:173 - Beregner fingerID for finger 19: 210821560651360572675896360671415197460
id: 210821560651360572675896360671415197460
lower: 210821560651360572675896360671414673172
upper: 15618062003214643351512781541041391612
Result (wrap): true
2025-05-02 21:40:29 INFO  ChordProtocols:179 - Finger 19 peker n책 til: process2
2025-05-02 21:40:29 INFO  ChordProtocols:173 - Beregner fingerID for finger 20: 210821560651360572675896360671415721748
id: 210821560651360572675896360671415721748
lower: 210821560651360572675896360671414673172
upper: 15618062003214643351512781541041391612
Result (wrap): true
2025-05-02 21:40:29 INFO  ChordProtocols:179 - Finger 20 peker n책 til: process2
2025-05-02 21:40:29 INFO  ChordProtocols:173 - Beregner fingerID for finger 21: 210821560651360572675896360671416770324
id: 210821560651360572675896360671416770324
lower: 210821560651360572675896360671414673172
upper: 15618062003214643351512781541041391612
Result (wrap): true
2025-05-02 21:40:29 INFO  ChordProtocols:179 - Finger 21 peker n책 til: process2
2025-05-02 21:40:29 INFO  ChordProtocols:173 - Beregner fingerID for finger 22: 210821560651360572675896360671418867476
id: 210821560651360572675896360671418867476
lower: 210821560651360572675896360671414673172
upper: 15618062003214643351512781541041391612
Result (wrap): true
2025-05-02 21:40:29 INFO  ChordProtocols:179 - Finger 22 peker n책 til: process2
2025-05-02 21:40:29 INFO  ChordProtocols:173 - Beregner fingerID for finger 23: 210821560651360572675896360671423061780
id: 210821560651360572675896360671423061780
lower: 210821560651360572675896360671414673172
upper: 15618062003214643351512781541041391612
Result (wrap): true
2025-05-02 21:40:29 INFO  ChordProtocols:179 - Finger 23 peker n책 til: process2
2025-05-02 21:40:29 INFO  ChordProtocols:173 - Beregner fingerID for finger 24: 210821560651360572675896360671431450388
id: 210821560651360572675896360671431450388
lower: 210821560651360572675896360671414673172
upper: 15618062003214643351512781541041391612
Result (wrap): true
2025-05-02 21:40:29 INFO  ChordProtocols:179 - Finger 24 peker n책 til: process2
2025-05-02 21:40:29 INFO  ChordProtocols:173 - Beregner fingerID for finger 25: 210821560651360572675896360671448227604
id: 210821560651360572675896360671448227604
lower: 210821560651360572675896360671414673172
upper: 15618062003214643351512781541041391612
Result (wrap): true
2025-05-02 21:40:29 INFO  ChordProtocols:179 - Finger 25 peker n책 til: process2
2025-05-02 21:40:29 INFO  ChordProtocols:173 - Beregner fingerID for finger 26: 210821560651360572675896360671481782036
id: 210821560651360572675896360671481782036
lower: 210821560651360572675896360671414673172
upper: 15618062003214643351512781541041391612
Result (wrap): true
2025-05-02 21:40:29 INFO  ChordProtocols:179 - Finger 26 peker n책 til: process2
2025-05-02 21:40:29 INFO  ChordProtocols:173 - Beregner fingerID for finger 27: 210821560651360572675896360671548890900
id: 210821560651360572675896360671548890900
lower: 210821560651360572675896360671414673172
upper: 15618062003214643351512781541041391612
Result (wrap): true
2025-05-02 21:40:29 INFO  ChordProtocols:179 - Finger 27 peker n책 til: process2
2025-05-02 21:40:29 INFO  ChordProtocols:173 - Beregner fingerID for finger 28: 210821560651360572675896360671683108628
id: 210821560651360572675896360671683108628
lower: 210821560651360572675896360671414673172
upper: 15618062003214643351512781541041391612
Result (wrap): true
2025-05-02 21:40:29 INFO  ChordProtocols:179 - Finger 28 peker n책 til: process2
2025-05-02 21:40:29 INFO  ChordProtocols:173 - Beregner fingerID for finger 29: 210821560651360572675896360671951544084
id: 210821560651360572675896360671951544084
lower: 210821560651360572675896360671414673172
upper: 15618062003214643351512781541041391612
Result (wrap): true
2025-05-02 21:40:29 INFO  ChordProtocols:179 - Finger 29 peker n책 til: process2
2025-05-02 21:40:29 INFO  ChordProtocols:173 - Beregner fingerID for finger 30: 210821560651360572675896360672488414996
id: 210821560651360572675896360672488414996
lower: 210821560651360572675896360671414673172
upper: 15618062003214643351512781541041391612
Result (wrap): true
2025-05-02 21:40:29 INFO  ChordProtocols:179 - Finger 30 peker n책 til: process2
2025-05-02 21:40:29 INFO  ChordProtocols:173 - Beregner fingerID for finger 31: 210821560651360572675896360673562156820
id: 210821560651360572675896360673562156820
lower: 210821560651360572675896360671414673172
upper: 15618062003214643351512781541041391612
Result (wrap): true
2025-05-02 21:40:29 INFO  ChordProtocols:179 - Finger 31 peker n책 til: process2
2025-05-02 21:40:29 INFO  ChordProtocols:173 - Beregner fingerID for finger 32: 210821560651360572675896360675709640468
id: 210821560651360572675896360675709640468
lower: 210821560651360572675896360671414673172
upper: 15618062003214643351512781541041391612
Result (wrap): true
2025-05-02 21:40:29 INFO  ChordProtocols:179 - Finger 32 peker n책 til: process2
2025-05-02 21:40:29 INFO  ChordProtocols:173 - Beregner fingerID for finger 33: 210821560651360572675896360680004607764
id: 210821560651360572675896360680004607764
lower: 210821560651360572675896360671414673172
upper: 15618062003214643351512781541041391612
Result (wrap): true
2025-05-02 21:40:29 INFO  ChordProtocols:179 - Finger 33 peker n책 til: process2
2025-05-02 21:40:29 INFO  ChordProtocols:173 - Beregner fingerID for finger 34: 210821560651360572675896360688594542356
id: 210821560651360572675896360688594542356
lower: 210821560651360572675896360671414673172
upper: 15618062003214643351512781541041391612
Result (wrap): true
2025-05-02 21:40:29 INFO  ChordProtocols:179 - Finger 34 peker n책 til: process2
2025-05-02 21:40:29 INFO  ChordProtocols:173 - Beregner fingerID for finger 35: 210821560651360572675896360705774411540
id: 210821560651360572675896360705774411540
lower: 210821560651360572675896360671414673172
upper: 15618062003214643351512781541041391612
Result (wrap): true
2025-05-02 21:40:29 INFO  ChordProtocols:179 - Finger 35 peker n책 til: process2
2025-05-02 21:40:29 INFO  ChordProtocols:173 - Beregner fingerID for finger 36: 210821560651360572675896360740134149908
id: 210821560651360572675896360740134149908
lower: 210821560651360572675896360671414673172
upper: 15618062003214643351512781541041391612
Result (wrap): true
2025-05-02 21:40:29 INFO  ChordProtocols:179 - Finger 36 peker n책 til: process2
2025-05-02 21:40:29 INFO  ChordProtocols:173 - Beregner fingerID for finger 37: 210821560651360572675896360808853626644
id: 210821560651360572675896360808853626644
lower: 210821560651360572675896360671414673172
upper: 15618062003214643351512781541041391612
Result (wrap): true
2025-05-02 21:40:29 INFO  ChordProtocols:179 - Finger 37 peker n책 til: process2
2025-05-02 21:40:29 INFO  ChordProtocols:173 - Beregner fingerID for finger 38: 210821560651360572675896360946292580116
id: 210821560651360572675896360946292580116
lower: 210821560651360572675896360671414673172
upper: 15618062003214643351512781541041391612
Result (wrap): true
2025-05-02 21:40:29 INFO  ChordProtocols:179 - Finger 38 peker n책 til: process2
2025-05-02 21:40:29 INFO  ChordProtocols:173 - Beregner fingerID for finger 39: 210821560651360572675896361221170487060
id: 210821560651360572675896361221170487060
lower: 210821560651360572675896360671414673172
upper: 15618062003214643351512781541041391612
Result (wrap): true
2025-05-02 21:40:29 INFO  ChordProtocols:179 - Finger 39 peker n책 til: process2
2025-05-02 21:40:29 INFO  ChordProtocols:173 - Beregner fingerID for finger 40: 210821560651360572675896361770926300948
id: 210821560651360572675896361770926300948
lower: 210821560651360572675896360671414673172
upper: 15618062003214643351512781541041391612
Result (wrap): true
2025-05-02 21:40:29 INFO  ChordProtocols:179 - Finger 40 peker n책 til: process2
2025-05-02 21:40:29 INFO  ChordProtocols:173 - Beregner fingerID for finger 41: 210821560651360572675896362870437928724
id: 210821560651360572675896362870437928724
lower: 210821560651360572675896360671414673172
upper: 15618062003214643351512781541041391612
Result (wrap): true
2025-05-02 21:40:29 INFO  ChordProtocols:179 - Finger 41 peker n책 til: process2
2025-05-02 21:40:29 INFO  ChordProtocols:173 - Beregner fingerID for finger 42: 210821560651360572675896365069461184276
id: 210821560651360572675896365069461184276
lower: 210821560651360572675896360671414673172
upper: 15618062003214643351512781541041391612
Result (wrap): true
2025-05-02 21:40:29 INFO  ChordProtocols:179 - Finger 42 peker n책 til: process2
2025-05-02 21:40:29 INFO  ChordProtocols:173 - Beregner fingerID for finger 43: 210821560651360572675896369467507695380
id: 210821560651360572675896369467507695380
lower: 210821560651360572675896360671414673172
upper: 15618062003214643351512781541041391612
Result (wrap): true
2025-05-02 21:40:29 INFO  ChordProtocols:179 - Finger 43 peker n책 til: process2
2025-05-02 21:40:29 INFO  ChordProtocols:173 - Beregner fingerID for finger 44: 210821560651360572675896378263600717588
id: 210821560651360572675896378263600717588
lower: 210821560651360572675896360671414673172
upper: 15618062003214643351512781541041391612
Result (wrap): true
2025-05-02 21:40:29 INFO  ChordProtocols:179 - Finger 44 peker n책 til: process2
2025-05-02 21:40:29 INFO  ChordProtocols:173 - Beregner fingerID for finger 45: 210821560651360572675896395855786762004
id: 210821560651360572675896395855786762004
lower: 210821560651360572675896360671414673172
upper: 15618062003214643351512781541041391612
Result (wrap): true
2025-05-02 21:40:29 INFO  ChordProtocols:179 - Finger 45 peker n책 til: process2
2025-05-02 21:40:29 INFO  ChordProtocols:173 - Beregner fingerID for finger 46: 210821560651360572675896431040158850836
id: 210821560651360572675896431040158850836
lower: 210821560651360572675896360671414673172
upper: 15618062003214643351512781541041391612
Result (wrap): true
2025-05-02 21:40:29 INFO  ChordProtocols:179 - Finger 46 peker n책 til: process2
2025-05-02 21:40:29 INFO  ChordProtocols:173 - Beregner fingerID for finger 47: 210821560651360572675896501408903028500
id: 210821560651360572675896501408903028500
lower: 210821560651360572675896360671414673172
upper: 15618062003214643351512781541041391612
Result (wrap): true
2025-05-02 21:40:29 INFO  ChordProtocols:179 - Finger 47 peker n책 til: process2
2025-05-02 21:40:29 INFO  ChordProtocols:173 - Beregner fingerID for finger 48: 210821560651360572675896642146391383828
id: 210821560651360572675896642146391383828
lower: 210821560651360572675896360671414673172
upper: 15618062003214643351512781541041391612
Result (wrap): true
2025-05-02 21:40:29 INFO  ChordProtocols:179 - Finger 48 peker n책 til: process2
2025-05-02 21:40:29 INFO  ChordProtocols:173 - Beregner fingerID for finger 49: 210821560651360572675896923621368094484
id: 210821560651360572675896923621368094484
lower: 210821560651360572675896360671414673172
upper: 15618062003214643351512781541041391612
Result (wrap): true
2025-05-02 21:40:29 INFO  ChordProtocols:179 - Finger 49 peker n책 til: process2
2025-05-02 21:40:29 INFO  ChordProtocols:173 - Beregner fingerID for finger 50: 210821560651360572675897486571321515796
id: 210821560651360572675897486571321515796
lower: 210821560651360572675896360671414673172
upper: 15618062003214643351512781541041391612
Result (wrap): true
2025-05-02 21:40:29 INFO  ChordProtocols:179 - Finger 50 peker n책 til: process2
2025-05-02 21:40:29 INFO  ChordProtocols:173 - Beregner fingerID for finger 51: 210821560651360572675898612471228358420
id: 210821560651360572675898612471228358420
lower: 210821560651360572675896360671414673172
upper: 15618062003214643351512781541041391612
Result (wrap): true
2025-05-02 21:40:29 INFO  ChordProtocols:179 - Finger 51 peker n책 til: process2
2025-05-02 21:40:29 INFO  ChordProtocols:173 - Beregner fingerID for finger 52: 210821560651360572675900864271042043668
id: 210821560651360572675900864271042043668
lower: 210821560651360572675896360671414673172
upper: 15618062003214643351512781541041391612
Result (wrap): true
2025-05-02 21:40:29 INFO  ChordProtocols:179 - Finger 52 peker n책 til: process2
2025-05-02 21:40:29 INFO  ChordProtocols:173 - Beregner fingerID for finger 53: 210821560651360572675905367870669414164
id: 210821560651360572675905367870669414164
lower: 210821560651360572675896360671414673172
upper: 15618062003214643351512781541041391612
Result (wrap): true
2025-05-02 21:40:29 INFO  ChordProtocols:179 - Finger 53 peker n책 til: process2
2025-05-02 21:40:29 INFO  ChordProtocols:173 - Beregner fingerID for finger 54: 210821560651360572675914375069924155156
id: 210821560651360572675914375069924155156
lower: 210821560651360572675896360671414673172
upper: 15618062003214643351512781541041391612
Result (wrap): true
2025-05-02 21:40:29 INFO  ChordProtocols:179 - Finger 54 peker n책 til: process2
2025-05-02 21:40:29 INFO  ChordProtocols:173 - Beregner fingerID for finger 55: 210821560651360572675932389468433637140
id: 210821560651360572675932389468433637140
lower: 210821560651360572675896360671414673172
upper: 15618062003214643351512781541041391612
Result (wrap): true
2025-05-02 21:40:29 INFO  ChordProtocols:179 - Finger 55 peker n책 til: process2
2025-05-02 21:40:29 INFO  ChordProtocols:173 - Beregner fingerID for finger 56: 210821560651360572675968418265452601108
id: 210821560651360572675968418265452601108
lower: 210821560651360572675896360671414673172
upper: 15618062003214643351512781541041391612
Result (wrap): true
2025-05-02 21:40:29 INFO  ChordProtocols:179 - Finger 56 peker n책 til: process2
2025-05-02 21:40:29 INFO  ChordProtocols:173 - Beregner fingerID for finger 57: 210821560651360572676040475859490529044
id: 210821560651360572676040475859490529044
lower: 210821560651360572675896360671414673172
upper: 15618062003214643351512781541041391612
Result (wrap): true
2025-05-02 21:40:29 INFO  ChordProtocols:179 - Finger 57 peker n책 til: process2
2025-05-02 21:40:29 INFO  ChordProtocols:173 - Beregner fingerID for finger 58: 210821560651360572676184591047566384916
id: 210821560651360572676184591047566384916
lower: 210821560651360572675896360671414673172
upper: 15618062003214643351512781541041391612
Result (wrap): true
2025-05-02 21:40:29 INFO  ChordProtocols:179 - Finger 58 peker n책 til: process2
2025-05-02 21:40:29 INFO  ChordProtocols:173 - Beregner fingerID for finger 59: 210821560651360572676472821423718096660
id: 210821560651360572676472821423718096660
lower: 210821560651360572675896360671414673172
upper: 15618062003214643351512781541041391612
Result (wrap): true
2025-05-02 21:40:29 INFO  ChordProtocols:179 - Finger 59 peker n책 til: process2
2025-05-02 21:40:29 INFO  ChordProtocols:173 - Beregner fingerID for finger 60: 210821560651360572677049282176021520148
id: 210821560651360572677049282176021520148
lower: 210821560651360572675896360671414673172
upper: 15618062003214643351512781541041391612
Result (wrap): true
2025-05-02 21:40:29 INFO  ChordProtocols:179 - Finger 60 peker n책 til: process2
2025-05-02 21:40:29 INFO  ChordProtocols:173 - Beregner fingerID for finger 61: 210821560651360572678202203680628367124
id: 210821560651360572678202203680628367124
lower: 210821560651360572675896360671414673172
upper: 15618062003214643351512781541041391612
Result (wrap): true
2025-05-02 21:40:29 INFO  ChordProtocols:179 - Finger 61 peker n책 til: process2
2025-05-02 21:40:29 INFO  ChordProtocols:173 - Beregner fingerID for finger 62: 210821560651360572680508046689842061076
id: 210821560651360572680508046689842061076
lower: 210821560651360572675896360671414673172
upper: 15618062003214643351512781541041391612
Result (wrap): true
2025-05-02 21:40:29 INFO  ChordProtocols:179 - Finger 62 peker n책 til: process2
2025-05-02 21:40:29 INFO  ChordProtocols:173 - Beregner fingerID for finger 63: 210821560651360572685119732708269448980
id: 210821560651360572685119732708269448980
lower: 210821560651360572675896360671414673172
upper: 15618062003214643351512781541041391612
Result (wrap): true
2025-05-02 21:40:29 INFO  ChordProtocols:179 - Finger 63 peker n책 til: process2
2025-05-02 21:40:29 INFO  ChordProtocols:173 - Beregner fingerID for finger 64: 210821560651360572694343104745124224788
id: 210821560651360572694343104745124224788
lower: 210821560651360572675896360671414673172
upper: 15618062003214643351512781541041391612
Result (wrap): true
2025-05-02 21:40:29 INFO  ChordProtocols:179 - Finger 64 peker n책 til: process2
2025-05-02 21:40:29 INFO  ChordProtocols:173 - Beregner fingerID for finger 65: 210821560651360572712789848818833776404
id: 210821560651360572712789848818833776404
lower: 210821560651360572675896360671414673172
upper: 15618062003214643351512781541041391612
Result (wrap): true
2025-05-02 21:40:29 INFO  ChordProtocols:179 - Finger 65 peker n책 til: process2
2025-05-02 21:40:29 INFO  ChordProtocols:173 - Beregner fingerID for finger 66: 210821560651360572749683336966252879636
id: 210821560651360572749683336966252879636
lower: 210821560651360572675896360671414673172
upper: 15618062003214643351512781541041391612
Result (wrap): true
2025-05-02 21:40:29 INFO  ChordProtocols:179 - Finger 66 peker n책 til: process2
2025-05-02 21:40:29 INFO  ChordProtocols:173 - Beregner fingerID for finger 67: 210821560651360572823470313261091086100
id: 210821560651360572823470313261091086100
lower: 210821560651360572675896360671414673172
upper: 15618062003214643351512781541041391612
Result (wrap): true
2025-05-02 21:40:29 INFO  ChordProtocols:179 - Finger 67 peker n책 til: process2
2025-05-02 21:40:29 INFO  ChordProtocols:173 - Beregner fingerID for finger 68: 210821560651360572971044265850767499028
id: 210821560651360572971044265850767499028
lower: 210821560651360572675896360671414673172
upper: 15618062003214643351512781541041391612
Result (wrap): true
2025-05-02 21:40:29 INFO  ChordProtocols:179 - Finger 68 peker n책 til: process2
2025-05-02 21:40:29 INFO  ChordProtocols:173 - Beregner fingerID for finger 69: 210821560651360573266192171030120324884
id: 210821560651360573266192171030120324884
lower: 210821560651360572675896360671414673172
upper: 15618062003214643351512781541041391612
Result (wrap): true
2025-05-02 21:40:29 INFO  ChordProtocols:179 - Finger 69 peker n책 til: process2
2025-05-02 21:40:29 INFO  ChordProtocols:173 - Beregner fingerID for finger 70: 210821560651360573856487981388825976596
id: 210821560651360573856487981388825976596
lower: 210821560651360572675896360671414673172
upper: 15618062003214643351512781541041391612
Result (wrap): true
2025-05-02 21:40:29 INFO  ChordProtocols:179 - Finger 70 peker n책 til: process2
2025-05-02 21:40:29 INFO  ChordProtocols:173 - Beregner fingerID for finger 71: 210821560651360575037079602106237280020
id: 210821560651360575037079602106237280020
lower: 210821560651360572675896360671414673172
upper: 15618062003214643351512781541041391612
Result (wrap): true
2025-05-02 21:40:29 INFO  ChordProtocols:179 - Finger 71 peker n책 til: process2
2025-05-02 21:40:29 INFO  ChordProtocols:173 - Beregner fingerID for finger 72: 210821560651360577398262843541059886868
id: 210821560651360577398262843541059886868
lower: 210821560651360572675896360671414673172
upper: 15618062003214643351512781541041391612
Result (wrap): true
2025-05-02 21:40:29 INFO  ChordProtocols:179 - Finger 72 peker n책 til: process2
2025-05-02 21:40:29 INFO  ChordProtocols:173 - Beregner fingerID for finger 73: 210821560651360582120629326410705100564
id: 210821560651360582120629326410705100564
lower: 210821560651360572675896360671414673172
upper: 15618062003214643351512781541041391612
Result (wrap): true
2025-05-02 21:40:29 INFO  ChordProtocols:179 - Finger 73 peker n책 til: process2
2025-05-02 21:40:29 INFO  ChordProtocols:173 - Beregner fingerID for finger 74: 210821560651360591565362292149995527956
id: 210821560651360591565362292149995527956
lower: 210821560651360572675896360671414673172
upper: 15618062003214643351512781541041391612
Result (wrap): true
2025-05-02 21:40:29 INFO  ChordProtocols:179 - Finger 74 peker n책 til: process2
2025-05-02 21:40:29 INFO  ChordProtocols:173 - Beregner fingerID for finger 75: 210821560651360610454828223628576382740
id: 210821560651360610454828223628576382740
lower: 210821560651360572675896360671414673172
upper: 15618062003214643351512781541041391612
Result (wrap): true
2025-05-02 21:40:29 INFO  ChordProtocols:179 - Finger 75 peker n책 til: process2
2025-05-02 21:40:29 INFO  ChordProtocols:173 - Beregner fingerID for finger 76: 210821560651360648233760086585738092308
id: 210821560651360648233760086585738092308
lower: 210821560651360572675896360671414673172
upper: 15618062003214643351512781541041391612
Result (wrap): true
2025-05-02 21:40:29 INFO  ChordProtocols:179 - Finger 76 peker n책 til: process2
2025-05-02 21:40:29 INFO  ChordProtocols:173 - Beregner fingerID for finger 77: 210821560651360723791623812500061511444
id: 210821560651360723791623812500061511444
lower: 210821560651360572675896360671414673172
upper: 15618062003214643351512781541041391612
Result (wrap): true
2025-05-02 21:40:29 INFO  ChordProtocols:179 - Finger 77 peker n책 til: process2
2025-05-02 21:40:29 INFO  ChordProtocols:173 - Beregner fingerID for finger 78: 210821560651360874907351264328708349716
id: 210821560651360874907351264328708349716
lower: 210821560651360572675896360671414673172
upper: 15618062003214643351512781541041391612
Result (wrap): true
2025-05-02 21:40:29 INFO  ChordProtocols:179 - Finger 78 peker n책 til: process2
2025-05-02 21:40:29 INFO  ChordProtocols:173 - Beregner fingerID for finger 79: 210821560651361177138806167986002026260
id: 210821560651361177138806167986002026260
lower: 210821560651360572675896360671414673172
upper: 15618062003214643351512781541041391612
Result (wrap): true
2025-05-02 21:40:29 INFO  ChordProtocols:179 - Finger 79 peker n책 til: process2
2025-05-02 21:40:29 INFO  ChordProtocols:173 - Beregner fingerID for finger 80: 210821560651361781601715975300589379348
id: 210821560651361781601715975300589379348
lower: 210821560651360572675896360671414673172
upper: 15618062003214643351512781541041391612
Result (wrap): true
2025-05-02 21:40:29 INFO  ChordProtocols:179 - Finger 80 peker n책 til: process2
2025-05-02 21:40:29 INFO  ChordProtocols:173 - Beregner fingerID for finger 81: 210821560651362990527535589929764085524
id: 210821560651362990527535589929764085524
lower: 210821560651360572675896360671414673172
upper: 15618062003214643351512781541041391612
Result (wrap): true
2025-05-02 21:40:29 INFO  ChordProtocols:179 - Finger 81 peker n책 til: process2
2025-05-02 21:40:29 INFO  ChordProtocols:173 - Beregner fingerID for finger 82: 210821560651365408379174819188113497876
id: 210821560651365408379174819188113497876
lower: 210821560651360572675896360671414673172
upper: 15618062003214643351512781541041391612
Result (wrap): true
2025-05-02 21:40:29 INFO  ChordProtocols:179 - Finger 82 peker n책 til: process2
2025-05-02 21:40:29 INFO  ChordProtocols:173 - Beregner fingerID for finger 83: 210821560651370244082453277704812322580
id: 210821560651370244082453277704812322580
lower: 210821560651360572675896360671414673172
upper: 15618062003214643351512781541041391612
Result (wrap): true
2025-05-02 21:40:29 INFO  ChordProtocols:179 - Finger 83 peker n책 til: process2
2025-05-02 21:40:29 INFO  ChordProtocols:173 - Beregner fingerID for finger 84: 210821560651379915489010194738209971988
id: 210821560651379915489010194738209971988
lower: 210821560651360572675896360671414673172
upper: 15618062003214643351512781541041391612
Result (wrap): true
2025-05-02 21:40:29 INFO  ChordProtocols:179 - Finger 84 peker n책 til: process2
2025-05-02 21:40:29 INFO  ChordProtocols:173 - Beregner fingerID for finger 85: 210821560651399258302124028805005270804
id: 210821560651399258302124028805005270804
lower: 210821560651360572675896360671414673172
upper: 15618062003214643351512781541041391612
Result (wrap): true
2025-05-02 21:40:29 INFO  ChordProtocols:179 - Finger 85 peker n책 til: process2
2025-05-02 21:40:29 INFO  ChordProtocols:173 - Beregner fingerID for finger 86: 210821560651437943928351696938595868436
id: 210821560651437943928351696938595868436
lower: 210821560651360572675896360671414673172
upper: 15618062003214643351512781541041391612
Result (wrap): true
2025-05-02 21:40:29 INFO  ChordProtocols:179 - Finger 86 peker n책 til: process2
2025-05-02 21:40:29 INFO  ChordProtocols:173 - Beregner fingerID for finger 87: 210821560651515315180807033205777063700
id: 210821560651515315180807033205777063700
lower: 210821560651360572675896360671414673172
upper: 15618062003214643351512781541041391612
Result (wrap): true
2025-05-02 21:40:29 INFO  ChordProtocols:179 - Finger 87 peker n책 til: process2
2025-05-02 21:40:29 INFO  ChordProtocols:173 - Beregner fingerID for finger 88: 210821560651670057685717705740139454228
id: 210821560651670057685717705740139454228
lower: 210821560651360572675896360671414673172
upper: 15618062003214643351512781541041391612
Result (wrap): true
2025-05-02 21:40:29 INFO  ChordProtocols:179 - Finger 88 peker n책 til: process2
2025-05-02 21:40:29 INFO  ChordProtocols:173 - Beregner fingerID for finger 89: 210821560651979542695539050808864235284
id: 210821560651979542695539050808864235284
lower: 210821560651360572675896360671414673172
upper: 15618062003214643351512781541041391612
Result (wrap): true
2025-05-02 21:40:29 INFO  ChordProtocols:179 - Finger 89 peker n책 til: process2
2025-05-02 21:40:29 INFO  ChordProtocols:173 - Beregner fingerID for finger 90: 210821560652598512715181740946313797396
id: 210821560652598512715181740946313797396
lower: 210821560651360572675896360671414673172
upper: 15618062003214643351512781541041391612
Result (wrap): true
2025-05-02 21:40:29 INFO  ChordProtocols:179 - Finger 90 peker n책 til: process2
2025-05-02 21:40:29 INFO  ChordProtocols:173 - Beregner fingerID for finger 91: 210821560653836452754467121221212921620
id: 210821560653836452754467121221212921620
lower: 210821560651360572675896360671414673172
upper: 15618062003214643351512781541041391612
Result (wrap): true
2025-05-02 21:40:29 INFO  ChordProtocols:179 - Finger 91 peker n책 til: process2
2025-05-02 21:40:29 INFO  ChordProtocols:173 - Beregner fingerID for finger 92: 210821560656312332833037881771011170068
id: 210821560656312332833037881771011170068
lower: 210821560651360572675896360671414673172
upper: 15618062003214643351512781541041391612
Result (wrap): true
2025-05-02 21:40:29 INFO  ChordProtocols:179 - Finger 92 peker n책 til: process2
2025-05-02 21:40:29 INFO  ChordProtocols:173 - Beregner fingerID for finger 93: 210821560661264092990179402870607666964
id: 210821560661264092990179402870607666964
lower: 210821560651360572675896360671414673172
upper: 15618062003214643351512781541041391612
Result (wrap): true
2025-05-02 21:40:29 INFO  ChordProtocols:179 - Finger 93 peker n책 til: process2
2025-05-02 21:40:29 INFO  ChordProtocols:173 - Beregner fingerID for finger 94: 210821560671167613304462445069800660756
id: 210821560671167613304462445069800660756
lower: 210821560651360572675896360671414673172
upper: 15618062003214643351512781541041391612
Result (wrap): true
2025-05-02 21:40:29 INFO  ChordProtocols:179 - Finger 94 peker n책 til: process2
2025-05-02 21:40:29 INFO  ChordProtocols:173 - Beregner fingerID for finger 95: 210821560690974653933028529468186648340
id: 210821560690974653933028529468186648340
lower: 210821560651360572675896360671414673172
upper: 15618062003214643351512781541041391612
Result (wrap): true
2025-05-02 21:40:29 INFO  ChordProtocols:179 - Finger 95 peker n책 til: process2
2025-05-02 21:40:29 INFO  ChordProtocols:173 - Beregner fingerID for finger 96: 210821560730588735190160698264958623508
id: 210821560730588735190160698264958623508
lower: 210821560651360572675896360671414673172
upper: 15618062003214643351512781541041391612
Result (wrap): true
2025-05-02 21:40:29 INFO  ChordProtocols:179 - Finger 96 peker n책 til: process2
2025-05-02 21:40:29 INFO  ChordProtocols:173 - Beregner fingerID for finger 97: 210821560809816897704425035858502573844
id: 210821560809816897704425035858502573844
lower: 210821560651360572675896360671414673172
upper: 15618062003214643351512781541041391612
Result (wrap): true
2025-05-02 21:40:29 INFO  ChordProtocols:179 - Finger 97 peker n책 til: process2
2025-05-02 21:40:29 INFO  ChordProtocols:173 - Beregner fingerID for finger 98: 210821560968273222732953711045590474516
id: 210821560968273222732953711045590474516
lower: 210821560651360572675896360671414673172
upper: 15618062003214643351512781541041391612
Result (wrap): true
2025-05-02 21:40:29 INFO  ChordProtocols:179 - Finger 98 peker n책 til: process2
2025-05-02 21:40:29 INFO  ChordProtocols:173 - Beregner fingerID for finger 99: 210821561285185872790011061419766275860
id: 210821561285185872790011061419766275860
lower: 210821560651360572675896360671414673172
upper: 15618062003214643351512781541041391612
Result (wrap): true
2025-05-02 21:40:29 INFO  ChordProtocols:179 - Finger 99 peker n책 til: process2
2025-05-02 21:40:29 INFO  ChordProtocols:173 - Beregner fingerID for finger 100: 210821561919011172904125762168117878548
id: 210821561919011172904125762168117878548
lower: 210821560651360572675896360671414673172
upper: 15618062003214643351512781541041391612
Result (wrap): true
2025-05-02 21:40:29 INFO  ChordProtocols:179 - Finger 100 peker n책 til: process2
2025-05-02 21:40:29 INFO  ChordProtocols:173 - Beregner fingerID for finger 101: 210821563186661773132355163664821083924
id: 210821563186661773132355163664821083924
lower: 210821560651360572675896360671414673172
upper: 15618062003214643351512781541041391612
Result (wrap): true
2025-05-02 21:40:29 INFO  ChordProtocols:179 - Finger 101 peker n책 til: process2
2025-05-02 21:40:29 INFO  ChordProtocols:173 - Beregner fingerID for finger 102: 210821565721962973588813966658227494676
id: 210821565721962973588813966658227494676
lower: 210821560651360572675896360671414673172
upper: 15618062003214643351512781541041391612
Result (wrap): true
2025-05-02 21:40:29 INFO  ChordProtocols:179 - Finger 102 peker n책 til: process2
2025-05-02 21:40:29 INFO  ChordProtocols:173 - Beregner fingerID for finger 103: 210821570792565374501731572645040316180
id: 210821570792565374501731572645040316180
lower: 210821560651360572675896360671414673172
upper: 15618062003214643351512781541041391612
Result (wrap): true
2025-05-02 21:40:29 INFO  ChordProtocols:179 - Finger 103 peker n책 til: process2
2025-05-02 21:40:29 INFO  ChordProtocols:173 - Beregner fingerID for finger 104: 210821580933770176327566784618665959188
id: 210821580933770176327566784618665959188
lower: 210821560651360572675896360671414673172
upper: 15618062003214643351512781541041391612
Result (wrap): true
2025-05-02 21:40:29 INFO  ChordProtocols:179 - Finger 104 peker n책 til: process2
2025-05-02 21:40:29 INFO  ChordProtocols:173 - Beregner fingerID for finger 105: 210821601216179779979237208565917245204
id: 210821601216179779979237208565917245204
lower: 210821560651360572675896360671414673172
upper: 15618062003214643351512781541041391612
Result (wrap): true
2025-05-02 21:40:29 INFO  ChordProtocols:179 - Finger 105 peker n책 til: process2
2025-05-02 21:40:29 INFO  ChordProtocols:173 - Beregner fingerID for finger 106: 210821641780998987282578056460419817236
id: 210821641780998987282578056460419817236
lower: 210821560651360572675896360671414673172
upper: 15618062003214643351512781541041391612
Result (wrap): true
2025-05-02 21:40:29 INFO  ChordProtocols:179 - Finger 106 peker n책 til: process2
2025-05-02 21:40:29 INFO  ChordProtocols:173 - Beregner fingerID for finger 107: 210821722910637401889259752249424961300
id: 210821722910637401889259752249424961300
lower: 210821560651360572675896360671414673172
upper: 15618062003214643351512781541041391612
Result (wrap): true
2025-05-02 21:40:29 INFO  ChordProtocols:179 - Finger 107 peker n책 til: process2
2025-05-02 21:40:29 INFO  ChordProtocols:173 - Beregner fingerID for finger 108: 210821885169914231102623143827435249428
id: 210821885169914231102623143827435249428
lower: 210821560651360572675896360671414673172
upper: 15618062003214643351512781541041391612
Result (wrap): true
2025-05-02 21:40:29 INFO  ChordProtocols:179 - Finger 108 peker n책 til: process2
2025-05-02 21:40:29 INFO  ChordProtocols:173 - Beregner fingerID for finger 109: 210822209688467889529349926983455825684
id: 210822209688467889529349926983455825684
lower: 210821560651360572675896360671414673172
upper: 15618062003214643351512781541041391612
Result (wrap): true
2025-05-02 21:40:29 INFO  ChordProtocols:179 - Finger 109 peker n책 til: process2
2025-05-02 21:40:29 INFO  ChordProtocols:173 - Beregner fingerID for finger 110: 210822858725575206382803493295496978196
id: 210822858725575206382803493295496978196
lower: 210821560651360572675896360671414673172
upper: 15618062003214643351512781541041391612
Result (wrap): true
2025-05-02 21:40:29 INFO  ChordProtocols:179 - Finger 110 peker n책 til: process2
2025-05-02 21:40:29 INFO  ChordProtocols:173 - Beregner fingerID for finger 111: 210824156799789840089710625919579283220
id: 210824156799789840089710625919579283220
lower: 210821560651360572675896360671414673172
upper: 15618062003214643351512781541041391612
Result (wrap): true
2025-05-02 21:40:29 INFO  ChordProtocols:179 - Finger 111 peker n책 til: process2
2025-05-02 21:40:29 INFO  ChordProtocols:173 - Beregner fingerID for finger 112: 210826752948219107503524891167743893268
id: 210826752948219107503524891167743893268
lower: 210821560651360572675896360671414673172
upper: 15618062003214643351512781541041391612
Result (wrap): true
2025-05-02 21:40:29 INFO  ChordProtocols:179 - Finger 112 peker n책 til: process2
2025-05-02 21:40:29 INFO  ChordProtocols:173 - Beregner fingerID for finger 113: 210831945245077642331153421664073113364
id: 210831945245077642331153421664073113364
lower: 210821560651360572675896360671414673172
upper: 15618062003214643351512781541041391612
Result (wrap): true
2025-05-02 21:40:29 INFO  ChordProtocols:179 - Finger 113 peker n책 til: process2
2025-05-02 21:40:29 INFO  ChordProtocols:173 - Beregner fingerID for finger 114: 210842329838794711986410482656731553556
id: 210842329838794711986410482656731553556
lower: 210821560651360572675896360671414673172
upper: 15618062003214643351512781541041391612
Result (wrap): true
2025-05-02 21:40:29 INFO  ChordProtocols:179 - Finger 114 peker n책 til: process2
2025-05-02 21:40:29 INFO  ChordProtocols:173 - Beregner fingerID for finger 115: 210863099026228851296924604642048433940
id: 210863099026228851296924604642048433940
lower: 210821560651360572675896360671414673172
upper: 15618062003214643351512781541041391612
Result (wrap): true
2025-05-02 21:40:29 INFO  ChordProtocols:179 - Finger 115 peker n책 til: process2
2025-05-02 21:40:29 INFO  ChordProtocols:173 - Beregner fingerID for finger 116: 210904637401097129917952848612682194708
id: 210904637401097129917952848612682194708
lower: 210821560651360572675896360671414673172
upper: 15618062003214643351512781541041391612
Result (wrap): true
2025-05-02 21:40:29 INFO  ChordProtocols:179 - Finger 116 peker n책 til: process2
2025-05-02 21:40:29 INFO  ChordProtocols:173 - Beregner fingerID for finger 117: 210987714150833687160009336553949716244
id: 210987714150833687160009336553949716244
lower: 210821560651360572675896360671414673172
upper: 15618062003214643351512781541041391612
Result (wrap): true
2025-05-02 21:40:29 INFO  ChordProtocols:179 - Finger 117 peker n책 til: process2
2025-05-02 21:40:29 INFO  ChordProtocols:173 - Beregner fingerID for finger 118: 211153867650306801644122312436484759316
id: 211153867650306801644122312436484759316
lower: 210821560651360572675896360671414673172
upper: 15618062003214643351512781541041391612
Result (wrap): true
2025-05-02 21:40:29 INFO  ChordProtocols:179 - Finger 118 peker n책 til: process2
2025-05-02 21:40:29 INFO  ChordProtocols:173 - Beregner fingerID for finger 119: 211486174649253030612348264201554845460
id: 211486174649253030612348264201554845460
lower: 210821560651360572675896360671414673172
upper: 15618062003214643351512781541041391612
Result (wrap): true
2025-05-02 21:40:29 INFO  ChordProtocols:179 - Finger 119 peker n책 til: process2
2025-05-02 21:40:29 INFO  ChordProtocols:173 - Beregner fingerID for finger 120: 212150788647145488548800167731695017748
id: 212150788647145488548800167731695017748
lower: 210821560651360572675896360671414673172
upper: 15618062003214643351512781541041391612
Result (wrap): true
2025-05-02 21:40:29 INFO  ChordProtocols:179 - Finger 120 peker n책 til: process2
2025-05-02 21:40:29 INFO  ChordProtocols:173 - Beregner fingerID for finger 121: 213480016642930404421703974791975362324
id: 213480016642930404421703974791975362324
lower: 210821560651360572675896360671414673172
upper: 15618062003214643351512781541041391612
Result (wrap): true
2025-05-02 21:40:29 INFO  ChordProtocols:179 - Finger 121 peker n책 til: process2
2025-05-02 21:40:29 INFO  ChordProtocols:173 - Beregner fingerID for finger 122: 216138472634500236167511588912536051476
id: 216138472634500236167511588912536051476
lower: 210821560651360572675896360671414673172
upper: 15618062003214643351512781541041391612
Result (wrap): true
2025-05-02 21:40:29 INFO  ChordProtocols:179 - Finger 122 peker n책 til: process2
2025-05-02 21:40:29 INFO  ChordProtocols:173 - Beregner fingerID for finger 123: 221455384617639899659126817153657429780
id: 221455384617639899659126817153657429780
lower: 210821560651360572675896360671414673172
upper: 15618062003214643351512781541041391612
Result (wrap): true
2025-05-02 21:40:29 INFO  ChordProtocols:179 - Finger 123 peker n책 til: process2
2025-05-02 21:40:29 INFO  ChordProtocols:173 - Beregner fingerID for finger 124: 232089208583919226642357273635900186388
id: 232089208583919226642357273635900186388
lower: 210821560651360572675896360671414673172
upper: 15618062003214643351512781541041391612
Result (wrap): true
2025-05-02 21:40:29 INFO  ChordProtocols:179 - Finger 124 peker n책 til: process2
2025-05-02 21:40:29 INFO  ChordProtocols:173 - Beregner fingerID for finger 125: 253356856516477880608818186600385699604
id: 253356856516477880608818186600385699604
lower: 210821560651360572675896360671414673172
upper: 15618062003214643351512781541041391612
Result (wrap): true
2025-05-02 21:40:29 INFO  ChordProtocols:179 - Finger 125 peker n책 til: process2
2025-05-02 21:40:29 INFO  ChordProtocols:173 - Beregner fingerID for finger 126: 295892152381595188541740012529356726036
id: 295892152381595188541740012529356726036
lower: 210821560651360572675896360671414673172
upper: 15618062003214643351512781541041391612
Result (wrap): true
2025-05-02 21:40:29 INFO  ChordProtocols:179 - Finger 126 peker n책 til: process2
2025-05-02 21:40:29 INFO  ChordProtocols:173 - Beregner fingerID for finger 127: 40680377190891340944209056955530567444
id: 40680377190891340944209056955530567444
lower: 210821560651360572675896360671414673172
upper: 15618062003214643351512781541041391612
Result (wrap): false
id: 15618062003214643351512781541041391612
lower: 210821560651360572675896360671414673172
upper: 40680377190891340944209056955530567444
Result (wrap): true
id: 40680377190891340944209056955530567444
lower: 15618062003214643351512781541041391612
upper: 53937554629190552131995290006614509577
Result (no wrap): true
2025-05-02 21:40:29 INFO  ChordProtocols:179 - Finger 127 peker n책 til: process1
2025-05-02 21:40:29 INFO  StabilizationProtocols:60 - Checking the predecessor for Node: process4
==================================
Node Identifier = 210821560651360572675896360671414673172
Node IP address = process4
successor(process4) = process2
predecessor(process4) = process5
Current File keys for process4 => []
==================================
2025-05-02 21:40:29 INFO  StabilizationProtocols:130 - Updating the successor for Node: process5
id: 121411138451101288395601026024677976157
lower: 121411138451101288395601026024677976156
upper: 210821560651360572675896360671414673172
Result (no wrap): true
2025-05-02 21:40:29 INFO  StabilizationProtocols:84 - Stabilizing ring from process5...
2025-05-02 21:40:29 INFO  StabilizationProtocols:91 - Stabilize ring: succnode = process4
id: 121411138451101288395601026024677976156
lower: 121411138451101288395601026024677976157
upper: 210821560651360572675896360671414673173
Result (no wrap): false
2025-05-02 21:40:29 INFO  StabilizationProtocols:113 - Finished stabilizing chordring from process5
2025-05-02 21:40:29 INFO  ChordProtocols:159 - Oppdaterer FingerTable for Node: process5
2025-05-02 21:40:29 INFO  ChordProtocols:173 - Beregner fingerID for finger 0: 121411138451101288395601026024677976157
id: 121411138451101288395601026024677976157
lower: 121411138451101288395601026024677976156
upper: 210821560651360572675896360671414673172
Result (no wrap): true
2025-05-02 21:40:29 INFO  ChordProtocols:179 - Finger 0 peker n책 til: process4
2025-05-02 21:40:29 INFO  ChordProtocols:173 - Beregner fingerID for finger 1: 121411138451101288395601026024677976158
id: 121411138451101288395601026024677976158
lower: 121411138451101288395601026024677976156
upper: 210821560651360572675896360671414673172
Result (no wrap): true
2025-05-02 21:40:29 INFO  ChordProtocols:179 - Finger 1 peker n책 til: process4
2025-05-02 21:40:29 INFO  ChordProtocols:173 - Beregner fingerID for finger 2: 121411138451101288395601026024677976160
id: 121411138451101288395601026024677976160
lower: 121411138451101288395601026024677976156
upper: 210821560651360572675896360671414673172
Result (no wrap): true
2025-05-02 21:40:29 INFO  ChordProtocols:179 - Finger 2 peker n책 til: process4
2025-05-02 21:40:29 INFO  ChordProtocols:173 - Beregner fingerID for finger 3: 121411138451101288395601026024677976164
id: 121411138451101288395601026024677976164
lower: 121411138451101288395601026024677976156
upper: 210821560651360572675896360671414673172
Result (no wrap): true
2025-05-02 21:40:29 INFO  ChordProtocols:179 - Finger 3 peker n책 til: process4
2025-05-02 21:40:29 INFO  ChordProtocols:173 - Beregner fingerID for finger 4: 121411138451101288395601026024677976172
id: 121411138451101288395601026024677976172
lower: 121411138451101288395601026024677976156
upper: 210821560651360572675896360671414673172
Result (no wrap): true
2025-05-02 21:40:29 INFO  ChordProtocols:179 - Finger 4 peker n책 til: process4
2025-05-02 21:40:29 INFO  ChordProtocols:173 - Beregner fingerID for finger 5: 121411138451101288395601026024677976188
id: 121411138451101288395601026024677976188
lower: 121411138451101288395601026024677976156
upper: 210821560651360572675896360671414673172
Result (no wrap): true
2025-05-02 21:40:29 INFO  ChordProtocols:179 - Finger 5 peker n책 til: process4
2025-05-02 21:40:29 INFO  ChordProtocols:173 - Beregner fingerID for finger 6: 121411138451101288395601026024677976220
id: 121411138451101288395601026024677976220
lower: 121411138451101288395601026024677976156
upper: 210821560651360572675896360671414673172
Result (no wrap): true
2025-05-02 21:40:29 INFO  ChordProtocols:179 - Finger 6 peker n책 til: process4
2025-05-02 21:40:29 INFO  ChordProtocols:173 - Beregner fingerID for finger 7: 121411138451101288395601026024677976284
id: 121411138451101288395601026024677976284
lower: 121411138451101288395601026024677976156
upper: 210821560651360572675896360671414673172
Result (no wrap): true
2025-05-02 21:40:29 INFO  ChordProtocols:179 - Finger 7 peker n책 til: process4
2025-05-02 21:40:29 INFO  ChordProtocols:173 - Beregner fingerID for finger 8: 121411138451101288395601026024677976412
id: 121411138451101288395601026024677976412
lower: 121411138451101288395601026024677976156
upper: 210821560651360572675896360671414673172
Result (no wrap): true
2025-05-02 21:40:29 INFO  ChordProtocols:179 - Finger 8 peker n책 til: process4
2025-05-02 21:40:29 INFO  ChordProtocols:173 - Beregner fingerID for finger 9: 121411138451101288395601026024677976668
id: 121411138451101288395601026024677976668
lower: 121411138451101288395601026024677976156
upper: 210821560651360572675896360671414673172
Result (no wrap): true
2025-05-02 21:40:29 INFO  ChordProtocols:179 - Finger 9 peker n책 til: process4
2025-05-02 21:40:29 INFO  ChordProtocols:173 - Beregner fingerID for finger 10: 121411138451101288395601026024677977180
id: 121411138451101288395601026024677977180
lower: 121411138451101288395601026024677976156
upper: 210821560651360572675896360671414673172
Result (no wrap): true
2025-05-02 21:40:29 INFO  ChordProtocols:179 - Finger 10 peker n책 til: process4
2025-05-02 21:40:29 INFO  ChordProtocols:173 - Beregner fingerID for finger 11: 121411138451101288395601026024677978204
id: 121411138451101288395601026024677978204
lower: 121411138451101288395601026024677976156
upper: 210821560651360572675896360671414673172
Result (no wrap): true
2025-05-02 21:40:29 INFO  ChordProtocols:179 - Finger 11 peker n책 til: process4
2025-05-02 21:40:29 INFO  ChordProtocols:173 - Beregner fingerID for finger 12: 121411138451101288395601026024677980252
id: 121411138451101288395601026024677980252
lower: 121411138451101288395601026024677976156
upper: 210821560651360572675896360671414673172
Result (no wrap): true
2025-05-02 21:40:29 INFO  ChordProtocols:179 - Finger 12 peker n책 til: process4
2025-05-02 21:40:29 INFO  ChordProtocols:173 - Beregner fingerID for finger 13: 121411138451101288395601026024677984348
id: 121411138451101288395601026024677984348
lower: 121411138451101288395601026024677976156
upper: 210821560651360572675896360671414673172
Result (no wrap): true
2025-05-02 21:40:29 INFO  ChordProtocols:179 - Finger 13 peker n책 til: process4
2025-05-02 21:40:29 INFO  ChordProtocols:173 - Beregner fingerID for finger 14: 121411138451101288395601026024677992540
id: 121411138451101288395601026024677992540
lower: 121411138451101288395601026024677976156
upper: 210821560651360572675896360671414673172
Result (no wrap): true
2025-05-02 21:40:29 INFO  ChordProtocols:179 - Finger 14 peker n책 til: process4
2025-05-02 21:40:29 INFO  ChordProtocols:173 - Beregner fingerID for finger 15: 121411138451101288395601026024678008924
id: 121411138451101288395601026024678008924
lower: 121411138451101288395601026024677976156
upper: 210821560651360572675896360671414673172
Result (no wrap): true
2025-05-02 21:40:29 INFO  ChordProtocols:179 - Finger 15 peker n책 til: process4
2025-05-02 21:40:29 INFO  ChordProtocols:173 - Beregner fingerID for finger 16: 121411138451101288395601026024678041692
id: 121411138451101288395601026024678041692
lower: 121411138451101288395601026024677976156
upper: 210821560651360572675896360671414673172
Result (no wrap): true
2025-05-02 21:40:29 INFO  ChordProtocols:179 - Finger 16 peker n책 til: process4
2025-05-02 21:40:29 INFO  ChordProtocols:173 - Beregner fingerID for finger 17: 121411138451101288395601026024678107228
id: 121411138451101288395601026024678107228
lower: 121411138451101288395601026024677976156
upper: 210821560651360572675896360671414673172
Result (no wrap): true
2025-05-02 21:40:29 INFO  ChordProtocols:179 - Finger 17 peker n책 til: process4
2025-05-02 21:40:29 INFO  ChordProtocols:173 - Beregner fingerID for finger 18: 121411138451101288395601026024678238300
id: 121411138451101288395601026024678238300
lower: 121411138451101288395601026024677976156
upper: 210821560651360572675896360671414673172
Result (no wrap): true
2025-05-02 21:40:29 INFO  ChordProtocols:179 - Finger 18 peker n책 til: process4
2025-05-02 21:40:29 INFO  ChordProtocols:173 - Beregner fingerID for finger 19: 121411138451101288395601026024678500444
id: 121411138451101288395601026024678500444
lower: 121411138451101288395601026024677976156
upper: 210821560651360572675896360671414673172
Result (no wrap): true
2025-05-02 21:40:29 INFO  ChordProtocols:179 - Finger 19 peker n책 til: process4
2025-05-02 21:40:29 INFO  ChordProtocols:173 - Beregner fingerID for finger 20: 121411138451101288395601026024679024732
id: 121411138451101288395601026024679024732
lower: 121411138451101288395601026024677976156
upper: 210821560651360572675896360671414673172
Result (no wrap): true
2025-05-02 21:40:29 INFO  ChordProtocols:179 - Finger 20 peker n책 til: process4
2025-05-02 21:40:29 INFO  ChordProtocols:173 - Beregner fingerID for finger 21: 121411138451101288395601026024680073308
id: 121411138451101288395601026024680073308
lower: 121411138451101288395601026024677976156
upper: 210821560651360572675896360671414673172
Result (no wrap): true
2025-05-02 21:40:29 INFO  ChordProtocols:179 - Finger 21 peker n책 til: process4
2025-05-02 21:40:29 INFO  ChordProtocols:173 - Beregner fingerID for finger 22: 121411138451101288395601026024682170460
id: 121411138451101288395601026024682170460
lower: 121411138451101288395601026024677976156
upper: 210821560651360572675896360671414673172
Result (no wrap): true
2025-05-02 21:40:29 INFO  ChordProtocols:179 - Finger 22 peker n책 til: process4
2025-05-02 21:40:29 INFO  ChordProtocols:173 - Beregner fingerID for finger 23: 121411138451101288395601026024686364764
id: 121411138451101288395601026024686364764
lower: 121411138451101288395601026024677976156
upper: 210821560651360572675896360671414673172
Result (no wrap): true
2025-05-02 21:40:29 INFO  ChordProtocols:179 - Finger 23 peker n책 til: process4
2025-05-02 21:40:29 INFO  ChordProtocols:173 - Beregner fingerID for finger 24: 121411138451101288395601026024694753372
id: 121411138451101288395601026024694753372
lower: 121411138451101288395601026024677976156
upper: 210821560651360572675896360671414673172
Result (no wrap): true
2025-05-02 21:40:29 INFO  ChordProtocols:179 - Finger 24 peker n책 til: process4
2025-05-02 21:40:29 INFO  ChordProtocols:173 - Beregner fingerID for finger 25: 121411138451101288395601026024711530588
id: 121411138451101288395601026024711530588
lower: 121411138451101288395601026024677976156
upper: 210821560651360572675896360671414673172
Result (no wrap): true
2025-05-02 21:40:29 INFO  ChordProtocols:179 - Finger 25 peker n책 til: process4
2025-05-02 21:40:29 INFO  ChordProtocols:173 - Beregner fingerID for finger 26: 121411138451101288395601026024745085020
id: 121411138451101288395601026024745085020
lower: 121411138451101288395601026024677976156
upper: 210821560651360572675896360671414673172
Result (no wrap): true
2025-05-02 21:40:29 INFO  ChordProtocols:179 - Finger 26 peker n책 til: process4
2025-05-02 21:40:29 INFO  ChordProtocols:173 - Beregner fingerID for finger 27: 121411138451101288395601026024812193884
id: 121411138451101288395601026024812193884
lower: 121411138451101288395601026024677976156
upper: 210821560651360572675896360671414673172
Result (no wrap): true
2025-05-02 21:40:29 INFO  ChordProtocols:179 - Finger 27 peker n책 til: process4
2025-05-02 21:40:29 INFO  ChordProtocols:173 - Beregner fingerID for finger 28: 121411138451101288395601026024946411612
id: 121411138451101288395601026024946411612
lower: 121411138451101288395601026024677976156
upper: 210821560651360572675896360671414673172
Result (no wrap): true
2025-05-02 21:40:29 INFO  ChordProtocols:179 - Finger 28 peker n책 til: process4
2025-05-02 21:40:29 INFO  ChordProtocols:173 - Beregner fingerID for finger 29: 121411138451101288395601026025214847068
id: 121411138451101288395601026025214847068
lower: 121411138451101288395601026024677976156
upper: 210821560651360572675896360671414673172
Result (no wrap): true
2025-05-02 21:40:29 INFO  ChordProtocols:179 - Finger 29 peker n책 til: process4
2025-05-02 21:40:29 INFO  ChordProtocols:173 - Beregner fingerID for finger 30: 121411138451101288395601026025751717980
id: 121411138451101288395601026025751717980
lower: 121411138451101288395601026024677976156
upper: 210821560651360572675896360671414673172
Result (no wrap): true
2025-05-02 21:40:29 INFO  ChordProtocols:179 - Finger 30 peker n책 til: process4
2025-05-02 21:40:29 INFO  ChordProtocols:173 - Beregner fingerID for finger 31: 121411138451101288395601026026825459804
id: 121411138451101288395601026026825459804
lower: 121411138451101288395601026024677976156
upper: 210821560651360572675896360671414673172
Result (no wrap): true
2025-05-02 21:40:29 INFO  ChordProtocols:179 - Finger 31 peker n책 til: process4
2025-05-02 21:40:29 INFO  ChordProtocols:173 - Beregner fingerID for finger 32: 121411138451101288395601026028972943452
id: 121411138451101288395601026028972943452
lower: 121411138451101288395601026024677976156
upper: 210821560651360572675896360671414673172
Result (no wrap): true
2025-05-02 21:40:29 INFO  ChordProtocols:179 - Finger 32 peker n책 til: process4
2025-05-02 21:40:29 INFO  ChordProtocols:173 - Beregner fingerID for finger 33: 121411138451101288395601026033267910748
id: 121411138451101288395601026033267910748
lower: 121411138451101288395601026024677976156
upper: 210821560651360572675896360671414673172
Result (no wrap): true
2025-05-02 21:40:29 INFO  ChordProtocols:179 - Finger 33 peker n책 til: process4
2025-05-02 21:40:29 INFO  ChordProtocols:173 - Beregner fingerID for finger 34: 121411138451101288395601026041857845340
id: 121411138451101288395601026041857845340
lower: 121411138451101288395601026024677976156
upper: 210821560651360572675896360671414673172
Result (no wrap): true
2025-05-02 21:40:29 INFO  ChordProtocols:179 - Finger 34 peker n책 til: process4
2025-05-02 21:40:29 INFO  ChordProtocols:173 - Beregner fingerID for finger 35: 121411138451101288395601026059037714524
id: 121411138451101288395601026059037714524
lower: 121411138451101288395601026024677976156
upper: 210821560651360572675896360671414673172
Result (no wrap): true
2025-05-02 21:40:29 INFO  ChordProtocols:179 - Finger 35 peker n책 til: process4
2025-05-02 21:40:29 INFO  ChordProtocols:173 - Beregner fingerID for finger 36: 121411138451101288395601026093397452892
id: 121411138451101288395601026093397452892
lower: 121411138451101288395601026024677976156
upper: 210821560651360572675896360671414673172
Result (no wrap): true
2025-05-02 21:40:29 INFO  ChordProtocols:179 - Finger 36 peker n책 til: process4
2025-05-02 21:40:29 INFO  ChordProtocols:173 - Beregner fingerID for finger 37: 121411138451101288395601026162116929628
id: 121411138451101288395601026162116929628
lower: 121411138451101288395601026024677976156
upper: 210821560651360572675896360671414673172
Result (no wrap): true
2025-05-02 21:40:29 INFO  ChordProtocols:179 - Finger 37 peker n책 til: process4
2025-05-02 21:40:29 INFO  ChordProtocols:173 - Beregner fingerID for finger 38: 121411138451101288395601026299555883100
id: 121411138451101288395601026299555883100
lower: 121411138451101288395601026024677976156
upper: 210821560651360572675896360671414673172
Result (no wrap): true
2025-05-02 21:40:29 INFO  ChordProtocols:179 - Finger 38 peker n책 til: process4
2025-05-02 21:40:29 INFO  ChordProtocols:173 - Beregner fingerID for finger 39: 121411138451101288395601026574433790044
id: 121411138451101288395601026574433790044
lower: 121411138451101288395601026024677976156
upper: 210821560651360572675896360671414673172
Result (no wrap): true
2025-05-02 21:40:29 INFO  ChordProtocols:179 - Finger 39 peker n책 til: process4
2025-05-02 21:40:29 INFO  ChordProtocols:173 - Beregner fingerID for finger 40: 121411138451101288395601027124189603932
id: 121411138451101288395601027124189603932
lower: 121411138451101288395601026024677976156
upper: 210821560651360572675896360671414673172
Result (no wrap): true
2025-05-02 21:40:29 INFO  ChordProtocols:179 - Finger 40 peker n책 til: process4
2025-05-02 21:40:29 INFO  ChordProtocols:173 - Beregner fingerID for finger 41: 121411138451101288395601028223701231708
id: 121411138451101288395601028223701231708
lower: 121411138451101288395601026024677976156
upper: 210821560651360572675896360671414673172
Result (no wrap): true
2025-05-02 21:40:29 INFO  ChordProtocols:179 - Finger 41 peker n책 til: process4
2025-05-02 21:40:29 INFO  ChordProtocols:173 - Beregner fingerID for finger 42: 121411138451101288395601030422724487260
id: 121411138451101288395601030422724487260
lower: 121411138451101288395601026024677976156
upper: 210821560651360572675896360671414673172
Result (no wrap): true
2025-05-02 21:40:29 INFO  ChordProtocols:179 - Finger 42 peker n책 til: process4
2025-05-02 21:40:29 INFO  ChordProtocols:173 - Beregner fingerID for finger 43: 121411138451101288395601034820770998364
id: 121411138451101288395601034820770998364
lower: 121411138451101288395601026024677976156
upper: 210821560651360572675896360671414673172
Result (no wrap): true
2025-05-02 21:40:29 INFO  ChordProtocols:179 - Finger 43 peker n책 til: process4
2025-05-02 21:40:29 INFO  ChordProtocols:173 - Beregner fingerID for finger 44: 121411138451101288395601043616864020572
id: 121411138451101288395601043616864020572
lower: 121411138451101288395601026024677976156
upper: 210821560651360572675896360671414673172
Result (no wrap): true
2025-05-02 21:40:29 INFO  ChordProtocols:179 - Finger 44 peker n책 til: process4
2025-05-02 21:40:29 INFO  ChordProtocols:173 - Beregner fingerID for finger 45: 121411138451101288395601061209050064988
id: 121411138451101288395601061209050064988
lower: 121411138451101288395601026024677976156
upper: 210821560651360572675896360671414673172
Result (no wrap): true
2025-05-02 21:40:29 INFO  ChordProtocols:179 - Finger 45 peker n책 til: process4
2025-05-02 21:40:29 INFO  ChordProtocols:173 - Beregner fingerID for finger 46: 121411138451101288395601096393422153820
id: 121411138451101288395601096393422153820
lower: 121411138451101288395601026024677976156
upper: 210821560651360572675896360671414673172
Result (no wrap): true
2025-05-02 21:40:29 INFO  ChordProtocols:179 - Finger 46 peker n책 til: process4
2025-05-02 21:40:29 INFO  ChordProtocols:173 - Beregner fingerID for finger 47: 121411138451101288395601166762166331484
id: 121411138451101288395601166762166331484
lower: 121411138451101288395601026024677976156
upper: 210821560651360572675896360671414673172
Result (no wrap): true
2025-05-02 21:40:29 INFO  ChordProtocols:179 - Finger 47 peker n책 til: process4
2025-05-02 21:40:29 INFO  ChordProtocols:173 - Beregner fingerID for finger 48: 121411138451101288395601307499654686812
id: 121411138451101288395601307499654686812
lower: 121411138451101288395601026024677976156
upper: 210821560651360572675896360671414673172
Result (no wrap): true
2025-05-02 21:40:29 INFO  ChordProtocols:179 - Finger 48 peker n책 til: process4
2025-05-02 21:40:29 INFO  ChordProtocols:173 - Beregner fingerID for finger 49: 121411138451101288395601588974631397468
id: 121411138451101288395601588974631397468
lower: 121411138451101288395601026024677976156
upper: 210821560651360572675896360671414673172
Result (no wrap): true
2025-05-02 21:40:29 INFO  ChordProtocols:179 - Finger 49 peker n책 til: process4
2025-05-02 21:40:29 INFO  ChordProtocols:173 - Beregner fingerID for finger 50: 121411138451101288395602151924584818780
id: 121411138451101288395602151924584818780
lower: 121411138451101288395601026024677976156
upper: 210821560651360572675896360671414673172
Result (no wrap): true
2025-05-02 21:40:29 INFO  ChordProtocols:179 - Finger 50 peker n책 til: process4
2025-05-02 21:40:29 INFO  ChordProtocols:173 - Beregner fingerID for finger 51: 121411138451101288395603277824491661404
id: 121411138451101288395603277824491661404
lower: 121411138451101288395601026024677976156
upper: 210821560651360572675896360671414673172
Result (no wrap): true
2025-05-02 21:40:29 INFO  ChordProtocols:179 - Finger 51 peker n책 til: process4
2025-05-02 21:40:29 INFO  ChordProtocols:173 - Beregner fingerID for finger 52: 121411138451101288395605529624305346652
id: 121411138451101288395605529624305346652
lower: 121411138451101288395601026024677976156
upper: 210821560651360572675896360671414673172
Result (no wrap): true
2025-05-02 21:40:29 INFO  ChordProtocols:179 - Finger 52 peker n책 til: process4
2025-05-02 21:40:29 INFO  ChordProtocols:173 - Beregner fingerID for finger 53: 121411138451101288395610033223932717148
id: 121411138451101288395610033223932717148
lower: 121411138451101288395601026024677976156
upper: 210821560651360572675896360671414673172
Result (no wrap): true
2025-05-02 21:40:29 INFO  ChordProtocols:179 - Finger 53 peker n책 til: process4
2025-05-02 21:40:29 INFO  ChordProtocols:173 - Beregner fingerID for finger 54: 121411138451101288395619040423187458140
id: 121411138451101288395619040423187458140
lower: 121411138451101288395601026024677976156
upper: 210821560651360572675896360671414673172
Result (no wrap): true
2025-05-02 21:40:29 INFO  ChordProtocols:179 - Finger 54 peker n책 til: process4
2025-05-02 21:40:29 INFO  ChordProtocols:173 - Beregner fingerID for finger 55: 121411138451101288395637054821696940124
id: 121411138451101288395637054821696940124
lower: 121411138451101288395601026024677976156
upper: 210821560651360572675896360671414673172
Result (no wrap): true
2025-05-02 21:40:29 INFO  ChordProtocols:179 - Finger 55 peker n책 til: process4
2025-05-02 21:40:29 INFO  ChordProtocols:173 - Beregner fingerID for finger 56: 121411138451101288395673083618715904092
id: 121411138451101288395673083618715904092
lower: 121411138451101288395601026024677976156
upper: 210821560651360572675896360671414673172
Result (no wrap): true
2025-05-02 21:40:29 INFO  ChordProtocols:179 - Finger 56 peker n책 til: process4
2025-05-02 21:40:29 INFO  ChordProtocols:173 - Beregner fingerID for finger 57: 121411138451101288395745141212753832028
id: 121411138451101288395745141212753832028
lower: 121411138451101288395601026024677976156
upper: 210821560651360572675896360671414673172
Result (no wrap): true
2025-05-02 21:40:29 INFO  ChordProtocols:179 - Finger 57 peker n책 til: process4
2025-05-02 21:40:29 INFO  ChordProtocols:173 - Beregner fingerID for finger 58: 121411138451101288395889256400829687900
id: 121411138451101288395889256400829687900
lower: 121411138451101288395601026024677976156
upper: 210821560651360572675896360671414673172
Result (no wrap): true
2025-05-02 21:40:29 INFO  ChordProtocols:179 - Finger 58 peker n책 til: process4
2025-05-02 21:40:29 INFO  ChordProtocols:173 - Beregner fingerID for finger 59: 121411138451101288396177486776981399644
id: 121411138451101288396177486776981399644
lower: 121411138451101288395601026024677976156
upper: 210821560651360572675896360671414673172
Result (no wrap): true
2025-05-02 21:40:29 INFO  ChordProtocols:179 - Finger 59 peker n책 til: process4
2025-05-02 21:40:29 INFO  ChordProtocols:173 - Beregner fingerID for finger 60: 121411138451101288396753947529284823132
id: 121411138451101288396753947529284823132
lower: 121411138451101288395601026024677976156
upper: 210821560651360572675896360671414673172
Result (no wrap): true
2025-05-02 21:40:29 INFO  ChordProtocols:179 - Finger 60 peker n책 til: process4
2025-05-02 21:40:29 INFO  ChordProtocols:173 - Beregner fingerID for finger 61: 121411138451101288397906869033891670108
id: 121411138451101288397906869033891670108
lower: 121411138451101288395601026024677976156
upper: 210821560651360572675896360671414673172
Result (no wrap): true
2025-05-02 21:40:29 INFO  ChordProtocols:179 - Finger 61 peker n책 til: process4
2025-05-02 21:40:29 INFO  ChordProtocols:173 - Beregner fingerID for finger 62: 121411138451101288400212712043105364060
id: 121411138451101288400212712043105364060
lower: 121411138451101288395601026024677976156
upper: 210821560651360572675896360671414673172
Result (no wrap): true
2025-05-02 21:40:29 INFO  ChordProtocols:179 - Finger 62 peker n책 til: process4
2025-05-02 21:40:29 INFO  ChordProtocols:173 - Beregner fingerID for finger 63: 121411138451101288404824398061532751964
id: 121411138451101288404824398061532751964
lower: 121411138451101288395601026024677976156
upper: 210821560651360572675896360671414673172
Result (no wrap): true
2025-05-02 21:40:29 INFO  ChordProtocols:179 - Finger 63 peker n책 til: process4
2025-05-02 21:40:29 INFO  ChordProtocols:173 - Beregner fingerID for finger 64: 121411138451101288414047770098387527772
id: 121411138451101288414047770098387527772
lower: 121411138451101288395601026024677976156
upper: 210821560651360572675896360671414673172
Result (no wrap): true
2025-05-02 21:40:29 INFO  ChordProtocols:179 - Finger 64 peker n책 til: process4
2025-05-02 21:40:29 INFO  ChordProtocols:173 - Beregner fingerID for finger 65: 121411138451101288432494514172097079388
id: 121411138451101288432494514172097079388
lower: 121411138451101288395601026024677976156
upper: 210821560651360572675896360671414673172
Result (no wrap): true
2025-05-02 21:40:29 INFO  ChordProtocols:179 - Finger 65 peker n책 til: process4
2025-05-02 21:40:29 INFO  ChordProtocols:173 - Beregner fingerID for finger 66: 121411138451101288469388002319516182620
id: 121411138451101288469388002319516182620
lower: 121411138451101288395601026024677976156
upper: 210821560651360572675896360671414673172
Result (no wrap): true
2025-05-02 21:40:29 INFO  ChordProtocols:179 - Finger 66 peker n책 til: process4
2025-05-02 21:40:29 INFO  ChordProtocols:173 - Beregner fingerID for finger 67: 121411138451101288543174978614354389084
id: 121411138451101288543174978614354389084
lower: 121411138451101288395601026024677976156
upper: 210821560651360572675896360671414673172
Result (no wrap): true
2025-05-02 21:40:29 INFO  ChordProtocols:179 - Finger 67 peker n책 til: process4
2025-05-02 21:40:29 INFO  ChordProtocols:173 - Beregner fingerID for finger 68: 121411138451101288690748931204030802012
id: 121411138451101288690748931204030802012
lower: 121411138451101288395601026024677976156
upper: 210821560651360572675896360671414673172
Result (no wrap): true
2025-05-02 21:40:29 INFO  ChordProtocols:179 - Finger 68 peker n책 til: process4
2025-05-02 21:40:29 INFO  ChordProtocols:173 - Beregner fingerID for finger 69: 121411138451101288985896836383383627868
id: 121411138451101288985896836383383627868
lower: 121411138451101288395601026024677976156
upper: 210821560651360572675896360671414673172
Result (no wrap): true
2025-05-02 21:40:29 INFO  ChordProtocols:179 - Finger 69 peker n책 til: process4
2025-05-02 21:40:29 INFO  ChordProtocols:173 - Beregner fingerID for finger 70: 121411138451101289576192646742089279580
id: 121411138451101289576192646742089279580
lower: 121411138451101288395601026024677976156
upper: 210821560651360572675896360671414673172
Result (no wrap): true
2025-05-02 21:40:29 INFO  ChordProtocols:179 - Finger 70 peker n책 til: process4
2025-05-02 21:40:29 INFO  ChordProtocols:173 - Beregner fingerID for finger 71: 121411138451101290756784267459500583004
id: 121411138451101290756784267459500583004
lower: 121411138451101288395601026024677976156
upper: 210821560651360572675896360671414673172
Result (no wrap): true
2025-05-02 21:40:29 INFO  ChordProtocols:179 - Finger 71 peker n책 til: process4
2025-05-02 21:40:29 INFO  ChordProtocols:173 - Beregner fingerID for finger 72: 121411138451101293117967508894323189852
id: 121411138451101293117967508894323189852
lower: 121411138451101288395601026024677976156
upper: 210821560651360572675896360671414673172
Result (no wrap): true
2025-05-02 21:40:29 INFO  ChordProtocols:179 - Finger 72 peker n책 til: process4
2025-05-02 21:40:29 INFO  ChordProtocols:173 - Beregner fingerID for finger 73: 121411138451101297840333991763968403548
id: 121411138451101297840333991763968403548
lower: 121411138451101288395601026024677976156
upper: 210821560651360572675896360671414673172
Result (no wrap): true
2025-05-02 21:40:29 INFO  ChordProtocols:179 - Finger 73 peker n책 til: process4
2025-05-02 21:40:29 INFO  ChordProtocols:173 - Beregner fingerID for finger 74: 121411138451101307285066957503258830940
id: 121411138451101307285066957503258830940
lower: 121411138451101288395601026024677976156
upper: 210821560651360572675896360671414673172
Result (no wrap): true
2025-05-02 21:40:29 INFO  ChordProtocols:179 - Finger 74 peker n책 til: process4
2025-05-02 21:40:29 INFO  ChordProtocols:173 - Beregner fingerID for finger 75: 121411138451101326174532888981839685724
id: 121411138451101326174532888981839685724
lower: 121411138451101288395601026024677976156
upper: 210821560651360572675896360671414673172
Result (no wrap): true
2025-05-02 21:40:29 INFO  ChordProtocols:179 - Finger 75 peker n책 til: process4
2025-05-02 21:40:29 INFO  ChordProtocols:173 - Beregner fingerID for finger 76: 121411138451101363953464751939001395292
id: 121411138451101363953464751939001395292
lower: 121411138451101288395601026024677976156
upper: 210821560651360572675896360671414673172
Result (no wrap): true
2025-05-02 21:40:29 INFO  ChordProtocols:179 - Finger 76 peker n책 til: process4
2025-05-02 21:40:29 INFO  ChordProtocols:173 - Beregner fingerID for finger 77: 121411138451101439511328477853324814428
id: 121411138451101439511328477853324814428
lower: 121411138451101288395601026024677976156
upper: 210821560651360572675896360671414673172
Result (no wrap): true
2025-05-02 21:40:29 INFO  ChordProtocols:179 - Finger 77 peker n책 til: process4
2025-05-02 21:40:29 INFO  ChordProtocols:173 - Beregner fingerID for finger 78: 121411138451101590627055929681971652700
id: 121411138451101590627055929681971652700
lower: 121411138451101288395601026024677976156
upper: 210821560651360572675896360671414673172
Result (no wrap): true
2025-05-02 21:40:29 INFO  ChordProtocols:179 - Finger 78 peker n책 til: process4
2025-05-02 21:40:29 INFO  ChordProtocols:173 - Beregner fingerID for finger 79: 121411138451101892858510833339265329244
id: 121411138451101892858510833339265329244
lower: 121411138451101288395601026024677976156
upper: 210821560651360572675896360671414673172
Result (no wrap): true
2025-05-02 21:40:29 INFO  ChordProtocols:179 - Finger 79 peker n책 til: process4
2025-05-02 21:40:29 INFO  ChordProtocols:173 - Beregner fingerID for finger 80: 121411138451102497321420640653852682332
id: 121411138451102497321420640653852682332
lower: 121411138451101288395601026024677976156
upper: 210821560651360572675896360671414673172
Result (no wrap): true
2025-05-02 21:40:29 INFO  ChordProtocols:179 - Finger 80 peker n책 til: process4
2025-05-02 21:40:29 INFO  ChordProtocols:173 - Beregner fingerID for finger 81: 121411138451103706247240255283027388508
id: 121411138451103706247240255283027388508
lower: 121411138451101288395601026024677976156
upper: 210821560651360572675896360671414673172
Result (no wrap): true
2025-05-02 21:40:29 INFO  ChordProtocols:179 - Finger 81 peker n책 til: process4
2025-05-02 21:40:29 INFO  ChordProtocols:173 - Beregner fingerID for finger 82: 121411138451106124098879484541376800860
id: 121411138451106124098879484541376800860
lower: 121411138451101288395601026024677976156
upper: 210821560651360572675896360671414673172
Result (no wrap): true
2025-05-02 21:40:29 INFO  ChordProtocols:179 - Finger 82 peker n책 til: process4
2025-05-02 21:40:29 INFO  ChordProtocols:173 - Beregner fingerID for finger 83: 121411138451110959802157943058075625564
id: 121411138451110959802157943058075625564
lower: 121411138451101288395601026024677976156
upper: 210821560651360572675896360671414673172
Result (no wrap): true
2025-05-02 21:40:29 INFO  ChordProtocols:179 - Finger 83 peker n책 til: process4
2025-05-02 21:40:29 INFO  ChordProtocols:173 - Beregner fingerID for finger 84: 121411138451120631208714860091473274972
id: 121411138451120631208714860091473274972
lower: 121411138451101288395601026024677976156
upper: 210821560651360572675896360671414673172
Result (no wrap): true
2025-05-02 21:40:29 INFO  ChordProtocols:179 - Finger 84 peker n책 til: process4
2025-05-02 21:40:29 INFO  ChordProtocols:173 - Beregner fingerID for finger 85: 121411138451139974021828694158268573788
id: 121411138451139974021828694158268573788
lower: 121411138451101288395601026024677976156
upper: 210821560651360572675896360671414673172
Result (no wrap): true
2025-05-02 21:40:29 INFO  ChordProtocols:179 - Finger 85 peker n책 til: process4
2025-05-02 21:40:29 INFO  ChordProtocols:173 - Beregner fingerID for finger 86: 121411138451178659648056362291859171420
id: 121411138451178659648056362291859171420
lower: 121411138451101288395601026024677976156
upper: 210821560651360572675896360671414673172
Result (no wrap): true
2025-05-02 21:40:29 INFO  ChordProtocols:179 - Finger 86 peker n책 til: process4
2025-05-02 21:40:29 INFO  ChordProtocols:173 - Beregner fingerID for finger 87: 121411138451256030900511698559040366684
id: 121411138451256030900511698559040366684
lower: 121411138451101288395601026024677976156
upper: 210821560651360572675896360671414673172
Result (no wrap): true
2025-05-02 21:40:29 INFO  ChordProtocols:179 - Finger 87 peker n책 til: process4
2025-05-02 21:40:29 INFO  ChordProtocols:173 - Beregner fingerID for finger 88: 121411138451410773405422371093402757212
id: 121411138451410773405422371093402757212
lower: 121411138451101288395601026024677976156
upper: 210821560651360572675896360671414673172
Result (no wrap): true
2025-05-02 21:40:29 INFO  ChordProtocols:179 - Finger 88 peker n책 til: process4
2025-05-02 21:40:29 INFO  ChordProtocols:173 - Beregner fingerID for finger 89: 121411138451720258415243716162127538268
id: 121411138451720258415243716162127538268
lower: 121411138451101288395601026024677976156
upper: 210821560651360572675896360671414673172
Result (no wrap): true
2025-05-02 21:40:29 INFO  ChordProtocols:179 - Finger 89 peker n책 til: process4
2025-05-02 21:40:29 INFO  ChordProtocols:173 - Beregner fingerID for finger 90: 121411138452339228434886406299577100380
id: 121411138452339228434886406299577100380
lower: 121411138451101288395601026024677976156
upper: 210821560651360572675896360671414673172
Result (no wrap): true
2025-05-02 21:40:29 INFO  ChordProtocols:179 - Finger 90 peker n책 til: process4
2025-05-02 21:40:29 INFO  ChordProtocols:173 - Beregner fingerID for finger 91: 121411138453577168474171786574476224604
id: 121411138453577168474171786574476224604
lower: 121411138451101288395601026024677976156
upper: 210821560651360572675896360671414673172
Result (no wrap): true
2025-05-02 21:40:29 INFO  ChordProtocols:179 - Finger 91 peker n책 til: process4
2025-05-02 21:40:29 INFO  ChordProtocols:173 - Beregner fingerID for finger 92: 121411138456053048552742547124274473052
id: 121411138456053048552742547124274473052
lower: 121411138451101288395601026024677976156
upper: 210821560651360572675896360671414673172
Result (no wrap): true
2025-05-02 21:40:29 INFO  ChordProtocols:179 - Finger 92 peker n책 til: process4
2025-05-02 21:40:29 INFO  ChordProtocols:173 - Beregner fingerID for finger 93: 121411138461004808709884068223870969948
id: 121411138461004808709884068223870969948
lower: 121411138451101288395601026024677976156
upper: 210821560651360572675896360671414673172
Result (no wrap): true
2025-05-02 21:40:29 INFO  ChordProtocols:179 - Finger 93 peker n책 til: process4
2025-05-02 21:40:29 INFO  ChordProtocols:173 - Beregner fingerID for finger 94: 121411138470908329024167110423063963740
id: 121411138470908329024167110423063963740
lower: 121411138451101288395601026024677976156
upper: 210821560651360572675896360671414673172
Result (no wrap): true
2025-05-02 21:40:29 INFO  ChordProtocols:179 - Finger 94 peker n책 til: process4
2025-05-02 21:40:29 INFO  ChordProtocols:173 - Beregner fingerID for finger 95: 121411138490715369652733194821449951324
id: 121411138490715369652733194821449951324
lower: 121411138451101288395601026024677976156
upper: 210821560651360572675896360671414673172
Result (no wrap): true
2025-05-02 21:40:29 INFO  ChordProtocols:179 - Finger 95 peker n책 til: process4
2025-05-02 21:40:29 INFO  ChordProtocols:173 - Beregner fingerID for finger 96: 121411138530329450909865363618221926492
id: 121411138530329450909865363618221926492
lower: 121411138451101288395601026024677976156
upper: 210821560651360572675896360671414673172
Result (no wrap): true
2025-05-02 21:40:29 INFO  ChordProtocols:179 - Finger 96 peker n책 til: process4
2025-05-02 21:40:29 INFO  ChordProtocols:173 - Beregner fingerID for finger 97: 121411138609557613424129701211765876828
id: 121411138609557613424129701211765876828
lower: 121411138451101288395601026024677976156
upper: 210821560651360572675896360671414673172
Result (no wrap): true
2025-05-02 21:40:29 INFO  ChordProtocols:179 - Finger 97 peker n책 til: process4
2025-05-02 21:40:29 INFO  ChordProtocols:173 - Beregner fingerID for finger 98: 121411138768013938452658376398853777500
id: 121411138768013938452658376398853777500
lower: 121411138451101288395601026024677976156
upper: 210821560651360572675896360671414673172
Result (no wrap): true
2025-05-02 21:40:29 INFO  ChordProtocols:179 - Finger 98 peker n책 til: process4
2025-05-02 21:40:29 INFO  ChordProtocols:173 - Beregner fingerID for finger 99: 121411139084926588509715726773029578844
id: 121411139084926588509715726773029578844
lower: 121411138451101288395601026024677976156
upper: 210821560651360572675896360671414673172
Result (no wrap): true
2025-05-02 21:40:29 INFO  ChordProtocols:179 - Finger 99 peker n책 til: process4
2025-05-02 21:40:29 INFO  ChordProtocols:173 - Beregner fingerID for finger 100: 121411139718751888623830427521381181532
id: 121411139718751888623830427521381181532
lower: 121411138451101288395601026024677976156
upper: 210821560651360572675896360671414673172
Result (no wrap): true
2025-05-02 21:40:29 INFO  ChordProtocols:179 - Finger 100 peker n책 til: process4
2025-05-02 21:40:29 INFO  ChordProtocols:173 - Beregner fingerID for finger 101: 121411140986402488852059829018084386908
id: 121411140986402488852059829018084386908
lower: 121411138451101288395601026024677976156
upper: 210821560651360572675896360671414673172
Result (no wrap): true
2025-05-02 21:40:29 INFO  ChordProtocols:179 - Finger 101 peker n책 til: process4
2025-05-02 21:40:29 INFO  ChordProtocols:173 - Beregner fingerID for finger 102: 121411143521703689308518632011490797660
id: 121411143521703689308518632011490797660
lower: 121411138451101288395601026024677976156
upper: 210821560651360572675896360671414673172
Result (no wrap): true
2025-05-02 21:40:29 INFO  ChordProtocols:179 - Finger 102 peker n책 til: process4
2025-05-02 21:40:29 INFO  ChordProtocols:173 - Beregner fingerID for finger 103: 121411148592306090221436237998303619164
id: 121411148592306090221436237998303619164
lower: 121411138451101288395601026024677976156
upper: 210821560651360572675896360671414673172
Result (no wrap): true
2025-05-02 21:40:29 INFO  ChordProtocols:179 - Finger 103 peker n책 til: process4
2025-05-02 21:40:29 INFO  ChordProtocols:173 - Beregner fingerID for finger 104: 121411158733510892047271449971929262172
id: 121411158733510892047271449971929262172
lower: 121411138451101288395601026024677976156
upper: 210821560651360572675896360671414673172
Result (no wrap): true
2025-05-02 21:40:29 INFO  ChordProtocols:179 - Finger 104 peker n책 til: process4
2025-05-02 21:40:29 INFO  ChordProtocols:173 - Beregner fingerID for finger 105: 121411179015920495698941873919180548188
id: 121411179015920495698941873919180548188
lower: 121411138451101288395601026024677976156
upper: 210821560651360572675896360671414673172
Result (no wrap): true
2025-05-02 21:40:29 INFO  ChordProtocols:179 - Finger 105 peker n책 til: process4
2025-05-02 21:40:29 INFO  ChordProtocols:173 - Beregner fingerID for finger 106: 121411219580739703002282721813683120220
id: 121411219580739703002282721813683120220
lower: 121411138451101288395601026024677976156
upper: 210821560651360572675896360671414673172
Result (no wrap): true
2025-05-02 21:40:29 INFO  ChordProtocols:179 - Finger 106 peker n책 til: process4
2025-05-02 21:40:29 INFO  ChordProtocols:173 - Beregner fingerID for finger 107: 121411300710378117608964417602688264284
id: 121411300710378117608964417602688264284
lower: 121411138451101288395601026024677976156
upper: 210821560651360572675896360671414673172
Result (no wrap): true
2025-05-02 21:40:29 INFO  ChordProtocols:179 - Finger 107 peker n책 til: process4
2025-05-02 21:40:29 INFO  ChordProtocols:173 - Beregner fingerID for finger 108: 121411462969654946822327809180698552412
id: 121411462969654946822327809180698552412
lower: 121411138451101288395601026024677976156
upper: 210821560651360572675896360671414673172
Result (no wrap): true
2025-05-02 21:40:29 INFO  ChordProtocols:179 - Finger 108 peker n책 til: process4
2025-05-02 21:40:29 INFO  ChordProtocols:173 - Beregner fingerID for finger 109: 121411787488208605249054592336719128668
id: 121411787488208605249054592336719128668
lower: 121411138451101288395601026024677976156
upper: 210821560651360572675896360671414673172
Result (no wrap): true
2025-05-02 21:40:29 INFO  ChordProtocols:179 - Finger 109 peker n책 til: process4
2025-05-02 21:40:29 INFO  ChordProtocols:173 - Beregner fingerID for finger 110: 121412436525315922102508158648760281180
id: 121412436525315922102508158648760281180
lower: 121411138451101288395601026024677976156
upper: 210821560651360572675896360671414673172
Result (no wrap): true
2025-05-02 21:40:29 INFO  ChordProtocols:179 - Finger 110 peker n책 til: process4
2025-05-02 21:40:29 INFO  ChordProtocols:173 - Beregner fingerID for finger 111: 121413734599530555809415291272842586204
id: 121413734599530555809415291272842586204
lower: 121411138451101288395601026024677976156
upper: 210821560651360572675896360671414673172
Result (no wrap): true
2025-05-02 21:40:29 INFO  ChordProtocols:179 - Finger 111 peker n책 til: process4
2025-05-02 21:40:29 INFO  ChordProtocols:173 - Beregner fingerID for finger 112: 121416330747959823223229556521007196252
id: 121416330747959823223229556521007196252
lower: 121411138451101288395601026024677976156
upper: 210821560651360572675896360671414673172
Result (no wrap): true
2025-05-02 21:40:29 INFO  ChordProtocols:179 - Finger 112 peker n책 til: process4
2025-05-02 21:40:29 INFO  ChordProtocols:173 - Beregner fingerID for finger 113: 121421523044818358050858087017336416348
id: 121421523044818358050858087017336416348
lower: 121411138451101288395601026024677976156
upper: 210821560651360572675896360671414673172
Result (no wrap): true
2025-05-02 21:40:29 INFO  ChordProtocols:179 - Finger 113 peker n책 til: process4
2025-05-02 21:40:29 INFO  ChordProtocols:173 - Beregner fingerID for finger 114: 121431907638535427706115148009994856540
id: 121431907638535427706115148009994856540
lower: 121411138451101288395601026024677976156
upper: 210821560651360572675896360671414673172
Result (no wrap): true
2025-05-02 21:40:29 INFO  ChordProtocols:179 - Finger 114 peker n책 til: process4
2025-05-02 21:40:29 INFO  ChordProtocols:173 - Beregner fingerID for finger 115: 121452676825969567016629269995311736924
id: 121452676825969567016629269995311736924
lower: 121411138451101288395601026024677976156
upper: 210821560651360572675896360671414673172
Result (no wrap): true
2025-05-02 21:40:29 INFO  ChordProtocols:179 - Finger 115 peker n책 til: process4
2025-05-02 21:40:29 INFO  ChordProtocols:173 - Beregner fingerID for finger 116: 121494215200837845637657513965945497692
id: 121494215200837845637657513965945497692
lower: 121411138451101288395601026024677976156
upper: 210821560651360572675896360671414673172
Result (no wrap): true
2025-05-02 21:40:29 INFO  ChordProtocols:179 - Finger 116 peker n책 til: process4
2025-05-02 21:40:29 INFO  ChordProtocols:173 - Beregner fingerID for finger 117: 121577291950574402879714001907213019228
id: 121577291950574402879714001907213019228
lower: 121411138451101288395601026024677976156
upper: 210821560651360572675896360671414673172
Result (no wrap): true
2025-05-02 21:40:29 INFO  ChordProtocols:179 - Finger 117 peker n책 til: process4
2025-05-02 21:40:29 INFO  ChordProtocols:173 - Beregner fingerID for finger 118: 121743445450047517363826977789748062300
id: 121743445450047517363826977789748062300
lower: 121411138451101288395601026024677976156
upper: 210821560651360572675896360671414673172
Result (no wrap): true
2025-05-02 21:40:29 INFO  ChordProtocols:179 - Finger 118 peker n책 til: process4
2025-05-02 21:40:29 INFO  ChordProtocols:173 - Beregner fingerID for finger 119: 122075752448993746332052929554818148444
id: 122075752448993746332052929554818148444
lower: 121411138451101288395601026024677976156
upper: 210821560651360572675896360671414673172
Result (no wrap): true
2025-05-02 21:40:29 INFO  ChordProtocols:179 - Finger 119 peker n책 til: process4
2025-05-02 21:40:29 INFO  ChordProtocols:173 - Beregner fingerID for finger 120: 122740366446886204268504833084958320732
id: 122740366446886204268504833084958320732
lower: 121411138451101288395601026024677976156
upper: 210821560651360572675896360671414673172
Result (no wrap): true
2025-05-02 21:40:29 INFO  ChordProtocols:179 - Finger 120 peker n책 til: process4
2025-05-02 21:40:29 INFO  ChordProtocols:173 - Beregner fingerID for finger 121: 124069594442671120141408640145238665308
id: 124069594442671120141408640145238665308
lower: 121411138451101288395601026024677976156
upper: 210821560651360572675896360671414673172
Result (no wrap): true
2025-05-02 21:40:29 INFO  ChordProtocols:179 - Finger 121 peker n책 til: process4
2025-05-02 21:40:29 INFO  ChordProtocols:173 - Beregner fingerID for finger 122: 126728050434240951887216254265799354460
id: 126728050434240951887216254265799354460
lower: 121411138451101288395601026024677976156
upper: 210821560651360572675896360671414673172
Result (no wrap): true
2025-05-02 21:40:29 INFO  ChordProtocols:179 - Finger 122 peker n책 til: process4
2025-05-02 21:40:29 INFO  ChordProtocols:173 - Beregner fingerID for finger 123: 132044962417380615378831482506920732764
id: 132044962417380615378831482506920732764
lower: 121411138451101288395601026024677976156
upper: 210821560651360572675896360671414673172
Result (no wrap): true
2025-05-02 21:40:29 INFO  ChordProtocols:179 - Finger 123 peker n책 til: process4
2025-05-02 21:40:29 INFO  ChordProtocols:173 - Beregner fingerID for finger 124: 142678786383659942362061938989163489372
id: 142678786383659942362061938989163489372
lower: 121411138451101288395601026024677976156
upper: 210821560651360572675896360671414673172
Result (no wrap): true
2025-05-02 21:40:29 INFO  ChordProtocols:179 - Finger 124 peker n책 til: process4
2025-05-02 21:40:29 INFO  ChordProtocols:173 - Beregner fingerID for finger 125: 163946434316218596328522851953649002588
id: 163946434316218596328522851953649002588
lower: 121411138451101288395601026024677976156
upper: 210821560651360572675896360671414673172
Result (no wrap): true
2025-05-02 21:40:29 INFO  ChordProtocols:179 - Finger 125 peker n책 til: process4
2025-05-02 21:40:29 INFO  ChordProtocols:173 - Beregner fingerID for finger 126: 206481730181335904261444677882620029020
id: 206481730181335904261444677882620029020
lower: 121411138451101288395601026024677976156
upper: 210821560651360572675896360671414673172
Result (no wrap): true
2025-05-02 21:40:29 INFO  ChordProtocols:179 - Finger 126 peker n책 til: process4
2025-05-02 21:40:29 INFO  ChordProtocols:173 - Beregner fingerID for finger 127: 291552321911570520127288329740562081884
id: 291552321911570520127288329740562081884
lower: 121411138451101288395601026024677976156
upper: 210821560651360572675896360671414673172
Result (no wrap): false
id: 210821560651360572675896360671414673172
lower: 121411138451101288395601026024677976156
upper: 291552321911570520127288329740562081884
Result (no wrap): true
id: 291552321911570520127288329740562081884
lower: 210821560651360572675896360671414673172
upper: 15618062003214643351512781541041391612
Result (wrap): true
2025-05-02 21:40:29 INFO  ChordProtocols:179 - Finger 127 peker n책 til: process2
2025-05-02 21:40:29 INFO  StabilizationProtocols:60 - Checking the predecessor for Node: process5
==================================
Node Identifier = 121411138451101288395601026024677976156
Node IP address = process5
successor(process5) = process4
predecessor(process5) = process3
Current File keys for process5 => []
==================================
2025-05-02 21:40:30 INFO  StabilizationProtocols:130 - Updating the successor for Node: process1
id: 53937554629190552131995290006614509578
lower: 53937554629190552131995290006614509577
upper: 121411138451101288395601026024677976156
Result (no wrap): true
2025-05-02 21:40:30 INFO  StabilizationProtocols:165 - Finished updating the successor for Node: process1
2025-05-02 21:40:30 INFO  StabilizationProtocols:84 - Stabilizing ring from process1...
2025-05-02 21:40:30 INFO  StabilizationProtocols:91 - Stabilize ring: succnode = process3
2025-05-02 21:40:30 INFO  StabilizationProtocols:113 - Finished stabilizing chordring from process1
2025-05-02 21:40:30 INFO  ChordProtocols:159 - Oppdaterer FingerTable for Node: process1
2025-05-02 21:40:30 INFO  ChordProtocols:173 - Beregner fingerID for finger 0: 53937554629190552131995290006614509578
id: 53937554629190552131995290006614509578
lower: 53937554629190552131995290006614509577
upper: 66910184482037901621933403444034052414
Result (no wrap): true
2025-05-02 21:40:30 INFO  ChordProtocols:179 - Finger 0 peker n책 til: process3
2025-05-02 21:40:30 INFO  ChordProtocols:173 - Beregner fingerID for finger 1: 53937554629190552131995290006614509579
id: 53937554629190552131995290006614509579
lower: 53937554629190552131995290006614509577
upper: 66910184482037901621933403444034052414
Result (no wrap): true
2025-05-02 21:40:30 INFO  ChordProtocols:179 - Finger 1 peker n책 til: process3
2025-05-02 21:40:30 INFO  ChordProtocols:173 - Beregner fingerID for finger 2: 53937554629190552131995290006614509581
id: 53937554629190552131995290006614509581
lower: 53937554629190552131995290006614509577
upper: 66910184482037901621933403444034052414
Result (no wrap): true
2025-05-02 21:40:30 INFO  ChordProtocols:179 - Finger 2 peker n책 til: process3
2025-05-02 21:40:30 INFO  ChordProtocols:173 - Beregner fingerID for finger 3: 53937554629190552131995290006614509585
id: 53937554629190552131995290006614509585
lower: 53937554629190552131995290006614509577
upper: 66910184482037901621933403444034052414
Result (no wrap): true
2025-05-02 21:40:30 INFO  ChordProtocols:179 - Finger 3 peker n책 til: process3
2025-05-02 21:40:30 INFO  ChordProtocols:173 - Beregner fingerID for finger 4: 53937554629190552131995290006614509593
id: 53937554629190552131995290006614509593
lower: 53937554629190552131995290006614509577
upper: 66910184482037901621933403444034052414
Result (no wrap): true
2025-05-02 21:40:30 INFO  ChordProtocols:179 - Finger 4 peker n책 til: process3
2025-05-02 21:40:30 INFO  ChordProtocols:173 - Beregner fingerID for finger 5: 53937554629190552131995290006614509609
id: 53937554629190552131995290006614509609
lower: 53937554629190552131995290006614509577
upper: 66910184482037901621933403444034052414
Result (no wrap): true
2025-05-02 21:40:30 INFO  ChordProtocols:179 - Finger 5 peker n책 til: process3
2025-05-02 21:40:30 INFO  ChordProtocols:173 - Beregner fingerID for finger 6: 53937554629190552131995290006614509641
id: 53937554629190552131995290006614509641
lower: 53937554629190552131995290006614509577
upper: 66910184482037901621933403444034052414
Result (no wrap): true
2025-05-02 21:40:30 INFO  ChordProtocols:179 - Finger 6 peker n책 til: process3
2025-05-02 21:40:30 INFO  ChordProtocols:173 - Beregner fingerID for finger 7: 53937554629190552131995290006614509705
id: 53937554629190552131995290006614509705
lower: 53937554629190552131995290006614509577
upper: 66910184482037901621933403444034052414
Result (no wrap): true
2025-05-02 21:40:30 INFO  ChordProtocols:179 - Finger 7 peker n책 til: process3
2025-05-02 21:40:30 INFO  ChordProtocols:173 - Beregner fingerID for finger 8: 53937554629190552131995290006614509833
id: 53937554629190552131995290006614509833
lower: 53937554629190552131995290006614509577
upper: 66910184482037901621933403444034052414
Result (no wrap): true
2025-05-02 21:40:30 INFO  ChordProtocols:179 - Finger 8 peker n책 til: process3
2025-05-02 21:40:30 INFO  ChordProtocols:173 - Beregner fingerID for finger 9: 53937554629190552131995290006614510089
id: 53937554629190552131995290006614510089
lower: 53937554629190552131995290006614509577
upper: 66910184482037901621933403444034052414
Result (no wrap): true
2025-05-02 21:40:30 INFO  ChordProtocols:179 - Finger 9 peker n책 til: process3
2025-05-02 21:40:30 INFO  ChordProtocols:173 - Beregner fingerID for finger 10: 53937554629190552131995290006614510601
id: 53937554629190552131995290006614510601
lower: 53937554629190552131995290006614509577
upper: 66910184482037901621933403444034052414
Result (no wrap): true
2025-05-02 21:40:30 INFO  ChordProtocols:179 - Finger 10 peker n책 til: process3
2025-05-02 21:40:30 INFO  ChordProtocols:173 - Beregner fingerID for finger 11: 53937554629190552131995290006614511625
id: 53937554629190552131995290006614511625
lower: 53937554629190552131995290006614509577
upper: 66910184482037901621933403444034052414
Result (no wrap): true
2025-05-02 21:40:30 INFO  ChordProtocols:179 - Finger 11 peker n책 til: process3
2025-05-02 21:40:30 INFO  ChordProtocols:173 - Beregner fingerID for finger 12: 53937554629190552131995290006614513673
id: 53937554629190552131995290006614513673
lower: 53937554629190552131995290006614509577
upper: 66910184482037901621933403444034052414
Result (no wrap): true
2025-05-02 21:40:30 INFO  ChordProtocols:179 - Finger 12 peker n책 til: process3
2025-05-02 21:40:30 INFO  ChordProtocols:173 - Beregner fingerID for finger 13: 53937554629190552131995290006614517769
id: 53937554629190552131995290006614517769
lower: 53937554629190552131995290006614509577
upper: 66910184482037901621933403444034052414
Result (no wrap): true
2025-05-02 21:40:30 INFO  ChordProtocols:179 - Finger 13 peker n책 til: process3
2025-05-02 21:40:30 INFO  ChordProtocols:173 - Beregner fingerID for finger 14: 53937554629190552131995290006614525961
id: 53937554629190552131995290006614525961
lower: 53937554629190552131995290006614509577
upper: 66910184482037901621933403444034052414
Result (no wrap): true
2025-05-02 21:40:30 INFO  ChordProtocols:179 - Finger 14 peker n책 til: process3
2025-05-02 21:40:30 INFO  ChordProtocols:173 - Beregner fingerID for finger 15: 53937554629190552131995290006614542345
id: 53937554629190552131995290006614542345
lower: 53937554629190552131995290006614509577
upper: 66910184482037901621933403444034052414
Result (no wrap): true
2025-05-02 21:40:30 INFO  ChordProtocols:179 - Finger 15 peker n책 til: process3
2025-05-02 21:40:30 INFO  ChordProtocols:173 - Beregner fingerID for finger 16: 53937554629190552131995290006614575113
id: 53937554629190552131995290006614575113
lower: 53937554629190552131995290006614509577
upper: 66910184482037901621933403444034052414
Result (no wrap): true
2025-05-02 21:40:30 INFO  ChordProtocols:179 - Finger 16 peker n책 til: process3
2025-05-02 21:40:30 INFO  ChordProtocols:173 - Beregner fingerID for finger 17: 53937554629190552131995290006614640649
id: 53937554629190552131995290006614640649
lower: 53937554629190552131995290006614509577
upper: 66910184482037901621933403444034052414
Result (no wrap): true
2025-05-02 21:40:30 INFO  ChordProtocols:179 - Finger 17 peker n책 til: process3
2025-05-02 21:40:30 INFO  ChordProtocols:173 - Beregner fingerID for finger 18: 53937554629190552131995290006614771721
id: 53937554629190552131995290006614771721
lower: 53937554629190552131995290006614509577
upper: 66910184482037901621933403444034052414
Result (no wrap): true
2025-05-02 21:40:30 INFO  ChordProtocols:179 - Finger 18 peker n책 til: process3
2025-05-02 21:40:30 INFO  ChordProtocols:173 - Beregner fingerID for finger 19: 53937554629190552131995290006615033865
id: 53937554629190552131995290006615033865
lower: 53937554629190552131995290006614509577
upper: 66910184482037901621933403444034052414
Result (no wrap): true
2025-05-02 21:40:30 INFO  ChordProtocols:179 - Finger 19 peker n책 til: process3
2025-05-02 21:40:30 INFO  ChordProtocols:173 - Beregner fingerID for finger 20: 53937554629190552131995290006615558153
id: 53937554629190552131995290006615558153
lower: 53937554629190552131995290006614509577
upper: 66910184482037901621933403444034052414
Result (no wrap): true
2025-05-02 21:40:30 INFO  ChordProtocols:179 - Finger 20 peker n책 til: process3
2025-05-02 21:40:30 INFO  ChordProtocols:173 - Beregner fingerID for finger 21: 53937554629190552131995290006616606729
id: 53937554629190552131995290006616606729
lower: 53937554629190552131995290006614509577
upper: 66910184482037901621933403444034052414
Result (no wrap): true
2025-05-02 21:40:30 INFO  ChordProtocols:179 - Finger 21 peker n책 til: process3
2025-05-02 21:40:30 INFO  ChordProtocols:173 - Beregner fingerID for finger 22: 53937554629190552131995290006618703881
id: 53937554629190552131995290006618703881
lower: 53937554629190552131995290006614509577
upper: 66910184482037901621933403444034052414
Result (no wrap): true
2025-05-02 21:40:30 INFO  ChordProtocols:179 - Finger 22 peker n책 til: process3
2025-05-02 21:40:30 INFO  ChordProtocols:173 - Beregner fingerID for finger 23: 53937554629190552131995290006622898185
id: 53937554629190552131995290006622898185
lower: 53937554629190552131995290006614509577
upper: 66910184482037901621933403444034052414
Result (no wrap): true
2025-05-02 21:40:30 INFO  ChordProtocols:179 - Finger 23 peker n책 til: process3
2025-05-02 21:40:30 INFO  ChordProtocols:173 - Beregner fingerID for finger 24: 53937554629190552131995290006631286793
id: 53937554629190552131995290006631286793
lower: 53937554629190552131995290006614509577
upper: 66910184482037901621933403444034052414
Result (no wrap): true
2025-05-02 21:40:30 INFO  ChordProtocols:179 - Finger 24 peker n책 til: process3
2025-05-02 21:40:30 INFO  ChordProtocols:173 - Beregner fingerID for finger 25: 53937554629190552131995290006648064009
id: 53937554629190552131995290006648064009
lower: 53937554629190552131995290006614509577
upper: 66910184482037901621933403444034052414
Result (no wrap): true
2025-05-02 21:40:30 INFO  ChordProtocols:179 - Finger 25 peker n책 til: process3
2025-05-02 21:40:30 INFO  ChordProtocols:173 - Beregner fingerID for finger 26: 53937554629190552131995290006681618441
id: 53937554629190552131995290006681618441
lower: 53937554629190552131995290006614509577
upper: 66910184482037901621933403444034052414
Result (no wrap): true
2025-05-02 21:40:30 INFO  ChordProtocols:179 - Finger 26 peker n책 til: process3
2025-05-02 21:40:30 INFO  ChordProtocols:173 - Beregner fingerID for finger 27: 53937554629190552131995290006748727305
id: 53937554629190552131995290006748727305
lower: 53937554629190552131995290006614509577
upper: 66910184482037901621933403444034052414
Result (no wrap): true
2025-05-02 21:40:30 INFO  ChordProtocols:179 - Finger 27 peker n책 til: process3
2025-05-02 21:40:30 INFO  ChordProtocols:173 - Beregner fingerID for finger 28: 53937554629190552131995290006882945033
id: 53937554629190552131995290006882945033
lower: 53937554629190552131995290006614509577
upper: 66910184482037901621933403444034052414
Result (no wrap): true
2025-05-02 21:40:30 INFO  ChordProtocols:179 - Finger 28 peker n책 til: process3
2025-05-02 21:40:30 INFO  ChordProtocols:173 - Beregner fingerID for finger 29: 53937554629190552131995290007151380489
id: 53937554629190552131995290007151380489
lower: 53937554629190552131995290006614509577
upper: 66910184482037901621933403444034052414
Result (no wrap): true
2025-05-02 21:40:30 INFO  ChordProtocols:179 - Finger 29 peker n책 til: process3
2025-05-02 21:40:30 INFO  ChordProtocols:173 - Beregner fingerID for finger 30: 53937554629190552131995290007688251401
id: 53937554629190552131995290007688251401
lower: 53937554629190552131995290006614509577
upper: 66910184482037901621933403444034052414
Result (no wrap): true
2025-05-02 21:40:30 INFO  ChordProtocols:179 - Finger 30 peker n책 til: process3
2025-05-02 21:40:30 INFO  ChordProtocols:173 - Beregner fingerID for finger 31: 53937554629190552131995290008761993225
id: 53937554629190552131995290008761993225
lower: 53937554629190552131995290006614509577
upper: 66910184482037901621933403444034052414
Result (no wrap): true
2025-05-02 21:40:30 INFO  ChordProtocols:179 - Finger 31 peker n책 til: process3
2025-05-02 21:40:30 INFO  ChordProtocols:173 - Beregner fingerID for finger 32: 53937554629190552131995290010909476873
id: 53937554629190552131995290010909476873
lower: 53937554629190552131995290006614509577
upper: 66910184482037901621933403444034052414
Result (no wrap): true
2025-05-02 21:40:30 INFO  ChordProtocols:179 - Finger 32 peker n책 til: process3
2025-05-02 21:40:30 INFO  ChordProtocols:173 - Beregner fingerID for finger 33: 53937554629190552131995290015204444169
id: 53937554629190552131995290015204444169
lower: 53937554629190552131995290006614509577
upper: 66910184482037901621933403444034052414
Result (no wrap): true
2025-05-02 21:40:30 INFO  ChordProtocols:179 - Finger 33 peker n책 til: process3
2025-05-02 21:40:30 INFO  ChordProtocols:173 - Beregner fingerID for finger 34: 53937554629190552131995290023794378761
id: 53937554629190552131995290023794378761
lower: 53937554629190552131995290006614509577
upper: 66910184482037901621933403444034052414
Result (no wrap): true
2025-05-02 21:40:30 INFO  ChordProtocols:179 - Finger 34 peker n책 til: process3
2025-05-02 21:40:30 INFO  ChordProtocols:173 - Beregner fingerID for finger 35: 53937554629190552131995290040974247945
id: 53937554629190552131995290040974247945
lower: 53937554629190552131995290006614509577
upper: 66910184482037901621933403444034052414
Result (no wrap): true
2025-05-02 21:40:30 INFO  ChordProtocols:179 - Finger 35 peker n책 til: process3
2025-05-02 21:40:30 INFO  ChordProtocols:173 - Beregner fingerID for finger 36: 53937554629190552131995290075333986313
id: 53937554629190552131995290075333986313
lower: 53937554629190552131995290006614509577
upper: 66910184482037901621933403444034052414
Result (no wrap): true
2025-05-02 21:40:30 INFO  ChordProtocols:179 - Finger 36 peker n책 til: process3
2025-05-02 21:40:30 INFO  ChordProtocols:173 - Beregner fingerID for finger 37: 53937554629190552131995290144053463049
id: 53937554629190552131995290144053463049
lower: 53937554629190552131995290006614509577
upper: 66910184482037901621933403444034052414
Result (no wrap): true
2025-05-02 21:40:30 INFO  ChordProtocols:179 - Finger 37 peker n책 til: process3
2025-05-02 21:40:30 INFO  ChordProtocols:173 - Beregner fingerID for finger 38: 53937554629190552131995290281492416521
id: 53937554629190552131995290281492416521
lower: 53937554629190552131995290006614509577
upper: 66910184482037901621933403444034052414
Result (no wrap): true
2025-05-02 21:40:30 INFO  ChordProtocols:179 - Finger 38 peker n책 til: process3
2025-05-02 21:40:30 INFO  ChordProtocols:173 - Beregner fingerID for finger 39: 53937554629190552131995290556370323465
id: 53937554629190552131995290556370323465
lower: 53937554629190552131995290006614509577
upper: 66910184482037901621933403444034052414
Result (no wrap): true
2025-05-02 21:40:30 INFO  ChordProtocols:179 - Finger 39 peker n책 til: process3
2025-05-02 21:40:30 INFO  ChordProtocols:173 - Beregner fingerID for finger 40: 53937554629190552131995291106126137353
id: 53937554629190552131995291106126137353
lower: 53937554629190552131995290006614509577
upper: 66910184482037901621933403444034052414
Result (no wrap): true
2025-05-02 21:40:30 INFO  ChordProtocols:179 - Finger 40 peker n책 til: process3
2025-05-02 21:40:30 INFO  ChordProtocols:173 - Beregner fingerID for finger 41: 53937554629190552131995292205637765129
id: 53937554629190552131995292205637765129
lower: 53937554629190552131995290006614509577
upper: 66910184482037901621933403444034052414
Result (no wrap): true
2025-05-02 21:40:30 INFO  ChordProtocols:179 - Finger 41 peker n책 til: process3
2025-05-02 21:40:30 INFO  ChordProtocols:173 - Beregner fingerID for finger 42: 53937554629190552131995294404661020681
id: 53937554629190552131995294404661020681
lower: 53937554629190552131995290006614509577
upper: 66910184482037901621933403444034052414
Result (no wrap): true
2025-05-02 21:40:30 INFO  ChordProtocols:179 - Finger 42 peker n책 til: process3
2025-05-02 21:40:30 INFO  ChordProtocols:173 - Beregner fingerID for finger 43: 53937554629190552131995298802707531785
id: 53937554629190552131995298802707531785
lower: 53937554629190552131995290006614509577
upper: 66910184482037901621933403444034052414
Result (no wrap): true
2025-05-02 21:40:30 INFO  ChordProtocols:179 - Finger 43 peker n책 til: process3
2025-05-02 21:40:30 INFO  ChordProtocols:173 - Beregner fingerID for finger 44: 53937554629190552131995307598800553993
id: 53937554629190552131995307598800553993
lower: 53937554629190552131995290006614509577
upper: 66910184482037901621933403444034052414
Result (no wrap): true
2025-05-02 21:40:30 INFO  ChordProtocols:179 - Finger 44 peker n책 til: process3
2025-05-02 21:40:30 INFO  ChordProtocols:173 - Beregner fingerID for finger 45: 53937554629190552131995325190986598409
id: 53937554629190552131995325190986598409
lower: 53937554629190552131995290006614509577
upper: 66910184482037901621933403444034052414
Result (no wrap): true
2025-05-02 21:40:30 INFO  ChordProtocols:179 - Finger 45 peker n책 til: process3
2025-05-02 21:40:30 INFO  ChordProtocols:173 - Beregner fingerID for finger 46: 53937554629190552131995360375358687241
id: 53937554629190552131995360375358687241
lower: 53937554629190552131995290006614509577
upper: 66910184482037901621933403444034052414
Result (no wrap): true
2025-05-02 21:40:30 INFO  ChordProtocols:179 - Finger 46 peker n책 til: process3
2025-05-02 21:40:30 INFO  ChordProtocols:173 - Beregner fingerID for finger 47: 53937554629190552131995430744102864905
id: 53937554629190552131995430744102864905
lower: 53937554629190552131995290006614509577
upper: 66910184482037901621933403444034052414
Result (no wrap): true
2025-05-02 21:40:30 INFO  ChordProtocols:179 - Finger 47 peker n책 til: process3
2025-05-02 21:40:30 INFO  ChordProtocols:173 - Beregner fingerID for finger 48: 53937554629190552131995571481591220233
id: 53937554629190552131995571481591220233
lower: 53937554629190552131995290006614509577
upper: 66910184482037901621933403444034052414
Result (no wrap): true
2025-05-02 21:40:30 INFO  ChordProtocols:179 - Finger 48 peker n책 til: process3
2025-05-02 21:40:30 INFO  ChordProtocols:173 - Beregner fingerID for finger 49: 53937554629190552131995852956567930889
id: 53937554629190552131995852956567930889
lower: 53937554629190552131995290006614509577
upper: 66910184482037901621933403444034052414
Result (no wrap): true
2025-05-02 21:40:30 INFO  ChordProtocols:179 - Finger 49 peker n책 til: process3
2025-05-02 21:40:30 INFO  ChordProtocols:173 - Beregner fingerID for finger 50: 53937554629190552131996415906521352201
id: 53937554629190552131996415906521352201
lower: 53937554629190552131995290006614509577
upper: 66910184482037901621933403444034052414
Result (no wrap): true
2025-05-02 21:40:30 INFO  ChordProtocols:179 - Finger 50 peker n책 til: process3
2025-05-02 21:40:30 INFO  ChordProtocols:173 - Beregner fingerID for finger 51: 53937554629190552131997541806428194825
id: 53937554629190552131997541806428194825
lower: 53937554629190552131995290006614509577
upper: 66910184482037901621933403444034052414
Result (no wrap): true
2025-05-02 21:40:30 INFO  ChordProtocols:179 - Finger 51 peker n책 til: process3
2025-05-02 21:40:30 INFO  ChordProtocols:173 - Beregner fingerID for finger 52: 53937554629190552131999793606241880073
id: 53937554629190552131999793606241880073
lower: 53937554629190552131995290006614509577
upper: 66910184482037901621933403444034052414
Result (no wrap): true
2025-05-02 21:40:30 INFO  ChordProtocols:179 - Finger 52 peker n책 til: process3
2025-05-02 21:40:30 INFO  ChordProtocols:173 - Beregner fingerID for finger 53: 53937554629190552132004297205869250569
id: 53937554629190552132004297205869250569
lower: 53937554629190552131995290006614509577
upper: 66910184482037901621933403444034052414
Result (no wrap): true
2025-05-02 21:40:30 INFO  ChordProtocols:179 - Finger 53 peker n책 til: process3
2025-05-02 21:40:30 INFO  ChordProtocols:173 - Beregner fingerID for finger 54: 53937554629190552132013304405123991561
id: 53937554629190552132013304405123991561
lower: 53937554629190552131995290006614509577
upper: 66910184482037901621933403444034052414
Result (no wrap): true
2025-05-02 21:40:30 INFO  ChordProtocols:179 - Finger 54 peker n책 til: process3
2025-05-02 21:40:30 INFO  ChordProtocols:173 - Beregner fingerID for finger 55: 53937554629190552132031318803633473545
id: 53937554629190552132031318803633473545
lower: 53937554629190552131995290006614509577
upper: 66910184482037901621933403444034052414
Result (no wrap): true
2025-05-02 21:40:30 INFO  ChordProtocols:179 - Finger 55 peker n책 til: process3
2025-05-02 21:40:30 INFO  ChordProtocols:173 - Beregner fingerID for finger 56: 53937554629190552132067347600652437513
id: 53937554629190552132067347600652437513
lower: 53937554629190552131995290006614509577
upper: 66910184482037901621933403444034052414
Result (no wrap): true
2025-05-02 21:40:30 INFO  ChordProtocols:179 - Finger 56 peker n책 til: process3
2025-05-02 21:40:30 INFO  ChordProtocols:173 - Beregner fingerID for finger 57: 53937554629190552132139405194690365449
id: 53937554629190552132139405194690365449
lower: 53937554629190552131995290006614509577
upper: 66910184482037901621933403444034052414
Result (no wrap): true
2025-05-02 21:40:30 INFO  ChordProtocols:179 - Finger 57 peker n책 til: process3
2025-05-02 21:40:30 INFO  ChordProtocols:173 - Beregner fingerID for finger 58: 53937554629190552132283520382766221321
id: 53937554629190552132283520382766221321
lower: 53937554629190552131995290006614509577
upper: 66910184482037901621933403444034052414
Result (no wrap): true
2025-05-02 21:40:30 INFO  ChordProtocols:179 - Finger 58 peker n책 til: process3
2025-05-02 21:40:30 INFO  ChordProtocols:173 - Beregner fingerID for finger 59: 53937554629190552132571750758917933065
id: 53937554629190552132571750758917933065
lower: 53937554629190552131995290006614509577
upper: 66910184482037901621933403444034052414
Result (no wrap): true
2025-05-02 21:40:30 INFO  ChordProtocols:179 - Finger 59 peker n책 til: process3
2025-05-02 21:40:30 INFO  ChordProtocols:173 - Beregner fingerID for finger 60: 53937554629190552133148211511221356553
id: 53937554629190552133148211511221356553
lower: 53937554629190552131995290006614509577
upper: 66910184482037901621933403444034052414
Result (no wrap): true
2025-05-02 21:40:30 INFO  ChordProtocols:179 - Finger 60 peker n책 til: process3
2025-05-02 21:40:30 INFO  ChordProtocols:173 - Beregner fingerID for finger 61: 53937554629190552134301133015828203529
id: 53937554629190552134301133015828203529
lower: 53937554629190552131995290006614509577
upper: 66910184482037901621933403444034052414
Result (no wrap): true
2025-05-02 21:40:30 INFO  ChordProtocols:179 - Finger 61 peker n책 til: process3
2025-05-02 21:40:30 INFO  ChordProtocols:173 - Beregner fingerID for finger 62: 53937554629190552136606976025041897481
id: 53937554629190552136606976025041897481
lower: 53937554629190552131995290006614509577
upper: 66910184482037901621933403444034052414
Result (no wrap): true
2025-05-02 21:40:30 INFO  ChordProtocols:179 - Finger 62 peker n책 til: process3
2025-05-02 21:40:30 INFO  ChordProtocols:173 - Beregner fingerID for finger 63: 53937554629190552141218662043469285385
id: 53937554629190552141218662043469285385
lower: 53937554629190552131995290006614509577
upper: 66910184482037901621933403444034052414
Result (no wrap): true
2025-05-02 21:40:30 INFO  ChordProtocols:179 - Finger 63 peker n책 til: process3
2025-05-02 21:40:30 INFO  ChordProtocols:173 - Beregner fingerID for finger 64: 53937554629190552150442034080324061193
id: 53937554629190552150442034080324061193
lower: 53937554629190552131995290006614509577
upper: 66910184482037901621933403444034052414
Result (no wrap): true
2025-05-02 21:40:30 INFO  ChordProtocols:179 - Finger 64 peker n책 til: process3
2025-05-02 21:40:30 INFO  ChordProtocols:173 - Beregner fingerID for finger 65: 53937554629190552168888778154033612809
id: 53937554629190552168888778154033612809
lower: 53937554629190552131995290006614509577
upper: 66910184482037901621933403444034052414
Result (no wrap): true
2025-05-02 21:40:30 INFO  ChordProtocols:179 - Finger 65 peker n책 til: process3
2025-05-02 21:40:30 INFO  ChordProtocols:173 - Beregner fingerID for finger 66: 53937554629190552205782266301452716041
id: 53937554629190552205782266301452716041
lower: 53937554629190552131995290006614509577
upper: 66910184482037901621933403444034052414
Result (no wrap): true
2025-05-02 21:40:30 INFO  ChordProtocols:179 - Finger 66 peker n책 til: process3
2025-05-02 21:40:30 INFO  ChordProtocols:173 - Beregner fingerID for finger 67: 53937554629190552279569242596290922505
id: 53937554629190552279569242596290922505
lower: 53937554629190552131995290006614509577
upper: 66910184482037901621933403444034052414
Result (no wrap): true
2025-05-02 21:40:30 INFO  ChordProtocols:179 - Finger 67 peker n책 til: process3
2025-05-02 21:40:30 INFO  ChordProtocols:173 - Beregner fingerID for finger 68: 53937554629190552427143195185967335433
id: 53937554629190552427143195185967335433
lower: 53937554629190552131995290006614509577
upper: 66910184482037901621933403444034052414
Result (no wrap): true
2025-05-02 21:40:30 INFO  ChordProtocols:179 - Finger 68 peker n책 til: process3
2025-05-02 21:40:30 INFO  ChordProtocols:173 - Beregner fingerID for finger 69: 53937554629190552722291100365320161289
id: 53937554629190552722291100365320161289
lower: 53937554629190552131995290006614509577
upper: 66910184482037901621933403444034052414
Result (no wrap): true
2025-05-02 21:40:30 INFO  ChordProtocols:179 - Finger 69 peker n책 til: process3
2025-05-02 21:40:30 INFO  ChordProtocols:173 - Beregner fingerID for finger 70: 53937554629190553312586910724025813001
id: 53937554629190553312586910724025813001
lower: 53937554629190552131995290006614509577
upper: 66910184482037901621933403444034052414
Result (no wrap): true
2025-05-02 21:40:30 INFO  ChordProtocols:179 - Finger 70 peker n책 til: process3
2025-05-02 21:40:30 INFO  ChordProtocols:173 - Beregner fingerID for finger 71: 53937554629190554493178531441437116425
id: 53937554629190554493178531441437116425
lower: 53937554629190552131995290006614509577
upper: 66910184482037901621933403444034052414
Result (no wrap): true
2025-05-02 21:40:30 INFO  ChordProtocols:179 - Finger 71 peker n책 til: process3
2025-05-02 21:40:30 INFO  ChordProtocols:173 - Beregner fingerID for finger 72: 53937554629190556854361772876259723273
id: 53937554629190556854361772876259723273
lower: 53937554629190552131995290006614509577
upper: 66910184482037901621933403444034052414
Result (no wrap): true
2025-05-02 21:40:30 INFO  ChordProtocols:179 - Finger 72 peker n책 til: process3
2025-05-02 21:40:30 INFO  ChordProtocols:173 - Beregner fingerID for finger 73: 53937554629190561576728255745904936969
id: 53937554629190561576728255745904936969
lower: 53937554629190552131995290006614509577
upper: 66910184482037901621933403444034052414
Result (no wrap): true
2025-05-02 21:40:30 INFO  ChordProtocols:179 - Finger 73 peker n책 til: process3
2025-05-02 21:40:30 INFO  ChordProtocols:173 - Beregner fingerID for finger 74: 53937554629190571021461221485195364361
id: 53937554629190571021461221485195364361
lower: 53937554629190552131995290006614509577
upper: 66910184482037901621933403444034052414
Result (no wrap): true
2025-05-02 21:40:30 INFO  ChordProtocols:179 - Finger 74 peker n책 til: process3
2025-05-02 21:40:30 INFO  ChordProtocols:173 - Beregner fingerID for finger 75: 53937554629190589910927152963776219145
id: 53937554629190589910927152963776219145
lower: 53937554629190552131995290006614509577
upper: 66910184482037901621933403444034052414
Result (no wrap): true
2025-05-02 21:40:30 INFO  ChordProtocols:179 - Finger 75 peker n책 til: process3
2025-05-02 21:40:30 INFO  ChordProtocols:173 - Beregner fingerID for finger 76: 53937554629190627689859015920937928713
id: 53937554629190627689859015920937928713
lower: 53937554629190552131995290006614509577
upper: 66910184482037901621933403444034052414
Result (no wrap): true
2025-05-02 21:40:30 INFO  ChordProtocols:179 - Finger 76 peker n책 til: process3
2025-05-02 21:40:30 INFO  ChordProtocols:173 - Beregner fingerID for finger 77: 53937554629190703247722741835261347849
id: 53937554629190703247722741835261347849
lower: 53937554629190552131995290006614509577
upper: 66910184482037901621933403444034052414
Result (no wrap): true
2025-05-02 21:40:30 INFO  ChordProtocols:179 - Finger 77 peker n책 til: process3
2025-05-02 21:40:30 INFO  ChordProtocols:173 - Beregner fingerID for finger 78: 53937554629190854363450193663908186121
id: 53937554629190854363450193663908186121
lower: 53937554629190552131995290006614509577
upper: 66910184482037901621933403444034052414
Result (no wrap): true
2025-05-02 21:40:30 INFO  ChordProtocols:179 - Finger 78 peker n책 til: process3
2025-05-02 21:40:30 INFO  ChordProtocols:173 - Beregner fingerID for finger 79: 53937554629191156594905097321201862665
id: 53937554629191156594905097321201862665
lower: 53937554629190552131995290006614509577
upper: 66910184482037901621933403444034052414
Result (no wrap): true
2025-05-02 21:40:30 INFO  ChordProtocols:179 - Finger 79 peker n책 til: process3
2025-05-02 21:40:30 INFO  ChordProtocols:173 - Beregner fingerID for finger 80: 53937554629191761057814904635789215753
id: 53937554629191761057814904635789215753
lower: 53937554629190552131995290006614509577
upper: 66910184482037901621933403444034052414
Result (no wrap): true
2025-05-02 21:40:30 INFO  ChordProtocols:179 - Finger 80 peker n책 til: process3
2025-05-02 21:40:30 INFO  ChordProtocols:173 - Beregner fingerID for finger 81: 53937554629192969983634519264963921929
id: 53937554629192969983634519264963921929
lower: 53937554629190552131995290006614509577
upper: 66910184482037901621933403444034052414
Result (no wrap): true
2025-05-02 21:40:30 INFO  ChordProtocols:179 - Finger 81 peker n책 til: process3
2025-05-02 21:40:30 INFO  ChordProtocols:173 - Beregner fingerID for finger 82: 53937554629195387835273748523313334281
id: 53937554629195387835273748523313334281
lower: 53937554629190552131995290006614509577
upper: 66910184482037901621933403444034052414
Result (no wrap): true
2025-05-02 21:40:30 INFO  ChordProtocols:179 - Finger 82 peker n책 til: process3
2025-05-02 21:40:30 INFO  ChordProtocols:173 - Beregner fingerID for finger 83: 53937554629200223538552207040012158985
id: 53937554629200223538552207040012158985
lower: 53937554629190552131995290006614509577
upper: 66910184482037901621933403444034052414
Result (no wrap): true
2025-05-02 21:40:30 INFO  ChordProtocols:179 - Finger 83 peker n책 til: process3
2025-05-02 21:40:30 INFO  ChordProtocols:173 - Beregner fingerID for finger 84: 53937554629209894945109124073409808393
id: 53937554629209894945109124073409808393
lower: 53937554629190552131995290006614509577
upper: 66910184482037901621933403444034052414
Result (no wrap): true
2025-05-02 21:40:30 INFO  ChordProtocols:179 - Finger 84 peker n책 til: process3
2025-05-02 21:40:30 INFO  ChordProtocols:173 - Beregner fingerID for finger 85: 53937554629229237758222958140205107209
id: 53937554629229237758222958140205107209
lower: 53937554629190552131995290006614509577
upper: 66910184482037901621933403444034052414
Result (no wrap): true
2025-05-02 21:40:30 INFO  ChordProtocols:179 - Finger 85 peker n책 til: process3
2025-05-02 21:40:30 INFO  ChordProtocols:173 - Beregner fingerID for finger 86: 53937554629267923384450626273795704841
id: 53937554629267923384450626273795704841
lower: 53937554629190552131995290006614509577
upper: 66910184482037901621933403444034052414
Result (no wrap): true
2025-05-02 21:40:30 INFO  ChordProtocols:179 - Finger 86 peker n책 til: process3
2025-05-02 21:40:30 INFO  ChordProtocols:173 - Beregner fingerID for finger 87: 53937554629345294636905962540976900105
id: 53937554629345294636905962540976900105
lower: 53937554629190552131995290006614509577
upper: 66910184482037901621933403444034052414
Result (no wrap): true
2025-05-02 21:40:30 INFO  ChordProtocols:179 - Finger 87 peker n책 til: process3
2025-05-02 21:40:30 INFO  ChordProtocols:173 - Beregner fingerID for finger 88: 53937554629500037141816635075339290633
id: 53937554629500037141816635075339290633
lower: 53937554629190552131995290006614509577
upper: 66910184482037901621933403444034052414
Result (no wrap): true
2025-05-02 21:40:30 INFO  ChordProtocols:179 - Finger 88 peker n책 til: process3
2025-05-02 21:40:30 INFO  ChordProtocols:173 - Beregner fingerID for finger 89: 53937554629809522151637980144064071689
id: 53937554629809522151637980144064071689
lower: 53937554629190552131995290006614509577
upper: 66910184482037901621933403444034052414
Result (no wrap): true
2025-05-02 21:40:30 INFO  ChordProtocols:179 - Finger 89 peker n책 til: process3
2025-05-02 21:40:30 INFO  ChordProtocols:173 - Beregner fingerID for finger 90: 53937554630428492171280670281513633801
id: 53937554630428492171280670281513633801
lower: 53937554629190552131995290006614509577
upper: 66910184482037901621933403444034052414
Result (no wrap): true
2025-05-02 21:40:30 INFO  ChordProtocols:179 - Finger 90 peker n책 til: process3
2025-05-02 21:40:30 INFO  ChordProtocols:173 - Beregner fingerID for finger 91: 53937554631666432210566050556412758025
id: 53937554631666432210566050556412758025
lower: 53937554629190552131995290006614509577
upper: 66910184482037901621933403444034052414
Result (no wrap): true
2025-05-02 21:40:30 INFO  ChordProtocols:179 - Finger 91 peker n책 til: process3
2025-05-02 21:40:30 INFO  ChordProtocols:173 - Beregner fingerID for finger 92: 53937554634142312289136811106211006473
id: 53937554634142312289136811106211006473
lower: 53937554629190552131995290006614509577
upper: 66910184482037901621933403444034052414
Result (no wrap): true
2025-05-02 21:40:30 INFO  ChordProtocols:179 - Finger 92 peker n책 til: process3
2025-05-02 21:40:30 INFO  ChordProtocols:173 - Beregner fingerID for finger 93: 53937554639094072446278332205807503369
id: 53937554639094072446278332205807503369
lower: 53937554629190552131995290006614509577
upper: 66910184482037901621933403444034052414
Result (no wrap): true
2025-05-02 21:40:30 INFO  ChordProtocols:179 - Finger 93 peker n책 til: process3
2025-05-02 21:40:30 INFO  ChordProtocols:173 - Beregner fingerID for finger 94: 53937554648997592760561374405000497161
id: 53937554648997592760561374405000497161
lower: 53937554629190552131995290006614509577
upper: 66910184482037901621933403444034052414
Result (no wrap): true
2025-05-02 21:40:30 INFO  ChordProtocols:179 - Finger 94 peker n책 til: process3
2025-05-02 21:40:30 INFO  ChordProtocols:173 - Beregner fingerID for finger 95: 53937554668804633389127458803386484745
id: 53937554668804633389127458803386484745
lower: 53937554629190552131995290006614509577
upper: 66910184482037901621933403444034052414
Result (no wrap): true
2025-05-02 21:40:30 INFO  ChordProtocols:179 - Finger 95 peker n책 til: process3
2025-05-02 21:40:30 INFO  ChordProtocols:173 - Beregner fingerID for finger 96: 53937554708418714646259627600158459913
id: 53937554708418714646259627600158459913
lower: 53937554629190552131995290006614509577
upper: 66910184482037901621933403444034052414
Result (no wrap): true
2025-05-02 21:40:30 INFO  ChordProtocols:179 - Finger 96 peker n책 til: process3
2025-05-02 21:40:30 INFO  ChordProtocols:173 - Beregner fingerID for finger 97: 53937554787646877160523965193702410249
id: 53937554787646877160523965193702410249
lower: 53937554629190552131995290006614509577
upper: 66910184482037901621933403444034052414
Result (no wrap): true
2025-05-02 21:40:30 INFO  ChordProtocols:179 - Finger 97 peker n책 til: process3
2025-05-02 21:40:30 INFO  ChordProtocols:173 - Beregner fingerID for finger 98: 53937554946103202189052640380790310921
id: 53937554946103202189052640380790310921
lower: 53937554629190552131995290006614509577
upper: 66910184482037901621933403444034052414
Result (no wrap): true
2025-05-02 21:40:30 INFO  ChordProtocols:179 - Finger 98 peker n책 til: process3
2025-05-02 21:40:30 INFO  ChordProtocols:173 - Beregner fingerID for finger 99: 53937555263015852246109990754966112265
id: 53937555263015852246109990754966112265
lower: 53937554629190552131995290006614509577
upper: 66910184482037901621933403444034052414
Result (no wrap): true
2025-05-02 21:40:30 INFO  ChordProtocols:179 - Finger 99 peker n책 til: process3
2025-05-02 21:40:30 INFO  ChordProtocols:173 - Beregner fingerID for finger 100: 53937555896841152360224691503317714953
id: 53937555896841152360224691503317714953
lower: 53937554629190552131995290006614509577
upper: 66910184482037901621933403444034052414
Result (no wrap): true
2025-05-02 21:40:30 INFO  ChordProtocols:179 - Finger 100 peker n책 til: process3
2025-05-02 21:40:30 INFO  ChordProtocols:173 - Beregner fingerID for finger 101: 53937557164491752588454093000020920329
id: 53937557164491752588454093000020920329
lower: 53937554629190552131995290006614509577
upper: 66910184482037901621933403444034052414
Result (no wrap): true
2025-05-02 21:40:30 INFO  ChordProtocols:179 - Finger 101 peker n책 til: process3
2025-05-02 21:40:30 INFO  ChordProtocols:173 - Beregner fingerID for finger 102: 53937559699792953044912895993427331081
id: 53937559699792953044912895993427331081
lower: 53937554629190552131995290006614509577
upper: 66910184482037901621933403444034052414
Result (no wrap): true
2025-05-02 21:40:30 INFO  ChordProtocols:179 - Finger 102 peker n책 til: process3
2025-05-02 21:40:30 INFO  ChordProtocols:173 - Beregner fingerID for finger 103: 53937564770395353957830501980240152585
id: 53937564770395353957830501980240152585
lower: 53937554629190552131995290006614509577
upper: 66910184482037901621933403444034052414
Result (no wrap): true
2025-05-02 21:40:30 INFO  ChordProtocols:179 - Finger 103 peker n책 til: process3
2025-05-02 21:40:30 INFO  ChordProtocols:173 - Beregner fingerID for finger 104: 53937574911600155783665713953865795593
id: 53937574911600155783665713953865795593
lower: 53937554629190552131995290006614509577
upper: 66910184482037901621933403444034052414
Result (no wrap): true
2025-05-02 21:40:30 INFO  ChordProtocols:179 - Finger 104 peker n책 til: process3
2025-05-02 21:40:30 INFO  ChordProtocols:173 - Beregner fingerID for finger 105: 53937595194009759435336137901117081609
id: 53937595194009759435336137901117081609
lower: 53937554629190552131995290006614509577
upper: 66910184482037901621933403444034052414
Result (no wrap): true
2025-05-02 21:40:30 INFO  ChordProtocols:179 - Finger 105 peker n책 til: process3
2025-05-02 21:40:30 INFO  ChordProtocols:173 - Beregner fingerID for finger 106: 53937635758828966738676985795619653641
id: 53937635758828966738676985795619653641
lower: 53937554629190552131995290006614509577
upper: 66910184482037901621933403444034052414
Result (no wrap): true
2025-05-02 21:40:30 INFO  ChordProtocols:179 - Finger 106 peker n책 til: process3
2025-05-02 21:40:30 INFO  ChordProtocols:173 - Beregner fingerID for finger 107: 53937716888467381345358681584624797705
id: 53937716888467381345358681584624797705
lower: 53937554629190552131995290006614509577
upper: 66910184482037901621933403444034052414
Result (no wrap): true
2025-05-02 21:40:30 INFO  ChordProtocols:179 - Finger 107 peker n책 til: process3
2025-05-02 21:40:30 INFO  ChordProtocols:173 - Beregner fingerID for finger 108: 53937879147744210558722073162635085833
id: 53937879147744210558722073162635085833
lower: 53937554629190552131995290006614509577
upper: 66910184482037901621933403444034052414
Result (no wrap): true
2025-05-02 21:40:30 INFO  ChordProtocols:179 - Finger 108 peker n책 til: process3
2025-05-02 21:40:30 INFO  ChordProtocols:173 - Beregner fingerID for finger 109: 53938203666297868985448856318655662089
id: 53938203666297868985448856318655662089
lower: 53937554629190552131995290006614509577
upper: 66910184482037901621933403444034052414
Result (no wrap): true
2025-05-02 21:40:30 INFO  ChordProtocols:179 - Finger 109 peker n책 til: process3
2025-05-02 21:40:30 INFO  ChordProtocols:173 - Beregner fingerID for finger 110: 53938852703405185838902422630696814601
id: 53938852703405185838902422630696814601
lower: 53937554629190552131995290006614509577
upper: 66910184482037901621933403444034052414
Result (no wrap): true
2025-05-02 21:40:30 INFO  ChordProtocols:179 - Finger 110 peker n책 til: process3
2025-05-02 21:40:30 INFO  ChordProtocols:173 - Beregner fingerID for finger 111: 53940150777619819545809555254779119625
id: 53940150777619819545809555254779119625
lower: 53937554629190552131995290006614509577
upper: 66910184482037901621933403444034052414
Result (no wrap): true
2025-05-02 21:40:30 INFO  ChordProtocols:179 - Finger 111 peker n책 til: process3
2025-05-02 21:40:30 INFO  ChordProtocols:173 - Beregner fingerID for finger 112: 53942746926049086959623820502943729673
id: 53942746926049086959623820502943729673
lower: 53937554629190552131995290006614509577
upper: 66910184482037901621933403444034052414
Result (no wrap): true
2025-05-02 21:40:30 INFO  ChordProtocols:179 - Finger 112 peker n책 til: process3
2025-05-02 21:40:30 INFO  ChordProtocols:173 - Beregner fingerID for finger 113: 53947939222907621787252350999272949769
id: 53947939222907621787252350999272949769
lower: 53937554629190552131995290006614509577
upper: 66910184482037901621933403444034052414
Result (no wrap): true
2025-05-02 21:40:30 INFO  ChordProtocols:179 - Finger 113 peker n책 til: process3
2025-05-02 21:40:30 INFO  ChordProtocols:173 - Beregner fingerID for finger 114: 53958323816624691442509411991931389961
id: 53958323816624691442509411991931389961
lower: 53937554629190552131995290006614509577
upper: 66910184482037901621933403444034052414
Result (no wrap): true
2025-05-02 21:40:30 INFO  ChordProtocols:179 - Finger 114 peker n책 til: process3
2025-05-02 21:40:30 INFO  ChordProtocols:173 - Beregner fingerID for finger 115: 53979093004058830753023533977248270345
id: 53979093004058830753023533977248270345
lower: 53937554629190552131995290006614509577
upper: 66910184482037901621933403444034052414
Result (no wrap): true
2025-05-02 21:40:30 INFO  ChordProtocols:179 - Finger 115 peker n책 til: process3
2025-05-02 21:40:30 INFO  ChordProtocols:173 - Beregner fingerID for finger 116: 54020631378927109374051777947882031113
id: 54020631378927109374051777947882031113
lower: 53937554629190552131995290006614509577
upper: 66910184482037901621933403444034052414
Result (no wrap): true
2025-05-02 21:40:30 INFO  ChordProtocols:179 - Finger 116 peker n책 til: process3
2025-05-02 21:40:30 INFO  ChordProtocols:173 - Beregner fingerID for finger 117: 54103708128663666616108265889149552649
id: 54103708128663666616108265889149552649
lower: 53937554629190552131995290006614509577
upper: 66910184482037901621933403444034052414
Result (no wrap): true
2025-05-02 21:40:30 INFO  ChordProtocols:179 - Finger 117 peker n책 til: process3
2025-05-02 21:40:30 INFO  ChordProtocols:173 - Beregner fingerID for finger 118: 54269861628136781100221241771684595721
id: 54269861628136781100221241771684595721
lower: 53937554629190552131995290006614509577
upper: 66910184482037901621933403444034052414
Result (no wrap): true
2025-05-02 21:40:30 INFO  ChordProtocols:179 - Finger 118 peker n책 til: process3
2025-05-02 21:40:30 INFO  ChordProtocols:173 - Beregner fingerID for finger 119: 54602168627083010068447193536754681865
id: 54602168627083010068447193536754681865
lower: 53937554629190552131995290006614509577
upper: 66910184482037901621933403444034052414
Result (no wrap): true
2025-05-02 21:40:30 INFO  ChordProtocols:179 - Finger 119 peker n책 til: process3
2025-05-02 21:40:30 INFO  ChordProtocols:173 - Beregner fingerID for finger 120: 55266782624975468004899097066894854153
id: 55266782624975468004899097066894854153
lower: 53937554629190552131995290006614509577
upper: 66910184482037901621933403444034052414
Result (no wrap): true
2025-05-02 21:40:30 INFO  ChordProtocols:179 - Finger 120 peker n책 til: process3
2025-05-02 21:40:30 INFO  ChordProtocols:173 - Beregner fingerID for finger 121: 56596010620760383877802904127175198729
id: 56596010620760383877802904127175198729
lower: 53937554629190552131995290006614509577
upper: 66910184482037901621933403444034052414
Result (no wrap): true
2025-05-02 21:40:30 INFO  ChordProtocols:179 - Finger 121 peker n책 til: process3
2025-05-02 21:40:30 INFO  ChordProtocols:173 - Beregner fingerID for finger 122: 59254466612330215623610518247735887881
id: 59254466612330215623610518247735887881
lower: 53937554629190552131995290006614509577
upper: 66910184482037901621933403444034052414
Result (no wrap): true
2025-05-02 21:40:30 INFO  ChordProtocols:179 - Finger 122 peker n책 til: process3
2025-05-02 21:40:30 INFO  ChordProtocols:173 - Beregner fingerID for finger 123: 64571378595469879115225746488857266185
id: 64571378595469879115225746488857266185
lower: 53937554629190552131995290006614509577
upper: 66910184482037901621933403444034052414
Result (no wrap): true
2025-05-02 21:40:30 INFO  ChordProtocols:179 - Finger 123 peker n책 til: process3
2025-05-02 21:40:30 INFO  ChordProtocols:173 - Beregner fingerID for finger 124: 75205202561749206098456202971100022793
id: 75205202561749206098456202971100022793
lower: 53937554629190552131995290006614509577
upper: 66910184482037901621933403444034052414
Result (no wrap): false
id: 66910184482037901621933403444034052414
lower: 53937554629190552131995290006614509577
upper: 75205202561749206098456202971100022793
Result (no wrap): true
id: 75205202561749206098456202971100022793
lower: 66910184482037901621933403444034052414
upper: 121411138451101288395601026024677976156
Result (no wrap): true
2025-05-02 21:40:30 INFO  ChordProtocols:179 - Finger 124 peker n책 til: process5
2025-05-02 21:40:30 INFO  ChordProtocols:173 - Beregner fingerID for finger 125: 96472850494307860064917115935585536009
id: 96472850494307860064917115935585536009
lower: 53937554629190552131995290006614509577
upper: 66910184482037901621933403444034052414
Result (no wrap): false
id: 121411138451101288395601026024677976156
lower: 53937554629190552131995290006614509577
upper: 96472850494307860064917115935585536009
Result (no wrap): false
id: 66910184482037901621933403444034052414
lower: 53937554629190552131995290006614509577
upper: 96472850494307860064917115935585536009
Result (no wrap): true
id: 96472850494307860064917115935585536009
lower: 66910184482037901621933403444034052414
upper: 121411138451101288395601026024677976156
Result (no wrap): true
2025-05-02 21:40:30 INFO  ChordProtocols:179 - Finger 125 peker n책 til: process5
2025-05-02 21:40:30 INFO  ChordProtocols:173 - Beregner fingerID for finger 126: 139008146359425167997838941864556562441
id: 139008146359425167997838941864556562441
lower: 53937554629190552131995290006614509577
upper: 66910184482037901621933403444034052414
Result (no wrap): false
id: 121411138451101288395601026024677976156
lower: 53937554629190552131995290006614509577
upper: 139008146359425167997838941864556562441
Result (no wrap): true
id: 139008146359425167997838941864556562441
lower: 121411138451101288395601026024677976156
upper: 210821560651360572675896360671414673172
Result (no wrap): true
2025-05-02 21:40:30 INFO  ChordProtocols:179 - Finger 126 peker n책 til: process4
2025-05-02 21:40:30 INFO  ChordProtocols:173 - Beregner fingerID for finger 127: 224078738089659783863682593722498615305
id: 224078738089659783863682593722498615305
lower: 53937554629190552131995290006614509577
upper: 66910184482037901621933403444034052414
Result (no wrap): false
id: 210821560651360572675896360671414673172
lower: 53937554629190552131995290006614509577
upper: 224078738089659783863682593722498615305
Result (no wrap): true
id: 224078738089659783863682593722498615305
lower: 210821560651360572675896360671414673172
upper: 15618062003214643351512781541041391612
Result (wrap): true
2025-05-02 21:40:30 INFO  ChordProtocols:179 - Finger 127 peker n책 til: process2
2025-05-02 21:40:30 INFO  StabilizationProtocols:60 - Checking the predecessor for Node: process1
==================================
Node Identifier = 53937554629190552131995290006614509577
Node IP address = process1
successor(process1) = process3
predecessor(process1) = process2
Current File keys for process1 => []
==================================
2025-05-02 21:40:30 INFO  StabilizationProtocols:130 - Updating the successor for Node: process2
id: 15618062003214643351512781541041391613
lower: 15618062003214643351512781541041391612
upper: 53937554629190552131995290006614509577
Result (no wrap): true
2025-05-02 21:40:30 INFO  StabilizationProtocols:84 - Stabilizing ring from process2...
2025-05-02 21:40:30 INFO  StabilizationProtocols:91 - Stabilize ring: succnode = process1
id: 15618062003214643351512781541041391612
lower: 15618062003214643351512781541041391613
upper: 53937554629190552131995290006614509578
Result (no wrap): false
2025-05-02 21:40:30 INFO  StabilizationProtocols:113 - Finished stabilizing chordring from process2
2025-05-02 21:40:30 INFO  ChordProtocols:159 - Oppdaterer FingerTable for Node: process2
2025-05-02 21:40:30 INFO  ChordProtocols:173 - Beregner fingerID for finger 0: 15618062003214643351512781541041391613
id: 15618062003214643351512781541041391613
lower: 15618062003214643351512781541041391612
upper: 53937554629190552131995290006614509577
Result (no wrap): true
2025-05-02 21:40:30 INFO  ChordProtocols:179 - Finger 0 peker n책 til: process1
2025-05-02 21:40:30 INFO  ChordProtocols:173 - Beregner fingerID for finger 1: 15618062003214643351512781541041391614
id: 15618062003214643351512781541041391614
lower: 15618062003214643351512781541041391612
upper: 53937554629190552131995290006614509577
Result (no wrap): true
2025-05-02 21:40:30 INFO  ChordProtocols:179 - Finger 1 peker n책 til: process1
2025-05-02 21:40:30 INFO  ChordProtocols:173 - Beregner fingerID for finger 2: 15618062003214643351512781541041391616
id: 15618062003214643351512781541041391616
lower: 15618062003214643351512781541041391612
upper: 53937554629190552131995290006614509577
Result (no wrap): true
2025-05-02 21:40:30 INFO  ChordProtocols:179 - Finger 2 peker n책 til: process1
2025-05-02 21:40:30 INFO  ChordProtocols:173 - Beregner fingerID for finger 3: 15618062003214643351512781541041391620
id: 15618062003214643351512781541041391620
lower: 15618062003214643351512781541041391612
upper: 53937554629190552131995290006614509577
Result (no wrap): true
2025-05-02 21:40:30 INFO  ChordProtocols:179 - Finger 3 peker n책 til: process1
2025-05-02 21:40:30 INFO  ChordProtocols:173 - Beregner fingerID for finger 4: 15618062003214643351512781541041391628
id: 15618062003214643351512781541041391628
lower: 15618062003214643351512781541041391612
upper: 53937554629190552131995290006614509577
Result (no wrap): true
2025-05-02 21:40:30 INFO  ChordProtocols:179 - Finger 4 peker n책 til: process1
2025-05-02 21:40:30 INFO  ChordProtocols:173 - Beregner fingerID for finger 5: 15618062003214643351512781541041391644
id: 15618062003214643351512781541041391644
lower: 15618062003214643351512781541041391612
upper: 53937554629190552131995290006614509577
Result (no wrap): true
2025-05-02 21:40:30 INFO  ChordProtocols:179 - Finger 5 peker n책 til: process1
2025-05-02 21:40:30 INFO  ChordProtocols:173 - Beregner fingerID for finger 6: 15618062003214643351512781541041391676
id: 15618062003214643351512781541041391676
lower: 15618062003214643351512781541041391612
upper: 53937554629190552131995290006614509577
Result (no wrap): true
2025-05-02 21:40:30 INFO  ChordProtocols:179 - Finger 6 peker n책 til: process1
2025-05-02 21:40:30 INFO  ChordProtocols:173 - Beregner fingerID for finger 7: 15618062003214643351512781541041391740
id: 15618062003214643351512781541041391740
lower: 15618062003214643351512781541041391612
upper: 53937554629190552131995290006614509577
Result (no wrap): true
2025-05-02 21:40:30 INFO  ChordProtocols:179 - Finger 7 peker n책 til: process1
2025-05-02 21:40:30 INFO  ChordProtocols:173 - Beregner fingerID for finger 8: 15618062003214643351512781541041391868
id: 15618062003214643351512781541041391868
lower: 15618062003214643351512781541041391612
upper: 53937554629190552131995290006614509577
Result (no wrap): true
2025-05-02 21:40:30 INFO  ChordProtocols:179 - Finger 8 peker n책 til: process1
2025-05-02 21:40:30 INFO  ChordProtocols:173 - Beregner fingerID for finger 9: 15618062003214643351512781541041392124
id: 15618062003214643351512781541041392124
lower: 15618062003214643351512781541041391612
upper: 53937554629190552131995290006614509577
Result (no wrap): true
2025-05-02 21:40:30 INFO  ChordProtocols:179 - Finger 9 peker n책 til: process1
2025-05-02 21:40:30 INFO  ChordProtocols:173 - Beregner fingerID for finger 10: 15618062003214643351512781541041392636
id: 15618062003214643351512781541041392636
lower: 15618062003214643351512781541041391612
upper: 53937554629190552131995290006614509577
Result (no wrap): true
2025-05-02 21:40:30 INFO  ChordProtocols:179 - Finger 10 peker n책 til: process1
2025-05-02 21:40:30 INFO  ChordProtocols:173 - Beregner fingerID for finger 11: 15618062003214643351512781541041393660
id: 15618062003214643351512781541041393660
lower: 15618062003214643351512781541041391612
upper: 53937554629190552131995290006614509577
Result (no wrap): true
2025-05-02 21:40:30 INFO  ChordProtocols:179 - Finger 11 peker n책 til: process1
2025-05-02 21:40:30 INFO  ChordProtocols:173 - Beregner fingerID for finger 12: 15618062003214643351512781541041395708
id: 15618062003214643351512781541041395708
lower: 15618062003214643351512781541041391612
upper: 53937554629190552131995290006614509577
Result (no wrap): true
2025-05-02 21:40:30 INFO  ChordProtocols:179 - Finger 12 peker n책 til: process1
2025-05-02 21:40:30 INFO  ChordProtocols:173 - Beregner fingerID for finger 13: 15618062003214643351512781541041399804
id: 15618062003214643351512781541041399804
lower: 15618062003214643351512781541041391612
upper: 53937554629190552131995290006614509577
Result (no wrap): true
2025-05-02 21:40:30 INFO  ChordProtocols:179 - Finger 13 peker n책 til: process1
2025-05-02 21:40:30 INFO  ChordProtocols:173 - Beregner fingerID for finger 14: 15618062003214643351512781541041407996
id: 15618062003214643351512781541041407996
lower: 15618062003214643351512781541041391612
upper: 53937554629190552131995290006614509577
Result (no wrap): true
2025-05-02 21:40:30 INFO  ChordProtocols:179 - Finger 14 peker n책 til: process1
2025-05-02 21:40:30 INFO  ChordProtocols:173 - Beregner fingerID for finger 15: 15618062003214643351512781541041424380
id: 15618062003214643351512781541041424380
lower: 15618062003214643351512781541041391612
upper: 53937554629190552131995290006614509577
Result (no wrap): true
2025-05-02 21:40:30 INFO  ChordProtocols:179 - Finger 15 peker n책 til: process1
2025-05-02 21:40:30 INFO  ChordProtocols:173 - Beregner fingerID for finger 16: 15618062003214643351512781541041457148
id: 15618062003214643351512781541041457148
lower: 15618062003214643351512781541041391612
upper: 53937554629190552131995290006614509577
Result (no wrap): true
2025-05-02 21:40:30 INFO  ChordProtocols:179 - Finger 16 peker n책 til: process1
2025-05-02 21:40:30 INFO  ChordProtocols:173 - Beregner fingerID for finger 17: 15618062003214643351512781541041522684
id: 15618062003214643351512781541041522684
lower: 15618062003214643351512781541041391612
upper: 53937554629190552131995290006614509577
Result (no wrap): true
2025-05-02 21:40:30 INFO  ChordProtocols:179 - Finger 17 peker n책 til: process1
2025-05-02 21:40:30 INFO  ChordProtocols:173 - Beregner fingerID for finger 18: 15618062003214643351512781541041653756
id: 15618062003214643351512781541041653756
lower: 15618062003214643351512781541041391612
upper: 53937554629190552131995290006614509577
Result (no wrap): true
2025-05-02 21:40:30 INFO  ChordProtocols:179 - Finger 18 peker n책 til: process1
2025-05-02 21:40:30 INFO  ChordProtocols:173 - Beregner fingerID for finger 19: 15618062003214643351512781541041915900
id: 15618062003214643351512781541041915900
lower: 15618062003214643351512781541041391612
upper: 53937554629190552131995290006614509577
Result (no wrap): true
2025-05-02 21:40:30 INFO  ChordProtocols:179 - Finger 19 peker n책 til: process1
2025-05-02 21:40:30 INFO  ChordProtocols:173 - Beregner fingerID for finger 20: 15618062003214643351512781541042440188
id: 15618062003214643351512781541042440188
lower: 15618062003214643351512781541041391612
upper: 53937554629190552131995290006614509577
Result (no wrap): true
2025-05-02 21:40:30 INFO  ChordProtocols:179 - Finger 20 peker n책 til: process1
2025-05-02 21:40:30 INFO  ChordProtocols:173 - Beregner fingerID for finger 21: 15618062003214643351512781541043488764
id: 15618062003214643351512781541043488764
lower: 15618062003214643351512781541041391612
upper: 53937554629190552131995290006614509577
Result (no wrap): true
2025-05-02 21:40:30 INFO  ChordProtocols:179 - Finger 21 peker n책 til: process1
2025-05-02 21:40:30 INFO  ChordProtocols:173 - Beregner fingerID for finger 22: 15618062003214643351512781541045585916
id: 15618062003214643351512781541045585916
lower: 15618062003214643351512781541041391612
upper: 53937554629190552131995290006614509577
Result (no wrap): true
2025-05-02 21:40:30 INFO  ChordProtocols:179 - Finger 22 peker n책 til: process1
2025-05-02 21:40:30 INFO  ChordProtocols:173 - Beregner fingerID for finger 23: 15618062003214643351512781541049780220
id: 15618062003214643351512781541049780220
lower: 15618062003214643351512781541041391612
upper: 53937554629190552131995290006614509577
Result (no wrap): true
2025-05-02 21:40:30 INFO  ChordProtocols:179 - Finger 23 peker n책 til: process1
2025-05-02 21:40:30 INFO  ChordProtocols:173 - Beregner fingerID for finger 24: 15618062003214643351512781541058168828
id: 15618062003214643351512781541058168828
lower: 15618062003214643351512781541041391612
upper: 53937554629190552131995290006614509577
Result (no wrap): true
2025-05-02 21:40:30 INFO  ChordProtocols:179 - Finger 24 peker n책 til: process1
2025-05-02 21:40:30 INFO  ChordProtocols:173 - Beregner fingerID for finger 25: 15618062003214643351512781541074946044
id: 15618062003214643351512781541074946044
lower: 15618062003214643351512781541041391612
upper: 53937554629190552131995290006614509577
Result (no wrap): true
2025-05-02 21:40:30 INFO  ChordProtocols:179 - Finger 25 peker n책 til: process1
2025-05-02 21:40:30 INFO  ChordProtocols:173 - Beregner fingerID for finger 26: 15618062003214643351512781541108500476
id: 15618062003214643351512781541108500476
lower: 15618062003214643351512781541041391612
upper: 53937554629190552131995290006614509577
Result (no wrap): true
2025-05-02 21:40:30 INFO  ChordProtocols:179 - Finger 26 peker n책 til: process1
2025-05-02 21:40:30 INFO  ChordProtocols:173 - Beregner fingerID for finger 27: 15618062003214643351512781541175609340
id: 15618062003214643351512781541175609340
lower: 15618062003214643351512781541041391612
upper: 53937554629190552131995290006614509577
Result (no wrap): true
2025-05-02 21:40:30 INFO  ChordProtocols:179 - Finger 27 peker n책 til: process1
2025-05-02 21:40:30 INFO  ChordProtocols:173 - Beregner fingerID for finger 28: 15618062003214643351512781541309827068
id: 15618062003214643351512781541309827068
lower: 15618062003214643351512781541041391612
upper: 53937554629190552131995290006614509577
Result (no wrap): true
2025-05-02 21:40:30 INFO  ChordProtocols:179 - Finger 28 peker n책 til: process1
2025-05-02 21:40:30 INFO  ChordProtocols:173 - Beregner fingerID for finger 29: 15618062003214643351512781541578262524
id: 15618062003214643351512781541578262524
lower: 15618062003214643351512781541041391612
upper: 53937554629190552131995290006614509577
Result (no wrap): true
2025-05-02 21:40:30 INFO  ChordProtocols:179 - Finger 29 peker n책 til: process1
2025-05-02 21:40:30 INFO  ChordProtocols:173 - Beregner fingerID for finger 30: 15618062003214643351512781542115133436
id: 15618062003214643351512781542115133436
lower: 15618062003214643351512781541041391612
upper: 53937554629190552131995290006614509577
Result (no wrap): true
2025-05-02 21:40:30 INFO  ChordProtocols:179 - Finger 30 peker n책 til: process1
2025-05-02 21:40:30 INFO  ChordProtocols:173 - Beregner fingerID for finger 31: 15618062003214643351512781543188875260
id: 15618062003214643351512781543188875260
lower: 15618062003214643351512781541041391612
upper: 53937554629190552131995290006614509577
Result (no wrap): true
2025-05-02 21:40:30 INFO  ChordProtocols:179 - Finger 31 peker n책 til: process1
2025-05-02 21:40:30 INFO  ChordProtocols:173 - Beregner fingerID for finger 32: 15618062003214643351512781545336358908
id: 15618062003214643351512781545336358908
lower: 15618062003214643351512781541041391612
upper: 53937554629190552131995290006614509577
Result (no wrap): true
2025-05-02 21:40:30 INFO  ChordProtocols:179 - Finger 32 peker n책 til: process1
2025-05-02 21:40:30 INFO  ChordProtocols:173 - Beregner fingerID for finger 33: 15618062003214643351512781549631326204
id: 15618062003214643351512781549631326204
lower: 15618062003214643351512781541041391612
upper: 53937554629190552131995290006614509577
Result (no wrap): true
2025-05-02 21:40:30 INFO  ChordProtocols:179 - Finger 33 peker n책 til: process1
2025-05-02 21:40:30 INFO  ChordProtocols:173 - Beregner fingerID for finger 34: 15618062003214643351512781558221260796
id: 15618062003214643351512781558221260796
lower: 15618062003214643351512781541041391612
upper: 53937554629190552131995290006614509577
Result (no wrap): true
2025-05-02 21:40:30 INFO  ChordProtocols:179 - Finger 34 peker n책 til: process1
2025-05-02 21:40:30 INFO  ChordProtocols:173 - Beregner fingerID for finger 35: 15618062003214643351512781575401129980
id: 15618062003214643351512781575401129980
lower: 15618062003214643351512781541041391612
upper: 53937554629190552131995290006614509577
Result (no wrap): true
2025-05-02 21:40:30 INFO  ChordProtocols:179 - Finger 35 peker n책 til: process1
2025-05-02 21:40:30 INFO  ChordProtocols:173 - Beregner fingerID for finger 36: 15618062003214643351512781609760868348
id: 15618062003214643351512781609760868348
lower: 15618062003214643351512781541041391612
upper: 53937554629190552131995290006614509577
Result (no wrap): true
2025-05-02 21:40:30 INFO  ChordProtocols:179 - Finger 36 peker n책 til: process1
2025-05-02 21:40:30 INFO  ChordProtocols:173 - Beregner fingerID for finger 37: 15618062003214643351512781678480345084
id: 15618062003214643351512781678480345084
lower: 15618062003214643351512781541041391612
upper: 53937554629190552131995290006614509577
Result (no wrap): true
2025-05-02 21:40:30 INFO  ChordProtocols:179 - Finger 37 peker n책 til: process1
2025-05-02 21:40:30 INFO  ChordProtocols:173 - Beregner fingerID for finger 38: 15618062003214643351512781815919298556
id: 15618062003214643351512781815919298556
lower: 15618062003214643351512781541041391612
upper: 53937554629190552131995290006614509577
Result (no wrap): true
2025-05-02 21:40:30 INFO  ChordProtocols:179 - Finger 38 peker n책 til: process1
2025-05-02 21:40:30 INFO  ChordProtocols:173 - Beregner fingerID for finger 39: 15618062003214643351512782090797205500
id: 15618062003214643351512782090797205500
lower: 15618062003214643351512781541041391612
upper: 53937554629190552131995290006614509577
Result (no wrap): true
2025-05-02 21:40:30 INFO  ChordProtocols:179 - Finger 39 peker n책 til: process1
2025-05-02 21:40:30 INFO  ChordProtocols:173 - Beregner fingerID for finger 40: 15618062003214643351512782640553019388
id: 15618062003214643351512782640553019388
lower: 15618062003214643351512781541041391612
upper: 53937554629190552131995290006614509577
Result (no wrap): true
2025-05-02 21:40:30 INFO  ChordProtocols:179 - Finger 40 peker n책 til: process1
2025-05-02 21:40:30 INFO  ChordProtocols:173 - Beregner fingerID for finger 41: 15618062003214643351512783740064647164
id: 15618062003214643351512783740064647164
lower: 15618062003214643351512781541041391612
upper: 53937554629190552131995290006614509577
Result (no wrap): true
2025-05-02 21:40:30 INFO  ChordProtocols:179 - Finger 41 peker n책 til: process1
2025-05-02 21:40:30 INFO  ChordProtocols:173 - Beregner fingerID for finger 42: 15618062003214643351512785939087902716
id: 15618062003214643351512785939087902716
lower: 15618062003214643351512781541041391612
upper: 53937554629190552131995290006614509577
Result (no wrap): true
2025-05-02 21:40:30 INFO  ChordProtocols:179 - Finger 42 peker n책 til: process1
2025-05-02 21:40:30 INFO  ChordProtocols:173 - Beregner fingerID for finger 43: 15618062003214643351512790337134413820
id: 15618062003214643351512790337134413820
lower: 15618062003214643351512781541041391612
upper: 53937554629190552131995290006614509577
Result (no wrap): true
2025-05-02 21:40:30 INFO  ChordProtocols:179 - Finger 43 peker n책 til: process1
2025-05-02 21:40:30 INFO  ChordProtocols:173 - Beregner fingerID for finger 44: 15618062003214643351512799133227436028
id: 15618062003214643351512799133227436028
lower: 15618062003214643351512781541041391612
upper: 53937554629190552131995290006614509577
Result (no wrap): true
2025-05-02 21:40:30 INFO  ChordProtocols:179 - Finger 44 peker n책 til: process1
2025-05-02 21:40:30 INFO  ChordProtocols:173 - Beregner fingerID for finger 45: 15618062003214643351512816725413480444
id: 15618062003214643351512816725413480444
lower: 15618062003214643351512781541041391612
upper: 53937554629190552131995290006614509577
Result (no wrap): true
2025-05-02 21:40:30 INFO  ChordProtocols:179 - Finger 45 peker n책 til: process1
2025-05-02 21:40:30 INFO  ChordProtocols:173 - Beregner fingerID for finger 46: 15618062003214643351512851909785569276
id: 15618062003214643351512851909785569276
lower: 15618062003214643351512781541041391612
upper: 53937554629190552131995290006614509577
Result (no wrap): true
2025-05-02 21:40:30 INFO  ChordProtocols:179 - Finger 46 peker n책 til: process1
2025-05-02 21:40:30 INFO  ChordProtocols:173 - Beregner fingerID for finger 47: 15618062003214643351512922278529746940
id: 15618062003214643351512922278529746940
lower: 15618062003214643351512781541041391612
upper: 53937554629190552131995290006614509577
Result (no wrap): true
2025-05-02 21:40:30 INFO  ChordProtocols:179 - Finger 47 peker n책 til: process1
2025-05-02 21:40:30 INFO  ChordProtocols:173 - Beregner fingerID for finger 48: 15618062003214643351513063016018102268
id: 15618062003214643351513063016018102268
lower: 15618062003214643351512781541041391612
upper: 53937554629190552131995290006614509577
Result (no wrap): true
2025-05-02 21:40:30 INFO  ChordProtocols:179 - Finger 48 peker n책 til: process1
2025-05-02 21:40:30 INFO  ChordProtocols:173 - Beregner fingerID for finger 49: 15618062003214643351513344490994812924
id: 15618062003214643351513344490994812924
lower: 15618062003214643351512781541041391612
upper: 53937554629190552131995290006614509577
Result (no wrap): true
2025-05-02 21:40:30 INFO  ChordProtocols:179 - Finger 49 peker n책 til: process1
2025-05-02 21:40:30 INFO  ChordProtocols:173 - Beregner fingerID for finger 50: 15618062003214643351513907440948234236
id: 15618062003214643351513907440948234236
lower: 15618062003214643351512781541041391612
upper: 53937554629190552131995290006614509577
Result (no wrap): true
2025-05-02 21:40:30 INFO  ChordProtocols:179 - Finger 50 peker n책 til: process1
2025-05-02 21:40:30 INFO  ChordProtocols:173 - Beregner fingerID for finger 51: 15618062003214643351515033340855076860
id: 15618062003214643351515033340855076860
lower: 15618062003214643351512781541041391612
upper: 53937554629190552131995290006614509577
Result (no wrap): true
2025-05-02 21:40:30 INFO  ChordProtocols:179 - Finger 51 peker n책 til: process1
2025-05-02 21:40:30 INFO  ChordProtocols:173 - Beregner fingerID for finger 52: 15618062003214643351517285140668762108
id: 15618062003214643351517285140668762108
lower: 15618062003214643351512781541041391612
upper: 53937554629190552131995290006614509577
Result (no wrap): true
2025-05-02 21:40:30 INFO  ChordProtocols:179 - Finger 52 peker n책 til: process1
2025-05-02 21:40:30 INFO  ChordProtocols:173 - Beregner fingerID for finger 53: 15618062003214643351521788740296132604
id: 15618062003214643351521788740296132604
lower: 15618062003214643351512781541041391612
upper: 53937554629190552131995290006614509577
Result (no wrap): true
2025-05-02 21:40:30 INFO  ChordProtocols:179 - Finger 53 peker n책 til: process1
2025-05-02 21:40:30 INFO  ChordProtocols:173 - Beregner fingerID for finger 54: 15618062003214643351530795939550873596
id: 15618062003214643351530795939550873596
lower: 15618062003214643351512781541041391612
upper: 53937554629190552131995290006614509577
Result (no wrap): true
2025-05-02 21:40:30 INFO  ChordProtocols:179 - Finger 54 peker n책 til: process1
2025-05-02 21:40:30 INFO  ChordProtocols:173 - Beregner fingerID for finger 55: 15618062003214643351548810338060355580
id: 15618062003214643351548810338060355580
lower: 15618062003214643351512781541041391612
upper: 53937554629190552131995290006614509577
Result (no wrap): true
2025-05-02 21:40:30 INFO  ChordProtocols:179 - Finger 55 peker n책 til: process1
2025-05-02 21:40:30 INFO  ChordProtocols:173 - Beregner fingerID for finger 56: 15618062003214643351584839135079319548
id: 15618062003214643351584839135079319548
lower: 15618062003214643351512781541041391612
upper: 53937554629190552131995290006614509577
Result (no wrap): true
2025-05-02 21:40:30 INFO  ChordProtocols:179 - Finger 56 peker n책 til: process1
2025-05-02 21:40:30 INFO  ChordProtocols:173 - Beregner fingerID for finger 57: 15618062003214643351656896729117247484
id: 15618062003214643351656896729117247484
lower: 15618062003214643351512781541041391612
upper: 53937554629190552131995290006614509577
Result (no wrap): true
2025-05-02 21:40:30 INFO  ChordProtocols:179 - Finger 57 peker n책 til: process1
2025-05-02 21:40:30 INFO  ChordProtocols:173 - Beregner fingerID for finger 58: 15618062003214643351801011917193103356
id: 15618062003214643351801011917193103356
lower: 15618062003214643351512781541041391612
upper: 53937554629190552131995290006614509577
Result (no wrap): true
2025-05-02 21:40:30 INFO  ChordProtocols:179 - Finger 58 peker n책 til: process1
2025-05-02 21:40:30 INFO  ChordProtocols:173 - Beregner fingerID for finger 59: 15618062003214643352089242293344815100
id: 15618062003214643352089242293344815100
lower: 15618062003214643351512781541041391612
upper: 53937554629190552131995290006614509577
Result (no wrap): true
2025-05-02 21:40:30 INFO  ChordProtocols:179 - Finger 59 peker n책 til: process1
2025-05-02 21:40:30 INFO  ChordProtocols:173 - Beregner fingerID for finger 60: 15618062003214643352665703045648238588
id: 15618062003214643352665703045648238588
lower: 15618062003214643351512781541041391612
upper: 53937554629190552131995290006614509577
Result (no wrap): true
2025-05-02 21:40:30 INFO  ChordProtocols:179 - Finger 60 peker n책 til: process1
2025-05-02 21:40:30 INFO  ChordProtocols:173 - Beregner fingerID for finger 61: 15618062003214643353818624550255085564
id: 15618062003214643353818624550255085564
lower: 15618062003214643351512781541041391612
upper: 53937554629190552131995290006614509577
Result (no wrap): true
2025-05-02 21:40:30 INFO  ChordProtocols:179 - Finger 61 peker n책 til: process1
2025-05-02 21:40:30 INFO  ChordProtocols:173 - Beregner fingerID for finger 62: 15618062003214643356124467559468779516
id: 15618062003214643356124467559468779516
lower: 15618062003214643351512781541041391612
upper: 53937554629190552131995290006614509577
Result (no wrap): true
2025-05-02 21:40:30 INFO  ChordProtocols:179 - Finger 62 peker n책 til: process1
2025-05-02 21:40:30 INFO  ChordProtocols:173 - Beregner fingerID for finger 63: 15618062003214643360736153577896167420
id: 15618062003214643360736153577896167420
lower: 15618062003214643351512781541041391612
upper: 53937554629190552131995290006614509577
Result (no wrap): true
2025-05-02 21:40:30 INFO  ChordProtocols:179 - Finger 63 peker n책 til: process1
2025-05-02 21:40:30 INFO  ChordProtocols:173 - Beregner fingerID for finger 64: 15618062003214643369959525614750943228
id: 15618062003214643369959525614750943228
lower: 15618062003214643351512781541041391612
upper: 53937554629190552131995290006614509577
Result (no wrap): true
2025-05-02 21:40:30 INFO  ChordProtocols:179 - Finger 64 peker n책 til: process1
2025-05-02 21:40:30 INFO  ChordProtocols:173 - Beregner fingerID for finger 65: 15618062003214643388406269688460494844
id: 15618062003214643388406269688460494844
lower: 15618062003214643351512781541041391612
upper: 53937554629190552131995290006614509577
Result (no wrap): true
2025-05-02 21:40:30 INFO  ChordProtocols:179 - Finger 65 peker n책 til: process1
2025-05-02 21:40:30 INFO  ChordProtocols:173 - Beregner fingerID for finger 66: 15618062003214643425299757835879598076
id: 15618062003214643425299757835879598076
lower: 15618062003214643351512781541041391612
upper: 53937554629190552131995290006614509577
Result (no wrap): true
2025-05-02 21:40:30 INFO  ChordProtocols:179 - Finger 66 peker n책 til: process1
2025-05-02 21:40:30 INFO  ChordProtocols:173 - Beregner fingerID for finger 67: 15618062003214643499086734130717804540
id: 15618062003214643499086734130717804540
lower: 15618062003214643351512781541041391612
upper: 53937554629190552131995290006614509577
Result (no wrap): true
2025-05-02 21:40:30 INFO  ChordProtocols:179 - Finger 67 peker n책 til: process1
2025-05-02 21:40:30 INFO  ChordProtocols:173 - Beregner fingerID for finger 68: 15618062003214643646660686720394217468
id: 15618062003214643646660686720394217468
lower: 15618062003214643351512781541041391612
upper: 53937554629190552131995290006614509577
Result (no wrap): true
2025-05-02 21:40:30 INFO  ChordProtocols:179 - Finger 68 peker n책 til: process1
2025-05-02 21:40:30 INFO  ChordProtocols:173 - Beregner fingerID for finger 69: 15618062003214643941808591899747043324
id: 15618062003214643941808591899747043324
lower: 15618062003214643351512781541041391612
upper: 53937554629190552131995290006614509577
Result (no wrap): true
2025-05-02 21:40:30 INFO  ChordProtocols:179 - Finger 69 peker n책 til: process1
2025-05-02 21:40:30 INFO  ChordProtocols:173 - Beregner fingerID for finger 70: 15618062003214644532104402258452695036
id: 15618062003214644532104402258452695036
lower: 15618062003214643351512781541041391612
upper: 53937554629190552131995290006614509577
Result (no wrap): true
2025-05-02 21:40:30 INFO  ChordProtocols:179 - Finger 70 peker n책 til: process1
2025-05-02 21:40:30 INFO  ChordProtocols:173 - Beregner fingerID for finger 71: 15618062003214645712696022975863998460
id: 15618062003214645712696022975863998460
lower: 15618062003214643351512781541041391612
upper: 53937554629190552131995290006614509577
Result (no wrap): true
2025-05-02 21:40:30 INFO  ChordProtocols:179 - Finger 71 peker n책 til: process1
2025-05-02 21:40:30 INFO  ChordProtocols:173 - Beregner fingerID for finger 72: 15618062003214648073879264410686605308
id: 15618062003214648073879264410686605308
lower: 15618062003214643351512781541041391612
upper: 53937554629190552131995290006614509577
Result (no wrap): true
2025-05-02 21:40:30 INFO  ChordProtocols:179 - Finger 72 peker n책 til: process1
2025-05-02 21:40:30 INFO  ChordProtocols:173 - Beregner fingerID for finger 73: 15618062003214652796245747280331819004
id: 15618062003214652796245747280331819004
lower: 15618062003214643351512781541041391612
upper: 53937554629190552131995290006614509577
Result (no wrap): true
2025-05-02 21:40:30 INFO  ChordProtocols:179 - Finger 73 peker n책 til: process1
2025-05-02 21:40:30 INFO  ChordProtocols:173 - Beregner fingerID for finger 74: 15618062003214662240978713019622246396
id: 15618062003214662240978713019622246396
lower: 15618062003214643351512781541041391612
upper: 53937554629190552131995290006614509577
Result (no wrap): true
2025-05-02 21:40:30 INFO  ChordProtocols:179 - Finger 74 peker n책 til: process1
2025-05-02 21:40:30 INFO  ChordProtocols:173 - Beregner fingerID for finger 75: 15618062003214681130444644498203101180
id: 15618062003214681130444644498203101180
lower: 15618062003214643351512781541041391612
upper: 53937554629190552131995290006614509577
Result (no wrap): true
2025-05-02 21:40:30 INFO  ChordProtocols:179 - Finger 75 peker n책 til: process1
2025-05-02 21:40:30 INFO  ChordProtocols:173 - Beregner fingerID for finger 76: 15618062003214718909376507455364810748
id: 15618062003214718909376507455364810748
lower: 15618062003214643351512781541041391612
upper: 53937554629190552131995290006614509577
Result (no wrap): true
2025-05-02 21:40:30 INFO  ChordProtocols:179 - Finger 76 peker n책 til: process1
2025-05-02 21:40:30 INFO  ChordProtocols:173 - Beregner fingerID for finger 77: 15618062003214794467240233369688229884
id: 15618062003214794467240233369688229884
lower: 15618062003214643351512781541041391612
upper: 53937554629190552131995290006614509577
Result (no wrap): true
2025-05-02 21:40:30 INFO  ChordProtocols:179 - Finger 77 peker n책 til: process1
2025-05-02 21:40:30 INFO  ChordProtocols:173 - Beregner fingerID for finger 78: 15618062003214945582967685198335068156
id: 15618062003214945582967685198335068156
lower: 15618062003214643351512781541041391612
upper: 53937554629190552131995290006614509577
Result (no wrap): true
2025-05-02 21:40:30 INFO  ChordProtocols:179 - Finger 78 peker n책 til: process1
2025-05-02 21:40:30 INFO  ChordProtocols:173 - Beregner fingerID for finger 79: 15618062003215247814422588855628744700
id: 15618062003215247814422588855628744700
lower: 15618062003214643351512781541041391612
upper: 53937554629190552131995290006614509577
Result (no wrap): true
2025-05-02 21:40:30 INFO  ChordProtocols:179 - Finger 79 peker n책 til: process1
2025-05-02 21:40:30 INFO  ChordProtocols:173 - Beregner fingerID for finger 80: 15618062003215852277332396170216097788
id: 15618062003215852277332396170216097788
lower: 15618062003214643351512781541041391612
upper: 53937554629190552131995290006614509577
Result (no wrap): true
2025-05-02 21:40:30 INFO  ChordProtocols:179 - Finger 80 peker n책 til: process1
2025-05-02 21:40:30 INFO  ChordProtocols:173 - Beregner fingerID for finger 81: 15618062003217061203152010799390803964
id: 15618062003217061203152010799390803964
lower: 15618062003214643351512781541041391612
upper: 53937554629190552131995290006614509577
Result (no wrap): true
2025-05-02 21:40:30 INFO  ChordProtocols:179 - Finger 81 peker n책 til: process1
2025-05-02 21:40:30 INFO  ChordProtocols:173 - Beregner fingerID for finger 82: 15618062003219479054791240057740216316
id: 15618062003219479054791240057740216316
lower: 15618062003214643351512781541041391612
upper: 53937554629190552131995290006614509577
Result (no wrap): true
2025-05-02 21:40:30 INFO  ChordProtocols:179 - Finger 82 peker n책 til: process1
2025-05-02 21:40:30 INFO  ChordProtocols:173 - Beregner fingerID for finger 83: 15618062003224314758069698574439041020
id: 15618062003224314758069698574439041020
lower: 15618062003214643351512781541041391612
upper: 53937554629190552131995290006614509577
Result (no wrap): true
2025-05-02 21:40:30 INFO  ChordProtocols:179 - Finger 83 peker n책 til: process1
2025-05-02 21:40:30 INFO  ChordProtocols:173 - Beregner fingerID for finger 84: 15618062003233986164626615607836690428
id: 15618062003233986164626615607836690428
lower: 15618062003214643351512781541041391612
upper: 53937554629190552131995290006614509577
Result (no wrap): true
2025-05-02 21:40:30 INFO  ChordProtocols:179 - Finger 84 peker n책 til: process1
2025-05-02 21:40:30 INFO  ChordProtocols:173 - Beregner fingerID for finger 85: 15618062003253328977740449674631989244
id: 15618062003253328977740449674631989244
lower: 15618062003214643351512781541041391612
upper: 53937554629190552131995290006614509577
Result (no wrap): true
2025-05-02 21:40:30 INFO  ChordProtocols:179 - Finger 85 peker n책 til: process1
2025-05-02 21:40:30 INFO  ChordProtocols:173 - Beregner fingerID for finger 86: 15618062003292014603968117808222586876
id: 15618062003292014603968117808222586876
lower: 15618062003214643351512781541041391612
upper: 53937554629190552131995290006614509577
Result (no wrap): true
2025-05-02 21:40:30 INFO  ChordProtocols:179 - Finger 86 peker n책 til: process1
2025-05-02 21:40:30 INFO  ChordProtocols:173 - Beregner fingerID for finger 87: 15618062003369385856423454075403782140
id: 15618062003369385856423454075403782140
lower: 15618062003214643351512781541041391612
upper: 53937554629190552131995290006614509577
Result (no wrap): true
2025-05-02 21:40:30 INFO  ChordProtocols:179 - Finger 87 peker n책 til: process1
2025-05-02 21:40:30 INFO  ChordProtocols:173 - Beregner fingerID for finger 88: 15618062003524128361334126609766172668
id: 15618062003524128361334126609766172668
lower: 15618062003214643351512781541041391612
upper: 53937554629190552131995290006614509577
Result (no wrap): true
2025-05-02 21:40:30 INFO  ChordProtocols:179 - Finger 88 peker n책 til: process1
2025-05-02 21:40:30 INFO  ChordProtocols:173 - Beregner fingerID for finger 89: 15618062003833613371155471678490953724
id: 15618062003833613371155471678490953724
lower: 15618062003214643351512781541041391612
upper: 53937554629190552131995290006614509577
Result (no wrap): true
2025-05-02 21:40:30 INFO  ChordProtocols:179 - Finger 89 peker n책 til: process1
2025-05-02 21:40:30 INFO  ChordProtocols:173 - Beregner fingerID for finger 90: 15618062004452583390798161815940515836
id: 15618062004452583390798161815940515836
lower: 15618062003214643351512781541041391612
upper: 53937554629190552131995290006614509577
Result (no wrap): true
2025-05-02 21:40:30 INFO  ChordProtocols:179 - Finger 90 peker n책 til: process1
2025-05-02 21:40:30 INFO  ChordProtocols:173 - Beregner fingerID for finger 91: 15618062005690523430083542090839640060
id: 15618062005690523430083542090839640060
lower: 15618062003214643351512781541041391612
upper: 53937554629190552131995290006614509577
Result (no wrap): true
2025-05-02 21:40:30 INFO  ChordProtocols:179 - Finger 91 peker n책 til: process1
2025-05-02 21:40:30 INFO  ChordProtocols:173 - Beregner fingerID for finger 92: 15618062008166403508654302640637888508
id: 15618062008166403508654302640637888508
lower: 15618062003214643351512781541041391612
upper: 53937554629190552131995290006614509577
Result (no wrap): true
2025-05-02 21:40:30 INFO  ChordProtocols:179 - Finger 92 peker n책 til: process1
2025-05-02 21:40:30 INFO  ChordProtocols:173 - Beregner fingerID for finger 93: 15618062013118163665795823740234385404
id: 15618062013118163665795823740234385404
lower: 15618062003214643351512781541041391612
upper: 53937554629190552131995290006614509577
Result (no wrap): true
2025-05-02 21:40:30 INFO  ChordProtocols:179 - Finger 93 peker n책 til: process1
2025-05-02 21:40:30 INFO  ChordProtocols:173 - Beregner fingerID for finger 94: 15618062023021683980078865939427379196
id: 15618062023021683980078865939427379196
lower: 15618062003214643351512781541041391612
upper: 53937554629190552131995290006614509577
Result (no wrap): true
2025-05-02 21:40:30 INFO  ChordProtocols:179 - Finger 94 peker n책 til: process1
2025-05-02 21:40:30 INFO  ChordProtocols:173 - Beregner fingerID for finger 95: 15618062042828724608644950337813366780
id: 15618062042828724608644950337813366780
lower: 15618062003214643351512781541041391612
upper: 53937554629190552131995290006614509577
Result (no wrap): true
2025-05-02 21:40:30 INFO  ChordProtocols:179 - Finger 95 peker n책 til: process1
2025-05-02 21:40:30 INFO  ChordProtocols:173 - Beregner fingerID for finger 96: 15618062082442805865777119134585341948
id: 15618062082442805865777119134585341948
lower: 15618062003214643351512781541041391612
upper: 53937554629190552131995290006614509577
Result (no wrap): true
2025-05-02 21:40:30 INFO  ChordProtocols:179 - Finger 96 peker n책 til: process1
2025-05-02 21:40:30 INFO  ChordProtocols:173 - Beregner fingerID for finger 97: 15618062161670968380041456728129292284
id: 15618062161670968380041456728129292284
lower: 15618062003214643351512781541041391612
upper: 53937554629190552131995290006614509577
Result (no wrap): true
2025-05-02 21:40:30 INFO  ChordProtocols:179 - Finger 97 peker n책 til: process1
2025-05-02 21:40:30 INFO  ChordProtocols:173 - Beregner fingerID for finger 98: 15618062320127293408570131915217192956
id: 15618062320127293408570131915217192956
lower: 15618062003214643351512781541041391612
upper: 53937554629190552131995290006614509577
Result (no wrap): true
2025-05-02 21:40:30 INFO  ChordProtocols:179 - Finger 98 peker n책 til: process1
2025-05-02 21:40:30 INFO  ChordProtocols:173 - Beregner fingerID for finger 99: 15618062637039943465627482289392994300
id: 15618062637039943465627482289392994300
lower: 15618062003214643351512781541041391612
upper: 53937554629190552131995290006614509577
Result (no wrap): true
2025-05-02 21:40:30 INFO  ChordProtocols:179 - Finger 99 peker n책 til: process1
2025-05-02 21:40:30 INFO  ChordProtocols:173 - Beregner fingerID for finger 100: 15618063270865243579742183037744596988
id: 15618063270865243579742183037744596988
lower: 15618062003214643351512781541041391612
upper: 53937554629190552131995290006614509577
Result (no wrap): true
2025-05-02 21:40:30 INFO  ChordProtocols:179 - Finger 100 peker n책 til: process1
2025-05-02 21:40:30 INFO  ChordProtocols:173 - Beregner fingerID for finger 101: 15618064538515843807971584534447802364
id: 15618064538515843807971584534447802364
lower: 15618062003214643351512781541041391612
upper: 53937554629190552131995290006614509577
Result (no wrap): true
2025-05-02 21:40:30 INFO  ChordProtocols:179 - Finger 101 peker n책 til: process1
2025-05-02 21:40:30 INFO  ChordProtocols:173 - Beregner fingerID for finger 102: 15618067073817044264430387527854213116
id: 15618067073817044264430387527854213116
lower: 15618062003214643351512781541041391612
upper: 53937554629190552131995290006614509577
Result (no wrap): true
2025-05-02 21:40:30 INFO  ChordProtocols:179 - Finger 102 peker n책 til: process1
2025-05-02 21:40:30 INFO  ChordProtocols:173 - Beregner fingerID for finger 103: 15618072144419445177347993514667034620
id: 15618072144419445177347993514667034620
lower: 15618062003214643351512781541041391612
upper: 53937554629190552131995290006614509577
Result (no wrap): true
2025-05-02 21:40:30 INFO  ChordProtocols:179 - Finger 103 peker n책 til: process1
2025-05-02 21:40:30 INFO  ChordProtocols:173 - Beregner fingerID for finger 104: 15618082285624247003183205488292677628
id: 15618082285624247003183205488292677628
lower: 15618062003214643351512781541041391612
upper: 53937554629190552131995290006614509577
Result (no wrap): true
2025-05-02 21:40:30 INFO  ChordProtocols:179 - Finger 104 peker n책 til: process1
2025-05-02 21:40:30 INFO  ChordProtocols:173 - Beregner fingerID for finger 105: 15618102568033850654853629435543963644
id: 15618102568033850654853629435543963644
lower: 15618062003214643351512781541041391612
upper: 53937554629190552131995290006614509577
Result (no wrap): true
2025-05-02 21:40:30 INFO  ChordProtocols:179 - Finger 105 peker n책 til: process1
2025-05-02 21:40:30 INFO  ChordProtocols:173 - Beregner fingerID for finger 106: 15618143132853057958194477330046535676
id: 15618143132853057958194477330046535676
lower: 15618062003214643351512781541041391612
upper: 53937554629190552131995290006614509577
Result (no wrap): true
2025-05-02 21:40:30 INFO  ChordProtocols:179 - Finger 106 peker n책 til: process1
2025-05-02 21:40:30 INFO  ChordProtocols:173 - Beregner fingerID for finger 107: 15618224262491472564876173119051679740
id: 15618224262491472564876173119051679740
lower: 15618062003214643351512781541041391612
upper: 53937554629190552131995290006614509577
Result (no wrap): true
2025-05-02 21:40:30 INFO  ChordProtocols:179 - Finger 107 peker n책 til: process1
2025-05-02 21:40:30 INFO  ChordProtocols:173 - Beregner fingerID for finger 108: 15618386521768301778239564697061967868
id: 15618386521768301778239564697061967868
lower: 15618062003214643351512781541041391612
upper: 53937554629190552131995290006614509577
Result (no wrap): true
2025-05-02 21:40:30 INFO  ChordProtocols:179 - Finger 108 peker n책 til: process1
2025-05-02 21:40:30 INFO  ChordProtocols:173 - Beregner fingerID for finger 109: 15618711040321960204966347853082544124
id: 15618711040321960204966347853082544124
lower: 15618062003214643351512781541041391612
upper: 53937554629190552131995290006614509577
Result (no wrap): true
2025-05-02 21:40:30 INFO  ChordProtocols:179 - Finger 109 peker n책 til: process1
2025-05-02 21:40:30 INFO  ChordProtocols:173 - Beregner fingerID for finger 110: 15619360077429277058419914165123696636
id: 15619360077429277058419914165123696636
lower: 15618062003214643351512781541041391612
upper: 53937554629190552131995290006614509577
Result (no wrap): true
2025-05-02 21:40:30 INFO  ChordProtocols:179 - Finger 110 peker n책 til: process1
2025-05-02 21:40:30 INFO  ChordProtocols:173 - Beregner fingerID for finger 111: 15620658151643910765327046789206001660
id: 15620658151643910765327046789206001660
lower: 15618062003214643351512781541041391612
upper: 53937554629190552131995290006614509577
Result (no wrap): true
2025-05-02 21:40:30 INFO  ChordProtocols:179 - Finger 111 peker n책 til: process1
2025-05-02 21:40:30 INFO  ChordProtocols:173 - Beregner fingerID for finger 112: 15623254300073178179141312037370611708
id: 15623254300073178179141312037370611708
lower: 15618062003214643351512781541041391612
upper: 53937554629190552131995290006614509577
Result (no wrap): true
2025-05-02 21:40:30 INFO  ChordProtocols:179 - Finger 112 peker n책 til: process1
2025-05-02 21:40:30 INFO  ChordProtocols:173 - Beregner fingerID for finger 113: 15628446596931713006769842533699831804
id: 15628446596931713006769842533699831804
lower: 15618062003214643351512781541041391612
upper: 53937554629190552131995290006614509577
Result (no wrap): true
2025-05-02 21:40:30 INFO  ChordProtocols:179 - Finger 113 peker n책 til: process1
2025-05-02 21:40:30 INFO  ChordProtocols:173 - Beregner fingerID for finger 114: 15638831190648782662026903526358271996
id: 15638831190648782662026903526358271996
lower: 15618062003214643351512781541041391612
upper: 53937554629190552131995290006614509577
Result (no wrap): true
2025-05-02 21:40:30 INFO  ChordProtocols:179 - Finger 114 peker n책 til: process1
2025-05-02 21:40:30 INFO  ChordProtocols:173 - Beregner fingerID for finger 115: 15659600378082921972541025511675152380
id: 15659600378082921972541025511675152380
lower: 15618062003214643351512781541041391612
upper: 53937554629190552131995290006614509577
Result (no wrap): true
2025-05-02 21:40:30 INFO  ChordProtocols:179 - Finger 115 peker n책 til: process1
2025-05-02 21:40:30 INFO  ChordProtocols:173 - Beregner fingerID for finger 116: 15701138752951200593569269482308913148
id: 15701138752951200593569269482308913148
lower: 15618062003214643351512781541041391612
upper: 53937554629190552131995290006614509577
Result (no wrap): true
2025-05-02 21:40:30 INFO  ChordProtocols:179 - Finger 116 peker n책 til: process1
2025-05-02 21:40:30 INFO  ChordProtocols:173 - Beregner fingerID for finger 117: 15784215502687757835625757423576434684
id: 15784215502687757835625757423576434684
lower: 15618062003214643351512781541041391612
upper: 53937554629190552131995290006614509577
Result (no wrap): true
2025-05-02 21:40:30 INFO  ChordProtocols:179 - Finger 117 peker n책 til: process1
2025-05-02 21:40:30 INFO  ChordProtocols:173 - Beregner fingerID for finger 118: 15950369002160872319738733306111477756
id: 15950369002160872319738733306111477756
lower: 15618062003214643351512781541041391612
upper: 53937554629190552131995290006614509577
Result (no wrap): true
2025-05-02 21:40:30 INFO  ChordProtocols:179 - Finger 118 peker n책 til: process1
2025-05-02 21:40:30 INFO  ChordProtocols:173 - Beregner fingerID for finger 119: 16282676001107101287964685071181563900
id: 16282676001107101287964685071181563900
lower: 15618062003214643351512781541041391612
upper: 53937554629190552131995290006614509577
Result (no wrap): true
2025-05-02 21:40:30 INFO  ChordProtocols:179 - Finger 119 peker n책 til: process1
2025-05-02 21:40:30 INFO  ChordProtocols:173 - Beregner fingerID for finger 120: 16947289998999559224416588601321736188
id: 16947289998999559224416588601321736188
lower: 15618062003214643351512781541041391612
upper: 53937554629190552131995290006614509577
Result (no wrap): true
2025-05-02 21:40:30 INFO  ChordProtocols:179 - Finger 120 peker n책 til: process1
2025-05-02 21:40:30 INFO  ChordProtocols:173 - Beregner fingerID for finger 121: 18276517994784475097320395661602080764
id: 18276517994784475097320395661602080764
lower: 15618062003214643351512781541041391612
upper: 53937554629190552131995290006614509577
Result (no wrap): true
2025-05-02 21:40:30 INFO  ChordProtocols:179 - Finger 121 peker n책 til: process1
2025-05-02 21:40:30 INFO  ChordProtocols:173 - Beregner fingerID for finger 122: 20934973986354306843128009782162769916
id: 20934973986354306843128009782162769916
lower: 15618062003214643351512781541041391612
upper: 53937554629190552131995290006614509577
Result (no wrap): true
2025-05-02 21:40:30 INFO  ChordProtocols:179 - Finger 122 peker n책 til: process1
2025-05-02 21:40:30 INFO  ChordProtocols:173 - Beregner fingerID for finger 123: 26251885969493970334743238023284148220
id: 26251885969493970334743238023284148220
lower: 15618062003214643351512781541041391612
upper: 53937554629190552131995290006614509577
Result (no wrap): true
2025-05-02 21:40:30 INFO  ChordProtocols:179 - Finger 123 peker n책 til: process1
2025-05-02 21:40:30 INFO  ChordProtocols:173 - Beregner fingerID for finger 124: 36885709935773297317973694505526904828
id: 36885709935773297317973694505526904828
lower: 15618062003214643351512781541041391612
upper: 53937554629190552131995290006614509577
Result (no wrap): true
2025-05-02 21:40:30 INFO  ChordProtocols:179 - Finger 124 peker n책 til: process1
2025-05-02 21:40:30 INFO  ChordProtocols:173 - Beregner fingerID for finger 125: 58153357868331951284434607470012418044
id: 58153357868331951284434607470012418044
lower: 15618062003214643351512781541041391612
upper: 53937554629190552131995290006614509577
Result (no wrap): false
id: 53937554629190552131995290006614509577
lower: 15618062003214643351512781541041391612
upper: 58153357868331951284434607470012418044
Result (no wrap): true
id: 58153357868331951284434607470012418044
lower: 53937554629190552131995290006614509577
upper: 66910184482037901621933403444034052414
Result (no wrap): true
2025-05-02 21:40:30 INFO  ChordProtocols:179 - Finger 125 peker n책 til: process3
2025-05-02 21:40:30 INFO  ChordProtocols:173 - Beregner fingerID for finger 126: 100688653733449259217356433398983444476
id: 100688653733449259217356433398983444476
lower: 15618062003214643351512781541041391612
upper: 53937554629190552131995290006614509577
Result (no wrap): false
id: 66910184482037901621933403444034052414
lower: 15618062003214643351512781541041391612
upper: 100688653733449259217356433398983444476
Result (no wrap): true
id: 100688653733449259217356433398983444476
lower: 66910184482037901621933403444034052414
upper: 121411138451101288395601026024677976156
Result (no wrap): true
2025-05-02 21:40:30 INFO  ChordProtocols:179 - Finger 126 peker n책 til: process5
2025-05-02 21:40:30 INFO  ChordProtocols:173 - Beregner fingerID for finger 127: 185759245463683875083200085256925497340
id: 185759245463683875083200085256925497340
lower: 15618062003214643351512781541041391612
upper: 53937554629190552131995290006614509577
Result (no wrap): false
id: 121411138451101288395601026024677976156
lower: 15618062003214643351512781541041391612
upper: 185759245463683875083200085256925497340
Result (no wrap): true
id: 185759245463683875083200085256925497340
lower: 121411138451101288395601026024677976156
upper: 210821560651360572675896360671414673172
Result (no wrap): true
2025-05-02 21:40:30 INFO  ChordProtocols:179 - Finger 127 peker n책 til: process4
2025-05-02 21:40:30 INFO  StabilizationProtocols:60 - Checking the predecessor for Node: process2
==================================
Node Identifier = 15618062003214643351512781541041391612
Node IP address = process2
successor(process2) = process1
predecessor(process2) = process4
Current File keys for process2 => []
==================================
2025-05-02 21:40:31 INFO  StabilizationProtocols:130 - Updating the successor for Node: process3
id: 66910184482037901621933403444034052415
lower: 66910184482037901621933403444034052414
upper: 121411138451101288395601026024677976156
Result (no wrap): true
2025-05-02 21:40:31 INFO  StabilizationProtocols:84 - Stabilizing ring from process3...
2025-05-02 21:40:31 INFO  StabilizationProtocols:91 - Stabilize ring: succnode = process5
id: 66910184482037901621933403444034052414
lower: 66910184482037901621933403444034052415
upper: 121411138451101288395601026024677976157
Result (no wrap): false
2025-05-02 21:40:31 INFO  StabilizationProtocols:113 - Finished stabilizing chordring from process3
2025-05-02 21:40:31 INFO  ChordProtocols:159 - Oppdaterer FingerTable for Node: process3
2025-05-02 21:40:31 INFO  ChordProtocols:173 - Beregner fingerID for finger 0: 66910184482037901621933403444034052415
id: 66910184482037901621933403444034052415
lower: 66910184482037901621933403444034052414
upper: 121411138451101288395601026024677976156
Result (no wrap): true
2025-05-02 21:40:31 INFO  ChordProtocols:179 - Finger 0 peker n책 til: process5
2025-05-02 21:40:31 INFO  ChordProtocols:173 - Beregner fingerID for finger 1: 66910184482037901621933403444034052416
id: 66910184482037901621933403444034052416
lower: 66910184482037901621933403444034052414
upper: 121411138451101288395601026024677976156
Result (no wrap): true
2025-05-02 21:40:31 INFO  ChordProtocols:179 - Finger 1 peker n책 til: process5
2025-05-02 21:40:31 INFO  ChordProtocols:173 - Beregner fingerID for finger 2: 66910184482037901621933403444034052418
id: 66910184482037901621933403444034052418
lower: 66910184482037901621933403444034052414
upper: 121411138451101288395601026024677976156
Result (no wrap): true
2025-05-02 21:40:31 INFO  ChordProtocols:179 - Finger 2 peker n책 til: process5
2025-05-02 21:40:31 INFO  ChordProtocols:173 - Beregner fingerID for finger 3: 66910184482037901621933403444034052422
id: 66910184482037901621933403444034052422
lower: 66910184482037901621933403444034052414
upper: 121411138451101288395601026024677976156
Result (no wrap): true
2025-05-02 21:40:31 INFO  ChordProtocols:179 - Finger 3 peker n책 til: process5
2025-05-02 21:40:31 INFO  ChordProtocols:173 - Beregner fingerID for finger 4: 66910184482037901621933403444034052430
id: 66910184482037901621933403444034052430
lower: 66910184482037901621933403444034052414
upper: 121411138451101288395601026024677976156
Result (no wrap): true
2025-05-02 21:40:31 INFO  ChordProtocols:179 - Finger 4 peker n책 til: process5
2025-05-02 21:40:31 INFO  ChordProtocols:173 - Beregner fingerID for finger 5: 66910184482037901621933403444034052446
id: 66910184482037901621933403444034052446
lower: 66910184482037901621933403444034052414
upper: 121411138451101288395601026024677976156
Result (no wrap): true
2025-05-02 21:40:31 INFO  ChordProtocols:179 - Finger 5 peker n책 til: process5
2025-05-02 21:40:31 INFO  ChordProtocols:173 - Beregner fingerID for finger 6: 66910184482037901621933403444034052478
id: 66910184482037901621933403444034052478
lower: 66910184482037901621933403444034052414
upper: 121411138451101288395601026024677976156
Result (no wrap): true
2025-05-02 21:40:31 INFO  ChordProtocols:179 - Finger 6 peker n책 til: process5
2025-05-02 21:40:31 INFO  ChordProtocols:173 - Beregner fingerID for finger 7: 66910184482037901621933403444034052542
id: 66910184482037901621933403444034052542
lower: 66910184482037901621933403444034052414
upper: 121411138451101288395601026024677976156
Result (no wrap): true
2025-05-02 21:40:31 INFO  ChordProtocols:179 - Finger 7 peker n책 til: process5
2025-05-02 21:40:31 INFO  ChordProtocols:173 - Beregner fingerID for finger 8: 66910184482037901621933403444034052670
id: 66910184482037901621933403444034052670
lower: 66910184482037901621933403444034052414
upper: 121411138451101288395601026024677976156
Result (no wrap): true
2025-05-02 21:40:31 INFO  ChordProtocols:179 - Finger 8 peker n책 til: process5
2025-05-02 21:40:31 INFO  ChordProtocols:173 - Beregner fingerID for finger 9: 66910184482037901621933403444034052926
id: 66910184482037901621933403444034052926
lower: 66910184482037901621933403444034052414
upper: 121411138451101288395601026024677976156
Result (no wrap): true
2025-05-02 21:40:31 INFO  ChordProtocols:179 - Finger 9 peker n책 til: process5
2025-05-02 21:40:31 INFO  ChordProtocols:173 - Beregner fingerID for finger 10: 66910184482037901621933403444034053438
id: 66910184482037901621933403444034053438
lower: 66910184482037901621933403444034052414
upper: 121411138451101288395601026024677976156
Result (no wrap): true
2025-05-02 21:40:31 INFO  ChordProtocols:179 - Finger 10 peker n책 til: process5
2025-05-02 21:40:31 INFO  ChordProtocols:173 - Beregner fingerID for finger 11: 66910184482037901621933403444034054462
id: 66910184482037901621933403444034054462
lower: 66910184482037901621933403444034052414
upper: 121411138451101288395601026024677976156
Result (no wrap): true
2025-05-02 21:40:31 INFO  ChordProtocols:179 - Finger 11 peker n책 til: process5
2025-05-02 21:40:31 INFO  ChordProtocols:173 - Beregner fingerID for finger 12: 66910184482037901621933403444034056510
id: 66910184482037901621933403444034056510
lower: 66910184482037901621933403444034052414
upper: 121411138451101288395601026024677976156
Result (no wrap): true
2025-05-02 21:40:31 INFO  ChordProtocols:179 - Finger 12 peker n책 til: process5
2025-05-02 21:40:31 INFO  ChordProtocols:173 - Beregner fingerID for finger 13: 66910184482037901621933403444034060606
id: 66910184482037901621933403444034060606
lower: 66910184482037901621933403444034052414
upper: 121411138451101288395601026024677976156
Result (no wrap): true
2025-05-02 21:40:31 INFO  ChordProtocols:179 - Finger 13 peker n책 til: process5
2025-05-02 21:40:31 INFO  ChordProtocols:173 - Beregner fingerID for finger 14: 66910184482037901621933403444034068798
id: 66910184482037901621933403444034068798
lower: 66910184482037901621933403444034052414
upper: 121411138451101288395601026024677976156
Result (no wrap): true
2025-05-02 21:40:31 INFO  ChordProtocols:179 - Finger 14 peker n책 til: process5
2025-05-02 21:40:31 INFO  ChordProtocols:173 - Beregner fingerID for finger 15: 66910184482037901621933403444034085182
id: 66910184482037901621933403444034085182
lower: 66910184482037901621933403444034052414
upper: 121411138451101288395601026024677976156
Result (no wrap): true
2025-05-02 21:40:31 INFO  ChordProtocols:179 - Finger 15 peker n책 til: process5
2025-05-02 21:40:31 INFO  ChordProtocols:173 - Beregner fingerID for finger 16: 66910184482037901621933403444034117950
id: 66910184482037901621933403444034117950
lower: 66910184482037901621933403444034052414
upper: 121411138451101288395601026024677976156
Result (no wrap): true
2025-05-02 21:40:31 INFO  ChordProtocols:179 - Finger 16 peker n책 til: process5
2025-05-02 21:40:31 INFO  ChordProtocols:173 - Beregner fingerID for finger 17: 66910184482037901621933403444034183486
id: 66910184482037901621933403444034183486
lower: 66910184482037901621933403444034052414
upper: 121411138451101288395601026024677976156
Result (no wrap): true
2025-05-02 21:40:31 INFO  ChordProtocols:179 - Finger 17 peker n책 til: process5
2025-05-02 21:40:31 INFO  ChordProtocols:173 - Beregner fingerID for finger 18: 66910184482037901621933403444034314558
id: 66910184482037901621933403444034314558
lower: 66910184482037901621933403444034052414
upper: 121411138451101288395601026024677976156
Result (no wrap): true
2025-05-02 21:40:31 INFO  ChordProtocols:179 - Finger 18 peker n책 til: process5
2025-05-02 21:40:31 INFO  ChordProtocols:173 - Beregner fingerID for finger 19: 66910184482037901621933403444034576702
id: 66910184482037901621933403444034576702
lower: 66910184482037901621933403444034052414
upper: 121411138451101288395601026024677976156
Result (no wrap): true
2025-05-02 21:40:31 INFO  ChordProtocols:179 - Finger 19 peker n책 til: process5
2025-05-02 21:40:31 INFO  ChordProtocols:173 - Beregner fingerID for finger 20: 66910184482037901621933403444035100990
id: 66910184482037901621933403444035100990
lower: 66910184482037901621933403444034052414
upper: 121411138451101288395601026024677976156
Result (no wrap): true
2025-05-02 21:40:31 INFO  ChordProtocols:179 - Finger 20 peker n책 til: process5
2025-05-02 21:40:31 INFO  ChordProtocols:173 - Beregner fingerID for finger 21: 66910184482037901621933403444036149566
id: 66910184482037901621933403444036149566
lower: 66910184482037901621933403444034052414
upper: 121411138451101288395601026024677976156
Result (no wrap): true
2025-05-02 21:40:31 INFO  ChordProtocols:179 - Finger 21 peker n책 til: process5
2025-05-02 21:40:31 INFO  ChordProtocols:173 - Beregner fingerID for finger 22: 66910184482037901621933403444038246718
id: 66910184482037901621933403444038246718
lower: 66910184482037901621933403444034052414
upper: 121411138451101288395601026024677976156
Result (no wrap): true
2025-05-02 21:40:31 INFO  ChordProtocols:179 - Finger 22 peker n책 til: process5
2025-05-02 21:40:31 INFO  ChordProtocols:173 - Beregner fingerID for finger 23: 66910184482037901621933403444042441022
id: 66910184482037901621933403444042441022
lower: 66910184482037901621933403444034052414
upper: 121411138451101288395601026024677976156
Result (no wrap): true
2025-05-02 21:40:31 INFO  ChordProtocols:179 - Finger 23 peker n책 til: process5
2025-05-02 21:40:31 INFO  ChordProtocols:173 - Beregner fingerID for finger 24: 66910184482037901621933403444050829630
id: 66910184482037901621933403444050829630
lower: 66910184482037901621933403444034052414
upper: 121411138451101288395601026024677976156
Result (no wrap): true
2025-05-02 21:40:31 INFO  ChordProtocols:179 - Finger 24 peker n책 til: process5
2025-05-02 21:40:31 INFO  ChordProtocols:173 - Beregner fingerID for finger 25: 66910184482037901621933403444067606846
id: 66910184482037901621933403444067606846
lower: 66910184482037901621933403444034052414
upper: 121411138451101288395601026024677976156
Result (no wrap): true
2025-05-02 21:40:31 INFO  ChordProtocols:179 - Finger 25 peker n책 til: process5
2025-05-02 21:40:31 INFO  ChordProtocols:173 - Beregner fingerID for finger 26: 66910184482037901621933403444101161278
id: 66910184482037901621933403444101161278
lower: 66910184482037901621933403444034052414
upper: 121411138451101288395601026024677976156
Result (no wrap): true
2025-05-02 21:40:31 INFO  ChordProtocols:179 - Finger 26 peker n책 til: process5
2025-05-02 21:40:31 INFO  ChordProtocols:173 - Beregner fingerID for finger 27: 66910184482037901621933403444168270142
id: 66910184482037901621933403444168270142
lower: 66910184482037901621933403444034052414
upper: 121411138451101288395601026024677976156
Result (no wrap): true
2025-05-02 21:40:31 INFO  ChordProtocols:179 - Finger 27 peker n책 til: process5
2025-05-02 21:40:31 INFO  ChordProtocols:173 - Beregner fingerID for finger 28: 66910184482037901621933403444302487870
id: 66910184482037901621933403444302487870
lower: 66910184482037901621933403444034052414
upper: 121411138451101288395601026024677976156
Result (no wrap): true
2025-05-02 21:40:31 INFO  ChordProtocols:179 - Finger 28 peker n책 til: process5
2025-05-02 21:40:31 INFO  ChordProtocols:173 - Beregner fingerID for finger 29: 66910184482037901621933403444570923326
id: 66910184482037901621933403444570923326
lower: 66910184482037901621933403444034052414
upper: 121411138451101288395601026024677976156
Result (no wrap): true
2025-05-02 21:40:31 INFO  ChordProtocols:179 - Finger 29 peker n책 til: process5
2025-05-02 21:40:31 INFO  ChordProtocols:173 - Beregner fingerID for finger 30: 66910184482037901621933403445107794238
id: 66910184482037901621933403445107794238
lower: 66910184482037901621933403444034052414
upper: 121411138451101288395601026024677976156
Result (no wrap): true
2025-05-02 21:40:31 INFO  ChordProtocols:179 - Finger 30 peker n책 til: process5
2025-05-02 21:40:31 INFO  ChordProtocols:173 - Beregner fingerID for finger 31: 66910184482037901621933403446181536062
id: 66910184482037901621933403446181536062
lower: 66910184482037901621933403444034052414
upper: 121411138451101288395601026024677976156
Result (no wrap): true
2025-05-02 21:40:31 INFO  ChordProtocols:179 - Finger 31 peker n책 til: process5
2025-05-02 21:40:31 INFO  ChordProtocols:173 - Beregner fingerID for finger 32: 66910184482037901621933403448329019710
id: 66910184482037901621933403448329019710
lower: 66910184482037901621933403444034052414
upper: 121411138451101288395601026024677976156
Result (no wrap): true
2025-05-02 21:40:31 INFO  ChordProtocols:179 - Finger 32 peker n책 til: process5
2025-05-02 21:40:31 INFO  ChordProtocols:173 - Beregner fingerID for finger 33: 66910184482037901621933403452623987006
id: 66910184482037901621933403452623987006
lower: 66910184482037901621933403444034052414
upper: 121411138451101288395601026024677976156
Result (no wrap): true
2025-05-02 21:40:31 INFO  ChordProtocols:179 - Finger 33 peker n책 til: process5
2025-05-02 21:40:31 INFO  ChordProtocols:173 - Beregner fingerID for finger 34: 66910184482037901621933403461213921598
id: 66910184482037901621933403461213921598
lower: 66910184482037901621933403444034052414
upper: 121411138451101288395601026024677976156
Result (no wrap): true
2025-05-02 21:40:31 INFO  ChordProtocols:179 - Finger 34 peker n책 til: process5
2025-05-02 21:40:31 INFO  ChordProtocols:173 - Beregner fingerID for finger 35: 66910184482037901621933403478393790782
id: 66910184482037901621933403478393790782
lower: 66910184482037901621933403444034052414
upper: 121411138451101288395601026024677976156
Result (no wrap): true
2025-05-02 21:40:31 INFO  ChordProtocols:179 - Finger 35 peker n책 til: process5
2025-05-02 21:40:31 INFO  ChordProtocols:173 - Beregner fingerID for finger 36: 66910184482037901621933403512753529150
id: 66910184482037901621933403512753529150
lower: 66910184482037901621933403444034052414
upper: 121411138451101288395601026024677976156
Result (no wrap): true
2025-05-02 21:40:31 INFO  ChordProtocols:179 - Finger 36 peker n책 til: process5
2025-05-02 21:40:31 INFO  ChordProtocols:173 - Beregner fingerID for finger 37: 66910184482037901621933403581473005886
id: 66910184482037901621933403581473005886
lower: 66910184482037901621933403444034052414
upper: 121411138451101288395601026024677976156
Result (no wrap): true
2025-05-02 21:40:31 INFO  ChordProtocols:179 - Finger 37 peker n책 til: process5
2025-05-02 21:40:31 INFO  ChordProtocols:173 - Beregner fingerID for finger 38: 66910184482037901621933403718911959358
id: 66910184482037901621933403718911959358
lower: 66910184482037901621933403444034052414
upper: 121411138451101288395601026024677976156
Result (no wrap): true
2025-05-02 21:40:31 INFO  ChordProtocols:179 - Finger 38 peker n책 til: process5
2025-05-02 21:40:31 INFO  ChordProtocols:173 - Beregner fingerID for finger 39: 66910184482037901621933403993789866302
id: 66910184482037901621933403993789866302
lower: 66910184482037901621933403444034052414
upper: 121411138451101288395601026024677976156
Result (no wrap): true
2025-05-02 21:40:31 INFO  ChordProtocols:179 - Finger 39 peker n책 til: process5
2025-05-02 21:40:31 INFO  ChordProtocols:173 - Beregner fingerID for finger 40: 66910184482037901621933404543545680190
id: 66910184482037901621933404543545680190
lower: 66910184482037901621933403444034052414
upper: 121411138451101288395601026024677976156
Result (no wrap): true
2025-05-02 21:40:31 INFO  ChordProtocols:179 - Finger 40 peker n책 til: process5
2025-05-02 21:40:31 INFO  ChordProtocols:173 - Beregner fingerID for finger 41: 66910184482037901621933405643057307966
id: 66910184482037901621933405643057307966
lower: 66910184482037901621933403444034052414
upper: 121411138451101288395601026024677976156
Result (no wrap): true
2025-05-02 21:40:31 INFO  ChordProtocols:179 - Finger 41 peker n책 til: process5
2025-05-02 21:40:31 INFO  ChordProtocols:173 - Beregner fingerID for finger 42: 66910184482037901621933407842080563518
id: 66910184482037901621933407842080563518
lower: 66910184482037901621933403444034052414
upper: 121411138451101288395601026024677976156
Result (no wrap): true
2025-05-02 21:40:31 INFO  ChordProtocols:179 - Finger 42 peker n책 til: process5
2025-05-02 21:40:31 INFO  ChordProtocols:173 - Beregner fingerID for finger 43: 66910184482037901621933412240127074622
id: 66910184482037901621933412240127074622
lower: 66910184482037901621933403444034052414
upper: 121411138451101288395601026024677976156
Result (no wrap): true
2025-05-02 21:40:31 INFO  ChordProtocols:179 - Finger 43 peker n책 til: process5
2025-05-02 21:40:31 INFO  ChordProtocols:173 - Beregner fingerID for finger 44: 66910184482037901621933421036220096830
id: 66910184482037901621933421036220096830
lower: 66910184482037901621933403444034052414
upper: 121411138451101288395601026024677976156
Result (no wrap): true
2025-05-02 21:40:31 INFO  ChordProtocols:179 - Finger 44 peker n책 til: process5
2025-05-02 21:40:31 INFO  ChordProtocols:173 - Beregner fingerID for finger 45: 66910184482037901621933438628406141246
id: 66910184482037901621933438628406141246
lower: 66910184482037901621933403444034052414
upper: 121411138451101288395601026024677976156
Result (no wrap): true
2025-05-02 21:40:31 INFO  ChordProtocols:179 - Finger 45 peker n책 til: process5
2025-05-02 21:40:31 INFO  ChordProtocols:173 - Beregner fingerID for finger 46: 66910184482037901621933473812778230078
id: 66910184482037901621933473812778230078
lower: 66910184482037901621933403444034052414
upper: 121411138451101288395601026024677976156
Result (no wrap): true
2025-05-02 21:40:31 INFO  ChordProtocols:179 - Finger 46 peker n책 til: process5
2025-05-02 21:40:31 INFO  ChordProtocols:173 - Beregner fingerID for finger 47: 66910184482037901621933544181522407742
id: 66910184482037901621933544181522407742
lower: 66910184482037901621933403444034052414
upper: 121411138451101288395601026024677976156
Result (no wrap): true
2025-05-02 21:40:31 INFO  ChordProtocols:179 - Finger 47 peker n책 til: process5
2025-05-02 21:40:31 INFO  ChordProtocols:173 - Beregner fingerID for finger 48: 66910184482037901621933684919010763070
id: 66910184482037901621933684919010763070
lower: 66910184482037901621933403444034052414
upper: 121411138451101288395601026024677976156
Result (no wrap): true
2025-05-02 21:40:31 INFO  ChordProtocols:179 - Finger 48 peker n책 til: process5
2025-05-02 21:40:31 INFO  ChordProtocols:173 - Beregner fingerID for finger 49: 66910184482037901621933966393987473726
id: 66910184482037901621933966393987473726
lower: 66910184482037901621933403444034052414
upper: 121411138451101288395601026024677976156
Result (no wrap): true
2025-05-02 21:40:31 INFO  ChordProtocols:179 - Finger 49 peker n책 til: process5
2025-05-02 21:40:31 INFO  ChordProtocols:173 - Beregner fingerID for finger 50: 66910184482037901621934529343940895038
id: 66910184482037901621934529343940895038
lower: 66910184482037901621933403444034052414
upper: 121411138451101288395601026024677976156
Result (no wrap): true
2025-05-02 21:40:31 INFO  ChordProtocols:179 - Finger 50 peker n책 til: process5
2025-05-02 21:40:31 INFO  ChordProtocols:173 - Beregner fingerID for finger 51: 66910184482037901621935655243847737662
id: 66910184482037901621935655243847737662
lower: 66910184482037901621933403444034052414
upper: 121411138451101288395601026024677976156
Result (no wrap): true
2025-05-02 21:40:31 INFO  ChordProtocols:179 - Finger 51 peker n책 til: process5
2025-05-02 21:40:31 INFO  ChordProtocols:173 - Beregner fingerID for finger 52: 66910184482037901621937907043661422910
id: 66910184482037901621937907043661422910
lower: 66910184482037901621933403444034052414
upper: 121411138451101288395601026024677976156
Result (no wrap): true
2025-05-02 21:40:31 INFO  ChordProtocols:179 - Finger 52 peker n책 til: process5
2025-05-02 21:40:31 INFO  ChordProtocols:173 - Beregner fingerID for finger 53: 66910184482037901621942410643288793406
id: 66910184482037901621942410643288793406
lower: 66910184482037901621933403444034052414
upper: 121411138451101288395601026024677976156
Result (no wrap): true
2025-05-02 21:40:31 INFO  ChordProtocols:179 - Finger 53 peker n책 til: process5
2025-05-02 21:40:31 INFO  ChordProtocols:173 - Beregner fingerID for finger 54: 66910184482037901621951417842543534398
id: 66910184482037901621951417842543534398
lower: 66910184482037901621933403444034052414
upper: 121411138451101288395601026024677976156
Result (no wrap): true
2025-05-02 21:40:31 INFO  ChordProtocols:179 - Finger 54 peker n책 til: process5
2025-05-02 21:40:31 INFO  ChordProtocols:173 - Beregner fingerID for finger 55: 66910184482037901621969432241053016382
id: 66910184482037901621969432241053016382
lower: 66910184482037901621933403444034052414
upper: 121411138451101288395601026024677976156
Result (no wrap): true
2025-05-02 21:40:31 INFO  ChordProtocols:179 - Finger 55 peker n책 til: process5
2025-05-02 21:40:31 INFO  ChordProtocols:173 - Beregner fingerID for finger 56: 66910184482037901622005461038071980350
id: 66910184482037901622005461038071980350
lower: 66910184482037901621933403444034052414
upper: 121411138451101288395601026024677976156
Result (no wrap): true
2025-05-02 21:40:31 INFO  ChordProtocols:179 - Finger 56 peker n책 til: process5
2025-05-02 21:40:31 INFO  ChordProtocols:173 - Beregner fingerID for finger 57: 66910184482037901622077518632109908286
id: 66910184482037901622077518632109908286
lower: 66910184482037901621933403444034052414
upper: 121411138451101288395601026024677976156
Result (no wrap): true
2025-05-02 21:40:31 INFO  ChordProtocols:179 - Finger 57 peker n책 til: process5
2025-05-02 21:40:31 INFO  ChordProtocols:173 - Beregner fingerID for finger 58: 66910184482037901622221633820185764158
id: 66910184482037901622221633820185764158
lower: 66910184482037901621933403444034052414
upper: 121411138451101288395601026024677976156
Result (no wrap): true
2025-05-02 21:40:31 INFO  ChordProtocols:179 - Finger 58 peker n책 til: process5
2025-05-02 21:40:31 INFO  ChordProtocols:173 - Beregner fingerID for finger 59: 66910184482037901622509864196337475902
id: 66910184482037901622509864196337475902
lower: 66910184482037901621933403444034052414
upper: 121411138451101288395601026024677976156
Result (no wrap): true
2025-05-02 21:40:31 INFO  ChordProtocols:179 - Finger 59 peker n책 til: process5
2025-05-02 21:40:31 INFO  ChordProtocols:173 - Beregner fingerID for finger 60: 66910184482037901623086324948640899390
id: 66910184482037901623086324948640899390
lower: 66910184482037901621933403444034052414
upper: 121411138451101288395601026024677976156
Result (no wrap): true
2025-05-02 21:40:31 INFO  ChordProtocols:179 - Finger 60 peker n책 til: process5
2025-05-02 21:40:31 INFO  ChordProtocols:173 - Beregner fingerID for finger 61: 66910184482037901624239246453247746366
id: 66910184482037901624239246453247746366
lower: 66910184482037901621933403444034052414
upper: 121411138451101288395601026024677976156
Result (no wrap): true
2025-05-02 21:40:31 INFO  ChordProtocols:179 - Finger 61 peker n책 til: process5
2025-05-02 21:40:31 INFO  ChordProtocols:173 - Beregner fingerID for finger 62: 66910184482037901626545089462461440318
id: 66910184482037901626545089462461440318
lower: 66910184482037901621933403444034052414
upper: 121411138451101288395601026024677976156
Result (no wrap): true
2025-05-02 21:40:31 INFO  ChordProtocols:179 - Finger 62 peker n책 til: process5
2025-05-02 21:40:31 INFO  ChordProtocols:173 - Beregner fingerID for finger 63: 66910184482037901631156775480888828222
id: 66910184482037901631156775480888828222
lower: 66910184482037901621933403444034052414
upper: 121411138451101288395601026024677976156
Result (no wrap): true
2025-05-02 21:40:31 INFO  ChordProtocols:179 - Finger 63 peker n책 til: process5
2025-05-02 21:40:31 INFO  ChordProtocols:173 - Beregner fingerID for finger 64: 66910184482037901640380147517743604030
id: 66910184482037901640380147517743604030
lower: 66910184482037901621933403444034052414
upper: 121411138451101288395601026024677976156
Result (no wrap): true
2025-05-02 21:40:31 INFO  ChordProtocols:179 - Finger 64 peker n책 til: process5
2025-05-02 21:40:31 INFO  ChordProtocols:173 - Beregner fingerID for finger 65: 66910184482037901658826891591453155646
id: 66910184482037901658826891591453155646
lower: 66910184482037901621933403444034052414
upper: 121411138451101288395601026024677976156
Result (no wrap): true
2025-05-02 21:40:31 INFO  ChordProtocols:179 - Finger 65 peker n책 til: process5
2025-05-02 21:40:31 INFO  ChordProtocols:173 - Beregner fingerID for finger 66: 66910184482037901695720379738872258878
id: 66910184482037901695720379738872258878
lower: 66910184482037901621933403444034052414
upper: 121411138451101288395601026024677976156
Result (no wrap): true
2025-05-02 21:40:31 INFO  ChordProtocols:179 - Finger 66 peker n책 til: process5
2025-05-02 21:40:31 INFO  ChordProtocols:173 - Beregner fingerID for finger 67: 66910184482037901769507356033710465342
id: 66910184482037901769507356033710465342
lower: 66910184482037901621933403444034052414
upper: 121411138451101288395601026024677976156
Result (no wrap): true
2025-05-02 21:40:31 INFO  ChordProtocols:179 - Finger 67 peker n책 til: process5
2025-05-02 21:40:31 INFO  ChordProtocols:173 - Beregner fingerID for finger 68: 66910184482037901917081308623386878270
id: 66910184482037901917081308623386878270
lower: 66910184482037901621933403444034052414
upper: 121411138451101288395601026024677976156
Result (no wrap): true
2025-05-02 21:40:31 INFO  ChordProtocols:179 - Finger 68 peker n책 til: process5
2025-05-02 21:40:31 INFO  ChordProtocols:173 - Beregner fingerID for finger 69: 66910184482037902212229213802739704126
id: 66910184482037902212229213802739704126
lower: 66910184482037901621933403444034052414
upper: 121411138451101288395601026024677976156
Result (no wrap): true
2025-05-02 21:40:31 INFO  ChordProtocols:179 - Finger 69 peker n책 til: process5
2025-05-02 21:40:31 INFO  ChordProtocols:173 - Beregner fingerID for finger 70: 66910184482037902802525024161445355838
id: 66910184482037902802525024161445355838
lower: 66910184482037901621933403444034052414
upper: 121411138451101288395601026024677976156
Result (no wrap): true
2025-05-02 21:40:31 INFO  ChordProtocols:179 - Finger 70 peker n책 til: process5
2025-05-02 21:40:31 INFO  ChordProtocols:173 - Beregner fingerID for finger 71: 66910184482037903983116644878856659262
id: 66910184482037903983116644878856659262
lower: 66910184482037901621933403444034052414
upper: 121411138451101288395601026024677976156
Result (no wrap): true
2025-05-02 21:40:31 INFO  ChordProtocols:179 - Finger 71 peker n책 til: process5
2025-05-02 21:40:31 INFO  ChordProtocols:173 - Beregner fingerID for finger 72: 66910184482037906344299886313679266110
id: 66910184482037906344299886313679266110
lower: 66910184482037901621933403444034052414
upper: 121411138451101288395601026024677976156
Result (no wrap): true
2025-05-02 21:40:31 INFO  ChordProtocols:179 - Finger 72 peker n책 til: process5
2025-05-02 21:40:31 INFO  ChordProtocols:173 - Beregner fingerID for finger 73: 66910184482037911066666369183324479806
id: 66910184482037911066666369183324479806
lower: 66910184482037901621933403444034052414
upper: 121411138451101288395601026024677976156
Result (no wrap): true
2025-05-02 21:40:31 INFO  ChordProtocols:179 - Finger 73 peker n책 til: process5
2025-05-02 21:40:31 INFO  ChordProtocols:173 - Beregner fingerID for finger 74: 66910184482037920511399334922614907198
id: 66910184482037920511399334922614907198
lower: 66910184482037901621933403444034052414
upper: 121411138451101288395601026024677976156
Result (no wrap): true
2025-05-02 21:40:31 INFO  ChordProtocols:179 - Finger 74 peker n책 til: process5
2025-05-02 21:40:31 INFO  ChordProtocols:173 - Beregner fingerID for finger 75: 66910184482037939400865266401195761982
id: 66910184482037939400865266401195761982
lower: 66910184482037901621933403444034052414
upper: 121411138451101288395601026024677976156
Result (no wrap): true
2025-05-02 21:40:31 INFO  ChordProtocols:179 - Finger 75 peker n책 til: process5
2025-05-02 21:40:31 INFO  ChordProtocols:173 - Beregner fingerID for finger 76: 66910184482037977179797129358357471550
id: 66910184482037977179797129358357471550
lower: 66910184482037901621933403444034052414
upper: 121411138451101288395601026024677976156
Result (no wrap): true
2025-05-02 21:40:31 INFO  ChordProtocols:179 - Finger 76 peker n책 til: process5
2025-05-02 21:40:31 INFO  ChordProtocols:173 - Beregner fingerID for finger 77: 66910184482038052737660855272680890686
id: 66910184482038052737660855272680890686
lower: 66910184482037901621933403444034052414
upper: 121411138451101288395601026024677976156
Result (no wrap): true
2025-05-02 21:40:31 INFO  ChordProtocols:179 - Finger 77 peker n책 til: process5
2025-05-02 21:40:31 INFO  ChordProtocols:173 - Beregner fingerID for finger 78: 66910184482038203853388307101327728958
id: 66910184482038203853388307101327728958
lower: 66910184482037901621933403444034052414
upper: 121411138451101288395601026024677976156
Result (no wrap): true
2025-05-02 21:40:31 INFO  ChordProtocols:179 - Finger 78 peker n책 til: process5
2025-05-02 21:40:31 INFO  ChordProtocols:173 - Beregner fingerID for finger 79: 66910184482038506084843210758621405502
id: 66910184482038506084843210758621405502
lower: 66910184482037901621933403444034052414
upper: 121411138451101288395601026024677976156
Result (no wrap): true
2025-05-02 21:40:31 INFO  ChordProtocols:179 - Finger 79 peker n책 til: process5
2025-05-02 21:40:31 INFO  ChordProtocols:173 - Beregner fingerID for finger 80: 66910184482039110547753018073208758590
id: 66910184482039110547753018073208758590
lower: 66910184482037901621933403444034052414
upper: 121411138451101288395601026024677976156
Result (no wrap): true
2025-05-02 21:40:31 INFO  ChordProtocols:179 - Finger 80 peker n책 til: process5
2025-05-02 21:40:31 INFO  ChordProtocols:173 - Beregner fingerID for finger 81: 66910184482040319473572632702383464766
id: 66910184482040319473572632702383464766
lower: 66910184482037901621933403444034052414
upper: 121411138451101288395601026024677976156
Result (no wrap): true
2025-05-02 21:40:31 INFO  ChordProtocols:179 - Finger 81 peker n책 til: process5
2025-05-02 21:40:31 INFO  ChordProtocols:173 - Beregner fingerID for finger 82: 66910184482042737325211861960732877118
id: 66910184482042737325211861960732877118
lower: 66910184482037901621933403444034052414
upper: 121411138451101288395601026024677976156
Result (no wrap): true
2025-05-02 21:40:31 INFO  ChordProtocols:179 - Finger 82 peker n책 til: process5
2025-05-02 21:40:31 INFO  ChordProtocols:173 - Beregner fingerID for finger 83: 66910184482047573028490320477431701822
id: 66910184482047573028490320477431701822
lower: 66910184482037901621933403444034052414
upper: 121411138451101288395601026024677976156
Result (no wrap): true
2025-05-02 21:40:31 INFO  ChordProtocols:179 - Finger 83 peker n책 til: process5
2025-05-02 21:40:31 INFO  ChordProtocols:173 - Beregner fingerID for finger 84: 66910184482057244435047237510829351230
id: 66910184482057244435047237510829351230
lower: 66910184482037901621933403444034052414
upper: 121411138451101288395601026024677976156
Result (no wrap): true
2025-05-02 21:40:31 INFO  ChordProtocols:179 - Finger 84 peker n책 til: process5
2025-05-02 21:40:31 INFO  ChordProtocols:173 - Beregner fingerID for finger 85: 66910184482076587248161071577624650046
id: 66910184482076587248161071577624650046
lower: 66910184482037901621933403444034052414
upper: 121411138451101288395601026024677976156
Result (no wrap): true
2025-05-02 21:40:31 INFO  ChordProtocols:179 - Finger 85 peker n책 til: process5
2025-05-02 21:40:31 INFO  ChordProtocols:173 - Beregner fingerID for finger 86: 66910184482115272874388739711215247678
id: 66910184482115272874388739711215247678
lower: 66910184482037901621933403444034052414
upper: 121411138451101288395601026024677976156
Result (no wrap): true
2025-05-02 21:40:31 INFO  ChordProtocols:179 - Finger 86 peker n책 til: process5
2025-05-02 21:40:31 INFO  ChordProtocols:173 - Beregner fingerID for finger 87: 66910184482192644126844075978396442942
id: 66910184482192644126844075978396442942
lower: 66910184482037901621933403444034052414
upper: 121411138451101288395601026024677976156
Result (no wrap): true
2025-05-02 21:40:31 INFO  ChordProtocols:179 - Finger 87 peker n책 til: process5
2025-05-02 21:40:31 INFO  ChordProtocols:173 - Beregner fingerID for finger 88: 66910184482347386631754748512758833470
id: 66910184482347386631754748512758833470
lower: 66910184482037901621933403444034052414
upper: 121411138451101288395601026024677976156
Result (no wrap): true
2025-05-02 21:40:31 INFO  ChordProtocols:179 - Finger 88 peker n책 til: process5
2025-05-02 21:40:31 INFO  ChordProtocols:173 - Beregner fingerID for finger 89: 66910184482656871641576093581483614526
id: 66910184482656871641576093581483614526
lower: 66910184482037901621933403444034052414
upper: 121411138451101288395601026024677976156
Result (no wrap): true
2025-05-02 21:40:31 INFO  ChordProtocols:179 - Finger 89 peker n책 til: process5
2025-05-02 21:40:31 INFO  ChordProtocols:173 - Beregner fingerID for finger 90: 66910184483275841661218783718933176638
id: 66910184483275841661218783718933176638
lower: 66910184482037901621933403444034052414
upper: 121411138451101288395601026024677976156
Result (no wrap): true
2025-05-02 21:40:31 INFO  ChordProtocols:179 - Finger 90 peker n책 til: process5
2025-05-02 21:40:31 INFO  ChordProtocols:173 - Beregner fingerID for finger 91: 66910184484513781700504163993832300862
id: 66910184484513781700504163993832300862
lower: 66910184482037901621933403444034052414
upper: 121411138451101288395601026024677976156
Result (no wrap): true
2025-05-02 21:40:31 INFO  ChordProtocols:179 - Finger 91 peker n책 til: process5
2025-05-02 21:40:31 INFO  ChordProtocols:173 - Beregner fingerID for finger 92: 66910184486989661779074924543630549310
id: 66910184486989661779074924543630549310
lower: 66910184482037901621933403444034052414
upper: 121411138451101288395601026024677976156
Result (no wrap): true
2025-05-02 21:40:31 INFO  ChordProtocols:179 - Finger 92 peker n책 til: process5
2025-05-02 21:40:31 INFO  ChordProtocols:173 - Beregner fingerID for finger 93: 66910184491941421936216445643227046206
id: 66910184491941421936216445643227046206
lower: 66910184482037901621933403444034052414
upper: 121411138451101288395601026024677976156
Result (no wrap): true
2025-05-02 21:40:31 INFO  ChordProtocols:179 - Finger 93 peker n책 til: process5
2025-05-02 21:40:31 INFO  ChordProtocols:173 - Beregner fingerID for finger 94: 66910184501844942250499487842420039998
id: 66910184501844942250499487842420039998
lower: 66910184482037901621933403444034052414
upper: 121411138451101288395601026024677976156
Result (no wrap): true
2025-05-02 21:40:31 INFO  ChordProtocols:179 - Finger 94 peker n책 til: process5
2025-05-02 21:40:31 INFO  ChordProtocols:173 - Beregner fingerID for finger 95: 66910184521651982879065572240806027582
id: 66910184521651982879065572240806027582
lower: 66910184482037901621933403444034052414
upper: 121411138451101288395601026024677976156
Result (no wrap): true
2025-05-02 21:40:31 INFO  ChordProtocols:179 - Finger 95 peker n책 til: process5
2025-05-02 21:40:31 INFO  ChordProtocols:173 - Beregner fingerID for finger 96: 66910184561266064136197741037578002750
id: 66910184561266064136197741037578002750
lower: 66910184482037901621933403444034052414
upper: 121411138451101288395601026024677976156
Result (no wrap): true
2025-05-02 21:40:31 INFO  ChordProtocols:179 - Finger 96 peker n책 til: process5
2025-05-02 21:40:31 INFO  ChordProtocols:173 - Beregner fingerID for finger 97: 66910184640494226650462078631121953086
id: 66910184640494226650462078631121953086
lower: 66910184482037901621933403444034052414
upper: 121411138451101288395601026024677976156
Result (no wrap): true
2025-05-02 21:40:31 INFO  ChordProtocols:179 - Finger 97 peker n책 til: process5
2025-05-02 21:40:31 INFO  ChordProtocols:173 - Beregner fingerID for finger 98: 66910184798950551678990753818209853758
id: 66910184798950551678990753818209853758
lower: 66910184482037901621933403444034052414
upper: 121411138451101288395601026024677976156
Result (no wrap): true
2025-05-02 21:40:31 INFO  ChordProtocols:179 - Finger 98 peker n책 til: process5
2025-05-02 21:40:31 INFO  ChordProtocols:173 - Beregner fingerID for finger 99: 66910185115863201736048104192385655102
id: 66910185115863201736048104192385655102
lower: 66910184482037901621933403444034052414
upper: 121411138451101288395601026024677976156
Result (no wrap): true
2025-05-02 21:40:31 INFO  ChordProtocols:179 - Finger 99 peker n책 til: process5
2025-05-02 21:40:31 INFO  ChordProtocols:173 - Beregner fingerID for finger 100: 66910185749688501850162804940737257790
id: 66910185749688501850162804940737257790
lower: 66910184482037901621933403444034052414
upper: 121411138451101288395601026024677976156
Result (no wrap): true
2025-05-02 21:40:31 INFO  ChordProtocols:179 - Finger 100 peker n책 til: process5
2025-05-02 21:40:31 INFO  ChordProtocols:173 - Beregner fingerID for finger 101: 66910187017339102078392206437440463166
id: 66910187017339102078392206437440463166
lower: 66910184482037901621933403444034052414
upper: 121411138451101288395601026024677976156
Result (no wrap): true
2025-05-02 21:40:31 INFO  ChordProtocols:179 - Finger 101 peker n책 til: process5
2025-05-02 21:40:31 INFO  ChordProtocols:173 - Beregner fingerID for finger 102: 66910189552640302534851009430846873918
id: 66910189552640302534851009430846873918
lower: 66910184482037901621933403444034052414
upper: 121411138451101288395601026024677976156
Result (no wrap): true
2025-05-02 21:40:31 INFO  ChordProtocols:179 - Finger 102 peker n책 til: process5
2025-05-02 21:40:31 INFO  ChordProtocols:173 - Beregner fingerID for finger 103: 66910194623242703447768615417659695422
id: 66910194623242703447768615417659695422
lower: 66910184482037901621933403444034052414
upper: 121411138451101288395601026024677976156
Result (no wrap): true
2025-05-02 21:40:31 INFO  ChordProtocols:179 - Finger 103 peker n책 til: process5
2025-05-02 21:40:31 INFO  ChordProtocols:173 - Beregner fingerID for finger 104: 66910204764447505273603827391285338430
id: 66910204764447505273603827391285338430
lower: 66910184482037901621933403444034052414
upper: 121411138451101288395601026024677976156
Result (no wrap): true
2025-05-02 21:40:31 INFO  ChordProtocols:179 - Finger 104 peker n책 til: process5
2025-05-02 21:40:31 INFO  ChordProtocols:173 - Beregner fingerID for finger 105: 66910225046857108925274251338536624446
id: 66910225046857108925274251338536624446
lower: 66910184482037901621933403444034052414
upper: 121411138451101288395601026024677976156
Result (no wrap): true
2025-05-02 21:40:31 INFO  ChordProtocols:179 - Finger 105 peker n책 til: process5
2025-05-02 21:40:31 INFO  ChordProtocols:173 - Beregner fingerID for finger 106: 66910265611676316228615099233039196478
id: 66910265611676316228615099233039196478
lower: 66910184482037901621933403444034052414
upper: 121411138451101288395601026024677976156
Result (no wrap): true
2025-05-02 21:40:31 INFO  ChordProtocols:179 - Finger 106 peker n책 til: process5
2025-05-02 21:40:31 INFO  ChordProtocols:173 - Beregner fingerID for finger 107: 66910346741314730835296795022044340542
id: 66910346741314730835296795022044340542
lower: 66910184482037901621933403444034052414
upper: 121411138451101288395601026024677976156
Result (no wrap): true
2025-05-02 21:40:31 INFO  ChordProtocols:179 - Finger 107 peker n책 til: process5
2025-05-02 21:40:31 INFO  ChordProtocols:173 - Beregner fingerID for finger 108: 66910509000591560048660186600054628670
id: 66910509000591560048660186600054628670
lower: 66910184482037901621933403444034052414
upper: 121411138451101288395601026024677976156
Result (no wrap): true
2025-05-02 21:40:31 INFO  ChordProtocols:179 - Finger 108 peker n책 til: process5
2025-05-02 21:40:31 INFO  ChordProtocols:173 - Beregner fingerID for finger 109: 66910833519145218475386969756075204926
id: 66910833519145218475386969756075204926
lower: 66910184482037901621933403444034052414
upper: 121411138451101288395601026024677976156
Result (no wrap): true
2025-05-02 21:40:31 INFO  ChordProtocols:179 - Finger 109 peker n책 til: process5
2025-05-02 21:40:31 INFO  ChordProtocols:173 - Beregner fingerID for finger 110: 66911482556252535328840536068116357438
id: 66911482556252535328840536068116357438
lower: 66910184482037901621933403444034052414
upper: 121411138451101288395601026024677976156
Result (no wrap): true
2025-05-02 21:40:31 INFO  ChordProtocols:179 - Finger 110 peker n책 til: process5
2025-05-02 21:40:31 INFO  ChordProtocols:173 - Beregner fingerID for finger 111: 66912780630467169035747668692198662462
id: 66912780630467169035747668692198662462
lower: 66910184482037901621933403444034052414
upper: 121411138451101288395601026024677976156
Result (no wrap): true
2025-05-02 21:40:31 INFO  ChordProtocols:179 - Finger 111 peker n책 til: process5
2025-05-02 21:40:31 INFO  ChordProtocols:173 - Beregner fingerID for finger 112: 66915376778896436449561933940363272510
id: 66915376778896436449561933940363272510
lower: 66910184482037901621933403444034052414
upper: 121411138451101288395601026024677976156
Result (no wrap): true
2025-05-02 21:40:31 INFO  ChordProtocols:179 - Finger 112 peker n책 til: process5
2025-05-02 21:40:31 INFO  ChordProtocols:173 - Beregner fingerID for finger 113: 66920569075754971277190464436692492606
id: 66920569075754971277190464436692492606
lower: 66910184482037901621933403444034052414
upper: 121411138451101288395601026024677976156
Result (no wrap): true
2025-05-02 21:40:31 INFO  ChordProtocols:179 - Finger 113 peker n책 til: process5
2025-05-02 21:40:31 INFO  ChordProtocols:173 - Beregner fingerID for finger 114: 66930953669472040932447525429350932798
id: 66930953669472040932447525429350932798
lower: 66910184482037901621933403444034052414
upper: 121411138451101288395601026024677976156
Result (no wrap): true
2025-05-02 21:40:31 INFO  ChordProtocols:179 - Finger 114 peker n책 til: process5
2025-05-02 21:40:31 INFO  ChordProtocols:173 - Beregner fingerID for finger 115: 66951722856906180242961647414667813182
id: 66951722856906180242961647414667813182
lower: 66910184482037901621933403444034052414
upper: 121411138451101288395601026024677976156
Result (no wrap): true
2025-05-02 21:40:31 INFO  ChordProtocols:179 - Finger 115 peker n책 til: process5
2025-05-02 21:40:31 INFO  ChordProtocols:173 - Beregner fingerID for finger 116: 66993261231774458863989891385301573950
id: 66993261231774458863989891385301573950
lower: 66910184482037901621933403444034052414
upper: 121411138451101288395601026024677976156
Result (no wrap): true
2025-05-02 21:40:31 INFO  ChordProtocols:179 - Finger 116 peker n책 til: process5
2025-05-02 21:40:31 INFO  ChordProtocols:173 - Beregner fingerID for finger 117: 67076337981511016106046379326569095486
id: 67076337981511016106046379326569095486
lower: 66910184482037901621933403444034052414
upper: 121411138451101288395601026024677976156
Result (no wrap): true
2025-05-02 21:40:31 INFO  ChordProtocols:179 - Finger 117 peker n책 til: process5
2025-05-02 21:40:31 INFO  ChordProtocols:173 - Beregner fingerID for finger 118: 67242491480984130590159355209104138558
id: 67242491480984130590159355209104138558
lower: 66910184482037901621933403444034052414
upper: 121411138451101288395601026024677976156
Result (no wrap): true
2025-05-02 21:40:31 INFO  ChordProtocols:179 - Finger 118 peker n책 til: process5
2025-05-02 21:40:31 INFO  ChordProtocols:173 - Beregner fingerID for finger 119: 67574798479930359558385306974174224702
id: 67574798479930359558385306974174224702
lower: 66910184482037901621933403444034052414
upper: 121411138451101288395601026024677976156
Result (no wrap): true
2025-05-02 21:40:31 INFO  ChordProtocols:179 - Finger 119 peker n책 til: process5
2025-05-02 21:40:31 INFO  ChordProtocols:173 - Beregner fingerID for finger 120: 68239412477822817494837210504314396990
id: 68239412477822817494837210504314396990
lower: 66910184482037901621933403444034052414
upper: 121411138451101288395601026024677976156
Result (no wrap): true
2025-05-02 21:40:31 INFO  ChordProtocols:179 - Finger 120 peker n책 til: process5
2025-05-02 21:40:31 INFO  ChordProtocols:173 - Beregner fingerID for finger 121: 69568640473607733367741017564594741566
id: 69568640473607733367741017564594741566
lower: 66910184482037901621933403444034052414
upper: 121411138451101288395601026024677976156
Result (no wrap): true
2025-05-02 21:40:31 INFO  ChordProtocols:179 - Finger 121 peker n책 til: process5
2025-05-02 21:40:31 INFO  ChordProtocols:173 - Beregner fingerID for finger 122: 72227096465177565113548631685155430718
id: 72227096465177565113548631685155430718
lower: 66910184482037901621933403444034052414
upper: 121411138451101288395601026024677976156
Result (no wrap): true
2025-05-02 21:40:31 INFO  ChordProtocols:179 - Finger 122 peker n책 til: process5
2025-05-02 21:40:31 INFO  ChordProtocols:173 - Beregner fingerID for finger 123: 77544008448317228605163859926276809022
id: 77544008448317228605163859926276809022
lower: 66910184482037901621933403444034052414
upper: 121411138451101288395601026024677976156
Result (no wrap): true
2025-05-02 21:40:31 INFO  ChordProtocols:179 - Finger 123 peker n책 til: process5
2025-05-02 21:40:31 INFO  ChordProtocols:173 - Beregner fingerID for finger 124: 88177832414596555588394316408519565630
id: 88177832414596555588394316408519565630
lower: 66910184482037901621933403444034052414
upper: 121411138451101288395601026024677976156
Result (no wrap): true
2025-05-02 21:40:31 INFO  ChordProtocols:179 - Finger 124 peker n책 til: process5
2025-05-02 21:40:31 INFO  ChordProtocols:173 - Beregner fingerID for finger 125: 109445480347155209554855229373005078846
id: 109445480347155209554855229373005078846
lower: 66910184482037901621933403444034052414
upper: 121411138451101288395601026024677976156
Result (no wrap): true
2025-05-02 21:40:31 INFO  ChordProtocols:179 - Finger 125 peker n책 til: process5
2025-05-02 21:40:31 INFO  ChordProtocols:173 - Beregner fingerID for finger 126: 151980776212272517487777055301976105278
id: 151980776212272517487777055301976105278
lower: 66910184482037901621933403444034052414
upper: 121411138451101288395601026024677976156
Result (no wrap): false
id: 121411138451101288395601026024677976156
lower: 66910184482037901621933403444034052414
upper: 151980776212272517487777055301976105278
Result (no wrap): true
id: 151980776212272517487777055301976105278
lower: 121411138451101288395601026024677976156
upper: 210821560651360572675896360671414673172
Result (no wrap): true
2025-05-02 21:40:31 INFO  ChordProtocols:179 - Finger 126 peker n책 til: process4
2025-05-02 21:40:31 INFO  ChordProtocols:173 - Beregner fingerID for finger 127: 237051367942507133353620707159918158142
id: 237051367942507133353620707159918158142
lower: 66910184482037901621933403444034052414
upper: 121411138451101288395601026024677976156
Result (no wrap): false
id: 210821560651360572675896360671414673172
lower: 66910184482037901621933403444034052414
upper: 237051367942507133353620707159918158142
Result (no wrap): true
id: 237051367942507133353620707159918158142
lower: 210821560651360572675896360671414673172
upper: 15618062003214643351512781541041391612
Result (wrap): true
2025-05-02 21:40:31 INFO  ChordProtocols:179 - Finger 127 peker n책 til: process2
2025-05-02 21:40:31 INFO  StabilizationProtocols:60 - Checking the predecessor for Node: process3
==================================
Node Identifier = 66910184482037901621933403444034052414
Node IP address = process3
successor(process3) = process5
predecessor(process3) = process3
Current File keys for process3 => []
==================================
2025-05-02 21:40:31 INFO  StabilizationProtocols:130 - Updating the successor for Node: process4
id: 210821560651360572675896360671414673173
lower: 210821560651360572675896360671414673172
upper: 15618062003214643351512781541041391612
Result (wrap): true
2025-05-02 21:40:31 INFO  StabilizationProtocols:84 - Stabilizing ring from process4...
2025-05-02 21:40:31 INFO  StabilizationProtocols:91 - Stabilize ring: succnode = process2
id: 210821560651360572675896360671414673172
lower: 210821560651360572675896360671414673173
upper: 15618062003214643351512781541041391613
Result (wrap): false
2025-05-02 21:40:31 INFO  StabilizationProtocols:113 - Finished stabilizing chordring from process4
2025-05-02 21:40:31 INFO  ChordProtocols:159 - Oppdaterer FingerTable for Node: process4
2025-05-02 21:40:31 INFO  ChordProtocols:173 - Beregner fingerID for finger 0: 210821560651360572675896360671414673173
id: 210821560651360572675896360671414673173
lower: 210821560651360572675896360671414673172
upper: 15618062003214643351512781541041391612
Result (wrap): true
2025-05-02 21:40:31 INFO  ChordProtocols:179 - Finger 0 peker n책 til: process2
2025-05-02 21:40:31 INFO  ChordProtocols:173 - Beregner fingerID for finger 1: 210821560651360572675896360671414673174
id: 210821560651360572675896360671414673174
lower: 210821560651360572675896360671414673172
upper: 15618062003214643351512781541041391612
Result (wrap): true
2025-05-02 21:40:31 INFO  ChordProtocols:179 - Finger 1 peker n책 til: process2
2025-05-02 21:40:31 INFO  ChordProtocols:173 - Beregner fingerID for finger 2: 210821560651360572675896360671414673176
id: 210821560651360572675896360671414673176
lower: 210821560651360572675896360671414673172
upper: 15618062003214643351512781541041391612
Result (wrap): true
2025-05-02 21:40:31 INFO  ChordProtocols:179 - Finger 2 peker n책 til: process2
2025-05-02 21:40:31 INFO  ChordProtocols:173 - Beregner fingerID for finger 3: 210821560651360572675896360671414673180
id: 210821560651360572675896360671414673180
lower: 210821560651360572675896360671414673172
upper: 15618062003214643351512781541041391612
Result (wrap): true
2025-05-02 21:40:31 INFO  ChordProtocols:179 - Finger 3 peker n책 til: process2
2025-05-02 21:40:31 INFO  ChordProtocols:173 - Beregner fingerID for finger 4: 210821560651360572675896360671414673188
id: 210821560651360572675896360671414673188
lower: 210821560651360572675896360671414673172
upper: 15618062003214643351512781541041391612
Result (wrap): true
2025-05-02 21:40:31 INFO  ChordProtocols:179 - Finger 4 peker n책 til: process2
2025-05-02 21:40:31 INFO  ChordProtocols:173 - Beregner fingerID for finger 5: 210821560651360572675896360671414673204
id: 210821560651360572675896360671414673204
lower: 210821560651360572675896360671414673172
upper: 15618062003214643351512781541041391612
Result (wrap): true
2025-05-02 21:40:31 INFO  ChordProtocols:179 - Finger 5 peker n책 til: process2
2025-05-02 21:40:31 INFO  ChordProtocols:173 - Beregner fingerID for finger 6: 210821560651360572675896360671414673236
id: 210821560651360572675896360671414673236
lower: 210821560651360572675896360671414673172
upper: 15618062003214643351512781541041391612
Result (wrap): true
2025-05-02 21:40:31 INFO  ChordProtocols:179 - Finger 6 peker n책 til: process2
2025-05-02 21:40:31 INFO  ChordProtocols:173 - Beregner fingerID for finger 7: 210821560651360572675896360671414673300
id: 210821560651360572675896360671414673300
lower: 210821560651360572675896360671414673172
upper: 15618062003214643351512781541041391612
Result (wrap): true
2025-05-02 21:40:31 INFO  ChordProtocols:179 - Finger 7 peker n책 til: process2
2025-05-02 21:40:31 INFO  ChordProtocols:173 - Beregner fingerID for finger 8: 210821560651360572675896360671414673428
id: 210821560651360572675896360671414673428
lower: 210821560651360572675896360671414673172
upper: 15618062003214643351512781541041391612
Result (wrap): true
2025-05-02 21:40:31 INFO  ChordProtocols:179 - Finger 8 peker n책 til: process2
2025-05-02 21:40:31 INFO  ChordProtocols:173 - Beregner fingerID for finger 9: 210821560651360572675896360671414673684
id: 210821560651360572675896360671414673684
lower: 210821560651360572675896360671414673172
upper: 15618062003214643351512781541041391612
Result (wrap): true
2025-05-02 21:40:31 INFO  ChordProtocols:179 - Finger 9 peker n책 til: process2
2025-05-02 21:40:31 INFO  ChordProtocols:173 - Beregner fingerID for finger 10: 210821560651360572675896360671414674196
id: 210821560651360572675896360671414674196
lower: 210821560651360572675896360671414673172
upper: 15618062003214643351512781541041391612
Result (wrap): true
2025-05-02 21:40:31 INFO  ChordProtocols:179 - Finger 10 peker n책 til: process2
2025-05-02 21:40:31 INFO  ChordProtocols:173 - Beregner fingerID for finger 11: 210821560651360572675896360671414675220
id: 210821560651360572675896360671414675220
lower: 210821560651360572675896360671414673172
upper: 15618062003214643351512781541041391612
Result (wrap): true
2025-05-02 21:40:31 INFO  ChordProtocols:179 - Finger 11 peker n책 til: process2
2025-05-02 21:40:31 INFO  ChordProtocols:173 - Beregner fingerID for finger 12: 210821560651360572675896360671414677268
id: 210821560651360572675896360671414677268
lower: 210821560651360572675896360671414673172
upper: 15618062003214643351512781541041391612
Result (wrap): true
2025-05-02 21:40:31 INFO  ChordProtocols:179 - Finger 12 peker n책 til: process2
2025-05-02 21:40:31 INFO  ChordProtocols:173 - Beregner fingerID for finger 13: 210821560651360572675896360671414681364
id: 210821560651360572675896360671414681364
lower: 210821560651360572675896360671414673172
upper: 15618062003214643351512781541041391612
Result (wrap): true
2025-05-02 21:40:31 INFO  ChordProtocols:179 - Finger 13 peker n책 til: process2
2025-05-02 21:40:31 INFO  ChordProtocols:173 - Beregner fingerID for finger 14: 210821560651360572675896360671414689556
id: 210821560651360572675896360671414689556
lower: 210821560651360572675896360671414673172
upper: 15618062003214643351512781541041391612
Result (wrap): true
2025-05-02 21:40:31 INFO  ChordProtocols:179 - Finger 14 peker n책 til: process2
2025-05-02 21:40:31 INFO  ChordProtocols:173 - Beregner fingerID for finger 15: 210821560651360572675896360671414705940
id: 210821560651360572675896360671414705940
lower: 210821560651360572675896360671414673172
upper: 15618062003214643351512781541041391612
Result (wrap): true
2025-05-02 21:40:31 INFO  ChordProtocols:179 - Finger 15 peker n책 til: process2
2025-05-02 21:40:31 INFO  ChordProtocols:173 - Beregner fingerID for finger 16: 210821560651360572675896360671414738708
id: 210821560651360572675896360671414738708
lower: 210821560651360572675896360671414673172
upper: 15618062003214643351512781541041391612
Result (wrap): true
2025-05-02 21:40:31 INFO  ChordProtocols:179 - Finger 16 peker n책 til: process2
2025-05-02 21:40:31 INFO  ChordProtocols:173 - Beregner fingerID for finger 17: 210821560651360572675896360671414804244
id: 210821560651360572675896360671414804244
lower: 210821560651360572675896360671414673172
upper: 15618062003214643351512781541041391612
Result (wrap): true
2025-05-02 21:40:31 INFO  ChordProtocols:179 - Finger 17 peker n책 til: process2
2025-05-02 21:40:31 INFO  ChordProtocols:173 - Beregner fingerID for finger 18: 210821560651360572675896360671414935316
id: 210821560651360572675896360671414935316
lower: 210821560651360572675896360671414673172
upper: 15618062003214643351512781541041391612
Result (wrap): true
2025-05-02 21:40:31 INFO  ChordProtocols:179 - Finger 18 peker n책 til: process2
2025-05-02 21:40:31 INFO  ChordProtocols:173 - Beregner fingerID for finger 19: 210821560651360572675896360671415197460
id: 210821560651360572675896360671415197460
lower: 210821560651360572675896360671414673172
upper: 15618062003214643351512781541041391612
Result (wrap): true
2025-05-02 21:40:31 INFO  ChordProtocols:179 - Finger 19 peker n책 til: process2
2025-05-02 21:40:31 INFO  ChordProtocols:173 - Beregner fingerID for finger 20: 210821560651360572675896360671415721748
id: 210821560651360572675896360671415721748
lower: 210821560651360572675896360671414673172
upper: 15618062003214643351512781541041391612
Result (wrap): true
2025-05-02 21:40:31 INFO  ChordProtocols:179 - Finger 20 peker n책 til: process2
2025-05-02 21:40:31 INFO  ChordProtocols:173 - Beregner fingerID for finger 21: 210821560651360572675896360671416770324
id: 210821560651360572675896360671416770324
lower: 210821560651360572675896360671414673172
upper: 15618062003214643351512781541041391612
Result (wrap): true
2025-05-02 21:40:31 INFO  ChordProtocols:179 - Finger 21 peker n책 til: process2
2025-05-02 21:40:31 INFO  ChordProtocols:173 - Beregner fingerID for finger 22: 210821560651360572675896360671418867476
id: 210821560651360572675896360671418867476
lower: 210821560651360572675896360671414673172
upper: 15618062003214643351512781541041391612
Result (wrap): true
2025-05-02 21:40:31 INFO  ChordProtocols:179 - Finger 22 peker n책 til: process2
2025-05-02 21:40:31 INFO  ChordProtocols:173 - Beregner fingerID for finger 23: 210821560651360572675896360671423061780
id: 210821560651360572675896360671423061780
lower: 210821560651360572675896360671414673172
upper: 15618062003214643351512781541041391612
Result (wrap): true
2025-05-02 21:40:31 INFO  ChordProtocols:179 - Finger 23 peker n책 til: process2
2025-05-02 21:40:31 INFO  ChordProtocols:173 - Beregner fingerID for finger 24: 210821560651360572675896360671431450388
id: 210821560651360572675896360671431450388
lower: 210821560651360572675896360671414673172
upper: 15618062003214643351512781541041391612
Result (wrap): true
2025-05-02 21:40:31 INFO  ChordProtocols:179 - Finger 24 peker n책 til: process2
2025-05-02 21:40:31 INFO  ChordProtocols:173 - Beregner fingerID for finger 25: 210821560651360572675896360671448227604
id: 210821560651360572675896360671448227604
lower: 210821560651360572675896360671414673172
upper: 15618062003214643351512781541041391612
Result (wrap): true
2025-05-02 21:40:31 INFO  ChordProtocols:179 - Finger 25 peker n책 til: process2
2025-05-02 21:40:31 INFO  ChordProtocols:173 - Beregner fingerID for finger 26: 210821560651360572675896360671481782036
id: 210821560651360572675896360671481782036
lower: 210821560651360572675896360671414673172
upper: 15618062003214643351512781541041391612
Result (wrap): true
2025-05-02 21:40:31 INFO  ChordProtocols:179 - Finger 26 peker n책 til: process2
2025-05-02 21:40:31 INFO  ChordProtocols:173 - Beregner fingerID for finger 27: 210821560651360572675896360671548890900
id: 210821560651360572675896360671548890900
lower: 210821560651360572675896360671414673172
upper: 15618062003214643351512781541041391612
Result (wrap): true
2025-05-02 21:40:31 INFO  ChordProtocols:179 - Finger 27 peker n책 til: process2
2025-05-02 21:40:31 INFO  ChordProtocols:173 - Beregner fingerID for finger 28: 210821560651360572675896360671683108628
id: 210821560651360572675896360671683108628
lower: 210821560651360572675896360671414673172
upper: 15618062003214643351512781541041391612
Result (wrap): true
2025-05-02 21:40:31 INFO  ChordProtocols:179 - Finger 28 peker n책 til: process2
2025-05-02 21:40:31 INFO  ChordProtocols:173 - Beregner fingerID for finger 29: 210821560651360572675896360671951544084
id: 210821560651360572675896360671951544084
lower: 210821560651360572675896360671414673172
upper: 15618062003214643351512781541041391612
Result (wrap): true
2025-05-02 21:40:31 INFO  ChordProtocols:179 - Finger 29 peker n책 til: process2
2025-05-02 21:40:31 INFO  ChordProtocols:173 - Beregner fingerID for finger 30: 210821560651360572675896360672488414996
id: 210821560651360572675896360672488414996
lower: 210821560651360572675896360671414673172
upper: 15618062003214643351512781541041391612
Result (wrap): true
2025-05-02 21:40:31 INFO  ChordProtocols:179 - Finger 30 peker n책 til: process2
2025-05-02 21:40:31 INFO  ChordProtocols:173 - Beregner fingerID for finger 31: 210821560651360572675896360673562156820
id: 210821560651360572675896360673562156820
lower: 210821560651360572675896360671414673172
upper: 15618062003214643351512781541041391612
Result (wrap): true
2025-05-02 21:40:31 INFO  ChordProtocols:179 - Finger 31 peker n책 til: process2
2025-05-02 21:40:31 INFO  ChordProtocols:173 - Beregner fingerID for finger 32: 210821560651360572675896360675709640468
id: 210821560651360572675896360675709640468
lower: 210821560651360572675896360671414673172
upper: 15618062003214643351512781541041391612
Result (wrap): true
2025-05-02 21:40:31 INFO  ChordProtocols:179 - Finger 32 peker n책 til: process2
2025-05-02 21:40:31 INFO  ChordProtocols:173 - Beregner fingerID for finger 33: 210821560651360572675896360680004607764
id: 210821560651360572675896360680004607764
lower: 210821560651360572675896360671414673172
upper: 15618062003214643351512781541041391612
Result (wrap): true
2025-05-02 21:40:31 INFO  ChordProtocols:179 - Finger 33 peker n책 til: process2
2025-05-02 21:40:31 INFO  ChordProtocols:173 - Beregner fingerID for finger 34: 210821560651360572675896360688594542356
id: 210821560651360572675896360688594542356
lower: 210821560651360572675896360671414673172
upper: 15618062003214643351512781541041391612
Result (wrap): true
2025-05-02 21:40:31 INFO  ChordProtocols:179 - Finger 34 peker n책 til: process2
2025-05-02 21:40:31 INFO  ChordProtocols:173 - Beregner fingerID for finger 35: 210821560651360572675896360705774411540
id: 210821560651360572675896360705774411540
lower: 210821560651360572675896360671414673172
upper: 15618062003214643351512781541041391612
Result (wrap): true
2025-05-02 21:40:31 INFO  ChordProtocols:179 - Finger 35 peker n책 til: process2
2025-05-02 21:40:31 INFO  ChordProtocols:173 - Beregner fingerID for finger 36: 210821560651360572675896360740134149908
id: 210821560651360572675896360740134149908
lower: 210821560651360572675896360671414673172
upper: 15618062003214643351512781541041391612
Result (wrap): true
2025-05-02 21:40:31 INFO  ChordProtocols:179 - Finger 36 peker n책 til: process2
2025-05-02 21:40:31 INFO  ChordProtocols:173 - Beregner fingerID for finger 37: 210821560651360572675896360808853626644
id: 210821560651360572675896360808853626644
lower: 210821560651360572675896360671414673172
upper: 15618062003214643351512781541041391612
Result (wrap): true
2025-05-02 21:40:31 INFO  ChordProtocols:179 - Finger 37 peker n책 til: process2
2025-05-02 21:40:31 INFO  ChordProtocols:173 - Beregner fingerID for finger 38: 210821560651360572675896360946292580116
id: 210821560651360572675896360946292580116
lower: 210821560651360572675896360671414673172
upper: 15618062003214643351512781541041391612
Result (wrap): true
2025-05-02 21:40:31 INFO  ChordProtocols:179 - Finger 38 peker n책 til: process2
2025-05-02 21:40:31 INFO  ChordProtocols:173 - Beregner fingerID for finger 39: 210821560651360572675896361221170487060
id: 210821560651360572675896361221170487060
lower: 210821560651360572675896360671414673172
upper: 15618062003214643351512781541041391612
Result (wrap): true
2025-05-02 21:40:31 INFO  ChordProtocols:179 - Finger 39 peker n책 til: process2
2025-05-02 21:40:31 INFO  ChordProtocols:173 - Beregner fingerID for finger 40: 210821560651360572675896361770926300948
id: 210821560651360572675896361770926300948
lower: 210821560651360572675896360671414673172
upper: 15618062003214643351512781541041391612
Result (wrap): true
2025-05-02 21:40:31 INFO  ChordProtocols:179 - Finger 40 peker n책 til: process2
2025-05-02 21:40:31 INFO  ChordProtocols:173 - Beregner fingerID for finger 41: 210821560651360572675896362870437928724
id: 210821560651360572675896362870437928724
lower: 210821560651360572675896360671414673172
upper: 15618062003214643351512781541041391612
Result (wrap): true
2025-05-02 21:40:31 INFO  ChordProtocols:179 - Finger 41 peker n책 til: process2
2025-05-02 21:40:31 INFO  ChordProtocols:173 - Beregner fingerID for finger 42: 210821560651360572675896365069461184276
id: 210821560651360572675896365069461184276
lower: 210821560651360572675896360671414673172
upper: 15618062003214643351512781541041391612
Result (wrap): true
2025-05-02 21:40:31 INFO  ChordProtocols:179 - Finger 42 peker n책 til: process2
2025-05-02 21:40:31 INFO  ChordProtocols:173 - Beregner fingerID for finger 43: 210821560651360572675896369467507695380
id: 210821560651360572675896369467507695380
lower: 210821560651360572675896360671414673172
upper: 15618062003214643351512781541041391612
Result (wrap): true
2025-05-02 21:40:31 INFO  ChordProtocols:179 - Finger 43 peker n책 til: process2
2025-05-02 21:40:31 INFO  ChordProtocols:173 - Beregner fingerID for finger 44: 210821560651360572675896378263600717588
id: 210821560651360572675896378263600717588
lower: 210821560651360572675896360671414673172
upper: 15618062003214643351512781541041391612
Result (wrap): true
2025-05-02 21:40:31 INFO  ChordProtocols:179 - Finger 44 peker n책 til: process2
2025-05-02 21:40:31 INFO  ChordProtocols:173 - Beregner fingerID for finger 45: 210821560651360572675896395855786762004
id: 210821560651360572675896395855786762004
lower: 210821560651360572675896360671414673172
upper: 15618062003214643351512781541041391612
Result (wrap): true
2025-05-02 21:40:31 INFO  ChordProtocols:179 - Finger 45 peker n책 til: process2
2025-05-02 21:40:31 INFO  ChordProtocols:173 - Beregner fingerID for finger 46: 210821560651360572675896431040158850836
id: 210821560651360572675896431040158850836
lower: 210821560651360572675896360671414673172
upper: 15618062003214643351512781541041391612
Result (wrap): true
2025-05-02 21:40:31 INFO  ChordProtocols:179 - Finger 46 peker n책 til: process2
2025-05-02 21:40:31 INFO  ChordProtocols:173 - Beregner fingerID for finger 47: 210821560651360572675896501408903028500
id: 210821560651360572675896501408903028500
lower: 210821560651360572675896360671414673172
upper: 15618062003214643351512781541041391612
Result (wrap): true
2025-05-02 21:40:31 INFO  ChordProtocols:179 - Finger 47 peker n책 til: process2
2025-05-02 21:40:31 INFO  ChordProtocols:173 - Beregner fingerID for finger 48: 210821560651360572675896642146391383828
id: 210821560651360572675896642146391383828
lower: 210821560651360572675896360671414673172
upper: 15618062003214643351512781541041391612
Result (wrap): true
2025-05-02 21:40:31 INFO  ChordProtocols:179 - Finger 48 peker n책 til: process2
2025-05-02 21:40:31 INFO  ChordProtocols:173 - Beregner fingerID for finger 49: 210821560651360572675896923621368094484
id: 210821560651360572675896923621368094484
lower: 210821560651360572675896360671414673172
upper: 15618062003214643351512781541041391612
Result (wrap): true
2025-05-02 21:40:31 INFO  ChordProtocols:179 - Finger 49 peker n책 til: process2
2025-05-02 21:40:31 INFO  ChordProtocols:173 - Beregner fingerID for finger 50: 210821560651360572675897486571321515796
id: 210821560651360572675897486571321515796
lower: 210821560651360572675896360671414673172
upper: 15618062003214643351512781541041391612
Result (wrap): true
2025-05-02 21:40:31 INFO  ChordProtocols:179 - Finger 50 peker n책 til: process2
2025-05-02 21:40:31 INFO  ChordProtocols:173 - Beregner fingerID for finger 51: 210821560651360572675898612471228358420
id: 210821560651360572675898612471228358420
lower: 210821560651360572675896360671414673172
upper: 15618062003214643351512781541041391612
Result (wrap): true
2025-05-02 21:40:31 INFO  ChordProtocols:179 - Finger 51 peker n책 til: process2
2025-05-02 21:40:31 INFO  ChordProtocols:173 - Beregner fingerID for finger 52: 210821560651360572675900864271042043668
id: 210821560651360572675900864271042043668
lower: 210821560651360572675896360671414673172
upper: 15618062003214643351512781541041391612
Result (wrap): true
2025-05-02 21:40:31 INFO  ChordProtocols:179 - Finger 52 peker n책 til: process2
2025-05-02 21:40:31 INFO  ChordProtocols:173 - Beregner fingerID for finger 53: 210821560651360572675905367870669414164
id: 210821560651360572675905367870669414164
lower: 210821560651360572675896360671414673172
upper: 15618062003214643351512781541041391612
Result (wrap): true
2025-05-02 21:40:31 INFO  ChordProtocols:179 - Finger 53 peker n책 til: process2
2025-05-02 21:40:31 INFO  ChordProtocols:173 - Beregner fingerID for finger 54: 210821560651360572675914375069924155156
id: 210821560651360572675914375069924155156
lower: 210821560651360572675896360671414673172
upper: 15618062003214643351512781541041391612
Result (wrap): true
2025-05-02 21:40:31 INFO  ChordProtocols:179 - Finger 54 peker n책 til: process2
2025-05-02 21:40:31 INFO  ChordProtocols:173 - Beregner fingerID for finger 55: 210821560651360572675932389468433637140
id: 210821560651360572675932389468433637140
lower: 210821560651360572675896360671414673172
upper: 15618062003214643351512781541041391612
Result (wrap): true
2025-05-02 21:40:31 INFO  ChordProtocols:179 - Finger 55 peker n책 til: process2
2025-05-02 21:40:31 INFO  ChordProtocols:173 - Beregner fingerID for finger 56: 210821560651360572675968418265452601108
id: 210821560651360572675968418265452601108
lower: 210821560651360572675896360671414673172
upper: 15618062003214643351512781541041391612
Result (wrap): true
2025-05-02 21:40:31 INFO  ChordProtocols:179 - Finger 56 peker n책 til: process2
2025-05-02 21:40:31 INFO  ChordProtocols:173 - Beregner fingerID for finger 57: 210821560651360572676040475859490529044
id: 210821560651360572676040475859490529044
lower: 210821560651360572675896360671414673172
upper: 15618062003214643351512781541041391612
Result (wrap): true
2025-05-02 21:40:31 INFO  ChordProtocols:179 - Finger 57 peker n책 til: process2
2025-05-02 21:40:31 INFO  ChordProtocols:173 - Beregner fingerID for finger 58: 210821560651360572676184591047566384916
id: 210821560651360572676184591047566384916
lower: 210821560651360572675896360671414673172
upper: 15618062003214643351512781541041391612
Result (wrap): true
2025-05-02 21:40:31 INFO  ChordProtocols:179 - Finger 58 peker n책 til: process2
2025-05-02 21:40:31 INFO  ChordProtocols:173 - Beregner fingerID for finger 59: 210821560651360572676472821423718096660
id: 210821560651360572676472821423718096660
lower: 210821560651360572675896360671414673172
upper: 15618062003214643351512781541041391612
Result (wrap): true
2025-05-02 21:40:31 INFO  ChordProtocols:179 - Finger 59 peker n책 til: process2
2025-05-02 21:40:31 INFO  ChordProtocols:173 - Beregner fingerID for finger 60: 210821560651360572677049282176021520148
id: 210821560651360572677049282176021520148
lower: 210821560651360572675896360671414673172
upper: 15618062003214643351512781541041391612
Result (wrap): true
2025-05-02 21:40:31 INFO  ChordProtocols:179 - Finger 60 peker n책 til: process2
2025-05-02 21:40:31 INFO  ChordProtocols:173 - Beregner fingerID for finger 61: 210821560651360572678202203680628367124
id: 210821560651360572678202203680628367124
lower: 210821560651360572675896360671414673172
upper: 15618062003214643351512781541041391612
Result (wrap): true
2025-05-02 21:40:31 INFO  ChordProtocols:179 - Finger 61 peker n책 til: process2
2025-05-02 21:40:31 INFO  ChordProtocols:173 - Beregner fingerID for finger 62: 210821560651360572680508046689842061076
id: 210821560651360572680508046689842061076
lower: 210821560651360572675896360671414673172
upper: 15618062003214643351512781541041391612
Result (wrap): true
2025-05-02 21:40:31 INFO  ChordProtocols:179 - Finger 62 peker n책 til: process2
2025-05-02 21:40:31 INFO  ChordProtocols:173 - Beregner fingerID for finger 63: 210821560651360572685119732708269448980
id: 210821560651360572685119732708269448980
lower: 210821560651360572675896360671414673172
upper: 15618062003214643351512781541041391612
Result (wrap): true
2025-05-02 21:40:31 INFO  ChordProtocols:179 - Finger 63 peker n책 til: process2
2025-05-02 21:40:31 INFO  ChordProtocols:173 - Beregner fingerID for finger 64: 210821560651360572694343104745124224788
id: 210821560651360572694343104745124224788
lower: 210821560651360572675896360671414673172
upper: 15618062003214643351512781541041391612
Result (wrap): true
2025-05-02 21:40:31 INFO  ChordProtocols:179 - Finger 64 peker n책 til: process2
2025-05-02 21:40:31 INFO  ChordProtocols:173 - Beregner fingerID for finger 65: 210821560651360572712789848818833776404
id: 210821560651360572712789848818833776404
lower: 210821560651360572675896360671414673172
upper: 15618062003214643351512781541041391612
Result (wrap): true
2025-05-02 21:40:31 INFO  ChordProtocols:179 - Finger 65 peker n책 til: process2
2025-05-02 21:40:31 INFO  ChordProtocols:173 - Beregner fingerID for finger 66: 210821560651360572749683336966252879636
id: 210821560651360572749683336966252879636
lower: 210821560651360572675896360671414673172
upper: 15618062003214643351512781541041391612
Result (wrap): true
2025-05-02 21:40:31 INFO  ChordProtocols:179 - Finger 66 peker n책 til: process2
2025-05-02 21:40:31 INFO  ChordProtocols:173 - Beregner fingerID for finger 67: 210821560651360572823470313261091086100
id: 210821560651360572823470313261091086100
lower: 210821560651360572675896360671414673172
upper: 15618062003214643351512781541041391612
Result (wrap): true
2025-05-02 21:40:31 INFO  ChordProtocols:179 - Finger 67 peker n책 til: process2
2025-05-02 21:40:31 INFO  ChordProtocols:173 - Beregner fingerID for finger 68: 210821560651360572971044265850767499028
id: 210821560651360572971044265850767499028
lower: 210821560651360572675896360671414673172
upper: 15618062003214643351512781541041391612
Result (wrap): true
2025-05-02 21:40:31 INFO  ChordProtocols:179 - Finger 68 peker n책 til: process2
2025-05-02 21:40:31 INFO  ChordProtocols:173 - Beregner fingerID for finger 69: 210821560651360573266192171030120324884
id: 210821560651360573266192171030120324884
lower: 210821560651360572675896360671414673172
upper: 15618062003214643351512781541041391612
Result (wrap): true
2025-05-02 21:40:31 INFO  ChordProtocols:179 - Finger 69 peker n책 til: process2
2025-05-02 21:40:31 INFO  ChordProtocols:173 - Beregner fingerID for finger 70: 210821560651360573856487981388825976596
id: 210821560651360573856487981388825976596
lower: 210821560651360572675896360671414673172
upper: 15618062003214643351512781541041391612
Result (wrap): true
2025-05-02 21:40:31 INFO  ChordProtocols:179 - Finger 70 peker n책 til: process2
2025-05-02 21:40:31 INFO  ChordProtocols:173 - Beregner fingerID for finger 71: 210821560651360575037079602106237280020
id: 210821560651360575037079602106237280020
lower: 210821560651360572675896360671414673172
upper: 15618062003214643351512781541041391612
Result (wrap): true
2025-05-02 21:40:31 INFO  ChordProtocols:179 - Finger 71 peker n책 til: process2
2025-05-02 21:40:31 INFO  ChordProtocols:173 - Beregner fingerID for finger 72: 210821560651360577398262843541059886868
id: 210821560651360577398262843541059886868
lower: 210821560651360572675896360671414673172
upper: 15618062003214643351512781541041391612
Result (wrap): true
2025-05-02 21:40:31 INFO  ChordProtocols:179 - Finger 72 peker n책 til: process2
2025-05-02 21:40:31 INFO  ChordProtocols:173 - Beregner fingerID for finger 73: 210821560651360582120629326410705100564
id: 210821560651360582120629326410705100564
lower: 210821560651360572675896360671414673172
upper: 15618062003214643351512781541041391612
Result (wrap): true
2025-05-02 21:40:31 INFO  ChordProtocols:179 - Finger 73 peker n책 til: process2
2025-05-02 21:40:31 INFO  ChordProtocols:173 - Beregner fingerID for finger 74: 210821560651360591565362292149995527956
id: 210821560651360591565362292149995527956
lower: 210821560651360572675896360671414673172
upper: 15618062003214643351512781541041391612
Result (wrap): true
2025-05-02 21:40:31 INFO  ChordProtocols:179 - Finger 74 peker n책 til: process2
2025-05-02 21:40:31 INFO  ChordProtocols:173 - Beregner fingerID for finger 75: 210821560651360610454828223628576382740
id: 210821560651360610454828223628576382740
lower: 210821560651360572675896360671414673172
upper: 15618062003214643351512781541041391612
Result (wrap): true
2025-05-02 21:40:31 INFO  ChordProtocols:179 - Finger 75 peker n책 til: process2
2025-05-02 21:40:31 INFO  ChordProtocols:173 - Beregner fingerID for finger 76: 210821560651360648233760086585738092308
id: 210821560651360648233760086585738092308
lower: 210821560651360572675896360671414673172
upper: 15618062003214643351512781541041391612
Result (wrap): true
2025-05-02 21:40:31 INFO  ChordProtocols:179 - Finger 76 peker n책 til: process2
2025-05-02 21:40:31 INFO  ChordProtocols:173 - Beregner fingerID for finger 77: 210821560651360723791623812500061511444
id: 210821560651360723791623812500061511444
lower: 210821560651360572675896360671414673172
upper: 15618062003214643351512781541041391612
Result (wrap): true
2025-05-02 21:40:31 INFO  ChordProtocols:179 - Finger 77 peker n책 til: process2
2025-05-02 21:40:31 INFO  ChordProtocols:173 - Beregner fingerID for finger 78: 210821560651360874907351264328708349716
id: 210821560651360874907351264328708349716
lower: 210821560651360572675896360671414673172
upper: 15618062003214643351512781541041391612
Result (wrap): true
2025-05-02 21:40:31 INFO  ChordProtocols:179 - Finger 78 peker n책 til: process2
2025-05-02 21:40:31 INFO  ChordProtocols:173 - Beregner fingerID for finger 79: 210821560651361177138806167986002026260
id: 210821560651361177138806167986002026260
lower: 210821560651360572675896360671414673172
upper: 15618062003214643351512781541041391612
Result (wrap): true
2025-05-02 21:40:31 INFO  ChordProtocols:179 - Finger 79 peker n책 til: process2
2025-05-02 21:40:31 INFO  ChordProtocols:173 - Beregner fingerID for finger 80: 210821560651361781601715975300589379348
id: 210821560651361781601715975300589379348
lower: 210821560651360572675896360671414673172
upper: 15618062003214643351512781541041391612
Result (wrap): true
2025-05-02 21:40:31 INFO  ChordProtocols:179 - Finger 80 peker n책 til: process2
2025-05-02 21:40:31 INFO  ChordProtocols:173 - Beregner fingerID for finger 81: 210821560651362990527535589929764085524
id: 210821560651362990527535589929764085524
lower: 210821560651360572675896360671414673172
upper: 15618062003214643351512781541041391612
Result (wrap): true
2025-05-02 21:40:31 INFO  ChordProtocols:179 - Finger 81 peker n책 til: process2
2025-05-02 21:40:31 INFO  ChordProtocols:173 - Beregner fingerID for finger 82: 210821560651365408379174819188113497876
id: 210821560651365408379174819188113497876
lower: 210821560651360572675896360671414673172
upper: 15618062003214643351512781541041391612
Result (wrap): true
2025-05-02 21:40:31 INFO  ChordProtocols:179 - Finger 82 peker n책 til: process2
2025-05-02 21:40:31 INFO  ChordProtocols:173 - Beregner fingerID for finger 83: 210821560651370244082453277704812322580
id: 210821560651370244082453277704812322580
lower: 210821560651360572675896360671414673172
upper: 15618062003214643351512781541041391612
Result (wrap): true
2025-05-02 21:40:31 INFO  ChordProtocols:179 - Finger 83 peker n책 til: process2
2025-05-02 21:40:31 INFO  ChordProtocols:173 - Beregner fingerID for finger 84: 210821560651379915489010194738209971988
id: 210821560651379915489010194738209971988
lower: 210821560651360572675896360671414673172
upper: 15618062003214643351512781541041391612
Result (wrap): true
2025-05-02 21:40:31 INFO  ChordProtocols:179 - Finger 84 peker n책 til: process2
2025-05-02 21:40:31 INFO  ChordProtocols:173 - Beregner fingerID for finger 85: 210821560651399258302124028805005270804
id: 210821560651399258302124028805005270804
lower: 210821560651360572675896360671414673172
upper: 15618062003214643351512781541041391612
Result (wrap): true
2025-05-02 21:40:31 INFO  ChordProtocols:179 - Finger 85 peker n책 til: process2
2025-05-02 21:40:31 INFO  ChordProtocols:173 - Beregner fingerID for finger 86: 210821560651437943928351696938595868436
id: 210821560651437943928351696938595868436
lower: 210821560651360572675896360671414673172
upper: 15618062003214643351512781541041391612
Result (wrap): true
2025-05-02 21:40:31 INFO  ChordProtocols:179 - Finger 86 peker n책 til: process2
2025-05-02 21:40:31 INFO  ChordProtocols:173 - Beregner fingerID for finger 87: 210821560651515315180807033205777063700
id: 210821560651515315180807033205777063700
lower: 210821560651360572675896360671414673172
upper: 15618062003214643351512781541041391612
Result (wrap): true
2025-05-02 21:40:31 INFO  ChordProtocols:179 - Finger 87 peker n책 til: process2
2025-05-02 21:40:31 INFO  ChordProtocols:173 - Beregner fingerID for finger 88: 210821560651670057685717705740139454228
id: 210821560651670057685717705740139454228
lower: 210821560651360572675896360671414673172
upper: 15618062003214643351512781541041391612
Result (wrap): true
2025-05-02 21:40:31 INFO  ChordProtocols:179 - Finger 88 peker n책 til: process2
2025-05-02 21:40:31 INFO  ChordProtocols:173 - Beregner fingerID for finger 89: 210821560651979542695539050808864235284
id: 210821560651979542695539050808864235284
lower: 210821560651360572675896360671414673172
upper: 15618062003214643351512781541041391612
Result (wrap): true
2025-05-02 21:40:31 INFO  ChordProtocols:179 - Finger 89 peker n책 til: process2
2025-05-02 21:40:31 INFO  ChordProtocols:173 - Beregner fingerID for finger 90: 210821560652598512715181740946313797396
id: 210821560652598512715181740946313797396
lower: 210821560651360572675896360671414673172
upper: 15618062003214643351512781541041391612
Result (wrap): true
2025-05-02 21:40:31 INFO  ChordProtocols:179 - Finger 90 peker n책 til: process2
2025-05-02 21:40:31 INFO  ChordProtocols:173 - Beregner fingerID for finger 91: 210821560653836452754467121221212921620
id: 210821560653836452754467121221212921620
lower: 210821560651360572675896360671414673172
upper: 15618062003214643351512781541041391612
Result (wrap): true
2025-05-02 21:40:31 INFO  ChordProtocols:179 - Finger 91 peker n책 til: process2
2025-05-02 21:40:31 INFO  ChordProtocols:173 - Beregner fingerID for finger 92: 210821560656312332833037881771011170068
id: 210821560656312332833037881771011170068
lower: 210821560651360572675896360671414673172
upper: 15618062003214643351512781541041391612
Result (wrap): true
2025-05-02 21:40:31 INFO  ChordProtocols:179 - Finger 92 peker n책 til: process2
2025-05-02 21:40:31 INFO  ChordProtocols:173 - Beregner fingerID for finger 93: 210821560661264092990179402870607666964
id: 210821560661264092990179402870607666964
lower: 210821560651360572675896360671414673172
upper: 15618062003214643351512781541041391612
Result (wrap): true
2025-05-02 21:40:31 INFO  ChordProtocols:179 - Finger 93 peker n책 til: process2
2025-05-02 21:40:31 INFO  ChordProtocols:173 - Beregner fingerID for finger 94: 210821560671167613304462445069800660756
id: 210821560671167613304462445069800660756
lower: 210821560651360572675896360671414673172
upper: 15618062003214643351512781541041391612
Result (wrap): true
2025-05-02 21:40:31 INFO  ChordProtocols:179 - Finger 94 peker n책 til: process2
2025-05-02 21:40:31 INFO  ChordProtocols:173 - Beregner fingerID for finger 95: 210821560690974653933028529468186648340
id: 210821560690974653933028529468186648340
lower: 210821560651360572675896360671414673172
upper: 15618062003214643351512781541041391612
Result (wrap): true
2025-05-02 21:40:31 INFO  ChordProtocols:179 - Finger 95 peker n책 til: process2
2025-05-02 21:40:31 INFO  ChordProtocols:173 - Beregner fingerID for finger 96: 210821560730588735190160698264958623508
id: 210821560730588735190160698264958623508
lower: 210821560651360572675896360671414673172
upper: 15618062003214643351512781541041391612
Result (wrap): true
2025-05-02 21:40:31 INFO  ChordProtocols:179 - Finger 96 peker n책 til: process2
2025-05-02 21:40:31 INFO  ChordProtocols:173 - Beregner fingerID for finger 97: 210821560809816897704425035858502573844
id: 210821560809816897704425035858502573844
lower: 210821560651360572675896360671414673172
upper: 15618062003214643351512781541041391612
Result (wrap): true
2025-05-02 21:40:31 INFO  ChordProtocols:179 - Finger 97 peker n책 til: process2
2025-05-02 21:40:31 INFO  ChordProtocols:173 - Beregner fingerID for finger 98: 210821560968273222732953711045590474516
id: 210821560968273222732953711045590474516
lower: 210821560651360572675896360671414673172
upper: 15618062003214643351512781541041391612
Result (wrap): true
2025-05-02 21:40:31 INFO  ChordProtocols:179 - Finger 98 peker n책 til: process2
2025-05-02 21:40:31 INFO  ChordProtocols:173 - Beregner fingerID for finger 99: 210821561285185872790011061419766275860
id: 210821561285185872790011061419766275860
lower: 210821560651360572675896360671414673172
upper: 15618062003214643351512781541041391612
Result (wrap): true
2025-05-02 21:40:31 INFO  ChordProtocols:179 - Finger 99 peker n책 til: process2
2025-05-02 21:40:31 INFO  ChordProtocols:173 - Beregner fingerID for finger 100: 210821561919011172904125762168117878548
id: 210821561919011172904125762168117878548
lower: 210821560651360572675896360671414673172
upper: 15618062003214643351512781541041391612
Result (wrap): true
2025-05-02 21:40:31 INFO  ChordProtocols:179 - Finger 100 peker n책 til: process2
2025-05-02 21:40:31 INFO  ChordProtocols:173 - Beregner fingerID for finger 101: 210821563186661773132355163664821083924
id: 210821563186661773132355163664821083924
lower: 210821560651360572675896360671414673172
upper: 15618062003214643351512781541041391612
Result (wrap): true
2025-05-02 21:40:31 INFO  ChordProtocols:179 - Finger 101 peker n책 til: process2
2025-05-02 21:40:31 INFO  ChordProtocols:173 - Beregner fingerID for finger 102: 210821565721962973588813966658227494676
id: 210821565721962973588813966658227494676
lower: 210821560651360572675896360671414673172
upper: 15618062003214643351512781541041391612
Result (wrap): true
2025-05-02 21:40:31 INFO  ChordProtocols:179 - Finger 102 peker n책 til: process2
2025-05-02 21:40:31 INFO  ChordProtocols:173 - Beregner fingerID for finger 103: 210821570792565374501731572645040316180
id: 210821570792565374501731572645040316180
lower: 210821560651360572675896360671414673172
upper: 15618062003214643351512781541041391612
Result (wrap): true
2025-05-02 21:40:31 INFO  ChordProtocols:179 - Finger 103 peker n책 til: process2
2025-05-02 21:40:31 INFO  ChordProtocols:173 - Beregner fingerID for finger 104: 210821580933770176327566784618665959188
id: 210821580933770176327566784618665959188
lower: 210821560651360572675896360671414673172
upper: 15618062003214643351512781541041391612
Result (wrap): true
2025-05-02 21:40:31 INFO  ChordProtocols:179 - Finger 104 peker n책 til: process2
2025-05-02 21:40:31 INFO  ChordProtocols:173 - Beregner fingerID for finger 105: 210821601216179779979237208565917245204
id: 210821601216179779979237208565917245204
lower: 210821560651360572675896360671414673172
upper: 15618062003214643351512781541041391612
Result (wrap): true
2025-05-02 21:40:31 INFO  ChordProtocols:179 - Finger 105 peker n책 til: process2
2025-05-02 21:40:31 INFO  ChordProtocols:173 - Beregner fingerID for finger 106: 210821641780998987282578056460419817236
id: 210821641780998987282578056460419817236
lower: 210821560651360572675896360671414673172
upper: 15618062003214643351512781541041391612
Result (wrap): true
2025-05-02 21:40:31 INFO  ChordProtocols:179 - Finger 106 peker n책 til: process2
2025-05-02 21:40:31 INFO  ChordProtocols:173 - Beregner fingerID for finger 107: 210821722910637401889259752249424961300
id: 210821722910637401889259752249424961300
lower: 210821560651360572675896360671414673172
upper: 15618062003214643351512781541041391612
Result (wrap): true
2025-05-02 21:40:31 INFO  ChordProtocols:179 - Finger 107 peker n책 til: process2
2025-05-02 21:40:31 INFO  ChordProtocols:173 - Beregner fingerID for finger 108: 210821885169914231102623143827435249428
id: 210821885169914231102623143827435249428
lower: 210821560651360572675896360671414673172
upper: 15618062003214643351512781541041391612
Result (wrap): true
2025-05-02 21:40:31 INFO  ChordProtocols:179 - Finger 108 peker n책 til: process2
2025-05-02 21:40:31 INFO  ChordProtocols:173 - Beregner fingerID for finger 109: 210822209688467889529349926983455825684
id: 210822209688467889529349926983455825684
lower: 210821560651360572675896360671414673172
upper: 15618062003214643351512781541041391612
Result (wrap): true
2025-05-02 21:40:31 INFO  ChordProtocols:179 - Finger 109 peker n책 til: process2
2025-05-02 21:40:31 INFO  ChordProtocols:173 - Beregner fingerID for finger 110: 210822858725575206382803493295496978196
id: 210822858725575206382803493295496978196
lower: 210821560651360572675896360671414673172
upper: 15618062003214643351512781541041391612
Result (wrap): true
2025-05-02 21:40:31 INFO  ChordProtocols:179 - Finger 110 peker n책 til: process2
2025-05-02 21:40:31 INFO  ChordProtocols:173 - Beregner fingerID for finger 111: 210824156799789840089710625919579283220
id: 210824156799789840089710625919579283220
lower: 210821560651360572675896360671414673172
upper: 15618062003214643351512781541041391612
Result (wrap): true
2025-05-02 21:40:31 INFO  ChordProtocols:179 - Finger 111 peker n책 til: process2
2025-05-02 21:40:31 INFO  ChordProtocols:173 - Beregner fingerID for finger 112: 210826752948219107503524891167743893268
id: 210826752948219107503524891167743893268
lower: 210821560651360572675896360671414673172
upper: 15618062003214643351512781541041391612
Result (wrap): true
2025-05-02 21:40:31 INFO  ChordProtocols:179 - Finger 112 peker n책 til: process2
2025-05-02 21:40:31 INFO  ChordProtocols:173 - Beregner fingerID for finger 113: 210831945245077642331153421664073113364
id: 210831945245077642331153421664073113364
lower: 210821560651360572675896360671414673172
upper: 15618062003214643351512781541041391612
Result (wrap): true
2025-05-02 21:40:31 INFO  ChordProtocols:179 - Finger 113 peker n책 til: process2
2025-05-02 21:40:31 INFO  ChordProtocols:173 - Beregner fingerID for finger 114: 210842329838794711986410482656731553556
id: 210842329838794711986410482656731553556
lower: 210821560651360572675896360671414673172
upper: 15618062003214643351512781541041391612
Result (wrap): true
2025-05-02 21:40:31 INFO  ChordProtocols:179 - Finger 114 peker n책 til: process2
2025-05-02 21:40:31 INFO  ChordProtocols:173 - Beregner fingerID for finger 115: 210863099026228851296924604642048433940
id: 210863099026228851296924604642048433940
lower: 210821560651360572675896360671414673172
upper: 15618062003214643351512781541041391612
Result (wrap): true
2025-05-02 21:40:31 INFO  ChordProtocols:179 - Finger 115 peker n책 til: process2
2025-05-02 21:40:31 INFO  ChordProtocols:173 - Beregner fingerID for finger 116: 210904637401097129917952848612682194708
id: 210904637401097129917952848612682194708
lower: 210821560651360572675896360671414673172
upper: 15618062003214643351512781541041391612
Result (wrap): true
2025-05-02 21:40:31 INFO  ChordProtocols:179 - Finger 116 peker n책 til: process2
2025-05-02 21:40:31 INFO  ChordProtocols:173 - Beregner fingerID for finger 117: 210987714150833687160009336553949716244
id: 210987714150833687160009336553949716244
lower: 210821560651360572675896360671414673172
upper: 15618062003214643351512781541041391612
Result (wrap): true
2025-05-02 21:40:31 INFO  ChordProtocols:179 - Finger 117 peker n책 til: process2
2025-05-02 21:40:31 INFO  ChordProtocols:173 - Beregner fingerID for finger 118: 211153867650306801644122312436484759316
id: 211153867650306801644122312436484759316
lower: 210821560651360572675896360671414673172
upper: 15618062003214643351512781541041391612
Result (wrap): true
2025-05-02 21:40:31 INFO  ChordProtocols:179 - Finger 118 peker n책 til: process2
2025-05-02 21:40:31 INFO  ChordProtocols:173 - Beregner fingerID for finger 119: 211486174649253030612348264201554845460
id: 211486174649253030612348264201554845460
lower: 210821560651360572675896360671414673172
upper: 15618062003214643351512781541041391612
Result (wrap): true
2025-05-02 21:40:31 INFO  ChordProtocols:179 - Finger 119 peker n책 til: process2
2025-05-02 21:40:31 INFO  ChordProtocols:173 - Beregner fingerID for finger 120: 212150788647145488548800167731695017748
id: 212150788647145488548800167731695017748
lower: 210821560651360572675896360671414673172
upper: 15618062003214643351512781541041391612
Result (wrap): true
2025-05-02 21:40:31 INFO  ChordProtocols:179 - Finger 120 peker n책 til: process2
2025-05-02 21:40:31 INFO  ChordProtocols:173 - Beregner fingerID for finger 121: 213480016642930404421703974791975362324
id: 213480016642930404421703974791975362324
lower: 210821560651360572675896360671414673172
upper: 15618062003214643351512781541041391612
Result (wrap): true
2025-05-02 21:40:31 INFO  ChordProtocols:179 - Finger 121 peker n책 til: process2
2025-05-02 21:40:31 INFO  ChordProtocols:173 - Beregner fingerID for finger 122: 216138472634500236167511588912536051476
id: 216138472634500236167511588912536051476
lower: 210821560651360572675896360671414673172
upper: 15618062003214643351512781541041391612
Result (wrap): true
2025-05-02 21:40:31 INFO  ChordProtocols:179 - Finger 122 peker n책 til: process2
2025-05-02 21:40:31 INFO  ChordProtocols:173 - Beregner fingerID for finger 123: 221455384617639899659126817153657429780
id: 221455384617639899659126817153657429780
lower: 210821560651360572675896360671414673172
upper: 15618062003214643351512781541041391612
Result (wrap): true
2025-05-02 21:40:31 INFO  ChordProtocols:179 - Finger 123 peker n책 til: process2
2025-05-02 21:40:31 INFO  ChordProtocols:173 - Beregner fingerID for finger 124: 232089208583919226642357273635900186388
id: 232089208583919226642357273635900186388
lower: 210821560651360572675896360671414673172
upper: 15618062003214643351512781541041391612
Result (wrap): true
2025-05-02 21:40:31 INFO  ChordProtocols:179 - Finger 124 peker n책 til: process2
2025-05-02 21:40:31 INFO  ChordProtocols:173 - Beregner fingerID for finger 125: 253356856516477880608818186600385699604
id: 253356856516477880608818186600385699604
lower: 210821560651360572675896360671414673172
upper: 15618062003214643351512781541041391612
Result (wrap): true
2025-05-02 21:40:31 INFO  ChordProtocols:179 - Finger 125 peker n책 til: process2
2025-05-02 21:40:31 INFO  ChordProtocols:173 - Beregner fingerID for finger 126: 295892152381595188541740012529356726036
id: 295892152381595188541740012529356726036
lower: 210821560651360572675896360671414673172
upper: 15618062003214643351512781541041391612
Result (wrap): true
2025-05-02 21:40:31 INFO  ChordProtocols:179 - Finger 126 peker n책 til: process2
2025-05-02 21:40:31 INFO  ChordProtocols:173 - Beregner fingerID for finger 127: 40680377190891340944209056955530567444
id: 40680377190891340944209056955530567444
lower: 210821560651360572675896360671414673172
upper: 15618062003214643351512781541041391612
Result (wrap): false
id: 15618062003214643351512781541041391612
lower: 210821560651360572675896360671414673172
upper: 40680377190891340944209056955530567444
Result (wrap): true
id: 40680377190891340944209056955530567444
lower: 15618062003214643351512781541041391612
upper: 53937554629190552131995290006614509577
Result (no wrap): true
2025-05-02 21:40:31 INFO  ChordProtocols:179 - Finger 127 peker n책 til: process1
2025-05-02 21:40:31 INFO  StabilizationProtocols:60 - Checking the predecessor for Node: process4
==================================
Node Identifier = 210821560651360572675896360671414673172
Node IP address = process4
successor(process4) = process2
predecessor(process4) = process5
Current File keys for process4 => []
==================================
2025-05-02 21:40:31 INFO  StabilizationProtocols:130 - Updating the successor for Node: process5
id: 121411138451101288395601026024677976157
lower: 121411138451101288395601026024677976156
upper: 210821560651360572675896360671414673172
Result (no wrap): true
2025-05-02 21:40:31 INFO  StabilizationProtocols:84 - Stabilizing ring from process5...
2025-05-02 21:40:31 INFO  StabilizationProtocols:91 - Stabilize ring: succnode = process4
id: 121411138451101288395601026024677976156
lower: 121411138451101288395601026024677976157
upper: 210821560651360572675896360671414673173
Result (no wrap): false
2025-05-02 21:40:31 INFO  StabilizationProtocols:113 - Finished stabilizing chordring from process5
2025-05-02 21:40:31 INFO  ChordProtocols:159 - Oppdaterer FingerTable for Node: process5
2025-05-02 21:40:31 INFO  ChordProtocols:173 - Beregner fingerID for finger 0: 121411138451101288395601026024677976157
id: 121411138451101288395601026024677976157
lower: 121411138451101288395601026024677976156
upper: 210821560651360572675896360671414673172
Result (no wrap): true
2025-05-02 21:40:31 INFO  ChordProtocols:179 - Finger 0 peker n책 til: process4
2025-05-02 21:40:31 INFO  ChordProtocols:173 - Beregner fingerID for finger 1: 121411138451101288395601026024677976158
id: 121411138451101288395601026024677976158
lower: 121411138451101288395601026024677976156
upper: 210821560651360572675896360671414673172
Result (no wrap): true
2025-05-02 21:40:31 INFO  ChordProtocols:179 - Finger 1 peker n책 til: process4
2025-05-02 21:40:31 INFO  ChordProtocols:173 - Beregner fingerID for finger 2: 121411138451101288395601026024677976160
id: 121411138451101288395601026024677976160
lower: 121411138451101288395601026024677976156
upper: 210821560651360572675896360671414673172
Result (no wrap): true
2025-05-02 21:40:31 INFO  ChordProtocols:179 - Finger 2 peker n책 til: process4
2025-05-02 21:40:31 INFO  ChordProtocols:173 - Beregner fingerID for finger 3: 121411138451101288395601026024677976164
id: 121411138451101288395601026024677976164
lower: 121411138451101288395601026024677976156
upper: 210821560651360572675896360671414673172
Result (no wrap): true
2025-05-02 21:40:31 INFO  ChordProtocols:179 - Finger 3 peker n책 til: process4
2025-05-02 21:40:31 INFO  ChordProtocols:173 - Beregner fingerID for finger 4: 121411138451101288395601026024677976172
id: 121411138451101288395601026024677976172
lower: 121411138451101288395601026024677976156
upper: 210821560651360572675896360671414673172
Result (no wrap): true
2025-05-02 21:40:31 INFO  ChordProtocols:179 - Finger 4 peker n책 til: process4
2025-05-02 21:40:31 INFO  ChordProtocols:173 - Beregner fingerID for finger 5: 121411138451101288395601026024677976188
id: 121411138451101288395601026024677976188
lower: 121411138451101288395601026024677976156
upper: 210821560651360572675896360671414673172
Result (no wrap): true
2025-05-02 21:40:31 INFO  ChordProtocols:179 - Finger 5 peker n책 til: process4
2025-05-02 21:40:31 INFO  ChordProtocols:173 - Beregner fingerID for finger 6: 121411138451101288395601026024677976220
id: 121411138451101288395601026024677976220
lower: 121411138451101288395601026024677976156
upper: 210821560651360572675896360671414673172
Result (no wrap): true
2025-05-02 21:40:31 INFO  ChordProtocols:179 - Finger 6 peker n책 til: process4
2025-05-02 21:40:31 INFO  ChordProtocols:173 - Beregner fingerID for finger 7: 121411138451101288395601026024677976284
id: 121411138451101288395601026024677976284
lower: 121411138451101288395601026024677976156
upper: 210821560651360572675896360671414673172
Result (no wrap): true
2025-05-02 21:40:31 INFO  ChordProtocols:179 - Finger 7 peker n책 til: process4
2025-05-02 21:40:31 INFO  ChordProtocols:173 - Beregner fingerID for finger 8: 121411138451101288395601026024677976412
id: 121411138451101288395601026024677976412
lower: 121411138451101288395601026024677976156
upper: 210821560651360572675896360671414673172
Result (no wrap): true
2025-05-02 21:40:31 INFO  ChordProtocols:179 - Finger 8 peker n책 til: process4
2025-05-02 21:40:31 INFO  ChordProtocols:173 - Beregner fingerID for finger 9: 121411138451101288395601026024677976668
id: 121411138451101288395601026024677976668
lower: 121411138451101288395601026024677976156
upper: 210821560651360572675896360671414673172
Result (no wrap): true
2025-05-02 21:40:31 INFO  ChordProtocols:179 - Finger 9 peker n책 til: process4
2025-05-02 21:40:31 INFO  ChordProtocols:173 - Beregner fingerID for finger 10: 121411138451101288395601026024677977180
id: 121411138451101288395601026024677977180
lower: 121411138451101288395601026024677976156
upper: 210821560651360572675896360671414673172
Result (no wrap): true
2025-05-02 21:40:31 INFO  ChordProtocols:179 - Finger 10 peker n책 til: process4
2025-05-02 21:40:31 INFO  ChordProtocols:173 - Beregner fingerID for finger 11: 121411138451101288395601026024677978204
id: 121411138451101288395601026024677978204
lower: 121411138451101288395601026024677976156
upper: 210821560651360572675896360671414673172
Result (no wrap): true
2025-05-02 21:40:31 INFO  ChordProtocols:179 - Finger 11 peker n책 til: process4
2025-05-02 21:40:31 INFO  ChordProtocols:173 - Beregner fingerID for finger 12: 121411138451101288395601026024677980252
id: 121411138451101288395601026024677980252
lower: 121411138451101288395601026024677976156
upper: 210821560651360572675896360671414673172
Result (no wrap): true
2025-05-02 21:40:31 INFO  ChordProtocols:179 - Finger 12 peker n책 til: process4
2025-05-02 21:40:31 INFO  ChordProtocols:173 - Beregner fingerID for finger 13: 121411138451101288395601026024677984348
id: 121411138451101288395601026024677984348
lower: 121411138451101288395601026024677976156
upper: 210821560651360572675896360671414673172
Result (no wrap): true
2025-05-02 21:40:31 INFO  ChordProtocols:179 - Finger 13 peker n책 til: process4
2025-05-02 21:40:31 INFO  ChordProtocols:173 - Beregner fingerID for finger 14: 121411138451101288395601026024677992540
id: 121411138451101288395601026024677992540
lower: 121411138451101288395601026024677976156
upper: 210821560651360572675896360671414673172
Result (no wrap): true
2025-05-02 21:40:31 INFO  ChordProtocols:179 - Finger 14 peker n책 til: process4
2025-05-02 21:40:31 INFO  ChordProtocols:173 - Beregner fingerID for finger 15: 121411138451101288395601026024678008924
id: 121411138451101288395601026024678008924
lower: 121411138451101288395601026024677976156
upper: 210821560651360572675896360671414673172
Result (no wrap): true
2025-05-02 21:40:31 INFO  ChordProtocols:179 - Finger 15 peker n책 til: process4
2025-05-02 21:40:31 INFO  ChordProtocols:173 - Beregner fingerID for finger 16: 121411138451101288395601026024678041692
id: 121411138451101288395601026024678041692
lower: 121411138451101288395601026024677976156
upper: 210821560651360572675896360671414673172
Result (no wrap): true
2025-05-02 21:40:31 INFO  ChordProtocols:179 - Finger 16 peker n책 til: process4
2025-05-02 21:40:31 INFO  ChordProtocols:173 - Beregner fingerID for finger 17: 121411138451101288395601026024678107228
id: 121411138451101288395601026024678107228
lower: 121411138451101288395601026024677976156
upper: 210821560651360572675896360671414673172
Result (no wrap): true
2025-05-02 21:40:31 INFO  ChordProtocols:179 - Finger 17 peker n책 til: process4
2025-05-02 21:40:31 INFO  ChordProtocols:173 - Beregner fingerID for finger 18: 121411138451101288395601026024678238300
id: 121411138451101288395601026024678238300
lower: 121411138451101288395601026024677976156
upper: 210821560651360572675896360671414673172
Result (no wrap): true
2025-05-02 21:40:31 INFO  ChordProtocols:179 - Finger 18 peker n책 til: process4
2025-05-02 21:40:31 INFO  ChordProtocols:173 - Beregner fingerID for finger 19: 121411138451101288395601026024678500444
id: 121411138451101288395601026024678500444
lower: 121411138451101288395601026024677976156
upper: 210821560651360572675896360671414673172
Result (no wrap): true
2025-05-02 21:40:31 INFO  ChordProtocols:179 - Finger 19 peker n책 til: process4
2025-05-02 21:40:31 INFO  ChordProtocols:173 - Beregner fingerID for finger 20: 121411138451101288395601026024679024732
id: 121411138451101288395601026024679024732
lower: 121411138451101288395601026024677976156
upper: 210821560651360572675896360671414673172
Result (no wrap): true
2025-05-02 21:40:31 INFO  ChordProtocols:179 - Finger 20 peker n책 til: process4
2025-05-02 21:40:31 INFO  ChordProtocols:173 - Beregner fingerID for finger 21: 121411138451101288395601026024680073308
id: 121411138451101288395601026024680073308
lower: 121411138451101288395601026024677976156
upper: 210821560651360572675896360671414673172
Result (no wrap): true
2025-05-02 21:40:31 INFO  ChordProtocols:179 - Finger 21 peker n책 til: process4
2025-05-02 21:40:31 INFO  ChordProtocols:173 - Beregner fingerID for finger 22: 121411138451101288395601026024682170460
id: 121411138451101288395601026024682170460
lower: 121411138451101288395601026024677976156
upper: 210821560651360572675896360671414673172
Result (no wrap): true
2025-05-02 21:40:31 INFO  ChordProtocols:179 - Finger 22 peker n책 til: process4
2025-05-02 21:40:31 INFO  ChordProtocols:173 - Beregner fingerID for finger 23: 121411138451101288395601026024686364764
id: 121411138451101288395601026024686364764
lower: 121411138451101288395601026024677976156
upper: 210821560651360572675896360671414673172
Result (no wrap): true
2025-05-02 21:40:31 INFO  ChordProtocols:179 - Finger 23 peker n책 til: process4
2025-05-02 21:40:31 INFO  ChordProtocols:173 - Beregner fingerID for finger 24: 121411138451101288395601026024694753372
id: 121411138451101288395601026024694753372
lower: 121411138451101288395601026024677976156
upper: 210821560651360572675896360671414673172
Result (no wrap): true
2025-05-02 21:40:31 INFO  ChordProtocols:179 - Finger 24 peker n책 til: process4
2025-05-02 21:40:31 INFO  ChordProtocols:173 - Beregner fingerID for finger 25: 121411138451101288395601026024711530588
id: 121411138451101288395601026024711530588
lower: 121411138451101288395601026024677976156
upper: 210821560651360572675896360671414673172
Result (no wrap): true
2025-05-02 21:40:31 INFO  ChordProtocols:179 - Finger 25 peker n책 til: process4
2025-05-02 21:40:31 INFO  ChordProtocols:173 - Beregner fingerID for finger 26: 121411138451101288395601026024745085020
id: 121411138451101288395601026024745085020
lower: 121411138451101288395601026024677976156
upper: 210821560651360572675896360671414673172
Result (no wrap): true
2025-05-02 21:40:31 INFO  ChordProtocols:179 - Finger 26 peker n책 til: process4
2025-05-02 21:40:31 INFO  ChordProtocols:173 - Beregner fingerID for finger 27: 121411138451101288395601026024812193884
id: 121411138451101288395601026024812193884
lower: 121411138451101288395601026024677976156
upper: 210821560651360572675896360671414673172
Result (no wrap): true
2025-05-02 21:40:31 INFO  ChordProtocols:179 - Finger 27 peker n책 til: process4
2025-05-02 21:40:31 INFO  ChordProtocols:173 - Beregner fingerID for finger 28: 121411138451101288395601026024946411612
id: 121411138451101288395601026024946411612
lower: 121411138451101288395601026024677976156
upper: 210821560651360572675896360671414673172
Result (no wrap): true
2025-05-02 21:40:31 INFO  ChordProtocols:179 - Finger 28 peker n책 til: process4
2025-05-02 21:40:31 INFO  ChordProtocols:173 - Beregner fingerID for finger 29: 121411138451101288395601026025214847068
id: 121411138451101288395601026025214847068
lower: 121411138451101288395601026024677976156
upper: 210821560651360572675896360671414673172
Result (no wrap): true
2025-05-02 21:40:31 INFO  ChordProtocols:179 - Finger 29 peker n책 til: process4
2025-05-02 21:40:31 INFO  ChordProtocols:173 - Beregner fingerID for finger 30: 121411138451101288395601026025751717980
id: 121411138451101288395601026025751717980
lower: 121411138451101288395601026024677976156
upper: 210821560651360572675896360671414673172
Result (no wrap): true
2025-05-02 21:40:31 INFO  ChordProtocols:179 - Finger 30 peker n책 til: process4
2025-05-02 21:40:31 INFO  ChordProtocols:173 - Beregner fingerID for finger 31: 121411138451101288395601026026825459804
id: 121411138451101288395601026026825459804
lower: 121411138451101288395601026024677976156
upper: 210821560651360572675896360671414673172
Result (no wrap): true
2025-05-02 21:40:31 INFO  ChordProtocols:179 - Finger 31 peker n책 til: process4
2025-05-02 21:40:31 INFO  ChordProtocols:173 - Beregner fingerID for finger 32: 121411138451101288395601026028972943452
id: 121411138451101288395601026028972943452
lower: 121411138451101288395601026024677976156
upper: 210821560651360572675896360671414673172
Result (no wrap): true
2025-05-02 21:40:31 INFO  ChordProtocols:179 - Finger 32 peker n책 til: process4
2025-05-02 21:40:31 INFO  ChordProtocols:173 - Beregner fingerID for finger 33: 121411138451101288395601026033267910748
id: 121411138451101288395601026033267910748
lower: 121411138451101288395601026024677976156
upper: 210821560651360572675896360671414673172
Result (no wrap): true
2025-05-02 21:40:31 INFO  ChordProtocols:179 - Finger 33 peker n책 til: process4
2025-05-02 21:40:31 INFO  ChordProtocols:173 - Beregner fingerID for finger 34: 121411138451101288395601026041857845340
id: 121411138451101288395601026041857845340
lower: 121411138451101288395601026024677976156
upper: 210821560651360572675896360671414673172
Result (no wrap): true
2025-05-02 21:40:31 INFO  ChordProtocols:179 - Finger 34 peker n책 til: process4
2025-05-02 21:40:31 INFO  ChordProtocols:173 - Beregner fingerID for finger 35: 121411138451101288395601026059037714524
id: 121411138451101288395601026059037714524
lower: 121411138451101288395601026024677976156
upper: 210821560651360572675896360671414673172
Result (no wrap): true
2025-05-02 21:40:31 INFO  ChordProtocols:179 - Finger 35 peker n책 til: process4
2025-05-02 21:40:31 INFO  ChordProtocols:173 - Beregner fingerID for finger 36: 121411138451101288395601026093397452892
id: 121411138451101288395601026093397452892
lower: 121411138451101288395601026024677976156
upper: 210821560651360572675896360671414673172
Result (no wrap): true
2025-05-02 21:40:31 INFO  ChordProtocols:179 - Finger 36 peker n책 til: process4
2025-05-02 21:40:31 INFO  ChordProtocols:173 - Beregner fingerID for finger 37: 121411138451101288395601026162116929628
id: 121411138451101288395601026162116929628
lower: 121411138451101288395601026024677976156
upper: 210821560651360572675896360671414673172
Result (no wrap): true
2025-05-02 21:40:31 INFO  ChordProtocols:179 - Finger 37 peker n책 til: process4
2025-05-02 21:40:31 INFO  ChordProtocols:173 - Beregner fingerID for finger 38: 121411138451101288395601026299555883100
id: 121411138451101288395601026299555883100
lower: 121411138451101288395601026024677976156
upper: 210821560651360572675896360671414673172
Result (no wrap): true
2025-05-02 21:40:31 INFO  ChordProtocols:179 - Finger 38 peker n책 til: process4
2025-05-02 21:40:31 INFO  ChordProtocols:173 - Beregner fingerID for finger 39: 121411138451101288395601026574433790044
id: 121411138451101288395601026574433790044
lower: 121411138451101288395601026024677976156
upper: 210821560651360572675896360671414673172
Result (no wrap): true
2025-05-02 21:40:31 INFO  ChordProtocols:179 - Finger 39 peker n책 til: process4
2025-05-02 21:40:31 INFO  ChordProtocols:173 - Beregner fingerID for finger 40: 121411138451101288395601027124189603932
id: 121411138451101288395601027124189603932
lower: 121411138451101288395601026024677976156
upper: 210821560651360572675896360671414673172
Result (no wrap): true
2025-05-02 21:40:31 INFO  ChordProtocols:179 - Finger 40 peker n책 til: process4
2025-05-02 21:40:31 INFO  ChordProtocols:173 - Beregner fingerID for finger 41: 121411138451101288395601028223701231708
id: 121411138451101288395601028223701231708
lower: 121411138451101288395601026024677976156
upper: 210821560651360572675896360671414673172
Result (no wrap): true
2025-05-02 21:40:31 INFO  ChordProtocols:179 - Finger 41 peker n책 til: process4
2025-05-02 21:40:31 INFO  ChordProtocols:173 - Beregner fingerID for finger 42: 121411138451101288395601030422724487260
id: 121411138451101288395601030422724487260
lower: 121411138451101288395601026024677976156
upper: 210821560651360572675896360671414673172
Result (no wrap): true
2025-05-02 21:40:31 INFO  ChordProtocols:179 - Finger 42 peker n책 til: process4
2025-05-02 21:40:31 INFO  ChordProtocols:173 - Beregner fingerID for finger 43: 121411138451101288395601034820770998364
id: 121411138451101288395601034820770998364
lower: 121411138451101288395601026024677976156
upper: 210821560651360572675896360671414673172
Result (no wrap): true
2025-05-02 21:40:31 INFO  ChordProtocols:179 - Finger 43 peker n책 til: process4
2025-05-02 21:40:31 INFO  ChordProtocols:173 - Beregner fingerID for finger 44: 121411138451101288395601043616864020572
id: 121411138451101288395601043616864020572
lower: 121411138451101288395601026024677976156
upper: 210821560651360572675896360671414673172
Result (no wrap): true
2025-05-02 21:40:31 INFO  ChordProtocols:179 - Finger 44 peker n책 til: process4
2025-05-02 21:40:31 INFO  ChordProtocols:173 - Beregner fingerID for finger 45: 121411138451101288395601061209050064988
id: 121411138451101288395601061209050064988
lower: 121411138451101288395601026024677976156
upper: 210821560651360572675896360671414673172
Result (no wrap): true
2025-05-02 21:40:31 INFO  ChordProtocols:179 - Finger 45 peker n책 til: process4
2025-05-02 21:40:31 INFO  ChordProtocols:173 - Beregner fingerID for finger 46: 121411138451101288395601096393422153820
id: 121411138451101288395601096393422153820
lower: 121411138451101288395601026024677976156
upper: 210821560651360572675896360671414673172
Result (no wrap): true
2025-05-02 21:40:31 INFO  ChordProtocols:179 - Finger 46 peker n책 til: process4
2025-05-02 21:40:31 INFO  ChordProtocols:173 - Beregner fingerID for finger 47: 121411138451101288395601166762166331484
id: 121411138451101288395601166762166331484
lower: 121411138451101288395601026024677976156
upper: 210821560651360572675896360671414673172
Result (no wrap): true
2025-05-02 21:40:31 INFO  ChordProtocols:179 - Finger 47 peker n책 til: process4
2025-05-02 21:40:31 INFO  ChordProtocols:173 - Beregner fingerID for finger 48: 121411138451101288395601307499654686812
id: 121411138451101288395601307499654686812
lower: 121411138451101288395601026024677976156
upper: 210821560651360572675896360671414673172
Result (no wrap): true
2025-05-02 21:40:31 INFO  ChordProtocols:179 - Finger 48 peker n책 til: process4
2025-05-02 21:40:31 INFO  ChordProtocols:173 - Beregner fingerID for finger 49: 121411138451101288395601588974631397468
id: 121411138451101288395601588974631397468
lower: 121411138451101288395601026024677976156
upper: 210821560651360572675896360671414673172
Result (no wrap): true
2025-05-02 21:40:31 INFO  ChordProtocols:179 - Finger 49 peker n책 til: process4
2025-05-02 21:40:31 INFO  ChordProtocols:173 - Beregner fingerID for finger 50: 121411138451101288395602151924584818780
id: 121411138451101288395602151924584818780
lower: 121411138451101288395601026024677976156
upper: 210821560651360572675896360671414673172
Result (no wrap): true
2025-05-02 21:40:31 INFO  ChordProtocols:179 - Finger 50 peker n책 til: process4
2025-05-02 21:40:31 INFO  ChordProtocols:173 - Beregner fingerID for finger 51: 121411138451101288395603277824491661404
id: 121411138451101288395603277824491661404
lower: 121411138451101288395601026024677976156
upper: 210821560651360572675896360671414673172
Result (no wrap): true
2025-05-02 21:40:31 INFO  ChordProtocols:179 - Finger 51 peker n책 til: process4
2025-05-02 21:40:31 INFO  ChordProtocols:173 - Beregner fingerID for finger 52: 121411138451101288395605529624305346652
id: 121411138451101288395605529624305346652
lower: 121411138451101288395601026024677976156
upper: 210821560651360572675896360671414673172
Result (no wrap): true
2025-05-02 21:40:31 INFO  ChordProtocols:179 - Finger 52 peker n책 til: process4
2025-05-02 21:40:31 INFO  ChordProtocols:173 - Beregner fingerID for finger 53: 121411138451101288395610033223932717148
id: 121411138451101288395610033223932717148
lower: 121411138451101288395601026024677976156
upper: 210821560651360572675896360671414673172
Result (no wrap): true
2025-05-02 21:40:31 INFO  ChordProtocols:179 - Finger 53 peker n책 til: process4
2025-05-02 21:40:31 INFO  ChordProtocols:173 - Beregner fingerID for finger 54: 121411138451101288395619040423187458140
id: 121411138451101288395619040423187458140
lower: 121411138451101288395601026024677976156
upper: 210821560651360572675896360671414673172
Result (no wrap): true
2025-05-02 21:40:31 INFO  ChordProtocols:179 - Finger 54 peker n책 til: process4
2025-05-02 21:40:31 INFO  ChordProtocols:173 - Beregner fingerID for finger 55: 121411138451101288395637054821696940124
id: 121411138451101288395637054821696940124
lower: 121411138451101288395601026024677976156
upper: 210821560651360572675896360671414673172
Result (no wrap): true
2025-05-02 21:40:31 INFO  ChordProtocols:179 - Finger 55 peker n책 til: process4
2025-05-02 21:40:31 INFO  ChordProtocols:173 - Beregner fingerID for finger 56: 121411138451101288395673083618715904092
id: 121411138451101288395673083618715904092
lower: 121411138451101288395601026024677976156
upper: 210821560651360572675896360671414673172
Result (no wrap): true
2025-05-02 21:40:31 INFO  ChordProtocols:179 - Finger 56 peker n책 til: process4
2025-05-02 21:40:31 INFO  ChordProtocols:173 - Beregner fingerID for finger 57: 121411138451101288395745141212753832028
id: 121411138451101288395745141212753832028
lower: 121411138451101288395601026024677976156
upper: 210821560651360572675896360671414673172
Result (no wrap): true
2025-05-02 21:40:31 INFO  ChordProtocols:179 - Finger 57 peker n책 til: process4
2025-05-02 21:40:31 INFO  ChordProtocols:173 - Beregner fingerID for finger 58: 121411138451101288395889256400829687900
id: 121411138451101288395889256400829687900
lower: 121411138451101288395601026024677976156
upper: 210821560651360572675896360671414673172
Result (no wrap): true
2025-05-02 21:40:31 INFO  ChordProtocols:179 - Finger 58 peker n책 til: process4
2025-05-02 21:40:31 INFO  ChordProtocols:173 - Beregner fingerID for finger 59: 121411138451101288396177486776981399644
id: 121411138451101288396177486776981399644
lower: 121411138451101288395601026024677976156
upper: 210821560651360572675896360671414673172
Result (no wrap): true
2025-05-02 21:40:31 INFO  ChordProtocols:179 - Finger 59 peker n책 til: process4
2025-05-02 21:40:31 INFO  ChordProtocols:173 - Beregner fingerID for finger 60: 121411138451101288396753947529284823132
id: 121411138451101288396753947529284823132
lower: 121411138451101288395601026024677976156
upper: 210821560651360572675896360671414673172
Result (no wrap): true
2025-05-02 21:40:31 INFO  ChordProtocols:179 - Finger 60 peker n책 til: process4
2025-05-02 21:40:31 INFO  ChordProtocols:173 - Beregner fingerID for finger 61: 121411138451101288397906869033891670108
id: 121411138451101288397906869033891670108
lower: 121411138451101288395601026024677976156
upper: 210821560651360572675896360671414673172
Result (no wrap): true
2025-05-02 21:40:31 INFO  ChordProtocols:179 - Finger 61 peker n책 til: process4
2025-05-02 21:40:31 INFO  ChordProtocols:173 - Beregner fingerID for finger 62: 121411138451101288400212712043105364060
id: 121411138451101288400212712043105364060
lower: 121411138451101288395601026024677976156
upper: 210821560651360572675896360671414673172
Result (no wrap): true
2025-05-02 21:40:31 INFO  ChordProtocols:179 - Finger 62 peker n책 til: process4
2025-05-02 21:40:31 INFO  ChordProtocols:173 - Beregner fingerID for finger 63: 121411138451101288404824398061532751964
id: 121411138451101288404824398061532751964
lower: 121411138451101288395601026024677976156
upper: 210821560651360572675896360671414673172
Result (no wrap): true
2025-05-02 21:40:31 INFO  ChordProtocols:179 - Finger 63 peker n책 til: process4
2025-05-02 21:40:31 INFO  ChordProtocols:173 - Beregner fingerID for finger 64: 121411138451101288414047770098387527772
id: 121411138451101288414047770098387527772
lower: 121411138451101288395601026024677976156
upper: 210821560651360572675896360671414673172
Result (no wrap): true
2025-05-02 21:40:31 INFO  ChordProtocols:179 - Finger 64 peker n책 til: process4
2025-05-02 21:40:31 INFO  ChordProtocols:173 - Beregner fingerID for finger 65: 121411138451101288432494514172097079388
id: 121411138451101288432494514172097079388
lower: 121411138451101288395601026024677976156
upper: 210821560651360572675896360671414673172
Result (no wrap): true
2025-05-02 21:40:31 INFO  ChordProtocols:179 - Finger 65 peker n책 til: process4
2025-05-02 21:40:31 INFO  ChordProtocols:173 - Beregner fingerID for finger 66: 121411138451101288469388002319516182620
id: 121411138451101288469388002319516182620
lower: 121411138451101288395601026024677976156
upper: 210821560651360572675896360671414673172
Result (no wrap): true
2025-05-02 21:40:31 INFO  ChordProtocols:179 - Finger 66 peker n책 til: process4
2025-05-02 21:40:31 INFO  ChordProtocols:173 - Beregner fingerID for finger 67: 121411138451101288543174978614354389084
id: 121411138451101288543174978614354389084
lower: 121411138451101288395601026024677976156
upper: 210821560651360572675896360671414673172
Result (no wrap): true
2025-05-02 21:40:31 INFO  ChordProtocols:179 - Finger 67 peker n책 til: process4
2025-05-02 21:40:31 INFO  ChordProtocols:173 - Beregner fingerID for finger 68: 121411138451101288690748931204030802012
id: 121411138451101288690748931204030802012
lower: 121411138451101288395601026024677976156
upper: 210821560651360572675896360671414673172
Result (no wrap): true
2025-05-02 21:40:31 INFO  ChordProtocols:179 - Finger 68 peker n책 til: process4
2025-05-02 21:40:31 INFO  ChordProtocols:173 - Beregner fingerID for finger 69: 121411138451101288985896836383383627868
id: 121411138451101288985896836383383627868
lower: 121411138451101288395601026024677976156
upper: 210821560651360572675896360671414673172
Result (no wrap): true
2025-05-02 21:40:31 INFO  ChordProtocols:179 - Finger 69 peker n책 til: process4
2025-05-02 21:40:31 INFO  ChordProtocols:173 - Beregner fingerID for finger 70: 121411138451101289576192646742089279580
id: 121411138451101289576192646742089279580
lower: 121411138451101288395601026024677976156
upper: 210821560651360572675896360671414673172
Result (no wrap): true
2025-05-02 21:40:31 INFO  ChordProtocols:179 - Finger 70 peker n책 til: process4
2025-05-02 21:40:31 INFO  ChordProtocols:173 - Beregner fingerID for finger 71: 121411138451101290756784267459500583004
id: 121411138451101290756784267459500583004
lower: 121411138451101288395601026024677976156
upper: 210821560651360572675896360671414673172
Result (no wrap): true
2025-05-02 21:40:31 INFO  ChordProtocols:179 - Finger 71 peker n책 til: process4
2025-05-02 21:40:31 INFO  ChordProtocols:173 - Beregner fingerID for finger 72: 121411138451101293117967508894323189852
id: 121411138451101293117967508894323189852
lower: 121411138451101288395601026024677976156
upper: 210821560651360572675896360671414673172
Result (no wrap): true
2025-05-02 21:40:31 INFO  ChordProtocols:179 - Finger 72 peker n책 til: process4
2025-05-02 21:40:31 INFO  ChordProtocols:173 - Beregner fingerID for finger 73: 121411138451101297840333991763968403548
id: 121411138451101297840333991763968403548
lower: 121411138451101288395601026024677976156
upper: 210821560651360572675896360671414673172
Result (no wrap): true
2025-05-02 21:40:31 INFO  ChordProtocols:179 - Finger 73 peker n책 til: process4
2025-05-02 21:40:31 INFO  ChordProtocols:173 - Beregner fingerID for finger 74: 121411138451101307285066957503258830940
id: 121411138451101307285066957503258830940
lower: 121411138451101288395601026024677976156
upper: 210821560651360572675896360671414673172
Result (no wrap): true
2025-05-02 21:40:31 INFO  ChordProtocols:179 - Finger 74 peker n책 til: process4
2025-05-02 21:40:31 INFO  ChordProtocols:173 - Beregner fingerID for finger 75: 121411138451101326174532888981839685724
id: 121411138451101326174532888981839685724
lower: 121411138451101288395601026024677976156
upper: 210821560651360572675896360671414673172
Result (no wrap): true
2025-05-02 21:40:31 INFO  ChordProtocols:179 - Finger 75 peker n책 til: process4
2025-05-02 21:40:31 INFO  ChordProtocols:173 - Beregner fingerID for finger 76: 121411138451101363953464751939001395292
id: 121411138451101363953464751939001395292
lower: 121411138451101288395601026024677976156
upper: 210821560651360572675896360671414673172
Result (no wrap): true
2025-05-02 21:40:31 INFO  ChordProtocols:179 - Finger 76 peker n책 til: process4
2025-05-02 21:40:31 INFO  ChordProtocols:173 - Beregner fingerID for finger 77: 121411138451101439511328477853324814428
id: 121411138451101439511328477853324814428
lower: 121411138451101288395601026024677976156
upper: 210821560651360572675896360671414673172
Result (no wrap): true
2025-05-02 21:40:31 INFO  ChordProtocols:179 - Finger 77 peker n책 til: process4
2025-05-02 21:40:31 INFO  ChordProtocols:173 - Beregner fingerID for finger 78: 121411138451101590627055929681971652700
id: 121411138451101590627055929681971652700
lower: 121411138451101288395601026024677976156
upper: 210821560651360572675896360671414673172
Result (no wrap): true
2025-05-02 21:40:31 INFO  ChordProtocols:179 - Finger 78 peker n책 til: process4
2025-05-02 21:40:31 INFO  ChordProtocols:173 - Beregner fingerID for finger 79: 121411138451101892858510833339265329244
id: 121411138451101892858510833339265329244
lower: 121411138451101288395601026024677976156
upper: 210821560651360572675896360671414673172
Result (no wrap): true
2025-05-02 21:40:31 INFO  ChordProtocols:179 - Finger 79 peker n책 til: process4
2025-05-02 21:40:31 INFO  ChordProtocols:173 - Beregner fingerID for finger 80: 121411138451102497321420640653852682332
id: 121411138451102497321420640653852682332
lower: 121411138451101288395601026024677976156
upper: 210821560651360572675896360671414673172
Result (no wrap): true
2025-05-02 21:40:31 INFO  ChordProtocols:179 - Finger 80 peker n책 til: process4
2025-05-02 21:40:31 INFO  ChordProtocols:173 - Beregner fingerID for finger 81: 121411138451103706247240255283027388508
id: 121411138451103706247240255283027388508
lower: 121411138451101288395601026024677976156
upper: 210821560651360572675896360671414673172
Result (no wrap): true
2025-05-02 21:40:31 INFO  ChordProtocols:179 - Finger 81 peker n책 til: process4
2025-05-02 21:40:31 INFO  ChordProtocols:173 - Beregner fingerID for finger 82: 121411138451106124098879484541376800860
id: 121411138451106124098879484541376800860
lower: 121411138451101288395601026024677976156
upper: 210821560651360572675896360671414673172
Result (no wrap): true
2025-05-02 21:40:31 INFO  ChordProtocols:179 - Finger 82 peker n책 til: process4
2025-05-02 21:40:31 INFO  ChordProtocols:173 - Beregner fingerID for finger 83: 121411138451110959802157943058075625564
id: 121411138451110959802157943058075625564
lower: 121411138451101288395601026024677976156
upper: 210821560651360572675896360671414673172
Result (no wrap): true
2025-05-02 21:40:31 INFO  ChordProtocols:179 - Finger 83 peker n책 til: process4
2025-05-02 21:40:31 INFO  ChordProtocols:173 - Beregner fingerID for finger 84: 121411138451120631208714860091473274972
id: 121411138451120631208714860091473274972
lower: 121411138451101288395601026024677976156
upper: 210821560651360572675896360671414673172
Result (no wrap): true
2025-05-02 21:40:31 INFO  ChordProtocols:179 - Finger 84 peker n책 til: process4
2025-05-02 21:40:31 INFO  ChordProtocols:173 - Beregner fingerID for finger 85: 121411138451139974021828694158268573788
id: 121411138451139974021828694158268573788
lower: 121411138451101288395601026024677976156
upper: 210821560651360572675896360671414673172
Result (no wrap): true
2025-05-02 21:40:31 INFO  ChordProtocols:179 - Finger 85 peker n책 til: process4
2025-05-02 21:40:31 INFO  ChordProtocols:173 - Beregner fingerID for finger 86: 121411138451178659648056362291859171420
id: 121411138451178659648056362291859171420
lower: 121411138451101288395601026024677976156
upper: 210821560651360572675896360671414673172
Result (no wrap): true
2025-05-02 21:40:31 INFO  ChordProtocols:179 - Finger 86 peker n책 til: process4
2025-05-02 21:40:31 INFO  ChordProtocols:173 - Beregner fingerID for finger 87: 121411138451256030900511698559040366684
id: 121411138451256030900511698559040366684
lower: 121411138451101288395601026024677976156
upper: 210821560651360572675896360671414673172
Result (no wrap): true
2025-05-02 21:40:31 INFO  ChordProtocols:179 - Finger 87 peker n책 til: process4
2025-05-02 21:40:31 INFO  ChordProtocols:173 - Beregner fingerID for finger 88: 121411138451410773405422371093402757212
id: 121411138451410773405422371093402757212
lower: 121411138451101288395601026024677976156
upper: 210821560651360572675896360671414673172
Result (no wrap): true
2025-05-02 21:40:31 INFO  ChordProtocols:179 - Finger 88 peker n책 til: process4
2025-05-02 21:40:31 INFO  ChordProtocols:173 - Beregner fingerID for finger 89: 121411138451720258415243716162127538268
id: 121411138451720258415243716162127538268
lower: 121411138451101288395601026024677976156
upper: 210821560651360572675896360671414673172
Result (no wrap): true
2025-05-02 21:40:31 INFO  ChordProtocols:179 - Finger 89 peker n책 til: process4
2025-05-02 21:40:31 INFO  ChordProtocols:173 - Beregner fingerID for finger 90: 121411138452339228434886406299577100380
id: 121411138452339228434886406299577100380
lower: 121411138451101288395601026024677976156
upper: 210821560651360572675896360671414673172
Result (no wrap): true
2025-05-02 21:40:31 INFO  ChordProtocols:179 - Finger 90 peker n책 til: process4
2025-05-02 21:40:31 INFO  ChordProtocols:173 - Beregner fingerID for finger 91: 121411138453577168474171786574476224604
id: 121411138453577168474171786574476224604
lower: 121411138451101288395601026024677976156
upper: 210821560651360572675896360671414673172
Result (no wrap): true
2025-05-02 21:40:31 INFO  ChordProtocols:179 - Finger 91 peker n책 til: process4
2025-05-02 21:40:31 INFO  ChordProtocols:173 - Beregner fingerID for finger 92: 121411138456053048552742547124274473052
id: 121411138456053048552742547124274473052
lower: 121411138451101288395601026024677976156
upper: 210821560651360572675896360671414673172
Result (no wrap): true
2025-05-02 21:40:31 INFO  ChordProtocols:179 - Finger 92 peker n책 til: process4
2025-05-02 21:40:31 INFO  ChordProtocols:173 - Beregner fingerID for finger 93: 121411138461004808709884068223870969948
id: 121411138461004808709884068223870969948
lower: 121411138451101288395601026024677976156
upper: 210821560651360572675896360671414673172
Result (no wrap): true
2025-05-02 21:40:31 INFO  ChordProtocols:179 - Finger 93 peker n책 til: process4
2025-05-02 21:40:31 INFO  ChordProtocols:173 - Beregner fingerID for finger 94: 121411138470908329024167110423063963740
id: 121411138470908329024167110423063963740
lower: 121411138451101288395601026024677976156
upper: 210821560651360572675896360671414673172
Result (no wrap): true
2025-05-02 21:40:31 INFO  ChordProtocols:179 - Finger 94 peker n책 til: process4
2025-05-02 21:40:31 INFO  ChordProtocols:173 - Beregner fingerID for finger 95: 121411138490715369652733194821449951324
id: 121411138490715369652733194821449951324
lower: 121411138451101288395601026024677976156
upper: 210821560651360572675896360671414673172
Result (no wrap): true
2025-05-02 21:40:31 INFO  ChordProtocols:179 - Finger 95 peker n책 til: process4
2025-05-02 21:40:31 INFO  ChordProtocols:173 - Beregner fingerID for finger 96: 121411138530329450909865363618221926492
id: 121411138530329450909865363618221926492
lower: 121411138451101288395601026024677976156
upper: 210821560651360572675896360671414673172
Result (no wrap): true
2025-05-02 21:40:31 INFO  ChordProtocols:179 - Finger 96 peker n책 til: process4
2025-05-02 21:40:31 INFO  ChordProtocols:173 - Beregner fingerID for finger 97: 121411138609557613424129701211765876828
id: 121411138609557613424129701211765876828
lower: 121411138451101288395601026024677976156
upper: 210821560651360572675896360671414673172
Result (no wrap): true
2025-05-02 21:40:31 INFO  ChordProtocols:179 - Finger 97 peker n책 til: process4
2025-05-02 21:40:31 INFO  ChordProtocols:173 - Beregner fingerID for finger 98: 121411138768013938452658376398853777500
id: 121411138768013938452658376398853777500
lower: 121411138451101288395601026024677976156
upper: 210821560651360572675896360671414673172
Result (no wrap): true
2025-05-02 21:40:31 INFO  ChordProtocols:179 - Finger 98 peker n책 til: process4
2025-05-02 21:40:31 INFO  ChordProtocols:173 - Beregner fingerID for finger 99: 121411139084926588509715726773029578844
id: 121411139084926588509715726773029578844
lower: 121411138451101288395601026024677976156
upper: 210821560651360572675896360671414673172
Result (no wrap): true
2025-05-02 21:40:31 INFO  ChordProtocols:179 - Finger 99 peker n책 til: process4
2025-05-02 21:40:31 INFO  ChordProtocols:173 - Beregner fingerID for finger 100: 121411139718751888623830427521381181532
id: 121411139718751888623830427521381181532
lower: 121411138451101288395601026024677976156
upper: 210821560651360572675896360671414673172
Result (no wrap): true
2025-05-02 21:40:31 INFO  ChordProtocols:179 - Finger 100 peker n책 til: process4
2025-05-02 21:40:31 INFO  ChordProtocols:173 - Beregner fingerID for finger 101: 121411140986402488852059829018084386908
id: 121411140986402488852059829018084386908
lower: 121411138451101288395601026024677976156
upper: 210821560651360572675896360671414673172
Result (no wrap): true
2025-05-02 21:40:31 INFO  ChordProtocols:179 - Finger 101 peker n책 til: process4
2025-05-02 21:40:31 INFO  ChordProtocols:173 - Beregner fingerID for finger 102: 121411143521703689308518632011490797660
id: 121411143521703689308518632011490797660
lower: 121411138451101288395601026024677976156
upper: 210821560651360572675896360671414673172
Result (no wrap): true
2025-05-02 21:40:31 INFO  ChordProtocols:179 - Finger 102 peker n책 til: process4
2025-05-02 21:40:31 INFO  ChordProtocols:173 - Beregner fingerID for finger 103: 121411148592306090221436237998303619164
id: 121411148592306090221436237998303619164
lower: 121411138451101288395601026024677976156
upper: 210821560651360572675896360671414673172
Result (no wrap): true
2025-05-02 21:40:31 INFO  ChordProtocols:179 - Finger 103 peker n책 til: process4
2025-05-02 21:40:31 INFO  ChordProtocols:173 - Beregner fingerID for finger 104: 121411158733510892047271449971929262172
id: 121411158733510892047271449971929262172
lower: 121411138451101288395601026024677976156
upper: 210821560651360572675896360671414673172
Result (no wrap): true
2025-05-02 21:40:31 INFO  ChordProtocols:179 - Finger 104 peker n책 til: process4
2025-05-02 21:40:31 INFO  ChordProtocols:173 - Beregner fingerID for finger 105: 121411179015920495698941873919180548188
id: 121411179015920495698941873919180548188
lower: 121411138451101288395601026024677976156
upper: 210821560651360572675896360671414673172
Result (no wrap): true
2025-05-02 21:40:31 INFO  ChordProtocols:179 - Finger 105 peker n책 til: process4
2025-05-02 21:40:31 INFO  ChordProtocols:173 - Beregner fingerID for finger 106: 121411219580739703002282721813683120220
id: 121411219580739703002282721813683120220
lower: 121411138451101288395601026024677976156
upper: 210821560651360572675896360671414673172
Result (no wrap): true
2025-05-02 21:40:31 INFO  ChordProtocols:179 - Finger 106 peker n책 til: process4
2025-05-02 21:40:31 INFO  ChordProtocols:173 - Beregner fingerID for finger 107: 121411300710378117608964417602688264284
id: 121411300710378117608964417602688264284
lower: 121411138451101288395601026024677976156
upper: 210821560651360572675896360671414673172
Result (no wrap): true
2025-05-02 21:40:31 INFO  ChordProtocols:179 - Finger 107 peker n책 til: process4
2025-05-02 21:40:31 INFO  ChordProtocols:173 - Beregner fingerID for finger 108: 121411462969654946822327809180698552412
id: 121411462969654946822327809180698552412
lower: 121411138451101288395601026024677976156
upper: 210821560651360572675896360671414673172
Result (no wrap): true
2025-05-02 21:40:31 INFO  ChordProtocols:179 - Finger 108 peker n책 til: process4
2025-05-02 21:40:31 INFO  ChordProtocols:173 - Beregner fingerID for finger 109: 121411787488208605249054592336719128668
id: 121411787488208605249054592336719128668
lower: 121411138451101288395601026024677976156
upper: 210821560651360572675896360671414673172
Result (no wrap): true
2025-05-02 21:40:31 INFO  ChordProtocols:179 - Finger 109 peker n책 til: process4
2025-05-02 21:40:31 INFO  ChordProtocols:173 - Beregner fingerID for finger 110: 121412436525315922102508158648760281180
id: 121412436525315922102508158648760281180
lower: 121411138451101288395601026024677976156
upper: 210821560651360572675896360671414673172
Result (no wrap): true
2025-05-02 21:40:31 INFO  ChordProtocols:179 - Finger 110 peker n책 til: process4
2025-05-02 21:40:31 INFO  ChordProtocols:173 - Beregner fingerID for finger 111: 121413734599530555809415291272842586204
id: 121413734599530555809415291272842586204
lower: 121411138451101288395601026024677976156
upper: 210821560651360572675896360671414673172
Result (no wrap): true
2025-05-02 21:40:31 INFO  ChordProtocols:179 - Finger 111 peker n책 til: process4
2025-05-02 21:40:31 INFO  ChordProtocols:173 - Beregner fingerID for finger 112: 121416330747959823223229556521007196252
id: 121416330747959823223229556521007196252
lower: 121411138451101288395601026024677976156
upper: 210821560651360572675896360671414673172
Result (no wrap): true
2025-05-02 21:40:31 INFO  ChordProtocols:179 - Finger 112 peker n책 til: process4
2025-05-02 21:40:31 INFO  ChordProtocols:173 - Beregner fingerID for finger 113: 121421523044818358050858087017336416348
id: 121421523044818358050858087017336416348
lower: 121411138451101288395601026024677976156
upper: 210821560651360572675896360671414673172
Result (no wrap): true
2025-05-02 21:40:31 INFO  ChordProtocols:179 - Finger 113 peker n책 til: process4
2025-05-02 21:40:31 INFO  ChordProtocols:173 - Beregner fingerID for finger 114: 121431907638535427706115148009994856540
id: 121431907638535427706115148009994856540
lower: 121411138451101288395601026024677976156
upper: 210821560651360572675896360671414673172
Result (no wrap): true
2025-05-02 21:40:31 INFO  ChordProtocols:179 - Finger 114 peker n책 til: process4
2025-05-02 21:40:31 INFO  ChordProtocols:173 - Beregner fingerID for finger 115: 121452676825969567016629269995311736924
id: 121452676825969567016629269995311736924
lower: 121411138451101288395601026024677976156
upper: 210821560651360572675896360671414673172
Result (no wrap): true
2025-05-02 21:40:31 INFO  ChordProtocols:179 - Finger 115 peker n책 til: process4
2025-05-02 21:40:31 INFO  ChordProtocols:173 - Beregner fingerID for finger 116: 121494215200837845637657513965945497692
id: 121494215200837845637657513965945497692
lower: 121411138451101288395601026024677976156
upper: 210821560651360572675896360671414673172
Result (no wrap): true
2025-05-02 21:40:31 INFO  ChordProtocols:179 - Finger 116 peker n책 til: process4
2025-05-02 21:40:31 INFO  ChordProtocols:173 - Beregner fingerID for finger 117: 121577291950574402879714001907213019228
id: 121577291950574402879714001907213019228
lower: 121411138451101288395601026024677976156
upper: 210821560651360572675896360671414673172
Result (no wrap): true
2025-05-02 21:40:31 INFO  ChordProtocols:179 - Finger 117 peker n책 til: process4
2025-05-02 21:40:31 INFO  ChordProtocols:173 - Beregner fingerID for finger 118: 121743445450047517363826977789748062300
id: 121743445450047517363826977789748062300
lower: 121411138451101288395601026024677976156
upper: 210821560651360572675896360671414673172
Result (no wrap): true
2025-05-02 21:40:31 INFO  ChordProtocols:179 - Finger 118 peker n책 til: process4
2025-05-02 21:40:31 INFO  ChordProtocols:173 - Beregner fingerID for finger 119: 122075752448993746332052929554818148444
id: 122075752448993746332052929554818148444
lower: 121411138451101288395601026024677976156
upper: 210821560651360572675896360671414673172
Result (no wrap): true
2025-05-02 21:40:31 INFO  ChordProtocols:179 - Finger 119 peker n책 til: process4
2025-05-02 21:40:31 INFO  ChordProtocols:173 - Beregner fingerID for finger 120: 122740366446886204268504833084958320732
id: 122740366446886204268504833084958320732
lower: 121411138451101288395601026024677976156
upper: 210821560651360572675896360671414673172
Result (no wrap): true
2025-05-02 21:40:31 INFO  ChordProtocols:179 - Finger 120 peker n책 til: process4
2025-05-02 21:40:31 INFO  ChordProtocols:173 - Beregner fingerID for finger 121: 124069594442671120141408640145238665308
id: 124069594442671120141408640145238665308
lower: 121411138451101288395601026024677976156
upper: 210821560651360572675896360671414673172
Result (no wrap): true
2025-05-02 21:40:31 INFO  ChordProtocols:179 - Finger 121 peker n책 til: process4
2025-05-02 21:40:31 INFO  ChordProtocols:173 - Beregner fingerID for finger 122: 126728050434240951887216254265799354460
id: 126728050434240951887216254265799354460
lower: 121411138451101288395601026024677976156
upper: 210821560651360572675896360671414673172
Result (no wrap): true
2025-05-02 21:40:31 INFO  ChordProtocols:179 - Finger 122 peker n책 til: process4
2025-05-02 21:40:31 INFO  ChordProtocols:173 - Beregner fingerID for finger 123: 132044962417380615378831482506920732764
id: 132044962417380615378831482506920732764
lower: 121411138451101288395601026024677976156
upper: 210821560651360572675896360671414673172
Result (no wrap): true
2025-05-02 21:40:31 INFO  ChordProtocols:179 - Finger 123 peker n책 til: process4
2025-05-02 21:40:31 INFO  ChordProtocols:173 - Beregner fingerID for finger 124: 142678786383659942362061938989163489372
id: 142678786383659942362061938989163489372
lower: 121411138451101288395601026024677976156
upper: 210821560651360572675896360671414673172
Result (no wrap): true
2025-05-02 21:40:31 INFO  ChordProtocols:179 - Finger 124 peker n책 til: process4
2025-05-02 21:40:31 INFO  ChordProtocols:173 - Beregner fingerID for finger 125: 163946434316218596328522851953649002588
id: 163946434316218596328522851953649002588
lower: 121411138451101288395601026024677976156
upper: 210821560651360572675896360671414673172
Result (no wrap): true
2025-05-02 21:40:31 INFO  ChordProtocols:179 - Finger 125 peker n책 til: process4
2025-05-02 21:40:31 INFO  ChordProtocols:173 - Beregner fingerID for finger 126: 206481730181335904261444677882620029020
id: 206481730181335904261444677882620029020
lower: 121411138451101288395601026024677976156
upper: 210821560651360572675896360671414673172
Result (no wrap): true
2025-05-02 21:40:31 INFO  ChordProtocols:179 - Finger 126 peker n책 til: process4
2025-05-02 21:40:31 INFO  ChordProtocols:173 - Beregner fingerID for finger 127: 291552321911570520127288329740562081884
id: 291552321911570520127288329740562081884
lower: 121411138451101288395601026024677976156
upper: 210821560651360572675896360671414673172
Result (no wrap): false
id: 210821560651360572675896360671414673172
lower: 121411138451101288395601026024677976156
upper: 291552321911570520127288329740562081884
Result (no wrap): true
id: 291552321911570520127288329740562081884
lower: 210821560651360572675896360671414673172
upper: 15618062003214643351512781541041391612
Result (wrap): true
2025-05-02 21:40:31 INFO  ChordProtocols:179 - Finger 127 peker n책 til: process2
2025-05-02 21:40:31 INFO  StabilizationProtocols:60 - Checking the predecessor for Node: process5
==================================
Node Identifier = 121411138451101288395601026024677976156
Node IP address = process5
successor(process5) = process4
predecessor(process5) = process3
Current File keys for process5 => []
==================================
2025-05-02 21:40:32 INFO  StabilizationProtocols:130 - Updating the successor for Node: process1
id: 53937554629190552131995290006614509578
lower: 53937554629190552131995290006614509577
upper: 66910184482037901621933403444034052414
Result (no wrap): true
2025-05-02 21:40:32 INFO  StabilizationProtocols:165 - Finished updating the successor for Node: process1
2025-05-02 21:40:32 INFO  StabilizationProtocols:84 - Stabilizing ring from process1...
2025-05-02 21:40:32 INFO  StabilizationProtocols:91 - Stabilize ring: succnode = process3
id: 53937554629190552131995290006614509577
lower: 53937554629190552131995290006614509578
upper: 66910184482037901621933403444034052415
Result (no wrap): false
2025-05-02 21:40:32 INFO  StabilizationProtocols:113 - Finished stabilizing chordring from process1
2025-05-02 21:40:32 INFO  ChordProtocols:159 - Oppdaterer FingerTable for Node: process1
2025-05-02 21:40:32 INFO  ChordProtocols:173 - Beregner fingerID for finger 0: 53937554629190552131995290006614509578
id: 53937554629190552131995290006614509578
lower: 53937554629190552131995290006614509577
upper: 66910184482037901621933403444034052414
Result (no wrap): true
2025-05-02 21:40:32 INFO  ChordProtocols:179 - Finger 0 peker n책 til: process3
2025-05-02 21:40:32 INFO  ChordProtocols:173 - Beregner fingerID for finger 1: 53937554629190552131995290006614509579
id: 53937554629190552131995290006614509579
lower: 53937554629190552131995290006614509577
upper: 66910184482037901621933403444034052414
Result (no wrap): true
2025-05-02 21:40:32 INFO  ChordProtocols:179 - Finger 1 peker n책 til: process3
2025-05-02 21:40:32 INFO  ChordProtocols:173 - Beregner fingerID for finger 2: 53937554629190552131995290006614509581
id: 53937554629190552131995290006614509581
lower: 53937554629190552131995290006614509577
upper: 66910184482037901621933403444034052414
Result (no wrap): true
2025-05-02 21:40:32 INFO  ChordProtocols:179 - Finger 2 peker n책 til: process3
2025-05-02 21:40:32 INFO  ChordProtocols:173 - Beregner fingerID for finger 3: 53937554629190552131995290006614509585
id: 53937554629190552131995290006614509585
lower: 53937554629190552131995290006614509577
upper: 66910184482037901621933403444034052414
Result (no wrap): true
2025-05-02 21:40:32 INFO  ChordProtocols:179 - Finger 3 peker n책 til: process3
2025-05-02 21:40:32 INFO  ChordProtocols:173 - Beregner fingerID for finger 4: 53937554629190552131995290006614509593
id: 53937554629190552131995290006614509593
lower: 53937554629190552131995290006614509577
upper: 66910184482037901621933403444034052414
Result (no wrap): true
2025-05-02 21:40:32 INFO  ChordProtocols:179 - Finger 4 peker n책 til: process3
2025-05-02 21:40:32 INFO  ChordProtocols:173 - Beregner fingerID for finger 5: 53937554629190552131995290006614509609
id: 53937554629190552131995290006614509609
lower: 53937554629190552131995290006614509577
upper: 66910184482037901621933403444034052414
Result (no wrap): true
2025-05-02 21:40:32 INFO  ChordProtocols:179 - Finger 5 peker n책 til: process3
2025-05-02 21:40:32 INFO  ChordProtocols:173 - Beregner fingerID for finger 6: 53937554629190552131995290006614509641
id: 53937554629190552131995290006614509641
lower: 53937554629190552131995290006614509577
upper: 66910184482037901621933403444034052414
Result (no wrap): true
2025-05-02 21:40:32 INFO  ChordProtocols:179 - Finger 6 peker n책 til: process3
2025-05-02 21:40:32 INFO  ChordProtocols:173 - Beregner fingerID for finger 7: 53937554629190552131995290006614509705
id: 53937554629190552131995290006614509705
lower: 53937554629190552131995290006614509577
upper: 66910184482037901621933403444034052414
Result (no wrap): true
2025-05-02 21:40:32 INFO  ChordProtocols:179 - Finger 7 peker n책 til: process3
2025-05-02 21:40:32 INFO  ChordProtocols:173 - Beregner fingerID for finger 8: 53937554629190552131995290006614509833
id: 53937554629190552131995290006614509833
lower: 53937554629190552131995290006614509577
upper: 66910184482037901621933403444034052414
Result (no wrap): true
2025-05-02 21:40:32 INFO  ChordProtocols:179 - Finger 8 peker n책 til: process3
2025-05-02 21:40:32 INFO  ChordProtocols:173 - Beregner fingerID for finger 9: 53937554629190552131995290006614510089
id: 53937554629190552131995290006614510089
lower: 53937554629190552131995290006614509577
upper: 66910184482037901621933403444034052414
Result (no wrap): true
2025-05-02 21:40:32 INFO  ChordProtocols:179 - Finger 9 peker n책 til: process3
2025-05-02 21:40:32 INFO  ChordProtocols:173 - Beregner fingerID for finger 10: 53937554629190552131995290006614510601
id: 53937554629190552131995290006614510601
lower: 53937554629190552131995290006614509577
upper: 66910184482037901621933403444034052414
Result (no wrap): true
2025-05-02 21:40:32 INFO  ChordProtocols:179 - Finger 10 peker n책 til: process3
2025-05-02 21:40:32 INFO  ChordProtocols:173 - Beregner fingerID for finger 11: 53937554629190552131995290006614511625
id: 53937554629190552131995290006614511625
lower: 53937554629190552131995290006614509577
upper: 66910184482037901621933403444034052414
Result (no wrap): true
2025-05-02 21:40:32 INFO  ChordProtocols:179 - Finger 11 peker n책 til: process3
2025-05-02 21:40:32 INFO  ChordProtocols:173 - Beregner fingerID for finger 12: 53937554629190552131995290006614513673
id: 53937554629190552131995290006614513673
lower: 53937554629190552131995290006614509577
upper: 66910184482037901621933403444034052414
Result (no wrap): true
2025-05-02 21:40:32 INFO  ChordProtocols:179 - Finger 12 peker n책 til: process3
2025-05-02 21:40:32 INFO  ChordProtocols:173 - Beregner fingerID for finger 13: 53937554629190552131995290006614517769
id: 53937554629190552131995290006614517769
lower: 53937554629190552131995290006614509577
upper: 66910184482037901621933403444034052414
Result (no wrap): true
2025-05-02 21:40:32 INFO  ChordProtocols:179 - Finger 13 peker n책 til: process3
2025-05-02 21:40:32 INFO  ChordProtocols:173 - Beregner fingerID for finger 14: 53937554629190552131995290006614525961
id: 53937554629190552131995290006614525961
lower: 53937554629190552131995290006614509577
upper: 66910184482037901621933403444034052414
Result (no wrap): true
2025-05-02 21:40:32 INFO  ChordProtocols:179 - Finger 14 peker n책 til: process3
2025-05-02 21:40:32 INFO  ChordProtocols:173 - Beregner fingerID for finger 15: 53937554629190552131995290006614542345
id: 53937554629190552131995290006614542345
lower: 53937554629190552131995290006614509577
upper: 66910184482037901621933403444034052414
Result (no wrap): true
2025-05-02 21:40:32 INFO  ChordProtocols:179 - Finger 15 peker n책 til: process3
2025-05-02 21:40:32 INFO  ChordProtocols:173 - Beregner fingerID for finger 16: 53937554629190552131995290006614575113
id: 53937554629190552131995290006614575113
lower: 53937554629190552131995290006614509577
upper: 66910184482037901621933403444034052414
Result (no wrap): true
2025-05-02 21:40:32 INFO  ChordProtocols:179 - Finger 16 peker n책 til: process3
2025-05-02 21:40:32 INFO  ChordProtocols:173 - Beregner fingerID for finger 17: 53937554629190552131995290006614640649
id: 53937554629190552131995290006614640649
lower: 53937554629190552131995290006614509577
upper: 66910184482037901621933403444034052414
Result (no wrap): true
2025-05-02 21:40:32 INFO  ChordProtocols:179 - Finger 17 peker n책 til: process3
2025-05-02 21:40:32 INFO  ChordProtocols:173 - Beregner fingerID for finger 18: 53937554629190552131995290006614771721
id: 53937554629190552131995290006614771721
lower: 53937554629190552131995290006614509577
upper: 66910184482037901621933403444034052414
Result (no wrap): true
2025-05-02 21:40:32 INFO  ChordProtocols:179 - Finger 18 peker n책 til: process3
2025-05-02 21:40:32 INFO  ChordProtocols:173 - Beregner fingerID for finger 19: 53937554629190552131995290006615033865
id: 53937554629190552131995290006615033865
lower: 53937554629190552131995290006614509577
upper: 66910184482037901621933403444034052414
Result (no wrap): true
2025-05-02 21:40:32 INFO  ChordProtocols:179 - Finger 19 peker n책 til: process3
2025-05-02 21:40:32 INFO  ChordProtocols:173 - Beregner fingerID for finger 20: 53937554629190552131995290006615558153
id: 53937554629190552131995290006615558153
lower: 53937554629190552131995290006614509577
upper: 66910184482037901621933403444034052414
Result (no wrap): true
2025-05-02 21:40:32 INFO  ChordProtocols:179 - Finger 20 peker n책 til: process3
2025-05-02 21:40:32 INFO  ChordProtocols:173 - Beregner fingerID for finger 21: 53937554629190552131995290006616606729
id: 53937554629190552131995290006616606729
lower: 53937554629190552131995290006614509577
upper: 66910184482037901621933403444034052414
Result (no wrap): true
2025-05-02 21:40:32 INFO  ChordProtocols:179 - Finger 21 peker n책 til: process3
2025-05-02 21:40:32 INFO  ChordProtocols:173 - Beregner fingerID for finger 22: 53937554629190552131995290006618703881
id: 53937554629190552131995290006618703881
lower: 53937554629190552131995290006614509577
upper: 66910184482037901621933403444034052414
Result (no wrap): true
2025-05-02 21:40:32 INFO  ChordProtocols:179 - Finger 22 peker n책 til: process3
2025-05-02 21:40:32 INFO  ChordProtocols:173 - Beregner fingerID for finger 23: 53937554629190552131995290006622898185
id: 53937554629190552131995290006622898185
lower: 53937554629190552131995290006614509577
upper: 66910184482037901621933403444034052414
Result (no wrap): true
2025-05-02 21:40:32 INFO  ChordProtocols:179 - Finger 23 peker n책 til: process3
2025-05-02 21:40:32 INFO  ChordProtocols:173 - Beregner fingerID for finger 24: 53937554629190552131995290006631286793
id: 53937554629190552131995290006631286793
lower: 53937554629190552131995290006614509577
upper: 66910184482037901621933403444034052414
Result (no wrap): true
2025-05-02 21:40:32 INFO  ChordProtocols:179 - Finger 24 peker n책 til: process3
2025-05-02 21:40:32 INFO  ChordProtocols:173 - Beregner fingerID for finger 25: 53937554629190552131995290006648064009
id: 53937554629190552131995290006648064009
lower: 53937554629190552131995290006614509577
upper: 66910184482037901621933403444034052414
Result (no wrap): true
2025-05-02 21:40:32 INFO  ChordProtocols:179 - Finger 25 peker n책 til: process3
2025-05-02 21:40:32 INFO  ChordProtocols:173 - Beregner fingerID for finger 26: 53937554629190552131995290006681618441
id: 53937554629190552131995290006681618441
lower: 53937554629190552131995290006614509577
upper: 66910184482037901621933403444034052414
Result (no wrap): true
2025-05-02 21:40:32 INFO  ChordProtocols:179 - Finger 26 peker n책 til: process3
2025-05-02 21:40:32 INFO  ChordProtocols:173 - Beregner fingerID for finger 27: 53937554629190552131995290006748727305
id: 53937554629190552131995290006748727305
lower: 53937554629190552131995290006614509577
upper: 66910184482037901621933403444034052414
Result (no wrap): true
2025-05-02 21:40:32 INFO  ChordProtocols:179 - Finger 27 peker n책 til: process3
2025-05-02 21:40:32 INFO  ChordProtocols:173 - Beregner fingerID for finger 28: 53937554629190552131995290006882945033
id: 53937554629190552131995290006882945033
lower: 53937554629190552131995290006614509577
upper: 66910184482037901621933403444034052414
Result (no wrap): true
2025-05-02 21:40:32 INFO  ChordProtocols:179 - Finger 28 peker n책 til: process3
2025-05-02 21:40:32 INFO  ChordProtocols:173 - Beregner fingerID for finger 29: 53937554629190552131995290007151380489
id: 53937554629190552131995290007151380489
lower: 53937554629190552131995290006614509577
upper: 66910184482037901621933403444034052414
Result (no wrap): true
2025-05-02 21:40:32 INFO  ChordProtocols:179 - Finger 29 peker n책 til: process3
2025-05-02 21:40:32 INFO  ChordProtocols:173 - Beregner fingerID for finger 30: 53937554629190552131995290007688251401
id: 53937554629190552131995290007688251401
lower: 53937554629190552131995290006614509577
upper: 66910184482037901621933403444034052414
Result (no wrap): true
2025-05-02 21:40:32 INFO  ChordProtocols:179 - Finger 30 peker n책 til: process3
2025-05-02 21:40:32 INFO  ChordProtocols:173 - Beregner fingerID for finger 31: 53937554629190552131995290008761993225
id: 53937554629190552131995290008761993225
lower: 53937554629190552131995290006614509577
upper: 66910184482037901621933403444034052414
Result (no wrap): true
2025-05-02 21:40:32 INFO  ChordProtocols:179 - Finger 31 peker n책 til: process3
2025-05-02 21:40:32 INFO  ChordProtocols:173 - Beregner fingerID for finger 32: 53937554629190552131995290010909476873
id: 53937554629190552131995290010909476873
lower: 53937554629190552131995290006614509577
upper: 66910184482037901621933403444034052414
Result (no wrap): true
2025-05-02 21:40:32 INFO  ChordProtocols:179 - Finger 32 peker n책 til: process3
2025-05-02 21:40:32 INFO  ChordProtocols:173 - Beregner fingerID for finger 33: 53937554629190552131995290015204444169
id: 53937554629190552131995290015204444169
lower: 53937554629190552131995290006614509577
upper: 66910184482037901621933403444034052414
Result (no wrap): true
2025-05-02 21:40:32 INFO  ChordProtocols:179 - Finger 33 peker n책 til: process3
2025-05-02 21:40:32 INFO  ChordProtocols:173 - Beregner fingerID for finger 34: 53937554629190552131995290023794378761
id: 53937554629190552131995290023794378761
lower: 53937554629190552131995290006614509577
upper: 66910184482037901621933403444034052414
Result (no wrap): true
2025-05-02 21:40:32 INFO  ChordProtocols:179 - Finger 34 peker n책 til: process3
2025-05-02 21:40:32 INFO  ChordProtocols:173 - Beregner fingerID for finger 35: 53937554629190552131995290040974247945
id: 53937554629190552131995290040974247945
lower: 53937554629190552131995290006614509577
upper: 66910184482037901621933403444034052414
Result (no wrap): true
2025-05-02 21:40:32 INFO  ChordProtocols:179 - Finger 35 peker n책 til: process3
2025-05-02 21:40:32 INFO  ChordProtocols:173 - Beregner fingerID for finger 36: 53937554629190552131995290075333986313
id: 53937554629190552131995290075333986313
lower: 53937554629190552131995290006614509577
upper: 66910184482037901621933403444034052414
Result (no wrap): true
2025-05-02 21:40:32 INFO  ChordProtocols:179 - Finger 36 peker n책 til: process3
2025-05-02 21:40:32 INFO  ChordProtocols:173 - Beregner fingerID for finger 37: 53937554629190552131995290144053463049
id: 53937554629190552131995290144053463049
lower: 53937554629190552131995290006614509577
upper: 66910184482037901621933403444034052414
Result (no wrap): true
2025-05-02 21:40:32 INFO  ChordProtocols:179 - Finger 37 peker n책 til: process3
2025-05-02 21:40:32 INFO  ChordProtocols:173 - Beregner fingerID for finger 38: 53937554629190552131995290281492416521
id: 53937554629190552131995290281492416521
lower: 53937554629190552131995290006614509577
upper: 66910184482037901621933403444034052414
Result (no wrap): true
2025-05-02 21:40:32 INFO  ChordProtocols:179 - Finger 38 peker n책 til: process3
2025-05-02 21:40:32 INFO  ChordProtocols:173 - Beregner fingerID for finger 39: 53937554629190552131995290556370323465
id: 53937554629190552131995290556370323465
lower: 53937554629190552131995290006614509577
upper: 66910184482037901621933403444034052414
Result (no wrap): true
2025-05-02 21:40:32 INFO  ChordProtocols:179 - Finger 39 peker n책 til: process3
2025-05-02 21:40:32 INFO  ChordProtocols:173 - Beregner fingerID for finger 40: 53937554629190552131995291106126137353
id: 53937554629190552131995291106126137353
lower: 53937554629190552131995290006614509577
upper: 66910184482037901621933403444034052414
Result (no wrap): true
2025-05-02 21:40:32 INFO  ChordProtocols:179 - Finger 40 peker n책 til: process3
2025-05-02 21:40:32 INFO  ChordProtocols:173 - Beregner fingerID for finger 41: 53937554629190552131995292205637765129
id: 53937554629190552131995292205637765129
lower: 53937554629190552131995290006614509577
upper: 66910184482037901621933403444034052414
Result (no wrap): true
2025-05-02 21:40:32 INFO  ChordProtocols:179 - Finger 41 peker n책 til: process3
2025-05-02 21:40:32 INFO  ChordProtocols:173 - Beregner fingerID for finger 42: 53937554629190552131995294404661020681
id: 53937554629190552131995294404661020681
lower: 53937554629190552131995290006614509577
upper: 66910184482037901621933403444034052414
Result (no wrap): true
2025-05-02 21:40:32 INFO  ChordProtocols:179 - Finger 42 peker n책 til: process3
2025-05-02 21:40:32 INFO  ChordProtocols:173 - Beregner fingerID for finger 43: 53937554629190552131995298802707531785
id: 53937554629190552131995298802707531785
lower: 53937554629190552131995290006614509577
upper: 66910184482037901621933403444034052414
Result (no wrap): true
2025-05-02 21:40:32 INFO  ChordProtocols:179 - Finger 43 peker n책 til: process3
2025-05-02 21:40:32 INFO  ChordProtocols:173 - Beregner fingerID for finger 44: 53937554629190552131995307598800553993
id: 53937554629190552131995307598800553993
lower: 53937554629190552131995290006614509577
upper: 66910184482037901621933403444034052414
Result (no wrap): true
2025-05-02 21:40:32 INFO  ChordProtocols:179 - Finger 44 peker n책 til: process3
2025-05-02 21:40:32 INFO  ChordProtocols:173 - Beregner fingerID for finger 45: 53937554629190552131995325190986598409
id: 53937554629190552131995325190986598409
lower: 53937554629190552131995290006614509577
upper: 66910184482037901621933403444034052414
Result (no wrap): true
2025-05-02 21:40:32 INFO  ChordProtocols:179 - Finger 45 peker n책 til: process3
2025-05-02 21:40:32 INFO  ChordProtocols:173 - Beregner fingerID for finger 46: 53937554629190552131995360375358687241
id: 53937554629190552131995360375358687241
lower: 53937554629190552131995290006614509577
upper: 66910184482037901621933403444034052414
Result (no wrap): true
2025-05-02 21:40:32 INFO  ChordProtocols:179 - Finger 46 peker n책 til: process3
2025-05-02 21:40:32 INFO  ChordProtocols:173 - Beregner fingerID for finger 47: 53937554629190552131995430744102864905
id: 53937554629190552131995430744102864905
lower: 53937554629190552131995290006614509577
upper: 66910184482037901621933403444034052414
Result (no wrap): true
2025-05-02 21:40:32 INFO  ChordProtocols:179 - Finger 47 peker n책 til: process3
2025-05-02 21:40:32 INFO  ChordProtocols:173 - Beregner fingerID for finger 48: 53937554629190552131995571481591220233
id: 53937554629190552131995571481591220233
lower: 53937554629190552131995290006614509577
upper: 66910184482037901621933403444034052414
Result (no wrap): true
2025-05-02 21:40:32 INFO  ChordProtocols:179 - Finger 48 peker n책 til: process3
2025-05-02 21:40:32 INFO  ChordProtocols:173 - Beregner fingerID for finger 49: 53937554629190552131995852956567930889
id: 53937554629190552131995852956567930889
lower: 53937554629190552131995290006614509577
upper: 66910184482037901621933403444034052414
Result (no wrap): true
2025-05-02 21:40:32 INFO  ChordProtocols:179 - Finger 49 peker n책 til: process3
2025-05-02 21:40:32 INFO  ChordProtocols:173 - Beregner fingerID for finger 50: 53937554629190552131996415906521352201
id: 53937554629190552131996415906521352201
lower: 53937554629190552131995290006614509577
upper: 66910184482037901621933403444034052414
Result (no wrap): true
2025-05-02 21:40:32 INFO  ChordProtocols:179 - Finger 50 peker n책 til: process3
2025-05-02 21:40:32 INFO  ChordProtocols:173 - Beregner fingerID for finger 51: 53937554629190552131997541806428194825
id: 53937554629190552131997541806428194825
lower: 53937554629190552131995290006614509577
upper: 66910184482037901621933403444034052414
Result (no wrap): true
2025-05-02 21:40:32 INFO  ChordProtocols:179 - Finger 51 peker n책 til: process3
2025-05-02 21:40:32 INFO  ChordProtocols:173 - Beregner fingerID for finger 52: 53937554629190552131999793606241880073
id: 53937554629190552131999793606241880073
lower: 53937554629190552131995290006614509577
upper: 66910184482037901621933403444034052414
Result (no wrap): true
2025-05-02 21:40:32 INFO  ChordProtocols:179 - Finger 52 peker n책 til: process3
2025-05-02 21:40:32 INFO  ChordProtocols:173 - Beregner fingerID for finger 53: 53937554629190552132004297205869250569
id: 53937554629190552132004297205869250569
lower: 53937554629190552131995290006614509577
upper: 66910184482037901621933403444034052414
Result (no wrap): true
2025-05-02 21:40:32 INFO  ChordProtocols:179 - Finger 53 peker n책 til: process3
2025-05-02 21:40:32 INFO  ChordProtocols:173 - Beregner fingerID for finger 54: 53937554629190552132013304405123991561
id: 53937554629190552132013304405123991561
lower: 53937554629190552131995290006614509577
upper: 66910184482037901621933403444034052414
Result (no wrap): true
2025-05-02 21:40:32 INFO  ChordProtocols:179 - Finger 54 peker n책 til: process3
2025-05-02 21:40:32 INFO  ChordProtocols:173 - Beregner fingerID for finger 55: 53937554629190552132031318803633473545
id: 53937554629190552132031318803633473545
lower: 53937554629190552131995290006614509577
upper: 66910184482037901621933403444034052414
Result (no wrap): true
2025-05-02 21:40:32 INFO  ChordProtocols:179 - Finger 55 peker n책 til: process3
2025-05-02 21:40:32 INFO  ChordProtocols:173 - Beregner fingerID for finger 56: 53937554629190552132067347600652437513
id: 53937554629190552132067347600652437513
lower: 53937554629190552131995290006614509577
upper: 66910184482037901621933403444034052414
Result (no wrap): true
2025-05-02 21:40:32 INFO  ChordProtocols:179 - Finger 56 peker n책 til: process3
2025-05-02 21:40:32 INFO  ChordProtocols:173 - Beregner fingerID for finger 57: 53937554629190552132139405194690365449
id: 53937554629190552132139405194690365449
lower: 53937554629190552131995290006614509577
upper: 66910184482037901621933403444034052414
Result (no wrap): true
2025-05-02 21:40:32 INFO  ChordProtocols:179 - Finger 57 peker n책 til: process3
2025-05-02 21:40:32 INFO  ChordProtocols:173 - Beregner fingerID for finger 58: 53937554629190552132283520382766221321
id: 53937554629190552132283520382766221321
lower: 53937554629190552131995290006614509577
upper: 66910184482037901621933403444034052414
Result (no wrap): true
2025-05-02 21:40:32 INFO  ChordProtocols:179 - Finger 58 peker n책 til: process3
2025-05-02 21:40:32 INFO  ChordProtocols:173 - Beregner fingerID for finger 59: 53937554629190552132571750758917933065
id: 53937554629190552132571750758917933065
lower: 53937554629190552131995290006614509577
upper: 66910184482037901621933403444034052414
Result (no wrap): true
2025-05-02 21:40:32 INFO  ChordProtocols:179 - Finger 59 peker n책 til: process3
2025-05-02 21:40:32 INFO  ChordProtocols:173 - Beregner fingerID for finger 60: 53937554629190552133148211511221356553
id: 53937554629190552133148211511221356553
lower: 53937554629190552131995290006614509577
upper: 66910184482037901621933403444034052414
Result (no wrap): true
2025-05-02 21:40:32 INFO  ChordProtocols:179 - Finger 60 peker n책 til: process3
2025-05-02 21:40:32 INFO  ChordProtocols:173 - Beregner fingerID for finger 61: 53937554629190552134301133015828203529
id: 53937554629190552134301133015828203529
lower: 53937554629190552131995290006614509577
upper: 66910184482037901621933403444034052414
Result (no wrap): true
2025-05-02 21:40:32 INFO  ChordProtocols:179 - Finger 61 peker n책 til: process3
2025-05-02 21:40:32 INFO  ChordProtocols:173 - Beregner fingerID for finger 62: 53937554629190552136606976025041897481
id: 53937554629190552136606976025041897481
lower: 53937554629190552131995290006614509577
upper: 66910184482037901621933403444034052414
Result (no wrap): true
2025-05-02 21:40:32 INFO  ChordProtocols:179 - Finger 62 peker n책 til: process3
2025-05-02 21:40:32 INFO  ChordProtocols:173 - Beregner fingerID for finger 63: 53937554629190552141218662043469285385
id: 53937554629190552141218662043469285385
lower: 53937554629190552131995290006614509577
upper: 66910184482037901621933403444034052414
Result (no wrap): true
2025-05-02 21:40:32 INFO  ChordProtocols:179 - Finger 63 peker n책 til: process3
2025-05-02 21:40:32 INFO  ChordProtocols:173 - Beregner fingerID for finger 64: 53937554629190552150442034080324061193
id: 53937554629190552150442034080324061193
lower: 53937554629190552131995290006614509577
upper: 66910184482037901621933403444034052414
Result (no wrap): true
2025-05-02 21:40:32 INFO  ChordProtocols:179 - Finger 64 peker n책 til: process3
2025-05-02 21:40:32 INFO  ChordProtocols:173 - Beregner fingerID for finger 65: 53937554629190552168888778154033612809
id: 53937554629190552168888778154033612809
lower: 53937554629190552131995290006614509577
upper: 66910184482037901621933403444034052414
Result (no wrap): true
2025-05-02 21:40:32 INFO  ChordProtocols:179 - Finger 65 peker n책 til: process3
2025-05-02 21:40:32 INFO  ChordProtocols:173 - Beregner fingerID for finger 66: 53937554629190552205782266301452716041
id: 53937554629190552205782266301452716041
lower: 53937554629190552131995290006614509577
upper: 66910184482037901621933403444034052414
Result (no wrap): true
2025-05-02 21:40:32 INFO  ChordProtocols:179 - Finger 66 peker n책 til: process3
2025-05-02 21:40:32 INFO  ChordProtocols:173 - Beregner fingerID for finger 67: 53937554629190552279569242596290922505
id: 53937554629190552279569242596290922505
lower: 53937554629190552131995290006614509577
upper: 66910184482037901621933403444034052414
Result (no wrap): true
2025-05-02 21:40:32 INFO  ChordProtocols:179 - Finger 67 peker n책 til: process3
2025-05-02 21:40:32 INFO  ChordProtocols:173 - Beregner fingerID for finger 68: 53937554629190552427143195185967335433
id: 53937554629190552427143195185967335433
lower: 53937554629190552131995290006614509577
upper: 66910184482037901621933403444034052414
Result (no wrap): true
2025-05-02 21:40:32 INFO  ChordProtocols:179 - Finger 68 peker n책 til: process3
2025-05-02 21:40:32 INFO  ChordProtocols:173 - Beregner fingerID for finger 69: 53937554629190552722291100365320161289
id: 53937554629190552722291100365320161289
lower: 53937554629190552131995290006614509577
upper: 66910184482037901621933403444034052414
Result (no wrap): true
2025-05-02 21:40:32 INFO  ChordProtocols:179 - Finger 69 peker n책 til: process3
2025-05-02 21:40:32 INFO  ChordProtocols:173 - Beregner fingerID for finger 70: 53937554629190553312586910724025813001
id: 53937554629190553312586910724025813001
lower: 53937554629190552131995290006614509577
upper: 66910184482037901621933403444034052414
Result (no wrap): true
2025-05-02 21:40:32 INFO  ChordProtocols:179 - Finger 70 peker n책 til: process3
2025-05-02 21:40:32 INFO  ChordProtocols:173 - Beregner fingerID for finger 71: 53937554629190554493178531441437116425
id: 53937554629190554493178531441437116425
lower: 53937554629190552131995290006614509577
upper: 66910184482037901621933403444034052414
Result (no wrap): true
2025-05-02 21:40:32 INFO  ChordProtocols:179 - Finger 71 peker n책 til: process3
2025-05-02 21:40:32 INFO  ChordProtocols:173 - Beregner fingerID for finger 72: 53937554629190556854361772876259723273
id: 53937554629190556854361772876259723273
lower: 53937554629190552131995290006614509577
upper: 66910184482037901621933403444034052414
Result (no wrap): true
2025-05-02 21:40:32 INFO  ChordProtocols:179 - Finger 72 peker n책 til: process3
2025-05-02 21:40:32 INFO  ChordProtocols:173 - Beregner fingerID for finger 73: 53937554629190561576728255745904936969
id: 53937554629190561576728255745904936969
lower: 53937554629190552131995290006614509577
upper: 66910184482037901621933403444034052414
Result (no wrap): true
2025-05-02 21:40:32 INFO  ChordProtocols:179 - Finger 73 peker n책 til: process3
2025-05-02 21:40:32 INFO  ChordProtocols:173 - Beregner fingerID for finger 74: 53937554629190571021461221485195364361
id: 53937554629190571021461221485195364361
lower: 53937554629190552131995290006614509577
upper: 66910184482037901621933403444034052414
Result (no wrap): true
2025-05-02 21:40:32 INFO  ChordProtocols:179 - Finger 74 peker n책 til: process3
2025-05-02 21:40:32 INFO  ChordProtocols:173 - Beregner fingerID for finger 75: 53937554629190589910927152963776219145
id: 53937554629190589910927152963776219145
lower: 53937554629190552131995290006614509577
upper: 66910184482037901621933403444034052414
Result (no wrap): true
2025-05-02 21:40:32 INFO  ChordProtocols:179 - Finger 75 peker n책 til: process3
2025-05-02 21:40:32 INFO  ChordProtocols:173 - Beregner fingerID for finger 76: 53937554629190627689859015920937928713
id: 53937554629190627689859015920937928713
lower: 53937554629190552131995290006614509577
upper: 66910184482037901621933403444034052414
Result (no wrap): true
2025-05-02 21:40:32 INFO  ChordProtocols:179 - Finger 76 peker n책 til: process3
2025-05-02 21:40:32 INFO  ChordProtocols:173 - Beregner fingerID for finger 77: 53937554629190703247722741835261347849
id: 53937554629190703247722741835261347849
lower: 53937554629190552131995290006614509577
upper: 66910184482037901621933403444034052414
Result (no wrap): true
2025-05-02 21:40:32 INFO  ChordProtocols:179 - Finger 77 peker n책 til: process3
2025-05-02 21:40:32 INFO  ChordProtocols:173 - Beregner fingerID for finger 78: 53937554629190854363450193663908186121
id: 53937554629190854363450193663908186121
lower: 53937554629190552131995290006614509577
upper: 66910184482037901621933403444034052414
Result (no wrap): true
2025-05-02 21:40:32 INFO  ChordProtocols:179 - Finger 78 peker n책 til: process3
2025-05-02 21:40:32 INFO  ChordProtocols:173 - Beregner fingerID for finger 79: 53937554629191156594905097321201862665
id: 53937554629191156594905097321201862665
lower: 53937554629190552131995290006614509577
upper: 66910184482037901621933403444034052414
Result (no wrap): true
2025-05-02 21:40:32 INFO  ChordProtocols:179 - Finger 79 peker n책 til: process3
2025-05-02 21:40:32 INFO  ChordProtocols:173 - Beregner fingerID for finger 80: 53937554629191761057814904635789215753
id: 53937554629191761057814904635789215753
lower: 53937554629190552131995290006614509577
upper: 66910184482037901621933403444034052414
Result (no wrap): true
2025-05-02 21:40:32 INFO  ChordProtocols:179 - Finger 80 peker n책 til: process3
2025-05-02 21:40:32 INFO  ChordProtocols:173 - Beregner fingerID for finger 81: 53937554629192969983634519264963921929
id: 53937554629192969983634519264963921929
lower: 53937554629190552131995290006614509577
upper: 66910184482037901621933403444034052414
Result (no wrap): true
2025-05-02 21:40:32 INFO  ChordProtocols:179 - Finger 81 peker n책 til: process3
2025-05-02 21:40:32 INFO  ChordProtocols:173 - Beregner fingerID for finger 82: 53937554629195387835273748523313334281
id: 53937554629195387835273748523313334281
lower: 53937554629190552131995290006614509577
upper: 66910184482037901621933403444034052414
Result (no wrap): true
2025-05-02 21:40:32 INFO  ChordProtocols:179 - Finger 82 peker n책 til: process3
2025-05-02 21:40:32 INFO  ChordProtocols:173 - Beregner fingerID for finger 83: 53937554629200223538552207040012158985
id: 53937554629200223538552207040012158985
lower: 53937554629190552131995290006614509577
upper: 66910184482037901621933403444034052414
Result (no wrap): true
2025-05-02 21:40:32 INFO  ChordProtocols:179 - Finger 83 peker n책 til: process3
2025-05-02 21:40:32 INFO  ChordProtocols:173 - Beregner fingerID for finger 84: 53937554629209894945109124073409808393
id: 53937554629209894945109124073409808393
lower: 53937554629190552131995290006614509577
upper: 66910184482037901621933403444034052414
Result (no wrap): true
2025-05-02 21:40:32 INFO  ChordProtocols:179 - Finger 84 peker n책 til: process3
2025-05-02 21:40:32 INFO  ChordProtocols:173 - Beregner fingerID for finger 85: 53937554629229237758222958140205107209
id: 53937554629229237758222958140205107209
lower: 53937554629190552131995290006614509577
upper: 66910184482037901621933403444034052414
Result (no wrap): true
2025-05-02 21:40:32 INFO  ChordProtocols:179 - Finger 85 peker n책 til: process3
2025-05-02 21:40:32 INFO  ChordProtocols:173 - Beregner fingerID for finger 86: 53937554629267923384450626273795704841
id: 53937554629267923384450626273795704841
lower: 53937554629190552131995290006614509577
upper: 66910184482037901621933403444034052414
Result (no wrap): true
2025-05-02 21:40:32 INFO  ChordProtocols:179 - Finger 86 peker n책 til: process3
2025-05-02 21:40:32 INFO  ChordProtocols:173 - Beregner fingerID for finger 87: 53937554629345294636905962540976900105
id: 53937554629345294636905962540976900105
lower: 53937554629190552131995290006614509577
upper: 66910184482037901621933403444034052414
Result (no wrap): true
2025-05-02 21:40:32 INFO  ChordProtocols:179 - Finger 87 peker n책 til: process3
2025-05-02 21:40:32 INFO  ChordProtocols:173 - Beregner fingerID for finger 88: 53937554629500037141816635075339290633
id: 53937554629500037141816635075339290633
lower: 53937554629190552131995290006614509577
upper: 66910184482037901621933403444034052414
Result (no wrap): true
2025-05-02 21:40:32 INFO  ChordProtocols:179 - Finger 88 peker n책 til: process3
2025-05-02 21:40:32 INFO  ChordProtocols:173 - Beregner fingerID for finger 89: 53937554629809522151637980144064071689
id: 53937554629809522151637980144064071689
lower: 53937554629190552131995290006614509577
upper: 66910184482037901621933403444034052414
Result (no wrap): true
2025-05-02 21:40:32 INFO  ChordProtocols:179 - Finger 89 peker n책 til: process3
2025-05-02 21:40:32 INFO  ChordProtocols:173 - Beregner fingerID for finger 90: 53937554630428492171280670281513633801
id: 53937554630428492171280670281513633801
lower: 53937554629190552131995290006614509577
upper: 66910184482037901621933403444034052414
Result (no wrap): true
2025-05-02 21:40:32 INFO  ChordProtocols:179 - Finger 90 peker n책 til: process3
2025-05-02 21:40:32 INFO  ChordProtocols:173 - Beregner fingerID for finger 91: 53937554631666432210566050556412758025
id: 53937554631666432210566050556412758025
lower: 53937554629190552131995290006614509577
upper: 66910184482037901621933403444034052414
Result (no wrap): true
2025-05-02 21:40:32 INFO  ChordProtocols:179 - Finger 91 peker n책 til: process3
2025-05-02 21:40:32 INFO  ChordProtocols:173 - Beregner fingerID for finger 92: 53937554634142312289136811106211006473
id: 53937554634142312289136811106211006473
lower: 53937554629190552131995290006614509577
upper: 66910184482037901621933403444034052414
Result (no wrap): true
2025-05-02 21:40:32 INFO  ChordProtocols:179 - Finger 92 peker n책 til: process3
2025-05-02 21:40:32 INFO  ChordProtocols:173 - Beregner fingerID for finger 93: 53937554639094072446278332205807503369
id: 53937554639094072446278332205807503369
lower: 53937554629190552131995290006614509577
upper: 66910184482037901621933403444034052414
Result (no wrap): true
2025-05-02 21:40:32 INFO  ChordProtocols:179 - Finger 93 peker n책 til: process3
2025-05-02 21:40:32 INFO  ChordProtocols:173 - Beregner fingerID for finger 94: 53937554648997592760561374405000497161
id: 53937554648997592760561374405000497161
lower: 53937554629190552131995290006614509577
upper: 66910184482037901621933403444034052414
Result (no wrap): true
2025-05-02 21:40:32 INFO  ChordProtocols:179 - Finger 94 peker n책 til: process3
2025-05-02 21:40:32 INFO  ChordProtocols:173 - Beregner fingerID for finger 95: 53937554668804633389127458803386484745
id: 53937554668804633389127458803386484745
lower: 53937554629190552131995290006614509577
upper: 66910184482037901621933403444034052414
Result (no wrap): true
2025-05-02 21:40:32 INFO  ChordProtocols:179 - Finger 95 peker n책 til: process3
2025-05-02 21:40:32 INFO  ChordProtocols:173 - Beregner fingerID for finger 96: 53937554708418714646259627600158459913
id: 53937554708418714646259627600158459913
lower: 53937554629190552131995290006614509577
upper: 66910184482037901621933403444034052414
Result (no wrap): true
2025-05-02 21:40:32 INFO  ChordProtocols:179 - Finger 96 peker n책 til: process3
2025-05-02 21:40:32 INFO  ChordProtocols:173 - Beregner fingerID for finger 97: 53937554787646877160523965193702410249
id: 53937554787646877160523965193702410249
lower: 53937554629190552131995290006614509577
upper: 66910184482037901621933403444034052414
Result (no wrap): true
2025-05-02 21:40:32 INFO  ChordProtocols:179 - Finger 97 peker n책 til: process3
2025-05-02 21:40:32 INFO  ChordProtocols:173 - Beregner fingerID for finger 98: 53937554946103202189052640380790310921
id: 53937554946103202189052640380790310921
lower: 53937554629190552131995290006614509577
upper: 66910184482037901621933403444034052414
Result (no wrap): true
2025-05-02 21:40:32 INFO  ChordProtocols:179 - Finger 98 peker n책 til: process3
2025-05-02 21:40:32 INFO  ChordProtocols:173 - Beregner fingerID for finger 99: 53937555263015852246109990754966112265
id: 53937555263015852246109990754966112265
lower: 53937554629190552131995290006614509577
upper: 66910184482037901621933403444034052414
Result (no wrap): true
2025-05-02 21:40:32 INFO  ChordProtocols:179 - Finger 99 peker n책 til: process3
2025-05-02 21:40:32 INFO  ChordProtocols:173 - Beregner fingerID for finger 100: 53937555896841152360224691503317714953
id: 53937555896841152360224691503317714953
lower: 53937554629190552131995290006614509577
upper: 66910184482037901621933403444034052414
Result (no wrap): true
2025-05-02 21:40:32 INFO  ChordProtocols:179 - Finger 100 peker n책 til: process3
2025-05-02 21:40:32 INFO  ChordProtocols:173 - Beregner fingerID for finger 101: 53937557164491752588454093000020920329
id: 53937557164491752588454093000020920329
lower: 53937554629190552131995290006614509577
upper: 66910184482037901621933403444034052414
Result (no wrap): true
2025-05-02 21:40:32 INFO  ChordProtocols:179 - Finger 101 peker n책 til: process3
2025-05-02 21:40:32 INFO  ChordProtocols:173 - Beregner fingerID for finger 102: 53937559699792953044912895993427331081
id: 53937559699792953044912895993427331081
lower: 53937554629190552131995290006614509577
upper: 66910184482037901621933403444034052414
Result (no wrap): true
2025-05-02 21:40:32 INFO  ChordProtocols:179 - Finger 102 peker n책 til: process3
2025-05-02 21:40:32 INFO  ChordProtocols:173 - Beregner fingerID for finger 103: 53937564770395353957830501980240152585
id: 53937564770395353957830501980240152585
lower: 53937554629190552131995290006614509577
upper: 66910184482037901621933403444034052414
Result (no wrap): true
2025-05-02 21:40:32 INFO  ChordProtocols:179 - Finger 103 peker n책 til: process3
2025-05-02 21:40:32 INFO  ChordProtocols:173 - Beregner fingerID for finger 104: 53937574911600155783665713953865795593
id: 53937574911600155783665713953865795593
lower: 53937554629190552131995290006614509577
upper: 66910184482037901621933403444034052414
Result (no wrap): true
2025-05-02 21:40:32 INFO  ChordProtocols:179 - Finger 104 peker n책 til: process3
2025-05-02 21:40:32 INFO  ChordProtocols:173 - Beregner fingerID for finger 105: 53937595194009759435336137901117081609
id: 53937595194009759435336137901117081609
lower: 53937554629190552131995290006614509577
upper: 66910184482037901621933403444034052414
Result (no wrap): true
2025-05-02 21:40:32 INFO  ChordProtocols:179 - Finger 105 peker n책 til: process3
2025-05-02 21:40:32 INFO  ChordProtocols:173 - Beregner fingerID for finger 106: 53937635758828966738676985795619653641
id: 53937635758828966738676985795619653641
lower: 53937554629190552131995290006614509577
upper: 66910184482037901621933403444034052414
Result (no wrap): true
2025-05-02 21:40:32 INFO  ChordProtocols:179 - Finger 106 peker n책 til: process3
2025-05-02 21:40:32 INFO  ChordProtocols:173 - Beregner fingerID for finger 107: 53937716888467381345358681584624797705
id: 53937716888467381345358681584624797705
lower: 53937554629190552131995290006614509577
upper: 66910184482037901621933403444034052414
Result (no wrap): true
2025-05-02 21:40:32 INFO  ChordProtocols:179 - Finger 107 peker n책 til: process3
2025-05-02 21:40:32 INFO  ChordProtocols:173 - Beregner fingerID for finger 108: 53937879147744210558722073162635085833
id: 53937879147744210558722073162635085833
lower: 53937554629190552131995290006614509577
upper: 66910184482037901621933403444034052414
Result (no wrap): true
2025-05-02 21:40:32 INFO  ChordProtocols:179 - Finger 108 peker n책 til: process3
2025-05-02 21:40:32 INFO  ChordProtocols:173 - Beregner fingerID for finger 109: 53938203666297868985448856318655662089
id: 53938203666297868985448856318655662089
lower: 53937554629190552131995290006614509577
upper: 66910184482037901621933403444034052414
Result (no wrap): true
2025-05-02 21:40:32 INFO  ChordProtocols:179 - Finger 109 peker n책 til: process3
2025-05-02 21:40:32 INFO  ChordProtocols:173 - Beregner fingerID for finger 110: 53938852703405185838902422630696814601
id: 53938852703405185838902422630696814601
lower: 53937554629190552131995290006614509577
upper: 66910184482037901621933403444034052414
Result (no wrap): true
2025-05-02 21:40:32 INFO  ChordProtocols:179 - Finger 110 peker n책 til: process3
2025-05-02 21:40:32 INFO  ChordProtocols:173 - Beregner fingerID for finger 111: 53940150777619819545809555254779119625
id: 53940150777619819545809555254779119625
lower: 53937554629190552131995290006614509577
upper: 66910184482037901621933403444034052414
Result (no wrap): true
2025-05-02 21:40:32 INFO  ChordProtocols:179 - Finger 111 peker n책 til: process3
2025-05-02 21:40:32 INFO  ChordProtocols:173 - Beregner fingerID for finger 112: 53942746926049086959623820502943729673
id: 53942746926049086959623820502943729673
lower: 53937554629190552131995290006614509577
upper: 66910184482037901621933403444034052414
Result (no wrap): true
2025-05-02 21:40:32 INFO  ChordProtocols:179 - Finger 112 peker n책 til: process3
2025-05-02 21:40:32 INFO  ChordProtocols:173 - Beregner fingerID for finger 113: 53947939222907621787252350999272949769
id: 53947939222907621787252350999272949769
lower: 53937554629190552131995290006614509577
upper: 66910184482037901621933403444034052414
Result (no wrap): true
2025-05-02 21:40:32 INFO  ChordProtocols:179 - Finger 113 peker n책 til: process3
2025-05-02 21:40:32 INFO  ChordProtocols:173 - Beregner fingerID for finger 114: 53958323816624691442509411991931389961
id: 53958323816624691442509411991931389961
lower: 53937554629190552131995290006614509577
upper: 66910184482037901621933403444034052414
Result (no wrap): true
2025-05-02 21:40:32 INFO  ChordProtocols:179 - Finger 114 peker n책 til: process3
2025-05-02 21:40:32 INFO  ChordProtocols:173 - Beregner fingerID for finger 115: 53979093004058830753023533977248270345
id: 53979093004058830753023533977248270345
lower: 53937554629190552131995290006614509577
upper: 66910184482037901621933403444034052414
Result (no wrap): true
2025-05-02 21:40:32 INFO  ChordProtocols:179 - Finger 115 peker n책 til: process3
2025-05-02 21:40:32 INFO  ChordProtocols:173 - Beregner fingerID for finger 116: 54020631378927109374051777947882031113
id: 54020631378927109374051777947882031113
lower: 53937554629190552131995290006614509577
upper: 66910184482037901621933403444034052414
Result (no wrap): true
2025-05-02 21:40:32 INFO  ChordProtocols:179 - Finger 116 peker n책 til: process3
2025-05-02 21:40:32 INFO  ChordProtocols:173 - Beregner fingerID for finger 117: 54103708128663666616108265889149552649
id: 54103708128663666616108265889149552649
lower: 53937554629190552131995290006614509577
upper: 66910184482037901621933403444034052414
Result (no wrap): true
2025-05-02 21:40:32 INFO  ChordProtocols:179 - Finger 117 peker n책 til: process3
2025-05-02 21:40:32 INFO  ChordProtocols:173 - Beregner fingerID for finger 118: 54269861628136781100221241771684595721
id: 54269861628136781100221241771684595721
lower: 53937554629190552131995290006614509577
upper: 66910184482037901621933403444034052414
Result (no wrap): true
2025-05-02 21:40:32 INFO  ChordProtocols:179 - Finger 118 peker n책 til: process3
2025-05-02 21:40:32 INFO  ChordProtocols:173 - Beregner fingerID for finger 119: 54602168627083010068447193536754681865
id: 54602168627083010068447193536754681865
lower: 53937554629190552131995290006614509577
upper: 66910184482037901621933403444034052414
Result (no wrap): true
2025-05-02 21:40:32 INFO  ChordProtocols:179 - Finger 119 peker n책 til: process3
2025-05-02 21:40:32 INFO  ChordProtocols:173 - Beregner fingerID for finger 120: 55266782624975468004899097066894854153
id: 55266782624975468004899097066894854153
lower: 53937554629190552131995290006614509577
upper: 66910184482037901621933403444034052414
Result (no wrap): true
2025-05-02 21:40:32 INFO  ChordProtocols:179 - Finger 120 peker n책 til: process3
2025-05-02 21:40:32 INFO  ChordProtocols:173 - Beregner fingerID for finger 121: 56596010620760383877802904127175198729
id: 56596010620760383877802904127175198729
lower: 53937554629190552131995290006614509577
upper: 66910184482037901621933403444034052414
Result (no wrap): true
2025-05-02 21:40:32 INFO  ChordProtocols:179 - Finger 121 peker n책 til: process3
2025-05-02 21:40:32 INFO  ChordProtocols:173 - Beregner fingerID for finger 122: 59254466612330215623610518247735887881
id: 59254466612330215623610518247735887881
lower: 53937554629190552131995290006614509577
upper: 66910184482037901621933403444034052414
Result (no wrap): true
2025-05-02 21:40:32 INFO  ChordProtocols:179 - Finger 122 peker n책 til: process3
2025-05-02 21:40:32 INFO  ChordProtocols:173 - Beregner fingerID for finger 123: 64571378595469879115225746488857266185
id: 64571378595469879115225746488857266185
lower: 53937554629190552131995290006614509577
upper: 66910184482037901621933403444034052414
Result (no wrap): true
2025-05-02 21:40:32 INFO  ChordProtocols:179 - Finger 123 peker n책 til: process3
2025-05-02 21:40:32 INFO  ChordProtocols:173 - Beregner fingerID for finger 124: 75205202561749206098456202971100022793
id: 75205202561749206098456202971100022793
lower: 53937554629190552131995290006614509577
upper: 66910184482037901621933403444034052414
Result (no wrap): false
id: 66910184482037901621933403444034052414
lower: 53937554629190552131995290006614509577
upper: 75205202561749206098456202971100022793
Result (no wrap): true
id: 75205202561749206098456202971100022793
lower: 66910184482037901621933403444034052414
upper: 121411138451101288395601026024677976156
Result (no wrap): true
2025-05-02 21:40:32 INFO  ChordProtocols:179 - Finger 124 peker n책 til: process5
2025-05-02 21:40:32 INFO  ChordProtocols:173 - Beregner fingerID for finger 125: 96472850494307860064917115935585536009
id: 96472850494307860064917115935585536009
lower: 53937554629190552131995290006614509577
upper: 66910184482037901621933403444034052414
Result (no wrap): false
id: 121411138451101288395601026024677976156
lower: 53937554629190552131995290006614509577
upper: 96472850494307860064917115935585536009
Result (no wrap): false
id: 66910184482037901621933403444034052414
lower: 53937554629190552131995290006614509577
upper: 96472850494307860064917115935585536009
Result (no wrap): true
id: 96472850494307860064917115935585536009
lower: 66910184482037901621933403444034052414
upper: 121411138451101288395601026024677976156
Result (no wrap): true
2025-05-02 21:40:32 INFO  ChordProtocols:179 - Finger 125 peker n책 til: process5
2025-05-02 21:40:32 INFO  ChordProtocols:173 - Beregner fingerID for finger 126: 139008146359425167997838941864556562441
id: 139008146359425167997838941864556562441
lower: 53937554629190552131995290006614509577
upper: 66910184482037901621933403444034052414
Result (no wrap): false
id: 121411138451101288395601026024677976156
lower: 53937554629190552131995290006614509577
upper: 139008146359425167997838941864556562441
Result (no wrap): true
id: 139008146359425167997838941864556562441
lower: 121411138451101288395601026024677976156
upper: 210821560651360572675896360671414673172
Result (no wrap): true
2025-05-02 21:40:32 INFO  ChordProtocols:179 - Finger 126 peker n책 til: process4
2025-05-02 21:40:32 INFO  ChordProtocols:173 - Beregner fingerID for finger 127: 224078738089659783863682593722498615305
id: 224078738089659783863682593722498615305
lower: 53937554629190552131995290006614509577
upper: 66910184482037901621933403444034052414
Result (no wrap): false
id: 210821560651360572675896360671414673172
lower: 53937554629190552131995290006614509577
upper: 224078738089659783863682593722498615305
Result (no wrap): true
id: 224078738089659783863682593722498615305
lower: 210821560651360572675896360671414673172
upper: 15618062003214643351512781541041391612
Result (wrap): true
2025-05-02 21:40:32 INFO  ChordProtocols:179 - Finger 127 peker n책 til: process2
2025-05-02 21:40:32 INFO  StabilizationProtocols:60 - Checking the predecessor for Node: process1
==================================
Node Identifier = 53937554629190552131995290006614509577
Node IP address = process1
successor(process1) = process3
predecessor(process1) = process2
Current File keys for process1 => []
==================================
2025-05-02 21:40:32 INFO  StabilizationProtocols:130 - Updating the successor for Node: process2
id: 15618062003214643351512781541041391613
lower: 15618062003214643351512781541041391612
upper: 53937554629190552131995290006614509577
Result (no wrap): true
2025-05-02 21:40:32 INFO  StabilizationProtocols:84 - Stabilizing ring from process2...
2025-05-02 21:40:32 INFO  StabilizationProtocols:91 - Stabilize ring: succnode = process1
id: 15618062003214643351512781541041391612
lower: 15618062003214643351512781541041391613
upper: 53937554629190552131995290006614509578
Result (no wrap): false
2025-05-02 21:40:32 INFO  StabilizationProtocols:113 - Finished stabilizing chordring from process2
2025-05-02 21:40:32 INFO  ChordProtocols:159 - Oppdaterer FingerTable for Node: process2
2025-05-02 21:40:32 INFO  ChordProtocols:173 - Beregner fingerID for finger 0: 15618062003214643351512781541041391613
id: 15618062003214643351512781541041391613
lower: 15618062003214643351512781541041391612
upper: 53937554629190552131995290006614509577
Result (no wrap): true
2025-05-02 21:40:32 INFO  ChordProtocols:179 - Finger 0 peker n책 til: process1
2025-05-02 21:40:32 INFO  ChordProtocols:173 - Beregner fingerID for finger 1: 15618062003214643351512781541041391614
id: 15618062003214643351512781541041391614
lower: 15618062003214643351512781541041391612
upper: 53937554629190552131995290006614509577
Result (no wrap): true
2025-05-02 21:40:32 INFO  ChordProtocols:179 - Finger 1 peker n책 til: process1
2025-05-02 21:40:32 INFO  ChordProtocols:173 - Beregner fingerID for finger 2: 15618062003214643351512781541041391616
id: 15618062003214643351512781541041391616
lower: 15618062003214643351512781541041391612
upper: 53937554629190552131995290006614509577
Result (no wrap): true
2025-05-02 21:40:32 INFO  ChordProtocols:179 - Finger 2 peker n책 til: process1
2025-05-02 21:40:32 INFO  ChordProtocols:173 - Beregner fingerID for finger 3: 15618062003214643351512781541041391620
id: 15618062003214643351512781541041391620
lower: 15618062003214643351512781541041391612
upper: 53937554629190552131995290006614509577
Result (no wrap): true
2025-05-02 21:40:32 INFO  ChordProtocols:179 - Finger 3 peker n책 til: process1
2025-05-02 21:40:32 INFO  ChordProtocols:173 - Beregner fingerID for finger 4: 15618062003214643351512781541041391628
id: 15618062003214643351512781541041391628
lower: 15618062003214643351512781541041391612
upper: 53937554629190552131995290006614509577
Result (no wrap): true
2025-05-02 21:40:32 INFO  ChordProtocols:179 - Finger 4 peker n책 til: process1
2025-05-02 21:40:32 INFO  ChordProtocols:173 - Beregner fingerID for finger 5: 15618062003214643351512781541041391644
id: 15618062003214643351512781541041391644
lower: 15618062003214643351512781541041391612
upper: 53937554629190552131995290006614509577
Result (no wrap): true
2025-05-02 21:40:32 INFO  ChordProtocols:179 - Finger 5 peker n책 til: process1
2025-05-02 21:40:32 INFO  ChordProtocols:173 - Beregner fingerID for finger 6: 15618062003214643351512781541041391676
id: 15618062003214643351512781541041391676
lower: 15618062003214643351512781541041391612
upper: 53937554629190552131995290006614509577
Result (no wrap): true
2025-05-02 21:40:32 INFO  ChordProtocols:179 - Finger 6 peker n책 til: process1
2025-05-02 21:40:32 INFO  ChordProtocols:173 - Beregner fingerID for finger 7: 15618062003214643351512781541041391740
id: 15618062003214643351512781541041391740
lower: 15618062003214643351512781541041391612
upper: 53937554629190552131995290006614509577
Result (no wrap): true
2025-05-02 21:40:32 INFO  ChordProtocols:179 - Finger 7 peker n책 til: process1
2025-05-02 21:40:32 INFO  ChordProtocols:173 - Beregner fingerID for finger 8: 15618062003214643351512781541041391868
id: 15618062003214643351512781541041391868
lower: 15618062003214643351512781541041391612
upper: 53937554629190552131995290006614509577
Result (no wrap): true
2025-05-02 21:40:32 INFO  ChordProtocols:179 - Finger 8 peker n책 til: process1
2025-05-02 21:40:32 INFO  ChordProtocols:173 - Beregner fingerID for finger 9: 15618062003214643351512781541041392124
id: 15618062003214643351512781541041392124
lower: 15618062003214643351512781541041391612
upper: 53937554629190552131995290006614509577
Result (no wrap): true
2025-05-02 21:40:32 INFO  ChordProtocols:179 - Finger 9 peker n책 til: process1
2025-05-02 21:40:32 INFO  ChordProtocols:173 - Beregner fingerID for finger 10: 15618062003214643351512781541041392636
id: 15618062003214643351512781541041392636
lower: 15618062003214643351512781541041391612
upper: 53937554629190552131995290006614509577
Result (no wrap): true
2025-05-02 21:40:32 INFO  ChordProtocols:179 - Finger 10 peker n책 til: process1
2025-05-02 21:40:32 INFO  ChordProtocols:173 - Beregner fingerID for finger 11: 15618062003214643351512781541041393660
id: 15618062003214643351512781541041393660
lower: 15618062003214643351512781541041391612
upper: 53937554629190552131995290006614509577
Result (no wrap): true
2025-05-02 21:40:32 INFO  ChordProtocols:179 - Finger 11 peker n책 til: process1
2025-05-02 21:40:32 INFO  ChordProtocols:173 - Beregner fingerID for finger 12: 15618062003214643351512781541041395708
id: 15618062003214643351512781541041395708
lower: 15618062003214643351512781541041391612
upper: 53937554629190552131995290006614509577
Result (no wrap): true
2025-05-02 21:40:32 INFO  ChordProtocols:179 - Finger 12 peker n책 til: process1
2025-05-02 21:40:32 INFO  ChordProtocols:173 - Beregner fingerID for finger 13: 15618062003214643351512781541041399804
id: 15618062003214643351512781541041399804
lower: 15618062003214643351512781541041391612
upper: 53937554629190552131995290006614509577
Result (no wrap): true
2025-05-02 21:40:32 INFO  ChordProtocols:179 - Finger 13 peker n책 til: process1
2025-05-02 21:40:32 INFO  ChordProtocols:173 - Beregner fingerID for finger 14: 15618062003214643351512781541041407996
id: 15618062003214643351512781541041407996
lower: 15618062003214643351512781541041391612
upper: 53937554629190552131995290006614509577
Result (no wrap): true
2025-05-02 21:40:32 INFO  ChordProtocols:179 - Finger 14 peker n책 til: process1
2025-05-02 21:40:32 INFO  ChordProtocols:173 - Beregner fingerID for finger 15: 15618062003214643351512781541041424380
id: 15618062003214643351512781541041424380
lower: 15618062003214643351512781541041391612
upper: 53937554629190552131995290006614509577
Result (no wrap): true
2025-05-02 21:40:32 INFO  ChordProtocols:179 - Finger 15 peker n책 til: process1
2025-05-02 21:40:32 INFO  ChordProtocols:173 - Beregner fingerID for finger 16: 15618062003214643351512781541041457148
id: 15618062003214643351512781541041457148
lower: 15618062003214643351512781541041391612
upper: 53937554629190552131995290006614509577
Result (no wrap): true
2025-05-02 21:40:32 INFO  ChordProtocols:179 - Finger 16 peker n책 til: process1
2025-05-02 21:40:32 INFO  ChordProtocols:173 - Beregner fingerID for finger 17: 15618062003214643351512781541041522684
id: 15618062003214643351512781541041522684
lower: 15618062003214643351512781541041391612
upper: 53937554629190552131995290006614509577
Result (no wrap): true
2025-05-02 21:40:32 INFO  ChordProtocols:179 - Finger 17 peker n책 til: process1
2025-05-02 21:40:32 INFO  ChordProtocols:173 - Beregner fingerID for finger 18: 15618062003214643351512781541041653756
id: 15618062003214643351512781541041653756
lower: 15618062003214643351512781541041391612
upper: 53937554629190552131995290006614509577
Result (no wrap): true
2025-05-02 21:40:32 INFO  ChordProtocols:179 - Finger 18 peker n책 til: process1
2025-05-02 21:40:32 INFO  ChordProtocols:173 - Beregner fingerID for finger 19: 15618062003214643351512781541041915900
id: 15618062003214643351512781541041915900
lower: 15618062003214643351512781541041391612
upper: 53937554629190552131995290006614509577
Result (no wrap): true
2025-05-02 21:40:32 INFO  ChordProtocols:179 - Finger 19 peker n책 til: process1
2025-05-02 21:40:32 INFO  ChordProtocols:173 - Beregner fingerID for finger 20: 15618062003214643351512781541042440188
id: 15618062003214643351512781541042440188
lower: 15618062003214643351512781541041391612
upper: 53937554629190552131995290006614509577
Result (no wrap): true
2025-05-02 21:40:32 INFO  ChordProtocols:179 - Finger 20 peker n책 til: process1
2025-05-02 21:40:32 INFO  ChordProtocols:173 - Beregner fingerID for finger 21: 15618062003214643351512781541043488764
id: 15618062003214643351512781541043488764
lower: 15618062003214643351512781541041391612
upper: 53937554629190552131995290006614509577
Result (no wrap): true
2025-05-02 21:40:32 INFO  ChordProtocols:179 - Finger 21 peker n책 til: process1
2025-05-02 21:40:32 INFO  ChordProtocols:173 - Beregner fingerID for finger 22: 15618062003214643351512781541045585916
id: 15618062003214643351512781541045585916
lower: 15618062003214643351512781541041391612
upper: 53937554629190552131995290006614509577
Result (no wrap): true
2025-05-02 21:40:32 INFO  ChordProtocols:179 - Finger 22 peker n책 til: process1
2025-05-02 21:40:32 INFO  ChordProtocols:173 - Beregner fingerID for finger 23: 15618062003214643351512781541049780220
id: 15618062003214643351512781541049780220
lower: 15618062003214643351512781541041391612
upper: 53937554629190552131995290006614509577
Result (no wrap): true
2025-05-02 21:40:32 INFO  ChordProtocols:179 - Finger 23 peker n책 til: process1
2025-05-02 21:40:32 INFO  ChordProtocols:173 - Beregner fingerID for finger 24: 15618062003214643351512781541058168828
id: 15618062003214643351512781541058168828
lower: 15618062003214643351512781541041391612
upper: 53937554629190552131995290006614509577
Result (no wrap): true
2025-05-02 21:40:32 INFO  ChordProtocols:179 - Finger 24 peker n책 til: process1
2025-05-02 21:40:32 INFO  ChordProtocols:173 - Beregner fingerID for finger 25: 15618062003214643351512781541074946044
id: 15618062003214643351512781541074946044
lower: 15618062003214643351512781541041391612
upper: 53937554629190552131995290006614509577
Result (no wrap): true
2025-05-02 21:40:32 INFO  ChordProtocols:179 - Finger 25 peker n책 til: process1
2025-05-02 21:40:32 INFO  ChordProtocols:173 - Beregner fingerID for finger 26: 15618062003214643351512781541108500476
id: 15618062003214643351512781541108500476
lower: 15618062003214643351512781541041391612
upper: 53937554629190552131995290006614509577
Result (no wrap): true
2025-05-02 21:40:32 INFO  ChordProtocols:179 - Finger 26 peker n책 til: process1
2025-05-02 21:40:32 INFO  ChordProtocols:173 - Beregner fingerID for finger 27: 15618062003214643351512781541175609340
id: 15618062003214643351512781541175609340
lower: 15618062003214643351512781541041391612
upper: 53937554629190552131995290006614509577
Result (no wrap): true
2025-05-02 21:40:32 INFO  ChordProtocols:179 - Finger 27 peker n책 til: process1
2025-05-02 21:40:32 INFO  ChordProtocols:173 - Beregner fingerID for finger 28: 15618062003214643351512781541309827068
id: 15618062003214643351512781541309827068
lower: 15618062003214643351512781541041391612
upper: 53937554629190552131995290006614509577
Result (no wrap): true
2025-05-02 21:40:32 INFO  ChordProtocols:179 - Finger 28 peker n책 til: process1
2025-05-02 21:40:32 INFO  ChordProtocols:173 - Beregner fingerID for finger 29: 15618062003214643351512781541578262524
id: 15618062003214643351512781541578262524
lower: 15618062003214643351512781541041391612
upper: 53937554629190552131995290006614509577
Result (no wrap): true
2025-05-02 21:40:32 INFO  ChordProtocols:179 - Finger 29 peker n책 til: process1
2025-05-02 21:40:32 INFO  ChordProtocols:173 - Beregner fingerID for finger 30: 15618062003214643351512781542115133436
id: 15618062003214643351512781542115133436
lower: 15618062003214643351512781541041391612
upper: 53937554629190552131995290006614509577
Result (no wrap): true
2025-05-02 21:40:32 INFO  ChordProtocols:179 - Finger 30 peker n책 til: process1
2025-05-02 21:40:32 INFO  ChordProtocols:173 - Beregner fingerID for finger 31: 15618062003214643351512781543188875260
id: 15618062003214643351512781543188875260
lower: 15618062003214643351512781541041391612
upper: 53937554629190552131995290006614509577
Result (no wrap): true
2025-05-02 21:40:32 INFO  ChordProtocols:179 - Finger 31 peker n책 til: process1
2025-05-02 21:40:32 INFO  ChordProtocols:173 - Beregner fingerID for finger 32: 15618062003214643351512781545336358908
id: 15618062003214643351512781545336358908
lower: 15618062003214643351512781541041391612
upper: 53937554629190552131995290006614509577
Result (no wrap): true
2025-05-02 21:40:32 INFO  ChordProtocols:179 - Finger 32 peker n책 til: process1
2025-05-02 21:40:32 INFO  ChordProtocols:173 - Beregner fingerID for finger 33: 15618062003214643351512781549631326204
id: 15618062003214643351512781549631326204
lower: 15618062003214643351512781541041391612
upper: 53937554629190552131995290006614509577
Result (no wrap): true
2025-05-02 21:40:32 INFO  ChordProtocols:179 - Finger 33 peker n책 til: process1
2025-05-02 21:40:32 INFO  ChordProtocols:173 - Beregner fingerID for finger 34: 15618062003214643351512781558221260796
id: 15618062003214643351512781558221260796
lower: 15618062003214643351512781541041391612
upper: 53937554629190552131995290006614509577
Result (no wrap): true
2025-05-02 21:40:32 INFO  ChordProtocols:179 - Finger 34 peker n책 til: process1
2025-05-02 21:40:32 INFO  ChordProtocols:173 - Beregner fingerID for finger 35: 15618062003214643351512781575401129980
id: 15618062003214643351512781575401129980
lower: 15618062003214643351512781541041391612
upper: 53937554629190552131995290006614509577
Result (no wrap): true
2025-05-02 21:40:32 INFO  ChordProtocols:179 - Finger 35 peker n책 til: process1
2025-05-02 21:40:32 INFO  ChordProtocols:173 - Beregner fingerID for finger 36: 15618062003214643351512781609760868348
id: 15618062003214643351512781609760868348
lower: 15618062003214643351512781541041391612
upper: 53937554629190552131995290006614509577
Result (no wrap): true
2025-05-02 21:40:32 INFO  ChordProtocols:179 - Finger 36 peker n책 til: process1
2025-05-02 21:40:32 INFO  ChordProtocols:173 - Beregner fingerID for finger 37: 15618062003214643351512781678480345084
id: 15618062003214643351512781678480345084
lower: 15618062003214643351512781541041391612
upper: 53937554629190552131995290006614509577
Result (no wrap): true
2025-05-02 21:40:32 INFO  ChordProtocols:179 - Finger 37 peker n책 til: process1
2025-05-02 21:40:32 INFO  ChordProtocols:173 - Beregner fingerID for finger 38: 15618062003214643351512781815919298556
id: 15618062003214643351512781815919298556
lower: 15618062003214643351512781541041391612
upper: 53937554629190552131995290006614509577
Result (no wrap): true
2025-05-02 21:40:32 INFO  ChordProtocols:179 - Finger 38 peker n책 til: process1
2025-05-02 21:40:32 INFO  ChordProtocols:173 - Beregner fingerID for finger 39: 15618062003214643351512782090797205500
id: 15618062003214643351512782090797205500
lower: 15618062003214643351512781541041391612
upper: 53937554629190552131995290006614509577
Result (no wrap): true
2025-05-02 21:40:32 INFO  ChordProtocols:179 - Finger 39 peker n책 til: process1
2025-05-02 21:40:32 INFO  ChordProtocols:173 - Beregner fingerID for finger 40: 15618062003214643351512782640553019388
id: 15618062003214643351512782640553019388
lower: 15618062003214643351512781541041391612
upper: 53937554629190552131995290006614509577
Result (no wrap): true
2025-05-02 21:40:32 INFO  ChordProtocols:179 - Finger 40 peker n책 til: process1
2025-05-02 21:40:32 INFO  ChordProtocols:173 - Beregner fingerID for finger 41: 15618062003214643351512783740064647164
id: 15618062003214643351512783740064647164
lower: 15618062003214643351512781541041391612
upper: 53937554629190552131995290006614509577
Result (no wrap): true
2025-05-02 21:40:32 INFO  ChordProtocols:179 - Finger 41 peker n책 til: process1
2025-05-02 21:40:32 INFO  ChordProtocols:173 - Beregner fingerID for finger 42: 15618062003214643351512785939087902716
id: 15618062003214643351512785939087902716
lower: 15618062003214643351512781541041391612
upper: 53937554629190552131995290006614509577
Result (no wrap): true
2025-05-02 21:40:32 INFO  ChordProtocols:179 - Finger 42 peker n책 til: process1
2025-05-02 21:40:32 INFO  ChordProtocols:173 - Beregner fingerID for finger 43: 15618062003214643351512790337134413820
id: 15618062003214643351512790337134413820
lower: 15618062003214643351512781541041391612
upper: 53937554629190552131995290006614509577
Result (no wrap): true
2025-05-02 21:40:32 INFO  ChordProtocols:179 - Finger 43 peker n책 til: process1
2025-05-02 21:40:32 INFO  ChordProtocols:173 - Beregner fingerID for finger 44: 15618062003214643351512799133227436028
id: 15618062003214643351512799133227436028
lower: 15618062003214643351512781541041391612
upper: 53937554629190552131995290006614509577
Result (no wrap): true
2025-05-02 21:40:32 INFO  ChordProtocols:179 - Finger 44 peker n책 til: process1
2025-05-02 21:40:32 INFO  ChordProtocols:173 - Beregner fingerID for finger 45: 15618062003214643351512816725413480444
id: 15618062003214643351512816725413480444
lower: 15618062003214643351512781541041391612
upper: 53937554629190552131995290006614509577
Result (no wrap): true
2025-05-02 21:40:32 INFO  ChordProtocols:179 - Finger 45 peker n책 til: process1
2025-05-02 21:40:32 INFO  ChordProtocols:173 - Beregner fingerID for finger 46: 15618062003214643351512851909785569276
id: 15618062003214643351512851909785569276
lower: 15618062003214643351512781541041391612
upper: 53937554629190552131995290006614509577
Result (no wrap): true
2025-05-02 21:40:32 INFO  ChordProtocols:179 - Finger 46 peker n책 til: process1
2025-05-02 21:40:32 INFO  ChordProtocols:173 - Beregner fingerID for finger 47: 15618062003214643351512922278529746940
id: 15618062003214643351512922278529746940
lower: 15618062003214643351512781541041391612
upper: 53937554629190552131995290006614509577
Result (no wrap): true
2025-05-02 21:40:32 INFO  ChordProtocols:179 - Finger 47 peker n책 til: process1
2025-05-02 21:40:32 INFO  ChordProtocols:173 - Beregner fingerID for finger 48: 15618062003214643351513063016018102268
id: 15618062003214643351513063016018102268
lower: 15618062003214643351512781541041391612
upper: 53937554629190552131995290006614509577
Result (no wrap): true
2025-05-02 21:40:32 INFO  ChordProtocols:179 - Finger 48 peker n책 til: process1
2025-05-02 21:40:32 INFO  ChordProtocols:173 - Beregner fingerID for finger 49: 15618062003214643351513344490994812924
id: 15618062003214643351513344490994812924
lower: 15618062003214643351512781541041391612
upper: 53937554629190552131995290006614509577
Result (no wrap): true
2025-05-02 21:40:32 INFO  ChordProtocols:179 - Finger 49 peker n책 til: process1
2025-05-02 21:40:32 INFO  ChordProtocols:173 - Beregner fingerID for finger 50: 15618062003214643351513907440948234236
id: 15618062003214643351513907440948234236
lower: 15618062003214643351512781541041391612
upper: 53937554629190552131995290006614509577
Result (no wrap): true
2025-05-02 21:40:32 INFO  ChordProtocols:179 - Finger 50 peker n책 til: process1
2025-05-02 21:40:32 INFO  ChordProtocols:173 - Beregner fingerID for finger 51: 15618062003214643351515033340855076860
id: 15618062003214643351515033340855076860
lower: 15618062003214643351512781541041391612
upper: 53937554629190552131995290006614509577
Result (no wrap): true
2025-05-02 21:40:32 INFO  ChordProtocols:179 - Finger 51 peker n책 til: process1
2025-05-02 21:40:32 INFO  ChordProtocols:173 - Beregner fingerID for finger 52: 15618062003214643351517285140668762108
id: 15618062003214643351517285140668762108
lower: 15618062003214643351512781541041391612
upper: 53937554629190552131995290006614509577
Result (no wrap): true
2025-05-02 21:40:32 INFO  ChordProtocols:179 - Finger 52 peker n책 til: process1
2025-05-02 21:40:32 INFO  ChordProtocols:173 - Beregner fingerID for finger 53: 15618062003214643351521788740296132604
id: 15618062003214643351521788740296132604
lower: 15618062003214643351512781541041391612
upper: 53937554629190552131995290006614509577
Result (no wrap): true
2025-05-02 21:40:32 INFO  ChordProtocols:179 - Finger 53 peker n책 til: process1
2025-05-02 21:40:32 INFO  ChordProtocols:173 - Beregner fingerID for finger 54: 15618062003214643351530795939550873596
id: 15618062003214643351530795939550873596
lower: 15618062003214643351512781541041391612
upper: 53937554629190552131995290006614509577
Result (no wrap): true
2025-05-02 21:40:32 INFO  ChordProtocols:179 - Finger 54 peker n책 til: process1
2025-05-02 21:40:32 INFO  ChordProtocols:173 - Beregner fingerID for finger 55: 15618062003214643351548810338060355580
id: 15618062003214643351548810338060355580
lower: 15618062003214643351512781541041391612
upper: 53937554629190552131995290006614509577
Result (no wrap): true
2025-05-02 21:40:32 INFO  ChordProtocols:179 - Finger 55 peker n책 til: process1
2025-05-02 21:40:32 INFO  ChordProtocols:173 - Beregner fingerID for finger 56: 15618062003214643351584839135079319548
id: 15618062003214643351584839135079319548
lower: 15618062003214643351512781541041391612
upper: 53937554629190552131995290006614509577
Result (no wrap): true
2025-05-02 21:40:32 INFO  ChordProtocols:179 - Finger 56 peker n책 til: process1
2025-05-02 21:40:32 INFO  ChordProtocols:173 - Beregner fingerID for finger 57: 15618062003214643351656896729117247484
id: 15618062003214643351656896729117247484
lower: 15618062003214643351512781541041391612
upper: 53937554629190552131995290006614509577
Result (no wrap): true
2025-05-02 21:40:32 INFO  ChordProtocols:179 - Finger 57 peker n책 til: process1
2025-05-02 21:40:32 INFO  ChordProtocols:173 - Beregner fingerID for finger 58: 15618062003214643351801011917193103356
id: 15618062003214643351801011917193103356
lower: 15618062003214643351512781541041391612
upper: 53937554629190552131995290006614509577
Result (no wrap): true
2025-05-02 21:40:32 INFO  ChordProtocols:179 - Finger 58 peker n책 til: process1
2025-05-02 21:40:32 INFO  ChordProtocols:173 - Beregner fingerID for finger 59: 15618062003214643352089242293344815100
id: 15618062003214643352089242293344815100
lower: 15618062003214643351512781541041391612
upper: 53937554629190552131995290006614509577
Result (no wrap): true
2025-05-02 21:40:32 INFO  ChordProtocols:179 - Finger 59 peker n책 til: process1
2025-05-02 21:40:32 INFO  ChordProtocols:173 - Beregner fingerID for finger 60: 15618062003214643352665703045648238588
id: 15618062003214643352665703045648238588
lower: 15618062003214643351512781541041391612
upper: 53937554629190552131995290006614509577
Result (no wrap): true
2025-05-02 21:40:32 INFO  ChordProtocols:179 - Finger 60 peker n책 til: process1
2025-05-02 21:40:32 INFO  ChordProtocols:173 - Beregner fingerID for finger 61: 15618062003214643353818624550255085564
id: 15618062003214643353818624550255085564
lower: 15618062003214643351512781541041391612
upper: 53937554629190552131995290006614509577
Result (no wrap): true
2025-05-02 21:40:32 INFO  ChordProtocols:179 - Finger 61 peker n책 til: process1
2025-05-02 21:40:32 INFO  ChordProtocols:173 - Beregner fingerID for finger 62: 15618062003214643356124467559468779516
id: 15618062003214643356124467559468779516
lower: 15618062003214643351512781541041391612
upper: 53937554629190552131995290006614509577
Result (no wrap): true
2025-05-02 21:40:32 INFO  ChordProtocols:179 - Finger 62 peker n책 til: process1
2025-05-02 21:40:32 INFO  ChordProtocols:173 - Beregner fingerID for finger 63: 15618062003214643360736153577896167420
id: 15618062003214643360736153577896167420
lower: 15618062003214643351512781541041391612
upper: 53937554629190552131995290006614509577
Result (no wrap): true
2025-05-02 21:40:32 INFO  ChordProtocols:179 - Finger 63 peker n책 til: process1
2025-05-02 21:40:32 INFO  ChordProtocols:173 - Beregner fingerID for finger 64: 15618062003214643369959525614750943228
id: 15618062003214643369959525614750943228
lower: 15618062003214643351512781541041391612
upper: 53937554629190552131995290006614509577
Result (no wrap): true
2025-05-02 21:40:32 INFO  ChordProtocols:179 - Finger 64 peker n책 til: process1
2025-05-02 21:40:32 INFO  ChordProtocols:173 - Beregner fingerID for finger 65: 15618062003214643388406269688460494844
id: 15618062003214643388406269688460494844
lower: 15618062003214643351512781541041391612
upper: 53937554629190552131995290006614509577
Result (no wrap): true
2025-05-02 21:40:32 INFO  ChordProtocols:179 - Finger 65 peker n책 til: process1
2025-05-02 21:40:32 INFO  ChordProtocols:173 - Beregner fingerID for finger 66: 15618062003214643425299757835879598076
id: 15618062003214643425299757835879598076
lower: 15618062003214643351512781541041391612
upper: 53937554629190552131995290006614509577
Result (no wrap): true
2025-05-02 21:40:32 INFO  ChordProtocols:179 - Finger 66 peker n책 til: process1
2025-05-02 21:40:32 INFO  ChordProtocols:173 - Beregner fingerID for finger 67: 15618062003214643499086734130717804540
id: 15618062003214643499086734130717804540
lower: 15618062003214643351512781541041391612
upper: 53937554629190552131995290006614509577
Result (no wrap): true
2025-05-02 21:40:32 INFO  ChordProtocols:179 - Finger 67 peker n책 til: process1
2025-05-02 21:40:32 INFO  ChordProtocols:173 - Beregner fingerID for finger 68: 15618062003214643646660686720394217468
id: 15618062003214643646660686720394217468
lower: 15618062003214643351512781541041391612
upper: 53937554629190552131995290006614509577
Result (no wrap): true
2025-05-02 21:40:32 INFO  ChordProtocols:179 - Finger 68 peker n책 til: process1
2025-05-02 21:40:32 INFO  ChordProtocols:173 - Beregner fingerID for finger 69: 15618062003214643941808591899747043324
id: 15618062003214643941808591899747043324
lower: 15618062003214643351512781541041391612
upper: 53937554629190552131995290006614509577
Result (no wrap): true
2025-05-02 21:40:32 INFO  ChordProtocols:179 - Finger 69 peker n책 til: process1
2025-05-02 21:40:32 INFO  ChordProtocols:173 - Beregner fingerID for finger 70: 15618062003214644532104402258452695036
id: 15618062003214644532104402258452695036
lower: 15618062003214643351512781541041391612
upper: 53937554629190552131995290006614509577
Result (no wrap): true
2025-05-02 21:40:32 INFO  ChordProtocols:179 - Finger 70 peker n책 til: process1
2025-05-02 21:40:32 INFO  ChordProtocols:173 - Beregner fingerID for finger 71: 15618062003214645712696022975863998460
id: 15618062003214645712696022975863998460
lower: 15618062003214643351512781541041391612
upper: 53937554629190552131995290006614509577
Result (no wrap): true
2025-05-02 21:40:32 INFO  ChordProtocols:179 - Finger 71 peker n책 til: process1
2025-05-02 21:40:32 INFO  ChordProtocols:173 - Beregner fingerID for finger 72: 15618062003214648073879264410686605308
id: 15618062003214648073879264410686605308
lower: 15618062003214643351512781541041391612
upper: 53937554629190552131995290006614509577
Result (no wrap): true
2025-05-02 21:40:32 INFO  ChordProtocols:179 - Finger 72 peker n책 til: process1
2025-05-02 21:40:32 INFO  ChordProtocols:173 - Beregner fingerID for finger 73: 15618062003214652796245747280331819004
id: 15618062003214652796245747280331819004
lower: 15618062003214643351512781541041391612
upper: 53937554629190552131995290006614509577
Result (no wrap): true
2025-05-02 21:40:32 INFO  ChordProtocols:179 - Finger 73 peker n책 til: process1
2025-05-02 21:40:32 INFO  ChordProtocols:173 - Beregner fingerID for finger 74: 15618062003214662240978713019622246396
id: 15618062003214662240978713019622246396
lower: 15618062003214643351512781541041391612
upper: 53937554629190552131995290006614509577
Result (no wrap): true
2025-05-02 21:40:32 INFO  ChordProtocols:179 - Finger 74 peker n책 til: process1
2025-05-02 21:40:32 INFO  ChordProtocols:173 - Beregner fingerID for finger 75: 15618062003214681130444644498203101180
id: 15618062003214681130444644498203101180
lower: 15618062003214643351512781541041391612
upper: 53937554629190552131995290006614509577
Result (no wrap): true
2025-05-02 21:40:32 INFO  ChordProtocols:179 - Finger 75 peker n책 til: process1
2025-05-02 21:40:32 INFO  ChordProtocols:173 - Beregner fingerID for finger 76: 15618062003214718909376507455364810748
id: 15618062003214718909376507455364810748
lower: 15618062003214643351512781541041391612
upper: 53937554629190552131995290006614509577
Result (no wrap): true
2025-05-02 21:40:32 INFO  ChordProtocols:179 - Finger 76 peker n책 til: process1
2025-05-02 21:40:32 INFO  ChordProtocols:173 - Beregner fingerID for finger 77: 15618062003214794467240233369688229884
id: 15618062003214794467240233369688229884
lower: 15618062003214643351512781541041391612
upper: 53937554629190552131995290006614509577
Result (no wrap): true
2025-05-02 21:40:32 INFO  ChordProtocols:179 - Finger 77 peker n책 til: process1
2025-05-02 21:40:32 INFO  ChordProtocols:173 - Beregner fingerID for finger 78: 15618062003214945582967685198335068156
id: 15618062003214945582967685198335068156
lower: 15618062003214643351512781541041391612
upper: 53937554629190552131995290006614509577
Result (no wrap): true
2025-05-02 21:40:32 INFO  ChordProtocols:179 - Finger 78 peker n책 til: process1
2025-05-02 21:40:32 INFO  ChordProtocols:173 - Beregner fingerID for finger 79: 15618062003215247814422588855628744700
id: 15618062003215247814422588855628744700
lower: 15618062003214643351512781541041391612
upper: 53937554629190552131995290006614509577
Result (no wrap): true
2025-05-02 21:40:32 INFO  ChordProtocols:179 - Finger 79 peker n책 til: process1
2025-05-02 21:40:32 INFO  ChordProtocols:173 - Beregner fingerID for finger 80: 15618062003215852277332396170216097788
id: 15618062003215852277332396170216097788
lower: 15618062003214643351512781541041391612
upper: 53937554629190552131995290006614509577
Result (no wrap): true
2025-05-02 21:40:32 INFO  ChordProtocols:179 - Finger 80 peker n책 til: process1
2025-05-02 21:40:32 INFO  ChordProtocols:173 - Beregner fingerID for finger 81: 15618062003217061203152010799390803964
id: 15618062003217061203152010799390803964
lower: 15618062003214643351512781541041391612
upper: 53937554629190552131995290006614509577
Result (no wrap): true
2025-05-02 21:40:32 INFO  ChordProtocols:179 - Finger 81 peker n책 til: process1
2025-05-02 21:40:32 INFO  ChordProtocols:173 - Beregner fingerID for finger 82: 15618062003219479054791240057740216316
id: 15618062003219479054791240057740216316
lower: 15618062003214643351512781541041391612
upper: 53937554629190552131995290006614509577
Result (no wrap): true
2025-05-02 21:40:32 INFO  ChordProtocols:179 - Finger 82 peker n책 til: process1
2025-05-02 21:40:32 INFO  ChordProtocols:173 - Beregner fingerID for finger 83: 15618062003224314758069698574439041020
id: 15618062003224314758069698574439041020
lower: 15618062003214643351512781541041391612
upper: 53937554629190552131995290006614509577
Result (no wrap): true
2025-05-02 21:40:32 INFO  ChordProtocols:179 - Finger 83 peker n책 til: process1
2025-05-02 21:40:32 INFO  ChordProtocols:173 - Beregner fingerID for finger 84: 15618062003233986164626615607836690428
id: 15618062003233986164626615607836690428
lower: 15618062003214643351512781541041391612
upper: 53937554629190552131995290006614509577
Result (no wrap): true
2025-05-02 21:40:32 INFO  ChordProtocols:179 - Finger 84 peker n책 til: process1
2025-05-02 21:40:32 INFO  ChordProtocols:173 - Beregner fingerID for finger 85: 15618062003253328977740449674631989244
id: 15618062003253328977740449674631989244
lower: 15618062003214643351512781541041391612
upper: 53937554629190552131995290006614509577
Result (no wrap): true
2025-05-02 21:40:32 INFO  ChordProtocols:179 - Finger 85 peker n책 til: process1
2025-05-02 21:40:32 INFO  ChordProtocols:173 - Beregner fingerID for finger 86: 15618062003292014603968117808222586876
id: 15618062003292014603968117808222586876
lower: 15618062003214643351512781541041391612
upper: 53937554629190552131995290006614509577
Result (no wrap): true
2025-05-02 21:40:32 INFO  ChordProtocols:179 - Finger 86 peker n책 til: process1
2025-05-02 21:40:32 INFO  ChordProtocols:173 - Beregner fingerID for finger 87: 15618062003369385856423454075403782140
id: 15618062003369385856423454075403782140
lower: 15618062003214643351512781541041391612
upper: 53937554629190552131995290006614509577
Result (no wrap): true
2025-05-02 21:40:32 INFO  ChordProtocols:179 - Finger 87 peker n책 til: process1
2025-05-02 21:40:32 INFO  ChordProtocols:173 - Beregner fingerID for finger 88: 15618062003524128361334126609766172668
id: 15618062003524128361334126609766172668
lower: 15618062003214643351512781541041391612
upper: 53937554629190552131995290006614509577
Result (no wrap): true
2025-05-02 21:40:32 INFO  ChordProtocols:179 - Finger 88 peker n책 til: process1
2025-05-02 21:40:32 INFO  ChordProtocols:173 - Beregner fingerID for finger 89: 15618062003833613371155471678490953724
id: 15618062003833613371155471678490953724
lower: 15618062003214643351512781541041391612
upper: 53937554629190552131995290006614509577
Result (no wrap): true
2025-05-02 21:40:32 INFO  ChordProtocols:179 - Finger 89 peker n책 til: process1
2025-05-02 21:40:32 INFO  ChordProtocols:173 - Beregner fingerID for finger 90: 15618062004452583390798161815940515836
id: 15618062004452583390798161815940515836
lower: 15618062003214643351512781541041391612
upper: 53937554629190552131995290006614509577
Result (no wrap): true
2025-05-02 21:40:32 INFO  ChordProtocols:179 - Finger 90 peker n책 til: process1
2025-05-02 21:40:32 INFO  ChordProtocols:173 - Beregner fingerID for finger 91: 15618062005690523430083542090839640060
id: 15618062005690523430083542090839640060
lower: 15618062003214643351512781541041391612
upper: 53937554629190552131995290006614509577
Result (no wrap): true
2025-05-02 21:40:32 INFO  ChordProtocols:179 - Finger 91 peker n책 til: process1
2025-05-02 21:40:32 INFO  ChordProtocols:173 - Beregner fingerID for finger 92: 15618062008166403508654302640637888508
id: 15618062008166403508654302640637888508
lower: 15618062003214643351512781541041391612
upper: 53937554629190552131995290006614509577
Result (no wrap): true
2025-05-02 21:40:32 INFO  ChordProtocols:179 - Finger 92 peker n책 til: process1
2025-05-02 21:40:32 INFO  ChordProtocols:173 - Beregner fingerID for finger 93: 15618062013118163665795823740234385404
id: 15618062013118163665795823740234385404
lower: 15618062003214643351512781541041391612
upper: 53937554629190552131995290006614509577
Result (no wrap): true
2025-05-02 21:40:32 INFO  ChordProtocols:179 - Finger 93 peker n책 til: process1
2025-05-02 21:40:32 INFO  ChordProtocols:173 - Beregner fingerID for finger 94: 15618062023021683980078865939427379196
id: 15618062023021683980078865939427379196
lower: 15618062003214643351512781541041391612
upper: 53937554629190552131995290006614509577
Result (no wrap): true
2025-05-02 21:40:32 INFO  ChordProtocols:179 - Finger 94 peker n책 til: process1
2025-05-02 21:40:32 INFO  ChordProtocols:173 - Beregner fingerID for finger 95: 15618062042828724608644950337813366780
id: 15618062042828724608644950337813366780
lower: 15618062003214643351512781541041391612
upper: 53937554629190552131995290006614509577
Result (no wrap): true
2025-05-02 21:40:32 INFO  ChordProtocols:179 - Finger 95 peker n책 til: process1
2025-05-02 21:40:32 INFO  ChordProtocols:173 - Beregner fingerID for finger 96: 15618062082442805865777119134585341948
id: 15618062082442805865777119134585341948
lower: 15618062003214643351512781541041391612
upper: 53937554629190552131995290006614509577
Result (no wrap): true
2025-05-02 21:40:32 INFO  ChordProtocols:179 - Finger 96 peker n책 til: process1
2025-05-02 21:40:32 INFO  ChordProtocols:173 - Beregner fingerID for finger 97: 15618062161670968380041456728129292284
id: 15618062161670968380041456728129292284
lower: 15618062003214643351512781541041391612
upper: 53937554629190552131995290006614509577
Result (no wrap): true
2025-05-02 21:40:32 INFO  ChordProtocols:179 - Finger 97 peker n책 til: process1
2025-05-02 21:40:32 INFO  ChordProtocols:173 - Beregner fingerID for finger 98: 15618062320127293408570131915217192956
id: 15618062320127293408570131915217192956
lower: 15618062003214643351512781541041391612
upper: 53937554629190552131995290006614509577
Result (no wrap): true
2025-05-02 21:40:32 INFO  ChordProtocols:179 - Finger 98 peker n책 til: process1
2025-05-02 21:40:32 INFO  ChordProtocols:173 - Beregner fingerID for finger 99: 15618062637039943465627482289392994300
id: 15618062637039943465627482289392994300
lower: 15618062003214643351512781541041391612
upper: 53937554629190552131995290006614509577
Result (no wrap): true
2025-05-02 21:40:32 INFO  ChordProtocols:179 - Finger 99 peker n책 til: process1
2025-05-02 21:40:32 INFO  ChordProtocols:173 - Beregner fingerID for finger 100: 15618063270865243579742183037744596988
id: 15618063270865243579742183037744596988
lower: 15618062003214643351512781541041391612
upper: 53937554629190552131995290006614509577
Result (no wrap): true
2025-05-02 21:40:32 INFO  ChordProtocols:179 - Finger 100 peker n책 til: process1
2025-05-02 21:40:32 INFO  ChordProtocols:173 - Beregner fingerID for finger 101: 15618064538515843807971584534447802364
id: 15618064538515843807971584534447802364
lower: 15618062003214643351512781541041391612
upper: 53937554629190552131995290006614509577
Result (no wrap): true
2025-05-02 21:40:32 INFO  ChordProtocols:179 - Finger 101 peker n책 til: process1
2025-05-02 21:40:32 INFO  ChordProtocols:173 - Beregner fingerID for finger 102: 15618067073817044264430387527854213116
id: 15618067073817044264430387527854213116
lower: 15618062003214643351512781541041391612
upper: 53937554629190552131995290006614509577
Result (no wrap): true
2025-05-02 21:40:32 INFO  ChordProtocols:179 - Finger 102 peker n책 til: process1
2025-05-02 21:40:32 INFO  ChordProtocols:173 - Beregner fingerID for finger 103: 15618072144419445177347993514667034620
id: 15618072144419445177347993514667034620
lower: 15618062003214643351512781541041391612
upper: 53937554629190552131995290006614509577
Result (no wrap): true
2025-05-02 21:40:32 INFO  ChordProtocols:179 - Finger 103 peker n책 til: process1
2025-05-02 21:40:32 INFO  ChordProtocols:173 - Beregner fingerID for finger 104: 15618082285624247003183205488292677628
id: 15618082285624247003183205488292677628
lower: 15618062003214643351512781541041391612
upper: 53937554629190552131995290006614509577
Result (no wrap): true
2025-05-02 21:40:32 INFO  ChordProtocols:179 - Finger 104 peker n책 til: process1
2025-05-02 21:40:32 INFO  ChordProtocols:173 - Beregner fingerID for finger 105: 15618102568033850654853629435543963644
id: 15618102568033850654853629435543963644
lower: 15618062003214643351512781541041391612
upper: 53937554629190552131995290006614509577
Result (no wrap): true
2025-05-02 21:40:32 INFO  ChordProtocols:179 - Finger 105 peker n책 til: process1
2025-05-02 21:40:32 INFO  ChordProtocols:173 - Beregner fingerID for finger 106: 15618143132853057958194477330046535676
id: 15618143132853057958194477330046535676
lower: 15618062003214643351512781541041391612
upper: 53937554629190552131995290006614509577
Result (no wrap): true
2025-05-02 21:40:32 INFO  ChordProtocols:179 - Finger 106 peker n책 til: process1
2025-05-02 21:40:32 INFO  ChordProtocols:173 - Beregner fingerID for finger 107: 15618224262491472564876173119051679740
id: 15618224262491472564876173119051679740
lower: 15618062003214643351512781541041391612
upper: 53937554629190552131995290006614509577
Result (no wrap): true
2025-05-02 21:40:32 INFO  ChordProtocols:179 - Finger 107 peker n책 til: process1
2025-05-02 21:40:32 INFO  ChordProtocols:173 - Beregner fingerID for finger 108: 15618386521768301778239564697061967868
id: 15618386521768301778239564697061967868
lower: 15618062003214643351512781541041391612
upper: 53937554629190552131995290006614509577
Result (no wrap): true
2025-05-02 21:40:32 INFO  ChordProtocols:179 - Finger 108 peker n책 til: process1
2025-05-02 21:40:32 INFO  ChordProtocols:173 - Beregner fingerID for finger 109: 15618711040321960204966347853082544124
id: 15618711040321960204966347853082544124
lower: 15618062003214643351512781541041391612
upper: 53937554629190552131995290006614509577
Result (no wrap): true
2025-05-02 21:40:32 INFO  ChordProtocols:179 - Finger 109 peker n책 til: process1
2025-05-02 21:40:32 INFO  ChordProtocols:173 - Beregner fingerID for finger 110: 15619360077429277058419914165123696636
id: 15619360077429277058419914165123696636
lower: 15618062003214643351512781541041391612
upper: 53937554629190552131995290006614509577
Result (no wrap): true
2025-05-02 21:40:32 INFO  ChordProtocols:179 - Finger 110 peker n책 til: process1
2025-05-02 21:40:32 INFO  ChordProtocols:173 - Beregner fingerID for finger 111: 15620658151643910765327046789206001660
id: 15620658151643910765327046789206001660
lower: 15618062003214643351512781541041391612
upper: 53937554629190552131995290006614509577
Result (no wrap): true
2025-05-02 21:40:32 INFO  ChordProtocols:179 - Finger 111 peker n책 til: process1
2025-05-02 21:40:32 INFO  ChordProtocols:173 - Beregner fingerID for finger 112: 15623254300073178179141312037370611708
id: 15623254300073178179141312037370611708
lower: 15618062003214643351512781541041391612
upper: 53937554629190552131995290006614509577
Result (no wrap): true
2025-05-02 21:40:32 INFO  ChordProtocols:179 - Finger 112 peker n책 til: process1
2025-05-02 21:40:32 INFO  ChordProtocols:173 - Beregner fingerID for finger 113: 15628446596931713006769842533699831804
id: 15628446596931713006769842533699831804
lower: 15618062003214643351512781541041391612
upper: 53937554629190552131995290006614509577
Result (no wrap): true
2025-05-02 21:40:32 INFO  ChordProtocols:179 - Finger 113 peker n책 til: process1
2025-05-02 21:40:32 INFO  ChordProtocols:173 - Beregner fingerID for finger 114: 15638831190648782662026903526358271996
id: 15638831190648782662026903526358271996
lower: 15618062003214643351512781541041391612
upper: 53937554629190552131995290006614509577
Result (no wrap): true
2025-05-02 21:40:32 INFO  ChordProtocols:179 - Finger 114 peker n책 til: process1
2025-05-02 21:40:32 INFO  ChordProtocols:173 - Beregner fingerID for finger 115: 15659600378082921972541025511675152380
id: 15659600378082921972541025511675152380
lower: 15618062003214643351512781541041391612
upper: 53937554629190552131995290006614509577
Result (no wrap): true
2025-05-02 21:40:32 INFO  ChordProtocols:179 - Finger 115 peker n책 til: process1
2025-05-02 21:40:32 INFO  ChordProtocols:173 - Beregner fingerID for finger 116: 15701138752951200593569269482308913148
id: 15701138752951200593569269482308913148
lower: 15618062003214643351512781541041391612
upper: 53937554629190552131995290006614509577
Result (no wrap): true
2025-05-02 21:40:32 INFO  ChordProtocols:179 - Finger 116 peker n책 til: process1
2025-05-02 21:40:32 INFO  ChordProtocols:173 - Beregner fingerID for finger 117: 15784215502687757835625757423576434684
id: 15784215502687757835625757423576434684
lower: 15618062003214643351512781541041391612
upper: 53937554629190552131995290006614509577
Result (no wrap): true
2025-05-02 21:40:32 INFO  ChordProtocols:179 - Finger 117 peker n책 til: process1
2025-05-02 21:40:32 INFO  ChordProtocols:173 - Beregner fingerID for finger 118: 15950369002160872319738733306111477756
id: 15950369002160872319738733306111477756
lower: 15618062003214643351512781541041391612
upper: 53937554629190552131995290006614509577
Result (no wrap): true
2025-05-02 21:40:32 INFO  ChordProtocols:179 - Finger 118 peker n책 til: process1
2025-05-02 21:40:32 INFO  ChordProtocols:173 - Beregner fingerID for finger 119: 16282676001107101287964685071181563900
id: 16282676001107101287964685071181563900
lower: 15618062003214643351512781541041391612
upper: 53937554629190552131995290006614509577
Result (no wrap): true
2025-05-02 21:40:32 INFO  ChordProtocols:179 - Finger 119 peker n책 til: process1
2025-05-02 21:40:32 INFO  ChordProtocols:173 - Beregner fingerID for finger 120: 16947289998999559224416588601321736188
id: 16947289998999559224416588601321736188
lower: 15618062003214643351512781541041391612
upper: 53937554629190552131995290006614509577
Result (no wrap): true
2025-05-02 21:40:32 INFO  ChordProtocols:179 - Finger 120 peker n책 til: process1
2025-05-02 21:40:32 INFO  ChordProtocols:173 - Beregner fingerID for finger 121: 18276517994784475097320395661602080764
id: 18276517994784475097320395661602080764
lower: 15618062003214643351512781541041391612
upper: 53937554629190552131995290006614509577
Result (no wrap): true
2025-05-02 21:40:32 INFO  ChordProtocols:179 - Finger 121 peker n책 til: process1
2025-05-02 21:40:32 INFO  ChordProtocols:173 - Beregner fingerID for finger 122: 20934973986354306843128009782162769916
id: 20934973986354306843128009782162769916
lower: 15618062003214643351512781541041391612
upper: 53937554629190552131995290006614509577
Result (no wrap): true
2025-05-02 21:40:32 INFO  ChordProtocols:179 - Finger 122 peker n책 til: process1
2025-05-02 21:40:32 INFO  ChordProtocols:173 - Beregner fingerID for finger 123: 26251885969493970334743238023284148220
id: 26251885969493970334743238023284148220
lower: 15618062003214643351512781541041391612
upper: 53937554629190552131995290006614509577
Result (no wrap): true
2025-05-02 21:40:32 INFO  ChordProtocols:179 - Finger 123 peker n책 til: process1
2025-05-02 21:40:32 INFO  ChordProtocols:173 - Beregner fingerID for finger 124: 36885709935773297317973694505526904828
id: 36885709935773297317973694505526904828
lower: 15618062003214643351512781541041391612
upper: 53937554629190552131995290006614509577
Result (no wrap): true
2025-05-02 21:40:32 INFO  ChordProtocols:179 - Finger 124 peker n책 til: process1
2025-05-02 21:40:32 INFO  ChordProtocols:173 - Beregner fingerID for finger 125: 58153357868331951284434607470012418044
id: 58153357868331951284434607470012418044
lower: 15618062003214643351512781541041391612
upper: 53937554629190552131995290006614509577
Result (no wrap): false
id: 53937554629190552131995290006614509577
lower: 15618062003214643351512781541041391612
upper: 58153357868331951284434607470012418044
Result (no wrap): true
id: 58153357868331951284434607470012418044
lower: 53937554629190552131995290006614509577
upper: 66910184482037901621933403444034052414
Result (no wrap): true
2025-05-02 21:40:32 INFO  ChordProtocols:179 - Finger 125 peker n책 til: process3
2025-05-02 21:40:32 INFO  ChordProtocols:173 - Beregner fingerID for finger 126: 100688653733449259217356433398983444476
id: 100688653733449259217356433398983444476
lower: 15618062003214643351512781541041391612
upper: 53937554629190552131995290006614509577
Result (no wrap): false
id: 66910184482037901621933403444034052414
lower: 15618062003214643351512781541041391612
upper: 100688653733449259217356433398983444476
Result (no wrap): true
id: 100688653733449259217356433398983444476
lower: 66910184482037901621933403444034052414
upper: 121411138451101288395601026024677976156
Result (no wrap): true
2025-05-02 21:40:32 INFO  ChordProtocols:179 - Finger 126 peker n책 til: process5
2025-05-02 21:40:32 INFO  ChordProtocols:173 - Beregner fingerID for finger 127: 185759245463683875083200085256925497340
id: 185759245463683875083200085256925497340
lower: 15618062003214643351512781541041391612
upper: 53937554629190552131995290006614509577
Result (no wrap): false
id: 121411138451101288395601026024677976156
lower: 15618062003214643351512781541041391612
upper: 185759245463683875083200085256925497340
Result (no wrap): true
id: 185759245463683875083200085256925497340
lower: 121411138451101288395601026024677976156
upper: 210821560651360572675896360671414673172
Result (no wrap): true
2025-05-02 21:40:32 INFO  ChordProtocols:179 - Finger 127 peker n책 til: process4
2025-05-02 21:40:32 INFO  StabilizationProtocols:60 - Checking the predecessor for Node: process2
==================================
Node Identifier = 15618062003214643351512781541041391612
Node IP address = process2
successor(process2) = process1
predecessor(process2) = process4
Current File keys for process2 => []
==================================
2025-05-02 21:40:33 INFO  StabilizationProtocols:130 - Updating the successor for Node: process3
id: 66910184482037901621933403444034052415
lower: 66910184482037901621933403444034052414
upper: 121411138451101288395601026024677976156
Result (no wrap): true
2025-05-02 21:40:33 INFO  StabilizationProtocols:84 - Stabilizing ring from process3...
2025-05-02 21:40:33 INFO  StabilizationProtocols:91 - Stabilize ring: succnode = process5
id: 66910184482037901621933403444034052414
lower: 66910184482037901621933403444034052415
upper: 121411138451101288395601026024677976157
Result (no wrap): false
2025-05-02 21:40:33 INFO  StabilizationProtocols:113 - Finished stabilizing chordring from process3
2025-05-02 21:40:33 INFO  ChordProtocols:159 - Oppdaterer FingerTable for Node: process3
2025-05-02 21:40:33 INFO  ChordProtocols:173 - Beregner fingerID for finger 0: 66910184482037901621933403444034052415
id: 66910184482037901621933403444034052415
lower: 66910184482037901621933403444034052414
upper: 121411138451101288395601026024677976156
Result (no wrap): true
2025-05-02 21:40:33 INFO  ChordProtocols:179 - Finger 0 peker n책 til: process5
2025-05-02 21:40:33 INFO  ChordProtocols:173 - Beregner fingerID for finger 1: 66910184482037901621933403444034052416
id: 66910184482037901621933403444034052416
lower: 66910184482037901621933403444034052414
upper: 121411138451101288395601026024677976156
Result (no wrap): true
2025-05-02 21:40:33 INFO  ChordProtocols:179 - Finger 1 peker n책 til: process5
2025-05-02 21:40:33 INFO  ChordProtocols:173 - Beregner fingerID for finger 2: 66910184482037901621933403444034052418
id: 66910184482037901621933403444034052418
lower: 66910184482037901621933403444034052414
upper: 121411138451101288395601026024677976156
Result (no wrap): true
2025-05-02 21:40:33 INFO  ChordProtocols:179 - Finger 2 peker n책 til: process5
2025-05-02 21:40:33 INFO  ChordProtocols:173 - Beregner fingerID for finger 3: 66910184482037901621933403444034052422
id: 66910184482037901621933403444034052422
lower: 66910184482037901621933403444034052414
upper: 121411138451101288395601026024677976156
Result (no wrap): true
2025-05-02 21:40:33 INFO  ChordProtocols:179 - Finger 3 peker n책 til: process5
2025-05-02 21:40:33 INFO  ChordProtocols:173 - Beregner fingerID for finger 4: 66910184482037901621933403444034052430
id: 66910184482037901621933403444034052430
lower: 66910184482037901621933403444034052414
upper: 121411138451101288395601026024677976156
Result (no wrap): true
2025-05-02 21:40:33 INFO  ChordProtocols:179 - Finger 4 peker n책 til: process5
2025-05-02 21:40:33 INFO  ChordProtocols:173 - Beregner fingerID for finger 5: 66910184482037901621933403444034052446
id: 66910184482037901621933403444034052446
lower: 66910184482037901621933403444034052414
upper: 121411138451101288395601026024677976156
Result (no wrap): true
2025-05-02 21:40:33 INFO  ChordProtocols:179 - Finger 5 peker n책 til: process5
2025-05-02 21:40:33 INFO  ChordProtocols:173 - Beregner fingerID for finger 6: 66910184482037901621933403444034052478
id: 66910184482037901621933403444034052478
lower: 66910184482037901621933403444034052414
upper: 121411138451101288395601026024677976156
Result (no wrap): true
2025-05-02 21:40:33 INFO  ChordProtocols:179 - Finger 6 peker n책 til: process5
2025-05-02 21:40:33 INFO  ChordProtocols:173 - Beregner fingerID for finger 7: 66910184482037901621933403444034052542
id: 66910184482037901621933403444034052542
lower: 66910184482037901621933403444034052414
upper: 121411138451101288395601026024677976156
Result (no wrap): true
2025-05-02 21:40:33 INFO  ChordProtocols:179 - Finger 7 peker n책 til: process5
2025-05-02 21:40:33 INFO  ChordProtocols:173 - Beregner fingerID for finger 8: 66910184482037901621933403444034052670
id: 66910184482037901621933403444034052670
lower: 66910184482037901621933403444034052414
upper: 121411138451101288395601026024677976156
Result (no wrap): true
2025-05-02 21:40:33 INFO  ChordProtocols:179 - Finger 8 peker n책 til: process5
2025-05-02 21:40:33 INFO  ChordProtocols:173 - Beregner fingerID for finger 9: 66910184482037901621933403444034052926
id: 66910184482037901621933403444034052926
lower: 66910184482037901621933403444034052414
upper: 121411138451101288395601026024677976156
Result (no wrap): true
2025-05-02 21:40:33 INFO  ChordProtocols:179 - Finger 9 peker n책 til: process5
2025-05-02 21:40:33 INFO  ChordProtocols:173 - Beregner fingerID for finger 10: 66910184482037901621933403444034053438
id: 66910184482037901621933403444034053438
lower: 66910184482037901621933403444034052414
upper: 121411138451101288395601026024677976156
Result (no wrap): true
2025-05-02 21:40:33 INFO  ChordProtocols:179 - Finger 10 peker n책 til: process5
2025-05-02 21:40:33 INFO  ChordProtocols:173 - Beregner fingerID for finger 11: 66910184482037901621933403444034054462
id: 66910184482037901621933403444034054462
lower: 66910184482037901621933403444034052414
upper: 121411138451101288395601026024677976156
Result (no wrap): true
2025-05-02 21:40:33 INFO  ChordProtocols:179 - Finger 11 peker n책 til: process5
2025-05-02 21:40:33 INFO  ChordProtocols:173 - Beregner fingerID for finger 12: 66910184482037901621933403444034056510
id: 66910184482037901621933403444034056510
lower: 66910184482037901621933403444034052414
upper: 121411138451101288395601026024677976156
Result (no wrap): true
2025-05-02 21:40:33 INFO  ChordProtocols:179 - Finger 12 peker n책 til: process5
2025-05-02 21:40:33 INFO  ChordProtocols:173 - Beregner fingerID for finger 13: 66910184482037901621933403444034060606
id: 66910184482037901621933403444034060606
lower: 66910184482037901621933403444034052414
upper: 121411138451101288395601026024677976156
Result (no wrap): true
2025-05-02 21:40:33 INFO  ChordProtocols:179 - Finger 13 peker n책 til: process5
2025-05-02 21:40:33 INFO  ChordProtocols:173 - Beregner fingerID for finger 14: 66910184482037901621933403444034068798
id: 66910184482037901621933403444034068798
lower: 66910184482037901621933403444034052414
upper: 121411138451101288395601026024677976156
Result (no wrap): true
2025-05-02 21:40:33 INFO  ChordProtocols:179 - Finger 14 peker n책 til: process5
2025-05-02 21:40:33 INFO  ChordProtocols:173 - Beregner fingerID for finger 15: 66910184482037901621933403444034085182
id: 66910184482037901621933403444034085182
lower: 66910184482037901621933403444034052414
upper: 121411138451101288395601026024677976156
Result (no wrap): true
2025-05-02 21:40:33 INFO  ChordProtocols:179 - Finger 15 peker n책 til: process5
2025-05-02 21:40:33 INFO  ChordProtocols:173 - Beregner fingerID for finger 16: 66910184482037901621933403444034117950
id: 66910184482037901621933403444034117950
lower: 66910184482037901621933403444034052414
upper: 121411138451101288395601026024677976156
Result (no wrap): true
2025-05-02 21:40:33 INFO  ChordProtocols:179 - Finger 16 peker n책 til: process5
2025-05-02 21:40:33 INFO  ChordProtocols:173 - Beregner fingerID for finger 17: 66910184482037901621933403444034183486
id: 66910184482037901621933403444034183486
lower: 66910184482037901621933403444034052414
upper: 121411138451101288395601026024677976156
Result (no wrap): true
2025-05-02 21:40:33 INFO  ChordProtocols:179 - Finger 17 peker n책 til: process5
2025-05-02 21:40:33 INFO  ChordProtocols:173 - Beregner fingerID for finger 18: 66910184482037901621933403444034314558
id: 66910184482037901621933403444034314558
lower: 66910184482037901621933403444034052414
upper: 121411138451101288395601026024677976156
Result (no wrap): true
2025-05-02 21:40:33 INFO  ChordProtocols:179 - Finger 18 peker n책 til: process5
2025-05-02 21:40:33 INFO  ChordProtocols:173 - Beregner fingerID for finger 19: 66910184482037901621933403444034576702
id: 66910184482037901621933403444034576702
lower: 66910184482037901621933403444034052414
upper: 121411138451101288395601026024677976156
Result (no wrap): true
2025-05-02 21:40:33 INFO  ChordProtocols:179 - Finger 19 peker n책 til: process5
2025-05-02 21:40:33 INFO  ChordProtocols:173 - Beregner fingerID for finger 20: 66910184482037901621933403444035100990
id: 66910184482037901621933403444035100990
lower: 66910184482037901621933403444034052414
upper: 121411138451101288395601026024677976156
Result (no wrap): true
2025-05-02 21:40:33 INFO  ChordProtocols:179 - Finger 20 peker n책 til: process5
2025-05-02 21:40:33 INFO  ChordProtocols:173 - Beregner fingerID for finger 21: 66910184482037901621933403444036149566
id: 66910184482037901621933403444036149566
lower: 66910184482037901621933403444034052414
upper: 121411138451101288395601026024677976156
Result (no wrap): true
2025-05-02 21:40:33 INFO  ChordProtocols:179 - Finger 21 peker n책 til: process5
2025-05-02 21:40:33 INFO  ChordProtocols:173 - Beregner fingerID for finger 22: 66910184482037901621933403444038246718
id: 66910184482037901621933403444038246718
lower: 66910184482037901621933403444034052414
upper: 121411138451101288395601026024677976156
Result (no wrap): true
2025-05-02 21:40:33 INFO  ChordProtocols:179 - Finger 22 peker n책 til: process5
2025-05-02 21:40:33 INFO  ChordProtocols:173 - Beregner fingerID for finger 23: 66910184482037901621933403444042441022
id: 66910184482037901621933403444042441022
lower: 66910184482037901621933403444034052414
upper: 121411138451101288395601026024677976156
Result (no wrap): true
2025-05-02 21:40:33 INFO  ChordProtocols:179 - Finger 23 peker n책 til: process5
2025-05-02 21:40:33 INFO  ChordProtocols:173 - Beregner fingerID for finger 24: 66910184482037901621933403444050829630
id: 66910184482037901621933403444050829630
lower: 66910184482037901621933403444034052414
upper: 121411138451101288395601026024677976156
Result (no wrap): true
2025-05-02 21:40:33 INFO  ChordProtocols:179 - Finger 24 peker n책 til: process5
2025-05-02 21:40:33 INFO  ChordProtocols:173 - Beregner fingerID for finger 25: 66910184482037901621933403444067606846
id: 66910184482037901621933403444067606846
lower: 66910184482037901621933403444034052414
upper: 121411138451101288395601026024677976156
Result (no wrap): true
2025-05-02 21:40:33 INFO  ChordProtocols:179 - Finger 25 peker n책 til: process5
2025-05-02 21:40:33 INFO  ChordProtocols:173 - Beregner fingerID for finger 26: 66910184482037901621933403444101161278
id: 66910184482037901621933403444101161278
lower: 66910184482037901621933403444034052414
upper: 121411138451101288395601026024677976156
Result (no wrap): true
2025-05-02 21:40:33 INFO  ChordProtocols:179 - Finger 26 peker n책 til: process5
2025-05-02 21:40:33 INFO  ChordProtocols:173 - Beregner fingerID for finger 27: 66910184482037901621933403444168270142
id: 66910184482037901621933403444168270142
lower: 66910184482037901621933403444034052414
upper: 121411138451101288395601026024677976156
Result (no wrap): true
2025-05-02 21:40:33 INFO  ChordProtocols:179 - Finger 27 peker n책 til: process5
2025-05-02 21:40:33 INFO  ChordProtocols:173 - Beregner fingerID for finger 28: 66910184482037901621933403444302487870
id: 66910184482037901621933403444302487870
lower: 66910184482037901621933403444034052414
upper: 121411138451101288395601026024677976156
Result (no wrap): true
2025-05-02 21:40:33 INFO  ChordProtocols:179 - Finger 28 peker n책 til: process5
2025-05-02 21:40:33 INFO  ChordProtocols:173 - Beregner fingerID for finger 29: 66910184482037901621933403444570923326
id: 66910184482037901621933403444570923326
lower: 66910184482037901621933403444034052414
upper: 121411138451101288395601026024677976156
Result (no wrap): true
2025-05-02 21:40:33 INFO  ChordProtocols:179 - Finger 29 peker n책 til: process5
2025-05-02 21:40:33 INFO  ChordProtocols:173 - Beregner fingerID for finger 30: 66910184482037901621933403445107794238
id: 66910184482037901621933403445107794238
lower: 66910184482037901621933403444034052414
upper: 121411138451101288395601026024677976156
Result (no wrap): true
2025-05-02 21:40:33 INFO  ChordProtocols:179 - Finger 30 peker n책 til: process5
2025-05-02 21:40:33 INFO  ChordProtocols:173 - Beregner fingerID for finger 31: 66910184482037901621933403446181536062
id: 66910184482037901621933403446181536062
lower: 66910184482037901621933403444034052414
upper: 121411138451101288395601026024677976156
Result (no wrap): true
2025-05-02 21:40:33 INFO  ChordProtocols:179 - Finger 31 peker n책 til: process5
2025-05-02 21:40:33 INFO  ChordProtocols:173 - Beregner fingerID for finger 32: 66910184482037901621933403448329019710
id: 66910184482037901621933403448329019710
lower: 66910184482037901621933403444034052414
upper: 121411138451101288395601026024677976156
Result (no wrap): true
2025-05-02 21:40:33 INFO  ChordProtocols:179 - Finger 32 peker n책 til: process5
2025-05-02 21:40:33 INFO  ChordProtocols:173 - Beregner fingerID for finger 33: 66910184482037901621933403452623987006
id: 66910184482037901621933403452623987006
lower: 66910184482037901621933403444034052414
upper: 121411138451101288395601026024677976156
Result (no wrap): true
2025-05-02 21:40:33 INFO  ChordProtocols:179 - Finger 33 peker n책 til: process5
2025-05-02 21:40:33 INFO  ChordProtocols:173 - Beregner fingerID for finger 34: 66910184482037901621933403461213921598
id: 66910184482037901621933403461213921598
lower: 66910184482037901621933403444034052414
upper: 121411138451101288395601026024677976156
Result (no wrap): true
2025-05-02 21:40:33 INFO  ChordProtocols:179 - Finger 34 peker n책 til: process5
2025-05-02 21:40:33 INFO  ChordProtocols:173 - Beregner fingerID for finger 35: 66910184482037901621933403478393790782
id: 66910184482037901621933403478393790782
lower: 66910184482037901621933403444034052414
upper: 121411138451101288395601026024677976156
Result (no wrap): true
2025-05-02 21:40:33 INFO  ChordProtocols:179 - Finger 35 peker n책 til: process5
2025-05-02 21:40:33 INFO  ChordProtocols:173 - Beregner fingerID for finger 36: 66910184482037901621933403512753529150
id: 66910184482037901621933403512753529150
lower: 66910184482037901621933403444034052414
upper: 121411138451101288395601026024677976156
Result (no wrap): true
2025-05-02 21:40:33 INFO  ChordProtocols:179 - Finger 36 peker n책 til: process5
2025-05-02 21:40:33 INFO  ChordProtocols:173 - Beregner fingerID for finger 37: 66910184482037901621933403581473005886
id: 66910184482037901621933403581473005886
lower: 66910184482037901621933403444034052414
upper: 121411138451101288395601026024677976156
Result (no wrap): true
2025-05-02 21:40:33 INFO  ChordProtocols:179 - Finger 37 peker n책 til: process5
2025-05-02 21:40:33 INFO  ChordProtocols:173 - Beregner fingerID for finger 38: 66910184482037901621933403718911959358
id: 66910184482037901621933403718911959358
lower: 66910184482037901621933403444034052414
upper: 121411138451101288395601026024677976156
Result (no wrap): true
2025-05-02 21:40:33 INFO  ChordProtocols:179 - Finger 38 peker n책 til: process5
2025-05-02 21:40:33 INFO  ChordProtocols:173 - Beregner fingerID for finger 39: 66910184482037901621933403993789866302
id: 66910184482037901621933403993789866302
lower: 66910184482037901621933403444034052414
upper: 121411138451101288395601026024677976156
Result (no wrap): true
2025-05-02 21:40:33 INFO  ChordProtocols:179 - Finger 39 peker n책 til: process5
2025-05-02 21:40:33 INFO  ChordProtocols:173 - Beregner fingerID for finger 40: 66910184482037901621933404543545680190
id: 66910184482037901621933404543545680190
lower: 66910184482037901621933403444034052414
upper: 121411138451101288395601026024677976156
Result (no wrap): true
2025-05-02 21:40:33 INFO  ChordProtocols:179 - Finger 40 peker n책 til: process5
2025-05-02 21:40:33 INFO  ChordProtocols:173 - Beregner fingerID for finger 41: 66910184482037901621933405643057307966
id: 66910184482037901621933405643057307966
lower: 66910184482037901621933403444034052414
upper: 121411138451101288395601026024677976156
Result (no wrap): true
2025-05-02 21:40:33 INFO  ChordProtocols:179 - Finger 41 peker n책 til: process5
2025-05-02 21:40:33 INFO  ChordProtocols:173 - Beregner fingerID for finger 42: 66910184482037901621933407842080563518
id: 66910184482037901621933407842080563518
lower: 66910184482037901621933403444034052414
upper: 121411138451101288395601026024677976156
Result (no wrap): true
2025-05-02 21:40:33 INFO  ChordProtocols:179 - Finger 42 peker n책 til: process5
2025-05-02 21:40:33 INFO  ChordProtocols:173 - Beregner fingerID for finger 43: 66910184482037901621933412240127074622
id: 66910184482037901621933412240127074622
lower: 66910184482037901621933403444034052414
upper: 121411138451101288395601026024677976156
Result (no wrap): true
2025-05-02 21:40:33 INFO  ChordProtocols:179 - Finger 43 peker n책 til: process5
2025-05-02 21:40:33 INFO  ChordProtocols:173 - Beregner fingerID for finger 44: 66910184482037901621933421036220096830
id: 66910184482037901621933421036220096830
lower: 66910184482037901621933403444034052414
upper: 121411138451101288395601026024677976156
Result (no wrap): true
2025-05-02 21:40:33 INFO  ChordProtocols:179 - Finger 44 peker n책 til: process5
2025-05-02 21:40:33 INFO  ChordProtocols:173 - Beregner fingerID for finger 45: 66910184482037901621933438628406141246
id: 66910184482037901621933438628406141246
lower: 66910184482037901621933403444034052414
upper: 121411138451101288395601026024677976156
Result (no wrap): true
2025-05-02 21:40:33 INFO  ChordProtocols:179 - Finger 45 peker n책 til: process5
2025-05-02 21:40:33 INFO  ChordProtocols:173 - Beregner fingerID for finger 46: 66910184482037901621933473812778230078
id: 66910184482037901621933473812778230078
lower: 66910184482037901621933403444034052414
upper: 121411138451101288395601026024677976156
Result (no wrap): true
2025-05-02 21:40:33 INFO  ChordProtocols:179 - Finger 46 peker n책 til: process5
2025-05-02 21:40:33 INFO  ChordProtocols:173 - Beregner fingerID for finger 47: 66910184482037901621933544181522407742
id: 66910184482037901621933544181522407742
lower: 66910184482037901621933403444034052414
upper: 121411138451101288395601026024677976156
Result (no wrap): true
2025-05-02 21:40:33 INFO  ChordProtocols:179 - Finger 47 peker n책 til: process5
2025-05-02 21:40:33 INFO  ChordProtocols:173 - Beregner fingerID for finger 48: 66910184482037901621933684919010763070
id: 66910184482037901621933684919010763070
lower: 66910184482037901621933403444034052414
upper: 121411138451101288395601026024677976156
Result (no wrap): true
2025-05-02 21:40:33 INFO  ChordProtocols:179 - Finger 48 peker n책 til: process5
2025-05-02 21:40:33 INFO  ChordProtocols:173 - Beregner fingerID for finger 49: 66910184482037901621933966393987473726
id: 66910184482037901621933966393987473726
lower: 66910184482037901621933403444034052414
upper: 121411138451101288395601026024677976156
Result (no wrap): true
2025-05-02 21:40:33 INFO  ChordProtocols:179 - Finger 49 peker n책 til: process5
2025-05-02 21:40:33 INFO  ChordProtocols:173 - Beregner fingerID for finger 50: 66910184482037901621934529343940895038
id: 66910184482037901621934529343940895038
lower: 66910184482037901621933403444034052414
upper: 121411138451101288395601026024677976156
Result (no wrap): true
2025-05-02 21:40:33 INFO  ChordProtocols:179 - Finger 50 peker n책 til: process5
2025-05-02 21:40:33 INFO  ChordProtocols:173 - Beregner fingerID for finger 51: 66910184482037901621935655243847737662
id: 66910184482037901621935655243847737662
lower: 66910184482037901621933403444034052414
upper: 121411138451101288395601026024677976156
Result (no wrap): true
2025-05-02 21:40:33 INFO  ChordProtocols:179 - Finger 51 peker n책 til: process5
2025-05-02 21:40:33 INFO  ChordProtocols:173 - Beregner fingerID for finger 52: 66910184482037901621937907043661422910
id: 66910184482037901621937907043661422910
lower: 66910184482037901621933403444034052414
upper: 121411138451101288395601026024677976156
Result (no wrap): true
2025-05-02 21:40:33 INFO  ChordProtocols:179 - Finger 52 peker n책 til: process5
2025-05-02 21:40:33 INFO  ChordProtocols:173 - Beregner fingerID for finger 53: 66910184482037901621942410643288793406
id: 66910184482037901621942410643288793406
lower: 66910184482037901621933403444034052414
upper: 121411138451101288395601026024677976156
Result (no wrap): true
2025-05-02 21:40:33 INFO  ChordProtocols:179 - Finger 53 peker n책 til: process5
2025-05-02 21:40:33 INFO  ChordProtocols:173 - Beregner fingerID for finger 54: 66910184482037901621951417842543534398
id: 66910184482037901621951417842543534398
lower: 66910184482037901621933403444034052414
upper: 121411138451101288395601026024677976156
Result (no wrap): true
2025-05-02 21:40:33 INFO  ChordProtocols:179 - Finger 54 peker n책 til: process5
2025-05-02 21:40:33 INFO  ChordProtocols:173 - Beregner fingerID for finger 55: 66910184482037901621969432241053016382
id: 66910184482037901621969432241053016382
lower: 66910184482037901621933403444034052414
upper: 121411138451101288395601026024677976156
Result (no wrap): true
2025-05-02 21:40:33 INFO  ChordProtocols:179 - Finger 55 peker n책 til: process5
2025-05-02 21:40:33 INFO  ChordProtocols:173 - Beregner fingerID for finger 56: 66910184482037901622005461038071980350
id: 66910184482037901622005461038071980350
lower: 66910184482037901621933403444034052414
upper: 121411138451101288395601026024677976156
Result (no wrap): true
2025-05-02 21:40:33 INFO  ChordProtocols:179 - Finger 56 peker n책 til: process5
2025-05-02 21:40:33 INFO  ChordProtocols:173 - Beregner fingerID for finger 57: 66910184482037901622077518632109908286
id: 66910184482037901622077518632109908286
lower: 66910184482037901621933403444034052414
upper: 121411138451101288395601026024677976156
Result (no wrap): true
2025-05-02 21:40:33 INFO  ChordProtocols:179 - Finger 57 peker n책 til: process5
2025-05-02 21:40:33 INFO  ChordProtocols:173 - Beregner fingerID for finger 58: 66910184482037901622221633820185764158
id: 66910184482037901622221633820185764158
lower: 66910184482037901621933403444034052414
upper: 121411138451101288395601026024677976156
Result (no wrap): true
2025-05-02 21:40:33 INFO  ChordProtocols:179 - Finger 58 peker n책 til: process5
2025-05-02 21:40:33 INFO  ChordProtocols:173 - Beregner fingerID for finger 59: 66910184482037901622509864196337475902
id: 66910184482037901622509864196337475902
lower: 66910184482037901621933403444034052414
upper: 121411138451101288395601026024677976156
Result (no wrap): true
2025-05-02 21:40:33 INFO  ChordProtocols:179 - Finger 59 peker n책 til: process5
2025-05-02 21:40:33 INFO  ChordProtocols:173 - Beregner fingerID for finger 60: 66910184482037901623086324948640899390
id: 66910184482037901623086324948640899390
lower: 66910184482037901621933403444034052414
upper: 121411138451101288395601026024677976156
Result (no wrap): true
2025-05-02 21:40:33 INFO  ChordProtocols:179 - Finger 60 peker n책 til: process5
2025-05-02 21:40:33 INFO  ChordProtocols:173 - Beregner fingerID for finger 61: 66910184482037901624239246453247746366
id: 66910184482037901624239246453247746366
lower: 66910184482037901621933403444034052414
upper: 121411138451101288395601026024677976156
Result (no wrap): true
2025-05-02 21:40:33 INFO  ChordProtocols:179 - Finger 61 peker n책 til: process5
2025-05-02 21:40:33 INFO  ChordProtocols:173 - Beregner fingerID for finger 62: 66910184482037901626545089462461440318
id: 66910184482037901626545089462461440318
lower: 66910184482037901621933403444034052414
upper: 121411138451101288395601026024677976156
Result (no wrap): true
2025-05-02 21:40:33 INFO  ChordProtocols:179 - Finger 62 peker n책 til: process5
2025-05-02 21:40:33 INFO  ChordProtocols:173 - Beregner fingerID for finger 63: 66910184482037901631156775480888828222
id: 66910184482037901631156775480888828222
lower: 66910184482037901621933403444034052414
upper: 121411138451101288395601026024677976156
Result (no wrap): true
2025-05-02 21:40:33 INFO  ChordProtocols:179 - Finger 63 peker n책 til: process5
2025-05-02 21:40:33 INFO  ChordProtocols:173 - Beregner fingerID for finger 64: 66910184482037901640380147517743604030
id: 66910184482037901640380147517743604030
lower: 66910184482037901621933403444034052414
upper: 121411138451101288395601026024677976156
Result (no wrap): true
2025-05-02 21:40:33 INFO  ChordProtocols:179 - Finger 64 peker n책 til: process5
2025-05-02 21:40:33 INFO  ChordProtocols:173 - Beregner fingerID for finger 65: 66910184482037901658826891591453155646
id: 66910184482037901658826891591453155646
lower: 66910184482037901621933403444034052414
upper: 121411138451101288395601026024677976156
Result (no wrap): true
2025-05-02 21:40:33 INFO  ChordProtocols:179 - Finger 65 peker n책 til: process5
2025-05-02 21:40:33 INFO  ChordProtocols:173 - Beregner fingerID for finger 66: 66910184482037901695720379738872258878
id: 66910184482037901695720379738872258878
lower: 66910184482037901621933403444034052414
upper: 121411138451101288395601026024677976156
Result (no wrap): true
2025-05-02 21:40:33 INFO  ChordProtocols:179 - Finger 66 peker n책 til: process5
2025-05-02 21:40:33 INFO  ChordProtocols:173 - Beregner fingerID for finger 67: 66910184482037901769507356033710465342
id: 66910184482037901769507356033710465342
lower: 66910184482037901621933403444034052414
upper: 121411138451101288395601026024677976156
Result (no wrap): true
2025-05-02 21:40:33 INFO  ChordProtocols:179 - Finger 67 peker n책 til: process5
2025-05-02 21:40:33 INFO  ChordProtocols:173 - Beregner fingerID for finger 68: 66910184482037901917081308623386878270
id: 66910184482037901917081308623386878270
lower: 66910184482037901621933403444034052414
upper: 121411138451101288395601026024677976156
Result (no wrap): true
2025-05-02 21:40:33 INFO  ChordProtocols:179 - Finger 68 peker n책 til: process5
2025-05-02 21:40:33 INFO  ChordProtocols:173 - Beregner fingerID for finger 69: 66910184482037902212229213802739704126
id: 66910184482037902212229213802739704126
lower: 66910184482037901621933403444034052414
upper: 121411138451101288395601026024677976156
Result (no wrap): true
2025-05-02 21:40:33 INFO  ChordProtocols:179 - Finger 69 peker n책 til: process5
2025-05-02 21:40:33 INFO  ChordProtocols:173 - Beregner fingerID for finger 70: 66910184482037902802525024161445355838
id: 66910184482037902802525024161445355838
lower: 66910184482037901621933403444034052414
upper: 121411138451101288395601026024677976156
Result (no wrap): true
2025-05-02 21:40:33 INFO  ChordProtocols:179 - Finger 70 peker n책 til: process5
2025-05-02 21:40:33 INFO  ChordProtocols:173 - Beregner fingerID for finger 71: 66910184482037903983116644878856659262
id: 66910184482037903983116644878856659262
lower: 66910184482037901621933403444034052414
upper: 121411138451101288395601026024677976156
Result (no wrap): true
2025-05-02 21:40:33 INFO  ChordProtocols:179 - Finger 71 peker n책 til: process5
2025-05-02 21:40:33 INFO  ChordProtocols:173 - Beregner fingerID for finger 72: 66910184482037906344299886313679266110
id: 66910184482037906344299886313679266110
lower: 66910184482037901621933403444034052414
upper: 121411138451101288395601026024677976156
Result (no wrap): true
2025-05-02 21:40:33 INFO  ChordProtocols:179 - Finger 72 peker n책 til: process5
2025-05-02 21:40:33 INFO  ChordProtocols:173 - Beregner fingerID for finger 73: 66910184482037911066666369183324479806
id: 66910184482037911066666369183324479806
lower: 66910184482037901621933403444034052414
upper: 121411138451101288395601026024677976156
Result (no wrap): true
2025-05-02 21:40:33 INFO  ChordProtocols:179 - Finger 73 peker n책 til: process5
2025-05-02 21:40:33 INFO  ChordProtocols:173 - Beregner fingerID for finger 74: 66910184482037920511399334922614907198
id: 66910184482037920511399334922614907198
lower: 66910184482037901621933403444034052414
upper: 121411138451101288395601026024677976156
Result (no wrap): true
2025-05-02 21:40:33 INFO  ChordProtocols:179 - Finger 74 peker n책 til: process5
2025-05-02 21:40:33 INFO  ChordProtocols:173 - Beregner fingerID for finger 75: 66910184482037939400865266401195761982
id: 66910184482037939400865266401195761982
lower: 66910184482037901621933403444034052414
upper: 121411138451101288395601026024677976156
Result (no wrap): true
2025-05-02 21:40:33 INFO  ChordProtocols:179 - Finger 75 peker n책 til: process5
2025-05-02 21:40:33 INFO  ChordProtocols:173 - Beregner fingerID for finger 76: 66910184482037977179797129358357471550
id: 66910184482037977179797129358357471550
lower: 66910184482037901621933403444034052414
upper: 121411138451101288395601026024677976156
Result (no wrap): true
2025-05-02 21:40:33 INFO  ChordProtocols:179 - Finger 76 peker n책 til: process5
2025-05-02 21:40:33 INFO  ChordProtocols:173 - Beregner fingerID for finger 77: 66910184482038052737660855272680890686
id: 66910184482038052737660855272680890686
lower: 66910184482037901621933403444034052414
upper: 121411138451101288395601026024677976156
Result (no wrap): true
2025-05-02 21:40:33 INFO  ChordProtocols:179 - Finger 77 peker n책 til: process5
2025-05-02 21:40:33 INFO  ChordProtocols:173 - Beregner fingerID for finger 78: 66910184482038203853388307101327728958
id: 66910184482038203853388307101327728958
lower: 66910184482037901621933403444034052414
upper: 121411138451101288395601026024677976156
Result (no wrap): true
2025-05-02 21:40:33 INFO  ChordProtocols:179 - Finger 78 peker n책 til: process5
2025-05-02 21:40:33 INFO  ChordProtocols:173 - Beregner fingerID for finger 79: 66910184482038506084843210758621405502
id: 66910184482038506084843210758621405502
lower: 66910184482037901621933403444034052414
upper: 121411138451101288395601026024677976156
Result (no wrap): true
2025-05-02 21:40:33 INFO  ChordProtocols:179 - Finger 79 peker n책 til: process5
2025-05-02 21:40:33 INFO  ChordProtocols:173 - Beregner fingerID for finger 80: 66910184482039110547753018073208758590
id: 66910184482039110547753018073208758590
lower: 66910184482037901621933403444034052414
upper: 121411138451101288395601026024677976156
Result (no wrap): true
2025-05-02 21:40:33 INFO  ChordProtocols:179 - Finger 80 peker n책 til: process5
2025-05-02 21:40:33 INFO  ChordProtocols:173 - Beregner fingerID for finger 81: 66910184482040319473572632702383464766
id: 66910184482040319473572632702383464766
lower: 66910184482037901621933403444034052414
upper: 121411138451101288395601026024677976156
Result (no wrap): true
2025-05-02 21:40:33 INFO  ChordProtocols:179 - Finger 81 peker n책 til: process5
2025-05-02 21:40:33 INFO  ChordProtocols:173 - Beregner fingerID for finger 82: 66910184482042737325211861960732877118
id: 66910184482042737325211861960732877118
lower: 66910184482037901621933403444034052414
upper: 121411138451101288395601026024677976156
Result (no wrap): true
2025-05-02 21:40:33 INFO  ChordProtocols:179 - Finger 82 peker n책 til: process5
2025-05-02 21:40:33 INFO  ChordProtocols:173 - Beregner fingerID for finger 83: 66910184482047573028490320477431701822
id: 66910184482047573028490320477431701822
lower: 66910184482037901621933403444034052414
upper: 121411138451101288395601026024677976156
Result (no wrap): true
2025-05-02 21:40:33 INFO  ChordProtocols:179 - Finger 83 peker n책 til: process5
2025-05-02 21:40:33 INFO  ChordProtocols:173 - Beregner fingerID for finger 84: 66910184482057244435047237510829351230
id: 66910184482057244435047237510829351230
lower: 66910184482037901621933403444034052414
upper: 121411138451101288395601026024677976156
Result (no wrap): true
2025-05-02 21:40:33 INFO  ChordProtocols:179 - Finger 84 peker n책 til: process5
2025-05-02 21:40:33 INFO  ChordProtocols:173 - Beregner fingerID for finger 85: 66910184482076587248161071577624650046
id: 66910184482076587248161071577624650046
lower: 66910184482037901621933403444034052414
upper: 121411138451101288395601026024677976156
Result (no wrap): true
2025-05-02 21:40:33 INFO  ChordProtocols:179 - Finger 85 peker n책 til: process5
2025-05-02 21:40:33 INFO  ChordProtocols:173 - Beregner fingerID for finger 86: 66910184482115272874388739711215247678
id: 66910184482115272874388739711215247678
lower: 66910184482037901621933403444034052414
upper: 121411138451101288395601026024677976156
Result (no wrap): true
2025-05-02 21:40:33 INFO  ChordProtocols:179 - Finger 86 peker n책 til: process5
2025-05-02 21:40:33 INFO  ChordProtocols:173 - Beregner fingerID for finger 87: 66910184482192644126844075978396442942
id: 66910184482192644126844075978396442942
lower: 66910184482037901621933403444034052414
upper: 121411138451101288395601026024677976156
Result (no wrap): true
2025-05-02 21:40:33 INFO  ChordProtocols:179 - Finger 87 peker n책 til: process5
2025-05-02 21:40:33 INFO  ChordProtocols:173 - Beregner fingerID for finger 88: 66910184482347386631754748512758833470
id: 66910184482347386631754748512758833470
lower: 66910184482037901621933403444034052414
upper: 121411138451101288395601026024677976156
Result (no wrap): true
2025-05-02 21:40:33 INFO  ChordProtocols:179 - Finger 88 peker n책 til: process5
2025-05-02 21:40:33 INFO  ChordProtocols:173 - Beregner fingerID for finger 89: 66910184482656871641576093581483614526
id: 66910184482656871641576093581483614526
lower: 66910184482037901621933403444034052414
upper: 121411138451101288395601026024677976156
Result (no wrap): true
2025-05-02 21:40:33 INFO  ChordProtocols:179 - Finger 89 peker n책 til: process5
2025-05-02 21:40:33 INFO  ChordProtocols:173 - Beregner fingerID for finger 90: 66910184483275841661218783718933176638
id: 66910184483275841661218783718933176638
lower: 66910184482037901621933403444034052414
upper: 121411138451101288395601026024677976156
Result (no wrap): true
2025-05-02 21:40:33 INFO  ChordProtocols:179 - Finger 90 peker n책 til: process5
2025-05-02 21:40:33 INFO  ChordProtocols:173 - Beregner fingerID for finger 91: 66910184484513781700504163993832300862
id: 66910184484513781700504163993832300862
lower: 66910184482037901621933403444034052414
upper: 121411138451101288395601026024677976156
Result (no wrap): true
2025-05-02 21:40:33 INFO  ChordProtocols:179 - Finger 91 peker n책 til: process5
2025-05-02 21:40:33 INFO  ChordProtocols:173 - Beregner fingerID for finger 92: 66910184486989661779074924543630549310
id: 66910184486989661779074924543630549310
lower: 66910184482037901621933403444034052414
upper: 121411138451101288395601026024677976156
Result (no wrap): true
2025-05-02 21:40:33 INFO  ChordProtocols:179 - Finger 92 peker n책 til: process5
2025-05-02 21:40:33 INFO  ChordProtocols:173 - Beregner fingerID for finger 93: 66910184491941421936216445643227046206
id: 66910184491941421936216445643227046206
lower: 66910184482037901621933403444034052414
upper: 121411138451101288395601026024677976156
Result (no wrap): true
2025-05-02 21:40:33 INFO  ChordProtocols:179 - Finger 93 peker n책 til: process5
2025-05-02 21:40:33 INFO  ChordProtocols:173 - Beregner fingerID for finger 94: 66910184501844942250499487842420039998
id: 66910184501844942250499487842420039998
lower: 66910184482037901621933403444034052414
upper: 121411138451101288395601026024677976156
Result (no wrap): true
2025-05-02 21:40:33 INFO  ChordProtocols:179 - Finger 94 peker n책 til: process5
2025-05-02 21:40:33 INFO  ChordProtocols:173 - Beregner fingerID for finger 95: 66910184521651982879065572240806027582
id: 66910184521651982879065572240806027582
lower: 66910184482037901621933403444034052414
upper: 121411138451101288395601026024677976156
Result (no wrap): true
2025-05-02 21:40:33 INFO  ChordProtocols:179 - Finger 95 peker n책 til: process5
2025-05-02 21:40:33 INFO  ChordProtocols:173 - Beregner fingerID for finger 96: 66910184561266064136197741037578002750
id: 66910184561266064136197741037578002750
lower: 66910184482037901621933403444034052414
upper: 121411138451101288395601026024677976156
Result (no wrap): true
2025-05-02 21:40:33 INFO  ChordProtocols:179 - Finger 96 peker n책 til: process5
2025-05-02 21:40:33 INFO  ChordProtocols:173 - Beregner fingerID for finger 97: 66910184640494226650462078631121953086
id: 66910184640494226650462078631121953086
lower: 66910184482037901621933403444034052414
upper: 121411138451101288395601026024677976156
Result (no wrap): true
2025-05-02 21:40:33 INFO  ChordProtocols:179 - Finger 97 peker n책 til: process5
2025-05-02 21:40:33 INFO  ChordProtocols:173 - Beregner fingerID for finger 98: 66910184798950551678990753818209853758
id: 66910184798950551678990753818209853758
lower: 66910184482037901621933403444034052414
upper: 121411138451101288395601026024677976156
Result (no wrap): true
2025-05-02 21:40:33 INFO  ChordProtocols:179 - Finger 98 peker n책 til: process5
2025-05-02 21:40:33 INFO  ChordProtocols:173 - Beregner fingerID for finger 99: 66910185115863201736048104192385655102
id: 66910185115863201736048104192385655102
lower: 66910184482037901621933403444034052414
upper: 121411138451101288395601026024677976156
Result (no wrap): true
2025-05-02 21:40:33 INFO  ChordProtocols:179 - Finger 99 peker n책 til: process5
2025-05-02 21:40:33 INFO  ChordProtocols:173 - Beregner fingerID for finger 100: 66910185749688501850162804940737257790
id: 66910185749688501850162804940737257790
lower: 66910184482037901621933403444034052414
upper: 121411138451101288395601026024677976156
Result (no wrap): true
2025-05-02 21:40:33 INFO  ChordProtocols:179 - Finger 100 peker n책 til: process5
2025-05-02 21:40:33 INFO  ChordProtocols:173 - Beregner fingerID for finger 101: 66910187017339102078392206437440463166
id: 66910187017339102078392206437440463166
lower: 66910184482037901621933403444034052414
upper: 121411138451101288395601026024677976156
Result (no wrap): true
2025-05-02 21:40:33 INFO  ChordProtocols:179 - Finger 101 peker n책 til: process5
2025-05-02 21:40:33 INFO  ChordProtocols:173 - Beregner fingerID for finger 102: 66910189552640302534851009430846873918
id: 66910189552640302534851009430846873918
lower: 66910184482037901621933403444034052414
upper: 121411138451101288395601026024677976156
Result (no wrap): true
2025-05-02 21:40:33 INFO  ChordProtocols:179 - Finger 102 peker n책 til: process5
2025-05-02 21:40:33 INFO  ChordProtocols:173 - Beregner fingerID for finger 103: 66910194623242703447768615417659695422
id: 66910194623242703447768615417659695422
lower: 66910184482037901621933403444034052414
upper: 121411138451101288395601026024677976156
Result (no wrap): true
2025-05-02 21:40:33 INFO  ChordProtocols:179 - Finger 103 peker n책 til: process5
2025-05-02 21:40:33 INFO  ChordProtocols:173 - Beregner fingerID for finger 104: 66910204764447505273603827391285338430
id: 66910204764447505273603827391285338430
lower: 66910184482037901621933403444034052414
upper: 121411138451101288395601026024677976156
Result (no wrap): true
2025-05-02 21:40:33 INFO  ChordProtocols:179 - Finger 104 peker n책 til: process5
2025-05-02 21:40:33 INFO  ChordProtocols:173 - Beregner fingerID for finger 105: 66910225046857108925274251338536624446
id: 66910225046857108925274251338536624446
lower: 66910184482037901621933403444034052414
upper: 121411138451101288395601026024677976156
Result (no wrap): true
2025-05-02 21:40:33 INFO  ChordProtocols:179 - Finger 105 peker n책 til: process5
2025-05-02 21:40:33 INFO  ChordProtocols:173 - Beregner fingerID for finger 106: 66910265611676316228615099233039196478
id: 66910265611676316228615099233039196478
lower: 66910184482037901621933403444034052414
upper: 121411138451101288395601026024677976156
Result (no wrap): true
2025-05-02 21:40:33 INFO  ChordProtocols:179 - Finger 106 peker n책 til: process5
2025-05-02 21:40:33 INFO  ChordProtocols:173 - Beregner fingerID for finger 107: 66910346741314730835296795022044340542
id: 66910346741314730835296795022044340542
lower: 66910184482037901621933403444034052414
upper: 121411138451101288395601026024677976156
Result (no wrap): true
2025-05-02 21:40:33 INFO  ChordProtocols:179 - Finger 107 peker n책 til: process5
2025-05-02 21:40:33 INFO  ChordProtocols:173 - Beregner fingerID for finger 108: 66910509000591560048660186600054628670
id: 66910509000591560048660186600054628670
lower: 66910184482037901621933403444034052414
upper: 121411138451101288395601026024677976156
Result (no wrap): true
2025-05-02 21:40:33 INFO  ChordProtocols:179 - Finger 108 peker n책 til: process5
2025-05-02 21:40:33 INFO  ChordProtocols:173 - Beregner fingerID for finger 109: 66910833519145218475386969756075204926
id: 66910833519145218475386969756075204926
lower: 66910184482037901621933403444034052414
upper: 121411138451101288395601026024677976156
Result (no wrap): true
2025-05-02 21:40:33 INFO  ChordProtocols:179 - Finger 109 peker n책 til: process5
2025-05-02 21:40:33 INFO  ChordProtocols:173 - Beregner fingerID for finger 110: 66911482556252535328840536068116357438
id: 66911482556252535328840536068116357438
lower: 66910184482037901621933403444034052414
upper: 121411138451101288395601026024677976156
Result (no wrap): true
2025-05-02 21:40:33 INFO  ChordProtocols:179 - Finger 110 peker n책 til: process5
2025-05-02 21:40:33 INFO  ChordProtocols:173 - Beregner fingerID for finger 111: 66912780630467169035747668692198662462
id: 66912780630467169035747668692198662462
lower: 66910184482037901621933403444034052414
upper: 121411138451101288395601026024677976156
Result (no wrap): true
2025-05-02 21:40:33 INFO  ChordProtocols:179 - Finger 111 peker n책 til: process5
2025-05-02 21:40:33 INFO  ChordProtocols:173 - Beregner fingerID for finger 112: 66915376778896436449561933940363272510
id: 66915376778896436449561933940363272510
lower: 66910184482037901621933403444034052414
upper: 121411138451101288395601026024677976156
Result (no wrap): true
2025-05-02 21:40:33 INFO  ChordProtocols:179 - Finger 112 peker n책 til: process5
2025-05-02 21:40:33 INFO  ChordProtocols:173 - Beregner fingerID for finger 113: 66920569075754971277190464436692492606
id: 66920569075754971277190464436692492606
lower: 66910184482037901621933403444034052414
upper: 121411138451101288395601026024677976156
Result (no wrap): true
2025-05-02 21:40:33 INFO  ChordProtocols:179 - Finger 113 peker n책 til: process5
2025-05-02 21:40:33 INFO  ChordProtocols:173 - Beregner fingerID for finger 114: 66930953669472040932447525429350932798
id: 66930953669472040932447525429350932798
lower: 66910184482037901621933403444034052414
upper: 121411138451101288395601026024677976156
Result (no wrap): true
2025-05-02 21:40:33 INFO  ChordProtocols:179 - Finger 114 peker n책 til: process5
2025-05-02 21:40:33 INFO  ChordProtocols:173 - Beregner fingerID for finger 115: 66951722856906180242961647414667813182
id: 66951722856906180242961647414667813182
lower: 66910184482037901621933403444034052414
upper: 121411138451101288395601026024677976156
Result (no wrap): true
2025-05-02 21:40:33 INFO  ChordProtocols:179 - Finger 115 peker n책 til: process5
2025-05-02 21:40:33 INFO  ChordProtocols:173 - Beregner fingerID for finger 116: 66993261231774458863989891385301573950
id: 66993261231774458863989891385301573950
lower: 66910184482037901621933403444034052414
upper: 121411138451101288395601026024677976156
Result (no wrap): true
2025-05-02 21:40:33 INFO  ChordProtocols:179 - Finger 116 peker n책 til: process5
2025-05-02 21:40:33 INFO  ChordProtocols:173 - Beregner fingerID for finger 117: 67076337981511016106046379326569095486
id: 67076337981511016106046379326569095486
lower: 66910184482037901621933403444034052414
upper: 121411138451101288395601026024677976156
Result (no wrap): true
2025-05-02 21:40:33 INFO  ChordProtocols:179 - Finger 117 peker n책 til: process5
2025-05-02 21:40:33 INFO  ChordProtocols:173 - Beregner fingerID for finger 118: 67242491480984130590159355209104138558
id: 67242491480984130590159355209104138558
lower: 66910184482037901621933403444034052414
upper: 121411138451101288395601026024677976156
Result (no wrap): true
2025-05-02 21:40:33 INFO  ChordProtocols:179 - Finger 118 peker n책 til: process5
2025-05-02 21:40:33 INFO  ChordProtocols:173 - Beregner fingerID for finger 119: 67574798479930359558385306974174224702
id: 67574798479930359558385306974174224702
lower: 66910184482037901621933403444034052414
upper: 121411138451101288395601026024677976156
Result (no wrap): true
2025-05-02 21:40:33 INFO  ChordProtocols:179 - Finger 119 peker n책 til: process5
2025-05-02 21:40:33 INFO  ChordProtocols:173 - Beregner fingerID for finger 120: 68239412477822817494837210504314396990
id: 68239412477822817494837210504314396990
lower: 66910184482037901621933403444034052414
upper: 121411138451101288395601026024677976156
Result (no wrap): true
2025-05-02 21:40:33 INFO  ChordProtocols:179 - Finger 120 peker n책 til: process5
2025-05-02 21:40:33 INFO  ChordProtocols:173 - Beregner fingerID for finger 121: 69568640473607733367741017564594741566
id: 69568640473607733367741017564594741566
lower: 66910184482037901621933403444034052414
upper: 121411138451101288395601026024677976156
Result (no wrap): true
2025-05-02 21:40:33 INFO  ChordProtocols:179 - Finger 121 peker n책 til: process5
2025-05-02 21:40:33 INFO  ChordProtocols:173 - Beregner fingerID for finger 122: 72227096465177565113548631685155430718
id: 72227096465177565113548631685155430718
lower: 66910184482037901621933403444034052414
upper: 121411138451101288395601026024677976156
Result (no wrap): true
2025-05-02 21:40:33 INFO  ChordProtocols:179 - Finger 122 peker n책 til: process5
2025-05-02 21:40:33 INFO  ChordProtocols:173 - Beregner fingerID for finger 123: 77544008448317228605163859926276809022
id: 77544008448317228605163859926276809022
lower: 66910184482037901621933403444034052414
upper: 121411138451101288395601026024677976156
Result (no wrap): true
2025-05-02 21:40:33 INFO  ChordProtocols:179 - Finger 123 peker n책 til: process5
2025-05-02 21:40:33 INFO  ChordProtocols:173 - Beregner fingerID for finger 124: 88177832414596555588394316408519565630
id: 88177832414596555588394316408519565630
lower: 66910184482037901621933403444034052414
upper: 121411138451101288395601026024677976156
Result (no wrap): true
2025-05-02 21:40:33 INFO  ChordProtocols:179 - Finger 124 peker n책 til: process5
2025-05-02 21:40:33 INFO  ChordProtocols:173 - Beregner fingerID for finger 125: 109445480347155209554855229373005078846
id: 109445480347155209554855229373005078846
lower: 66910184482037901621933403444034052414
upper: 121411138451101288395601026024677976156
Result (no wrap): true
2025-05-02 21:40:33 INFO  ChordProtocols:179 - Finger 125 peker n책 til: process5
2025-05-02 21:40:33 INFO  ChordProtocols:173 - Beregner fingerID for finger 126: 151980776212272517487777055301976105278
id: 151980776212272517487777055301976105278
lower: 66910184482037901621933403444034052414
upper: 121411138451101288395601026024677976156
Result (no wrap): false
id: 121411138451101288395601026024677976156
lower: 66910184482037901621933403444034052414
upper: 151980776212272517487777055301976105278
Result (no wrap): true
id: 151980776212272517487777055301976105278
lower: 121411138451101288395601026024677976156
upper: 210821560651360572675896360671414673172
Result (no wrap): true
2025-05-02 21:40:33 INFO  ChordProtocols:179 - Finger 126 peker n책 til: process4
2025-05-02 21:40:33 INFO  ChordProtocols:173 - Beregner fingerID for finger 127: 237051367942507133353620707159918158142
id: 237051367942507133353620707159918158142
lower: 66910184482037901621933403444034052414
upper: 121411138451101288395601026024677976156
Result (no wrap): false
id: 210821560651360572675896360671414673172
lower: 66910184482037901621933403444034052414
upper: 237051367942507133353620707159918158142
Result (no wrap): true
id: 237051367942507133353620707159918158142
lower: 210821560651360572675896360671414673172
upper: 15618062003214643351512781541041391612
Result (wrap): true
2025-05-02 21:40:33 INFO  ChordProtocols:179 - Finger 127 peker n책 til: process2
2025-05-02 21:40:33 INFO  StabilizationProtocols:60 - Checking the predecessor for Node: process3
==================================
Node Identifier = 66910184482037901621933403444034052414
Node IP address = process3
successor(process3) = process5
predecessor(process3) = process1
Current File keys for process3 => []
==================================
2025-05-02 21:40:33 INFO  StabilizationProtocols:130 - Updating the successor for Node: process4
id: 210821560651360572675896360671414673173
lower: 210821560651360572675896360671414673172
upper: 15618062003214643351512781541041391612
Result (wrap): true
2025-05-02 21:40:33 INFO  StabilizationProtocols:84 - Stabilizing ring from process4...
2025-05-02 21:40:33 INFO  StabilizationProtocols:91 - Stabilize ring: succnode = process2
id: 210821560651360572675896360671414673172
lower: 210821560651360572675896360671414673173
upper: 15618062003214643351512781541041391613
Result (wrap): false
2025-05-02 21:40:33 INFO  StabilizationProtocols:113 - Finished stabilizing chordring from process4
2025-05-02 21:40:33 INFO  ChordProtocols:159 - Oppdaterer FingerTable for Node: process4
2025-05-02 21:40:33 INFO  ChordProtocols:173 - Beregner fingerID for finger 0: 210821560651360572675896360671414673173
id: 210821560651360572675896360671414673173
lower: 210821560651360572675896360671414673172
upper: 15618062003214643351512781541041391612
Result (wrap): true
2025-05-02 21:40:33 INFO  ChordProtocols:179 - Finger 0 peker n책 til: process2
2025-05-02 21:40:33 INFO  ChordProtocols:173 - Beregner fingerID for finger 1: 210821560651360572675896360671414673174
id: 210821560651360572675896360671414673174
lower: 210821560651360572675896360671414673172
upper: 15618062003214643351512781541041391612
Result (wrap): true
2025-05-02 21:40:33 INFO  ChordProtocols:179 - Finger 1 peker n책 til: process2
2025-05-02 21:40:33 INFO  ChordProtocols:173 - Beregner fingerID for finger 2: 210821560651360572675896360671414673176
id: 210821560651360572675896360671414673176
lower: 210821560651360572675896360671414673172
upper: 15618062003214643351512781541041391612
Result (wrap): true
2025-05-02 21:40:33 INFO  ChordProtocols:179 - Finger 2 peker n책 til: process2
2025-05-02 21:40:33 INFO  ChordProtocols:173 - Beregner fingerID for finger 3: 210821560651360572675896360671414673180
id: 210821560651360572675896360671414673180
lower: 210821560651360572675896360671414673172
upper: 15618062003214643351512781541041391612
Result (wrap): true
2025-05-02 21:40:33 INFO  ChordProtocols:179 - Finger 3 peker n책 til: process2
2025-05-02 21:40:33 INFO  ChordProtocols:173 - Beregner fingerID for finger 4: 210821560651360572675896360671414673188
id: 210821560651360572675896360671414673188
lower: 210821560651360572675896360671414673172
upper: 15618062003214643351512781541041391612
Result (wrap): true
2025-05-02 21:40:33 INFO  ChordProtocols:179 - Finger 4 peker n책 til: process2
2025-05-02 21:40:33 INFO  ChordProtocols:173 - Beregner fingerID for finger 5: 210821560651360572675896360671414673204
id: 210821560651360572675896360671414673204
lower: 210821560651360572675896360671414673172
upper: 15618062003214643351512781541041391612
Result (wrap): true
2025-05-02 21:40:33 INFO  ChordProtocols:179 - Finger 5 peker n책 til: process2
2025-05-02 21:40:33 INFO  ChordProtocols:173 - Beregner fingerID for finger 6: 210821560651360572675896360671414673236
id: 210821560651360572675896360671414673236
lower: 210821560651360572675896360671414673172
upper: 15618062003214643351512781541041391612
Result (wrap): true
2025-05-02 21:40:33 INFO  ChordProtocols:179 - Finger 6 peker n책 til: process2
2025-05-02 21:40:33 INFO  ChordProtocols:173 - Beregner fingerID for finger 7: 210821560651360572675896360671414673300
id: 210821560651360572675896360671414673300
lower: 210821560651360572675896360671414673172
upper: 15618062003214643351512781541041391612
Result (wrap): true
2025-05-02 21:40:33 INFO  ChordProtocols:179 - Finger 7 peker n책 til: process2
2025-05-02 21:40:33 INFO  ChordProtocols:173 - Beregner fingerID for finger 8: 210821560651360572675896360671414673428
id: 210821560651360572675896360671414673428
lower: 210821560651360572675896360671414673172
upper: 15618062003214643351512781541041391612
Result (wrap): true
2025-05-02 21:40:33 INFO  ChordProtocols:179 - Finger 8 peker n책 til: process2
2025-05-02 21:40:33 INFO  ChordProtocols:173 - Beregner fingerID for finger 9: 210821560651360572675896360671414673684
id: 210821560651360572675896360671414673684
lower: 210821560651360572675896360671414673172
upper: 15618062003214643351512781541041391612
Result (wrap): true
2025-05-02 21:40:33 INFO  ChordProtocols:179 - Finger 9 peker n책 til: process2
2025-05-02 21:40:33 INFO  ChordProtocols:173 - Beregner fingerID for finger 10: 210821560651360572675896360671414674196
id: 210821560651360572675896360671414674196
lower: 210821560651360572675896360671414673172
upper: 15618062003214643351512781541041391612
Result (wrap): true
2025-05-02 21:40:33 INFO  ChordProtocols:179 - Finger 10 peker n책 til: process2
2025-05-02 21:40:33 INFO  ChordProtocols:173 - Beregner fingerID for finger 11: 210821560651360572675896360671414675220
id: 210821560651360572675896360671414675220
lower: 210821560651360572675896360671414673172
upper: 15618062003214643351512781541041391612
Result (wrap): true
2025-05-02 21:40:33 INFO  ChordProtocols:179 - Finger 11 peker n책 til: process2
2025-05-02 21:40:33 INFO  ChordProtocols:173 - Beregner fingerID for finger 12: 210821560651360572675896360671414677268
id: 210821560651360572675896360671414677268
lower: 210821560651360572675896360671414673172
upper: 15618062003214643351512781541041391612
Result (wrap): true
2025-05-02 21:40:33 INFO  ChordProtocols:179 - Finger 12 peker n책 til: process2
2025-05-02 21:40:33 INFO  ChordProtocols:173 - Beregner fingerID for finger 13: 210821560651360572675896360671414681364
id: 210821560651360572675896360671414681364
lower: 210821560651360572675896360671414673172
upper: 15618062003214643351512781541041391612
Result (wrap): true
2025-05-02 21:40:33 INFO  ChordProtocols:179 - Finger 13 peker n책 til: process2
2025-05-02 21:40:33 INFO  ChordProtocols:173 - Beregner fingerID for finger 14: 210821560651360572675896360671414689556
id: 210821560651360572675896360671414689556
lower: 210821560651360572675896360671414673172
upper: 15618062003214643351512781541041391612
Result (wrap): true
2025-05-02 21:40:33 INFO  ChordProtocols:179 - Finger 14 peker n책 til: process2
2025-05-02 21:40:33 INFO  ChordProtocols:173 - Beregner fingerID for finger 15: 210821560651360572675896360671414705940
id: 210821560651360572675896360671414705940
lower: 210821560651360572675896360671414673172
upper: 15618062003214643351512781541041391612
Result (wrap): true
2025-05-02 21:40:33 INFO  ChordProtocols:179 - Finger 15 peker n책 til: process2
2025-05-02 21:40:33 INFO  ChordProtocols:173 - Beregner fingerID for finger 16: 210821560651360572675896360671414738708
id: 210821560651360572675896360671414738708
lower: 210821560651360572675896360671414673172
upper: 15618062003214643351512781541041391612
Result (wrap): true
2025-05-02 21:40:33 INFO  ChordProtocols:179 - Finger 16 peker n책 til: process2
2025-05-02 21:40:33 INFO  ChordProtocols:173 - Beregner fingerID for finger 17: 210821560651360572675896360671414804244
id: 210821560651360572675896360671414804244
lower: 210821560651360572675896360671414673172
upper: 15618062003214643351512781541041391612
Result (wrap): true
2025-05-02 21:40:33 INFO  ChordProtocols:179 - Finger 17 peker n책 til: process2
2025-05-02 21:40:33 INFO  ChordProtocols:173 - Beregner fingerID for finger 18: 210821560651360572675896360671414935316
id: 210821560651360572675896360671414935316
lower: 210821560651360572675896360671414673172
upper: 15618062003214643351512781541041391612
Result (wrap): true
2025-05-02 21:40:33 INFO  ChordProtocols:179 - Finger 18 peker n책 til: process2
2025-05-02 21:40:33 INFO  ChordProtocols:173 - Beregner fingerID for finger 19: 210821560651360572675896360671415197460
id: 210821560651360572675896360671415197460
lower: 210821560651360572675896360671414673172
upper: 15618062003214643351512781541041391612
Result (wrap): true
2025-05-02 21:40:33 INFO  ChordProtocols:179 - Finger 19 peker n책 til: process2
2025-05-02 21:40:33 INFO  ChordProtocols:173 - Beregner fingerID for finger 20: 210821560651360572675896360671415721748
id: 210821560651360572675896360671415721748
lower: 210821560651360572675896360671414673172
upper: 15618062003214643351512781541041391612
Result (wrap): true
2025-05-02 21:40:33 INFO  ChordProtocols:179 - Finger 20 peker n책 til: process2
2025-05-02 21:40:33 INFO  ChordProtocols:173 - Beregner fingerID for finger 21: 210821560651360572675896360671416770324
id: 210821560651360572675896360671416770324
lower: 210821560651360572675896360671414673172
upper: 15618062003214643351512781541041391612
Result (wrap): true
2025-05-02 21:40:33 INFO  ChordProtocols:179 - Finger 21 peker n책 til: process2
2025-05-02 21:40:33 INFO  ChordProtocols:173 - Beregner fingerID for finger 22: 210821560651360572675896360671418867476
id: 210821560651360572675896360671418867476
lower: 210821560651360572675896360671414673172
upper: 15618062003214643351512781541041391612
Result (wrap): true
2025-05-02 21:40:33 INFO  ChordProtocols:179 - Finger 22 peker n책 til: process2
2025-05-02 21:40:33 INFO  ChordProtocols:173 - Beregner fingerID for finger 23: 210821560651360572675896360671423061780
id: 210821560651360572675896360671423061780
lower: 210821560651360572675896360671414673172
upper: 15618062003214643351512781541041391612
Result (wrap): true
2025-05-02 21:40:33 INFO  ChordProtocols:179 - Finger 23 peker n책 til: process2
2025-05-02 21:40:33 INFO  ChordProtocols:173 - Beregner fingerID for finger 24: 210821560651360572675896360671431450388
id: 210821560651360572675896360671431450388
lower: 210821560651360572675896360671414673172
upper: 15618062003214643351512781541041391612
Result (wrap): true
2025-05-02 21:40:33 INFO  ChordProtocols:179 - Finger 24 peker n책 til: process2
2025-05-02 21:40:33 INFO  ChordProtocols:173 - Beregner fingerID for finger 25: 210821560651360572675896360671448227604
id: 210821560651360572675896360671448227604
lower: 210821560651360572675896360671414673172
upper: 15618062003214643351512781541041391612
Result (wrap): true
2025-05-02 21:40:33 INFO  ChordProtocols:179 - Finger 25 peker n책 til: process2
2025-05-02 21:40:33 INFO  ChordProtocols:173 - Beregner fingerID for finger 26: 210821560651360572675896360671481782036
id: 210821560651360572675896360671481782036
lower: 210821560651360572675896360671414673172
upper: 15618062003214643351512781541041391612
Result (wrap): true
2025-05-02 21:40:33 INFO  ChordProtocols:179 - Finger 26 peker n책 til: process2
2025-05-02 21:40:33 INFO  ChordProtocols:173 - Beregner fingerID for finger 27: 210821560651360572675896360671548890900
id: 210821560651360572675896360671548890900
lower: 210821560651360572675896360671414673172
upper: 15618062003214643351512781541041391612
Result (wrap): true
2025-05-02 21:40:33 INFO  ChordProtocols:179 - Finger 27 peker n책 til: process2
2025-05-02 21:40:33 INFO  ChordProtocols:173 - Beregner fingerID for finger 28: 210821560651360572675896360671683108628
id: 210821560651360572675896360671683108628
lower: 210821560651360572675896360671414673172
upper: 15618062003214643351512781541041391612
Result (wrap): true
2025-05-02 21:40:33 INFO  ChordProtocols:179 - Finger 28 peker n책 til: process2
2025-05-02 21:40:33 INFO  ChordProtocols:173 - Beregner fingerID for finger 29: 210821560651360572675896360671951544084
id: 210821560651360572675896360671951544084
lower: 210821560651360572675896360671414673172
upper: 15618062003214643351512781541041391612
Result (wrap): true
2025-05-02 21:40:33 INFO  ChordProtocols:179 - Finger 29 peker n책 til: process2
2025-05-02 21:40:33 INFO  ChordProtocols:173 - Beregner fingerID for finger 30: 210821560651360572675896360672488414996
id: 210821560651360572675896360672488414996
lower: 210821560651360572675896360671414673172
upper: 15618062003214643351512781541041391612
Result (wrap): true
2025-05-02 21:40:33 INFO  ChordProtocols:179 - Finger 30 peker n책 til: process2
2025-05-02 21:40:33 INFO  ChordProtocols:173 - Beregner fingerID for finger 31: 210821560651360572675896360673562156820
id: 210821560651360572675896360673562156820
lower: 210821560651360572675896360671414673172
upper: 15618062003214643351512781541041391612
Result (wrap): true
2025-05-02 21:40:33 INFO  ChordProtocols:179 - Finger 31 peker n책 til: process2
2025-05-02 21:40:33 INFO  ChordProtocols:173 - Beregner fingerID for finger 32: 210821560651360572675896360675709640468
id: 210821560651360572675896360675709640468
lower: 210821560651360572675896360671414673172
upper: 15618062003214643351512781541041391612
Result (wrap): true
2025-05-02 21:40:33 INFO  ChordProtocols:179 - Finger 32 peker n책 til: process2
2025-05-02 21:40:33 INFO  ChordProtocols:173 - Beregner fingerID for finger 33: 210821560651360572675896360680004607764
id: 210821560651360572675896360680004607764
lower: 210821560651360572675896360671414673172
upper: 15618062003214643351512781541041391612
Result (wrap): true
2025-05-02 21:40:33 INFO  ChordProtocols:179 - Finger 33 peker n책 til: process2
2025-05-02 21:40:33 INFO  ChordProtocols:173 - Beregner fingerID for finger 34: 210821560651360572675896360688594542356
id: 210821560651360572675896360688594542356
lower: 210821560651360572675896360671414673172
upper: 15618062003214643351512781541041391612
Result (wrap): true
2025-05-02 21:40:33 INFO  ChordProtocols:179 - Finger 34 peker n책 til: process2
2025-05-02 21:40:33 INFO  ChordProtocols:173 - Beregner fingerID for finger 35: 210821560651360572675896360705774411540
id: 210821560651360572675896360705774411540
lower: 210821560651360572675896360671414673172
upper: 15618062003214643351512781541041391612
Result (wrap): true
2025-05-02 21:40:33 INFO  ChordProtocols:179 - Finger 35 peker n책 til: process2
2025-05-02 21:40:33 INFO  ChordProtocols:173 - Beregner fingerID for finger 36: 210821560651360572675896360740134149908
id: 210821560651360572675896360740134149908
lower: 210821560651360572675896360671414673172
upper: 15618062003214643351512781541041391612
Result (wrap): true
2025-05-02 21:40:33 INFO  ChordProtocols:179 - Finger 36 peker n책 til: process2
2025-05-02 21:40:33 INFO  ChordProtocols:173 - Beregner fingerID for finger 37: 210821560651360572675896360808853626644
id: 210821560651360572675896360808853626644
lower: 210821560651360572675896360671414673172
upper: 15618062003214643351512781541041391612
Result (wrap): true
2025-05-02 21:40:33 INFO  ChordProtocols:179 - Finger 37 peker n책 til: process2
2025-05-02 21:40:33 INFO  ChordProtocols:173 - Beregner fingerID for finger 38: 210821560651360572675896360946292580116
id: 210821560651360572675896360946292580116
lower: 210821560651360572675896360671414673172
upper: 15618062003214643351512781541041391612
Result (wrap): true
2025-05-02 21:40:33 INFO  ChordProtocols:179 - Finger 38 peker n책 til: process2
2025-05-02 21:40:33 INFO  ChordProtocols:173 - Beregner fingerID for finger 39: 210821560651360572675896361221170487060
id: 210821560651360572675896361221170487060
lower: 210821560651360572675896360671414673172
upper: 15618062003214643351512781541041391612
Result (wrap): true
2025-05-02 21:40:33 INFO  ChordProtocols:179 - Finger 39 peker n책 til: process2
2025-05-02 21:40:33 INFO  ChordProtocols:173 - Beregner fingerID for finger 40: 210821560651360572675896361770926300948
id: 210821560651360572675896361770926300948
lower: 210821560651360572675896360671414673172
upper: 15618062003214643351512781541041391612
Result (wrap): true
2025-05-02 21:40:33 INFO  ChordProtocols:179 - Finger 40 peker n책 til: process2
2025-05-02 21:40:33 INFO  ChordProtocols:173 - Beregner fingerID for finger 41: 210821560651360572675896362870437928724
id: 210821560651360572675896362870437928724
lower: 210821560651360572675896360671414673172
upper: 15618062003214643351512781541041391612
Result (wrap): true
2025-05-02 21:40:33 INFO  ChordProtocols:179 - Finger 41 peker n책 til: process2
2025-05-02 21:40:33 INFO  ChordProtocols:173 - Beregner fingerID for finger 42: 210821560651360572675896365069461184276
id: 210821560651360572675896365069461184276
lower: 210821560651360572675896360671414673172
upper: 15618062003214643351512781541041391612
Result (wrap): true
2025-05-02 21:40:33 INFO  ChordProtocols:179 - Finger 42 peker n책 til: process2
2025-05-02 21:40:33 INFO  ChordProtocols:173 - Beregner fingerID for finger 43: 210821560651360572675896369467507695380
id: 210821560651360572675896369467507695380
lower: 210821560651360572675896360671414673172
upper: 15618062003214643351512781541041391612
Result (wrap): true
2025-05-02 21:40:33 INFO  ChordProtocols:179 - Finger 43 peker n책 til: process2
2025-05-02 21:40:33 INFO  ChordProtocols:173 - Beregner fingerID for finger 44: 210821560651360572675896378263600717588
id: 210821560651360572675896378263600717588
lower: 210821560651360572675896360671414673172
upper: 15618062003214643351512781541041391612
Result (wrap): true
2025-05-02 21:40:33 INFO  ChordProtocols:179 - Finger 44 peker n책 til: process2
2025-05-02 21:40:33 INFO  ChordProtocols:173 - Beregner fingerID for finger 45: 210821560651360572675896395855786762004
id: 210821560651360572675896395855786762004
lower: 210821560651360572675896360671414673172
upper: 15618062003214643351512781541041391612
Result (wrap): true
2025-05-02 21:40:33 INFO  ChordProtocols:179 - Finger 45 peker n책 til: process2
2025-05-02 21:40:33 INFO  ChordProtocols:173 - Beregner fingerID for finger 46: 210821560651360572675896431040158850836
id: 210821560651360572675896431040158850836
lower: 210821560651360572675896360671414673172
upper: 15618062003214643351512781541041391612
Result (wrap): true
2025-05-02 21:40:33 INFO  ChordProtocols:179 - Finger 46 peker n책 til: process2
2025-05-02 21:40:33 INFO  ChordProtocols:173 - Beregner fingerID for finger 47: 210821560651360572675896501408903028500
id: 210821560651360572675896501408903028500
lower: 210821560651360572675896360671414673172
upper: 15618062003214643351512781541041391612
Result (wrap): true
2025-05-02 21:40:33 INFO  ChordProtocols:179 - Finger 47 peker n책 til: process2
2025-05-02 21:40:33 INFO  ChordProtocols:173 - Beregner fingerID for finger 48: 210821560651360572675896642146391383828
id: 210821560651360572675896642146391383828
lower: 210821560651360572675896360671414673172
upper: 15618062003214643351512781541041391612
Result (wrap): true
2025-05-02 21:40:33 INFO  ChordProtocols:179 - Finger 48 peker n책 til: process2
2025-05-02 21:40:33 INFO  ChordProtocols:173 - Beregner fingerID for finger 49: 210821560651360572675896923621368094484
id: 210821560651360572675896923621368094484
lower: 210821560651360572675896360671414673172
upper: 15618062003214643351512781541041391612
Result (wrap): true
2025-05-02 21:40:33 INFO  ChordProtocols:179 - Finger 49 peker n책 til: process2
2025-05-02 21:40:33 INFO  ChordProtocols:173 - Beregner fingerID for finger 50: 210821560651360572675897486571321515796
id: 210821560651360572675897486571321515796
lower: 210821560651360572675896360671414673172
upper: 15618062003214643351512781541041391612
Result (wrap): true
2025-05-02 21:40:33 INFO  ChordProtocols:179 - Finger 50 peker n책 til: process2
2025-05-02 21:40:33 INFO  ChordProtocols:173 - Beregner fingerID for finger 51: 210821560651360572675898612471228358420
id: 210821560651360572675898612471228358420
lower: 210821560651360572675896360671414673172
upper: 15618062003214643351512781541041391612
Result (wrap): true
2025-05-02 21:40:33 INFO  ChordProtocols:179 - Finger 51 peker n책 til: process2
2025-05-02 21:40:33 INFO  ChordProtocols:173 - Beregner fingerID for finger 52: 210821560651360572675900864271042043668
id: 210821560651360572675900864271042043668
lower: 210821560651360572675896360671414673172
upper: 15618062003214643351512781541041391612
Result (wrap): true
2025-05-02 21:40:33 INFO  ChordProtocols:179 - Finger 52 peker n책 til: process2
2025-05-02 21:40:33 INFO  ChordProtocols:173 - Beregner fingerID for finger 53: 210821560651360572675905367870669414164
id: 210821560651360572675905367870669414164
lower: 210821560651360572675896360671414673172
upper: 15618062003214643351512781541041391612
Result (wrap): true
2025-05-02 21:40:33 INFO  ChordProtocols:179 - Finger 53 peker n책 til: process2
2025-05-02 21:40:33 INFO  ChordProtocols:173 - Beregner fingerID for finger 54: 210821560651360572675914375069924155156
id: 210821560651360572675914375069924155156
lower: 210821560651360572675896360671414673172
upper: 15618062003214643351512781541041391612
Result (wrap): true
2025-05-02 21:40:33 INFO  ChordProtocols:179 - Finger 54 peker n책 til: process2
2025-05-02 21:40:33 INFO  ChordProtocols:173 - Beregner fingerID for finger 55: 210821560651360572675932389468433637140
id: 210821560651360572675932389468433637140
lower: 210821560651360572675896360671414673172
upper: 15618062003214643351512781541041391612
Result (wrap): true
2025-05-02 21:40:33 INFO  ChordProtocols:179 - Finger 55 peker n책 til: process2
2025-05-02 21:40:33 INFO  ChordProtocols:173 - Beregner fingerID for finger 56: 210821560651360572675968418265452601108
id: 210821560651360572675968418265452601108
lower: 210821560651360572675896360671414673172
upper: 15618062003214643351512781541041391612
Result (wrap): true
2025-05-02 21:40:33 INFO  ChordProtocols:179 - Finger 56 peker n책 til: process2
2025-05-02 21:40:33 INFO  ChordProtocols:173 - Beregner fingerID for finger 57: 210821560651360572676040475859490529044
id: 210821560651360572676040475859490529044
lower: 210821560651360572675896360671414673172
upper: 15618062003214643351512781541041391612
Result (wrap): true
2025-05-02 21:40:33 INFO  ChordProtocols:179 - Finger 57 peker n책 til: process2
2025-05-02 21:40:33 INFO  ChordProtocols:173 - Beregner fingerID for finger 58: 210821560651360572676184591047566384916
id: 210821560651360572676184591047566384916
lower: 210821560651360572675896360671414673172
upper: 15618062003214643351512781541041391612
Result (wrap): true
2025-05-02 21:40:33 INFO  ChordProtocols:179 - Finger 58 peker n책 til: process2
2025-05-02 21:40:33 INFO  ChordProtocols:173 - Beregner fingerID for finger 59: 210821560651360572676472821423718096660
id: 210821560651360572676472821423718096660
lower: 210821560651360572675896360671414673172
upper: 15618062003214643351512781541041391612
Result (wrap): true
2025-05-02 21:40:33 INFO  ChordProtocols:179 - Finger 59 peker n책 til: process2
2025-05-02 21:40:33 INFO  ChordProtocols:173 - Beregner fingerID for finger 60: 210821560651360572677049282176021520148
id: 210821560651360572677049282176021520148
lower: 210821560651360572675896360671414673172
upper: 15618062003214643351512781541041391612
Result (wrap): true
2025-05-02 21:40:33 INFO  ChordProtocols:179 - Finger 60 peker n책 til: process2
2025-05-02 21:40:33 INFO  ChordProtocols:173 - Beregner fingerID for finger 61: 210821560651360572678202203680628367124
id: 210821560651360572678202203680628367124
lower: 210821560651360572675896360671414673172
upper: 15618062003214643351512781541041391612
Result (wrap): true
2025-05-02 21:40:33 INFO  ChordProtocols:179 - Finger 61 peker n책 til: process2
2025-05-02 21:40:33 INFO  ChordProtocols:173 - Beregner fingerID for finger 62: 210821560651360572680508046689842061076
id: 210821560651360572680508046689842061076
lower: 210821560651360572675896360671414673172
upper: 15618062003214643351512781541041391612
Result (wrap): true
2025-05-02 21:40:33 INFO  ChordProtocols:179 - Finger 62 peker n책 til: process2
2025-05-02 21:40:33 INFO  ChordProtocols:173 - Beregner fingerID for finger 63: 210821560651360572685119732708269448980
id: 210821560651360572685119732708269448980
lower: 210821560651360572675896360671414673172
upper: 15618062003214643351512781541041391612
Result (wrap): true
2025-05-02 21:40:33 INFO  ChordProtocols:179 - Finger 63 peker n책 til: process2
2025-05-02 21:40:33 INFO  ChordProtocols:173 - Beregner fingerID for finger 64: 210821560651360572694343104745124224788
id: 210821560651360572694343104745124224788
lower: 210821560651360572675896360671414673172
upper: 15618062003214643351512781541041391612
Result (wrap): true
2025-05-02 21:40:33 INFO  ChordProtocols:179 - Finger 64 peker n책 til: process2
2025-05-02 21:40:33 INFO  ChordProtocols:173 - Beregner fingerID for finger 65: 210821560651360572712789848818833776404
id: 210821560651360572712789848818833776404
lower: 210821560651360572675896360671414673172
upper: 15618062003214643351512781541041391612
Result (wrap): true
2025-05-02 21:40:33 INFO  ChordProtocols:179 - Finger 65 peker n책 til: process2
2025-05-02 21:40:33 INFO  ChordProtocols:173 - Beregner fingerID for finger 66: 210821560651360572749683336966252879636
id: 210821560651360572749683336966252879636
lower: 210821560651360572675896360671414673172
upper: 15618062003214643351512781541041391612
Result (wrap): true
2025-05-02 21:40:33 INFO  ChordProtocols:179 - Finger 66 peker n책 til: process2
2025-05-02 21:40:33 INFO  ChordProtocols:173 - Beregner fingerID for finger 67: 210821560651360572823470313261091086100
id: 210821560651360572823470313261091086100
lower: 210821560651360572675896360671414673172
upper: 15618062003214643351512781541041391612
Result (wrap): true
2025-05-02 21:40:33 INFO  ChordProtocols:179 - Finger 67 peker n책 til: process2
2025-05-02 21:40:33 INFO  ChordProtocols:173 - Beregner fingerID for finger 68: 210821560651360572971044265850767499028
id: 210821560651360572971044265850767499028
lower: 210821560651360572675896360671414673172
upper: 15618062003214643351512781541041391612
Result (wrap): true
2025-05-02 21:40:33 INFO  ChordProtocols:179 - Finger 68 peker n책 til: process2
2025-05-02 21:40:33 INFO  ChordProtocols:173 - Beregner fingerID for finger 69: 210821560651360573266192171030120324884
id: 210821560651360573266192171030120324884
lower: 210821560651360572675896360671414673172
upper: 15618062003214643351512781541041391612
Result (wrap): true
2025-05-02 21:40:33 INFO  ChordProtocols:179 - Finger 69 peker n책 til: process2
2025-05-02 21:40:33 INFO  ChordProtocols:173 - Beregner fingerID for finger 70: 210821560651360573856487981388825976596
id: 210821560651360573856487981388825976596
lower: 210821560651360572675896360671414673172
upper: 15618062003214643351512781541041391612
Result (wrap): true
2025-05-02 21:40:33 INFO  ChordProtocols:179 - Finger 70 peker n책 til: process2
2025-05-02 21:40:33 INFO  ChordProtocols:173 - Beregner fingerID for finger 71: 210821560651360575037079602106237280020
id: 210821560651360575037079602106237280020
lower: 210821560651360572675896360671414673172
upper: 15618062003214643351512781541041391612
Result (wrap): true
2025-05-02 21:40:33 INFO  ChordProtocols:179 - Finger 71 peker n책 til: process2
2025-05-02 21:40:33 INFO  ChordProtocols:173 - Beregner fingerID for finger 72: 210821560651360577398262843541059886868
id: 210821560651360577398262843541059886868
lower: 210821560651360572675896360671414673172
upper: 15618062003214643351512781541041391612
Result (wrap): true
2025-05-02 21:40:33 INFO  ChordProtocols:179 - Finger 72 peker n책 til: process2
2025-05-02 21:40:33 INFO  ChordProtocols:173 - Beregner fingerID for finger 73: 210821560651360582120629326410705100564
id: 210821560651360582120629326410705100564
lower: 210821560651360572675896360671414673172
upper: 15618062003214643351512781541041391612
Result (wrap): true
2025-05-02 21:40:33 INFO  ChordProtocols:179 - Finger 73 peker n책 til: process2
2025-05-02 21:40:33 INFO  ChordProtocols:173 - Beregner fingerID for finger 74: 210821560651360591565362292149995527956
id: 210821560651360591565362292149995527956
lower: 210821560651360572675896360671414673172
upper: 15618062003214643351512781541041391612
Result (wrap): true
2025-05-02 21:40:33 INFO  ChordProtocols:179 - Finger 74 peker n책 til: process2
2025-05-02 21:40:33 INFO  ChordProtocols:173 - Beregner fingerID for finger 75: 210821560651360610454828223628576382740
id: 210821560651360610454828223628576382740
lower: 210821560651360572675896360671414673172
upper: 15618062003214643351512781541041391612
Result (wrap): true
2025-05-02 21:40:33 INFO  ChordProtocols:179 - Finger 75 peker n책 til: process2
2025-05-02 21:40:33 INFO  ChordProtocols:173 - Beregner fingerID for finger 76: 210821560651360648233760086585738092308
id: 210821560651360648233760086585738092308
lower: 210821560651360572675896360671414673172
upper: 15618062003214643351512781541041391612
Result (wrap): true
2025-05-02 21:40:33 INFO  ChordProtocols:179 - Finger 76 peker n책 til: process2
2025-05-02 21:40:33 INFO  ChordProtocols:173 - Beregner fingerID for finger 77: 210821560651360723791623812500061511444
id: 210821560651360723791623812500061511444
lower: 210821560651360572675896360671414673172
upper: 15618062003214643351512781541041391612
Result (wrap): true
2025-05-02 21:40:33 INFO  ChordProtocols:179 - Finger 77 peker n책 til: process2
2025-05-02 21:40:33 INFO  ChordProtocols:173 - Beregner fingerID for finger 78: 210821560651360874907351264328708349716
id: 210821560651360874907351264328708349716
lower: 210821560651360572675896360671414673172
upper: 15618062003214643351512781541041391612
Result (wrap): true
2025-05-02 21:40:33 INFO  ChordProtocols:179 - Finger 78 peker n책 til: process2
2025-05-02 21:40:33 INFO  ChordProtocols:173 - Beregner fingerID for finger 79: 210821560651361177138806167986002026260
id: 210821560651361177138806167986002026260
lower: 210821560651360572675896360671414673172
upper: 15618062003214643351512781541041391612
Result (wrap): true
2025-05-02 21:40:33 INFO  ChordProtocols:179 - Finger 79 peker n책 til: process2
2025-05-02 21:40:33 INFO  ChordProtocols:173 - Beregner fingerID for finger 80: 210821560651361781601715975300589379348
id: 210821560651361781601715975300589379348
lower: 210821560651360572675896360671414673172
upper: 15618062003214643351512781541041391612
Result (wrap): true
2025-05-02 21:40:33 INFO  ChordProtocols:179 - Finger 80 peker n책 til: process2
2025-05-02 21:40:33 INFO  ChordProtocols:173 - Beregner fingerID for finger 81: 210821560651362990527535589929764085524
id: 210821560651362990527535589929764085524
lower: 210821560651360572675896360671414673172
upper: 15618062003214643351512781541041391612
Result (wrap): true
2025-05-02 21:40:33 INFO  ChordProtocols:179 - Finger 81 peker n책 til: process2
2025-05-02 21:40:33 INFO  ChordProtocols:173 - Beregner fingerID for finger 82: 210821560651365408379174819188113497876
id: 210821560651365408379174819188113497876
lower: 210821560651360572675896360671414673172
upper: 15618062003214643351512781541041391612
Result (wrap): true
2025-05-02 21:40:33 INFO  ChordProtocols:179 - Finger 82 peker n책 til: process2
2025-05-02 21:40:33 INFO  ChordProtocols:173 - Beregner fingerID for finger 83: 210821560651370244082453277704812322580
id: 210821560651370244082453277704812322580
lower: 210821560651360572675896360671414673172
upper: 15618062003214643351512781541041391612
Result (wrap): true
2025-05-02 21:40:33 INFO  ChordProtocols:179 - Finger 83 peker n책 til: process2
2025-05-02 21:40:33 INFO  ChordProtocols:173 - Beregner fingerID for finger 84: 210821560651379915489010194738209971988
id: 210821560651379915489010194738209971988
lower: 210821560651360572675896360671414673172
upper: 15618062003214643351512781541041391612
Result (wrap): true
2025-05-02 21:40:33 INFO  ChordProtocols:179 - Finger 84 peker n책 til: process2
2025-05-02 21:40:33 INFO  ChordProtocols:173 - Beregner fingerID for finger 85: 210821560651399258302124028805005270804
id: 210821560651399258302124028805005270804
lower: 210821560651360572675896360671414673172
upper: 15618062003214643351512781541041391612
Result (wrap): true
2025-05-02 21:40:33 INFO  ChordProtocols:179 - Finger 85 peker n책 til: process2
2025-05-02 21:40:33 INFO  ChordProtocols:173 - Beregner fingerID for finger 86: 210821560651437943928351696938595868436
id: 210821560651437943928351696938595868436
lower: 210821560651360572675896360671414673172
upper: 15618062003214643351512781541041391612
Result (wrap): true
2025-05-02 21:40:33 INFO  ChordProtocols:179 - Finger 86 peker n책 til: process2
2025-05-02 21:40:33 INFO  ChordProtocols:173 - Beregner fingerID for finger 87: 210821560651515315180807033205777063700
id: 210821560651515315180807033205777063700
lower: 210821560651360572675896360671414673172
upper: 15618062003214643351512781541041391612
Result (wrap): true
2025-05-02 21:40:33 INFO  ChordProtocols:179 - Finger 87 peker n책 til: process2
2025-05-02 21:40:33 INFO  ChordProtocols:173 - Beregner fingerID for finger 88: 210821560651670057685717705740139454228
id: 210821560651670057685717705740139454228
lower: 210821560651360572675896360671414673172
upper: 15618062003214643351512781541041391612
Result (wrap): true
2025-05-02 21:40:33 INFO  ChordProtocols:179 - Finger 88 peker n책 til: process2
2025-05-02 21:40:33 INFO  ChordProtocols:173 - Beregner fingerID for finger 89: 210821560651979542695539050808864235284
id: 210821560651979542695539050808864235284
lower: 210821560651360572675896360671414673172
upper: 15618062003214643351512781541041391612
Result (wrap): true
2025-05-02 21:40:33 INFO  ChordProtocols:179 - Finger 89 peker n책 til: process2
2025-05-02 21:40:33 INFO  ChordProtocols:173 - Beregner fingerID for finger 90: 210821560652598512715181740946313797396
id: 210821560652598512715181740946313797396
lower: 210821560651360572675896360671414673172
upper: 15618062003214643351512781541041391612
Result (wrap): true
2025-05-02 21:40:33 INFO  ChordProtocols:179 - Finger 90 peker n책 til: process2
2025-05-02 21:40:33 INFO  ChordProtocols:173 - Beregner fingerID for finger 91: 210821560653836452754467121221212921620
id: 210821560653836452754467121221212921620
lower: 210821560651360572675896360671414673172
upper: 15618062003214643351512781541041391612
Result (wrap): true
2025-05-02 21:40:33 INFO  ChordProtocols:179 - Finger 91 peker n책 til: process2
2025-05-02 21:40:33 INFO  ChordProtocols:173 - Beregner fingerID for finger 92: 210821560656312332833037881771011170068
id: 210821560656312332833037881771011170068
lower: 210821560651360572675896360671414673172
upper: 15618062003214643351512781541041391612
Result (wrap): true
2025-05-02 21:40:33 INFO  ChordProtocols:179 - Finger 92 peker n책 til: process2
2025-05-02 21:40:33 INFO  ChordProtocols:173 - Beregner fingerID for finger 93: 210821560661264092990179402870607666964
id: 210821560661264092990179402870607666964
lower: 210821560651360572675896360671414673172
upper: 15618062003214643351512781541041391612
Result (wrap): true
2025-05-02 21:40:33 INFO  ChordProtocols:179 - Finger 93 peker n책 til: process2
2025-05-02 21:40:33 INFO  ChordProtocols:173 - Beregner fingerID for finger 94: 210821560671167613304462445069800660756
id: 210821560671167613304462445069800660756
lower: 210821560651360572675896360671414673172
upper: 15618062003214643351512781541041391612
Result (wrap): true
2025-05-02 21:40:33 INFO  ChordProtocols:179 - Finger 94 peker n책 til: process2
2025-05-02 21:40:33 INFO  ChordProtocols:173 - Beregner fingerID for finger 95: 210821560690974653933028529468186648340
id: 210821560690974653933028529468186648340
lower: 210821560651360572675896360671414673172
upper: 15618062003214643351512781541041391612
Result (wrap): true
2025-05-02 21:40:33 INFO  ChordProtocols:179 - Finger 95 peker n책 til: process2
2025-05-02 21:40:33 INFO  ChordProtocols:173 - Beregner fingerID for finger 96: 210821560730588735190160698264958623508
id: 210821560730588735190160698264958623508
lower: 210821560651360572675896360671414673172
upper: 15618062003214643351512781541041391612
Result (wrap): true
2025-05-02 21:40:33 INFO  ChordProtocols:179 - Finger 96 peker n책 til: process2
2025-05-02 21:40:33 INFO  ChordProtocols:173 - Beregner fingerID for finger 97: 210821560809816897704425035858502573844
id: 210821560809816897704425035858502573844
lower: 210821560651360572675896360671414673172
upper: 15618062003214643351512781541041391612
Result (wrap): true
2025-05-02 21:40:33 INFO  ChordProtocols:179 - Finger 97 peker n책 til: process2
2025-05-02 21:40:33 INFO  ChordProtocols:173 - Beregner fingerID for finger 98: 210821560968273222732953711045590474516
id: 210821560968273222732953711045590474516
lower: 210821560651360572675896360671414673172
upper: 15618062003214643351512781541041391612
Result (wrap): true
2025-05-02 21:40:33 INFO  ChordProtocols:179 - Finger 98 peker n책 til: process2
2025-05-02 21:40:33 INFO  ChordProtocols:173 - Beregner fingerID for finger 99: 210821561285185872790011061419766275860
id: 210821561285185872790011061419766275860
lower: 210821560651360572675896360671414673172
upper: 15618062003214643351512781541041391612
Result (wrap): true
2025-05-02 21:40:33 INFO  ChordProtocols:179 - Finger 99 peker n책 til: process2
2025-05-02 21:40:33 INFO  ChordProtocols:173 - Beregner fingerID for finger 100: 210821561919011172904125762168117878548
id: 210821561919011172904125762168117878548
lower: 210821560651360572675896360671414673172
upper: 15618062003214643351512781541041391612
Result (wrap): true
2025-05-02 21:40:33 INFO  ChordProtocols:179 - Finger 100 peker n책 til: process2
2025-05-02 21:40:33 INFO  ChordProtocols:173 - Beregner fingerID for finger 101: 210821563186661773132355163664821083924
id: 210821563186661773132355163664821083924
lower: 210821560651360572675896360671414673172
upper: 15618062003214643351512781541041391612
Result (wrap): true
2025-05-02 21:40:33 INFO  ChordProtocols:179 - Finger 101 peker n책 til: process2
2025-05-02 21:40:33 INFO  ChordProtocols:173 - Beregner fingerID for finger 102: 210821565721962973588813966658227494676
id: 210821565721962973588813966658227494676
lower: 210821560651360572675896360671414673172
upper: 15618062003214643351512781541041391612
Result (wrap): true
2025-05-02 21:40:33 INFO  ChordProtocols:179 - Finger 102 peker n책 til: process2
2025-05-02 21:40:33 INFO  ChordProtocols:173 - Beregner fingerID for finger 103: 210821570792565374501731572645040316180
id: 210821570792565374501731572645040316180
lower: 210821560651360572675896360671414673172
upper: 15618062003214643351512781541041391612
Result (wrap): true
2025-05-02 21:40:33 INFO  ChordProtocols:179 - Finger 103 peker n책 til: process2
2025-05-02 21:40:33 INFO  ChordProtocols:173 - Beregner fingerID for finger 104: 210821580933770176327566784618665959188
id: 210821580933770176327566784618665959188
lower: 210821560651360572675896360671414673172
upper: 15618062003214643351512781541041391612
Result (wrap): true
2025-05-02 21:40:33 INFO  ChordProtocols:179 - Finger 104 peker n책 til: process2
2025-05-02 21:40:33 INFO  ChordProtocols:173 - Beregner fingerID for finger 105: 210821601216179779979237208565917245204
id: 210821601216179779979237208565917245204
lower: 210821560651360572675896360671414673172
upper: 15618062003214643351512781541041391612
Result (wrap): true
2025-05-02 21:40:33 INFO  ChordProtocols:179 - Finger 105 peker n책 til: process2
2025-05-02 21:40:33 INFO  ChordProtocols:173 - Beregner fingerID for finger 106: 210821641780998987282578056460419817236
id: 210821641780998987282578056460419817236
lower: 210821560651360572675896360671414673172
upper: 15618062003214643351512781541041391612
Result (wrap): true
2025-05-02 21:40:33 INFO  ChordProtocols:179 - Finger 106 peker n책 til: process2
2025-05-02 21:40:33 INFO  ChordProtocols:173 - Beregner fingerID for finger 107: 210821722910637401889259752249424961300
id: 210821722910637401889259752249424961300
lower: 210821560651360572675896360671414673172
upper: 15618062003214643351512781541041391612
Result (wrap): true
2025-05-02 21:40:33 INFO  ChordProtocols:179 - Finger 107 peker n책 til: process2
2025-05-02 21:40:33 INFO  ChordProtocols:173 - Beregner fingerID for finger 108: 210821885169914231102623143827435249428
id: 210821885169914231102623143827435249428
lower: 210821560651360572675896360671414673172
upper: 15618062003214643351512781541041391612
Result (wrap): true
2025-05-02 21:40:33 INFO  ChordProtocols:179 - Finger 108 peker n책 til: process2
2025-05-02 21:40:33 INFO  ChordProtocols:173 - Beregner fingerID for finger 109: 210822209688467889529349926983455825684
id: 210822209688467889529349926983455825684
lower: 210821560651360572675896360671414673172
upper: 15618062003214643351512781541041391612
Result (wrap): true
2025-05-02 21:40:33 INFO  ChordProtocols:179 - Finger 109 peker n책 til: process2
2025-05-02 21:40:33 INFO  ChordProtocols:173 - Beregner fingerID for finger 110: 210822858725575206382803493295496978196
id: 210822858725575206382803493295496978196
lower: 210821560651360572675896360671414673172
upper: 15618062003214643351512781541041391612
Result (wrap): true
2025-05-02 21:40:33 INFO  ChordProtocols:179 - Finger 110 peker n책 til: process2
2025-05-02 21:40:33 INFO  ChordProtocols:173 - Beregner fingerID for finger 111: 210824156799789840089710625919579283220
id: 210824156799789840089710625919579283220
lower: 210821560651360572675896360671414673172
upper: 15618062003214643351512781541041391612
Result (wrap): true
2025-05-02 21:40:33 INFO  ChordProtocols:179 - Finger 111 peker n책 til: process2
2025-05-02 21:40:33 INFO  ChordProtocols:173 - Beregner fingerID for finger 112: 210826752948219107503524891167743893268
id: 210826752948219107503524891167743893268
lower: 210821560651360572675896360671414673172
upper: 15618062003214643351512781541041391612
Result (wrap): true
2025-05-02 21:40:33 INFO  ChordProtocols:179 - Finger 112 peker n책 til: process2
2025-05-02 21:40:33 INFO  ChordProtocols:173 - Beregner fingerID for finger 113: 210831945245077642331153421664073113364
id: 210831945245077642331153421664073113364
lower: 210821560651360572675896360671414673172
upper: 15618062003214643351512781541041391612
Result (wrap): true
2025-05-02 21:40:33 INFO  ChordProtocols:179 - Finger 113 peker n책 til: process2
2025-05-02 21:40:33 INFO  ChordProtocols:173 - Beregner fingerID for finger 114: 210842329838794711986410482656731553556
id: 210842329838794711986410482656731553556
lower: 210821560651360572675896360671414673172
upper: 15618062003214643351512781541041391612
Result (wrap): true
2025-05-02 21:40:33 INFO  ChordProtocols:179 - Finger 114 peker n책 til: process2
2025-05-02 21:40:33 INFO  ChordProtocols:173 - Beregner fingerID for finger 115: 210863099026228851296924604642048433940
id: 210863099026228851296924604642048433940
lower: 210821560651360572675896360671414673172
upper: 15618062003214643351512781541041391612
Result (wrap): true
2025-05-02 21:40:33 INFO  ChordProtocols:179 - Finger 115 peker n책 til: process2
2025-05-02 21:40:33 INFO  ChordProtocols:173 - Beregner fingerID for finger 116: 210904637401097129917952848612682194708
id: 210904637401097129917952848612682194708
lower: 210821560651360572675896360671414673172
upper: 15618062003214643351512781541041391612
Result (wrap): true
2025-05-02 21:40:33 INFO  ChordProtocols:179 - Finger 116 peker n책 til: process2
2025-05-02 21:40:33 INFO  ChordProtocols:173 - Beregner fingerID for finger 117: 210987714150833687160009336553949716244
id: 210987714150833687160009336553949716244
lower: 210821560651360572675896360671414673172
upper: 15618062003214643351512781541041391612
Result (wrap): true
2025-05-02 21:40:33 INFO  ChordProtocols:179 - Finger 117 peker n책 til: process2
2025-05-02 21:40:33 INFO  ChordProtocols:173 - Beregner fingerID for finger 118: 211153867650306801644122312436484759316
id: 211153867650306801644122312436484759316
lower: 210821560651360572675896360671414673172
upper: 15618062003214643351512781541041391612
Result (wrap): true
2025-05-02 21:40:33 INFO  ChordProtocols:179 - Finger 118 peker n책 til: process2
2025-05-02 21:40:33 INFO  ChordProtocols:173 - Beregner fingerID for finger 119: 211486174649253030612348264201554845460
id: 211486174649253030612348264201554845460
lower: 210821560651360572675896360671414673172
upper: 15618062003214643351512781541041391612
Result (wrap): true
2025-05-02 21:40:33 INFO  ChordProtocols:179 - Finger 119 peker n책 til: process2
2025-05-02 21:40:33 INFO  ChordProtocols:173 - Beregner fingerID for finger 120: 212150788647145488548800167731695017748
id: 212150788647145488548800167731695017748
lower: 210821560651360572675896360671414673172
upper: 15618062003214643351512781541041391612
Result (wrap): true
2025-05-02 21:40:33 INFO  ChordProtocols:179 - Finger 120 peker n책 til: process2
2025-05-02 21:40:33 INFO  ChordProtocols:173 - Beregner fingerID for finger 121: 213480016642930404421703974791975362324
id: 213480016642930404421703974791975362324
lower: 210821560651360572675896360671414673172
upper: 15618062003214643351512781541041391612
Result (wrap): true
2025-05-02 21:40:33 INFO  ChordProtocols:179 - Finger 121 peker n책 til: process2
2025-05-02 21:40:33 INFO  ChordProtocols:173 - Beregner fingerID for finger 122: 216138472634500236167511588912536051476
id: 216138472634500236167511588912536051476
lower: 210821560651360572675896360671414673172
upper: 15618062003214643351512781541041391612
Result (wrap): true
2025-05-02 21:40:33 INFO  ChordProtocols:179 - Finger 122 peker n책 til: process2
2025-05-02 21:40:33 INFO  ChordProtocols:173 - Beregner fingerID for finger 123: 221455384617639899659126817153657429780
id: 221455384617639899659126817153657429780
lower: 210821560651360572675896360671414673172
upper: 15618062003214643351512781541041391612
Result (wrap): true
2025-05-02 21:40:33 INFO  ChordProtocols:179 - Finger 123 peker n책 til: process2
2025-05-02 21:40:33 INFO  ChordProtocols:173 - Beregner fingerID for finger 124: 232089208583919226642357273635900186388
id: 232089208583919226642357273635900186388
lower: 210821560651360572675896360671414673172
upper: 15618062003214643351512781541041391612
Result (wrap): true
2025-05-02 21:40:33 INFO  ChordProtocols:179 - Finger 124 peker n책 til: process2
2025-05-02 21:40:33 INFO  ChordProtocols:173 - Beregner fingerID for finger 125: 253356856516477880608818186600385699604
id: 253356856516477880608818186600385699604
lower: 210821560651360572675896360671414673172
upper: 15618062003214643351512781541041391612
Result (wrap): true
2025-05-02 21:40:33 INFO  ChordProtocols:179 - Finger 125 peker n책 til: process2
2025-05-02 21:40:33 INFO  ChordProtocols:173 - Beregner fingerID for finger 126: 295892152381595188541740012529356726036
id: 295892152381595188541740012529356726036
lower: 210821560651360572675896360671414673172
upper: 15618062003214643351512781541041391612
Result (wrap): true
2025-05-02 21:40:33 INFO  ChordProtocols:179 - Finger 126 peker n책 til: process2
2025-05-02 21:40:33 INFO  ChordProtocols:173 - Beregner fingerID for finger 127: 40680377190891340944209056955530567444
id: 40680377190891340944209056955530567444
lower: 210821560651360572675896360671414673172
upper: 15618062003214643351512781541041391612
Result (wrap): false
id: 15618062003214643351512781541041391612
lower: 210821560651360572675896360671414673172
upper: 40680377190891340944209056955530567444
Result (wrap): true
id: 40680377190891340944209056955530567444
lower: 15618062003214643351512781541041391612
upper: 53937554629190552131995290006614509577
Result (no wrap): true
2025-05-02 21:40:33 INFO  ChordProtocols:179 - Finger 127 peker n책 til: process1
2025-05-02 21:40:33 INFO  StabilizationProtocols:60 - Checking the predecessor for Node: process4
==================================
Node Identifier = 210821560651360572675896360671414673172
Node IP address = process4
successor(process4) = process2
predecessor(process4) = process5
Current File keys for process4 => []
==================================
2025-05-02 21:40:33 INFO  StabilizationProtocols:130 - Updating the successor for Node: process5
id: 121411138451101288395601026024677976157
lower: 121411138451101288395601026024677976156
upper: 210821560651360572675896360671414673172
Result (no wrap): true
2025-05-02 21:40:33 INFO  StabilizationProtocols:84 - Stabilizing ring from process5...
2025-05-02 21:40:33 INFO  StabilizationProtocols:91 - Stabilize ring: succnode = process4
id: 121411138451101288395601026024677976156
lower: 121411138451101288395601026024677976157
upper: 210821560651360572675896360671414673173
Result (no wrap): false
2025-05-02 21:40:33 INFO  StabilizationProtocols:113 - Finished stabilizing chordring from process5
2025-05-02 21:40:33 INFO  ChordProtocols:159 - Oppdaterer FingerTable for Node: process5
2025-05-02 21:40:33 INFO  ChordProtocols:173 - Beregner fingerID for finger 0: 121411138451101288395601026024677976157
id: 121411138451101288395601026024677976157
lower: 121411138451101288395601026024677976156
upper: 210821560651360572675896360671414673172
Result (no wrap): true
2025-05-02 21:40:33 INFO  ChordProtocols:179 - Finger 0 peker n책 til: process4
2025-05-02 21:40:33 INFO  ChordProtocols:173 - Beregner fingerID for finger 1: 121411138451101288395601026024677976158
id: 121411138451101288395601026024677976158
lower: 121411138451101288395601026024677976156
upper: 210821560651360572675896360671414673172
Result (no wrap): true
2025-05-02 21:40:33 INFO  ChordProtocols:179 - Finger 1 peker n책 til: process4
2025-05-02 21:40:33 INFO  ChordProtocols:173 - Beregner fingerID for finger 2: 121411138451101288395601026024677976160
id: 121411138451101288395601026024677976160
lower: 121411138451101288395601026024677976156
upper: 210821560651360572675896360671414673172
Result (no wrap): true
2025-05-02 21:40:33 INFO  ChordProtocols:179 - Finger 2 peker n책 til: process4
2025-05-02 21:40:33 INFO  ChordProtocols:173 - Beregner fingerID for finger 3: 121411138451101288395601026024677976164
id: 121411138451101288395601026024677976164
lower: 121411138451101288395601026024677976156
upper: 210821560651360572675896360671414673172
Result (no wrap): true
2025-05-02 21:40:33 INFO  ChordProtocols:179 - Finger 3 peker n책 til: process4
2025-05-02 21:40:33 INFO  ChordProtocols:173 - Beregner fingerID for finger 4: 121411138451101288395601026024677976172
id: 121411138451101288395601026024677976172
lower: 121411138451101288395601026024677976156
upper: 210821560651360572675896360671414673172
Result (no wrap): true
2025-05-02 21:40:33 INFO  ChordProtocols:179 - Finger 4 peker n책 til: process4
2025-05-02 21:40:33 INFO  ChordProtocols:173 - Beregner fingerID for finger 5: 121411138451101288395601026024677976188
id: 121411138451101288395601026024677976188
lower: 121411138451101288395601026024677976156
upper: 210821560651360572675896360671414673172
Result (no wrap): true
2025-05-02 21:40:33 INFO  ChordProtocols:179 - Finger 5 peker n책 til: process4
2025-05-02 21:40:33 INFO  ChordProtocols:173 - Beregner fingerID for finger 6: 121411138451101288395601026024677976220
id: 121411138451101288395601026024677976220
lower: 121411138451101288395601026024677976156
upper: 210821560651360572675896360671414673172
Result (no wrap): true
2025-05-02 21:40:33 INFO  ChordProtocols:179 - Finger 6 peker n책 til: process4
2025-05-02 21:40:33 INFO  ChordProtocols:173 - Beregner fingerID for finger 7: 121411138451101288395601026024677976284
id: 121411138451101288395601026024677976284
lower: 121411138451101288395601026024677976156
upper: 210821560651360572675896360671414673172
Result (no wrap): true
2025-05-02 21:40:33 INFO  ChordProtocols:179 - Finger 7 peker n책 til: process4
2025-05-02 21:40:33 INFO  ChordProtocols:173 - Beregner fingerID for finger 8: 121411138451101288395601026024677976412
id: 121411138451101288395601026024677976412
lower: 121411138451101288395601026024677976156
upper: 210821560651360572675896360671414673172
Result (no wrap): true
2025-05-02 21:40:33 INFO  ChordProtocols:179 - Finger 8 peker n책 til: process4
2025-05-02 21:40:33 INFO  ChordProtocols:173 - Beregner fingerID for finger 9: 121411138451101288395601026024677976668
id: 121411138451101288395601026024677976668
lower: 121411138451101288395601026024677976156
upper: 210821560651360572675896360671414673172
Result (no wrap): true
2025-05-02 21:40:33 INFO  ChordProtocols:179 - Finger 9 peker n책 til: process4
2025-05-02 21:40:33 INFO  ChordProtocols:173 - Beregner fingerID for finger 10: 121411138451101288395601026024677977180
id: 121411138451101288395601026024677977180
lower: 121411138451101288395601026024677976156
upper: 210821560651360572675896360671414673172
Result (no wrap): true
2025-05-02 21:40:33 INFO  ChordProtocols:179 - Finger 10 peker n책 til: process4
2025-05-02 21:40:33 INFO  ChordProtocols:173 - Beregner fingerID for finger 11: 121411138451101288395601026024677978204
id: 121411138451101288395601026024677978204
lower: 121411138451101288395601026024677976156
upper: 210821560651360572675896360671414673172
Result (no wrap): true
2025-05-02 21:40:33 INFO  ChordProtocols:179 - Finger 11 peker n책 til: process4
2025-05-02 21:40:33 INFO  ChordProtocols:173 - Beregner fingerID for finger 12: 121411138451101288395601026024677980252
id: 121411138451101288395601026024677980252
lower: 121411138451101288395601026024677976156
upper: 210821560651360572675896360671414673172
Result (no wrap): true
2025-05-02 21:40:33 INFO  ChordProtocols:179 - Finger 12 peker n책 til: process4
2025-05-02 21:40:33 INFO  ChordProtocols:173 - Beregner fingerID for finger 13: 121411138451101288395601026024677984348
id: 121411138451101288395601026024677984348
lower: 121411138451101288395601026024677976156
upper: 210821560651360572675896360671414673172
Result (no wrap): true
2025-05-02 21:40:33 INFO  ChordProtocols:179 - Finger 13 peker n책 til: process4
2025-05-02 21:40:33 INFO  ChordProtocols:173 - Beregner fingerID for finger 14: 121411138451101288395601026024677992540
id: 121411138451101288395601026024677992540
lower: 121411138451101288395601026024677976156
upper: 210821560651360572675896360671414673172
Result (no wrap): true
2025-05-02 21:40:33 INFO  ChordProtocols:179 - Finger 14 peker n책 til: process4
2025-05-02 21:40:33 INFO  ChordProtocols:173 - Beregner fingerID for finger 15: 121411138451101288395601026024678008924
id: 121411138451101288395601026024678008924
lower: 121411138451101288395601026024677976156
upper: 210821560651360572675896360671414673172
Result (no wrap): true
2025-05-02 21:40:33 INFO  ChordProtocols:179 - Finger 15 peker n책 til: process4
2025-05-02 21:40:33 INFO  ChordProtocols:173 - Beregner fingerID for finger 16: 121411138451101288395601026024678041692
id: 121411138451101288395601026024678041692
lower: 121411138451101288395601026024677976156
upper: 210821560651360572675896360671414673172
Result (no wrap): true
2025-05-02 21:40:33 INFO  ChordProtocols:179 - Finger 16 peker n책 til: process4
2025-05-02 21:40:33 INFO  ChordProtocols:173 - Beregner fingerID for finger 17: 121411138451101288395601026024678107228
id: 121411138451101288395601026024678107228
lower: 121411138451101288395601026024677976156
upper: 210821560651360572675896360671414673172
Result (no wrap): true
2025-05-02 21:40:33 INFO  ChordProtocols:179 - Finger 17 peker n책 til: process4
2025-05-02 21:40:33 INFO  ChordProtocols:173 - Beregner fingerID for finger 18: 121411138451101288395601026024678238300
id: 121411138451101288395601026024678238300
lower: 121411138451101288395601026024677976156
upper: 210821560651360572675896360671414673172
Result (no wrap): true
2025-05-02 21:40:33 INFO  ChordProtocols:179 - Finger 18 peker n책 til: process4
2025-05-02 21:40:33 INFO  ChordProtocols:173 - Beregner fingerID for finger 19: 121411138451101288395601026024678500444
id: 121411138451101288395601026024678500444
lower: 121411138451101288395601026024677976156
upper: 210821560651360572675896360671414673172
Result (no wrap): true
2025-05-02 21:40:33 INFO  ChordProtocols:179 - Finger 19 peker n책 til: process4
2025-05-02 21:40:33 INFO  ChordProtocols:173 - Beregner fingerID for finger 20: 121411138451101288395601026024679024732
id: 121411138451101288395601026024679024732
lower: 121411138451101288395601026024677976156
upper: 210821560651360572675896360671414673172
Result (no wrap): true
2025-05-02 21:40:33 INFO  ChordProtocols:179 - Finger 20 peker n책 til: process4
2025-05-02 21:40:33 INFO  ChordProtocols:173 - Beregner fingerID for finger 21: 121411138451101288395601026024680073308
id: 121411138451101288395601026024680073308
lower: 121411138451101288395601026024677976156
upper: 210821560651360572675896360671414673172
Result (no wrap): true
2025-05-02 21:40:33 INFO  ChordProtocols:179 - Finger 21 peker n책 til: process4
2025-05-02 21:40:33 INFO  ChordProtocols:173 - Beregner fingerID for finger 22: 121411138451101288395601026024682170460
id: 121411138451101288395601026024682170460
lower: 121411138451101288395601026024677976156
upper: 210821560651360572675896360671414673172
Result (no wrap): true
2025-05-02 21:40:33 INFO  ChordProtocols:179 - Finger 22 peker n책 til: process4
2025-05-02 21:40:33 INFO  ChordProtocols:173 - Beregner fingerID for finger 23: 121411138451101288395601026024686364764
id: 121411138451101288395601026024686364764
lower: 121411138451101288395601026024677976156
upper: 210821560651360572675896360671414673172
Result (no wrap): true
2025-05-02 21:40:33 INFO  ChordProtocols:179 - Finger 23 peker n책 til: process4
2025-05-02 21:40:33 INFO  ChordProtocols:173 - Beregner fingerID for finger 24: 121411138451101288395601026024694753372
id: 121411138451101288395601026024694753372
lower: 121411138451101288395601026024677976156
upper: 210821560651360572675896360671414673172
Result (no wrap): true
2025-05-02 21:40:33 INFO  ChordProtocols:179 - Finger 24 peker n책 til: process4
2025-05-02 21:40:33 INFO  ChordProtocols:173 - Beregner fingerID for finger 25: 121411138451101288395601026024711530588
id: 121411138451101288395601026024711530588
lower: 121411138451101288395601026024677976156
upper: 210821560651360572675896360671414673172
Result (no wrap): true
2025-05-02 21:40:33 INFO  ChordProtocols:179 - Finger 25 peker n책 til: process4
2025-05-02 21:40:33 INFO  ChordProtocols:173 - Beregner fingerID for finger 26: 121411138451101288395601026024745085020
id: 121411138451101288395601026024745085020
lower: 121411138451101288395601026024677976156
upper: 210821560651360572675896360671414673172
Result (no wrap): true
2025-05-02 21:40:33 INFO  ChordProtocols:179 - Finger 26 peker n책 til: process4
2025-05-02 21:40:33 INFO  ChordProtocols:173 - Beregner fingerID for finger 27: 121411138451101288395601026024812193884
id: 121411138451101288395601026024812193884
lower: 121411138451101288395601026024677976156
upper: 210821560651360572675896360671414673172
Result (no wrap): true
2025-05-02 21:40:33 INFO  ChordProtocols:179 - Finger 27 peker n책 til: process4
2025-05-02 21:40:33 INFO  ChordProtocols:173 - Beregner fingerID for finger 28: 121411138451101288395601026024946411612
id: 121411138451101288395601026024946411612
lower: 121411138451101288395601026024677976156
upper: 210821560651360572675896360671414673172
Result (no wrap): true
2025-05-02 21:40:33 INFO  ChordProtocols:179 - Finger 28 peker n책 til: process4
2025-05-02 21:40:33 INFO  ChordProtocols:173 - Beregner fingerID for finger 29: 121411138451101288395601026025214847068
id: 121411138451101288395601026025214847068
lower: 121411138451101288395601026024677976156
upper: 210821560651360572675896360671414673172
Result (no wrap): true
2025-05-02 21:40:33 INFO  ChordProtocols:179 - Finger 29 peker n책 til: process4
2025-05-02 21:40:33 INFO  ChordProtocols:173 - Beregner fingerID for finger 30: 121411138451101288395601026025751717980
id: 121411138451101288395601026025751717980
lower: 121411138451101288395601026024677976156
upper: 210821560651360572675896360671414673172
Result (no wrap): true
2025-05-02 21:40:33 INFO  ChordProtocols:179 - Finger 30 peker n책 til: process4
2025-05-02 21:40:33 INFO  ChordProtocols:173 - Beregner fingerID for finger 31: 121411138451101288395601026026825459804
id: 121411138451101288395601026026825459804
lower: 121411138451101288395601026024677976156
upper: 210821560651360572675896360671414673172
Result (no wrap): true
2025-05-02 21:40:33 INFO  ChordProtocols:179 - Finger 31 peker n책 til: process4
2025-05-02 21:40:33 INFO  ChordProtocols:173 - Beregner fingerID for finger 32: 121411138451101288395601026028972943452
id: 121411138451101288395601026028972943452
lower: 121411138451101288395601026024677976156
upper: 210821560651360572675896360671414673172
Result (no wrap): true
2025-05-02 21:40:33 INFO  ChordProtocols:179 - Finger 32 peker n책 til: process4
2025-05-02 21:40:33 INFO  ChordProtocols:173 - Beregner fingerID for finger 33: 121411138451101288395601026033267910748
id: 121411138451101288395601026033267910748
lower: 121411138451101288395601026024677976156
upper: 210821560651360572675896360671414673172
Result (no wrap): true
2025-05-02 21:40:33 INFO  ChordProtocols:179 - Finger 33 peker n책 til: process4
2025-05-02 21:40:33 INFO  ChordProtocols:173 - Beregner fingerID for finger 34: 121411138451101288395601026041857845340
id: 121411138451101288395601026041857845340
lower: 121411138451101288395601026024677976156
upper: 210821560651360572675896360671414673172
Result (no wrap): true
2025-05-02 21:40:33 INFO  ChordProtocols:179 - Finger 34 peker n책 til: process4
2025-05-02 21:40:33 INFO  ChordProtocols:173 - Beregner fingerID for finger 35: 121411138451101288395601026059037714524
id: 121411138451101288395601026059037714524
lower: 121411138451101288395601026024677976156
upper: 210821560651360572675896360671414673172
Result (no wrap): true
2025-05-02 21:40:33 INFO  ChordProtocols:179 - Finger 35 peker n책 til: process4
2025-05-02 21:40:33 INFO  ChordProtocols:173 - Beregner fingerID for finger 36: 121411138451101288395601026093397452892
id: 121411138451101288395601026093397452892
lower: 121411138451101288395601026024677976156
upper: 210821560651360572675896360671414673172
Result (no wrap): true
2025-05-02 21:40:33 INFO  ChordProtocols:179 - Finger 36 peker n책 til: process4
2025-05-02 21:40:33 INFO  ChordProtocols:173 - Beregner fingerID for finger 37: 121411138451101288395601026162116929628
id: 121411138451101288395601026162116929628
lower: 121411138451101288395601026024677976156
upper: 210821560651360572675896360671414673172
Result (no wrap): true
2025-05-02 21:40:33 INFO  ChordProtocols:179 - Finger 37 peker n책 til: process4
2025-05-02 21:40:33 INFO  ChordProtocols:173 - Beregner fingerID for finger 38: 121411138451101288395601026299555883100
id: 121411138451101288395601026299555883100
lower: 121411138451101288395601026024677976156
upper: 210821560651360572675896360671414673172
Result (no wrap): true
2025-05-02 21:40:33 INFO  ChordProtocols:179 - Finger 38 peker n책 til: process4
2025-05-02 21:40:33 INFO  ChordProtocols:173 - Beregner fingerID for finger 39: 121411138451101288395601026574433790044
id: 121411138451101288395601026574433790044
lower: 121411138451101288395601026024677976156
upper: 210821560651360572675896360671414673172
Result (no wrap): true
2025-05-02 21:40:33 INFO  ChordProtocols:179 - Finger 39 peker n책 til: process4
2025-05-02 21:40:33 INFO  ChordProtocols:173 - Beregner fingerID for finger 40: 121411138451101288395601027124189603932
id: 121411138451101288395601027124189603932
lower: 121411138451101288395601026024677976156
upper: 210821560651360572675896360671414673172
Result (no wrap): true
2025-05-02 21:40:33 INFO  ChordProtocols:179 - Finger 40 peker n책 til: process4
2025-05-02 21:40:33 INFO  ChordProtocols:173 - Beregner fingerID for finger 41: 121411138451101288395601028223701231708
id: 121411138451101288395601028223701231708
lower: 121411138451101288395601026024677976156
upper: 210821560651360572675896360671414673172
Result (no wrap): true
2025-05-02 21:40:33 INFO  ChordProtocols:179 - Finger 41 peker n책 til: process4
2025-05-02 21:40:33 INFO  ChordProtocols:173 - Beregner fingerID for finger 42: 121411138451101288395601030422724487260
id: 121411138451101288395601030422724487260
lower: 121411138451101288395601026024677976156
upper: 210821560651360572675896360671414673172
Result (no wrap): true
2025-05-02 21:40:33 INFO  ChordProtocols:179 - Finger 42 peker n책 til: process4
2025-05-02 21:40:33 INFO  ChordProtocols:173 - Beregner fingerID for finger 43: 121411138451101288395601034820770998364
id: 121411138451101288395601034820770998364
lower: 121411138451101288395601026024677976156
upper: 210821560651360572675896360671414673172
Result (no wrap): true
2025-05-02 21:40:33 INFO  ChordProtocols:179 - Finger 43 peker n책 til: process4
2025-05-02 21:40:33 INFO  ChordProtocols:173 - Beregner fingerID for finger 44: 121411138451101288395601043616864020572
id: 121411138451101288395601043616864020572
lower: 121411138451101288395601026024677976156
upper: 210821560651360572675896360671414673172
Result (no wrap): true
2025-05-02 21:40:33 INFO  ChordProtocols:179 - Finger 44 peker n책 til: process4
2025-05-02 21:40:33 INFO  ChordProtocols:173 - Beregner fingerID for finger 45: 121411138451101288395601061209050064988
id: 121411138451101288395601061209050064988
lower: 121411138451101288395601026024677976156
upper: 210821560651360572675896360671414673172
Result (no wrap): true
2025-05-02 21:40:33 INFO  ChordProtocols:179 - Finger 45 peker n책 til: process4
2025-05-02 21:40:33 INFO  ChordProtocols:173 - Beregner fingerID for finger 46: 121411138451101288395601096393422153820
id: 121411138451101288395601096393422153820
lower: 121411138451101288395601026024677976156
upper: 210821560651360572675896360671414673172
Result (no wrap): true
2025-05-02 21:40:33 INFO  ChordProtocols:179 - Finger 46 peker n책 til: process4
2025-05-02 21:40:33 INFO  ChordProtocols:173 - Beregner fingerID for finger 47: 121411138451101288395601166762166331484
id: 121411138451101288395601166762166331484
lower: 121411138451101288395601026024677976156
upper: 210821560651360572675896360671414673172
Result (no wrap): true
2025-05-02 21:40:33 INFO  ChordProtocols:179 - Finger 47 peker n책 til: process4
2025-05-02 21:40:33 INFO  ChordProtocols:173 - Beregner fingerID for finger 48: 121411138451101288395601307499654686812
id: 121411138451101288395601307499654686812
lower: 121411138451101288395601026024677976156
upper: 210821560651360572675896360671414673172
Result (no wrap): true
2025-05-02 21:40:33 INFO  ChordProtocols:179 - Finger 48 peker n책 til: process4
2025-05-02 21:40:33 INFO  ChordProtocols:173 - Beregner fingerID for finger 49: 121411138451101288395601588974631397468
id: 121411138451101288395601588974631397468
lower: 121411138451101288395601026024677976156
upper: 210821560651360572675896360671414673172
Result (no wrap): true
2025-05-02 21:40:33 INFO  ChordProtocols:179 - Finger 49 peker n책 til: process4
2025-05-02 21:40:33 INFO  ChordProtocols:173 - Beregner fingerID for finger 50: 121411138451101288395602151924584818780
id: 121411138451101288395602151924584818780
lower: 121411138451101288395601026024677976156
upper: 210821560651360572675896360671414673172
Result (no wrap): true
2025-05-02 21:40:33 INFO  ChordProtocols:179 - Finger 50 peker n책 til: process4
2025-05-02 21:40:33 INFO  ChordProtocols:173 - Beregner fingerID for finger 51: 121411138451101288395603277824491661404
id: 121411138451101288395603277824491661404
lower: 121411138451101288395601026024677976156
upper: 210821560651360572675896360671414673172
Result (no wrap): true
2025-05-02 21:40:33 INFO  ChordProtocols:179 - Finger 51 peker n책 til: process4
2025-05-02 21:40:33 INFO  ChordProtocols:173 - Beregner fingerID for finger 52: 121411138451101288395605529624305346652
id: 121411138451101288395605529624305346652
lower: 121411138451101288395601026024677976156
upper: 210821560651360572675896360671414673172
Result (no wrap): true
2025-05-02 21:40:33 INFO  ChordProtocols:179 - Finger 52 peker n책 til: process4
2025-05-02 21:40:33 INFO  ChordProtocols:173 - Beregner fingerID for finger 53: 121411138451101288395610033223932717148
id: 121411138451101288395610033223932717148
lower: 121411138451101288395601026024677976156
upper: 210821560651360572675896360671414673172
Result (no wrap): true
2025-05-02 21:40:33 INFO  ChordProtocols:179 - Finger 53 peker n책 til: process4
2025-05-02 21:40:33 INFO  ChordProtocols:173 - Beregner fingerID for finger 54: 121411138451101288395619040423187458140
id: 121411138451101288395619040423187458140
lower: 121411138451101288395601026024677976156
upper: 210821560651360572675896360671414673172
Result (no wrap): true
2025-05-02 21:40:33 INFO  ChordProtocols:179 - Finger 54 peker n책 til: process4
2025-05-02 21:40:33 INFO  ChordProtocols:173 - Beregner fingerID for finger 55: 121411138451101288395637054821696940124
id: 121411138451101288395637054821696940124
lower: 121411138451101288395601026024677976156
upper: 210821560651360572675896360671414673172
Result (no wrap): true
2025-05-02 21:40:33 INFO  ChordProtocols:179 - Finger 55 peker n책 til: process4
2025-05-02 21:40:33 INFO  ChordProtocols:173 - Beregner fingerID for finger 56: 121411138451101288395673083618715904092
id: 121411138451101288395673083618715904092
lower: 121411138451101288395601026024677976156
upper: 210821560651360572675896360671414673172
Result (no wrap): true
2025-05-02 21:40:33 INFO  ChordProtocols:179 - Finger 56 peker n책 til: process4
2025-05-02 21:40:33 INFO  ChordProtocols:173 - Beregner fingerID for finger 57: 121411138451101288395745141212753832028
id: 121411138451101288395745141212753832028
lower: 121411138451101288395601026024677976156
upper: 210821560651360572675896360671414673172
Result (no wrap): true
2025-05-02 21:40:33 INFO  ChordProtocols:179 - Finger 57 peker n책 til: process4
2025-05-02 21:40:33 INFO  ChordProtocols:173 - Beregner fingerID for finger 58: 121411138451101288395889256400829687900
id: 121411138451101288395889256400829687900
lower: 121411138451101288395601026024677976156
upper: 210821560651360572675896360671414673172
Result (no wrap): true
2025-05-02 21:40:33 INFO  ChordProtocols:179 - Finger 58 peker n책 til: process4
2025-05-02 21:40:33 INFO  ChordProtocols:173 - Beregner fingerID for finger 59: 121411138451101288396177486776981399644
id: 121411138451101288396177486776981399644
lower: 121411138451101288395601026024677976156
upper: 210821560651360572675896360671414673172
Result (no wrap): true
2025-05-02 21:40:33 INFO  ChordProtocols:179 - Finger 59 peker n책 til: process4
2025-05-02 21:40:33 INFO  ChordProtocols:173 - Beregner fingerID for finger 60: 121411138451101288396753947529284823132
id: 121411138451101288396753947529284823132
lower: 121411138451101288395601026024677976156
upper: 210821560651360572675896360671414673172
Result (no wrap): true
2025-05-02 21:40:33 INFO  ChordProtocols:179 - Finger 60 peker n책 til: process4
2025-05-02 21:40:33 INFO  ChordProtocols:173 - Beregner fingerID for finger 61: 121411138451101288397906869033891670108
id: 121411138451101288397906869033891670108
lower: 121411138451101288395601026024677976156
upper: 210821560651360572675896360671414673172
Result (no wrap): true
2025-05-02 21:40:33 INFO  ChordProtocols:179 - Finger 61 peker n책 til: process4
2025-05-02 21:40:33 INFO  ChordProtocols:173 - Beregner fingerID for finger 62: 121411138451101288400212712043105364060
id: 121411138451101288400212712043105364060
lower: 121411138451101288395601026024677976156
upper: 210821560651360572675896360671414673172
Result (no wrap): true
2025-05-02 21:40:33 INFO  ChordProtocols:179 - Finger 62 peker n책 til: process4
2025-05-02 21:40:33 INFO  ChordProtocols:173 - Beregner fingerID for finger 63: 121411138451101288404824398061532751964
id: 121411138451101288404824398061532751964
lower: 121411138451101288395601026024677976156
upper: 210821560651360572675896360671414673172
Result (no wrap): true
2025-05-02 21:40:33 INFO  ChordProtocols:179 - Finger 63 peker n책 til: process4
2025-05-02 21:40:33 INFO  ChordProtocols:173 - Beregner fingerID for finger 64: 121411138451101288414047770098387527772
id: 121411138451101288414047770098387527772
lower: 121411138451101288395601026024677976156
upper: 210821560651360572675896360671414673172
Result (no wrap): true
2025-05-02 21:40:33 INFO  ChordProtocols:179 - Finger 64 peker n책 til: process4
2025-05-02 21:40:33 INFO  ChordProtocols:173 - Beregner fingerID for finger 65: 121411138451101288432494514172097079388
id: 121411138451101288432494514172097079388
lower: 121411138451101288395601026024677976156
upper: 210821560651360572675896360671414673172
Result (no wrap): true
2025-05-02 21:40:33 INFO  ChordProtocols:179 - Finger 65 peker n책 til: process4
2025-05-02 21:40:33 INFO  ChordProtocols:173 - Beregner fingerID for finger 66: 121411138451101288469388002319516182620
id: 121411138451101288469388002319516182620
lower: 121411138451101288395601026024677976156
upper: 210821560651360572675896360671414673172
Result (no wrap): true
2025-05-02 21:40:33 INFO  ChordProtocols:179 - Finger 66 peker n책 til: process4
2025-05-02 21:40:33 INFO  ChordProtocols:173 - Beregner fingerID for finger 67: 121411138451101288543174978614354389084
id: 121411138451101288543174978614354389084
lower: 121411138451101288395601026024677976156
upper: 210821560651360572675896360671414673172
Result (no wrap): true
2025-05-02 21:40:33 INFO  ChordProtocols:179 - Finger 67 peker n책 til: process4
2025-05-02 21:40:33 INFO  ChordProtocols:173 - Beregner fingerID for finger 68: 121411138451101288690748931204030802012
id: 121411138451101288690748931204030802012
lower: 121411138451101288395601026024677976156
upper: 210821560651360572675896360671414673172
Result (no wrap): true
2025-05-02 21:40:33 INFO  ChordProtocols:179 - Finger 68 peker n책 til: process4
2025-05-02 21:40:33 INFO  ChordProtocols:173 - Beregner fingerID for finger 69: 121411138451101288985896836383383627868
id: 121411138451101288985896836383383627868
lower: 121411138451101288395601026024677976156
upper: 210821560651360572675896360671414673172
Result (no wrap): true
2025-05-02 21:40:33 INFO  ChordProtocols:179 - Finger 69 peker n책 til: process4
2025-05-02 21:40:33 INFO  ChordProtocols:173 - Beregner fingerID for finger 70: 121411138451101289576192646742089279580
id: 121411138451101289576192646742089279580
lower: 121411138451101288395601026024677976156
upper: 210821560651360572675896360671414673172
Result (no wrap): true
2025-05-02 21:40:33 INFO  ChordProtocols:179 - Finger 70 peker n책 til: process4
2025-05-02 21:40:33 INFO  ChordProtocols:173 - Beregner fingerID for finger 71: 121411138451101290756784267459500583004
id: 121411138451101290756784267459500583004
lower: 121411138451101288395601026024677976156
upper: 210821560651360572675896360671414673172
Result (no wrap): true
2025-05-02 21:40:33 INFO  ChordProtocols:179 - Finger 71 peker n책 til: process4
2025-05-02 21:40:33 INFO  ChordProtocols:173 - Beregner fingerID for finger 72: 121411138451101293117967508894323189852
id: 121411138451101293117967508894323189852
lower: 121411138451101288395601026024677976156
upper: 210821560651360572675896360671414673172
Result (no wrap): true
2025-05-02 21:40:33 INFO  ChordProtocols:179 - Finger 72 peker n책 til: process4
2025-05-02 21:40:33 INFO  ChordProtocols:173 - Beregner fingerID for finger 73: 121411138451101297840333991763968403548
id: 121411138451101297840333991763968403548
lower: 121411138451101288395601026024677976156
upper: 210821560651360572675896360671414673172
Result (no wrap): true
2025-05-02 21:40:33 INFO  ChordProtocols:179 - Finger 73 peker n책 til: process4
2025-05-02 21:40:33 INFO  ChordProtocols:173 - Beregner fingerID for finger 74: 121411138451101307285066957503258830940
id: 121411138451101307285066957503258830940
lower: 121411138451101288395601026024677976156
upper: 210821560651360572675896360671414673172
Result (no wrap): true
2025-05-02 21:40:33 INFO  ChordProtocols:179 - Finger 74 peker n책 til: process4
2025-05-02 21:40:33 INFO  ChordProtocols:173 - Beregner fingerID for finger 75: 121411138451101326174532888981839685724
id: 121411138451101326174532888981839685724
lower: 121411138451101288395601026024677976156
upper: 210821560651360572675896360671414673172
Result (no wrap): true
2025-05-02 21:40:33 INFO  ChordProtocols:179 - Finger 75 peker n책 til: process4
2025-05-02 21:40:33 INFO  ChordProtocols:173 - Beregner fingerID for finger 76: 121411138451101363953464751939001395292
id: 121411138451101363953464751939001395292
lower: 121411138451101288395601026024677976156
upper: 210821560651360572675896360671414673172
Result (no wrap): true
2025-05-02 21:40:33 INFO  ChordProtocols:179 - Finger 76 peker n책 til: process4
2025-05-02 21:40:33 INFO  ChordProtocols:173 - Beregner fingerID for finger 77: 121411138451101439511328477853324814428
id: 121411138451101439511328477853324814428
lower: 121411138451101288395601026024677976156
upper: 210821560651360572675896360671414673172
Result (no wrap): true
2025-05-02 21:40:33 INFO  ChordProtocols:179 - Finger 77 peker n책 til: process4
2025-05-02 21:40:33 INFO  ChordProtocols:173 - Beregner fingerID for finger 78: 121411138451101590627055929681971652700
id: 121411138451101590627055929681971652700
lower: 121411138451101288395601026024677976156
upper: 210821560651360572675896360671414673172
Result (no wrap): true
2025-05-02 21:40:33 INFO  ChordProtocols:179 - Finger 78 peker n책 til: process4
2025-05-02 21:40:33 INFO  ChordProtocols:173 - Beregner fingerID for finger 79: 121411138451101892858510833339265329244
id: 121411138451101892858510833339265329244
lower: 121411138451101288395601026024677976156
upper: 210821560651360572675896360671414673172
Result (no wrap): true
2025-05-02 21:40:33 INFO  ChordProtocols:179 - Finger 79 peker n책 til: process4
2025-05-02 21:40:33 INFO  ChordProtocols:173 - Beregner fingerID for finger 80: 121411138451102497321420640653852682332
id: 121411138451102497321420640653852682332
lower: 121411138451101288395601026024677976156
upper: 210821560651360572675896360671414673172
Result (no wrap): true
2025-05-02 21:40:33 INFO  ChordProtocols:179 - Finger 80 peker n책 til: process4
2025-05-02 21:40:33 INFO  ChordProtocols:173 - Beregner fingerID for finger 81: 121411138451103706247240255283027388508
id: 121411138451103706247240255283027388508
lower: 121411138451101288395601026024677976156
upper: 210821560651360572675896360671414673172
Result (no wrap): true
2025-05-02 21:40:33 INFO  ChordProtocols:179 - Finger 81 peker n책 til: process4
2025-05-02 21:40:33 INFO  ChordProtocols:173 - Beregner fingerID for finger 82: 121411138451106124098879484541376800860
id: 121411138451106124098879484541376800860
lower: 121411138451101288395601026024677976156
upper: 210821560651360572675896360671414673172
Result (no wrap): true
2025-05-02 21:40:33 INFO  ChordProtocols:179 - Finger 82 peker n책 til: process4
2025-05-02 21:40:33 INFO  ChordProtocols:173 - Beregner fingerID for finger 83: 121411138451110959802157943058075625564
id: 121411138451110959802157943058075625564
lower: 121411138451101288395601026024677976156
upper: 210821560651360572675896360671414673172
Result (no wrap): true
2025-05-02 21:40:33 INFO  ChordProtocols:179 - Finger 83 peker n책 til: process4
2025-05-02 21:40:33 INFO  ChordProtocols:173 - Beregner fingerID for finger 84: 121411138451120631208714860091473274972
id: 121411138451120631208714860091473274972
lower: 121411138451101288395601026024677976156
upper: 210821560651360572675896360671414673172
Result (no wrap): true
2025-05-02 21:40:33 INFO  ChordProtocols:179 - Finger 84 peker n책 til: process4
2025-05-02 21:40:33 INFO  ChordProtocols:173 - Beregner fingerID for finger 85: 121411138451139974021828694158268573788
id: 121411138451139974021828694158268573788
lower: 121411138451101288395601026024677976156
upper: 210821560651360572675896360671414673172
Result (no wrap): true
2025-05-02 21:40:33 INFO  ChordProtocols:179 - Finger 85 peker n책 til: process4
2025-05-02 21:40:33 INFO  ChordProtocols:173 - Beregner fingerID for finger 86: 121411138451178659648056362291859171420
id: 121411138451178659648056362291859171420
lower: 121411138451101288395601026024677976156
upper: 210821560651360572675896360671414673172
Result (no wrap): true
2025-05-02 21:40:33 INFO  ChordProtocols:179 - Finger 86 peker n책 til: process4
2025-05-02 21:40:33 INFO  ChordProtocols:173 - Beregner fingerID for finger 87: 121411138451256030900511698559040366684
id: 121411138451256030900511698559040366684
lower: 121411138451101288395601026024677976156
upper: 210821560651360572675896360671414673172
Result (no wrap): true
2025-05-02 21:40:33 INFO  ChordProtocols:179 - Finger 87 peker n책 til: process4
2025-05-02 21:40:33 INFO  ChordProtocols:173 - Beregner fingerID for finger 88: 121411138451410773405422371093402757212
id: 121411138451410773405422371093402757212
lower: 121411138451101288395601026024677976156
upper: 210821560651360572675896360671414673172
Result (no wrap): true
2025-05-02 21:40:33 INFO  ChordProtocols:179 - Finger 88 peker n책 til: process4
2025-05-02 21:40:33 INFO  ChordProtocols:173 - Beregner fingerID for finger 89: 121411138451720258415243716162127538268
id: 121411138451720258415243716162127538268
lower: 121411138451101288395601026024677976156
upper: 210821560651360572675896360671414673172
Result (no wrap): true
2025-05-02 21:40:33 INFO  ChordProtocols:179 - Finger 89 peker n책 til: process4
2025-05-02 21:40:33 INFO  ChordProtocols:173 - Beregner fingerID for finger 90: 121411138452339228434886406299577100380
id: 121411138452339228434886406299577100380
lower: 121411138451101288395601026024677976156
upper: 210821560651360572675896360671414673172
Result (no wrap): true
2025-05-02 21:40:33 INFO  ChordProtocols:179 - Finger 90 peker n책 til: process4
2025-05-02 21:40:33 INFO  ChordProtocols:173 - Beregner fingerID for finger 91: 121411138453577168474171786574476224604
id: 121411138453577168474171786574476224604
lower: 121411138451101288395601026024677976156
upper: 210821560651360572675896360671414673172
Result (no wrap): true
2025-05-02 21:40:33 INFO  ChordProtocols:179 - Finger 91 peker n책 til: process4
2025-05-02 21:40:33 INFO  ChordProtocols:173 - Beregner fingerID for finger 92: 121411138456053048552742547124274473052
id: 121411138456053048552742547124274473052
lower: 121411138451101288395601026024677976156
upper: 210821560651360572675896360671414673172
Result (no wrap): true
2025-05-02 21:40:33 INFO  ChordProtocols:179 - Finger 92 peker n책 til: process4
2025-05-02 21:40:33 INFO  ChordProtocols:173 - Beregner fingerID for finger 93: 121411138461004808709884068223870969948
id: 121411138461004808709884068223870969948
lower: 121411138451101288395601026024677976156
upper: 210821560651360572675896360671414673172
Result (no wrap): true
2025-05-02 21:40:33 INFO  ChordProtocols:179 - Finger 93 peker n책 til: process4
2025-05-02 21:40:33 INFO  ChordProtocols:173 - Beregner fingerID for finger 94: 121411138470908329024167110423063963740
id: 121411138470908329024167110423063963740
lower: 121411138451101288395601026024677976156
upper: 210821560651360572675896360671414673172
Result (no wrap): true
2025-05-02 21:40:33 INFO  ChordProtocols:179 - Finger 94 peker n책 til: process4
2025-05-02 21:40:33 INFO  ChordProtocols:173 - Beregner fingerID for finger 95: 121411138490715369652733194821449951324
id: 121411138490715369652733194821449951324
lower: 121411138451101288395601026024677976156
upper: 210821560651360572675896360671414673172
Result (no wrap): true
2025-05-02 21:40:33 INFO  ChordProtocols:179 - Finger 95 peker n책 til: process4
2025-05-02 21:40:33 INFO  ChordProtocols:173 - Beregner fingerID for finger 96: 121411138530329450909865363618221926492
id: 121411138530329450909865363618221926492
lower: 121411138451101288395601026024677976156
upper: 210821560651360572675896360671414673172
Result (no wrap): true
2025-05-02 21:40:33 INFO  ChordProtocols:179 - Finger 96 peker n책 til: process4
2025-05-02 21:40:33 INFO  ChordProtocols:173 - Beregner fingerID for finger 97: 121411138609557613424129701211765876828
id: 121411138609557613424129701211765876828
lower: 121411138451101288395601026024677976156
upper: 210821560651360572675896360671414673172
Result (no wrap): true
2025-05-02 21:40:33 INFO  ChordProtocols:179 - Finger 97 peker n책 til: process4
2025-05-02 21:40:33 INFO  ChordProtocols:173 - Beregner fingerID for finger 98: 121411138768013938452658376398853777500
id: 121411138768013938452658376398853777500
lower: 121411138451101288395601026024677976156
upper: 210821560651360572675896360671414673172
Result (no wrap): true
2025-05-02 21:40:33 INFO  ChordProtocols:179 - Finger 98 peker n책 til: process4
2025-05-02 21:40:33 INFO  ChordProtocols:173 - Beregner fingerID for finger 99: 121411139084926588509715726773029578844
id: 121411139084926588509715726773029578844
lower: 121411138451101288395601026024677976156
upper: 210821560651360572675896360671414673172
Result (no wrap): true
2025-05-02 21:40:33 INFO  ChordProtocols:179 - Finger 99 peker n책 til: process4
2025-05-02 21:40:33 INFO  ChordProtocols:173 - Beregner fingerID for finger 100: 121411139718751888623830427521381181532
id: 121411139718751888623830427521381181532
lower: 121411138451101288395601026024677976156
upper: 210821560651360572675896360671414673172
Result (no wrap): true
2025-05-02 21:40:33 INFO  ChordProtocols:179 - Finger 100 peker n책 til: process4
2025-05-02 21:40:33 INFO  ChordProtocols:173 - Beregner fingerID for finger 101: 121411140986402488852059829018084386908
id: 121411140986402488852059829018084386908
lower: 121411138451101288395601026024677976156
upper: 210821560651360572675896360671414673172
Result (no wrap): true
2025-05-02 21:40:33 INFO  ChordProtocols:179 - Finger 101 peker n책 til: process4
2025-05-02 21:40:33 INFO  ChordProtocols:173 - Beregner fingerID for finger 102: 121411143521703689308518632011490797660
id: 121411143521703689308518632011490797660
lower: 121411138451101288395601026024677976156
upper: 210821560651360572675896360671414673172
Result (no wrap): true
2025-05-02 21:40:33 INFO  ChordProtocols:179 - Finger 102 peker n책 til: process4
2025-05-02 21:40:33 INFO  ChordProtocols:173 - Beregner fingerID for finger 103: 121411148592306090221436237998303619164
id: 121411148592306090221436237998303619164
lower: 121411138451101288395601026024677976156
upper: 210821560651360572675896360671414673172
Result (no wrap): true
2025-05-02 21:40:33 INFO  ChordProtocols:179 - Finger 103 peker n책 til: process4
2025-05-02 21:40:33 INFO  ChordProtocols:173 - Beregner fingerID for finger 104: 121411158733510892047271449971929262172
id: 121411158733510892047271449971929262172
lower: 121411138451101288395601026024677976156
upper: 210821560651360572675896360671414673172
Result (no wrap): true
2025-05-02 21:40:33 INFO  ChordProtocols:179 - Finger 104 peker n책 til: process4
2025-05-02 21:40:33 INFO  ChordProtocols:173 - Beregner fingerID for finger 105: 121411179015920495698941873919180548188
id: 121411179015920495698941873919180548188
lower: 121411138451101288395601026024677976156
upper: 210821560651360572675896360671414673172
Result (no wrap): true
2025-05-02 21:40:33 INFO  ChordProtocols:179 - Finger 105 peker n책 til: process4
2025-05-02 21:40:33 INFO  ChordProtocols:173 - Beregner fingerID for finger 106: 121411219580739703002282721813683120220
id: 121411219580739703002282721813683120220
lower: 121411138451101288395601026024677976156
upper: 210821560651360572675896360671414673172
Result (no wrap): true
2025-05-02 21:40:33 INFO  ChordProtocols:179 - Finger 106 peker n책 til: process4
2025-05-02 21:40:33 INFO  ChordProtocols:173 - Beregner fingerID for finger 107: 121411300710378117608964417602688264284
id: 121411300710378117608964417602688264284
lower: 121411138451101288395601026024677976156
upper: 210821560651360572675896360671414673172
Result (no wrap): true
2025-05-02 21:40:33 INFO  ChordProtocols:179 - Finger 107 peker n책 til: process4
2025-05-02 21:40:33 INFO  ChordProtocols:173 - Beregner fingerID for finger 108: 121411462969654946822327809180698552412
id: 121411462969654946822327809180698552412
lower: 121411138451101288395601026024677976156
upper: 210821560651360572675896360671414673172
Result (no wrap): true
2025-05-02 21:40:33 INFO  ChordProtocols:179 - Finger 108 peker n책 til: process4
2025-05-02 21:40:33 INFO  ChordProtocols:173 - Beregner fingerID for finger 109: 121411787488208605249054592336719128668
id: 121411787488208605249054592336719128668
lower: 121411138451101288395601026024677976156
upper: 210821560651360572675896360671414673172
Result (no wrap): true
2025-05-02 21:40:33 INFO  ChordProtocols:179 - Finger 109 peker n책 til: process4
2025-05-02 21:40:33 INFO  ChordProtocols:173 - Beregner fingerID for finger 110: 121412436525315922102508158648760281180
id: 121412436525315922102508158648760281180
lower: 121411138451101288395601026024677976156
upper: 210821560651360572675896360671414673172
Result (no wrap): true
2025-05-02 21:40:33 INFO  ChordProtocols:179 - Finger 110 peker n책 til: process4
2025-05-02 21:40:33 INFO  ChordProtocols:173 - Beregner fingerID for finger 111: 121413734599530555809415291272842586204
id: 121413734599530555809415291272842586204
lower: 121411138451101288395601026024677976156
upper: 210821560651360572675896360671414673172
Result (no wrap): true
2025-05-02 21:40:33 INFO  ChordProtocols:179 - Finger 111 peker n책 til: process4
2025-05-02 21:40:33 INFO  ChordProtocols:173 - Beregner fingerID for finger 112: 121416330747959823223229556521007196252
id: 121416330747959823223229556521007196252
lower: 121411138451101288395601026024677976156
upper: 210821560651360572675896360671414673172
Result (no wrap): true
2025-05-02 21:40:33 INFO  ChordProtocols:179 - Finger 112 peker n책 til: process4
2025-05-02 21:40:33 INFO  ChordProtocols:173 - Beregner fingerID for finger 113: 121421523044818358050858087017336416348
id: 121421523044818358050858087017336416348
lower: 121411138451101288395601026024677976156
upper: 210821560651360572675896360671414673172
Result (no wrap): true
2025-05-02 21:40:33 INFO  ChordProtocols:179 - Finger 113 peker n책 til: process4
2025-05-02 21:40:33 INFO  ChordProtocols:173 - Beregner fingerID for finger 114: 121431907638535427706115148009994856540
id: 121431907638535427706115148009994856540
lower: 121411138451101288395601026024677976156
upper: 210821560651360572675896360671414673172
Result (no wrap): true
2025-05-02 21:40:33 INFO  ChordProtocols:179 - Finger 114 peker n책 til: process4
2025-05-02 21:40:33 INFO  ChordProtocols:173 - Beregner fingerID for finger 115: 121452676825969567016629269995311736924
id: 121452676825969567016629269995311736924
lower: 121411138451101288395601026024677976156
upper: 210821560651360572675896360671414673172
Result (no wrap): true
2025-05-02 21:40:33 INFO  ChordProtocols:179 - Finger 115 peker n책 til: process4
2025-05-02 21:40:33 INFO  ChordProtocols:173 - Beregner fingerID for finger 116: 121494215200837845637657513965945497692
id: 121494215200837845637657513965945497692
lower: 121411138451101288395601026024677976156
upper: 210821560651360572675896360671414673172
Result (no wrap): true
2025-05-02 21:40:33 INFO  ChordProtocols:179 - Finger 116 peker n책 til: process4
2025-05-02 21:40:33 INFO  ChordProtocols:173 - Beregner fingerID for finger 117: 121577291950574402879714001907213019228
id: 121577291950574402879714001907213019228
lower: 121411138451101288395601026024677976156
upper: 210821560651360572675896360671414673172
Result (no wrap): true
2025-05-02 21:40:33 INFO  ChordProtocols:179 - Finger 117 peker n책 til: process4
2025-05-02 21:40:33 INFO  ChordProtocols:173 - Beregner fingerID for finger 118: 121743445450047517363826977789748062300
id: 121743445450047517363826977789748062300
lower: 121411138451101288395601026024677976156
upper: 210821560651360572675896360671414673172
Result (no wrap): true
2025-05-02 21:40:33 INFO  ChordProtocols:179 - Finger 118 peker n책 til: process4
2025-05-02 21:40:33 INFO  ChordProtocols:173 - Beregner fingerID for finger 119: 122075752448993746332052929554818148444
id: 122075752448993746332052929554818148444
lower: 121411138451101288395601026024677976156
upper: 210821560651360572675896360671414673172
Result (no wrap): true
2025-05-02 21:40:33 INFO  ChordProtocols:179 - Finger 119 peker n책 til: process4
2025-05-02 21:40:33 INFO  ChordProtocols:173 - Beregner fingerID for finger 120: 122740366446886204268504833084958320732
id: 122740366446886204268504833084958320732
lower: 121411138451101288395601026024677976156
upper: 210821560651360572675896360671414673172
Result (no wrap): true
2025-05-02 21:40:33 INFO  ChordProtocols:179 - Finger 120 peker n책 til: process4
2025-05-02 21:40:33 INFO  ChordProtocols:173 - Beregner fingerID for finger 121: 124069594442671120141408640145238665308
id: 124069594442671120141408640145238665308
lower: 121411138451101288395601026024677976156
upper: 210821560651360572675896360671414673172
Result (no wrap): true
2025-05-02 21:40:33 INFO  ChordProtocols:179 - Finger 121 peker n책 til: process4
2025-05-02 21:40:33 INFO  ChordProtocols:173 - Beregner fingerID for finger 122: 126728050434240951887216254265799354460
id: 126728050434240951887216254265799354460
lower: 121411138451101288395601026024677976156
upper: 210821560651360572675896360671414673172
Result (no wrap): true
2025-05-02 21:40:33 INFO  ChordProtocols:179 - Finger 122 peker n책 til: process4
2025-05-02 21:40:33 INFO  ChordProtocols:173 - Beregner fingerID for finger 123: 132044962417380615378831482506920732764
id: 132044962417380615378831482506920732764
lower: 121411138451101288395601026024677976156
upper: 210821560651360572675896360671414673172
Result (no wrap): true
2025-05-02 21:40:33 INFO  ChordProtocols:179 - Finger 123 peker n책 til: process4
2025-05-02 21:40:33 INFO  ChordProtocols:173 - Beregner fingerID for finger 124: 142678786383659942362061938989163489372
id: 142678786383659942362061938989163489372
lower: 121411138451101288395601026024677976156
upper: 210821560651360572675896360671414673172
Result (no wrap): true
2025-05-02 21:40:33 INFO  ChordProtocols:179 - Finger 124 peker n책 til: process4
2025-05-02 21:40:33 INFO  ChordProtocols:173 - Beregner fingerID for finger 125: 163946434316218596328522851953649002588
id: 163946434316218596328522851953649002588
lower: 121411138451101288395601026024677976156
upper: 210821560651360572675896360671414673172
Result (no wrap): true
2025-05-02 21:40:33 INFO  ChordProtocols:179 - Finger 125 peker n책 til: process4
2025-05-02 21:40:33 INFO  ChordProtocols:173 - Beregner fingerID for finger 126: 206481730181335904261444677882620029020
id: 206481730181335904261444677882620029020
lower: 121411138451101288395601026024677976156
upper: 210821560651360572675896360671414673172
Result (no wrap): true
2025-05-02 21:40:33 INFO  ChordProtocols:179 - Finger 126 peker n책 til: process4
2025-05-02 21:40:33 INFO  ChordProtocols:173 - Beregner fingerID for finger 127: 291552321911570520127288329740562081884
id: 291552321911570520127288329740562081884
lower: 121411138451101288395601026024677976156
upper: 210821560651360572675896360671414673172
Result (no wrap): false
id: 210821560651360572675896360671414673172
lower: 121411138451101288395601026024677976156
upper: 291552321911570520127288329740562081884
Result (no wrap): true
id: 291552321911570520127288329740562081884
lower: 210821560651360572675896360671414673172
upper: 15618062003214643351512781541041391612
Result (wrap): true
2025-05-02 21:40:33 INFO  ChordProtocols:179 - Finger 127 peker n책 til: process2
2025-05-02 21:40:33 INFO  StabilizationProtocols:60 - Checking the predecessor for Node: process5
==================================
Node Identifier = 121411138451101288395601026024677976156
Node IP address = process5
successor(process5) = process4
predecessor(process5) = process3
Current File keys for process5 => []
==================================
2025-05-02 21:40:34 INFO  FileManager:256 - filename=file1 size=0,121
id: 73806995735690189889297542544385123161
lower: 53937554629190552131995290006614509577
upper: 66910184482037901621933403444034052414
Result (no wrap): false
id: 15618062003214643351512781541041391612
lower: 53937554629190552131995290006614509577
upper: 73806995735690189889297542544385123161
Result (no wrap): false
id: 210821560651360572675896360671414673172
lower: 53937554629190552131995290006614509577
upper: 73806995735690189889297542544385123161
Result (no wrap): false
id: 121411138451101288395601026024677976156
lower: 53937554629190552131995290006614509577
upper: 73806995735690189889297542544385123161
Result (no wrap): false
id: 121411138451101288395601026024677976156
lower: 53937554629190552131995290006614509577
upper: 73806995735690189889297542544385123161
Result (no wrap): false
id: 66910184482037901621933403444034052414
lower: 53937554629190552131995290006614509577
upper: 73806995735690189889297542544385123161
Result (no wrap): true
id: 73806995735690189889297542544385123161
lower: 66910184482037901621933403444034052414
upper: 121411138451101288395601026024677976156
Result (no wrap): true
id: 22851974182570490653634187770374799407
lower: 53937554629190552131995290006614509577
upper: 66910184482037901621933403444034052414
Result (no wrap): false
id: 15618062003214643351512781541041391612
lower: 53937554629190552131995290006614509577
upper: 22851974182570490653634187770374799407
Result (wrap): true
id: 22851974182570490653634187770374799407
lower: 15618062003214643351512781541041391612
upper: 53937554629190552131995290006614509577
Result (no wrap): true
id: 140065589670395970233963560630295105848
lower: 53937554629190552131995290006614509577
upper: 66910184482037901621933403444034052414
Result (no wrap): false
id: 15618062003214643351512781541041391612
lower: 53937554629190552131995290006614509577
upper: 140065589670395970233963560630295105848
Result (no wrap): false
id: 210821560651360572675896360671414673172
lower: 53937554629190552131995290006614509577
upper: 140065589670395970233963560630295105848
Result (no wrap): false
id: 121411138451101288395601026024677976156
lower: 53937554629190552131995290006614509577
upper: 140065589670395970233963560630295105848
Result (no wrap): true
id: 140065589670395970233963560630295105848
lower: 121411138451101288395601026024677976156
upper: 210821560651360572675896360671414673172
Result (no wrap): true
id: 13988058880685873568223126745537177142
lower: 53937554629190552131995290006614509577
upper: 66910184482037901621933403444034052414
Result (no wrap): false
id: 15618062003214643351512781541041391612
lower: 53937554629190552131995290006614509577
upper: 13988058880685873568223126745537177142
Result (wrap): false
id: 210821560651360572675896360671414673172
lower: 53937554629190552131995290006614509577
upper: 13988058880685873568223126745537177142
Result (wrap): true
id: 13988058880685873568223126745537177142
lower: 210821560651360572675896360671414673172
upper: 15618062003214643351512781541041391612
Result (wrap): true
2025-05-02 21:40:34 INFO  FileManager:256 - filename=file2 size=0,113
id: 127615430233524719490345743798572761786
lower: 53937554629190552131995290006614509577
upper: 66910184482037901621933403444034052414
Result (no wrap): false
id: 15618062003214643351512781541041391612
lower: 53937554629190552131995290006614509577
upper: 127615430233524719490345743798572761786
Result (no wrap): false
id: 210821560651360572675896360671414673172
lower: 53937554629190552131995290006614509577
upper: 127615430233524719490345743798572761786
Result (no wrap): false
id: 121411138451101288395601026024677976156
lower: 53937554629190552131995290006614509577
upper: 127615430233524719490345743798572761786
Result (no wrap): true
id: 127615430233524719490345743798572761786
lower: 121411138451101288395601026024677976156
upper: 210821560651360572675896360671414673172
Result (no wrap): true
id: 136541484142652779330200457892076216958
lower: 53937554629190552131995290006614509577
upper: 66910184482037901621933403444034052414
Result (no wrap): false
id: 15618062003214643351512781541041391612
lower: 53937554629190552131995290006614509577
upper: 136541484142652779330200457892076216958
Result (no wrap): false
id: 210821560651360572675896360671414673172
lower: 53937554629190552131995290006614509577
upper: 136541484142652779330200457892076216958
Result (no wrap): false
id: 121411138451101288395601026024677976156
lower: 53937554629190552131995290006614509577
upper: 136541484142652779330200457892076216958
Result (no wrap): true
id: 136541484142652779330200457892076216958
lower: 121411138451101288395601026024677976156
upper: 210821560651360572675896360671414673172
Result (no wrap): true
id: 66481538825926898419352978747807121875
lower: 53937554629190552131995290006614509577
upper: 66910184482037901621933403444034052414
Result (no wrap): true
id: 305513342937436802305366564249075562188
lower: 53937554629190552131995290006614509577
upper: 66910184482037901621933403444034052414
Result (no wrap): false
id: 15618062003214643351512781541041391612
lower: 53937554629190552131995290006614509577
upper: 305513342937436802305366564249075562188
Result (no wrap): false
id: 210821560651360572675896360671414673172
lower: 53937554629190552131995290006614509577
upper: 305513342937436802305366564249075562188
Result (no wrap): true
id: 305513342937436802305366564249075562188
lower: 210821560651360572675896360671414673172
upper: 15618062003214643351512781541041391612
Result (wrap): true
2025-05-02 21:40:34 INFO  FileManager:256 - filename=file3 size=0,113
id: 8256520967608282605234844990226290265
lower: 53937554629190552131995290006614509577
upper: 66910184482037901621933403444034052414
Result (no wrap): false
id: 15618062003214643351512781541041391612
lower: 53937554629190552131995290006614509577
upper: 8256520967608282605234844990226290265
Result (wrap): false
id: 210821560651360572675896360671414673172
lower: 53937554629190552131995290006614509577
upper: 8256520967608282605234844990226290265
Result (wrap): true
id: 8256520967608282605234844990226290265
lower: 210821560651360572675896360671414673172
upper: 15618062003214643351512781541041391612
Result (wrap): true
id: 83550242532527638904138483233262313637
lower: 53937554629190552131995290006614509577
upper: 66910184482037901621933403444034052414
Result (no wrap): false
id: 15618062003214643351512781541041391612
lower: 53937554629190552131995290006614509577
upper: 83550242532527638904138483233262313637
Result (no wrap): false
id: 210821560651360572675896360671414673172
lower: 53937554629190552131995290006614509577
upper: 83550242532527638904138483233262313637
Result (no wrap): false
id: 121411138451101288395601026024677976156
lower: 53937554629190552131995290006614509577
upper: 83550242532527638904138483233262313637
Result (no wrap): false
id: 121411138451101288395601026024677976156
lower: 53937554629190552131995290006614509577
upper: 83550242532527638904138483233262313637
Result (no wrap): false
id: 66910184482037901621933403444034052414
lower: 53937554629190552131995290006614509577
upper: 83550242532527638904138483233262313637
Result (no wrap): true
id: 83550242532527638904138483233262313637
lower: 66910184482037901621933403444034052414
upper: 121411138451101288395601026024677976156
Result (no wrap): true
id: 179241403734895214076219526399432130488
lower: 53937554629190552131995290006614509577
upper: 66910184482037901621933403444034052414
Result (no wrap): false
id: 15618062003214643351512781541041391612
lower: 53937554629190552131995290006614509577
upper: 179241403734895214076219526399432130488
Result (no wrap): false
id: 210821560651360572675896360671414673172
lower: 53937554629190552131995290006614509577
upper: 179241403734895214076219526399432130488
Result (no wrap): false
id: 121411138451101288395601026024677976156
lower: 53937554629190552131995290006614509577
upper: 179241403734895214076219526399432130488
Result (no wrap): true
id: 179241403734895214076219526399432130488
lower: 121411138451101288395601026024677976156
upper: 210821560651360572675896360671414673172
Result (no wrap): true
id: 149037318589456997023767356092491379363
lower: 53937554629190552131995290006614509577
upper: 66910184482037901621933403444034052414
Result (no wrap): false
id: 15618062003214643351512781541041391612
lower: 53937554629190552131995290006614509577
upper: 149037318589456997023767356092491379363
Result (no wrap): false
id: 210821560651360572675896360671414673172
lower: 53937554629190552131995290006614509577
upper: 149037318589456997023767356092491379363
Result (no wrap): false
id: 121411138451101288395601026024677976156
lower: 53937554629190552131995290006614509577
upper: 149037318589456997023767356092491379363
Result (no wrap): true
id: 149037318589456997023767356092491379363
lower: 121411138451101288395601026024677976156
upper: 210821560651360572675896360671414673172
Result (no wrap): true
2025-05-02 21:40:34 INFO  FileManager:256 - filename=file4 size=0,114
id: 93727835460693461258854490021087346760
lower: 53937554629190552131995290006614509577
upper: 66910184482037901621933403444034052414
Result (no wrap): false
id: 15618062003214643351512781541041391612
lower: 53937554629190552131995290006614509577
upper: 93727835460693461258854490021087346760
Result (no wrap): false
id: 210821560651360572675896360671414673172
lower: 53937554629190552131995290006614509577
upper: 93727835460693461258854490021087346760
Result (no wrap): false
id: 121411138451101288395601026024677976156
lower: 53937554629190552131995290006614509577
upper: 93727835460693461258854490021087346760
Result (no wrap): false
id: 121411138451101288395601026024677976156
lower: 53937554629190552131995290006614509577
upper: 93727835460693461258854490021087346760
Result (no wrap): false
id: 66910184482037901621933403444034052414
lower: 53937554629190552131995290006614509577
upper: 93727835460693461258854490021087346760
Result (no wrap): true
id: 93727835460693461258854490021087346760
lower: 66910184482037901621933403444034052414
upper: 121411138451101288395601026024677976156
Result (no wrap): true
id: 239639416547729385993578111985362970770
lower: 53937554629190552131995290006614509577
upper: 66910184482037901621933403444034052414
Result (no wrap): false
id: 15618062003214643351512781541041391612
lower: 53937554629190552131995290006614509577
upper: 239639416547729385993578111985362970770
Result (no wrap): false
id: 210821560651360572675896360671414673172
lower: 53937554629190552131995290006614509577
upper: 239639416547729385993578111985362970770
Result (no wrap): true
id: 239639416547729385993578111985362970770
lower: 210821560651360572675896360671414673172
upper: 15618062003214643351512781541041391612
Result (wrap): true
id: 240788495190661943955842370400050808545
lower: 53937554629190552131995290006614509577
upper: 66910184482037901621933403444034052414
Result (no wrap): false
id: 15618062003214643351512781541041391612
lower: 53937554629190552131995290006614509577
upper: 240788495190661943955842370400050808545
Result (no wrap): false
id: 210821560651360572675896360671414673172
lower: 53937554629190552131995290006614509577
upper: 240788495190661943955842370400050808545
Result (no wrap): true
id: 240788495190661943955842370400050808545
lower: 210821560651360572675896360671414673172
upper: 15618062003214643351512781541041391612
Result (wrap): true
id: 214974501590503159329658682485012382526
lower: 53937554629190552131995290006614509577
upper: 66910184482037901621933403444034052414
Result (no wrap): false
id: 15618062003214643351512781541041391612
lower: 53937554629190552131995290006614509577
upper: 214974501590503159329658682485012382526
Result (no wrap): false
id: 210821560651360572675896360671414673172
lower: 53937554629190552131995290006614509577
upper: 214974501590503159329658682485012382526
Result (no wrap): true
id: 214974501590503159329658682485012382526
lower: 210821560651360572675896360671414673172
upper: 15618062003214643351512781541041391612
Result (wrap): true
2025-05-02 21:40:34 INFO  FileManager:256 - filename=file5 size=0,114
id: 191558309544647931649133602766041063646
lower: 53937554629190552131995290006614509577
upper: 66910184482037901621933403444034052414
Result (no wrap): false
id: 15618062003214643351512781541041391612
lower: 53937554629190552131995290006614509577
upper: 191558309544647931649133602766041063646
Result (no wrap): false
id: 210821560651360572675896360671414673172
lower: 53937554629190552131995290006614509577
upper: 191558309544647931649133602766041063646
Result (no wrap): false
id: 121411138451101288395601026024677976156
lower: 53937554629190552131995290006614509577
upper: 191558309544647931649133602766041063646
Result (no wrap): true
id: 191558309544647931649133602766041063646
lower: 121411138451101288395601026024677976156
upper: 210821560651360572675896360671414673172
Result (no wrap): true
id: 83789482216496502817864659214345176161
lower: 53937554629190552131995290006614509577
upper: 66910184482037901621933403444034052414
Result (no wrap): false
id: 15618062003214643351512781541041391612
lower: 53937554629190552131995290006614509577
upper: 83789482216496502817864659214345176161
Result (no wrap): false
id: 210821560651360572675896360671414673172
lower: 53937554629190552131995290006614509577
upper: 83789482216496502817864659214345176161
Result (no wrap): false
id: 121411138451101288395601026024677976156
lower: 53937554629190552131995290006614509577
upper: 83789482216496502817864659214345176161
Result (no wrap): false
id: 121411138451101288395601026024677976156
lower: 53937554629190552131995290006614509577
upper: 83789482216496502817864659214345176161
Result (no wrap): false
id: 66910184482037901621933403444034052414
lower: 53937554629190552131995290006614509577
upper: 83789482216496502817864659214345176161
Result (no wrap): true
id: 83789482216496502817864659214345176161
lower: 66910184482037901621933403444034052414
upper: 121411138451101288395601026024677976156
Result (no wrap): true
id: 29249986233499374510233936914584139597
lower: 53937554629190552131995290006614509577
upper: 66910184482037901621933403444034052414
Result (no wrap): false
id: 15618062003214643351512781541041391612
lower: 53937554629190552131995290006614509577
upper: 29249986233499374510233936914584139597
Result (wrap): true
id: 29249986233499374510233936914584139597
lower: 15618062003214643351512781541041391612
upper: 53937554629190552131995290006614509577
Result (no wrap): true
id: 263856675938514540210526796966916740559
lower: 53937554629190552131995290006614509577
upper: 66910184482037901621933403444034052414
Result (no wrap): false
id: 15618062003214643351512781541041391612
lower: 53937554629190552131995290006614509577
upper: 263856675938514540210526796966916740559
Result (no wrap): false
id: 210821560651360572675896360671414673172
lower: 53937554629190552131995290006614509577
upper: 263856675938514540210526796966916740559
Result (no wrap): true
id: 263856675938514540210526796966916740559
lower: 210821560651360572675896360671414673172
upper: 15618062003214643351512781541041391612
Result (wrap): true
2025-05-02 21:40:34 INFO  StabilizationProtocols:130 - Updating the successor for Node: process1
id: 53937554629190552131995290006614509578
lower: 53937554629190552131995290006614509577
upper: 66910184482037901621933403444034052414
Result (no wrap): true
2025-05-02 21:40:34 INFO  StabilizationProtocols:84 - Stabilizing ring from process1...
2025-05-02 21:40:34 INFO  StabilizationProtocols:91 - Stabilize ring: succnode = process3
id: 53937554629190552131995290006614509577
lower: 53937554629190552131995290006614509578
upper: 66910184482037901621933403444034052415
Result (no wrap): false
2025-05-02 21:40:34 INFO  StabilizationProtocols:113 - Finished stabilizing chordring from process1
2025-05-02 21:40:34 INFO  ChordProtocols:159 - Oppdaterer FingerTable for Node: process1
2025-05-02 21:40:34 INFO  ChordProtocols:173 - Beregner fingerID for finger 0: 53937554629190552131995290006614509578
id: 53937554629190552131995290006614509578
lower: 53937554629190552131995290006614509577
upper: 66910184482037901621933403444034052414
Result (no wrap): true
2025-05-02 21:40:34 INFO  ChordProtocols:179 - Finger 0 peker n책 til: process3
2025-05-02 21:40:34 INFO  ChordProtocols:173 - Beregner fingerID for finger 1: 53937554629190552131995290006614509579
id: 53937554629190552131995290006614509579
lower: 53937554629190552131995290006614509577
upper: 66910184482037901621933403444034052414
Result (no wrap): true
2025-05-02 21:40:34 INFO  ChordProtocols:179 - Finger 1 peker n책 til: process3
2025-05-02 21:40:34 INFO  ChordProtocols:173 - Beregner fingerID for finger 2: 53937554629190552131995290006614509581
id: 53937554629190552131995290006614509581
lower: 53937554629190552131995290006614509577
upper: 66910184482037901621933403444034052414
Result (no wrap): true
2025-05-02 21:40:34 INFO  ChordProtocols:179 - Finger 2 peker n책 til: process3
2025-05-02 21:40:34 INFO  ChordProtocols:173 - Beregner fingerID for finger 3: 53937554629190552131995290006614509585
id: 53937554629190552131995290006614509585
lower: 53937554629190552131995290006614509577
upper: 66910184482037901621933403444034052414
Result (no wrap): true
2025-05-02 21:40:34 INFO  ChordProtocols:179 - Finger 3 peker n책 til: process3
2025-05-02 21:40:34 INFO  ChordProtocols:173 - Beregner fingerID for finger 4: 53937554629190552131995290006614509593
id: 53937554629190552131995290006614509593
lower: 53937554629190552131995290006614509577
upper: 66910184482037901621933403444034052414
Result (no wrap): true
2025-05-02 21:40:34 INFO  ChordProtocols:179 - Finger 4 peker n책 til: process3
2025-05-02 21:40:34 INFO  ChordProtocols:173 - Beregner fingerID for finger 5: 53937554629190552131995290006614509609
id: 53937554629190552131995290006614509609
lower: 53937554629190552131995290006614509577
upper: 66910184482037901621933403444034052414
Result (no wrap): true
2025-05-02 21:40:34 INFO  ChordProtocols:179 - Finger 5 peker n책 til: process3
2025-05-02 21:40:34 INFO  ChordProtocols:173 - Beregner fingerID for finger 6: 53937554629190552131995290006614509641
id: 53937554629190552131995290006614509641
lower: 53937554629190552131995290006614509577
upper: 66910184482037901621933403444034052414
Result (no wrap): true
2025-05-02 21:40:34 INFO  ChordProtocols:179 - Finger 6 peker n책 til: process3
2025-05-02 21:40:34 INFO  ChordProtocols:173 - Beregner fingerID for finger 7: 53937554629190552131995290006614509705
id: 53937554629190552131995290006614509705
lower: 53937554629190552131995290006614509577
upper: 66910184482037901621933403444034052414
Result (no wrap): true
2025-05-02 21:40:34 INFO  ChordProtocols:179 - Finger 7 peker n책 til: process3
2025-05-02 21:40:34 INFO  ChordProtocols:173 - Beregner fingerID for finger 8: 53937554629190552131995290006614509833
id: 53937554629190552131995290006614509833
lower: 53937554629190552131995290006614509577
upper: 66910184482037901621933403444034052414
Result (no wrap): true
2025-05-02 21:40:34 INFO  ChordProtocols:179 - Finger 8 peker n책 til: process3
2025-05-02 21:40:34 INFO  ChordProtocols:173 - Beregner fingerID for finger 9: 53937554629190552131995290006614510089
id: 53937554629190552131995290006614510089
lower: 53937554629190552131995290006614509577
upper: 66910184482037901621933403444034052414
Result (no wrap): true
2025-05-02 21:40:34 INFO  ChordProtocols:179 - Finger 9 peker n책 til: process3
2025-05-02 21:40:34 INFO  ChordProtocols:173 - Beregner fingerID for finger 10: 53937554629190552131995290006614510601
id: 53937554629190552131995290006614510601
lower: 53937554629190552131995290006614509577
upper: 66910184482037901621933403444034052414
Result (no wrap): true
2025-05-02 21:40:34 INFO  ChordProtocols:179 - Finger 10 peker n책 til: process3
2025-05-02 21:40:34 INFO  ChordProtocols:173 - Beregner fingerID for finger 11: 53937554629190552131995290006614511625
id: 53937554629190552131995290006614511625
lower: 53937554629190552131995290006614509577
upper: 66910184482037901621933403444034052414
Result (no wrap): true
2025-05-02 21:40:34 INFO  ChordProtocols:179 - Finger 11 peker n책 til: process3
2025-05-02 21:40:34 INFO  ChordProtocols:173 - Beregner fingerID for finger 12: 53937554629190552131995290006614513673
id: 53937554629190552131995290006614513673
lower: 53937554629190552131995290006614509577
upper: 66910184482037901621933403444034052414
Result (no wrap): true
2025-05-02 21:40:34 INFO  ChordProtocols:179 - Finger 12 peker n책 til: process3
2025-05-02 21:40:34 INFO  ChordProtocols:173 - Beregner fingerID for finger 13: 53937554629190552131995290006614517769
id: 53937554629190552131995290006614517769
lower: 53937554629190552131995290006614509577
upper: 66910184482037901621933403444034052414
Result (no wrap): true
2025-05-02 21:40:34 INFO  ChordProtocols:179 - Finger 13 peker n책 til: process3
2025-05-02 21:40:34 INFO  ChordProtocols:173 - Beregner fingerID for finger 14: 53937554629190552131995290006614525961
id: 53937554629190552131995290006614525961
lower: 53937554629190552131995290006614509577
upper: 66910184482037901621933403444034052414
Result (no wrap): true
2025-05-02 21:40:34 INFO  ChordProtocols:179 - Finger 14 peker n책 til: process3
2025-05-02 21:40:34 INFO  ChordProtocols:173 - Beregner fingerID for finger 15: 53937554629190552131995290006614542345
id: 53937554629190552131995290006614542345
lower: 53937554629190552131995290006614509577
upper: 66910184482037901621933403444034052414
Result (no wrap): true
2025-05-02 21:40:34 INFO  ChordProtocols:179 - Finger 15 peker n책 til: process3
2025-05-02 21:40:34 INFO  ChordProtocols:173 - Beregner fingerID for finger 16: 53937554629190552131995290006614575113
id: 53937554629190552131995290006614575113
lower: 53937554629190552131995290006614509577
upper: 66910184482037901621933403444034052414
Result (no wrap): true
2025-05-02 21:40:34 INFO  ChordProtocols:179 - Finger 16 peker n책 til: process3
2025-05-02 21:40:34 INFO  ChordProtocols:173 - Beregner fingerID for finger 17: 53937554629190552131995290006614640649
id: 53937554629190552131995290006614640649
lower: 53937554629190552131995290006614509577
upper: 66910184482037901621933403444034052414
Result (no wrap): true
2025-05-02 21:40:34 INFO  ChordProtocols:179 - Finger 17 peker n책 til: process3
2025-05-02 21:40:34 INFO  ChordProtocols:173 - Beregner fingerID for finger 18: 53937554629190552131995290006614771721
id: 53937554629190552131995290006614771721
lower: 53937554629190552131995290006614509577
upper: 66910184482037901621933403444034052414
Result (no wrap): true
2025-05-02 21:40:34 INFO  ChordProtocols:179 - Finger 18 peker n책 til: process3
2025-05-02 21:40:34 INFO  ChordProtocols:173 - Beregner fingerID for finger 19: 53937554629190552131995290006615033865
id: 53937554629190552131995290006615033865
lower: 53937554629190552131995290006614509577
upper: 66910184482037901621933403444034052414
Result (no wrap): true
2025-05-02 21:40:34 INFO  ChordProtocols:179 - Finger 19 peker n책 til: process3
2025-05-02 21:40:34 INFO  ChordProtocols:173 - Beregner fingerID for finger 20: 53937554629190552131995290006615558153
id: 53937554629190552131995290006615558153
lower: 53937554629190552131995290006614509577
upper: 66910184482037901621933403444034052414
Result (no wrap): true
2025-05-02 21:40:34 INFO  ChordProtocols:179 - Finger 20 peker n책 til: process3
2025-05-02 21:40:34 INFO  ChordProtocols:173 - Beregner fingerID for finger 21: 53937554629190552131995290006616606729
id: 53937554629190552131995290006616606729
lower: 53937554629190552131995290006614509577
upper: 66910184482037901621933403444034052414
Result (no wrap): true
2025-05-02 21:40:34 INFO  ChordProtocols:179 - Finger 21 peker n책 til: process3
2025-05-02 21:40:34 INFO  ChordProtocols:173 - Beregner fingerID for finger 22: 53937554629190552131995290006618703881
id: 53937554629190552131995290006618703881
lower: 53937554629190552131995290006614509577
upper: 66910184482037901621933403444034052414
Result (no wrap): true
2025-05-02 21:40:34 INFO  ChordProtocols:179 - Finger 22 peker n책 til: process3
2025-05-02 21:40:34 INFO  ChordProtocols:173 - Beregner fingerID for finger 23: 53937554629190552131995290006622898185
id: 53937554629190552131995290006622898185
lower: 53937554629190552131995290006614509577
upper: 66910184482037901621933403444034052414
Result (no wrap): true
2025-05-02 21:40:34 INFO  ChordProtocols:179 - Finger 23 peker n책 til: process3
2025-05-02 21:40:34 INFO  ChordProtocols:173 - Beregner fingerID for finger 24: 53937554629190552131995290006631286793
id: 53937554629190552131995290006631286793
lower: 53937554629190552131995290006614509577
upper: 66910184482037901621933403444034052414
Result (no wrap): true
2025-05-02 21:40:34 INFO  ChordProtocols:179 - Finger 24 peker n책 til: process3
2025-05-02 21:40:34 INFO  ChordProtocols:173 - Beregner fingerID for finger 25: 53937554629190552131995290006648064009
id: 53937554629190552131995290006648064009
lower: 53937554629190552131995290006614509577
upper: 66910184482037901621933403444034052414
Result (no wrap): true
2025-05-02 21:40:34 INFO  ChordProtocols:179 - Finger 25 peker n책 til: process3
2025-05-02 21:40:34 INFO  ChordProtocols:173 - Beregner fingerID for finger 26: 53937554629190552131995290006681618441
id: 53937554629190552131995290006681618441
lower: 53937554629190552131995290006614509577
upper: 66910184482037901621933403444034052414
Result (no wrap): true
2025-05-02 21:40:34 INFO  ChordProtocols:179 - Finger 26 peker n책 til: process3
2025-05-02 21:40:34 INFO  ChordProtocols:173 - Beregner fingerID for finger 27: 53937554629190552131995290006748727305
id: 53937554629190552131995290006748727305
lower: 53937554629190552131995290006614509577
upper: 66910184482037901621933403444034052414
Result (no wrap): true
2025-05-02 21:40:34 INFO  ChordProtocols:179 - Finger 27 peker n책 til: process3
2025-05-02 21:40:34 INFO  ChordProtocols:173 - Beregner fingerID for finger 28: 53937554629190552131995290006882945033
id: 53937554629190552131995290006882945033
lower: 53937554629190552131995290006614509577
upper: 66910184482037901621933403444034052414
Result (no wrap): true
2025-05-02 21:40:34 INFO  ChordProtocols:179 - Finger 28 peker n책 til: process3
2025-05-02 21:40:34 INFO  ChordProtocols:173 - Beregner fingerID for finger 29: 53937554629190552131995290007151380489
id: 53937554629190552131995290007151380489
lower: 53937554629190552131995290006614509577
upper: 66910184482037901621933403444034052414
Result (no wrap): true
2025-05-02 21:40:34 INFO  ChordProtocols:179 - Finger 29 peker n책 til: process3
2025-05-02 21:40:34 INFO  ChordProtocols:173 - Beregner fingerID for finger 30: 53937554629190552131995290007688251401
id: 53937554629190552131995290007688251401
lower: 53937554629190552131995290006614509577
upper: 66910184482037901621933403444034052414
Result (no wrap): true
2025-05-02 21:40:34 INFO  ChordProtocols:179 - Finger 30 peker n책 til: process3
2025-05-02 21:40:34 INFO  ChordProtocols:173 - Beregner fingerID for finger 31: 53937554629190552131995290008761993225
id: 53937554629190552131995290008761993225
lower: 53937554629190552131995290006614509577
upper: 66910184482037901621933403444034052414
Result (no wrap): true
2025-05-02 21:40:34 INFO  ChordProtocols:179 - Finger 31 peker n책 til: process3
2025-05-02 21:40:34 INFO  ChordProtocols:173 - Beregner fingerID for finger 32: 53937554629190552131995290010909476873
id: 53937554629190552131995290010909476873
lower: 53937554629190552131995290006614509577
upper: 66910184482037901621933403444034052414
Result (no wrap): true
2025-05-02 21:40:34 INFO  ChordProtocols:179 - Finger 32 peker n책 til: process3
2025-05-02 21:40:34 INFO  ChordProtocols:173 - Beregner fingerID for finger 33: 53937554629190552131995290015204444169
id: 53937554629190552131995290015204444169
lower: 53937554629190552131995290006614509577
upper: 66910184482037901621933403444034052414
Result (no wrap): true
2025-05-02 21:40:34 INFO  ChordProtocols:179 - Finger 33 peker n책 til: process3
2025-05-02 21:40:34 INFO  ChordProtocols:173 - Beregner fingerID for finger 34: 53937554629190552131995290023794378761
id: 53937554629190552131995290023794378761
lower: 53937554629190552131995290006614509577
upper: 66910184482037901621933403444034052414
Result (no wrap): true
2025-05-02 21:40:34 INFO  ChordProtocols:179 - Finger 34 peker n책 til: process3
2025-05-02 21:40:34 INFO  ChordProtocols:173 - Beregner fingerID for finger 35: 53937554629190552131995290040974247945
id: 53937554629190552131995290040974247945
lower: 53937554629190552131995290006614509577
upper: 66910184482037901621933403444034052414
Result (no wrap): true
2025-05-02 21:40:34 INFO  ChordProtocols:179 - Finger 35 peker n책 til: process3
2025-05-02 21:40:34 INFO  ChordProtocols:173 - Beregner fingerID for finger 36: 53937554629190552131995290075333986313
id: 53937554629190552131995290075333986313
lower: 53937554629190552131995290006614509577
upper: 66910184482037901621933403444034052414
Result (no wrap): true
2025-05-02 21:40:34 INFO  ChordProtocols:179 - Finger 36 peker n책 til: process3
2025-05-02 21:40:34 INFO  ChordProtocols:173 - Beregner fingerID for finger 37: 53937554629190552131995290144053463049
id: 53937554629190552131995290144053463049
lower: 53937554629190552131995290006614509577
upper: 66910184482037901621933403444034052414
Result (no wrap): true
2025-05-02 21:40:34 INFO  ChordProtocols:179 - Finger 37 peker n책 til: process3
2025-05-02 21:40:34 INFO  ChordProtocols:173 - Beregner fingerID for finger 38: 53937554629190552131995290281492416521
id: 53937554629190552131995290281492416521
lower: 53937554629190552131995290006614509577
upper: 66910184482037901621933403444034052414
Result (no wrap): true
2025-05-02 21:40:34 INFO  ChordProtocols:179 - Finger 38 peker n책 til: process3
2025-05-02 21:40:34 INFO  ChordProtocols:173 - Beregner fingerID for finger 39: 53937554629190552131995290556370323465
id: 53937554629190552131995290556370323465
lower: 53937554629190552131995290006614509577
upper: 66910184482037901621933403444034052414
Result (no wrap): true
2025-05-02 21:40:34 INFO  ChordProtocols:179 - Finger 39 peker n책 til: process3
2025-05-02 21:40:34 INFO  ChordProtocols:173 - Beregner fingerID for finger 40: 53937554629190552131995291106126137353
id: 53937554629190552131995291106126137353
lower: 53937554629190552131995290006614509577
upper: 66910184482037901621933403444034052414
Result (no wrap): true
2025-05-02 21:40:34 INFO  ChordProtocols:179 - Finger 40 peker n책 til: process3
2025-05-02 21:40:34 INFO  ChordProtocols:173 - Beregner fingerID for finger 41: 53937554629190552131995292205637765129
id: 53937554629190552131995292205637765129
lower: 53937554629190552131995290006614509577
upper: 66910184482037901621933403444034052414
Result (no wrap): true
2025-05-02 21:40:34 INFO  ChordProtocols:179 - Finger 41 peker n책 til: process3
2025-05-02 21:40:34 INFO  ChordProtocols:173 - Beregner fingerID for finger 42: 53937554629190552131995294404661020681
id: 53937554629190552131995294404661020681
lower: 53937554629190552131995290006614509577
upper: 66910184482037901621933403444034052414
Result (no wrap): true
2025-05-02 21:40:34 INFO  ChordProtocols:179 - Finger 42 peker n책 til: process3
2025-05-02 21:40:34 INFO  ChordProtocols:173 - Beregner fingerID for finger 43: 53937554629190552131995298802707531785
id: 53937554629190552131995298802707531785
lower: 53937554629190552131995290006614509577
upper: 66910184482037901621933403444034052414
Result (no wrap): true
2025-05-02 21:40:34 INFO  ChordProtocols:179 - Finger 43 peker n책 til: process3
2025-05-02 21:40:34 INFO  ChordProtocols:173 - Beregner fingerID for finger 44: 53937554629190552131995307598800553993
id: 53937554629190552131995307598800553993
lower: 53937554629190552131995290006614509577
upper: 66910184482037901621933403444034052414
Result (no wrap): true
2025-05-02 21:40:34 INFO  ChordProtocols:179 - Finger 44 peker n책 til: process3
2025-05-02 21:40:34 INFO  ChordProtocols:173 - Beregner fingerID for finger 45: 53937554629190552131995325190986598409
id: 53937554629190552131995325190986598409
lower: 53937554629190552131995290006614509577
upper: 66910184482037901621933403444034052414
Result (no wrap): true
2025-05-02 21:40:34 INFO  ChordProtocols:179 - Finger 45 peker n책 til: process3
2025-05-02 21:40:34 INFO  ChordProtocols:173 - Beregner fingerID for finger 46: 53937554629190552131995360375358687241
id: 53937554629190552131995360375358687241
lower: 53937554629190552131995290006614509577
upper: 66910184482037901621933403444034052414
Result (no wrap): true
2025-05-02 21:40:34 INFO  ChordProtocols:179 - Finger 46 peker n책 til: process3
2025-05-02 21:40:34 INFO  ChordProtocols:173 - Beregner fingerID for finger 47: 53937554629190552131995430744102864905
id: 53937554629190552131995430744102864905
lower: 53937554629190552131995290006614509577
upper: 66910184482037901621933403444034052414
Result (no wrap): true
2025-05-02 21:40:34 INFO  ChordProtocols:179 - Finger 47 peker n책 til: process3
2025-05-02 21:40:34 INFO  ChordProtocols:173 - Beregner fingerID for finger 48: 53937554629190552131995571481591220233
id: 53937554629190552131995571481591220233
lower: 53937554629190552131995290006614509577
upper: 66910184482037901621933403444034052414
Result (no wrap): true
2025-05-02 21:40:34 INFO  ChordProtocols:179 - Finger 48 peker n책 til: process3
2025-05-02 21:40:34 INFO  ChordProtocols:173 - Beregner fingerID for finger 49: 53937554629190552131995852956567930889
id: 53937554629190552131995852956567930889
lower: 53937554629190552131995290006614509577
upper: 66910184482037901621933403444034052414
Result (no wrap): true
2025-05-02 21:40:34 INFO  ChordProtocols:179 - Finger 49 peker n책 til: process3
2025-05-02 21:40:34 INFO  ChordProtocols:173 - Beregner fingerID for finger 50: 53937554629190552131996415906521352201
id: 53937554629190552131996415906521352201
lower: 53937554629190552131995290006614509577
upper: 66910184482037901621933403444034052414
Result (no wrap): true
2025-05-02 21:40:34 INFO  ChordProtocols:179 - Finger 50 peker n책 til: process3
2025-05-02 21:40:34 INFO  ChordProtocols:173 - Beregner fingerID for finger 51: 53937554629190552131997541806428194825
id: 53937554629190552131997541806428194825
lower: 53937554629190552131995290006614509577
upper: 66910184482037901621933403444034052414
Result (no wrap): true
2025-05-02 21:40:34 INFO  ChordProtocols:179 - Finger 51 peker n책 til: process3
2025-05-02 21:40:34 INFO  ChordProtocols:173 - Beregner fingerID for finger 52: 53937554629190552131999793606241880073
id: 53937554629190552131999793606241880073
lower: 53937554629190552131995290006614509577
upper: 66910184482037901621933403444034052414
Result (no wrap): true
2025-05-02 21:40:34 INFO  ChordProtocols:179 - Finger 52 peker n책 til: process3
2025-05-02 21:40:34 INFO  ChordProtocols:173 - Beregner fingerID for finger 53: 53937554629190552132004297205869250569
id: 53937554629190552132004297205869250569
lower: 53937554629190552131995290006614509577
upper: 66910184482037901621933403444034052414
Result (no wrap): true
2025-05-02 21:40:34 INFO  ChordProtocols:179 - Finger 53 peker n책 til: process3
2025-05-02 21:40:34 INFO  ChordProtocols:173 - Beregner fingerID for finger 54: 53937554629190552132013304405123991561
id: 53937554629190552132013304405123991561
lower: 53937554629190552131995290006614509577
upper: 66910184482037901621933403444034052414
Result (no wrap): true
2025-05-02 21:40:34 INFO  ChordProtocols:179 - Finger 54 peker n책 til: process3
2025-05-02 21:40:34 INFO  ChordProtocols:173 - Beregner fingerID for finger 55: 53937554629190552132031318803633473545
id: 53937554629190552132031318803633473545
lower: 53937554629190552131995290006614509577
upper: 66910184482037901621933403444034052414
Result (no wrap): true
2025-05-02 21:40:34 INFO  ChordProtocols:179 - Finger 55 peker n책 til: process3
2025-05-02 21:40:34 INFO  ChordProtocols:173 - Beregner fingerID for finger 56: 53937554629190552132067347600652437513
id: 53937554629190552132067347600652437513
lower: 53937554629190552131995290006614509577
upper: 66910184482037901621933403444034052414
Result (no wrap): true
2025-05-02 21:40:34 INFO  ChordProtocols:179 - Finger 56 peker n책 til: process3
2025-05-02 21:40:34 INFO  ChordProtocols:173 - Beregner fingerID for finger 57: 53937554629190552132139405194690365449
id: 53937554629190552132139405194690365449
lower: 53937554629190552131995290006614509577
upper: 66910184482037901621933403444034052414
Result (no wrap): true
2025-05-02 21:40:34 INFO  ChordProtocols:179 - Finger 57 peker n책 til: process3
2025-05-02 21:40:34 INFO  ChordProtocols:173 - Beregner fingerID for finger 58: 53937554629190552132283520382766221321
id: 53937554629190552132283520382766221321
lower: 53937554629190552131995290006614509577
upper: 66910184482037901621933403444034052414
Result (no wrap): true
2025-05-02 21:40:34 INFO  ChordProtocols:179 - Finger 58 peker n책 til: process3
2025-05-02 21:40:34 INFO  ChordProtocols:173 - Beregner fingerID for finger 59: 53937554629190552132571750758917933065
id: 53937554629190552132571750758917933065
lower: 53937554629190552131995290006614509577
upper: 66910184482037901621933403444034052414
Result (no wrap): true
2025-05-02 21:40:34 INFO  ChordProtocols:179 - Finger 59 peker n책 til: process3
2025-05-02 21:40:34 INFO  ChordProtocols:173 - Beregner fingerID for finger 60: 53937554629190552133148211511221356553
id: 53937554629190552133148211511221356553
lower: 53937554629190552131995290006614509577
upper: 66910184482037901621933403444034052414
Result (no wrap): true
2025-05-02 21:40:34 INFO  ChordProtocols:179 - Finger 60 peker n책 til: process3
2025-05-02 21:40:34 INFO  ChordProtocols:173 - Beregner fingerID for finger 61: 53937554629190552134301133015828203529
id: 53937554629190552134301133015828203529
lower: 53937554629190552131995290006614509577
upper: 66910184482037901621933403444034052414
Result (no wrap): true
2025-05-02 21:40:34 INFO  ChordProtocols:179 - Finger 61 peker n책 til: process3
2025-05-02 21:40:34 INFO  ChordProtocols:173 - Beregner fingerID for finger 62: 53937554629190552136606976025041897481
id: 53937554629190552136606976025041897481
lower: 53937554629190552131995290006614509577
upper: 66910184482037901621933403444034052414
Result (no wrap): true
2025-05-02 21:40:34 INFO  ChordProtocols:179 - Finger 62 peker n책 til: process3
2025-05-02 21:40:34 INFO  ChordProtocols:173 - Beregner fingerID for finger 63: 53937554629190552141218662043469285385
id: 53937554629190552141218662043469285385
lower: 53937554629190552131995290006614509577
upper: 66910184482037901621933403444034052414
Result (no wrap): true
2025-05-02 21:40:34 INFO  ChordProtocols:179 - Finger 63 peker n책 til: process3
2025-05-02 21:40:34 INFO  ChordProtocols:173 - Beregner fingerID for finger 64: 53937554629190552150442034080324061193
id: 53937554629190552150442034080324061193
lower: 53937554629190552131995290006614509577
upper: 66910184482037901621933403444034052414
Result (no wrap): true
2025-05-02 21:40:34 INFO  ChordProtocols:179 - Finger 64 peker n책 til: process3
2025-05-02 21:40:34 INFO  ChordProtocols:173 - Beregner fingerID for finger 65: 53937554629190552168888778154033612809
id: 53937554629190552168888778154033612809
lower: 53937554629190552131995290006614509577
upper: 66910184482037901621933403444034052414
Result (no wrap): true
2025-05-02 21:40:34 INFO  ChordProtocols:179 - Finger 65 peker n책 til: process3
2025-05-02 21:40:34 INFO  ChordProtocols:173 - Beregner fingerID for finger 66: 53937554629190552205782266301452716041
id: 53937554629190552205782266301452716041
lower: 53937554629190552131995290006614509577
upper: 66910184482037901621933403444034052414
Result (no wrap): true
2025-05-02 21:40:34 INFO  ChordProtocols:179 - Finger 66 peker n책 til: process3
2025-05-02 21:40:34 INFO  ChordProtocols:173 - Beregner fingerID for finger 67: 53937554629190552279569242596290922505
id: 53937554629190552279569242596290922505
lower: 53937554629190552131995290006614509577
upper: 66910184482037901621933403444034052414
Result (no wrap): true
2025-05-02 21:40:34 INFO  ChordProtocols:179 - Finger 67 peker n책 til: process3
2025-05-02 21:40:34 INFO  ChordProtocols:173 - Beregner fingerID for finger 68: 53937554629190552427143195185967335433
id: 53937554629190552427143195185967335433
lower: 53937554629190552131995290006614509577
upper: 66910184482037901621933403444034052414
Result (no wrap): true
2025-05-02 21:40:34 INFO  ChordProtocols:179 - Finger 68 peker n책 til: process3
2025-05-02 21:40:34 INFO  ChordProtocols:173 - Beregner fingerID for finger 69: 53937554629190552722291100365320161289
id: 53937554629190552722291100365320161289
lower: 53937554629190552131995290006614509577
upper: 66910184482037901621933403444034052414
Result (no wrap): true
2025-05-02 21:40:34 INFO  ChordProtocols:179 - Finger 69 peker n책 til: process3
2025-05-02 21:40:34 INFO  ChordProtocols:173 - Beregner fingerID for finger 70: 53937554629190553312586910724025813001
id: 53937554629190553312586910724025813001
lower: 53937554629190552131995290006614509577
upper: 66910184482037901621933403444034052414
Result (no wrap): true
2025-05-02 21:40:34 INFO  ChordProtocols:179 - Finger 70 peker n책 til: process3
2025-05-02 21:40:34 INFO  ChordProtocols:173 - Beregner fingerID for finger 71: 53937554629190554493178531441437116425
id: 53937554629190554493178531441437116425
lower: 53937554629190552131995290006614509577
upper: 66910184482037901621933403444034052414
Result (no wrap): true
2025-05-02 21:40:34 INFO  ChordProtocols:179 - Finger 71 peker n책 til: process3
2025-05-02 21:40:34 INFO  ChordProtocols:173 - Beregner fingerID for finger 72: 53937554629190556854361772876259723273
id: 53937554629190556854361772876259723273
lower: 53937554629190552131995290006614509577
upper: 66910184482037901621933403444034052414
Result (no wrap): true
2025-05-02 21:40:34 INFO  ChordProtocols:179 - Finger 72 peker n책 til: process3
2025-05-02 21:40:34 INFO  ChordProtocols:173 - Beregner fingerID for finger 73: 53937554629190561576728255745904936969
id: 53937554629190561576728255745904936969
lower: 53937554629190552131995290006614509577
upper: 66910184482037901621933403444034052414
Result (no wrap): true
2025-05-02 21:40:34 INFO  ChordProtocols:179 - Finger 73 peker n책 til: process3
2025-05-02 21:40:34 INFO  ChordProtocols:173 - Beregner fingerID for finger 74: 53937554629190571021461221485195364361
id: 53937554629190571021461221485195364361
lower: 53937554629190552131995290006614509577
upper: 66910184482037901621933403444034052414
Result (no wrap): true
2025-05-02 21:40:34 INFO  ChordProtocols:179 - Finger 74 peker n책 til: process3
2025-05-02 21:40:34 INFO  ChordProtocols:173 - Beregner fingerID for finger 75: 53937554629190589910927152963776219145
id: 53937554629190589910927152963776219145
lower: 53937554629190552131995290006614509577
upper: 66910184482037901621933403444034052414
Result (no wrap): true
2025-05-02 21:40:34 INFO  ChordProtocols:179 - Finger 75 peker n책 til: process3
2025-05-02 21:40:34 INFO  ChordProtocols:173 - Beregner fingerID for finger 76: 53937554629190627689859015920937928713
id: 53937554629190627689859015920937928713
lower: 53937554629190552131995290006614509577
upper: 66910184482037901621933403444034052414
Result (no wrap): true
2025-05-02 21:40:34 INFO  ChordProtocols:179 - Finger 76 peker n책 til: process3
2025-05-02 21:40:34 INFO  ChordProtocols:173 - Beregner fingerID for finger 77: 53937554629190703247722741835261347849
id: 53937554629190703247722741835261347849
lower: 53937554629190552131995290006614509577
upper: 66910184482037901621933403444034052414
Result (no wrap): true
2025-05-02 21:40:34 INFO  ChordProtocols:179 - Finger 77 peker n책 til: process3
2025-05-02 21:40:34 INFO  ChordProtocols:173 - Beregner fingerID for finger 78: 53937554629190854363450193663908186121
id: 53937554629190854363450193663908186121
lower: 53937554629190552131995290006614509577
upper: 66910184482037901621933403444034052414
Result (no wrap): true
2025-05-02 21:40:34 INFO  ChordProtocols:179 - Finger 78 peker n책 til: process3
2025-05-02 21:40:34 INFO  ChordProtocols:173 - Beregner fingerID for finger 79: 53937554629191156594905097321201862665
id: 53937554629191156594905097321201862665
lower: 53937554629190552131995290006614509577
upper: 66910184482037901621933403444034052414
Result (no wrap): true
2025-05-02 21:40:34 INFO  ChordProtocols:179 - Finger 79 peker n책 til: process3
2025-05-02 21:40:34 INFO  ChordProtocols:173 - Beregner fingerID for finger 80: 53937554629191761057814904635789215753
id: 53937554629191761057814904635789215753
lower: 53937554629190552131995290006614509577
upper: 66910184482037901621933403444034052414
Result (no wrap): true
2025-05-02 21:40:34 INFO  ChordProtocols:179 - Finger 80 peker n책 til: process3
2025-05-02 21:40:34 INFO  ChordProtocols:173 - Beregner fingerID for finger 81: 53937554629192969983634519264963921929
id: 53937554629192969983634519264963921929
lower: 53937554629190552131995290006614509577
upper: 66910184482037901621933403444034052414
Result (no wrap): true
2025-05-02 21:40:34 INFO  ChordProtocols:179 - Finger 81 peker n책 til: process3
2025-05-02 21:40:34 INFO  ChordProtocols:173 - Beregner fingerID for finger 82: 53937554629195387835273748523313334281
id: 53937554629195387835273748523313334281
lower: 53937554629190552131995290006614509577
upper: 66910184482037901621933403444034052414
Result (no wrap): true
2025-05-02 21:40:34 INFO  ChordProtocols:179 - Finger 82 peker n책 til: process3
2025-05-02 21:40:34 INFO  ChordProtocols:173 - Beregner fingerID for finger 83: 53937554629200223538552207040012158985
id: 53937554629200223538552207040012158985
lower: 53937554629190552131995290006614509577
upper: 66910184482037901621933403444034052414
Result (no wrap): true
2025-05-02 21:40:34 INFO  ChordProtocols:179 - Finger 83 peker n책 til: process3
2025-05-02 21:40:34 INFO  ChordProtocols:173 - Beregner fingerID for finger 84: 53937554629209894945109124073409808393
id: 53937554629209894945109124073409808393
lower: 53937554629190552131995290006614509577
upper: 66910184482037901621933403444034052414
Result (no wrap): true
2025-05-02 21:40:34 INFO  ChordProtocols:179 - Finger 84 peker n책 til: process3
2025-05-02 21:40:34 INFO  ChordProtocols:173 - Beregner fingerID for finger 85: 53937554629229237758222958140205107209
id: 53937554629229237758222958140205107209
lower: 53937554629190552131995290006614509577
upper: 66910184482037901621933403444034052414
Result (no wrap): true
2025-05-02 21:40:34 INFO  ChordProtocols:179 - Finger 85 peker n책 til: process3
2025-05-02 21:40:34 INFO  ChordProtocols:173 - Beregner fingerID for finger 86: 53937554629267923384450626273795704841
id: 53937554629267923384450626273795704841
lower: 53937554629190552131995290006614509577
upper: 66910184482037901621933403444034052414
Result (no wrap): true
2025-05-02 21:40:34 INFO  ChordProtocols:179 - Finger 86 peker n책 til: process3
2025-05-02 21:40:34 INFO  ChordProtocols:173 - Beregner fingerID for finger 87: 53937554629345294636905962540976900105
id: 53937554629345294636905962540976900105
lower: 53937554629190552131995290006614509577
upper: 66910184482037901621933403444034052414
Result (no wrap): true
2025-05-02 21:40:34 INFO  ChordProtocols:179 - Finger 87 peker n책 til: process3
2025-05-02 21:40:34 INFO  ChordProtocols:173 - Beregner fingerID for finger 88: 53937554629500037141816635075339290633
id: 53937554629500037141816635075339290633
lower: 53937554629190552131995290006614509577
upper: 66910184482037901621933403444034052414
Result (no wrap): true
2025-05-02 21:40:34 INFO  ChordProtocols:179 - Finger 88 peker n책 til: process3
2025-05-02 21:40:34 INFO  ChordProtocols:173 - Beregner fingerID for finger 89: 53937554629809522151637980144064071689
id: 53937554629809522151637980144064071689
lower: 53937554629190552131995290006614509577
upper: 66910184482037901621933403444034052414
Result (no wrap): true
2025-05-02 21:40:34 INFO  ChordProtocols:179 - Finger 89 peker n책 til: process3
2025-05-02 21:40:34 INFO  ChordProtocols:173 - Beregner fingerID for finger 90: 53937554630428492171280670281513633801
id: 53937554630428492171280670281513633801
lower: 53937554629190552131995290006614509577
upper: 66910184482037901621933403444034052414
Result (no wrap): true
2025-05-02 21:40:34 INFO  ChordProtocols:179 - Finger 90 peker n책 til: process3
2025-05-02 21:40:34 INFO  ChordProtocols:173 - Beregner fingerID for finger 91: 53937554631666432210566050556412758025
id: 53937554631666432210566050556412758025
lower: 53937554629190552131995290006614509577
upper: 66910184482037901621933403444034052414
Result (no wrap): true
2025-05-02 21:40:34 INFO  ChordProtocols:179 - Finger 91 peker n책 til: process3
2025-05-02 21:40:34 INFO  ChordProtocols:173 - Beregner fingerID for finger 92: 53937554634142312289136811106211006473
id: 53937554634142312289136811106211006473
lower: 53937554629190552131995290006614509577
upper: 66910184482037901621933403444034052414
Result (no wrap): true
2025-05-02 21:40:34 INFO  ChordProtocols:179 - Finger 92 peker n책 til: process3
2025-05-02 21:40:34 INFO  ChordProtocols:173 - Beregner fingerID for finger 93: 53937554639094072446278332205807503369
id: 53937554639094072446278332205807503369
lower: 53937554629190552131995290006614509577
upper: 66910184482037901621933403444034052414
Result (no wrap): true
2025-05-02 21:40:34 INFO  ChordProtocols:179 - Finger 93 peker n책 til: process3
2025-05-02 21:40:34 INFO  ChordProtocols:173 - Beregner fingerID for finger 94: 53937554648997592760561374405000497161
id: 53937554648997592760561374405000497161
lower: 53937554629190552131995290006614509577
upper: 66910184482037901621933403444034052414
Result (no wrap): true
2025-05-02 21:40:34 INFO  ChordProtocols:179 - Finger 94 peker n책 til: process3
2025-05-02 21:40:34 INFO  ChordProtocols:173 - Beregner fingerID for finger 95: 53937554668804633389127458803386484745
id: 53937554668804633389127458803386484745
lower: 53937554629190552131995290006614509577
upper: 66910184482037901621933403444034052414
Result (no wrap): true
2025-05-02 21:40:34 INFO  ChordProtocols:179 - Finger 95 peker n책 til: process3
2025-05-02 21:40:34 INFO  ChordProtocols:173 - Beregner fingerID for finger 96: 53937554708418714646259627600158459913
id: 53937554708418714646259627600158459913
lower: 53937554629190552131995290006614509577
upper: 66910184482037901621933403444034052414
Result (no wrap): true
2025-05-02 21:40:34 INFO  ChordProtocols:179 - Finger 96 peker n책 til: process3
2025-05-02 21:40:34 INFO  ChordProtocols:173 - Beregner fingerID for finger 97: 53937554787646877160523965193702410249
id: 53937554787646877160523965193702410249
lower: 53937554629190552131995290006614509577
upper: 66910184482037901621933403444034052414
Result (no wrap): true
2025-05-02 21:40:34 INFO  ChordProtocols:179 - Finger 97 peker n책 til: process3
2025-05-02 21:40:34 INFO  ChordProtocols:173 - Beregner fingerID for finger 98: 53937554946103202189052640380790310921
id: 53937554946103202189052640380790310921
lower: 53937554629190552131995290006614509577
upper: 66910184482037901621933403444034052414
Result (no wrap): true
2025-05-02 21:40:34 INFO  ChordProtocols:179 - Finger 98 peker n책 til: process3
2025-05-02 21:40:34 INFO  ChordProtocols:173 - Beregner fingerID for finger 99: 53937555263015852246109990754966112265
id: 53937555263015852246109990754966112265
lower: 53937554629190552131995290006614509577
upper: 66910184482037901621933403444034052414
Result (no wrap): true
2025-05-02 21:40:34 INFO  ChordProtocols:179 - Finger 99 peker n책 til: process3
2025-05-02 21:40:34 INFO  ChordProtocols:173 - Beregner fingerID for finger 100: 53937555896841152360224691503317714953
id: 53937555896841152360224691503317714953
lower: 53937554629190552131995290006614509577
upper: 66910184482037901621933403444034052414
Result (no wrap): true
2025-05-02 21:40:34 INFO  ChordProtocols:179 - Finger 100 peker n책 til: process3
2025-05-02 21:40:34 INFO  ChordProtocols:173 - Beregner fingerID for finger 101: 53937557164491752588454093000020920329
id: 53937557164491752588454093000020920329
lower: 53937554629190552131995290006614509577
upper: 66910184482037901621933403444034052414
Result (no wrap): true
2025-05-02 21:40:34 INFO  ChordProtocols:179 - Finger 101 peker n책 til: process3
2025-05-02 21:40:34 INFO  ChordProtocols:173 - Beregner fingerID for finger 102: 53937559699792953044912895993427331081
id: 53937559699792953044912895993427331081
lower: 53937554629190552131995290006614509577
upper: 66910184482037901621933403444034052414
Result (no wrap): true
2025-05-02 21:40:34 INFO  ChordProtocols:179 - Finger 102 peker n책 til: process3
2025-05-02 21:40:34 INFO  ChordProtocols:173 - Beregner fingerID for finger 103: 53937564770395353957830501980240152585
id: 53937564770395353957830501980240152585
lower: 53937554629190552131995290006614509577
upper: 66910184482037901621933403444034052414
Result (no wrap): true
2025-05-02 21:40:34 INFO  ChordProtocols:179 - Finger 103 peker n책 til: process3
2025-05-02 21:40:34 INFO  ChordProtocols:173 - Beregner fingerID for finger 104: 53937574911600155783665713953865795593
id: 53937574911600155783665713953865795593
lower: 53937554629190552131995290006614509577
upper: 66910184482037901621933403444034052414
Result (no wrap): true
2025-05-02 21:40:34 INFO  ChordProtocols:179 - Finger 104 peker n책 til: process3
2025-05-02 21:40:34 INFO  ChordProtocols:173 - Beregner fingerID for finger 105: 53937595194009759435336137901117081609
id: 53937595194009759435336137901117081609
lower: 53937554629190552131995290006614509577
upper: 66910184482037901621933403444034052414
Result (no wrap): true
2025-05-02 21:40:34 INFO  ChordProtocols:179 - Finger 105 peker n책 til: process3
2025-05-02 21:40:34 INFO  ChordProtocols:173 - Beregner fingerID for finger 106: 53937635758828966738676985795619653641
id: 53937635758828966738676985795619653641
lower: 53937554629190552131995290006614509577
upper: 66910184482037901621933403444034052414
Result (no wrap): true
2025-05-02 21:40:34 INFO  ChordProtocols:179 - Finger 106 peker n책 til: process3
2025-05-02 21:40:34 INFO  ChordProtocols:173 - Beregner fingerID for finger 107: 53937716888467381345358681584624797705
id: 53937716888467381345358681584624797705
lower: 53937554629190552131995290006614509577
upper: 66910184482037901621933403444034052414
Result (no wrap): true
2025-05-02 21:40:34 INFO  ChordProtocols:179 - Finger 107 peker n책 til: process3
2025-05-02 21:40:34 INFO  ChordProtocols:173 - Beregner fingerID for finger 108: 53937879147744210558722073162635085833
id: 53937879147744210558722073162635085833
lower: 53937554629190552131995290006614509577
upper: 66910184482037901621933403444034052414
Result (no wrap): true
2025-05-02 21:40:34 INFO  ChordProtocols:179 - Finger 108 peker n책 til: process3
2025-05-02 21:40:34 INFO  ChordProtocols:173 - Beregner fingerID for finger 109: 53938203666297868985448856318655662089
id: 53938203666297868985448856318655662089
lower: 53937554629190552131995290006614509577
upper: 66910184482037901621933403444034052414
Result (no wrap): true
2025-05-02 21:40:34 INFO  ChordProtocols:179 - Finger 109 peker n책 til: process3
2025-05-02 21:40:34 INFO  ChordProtocols:173 - Beregner fingerID for finger 110: 53938852703405185838902422630696814601
id: 53938852703405185838902422630696814601
lower: 53937554629190552131995290006614509577
upper: 66910184482037901621933403444034052414
Result (no wrap): true
2025-05-02 21:40:34 INFO  ChordProtocols:179 - Finger 110 peker n책 til: process3
2025-05-02 21:40:34 INFO  ChordProtocols:173 - Beregner fingerID for finger 111: 53940150777619819545809555254779119625
id: 53940150777619819545809555254779119625
lower: 53937554629190552131995290006614509577
upper: 66910184482037901621933403444034052414
Result (no wrap): true
2025-05-02 21:40:34 INFO  ChordProtocols:179 - Finger 111 peker n책 til: process3
2025-05-02 21:40:34 INFO  ChordProtocols:173 - Beregner fingerID for finger 112: 53942746926049086959623820502943729673
id: 53942746926049086959623820502943729673
lower: 53937554629190552131995290006614509577
upper: 66910184482037901621933403444034052414
Result (no wrap): true
2025-05-02 21:40:34 INFO  ChordProtocols:179 - Finger 112 peker n책 til: process3
2025-05-02 21:40:34 INFO  ChordProtocols:173 - Beregner fingerID for finger 113: 53947939222907621787252350999272949769
id: 53947939222907621787252350999272949769
lower: 53937554629190552131995290006614509577
upper: 66910184482037901621933403444034052414
Result (no wrap): true
2025-05-02 21:40:34 INFO  ChordProtocols:179 - Finger 113 peker n책 til: process3
2025-05-02 21:40:34 INFO  ChordProtocols:173 - Beregner fingerID for finger 114: 53958323816624691442509411991931389961
id: 53958323816624691442509411991931389961
lower: 53937554629190552131995290006614509577
upper: 66910184482037901621933403444034052414
Result (no wrap): true
2025-05-02 21:40:34 INFO  ChordProtocols:179 - Finger 114 peker n책 til: process3
2025-05-02 21:40:34 INFO  ChordProtocols:173 - Beregner fingerID for finger 115: 53979093004058830753023533977248270345
id: 53979093004058830753023533977248270345
lower: 53937554629190552131995290006614509577
upper: 66910184482037901621933403444034052414
Result (no wrap): true
2025-05-02 21:40:34 INFO  ChordProtocols:179 - Finger 115 peker n책 til: process3
2025-05-02 21:40:34 INFO  ChordProtocols:173 - Beregner fingerID for finger 116: 54020631378927109374051777947882031113
id: 54020631378927109374051777947882031113
lower: 53937554629190552131995290006614509577
upper: 66910184482037901621933403444034052414
Result (no wrap): true
2025-05-02 21:40:34 INFO  ChordProtocols:179 - Finger 116 peker n책 til: process3
2025-05-02 21:40:34 INFO  ChordProtocols:173 - Beregner fingerID for finger 117: 54103708128663666616108265889149552649
id: 54103708128663666616108265889149552649
lower: 53937554629190552131995290006614509577
upper: 66910184482037901621933403444034052414
Result (no wrap): true
2025-05-02 21:40:34 INFO  ChordProtocols:179 - Finger 117 peker n책 til: process3
2025-05-02 21:40:34 INFO  ChordProtocols:173 - Beregner fingerID for finger 118: 54269861628136781100221241771684595721
id: 54269861628136781100221241771684595721
lower: 53937554629190552131995290006614509577
upper: 66910184482037901621933403444034052414
Result (no wrap): true
2025-05-02 21:40:34 INFO  ChordProtocols:179 - Finger 118 peker n책 til: process3
2025-05-02 21:40:34 INFO  ChordProtocols:173 - Beregner fingerID for finger 119: 54602168627083010068447193536754681865
id: 54602168627083010068447193536754681865
lower: 53937554629190552131995290006614509577
upper: 66910184482037901621933403444034052414
Result (no wrap): true
2025-05-02 21:40:34 INFO  ChordProtocols:179 - Finger 119 peker n책 til: process3
2025-05-02 21:40:34 INFO  ChordProtocols:173 - Beregner fingerID for finger 120: 55266782624975468004899097066894854153
id: 55266782624975468004899097066894854153
lower: 53937554629190552131995290006614509577
upper: 66910184482037901621933403444034052414
Result (no wrap): true
2025-05-02 21:40:34 INFO  ChordProtocols:179 - Finger 120 peker n책 til: process3
2025-05-02 21:40:34 INFO  ChordProtocols:173 - Beregner fingerID for finger 121: 56596010620760383877802904127175198729
id: 56596010620760383877802904127175198729
lower: 53937554629190552131995290006614509577
upper: 66910184482037901621933403444034052414
Result (no wrap): true
2025-05-02 21:40:34 INFO  ChordProtocols:179 - Finger 121 peker n책 til: process3
2025-05-02 21:40:34 INFO  ChordProtocols:173 - Beregner fingerID for finger 122: 59254466612330215623610518247735887881
id: 59254466612330215623610518247735887881
lower: 53937554629190552131995290006614509577
upper: 66910184482037901621933403444034052414
Result (no wrap): true
2025-05-02 21:40:34 INFO  ChordProtocols:179 - Finger 122 peker n책 til: process3
2025-05-02 21:40:34 INFO  ChordProtocols:173 - Beregner fingerID for finger 123: 64571378595469879115225746488857266185
id: 64571378595469879115225746488857266185
lower: 53937554629190552131995290006614509577
upper: 66910184482037901621933403444034052414
Result (no wrap): true
2025-05-02 21:40:34 INFO  ChordProtocols:179 - Finger 123 peker n책 til: process3
2025-05-02 21:40:34 INFO  ChordProtocols:173 - Beregner fingerID for finger 124: 75205202561749206098456202971100022793
id: 75205202561749206098456202971100022793
lower: 53937554629190552131995290006614509577
upper: 66910184482037901621933403444034052414
Result (no wrap): false
id: 66910184482037901621933403444034052414
lower: 53937554629190552131995290006614509577
upper: 75205202561749206098456202971100022793
Result (no wrap): true
id: 75205202561749206098456202971100022793
lower: 66910184482037901621933403444034052414
upper: 121411138451101288395601026024677976156
Result (no wrap): true
2025-05-02 21:40:34 INFO  ChordProtocols:179 - Finger 124 peker n책 til: process5
2025-05-02 21:40:34 INFO  ChordProtocols:173 - Beregner fingerID for finger 125: 96472850494307860064917115935585536009
id: 96472850494307860064917115935585536009
lower: 53937554629190552131995290006614509577
upper: 66910184482037901621933403444034052414
Result (no wrap): false
id: 121411138451101288395601026024677976156
lower: 53937554629190552131995290006614509577
upper: 96472850494307860064917115935585536009
Result (no wrap): false
id: 66910184482037901621933403444034052414
lower: 53937554629190552131995290006614509577
upper: 96472850494307860064917115935585536009
Result (no wrap): true
id: 96472850494307860064917115935585536009
lower: 66910184482037901621933403444034052414
upper: 121411138451101288395601026024677976156
Result (no wrap): true
2025-05-02 21:40:34 INFO  ChordProtocols:179 - Finger 125 peker n책 til: process5
2025-05-02 21:40:34 INFO  ChordProtocols:173 - Beregner fingerID for finger 126: 139008146359425167997838941864556562441
id: 139008146359425167997838941864556562441
lower: 53937554629190552131995290006614509577
upper: 66910184482037901621933403444034052414
Result (no wrap): false
id: 121411138451101288395601026024677976156
lower: 53937554629190552131995290006614509577
upper: 139008146359425167997838941864556562441
Result (no wrap): true
id: 139008146359425167997838941864556562441
lower: 121411138451101288395601026024677976156
upper: 210821560651360572675896360671414673172
Result (no wrap): true
2025-05-02 21:40:34 INFO  ChordProtocols:179 - Finger 126 peker n책 til: process4
2025-05-02 21:40:34 INFO  ChordProtocols:173 - Beregner fingerID for finger 127: 224078738089659783863682593722498615305
id: 224078738089659783863682593722498615305
lower: 53937554629190552131995290006614509577
upper: 66910184482037901621933403444034052414
Result (no wrap): false
id: 210821560651360572675896360671414673172
lower: 53937554629190552131995290006614509577
upper: 224078738089659783863682593722498615305
Result (no wrap): true
id: 224078738089659783863682593722498615305
lower: 210821560651360572675896360671414673172
upper: 15618062003214643351512781541041391612
Result (wrap): true
2025-05-02 21:40:34 INFO  ChordProtocols:179 - Finger 127 peker n책 til: process2
2025-05-02 21:40:34 INFO  StabilizationProtocols:60 - Checking the predecessor for Node: process1
==================================
Node Identifier = 53937554629190552131995290006614509577
Node IP address = process1
successor(process1) = process3
predecessor(process1) = process2
Current File keys for process1 => [29249986233499374510233936914584139597, 22851974182570490653634187770374799407]
==================================
2025-05-02 21:40:34 INFO  StabilizationProtocols:130 - Updating the successor for Node: process2
id: 15618062003214643351512781541041391613
lower: 15618062003214643351512781541041391612
upper: 53937554629190552131995290006614509577
Result (no wrap): true
2025-05-02 21:40:34 INFO  StabilizationProtocols:84 - Stabilizing ring from process2...
2025-05-02 21:40:34 INFO  StabilizationProtocols:91 - Stabilize ring: succnode = process1
id: 15618062003214643351512781541041391612
lower: 15618062003214643351512781541041391613
upper: 53937554629190552131995290006614509578
Result (no wrap): false
2025-05-02 21:40:34 INFO  StabilizationProtocols:113 - Finished stabilizing chordring from process2
2025-05-02 21:40:34 INFO  ChordProtocols:159 - Oppdaterer FingerTable for Node: process2
2025-05-02 21:40:34 INFO  ChordProtocols:173 - Beregner fingerID for finger 0: 15618062003214643351512781541041391613
id: 15618062003214643351512781541041391613
lower: 15618062003214643351512781541041391612
upper: 53937554629190552131995290006614509577
Result (no wrap): true
2025-05-02 21:40:34 INFO  ChordProtocols:179 - Finger 0 peker n책 til: process1
2025-05-02 21:40:34 INFO  ChordProtocols:173 - Beregner fingerID for finger 1: 15618062003214643351512781541041391614
id: 15618062003214643351512781541041391614
lower: 15618062003214643351512781541041391612
upper: 53937554629190552131995290006614509577
Result (no wrap): true
2025-05-02 21:40:34 INFO  ChordProtocols:179 - Finger 1 peker n책 til: process1
2025-05-02 21:40:34 INFO  ChordProtocols:173 - Beregner fingerID for finger 2: 15618062003214643351512781541041391616
id: 15618062003214643351512781541041391616
lower: 15618062003214643351512781541041391612
upper: 53937554629190552131995290006614509577
Result (no wrap): true
2025-05-02 21:40:34 INFO  ChordProtocols:179 - Finger 2 peker n책 til: process1
2025-05-02 21:40:34 INFO  ChordProtocols:173 - Beregner fingerID for finger 3: 15618062003214643351512781541041391620
id: 15618062003214643351512781541041391620
lower: 15618062003214643351512781541041391612
upper: 53937554629190552131995290006614509577
Result (no wrap): true
2025-05-02 21:40:34 INFO  ChordProtocols:179 - Finger 3 peker n책 til: process1
2025-05-02 21:40:34 INFO  ChordProtocols:173 - Beregner fingerID for finger 4: 15618062003214643351512781541041391628
id: 15618062003214643351512781541041391628
lower: 15618062003214643351512781541041391612
upper: 53937554629190552131995290006614509577
Result (no wrap): true
2025-05-02 21:40:34 INFO  ChordProtocols:179 - Finger 4 peker n책 til: process1
2025-05-02 21:40:34 INFO  ChordProtocols:173 - Beregner fingerID for finger 5: 15618062003214643351512781541041391644
id: 15618062003214643351512781541041391644
lower: 15618062003214643351512781541041391612
upper: 53937554629190552131995290006614509577
Result (no wrap): true
2025-05-02 21:40:34 INFO  ChordProtocols:179 - Finger 5 peker n책 til: process1
2025-05-02 21:40:34 INFO  ChordProtocols:173 - Beregner fingerID for finger 6: 15618062003214643351512781541041391676
id: 15618062003214643351512781541041391676
lower: 15618062003214643351512781541041391612
upper: 53937554629190552131995290006614509577
Result (no wrap): true
2025-05-02 21:40:34 INFO  ChordProtocols:179 - Finger 6 peker n책 til: process1
2025-05-02 21:40:34 INFO  ChordProtocols:173 - Beregner fingerID for finger 7: 15618062003214643351512781541041391740
id: 15618062003214643351512781541041391740
lower: 15618062003214643351512781541041391612
upper: 53937554629190552131995290006614509577
Result (no wrap): true
2025-05-02 21:40:34 INFO  ChordProtocols:179 - Finger 7 peker n책 til: process1
2025-05-02 21:40:34 INFO  ChordProtocols:173 - Beregner fingerID for finger 8: 15618062003214643351512781541041391868
id: 15618062003214643351512781541041391868
lower: 15618062003214643351512781541041391612
upper: 53937554629190552131995290006614509577
Result (no wrap): true
2025-05-02 21:40:34 INFO  ChordProtocols:179 - Finger 8 peker n책 til: process1
2025-05-02 21:40:34 INFO  ChordProtocols:173 - Beregner fingerID for finger 9: 15618062003214643351512781541041392124
id: 15618062003214643351512781541041392124
lower: 15618062003214643351512781541041391612
upper: 53937554629190552131995290006614509577
Result (no wrap): true
2025-05-02 21:40:34 INFO  ChordProtocols:179 - Finger 9 peker n책 til: process1
2025-05-02 21:40:34 INFO  ChordProtocols:173 - Beregner fingerID for finger 10: 15618062003214643351512781541041392636
id: 15618062003214643351512781541041392636
lower: 15618062003214643351512781541041391612
upper: 53937554629190552131995290006614509577
Result (no wrap): true
2025-05-02 21:40:34 INFO  ChordProtocols:179 - Finger 10 peker n책 til: process1
2025-05-02 21:40:34 INFO  ChordProtocols:173 - Beregner fingerID for finger 11: 15618062003214643351512781541041393660
id: 15618062003214643351512781541041393660
lower: 15618062003214643351512781541041391612
upper: 53937554629190552131995290006614509577
Result (no wrap): true
2025-05-02 21:40:34 INFO  ChordProtocols:179 - Finger 11 peker n책 til: process1
2025-05-02 21:40:34 INFO  ChordProtocols:173 - Beregner fingerID for finger 12: 15618062003214643351512781541041395708
id: 15618062003214643351512781541041395708
lower: 15618062003214643351512781541041391612
upper: 53937554629190552131995290006614509577
Result (no wrap): true
2025-05-02 21:40:34 INFO  ChordProtocols:179 - Finger 12 peker n책 til: process1
2025-05-02 21:40:34 INFO  ChordProtocols:173 - Beregner fingerID for finger 13: 15618062003214643351512781541041399804
id: 15618062003214643351512781541041399804
lower: 15618062003214643351512781541041391612
upper: 53937554629190552131995290006614509577
Result (no wrap): true
2025-05-02 21:40:34 INFO  ChordProtocols:179 - Finger 13 peker n책 til: process1
2025-05-02 21:40:34 INFO  ChordProtocols:173 - Beregner fingerID for finger 14: 15618062003214643351512781541041407996
id: 15618062003214643351512781541041407996
lower: 15618062003214643351512781541041391612
upper: 53937554629190552131995290006614509577
Result (no wrap): true
2025-05-02 21:40:34 INFO  ChordProtocols:179 - Finger 14 peker n책 til: process1
2025-05-02 21:40:34 INFO  ChordProtocols:173 - Beregner fingerID for finger 15: 15618062003214643351512781541041424380
id: 15618062003214643351512781541041424380
lower: 15618062003214643351512781541041391612
upper: 53937554629190552131995290006614509577
Result (no wrap): true
2025-05-02 21:40:34 INFO  ChordProtocols:179 - Finger 15 peker n책 til: process1
2025-05-02 21:40:34 INFO  ChordProtocols:173 - Beregner fingerID for finger 16: 15618062003214643351512781541041457148
id: 15618062003214643351512781541041457148
lower: 15618062003214643351512781541041391612
upper: 53937554629190552131995290006614509577
Result (no wrap): true
2025-05-02 21:40:34 INFO  ChordProtocols:179 - Finger 16 peker n책 til: process1
2025-05-02 21:40:34 INFO  ChordProtocols:173 - Beregner fingerID for finger 17: 15618062003214643351512781541041522684
id: 15618062003214643351512781541041522684
lower: 15618062003214643351512781541041391612
upper: 53937554629190552131995290006614509577
Result (no wrap): true
2025-05-02 21:40:34 INFO  ChordProtocols:179 - Finger 17 peker n책 til: process1
2025-05-02 21:40:34 INFO  ChordProtocols:173 - Beregner fingerID for finger 18: 15618062003214643351512781541041653756
id: 15618062003214643351512781541041653756
lower: 15618062003214643351512781541041391612
upper: 53937554629190552131995290006614509577
Result (no wrap): true
2025-05-02 21:40:34 INFO  ChordProtocols:179 - Finger 18 peker n책 til: process1
2025-05-02 21:40:34 INFO  ChordProtocols:173 - Beregner fingerID for finger 19: 15618062003214643351512781541041915900
id: 15618062003214643351512781541041915900
lower: 15618062003214643351512781541041391612
upper: 53937554629190552131995290006614509577
Result (no wrap): true
2025-05-02 21:40:34 INFO  ChordProtocols:179 - Finger 19 peker n책 til: process1
2025-05-02 21:40:34 INFO  ChordProtocols:173 - Beregner fingerID for finger 20: 15618062003214643351512781541042440188
id: 15618062003214643351512781541042440188
lower: 15618062003214643351512781541041391612
upper: 53937554629190552131995290006614509577
Result (no wrap): true
2025-05-02 21:40:34 INFO  ChordProtocols:179 - Finger 20 peker n책 til: process1
2025-05-02 21:40:34 INFO  ChordProtocols:173 - Beregner fingerID for finger 21: 15618062003214643351512781541043488764
id: 15618062003214643351512781541043488764
lower: 15618062003214643351512781541041391612
upper: 53937554629190552131995290006614509577
Result (no wrap): true
2025-05-02 21:40:34 INFO  ChordProtocols:179 - Finger 21 peker n책 til: process1
2025-05-02 21:40:34 INFO  ChordProtocols:173 - Beregner fingerID for finger 22: 15618062003214643351512781541045585916
id: 15618062003214643351512781541045585916
lower: 15618062003214643351512781541041391612
upper: 53937554629190552131995290006614509577
Result (no wrap): true
2025-05-02 21:40:34 INFO  ChordProtocols:179 - Finger 22 peker n책 til: process1
2025-05-02 21:40:34 INFO  ChordProtocols:173 - Beregner fingerID for finger 23: 15618062003214643351512781541049780220
id: 15618062003214643351512781541049780220
lower: 15618062003214643351512781541041391612
upper: 53937554629190552131995290006614509577
Result (no wrap): true
2025-05-02 21:40:34 INFO  ChordProtocols:179 - Finger 23 peker n책 til: process1
2025-05-02 21:40:34 INFO  ChordProtocols:173 - Beregner fingerID for finger 24: 15618062003214643351512781541058168828
id: 15618062003214643351512781541058168828
lower: 15618062003214643351512781541041391612
upper: 53937554629190552131995290006614509577
Result (no wrap): true
2025-05-02 21:40:34 INFO  ChordProtocols:179 - Finger 24 peker n책 til: process1
2025-05-02 21:40:34 INFO  ChordProtocols:173 - Beregner fingerID for finger 25: 15618062003214643351512781541074946044
id: 15618062003214643351512781541074946044
lower: 15618062003214643351512781541041391612
upper: 53937554629190552131995290006614509577
Result (no wrap): true
2025-05-02 21:40:34 INFO  ChordProtocols:179 - Finger 25 peker n책 til: process1
2025-05-02 21:40:34 INFO  ChordProtocols:173 - Beregner fingerID for finger 26: 15618062003214643351512781541108500476
id: 15618062003214643351512781541108500476
lower: 15618062003214643351512781541041391612
upper: 53937554629190552131995290006614509577
Result (no wrap): true
2025-05-02 21:40:34 INFO  ChordProtocols:179 - Finger 26 peker n책 til: process1
2025-05-02 21:40:34 INFO  ChordProtocols:173 - Beregner fingerID for finger 27: 15618062003214643351512781541175609340
id: 15618062003214643351512781541175609340
lower: 15618062003214643351512781541041391612
upper: 53937554629190552131995290006614509577
Result (no wrap): true
2025-05-02 21:40:34 INFO  ChordProtocols:179 - Finger 27 peker n책 til: process1
2025-05-02 21:40:34 INFO  ChordProtocols:173 - Beregner fingerID for finger 28: 15618062003214643351512781541309827068
id: 15618062003214643351512781541309827068
lower: 15618062003214643351512781541041391612
upper: 53937554629190552131995290006614509577
Result (no wrap): true
2025-05-02 21:40:34 INFO  ChordProtocols:179 - Finger 28 peker n책 til: process1
2025-05-02 21:40:34 INFO  ChordProtocols:173 - Beregner fingerID for finger 29: 15618062003214643351512781541578262524
id: 15618062003214643351512781541578262524
lower: 15618062003214643351512781541041391612
upper: 53937554629190552131995290006614509577
Result (no wrap): true
2025-05-02 21:40:34 INFO  ChordProtocols:179 - Finger 29 peker n책 til: process1
2025-05-02 21:40:34 INFO  ChordProtocols:173 - Beregner fingerID for finger 30: 15618062003214643351512781542115133436
id: 15618062003214643351512781542115133436
lower: 15618062003214643351512781541041391612
upper: 53937554629190552131995290006614509577
Result (no wrap): true
2025-05-02 21:40:34 INFO  ChordProtocols:179 - Finger 30 peker n책 til: process1
2025-05-02 21:40:34 INFO  ChordProtocols:173 - Beregner fingerID for finger 31: 15618062003214643351512781543188875260
id: 15618062003214643351512781543188875260
lower: 15618062003214643351512781541041391612
upper: 53937554629190552131995290006614509577
Result (no wrap): true
2025-05-02 21:40:34 INFO  ChordProtocols:179 - Finger 31 peker n책 til: process1
2025-05-02 21:40:34 INFO  ChordProtocols:173 - Beregner fingerID for finger 32: 15618062003214643351512781545336358908
id: 15618062003214643351512781545336358908
lower: 15618062003214643351512781541041391612
upper: 53937554629190552131995290006614509577
Result (no wrap): true
2025-05-02 21:40:34 INFO  ChordProtocols:179 - Finger 32 peker n책 til: process1
2025-05-02 21:40:34 INFO  ChordProtocols:173 - Beregner fingerID for finger 33: 15618062003214643351512781549631326204
id: 15618062003214643351512781549631326204
lower: 15618062003214643351512781541041391612
upper: 53937554629190552131995290006614509577
Result (no wrap): true
2025-05-02 21:40:34 INFO  ChordProtocols:179 - Finger 33 peker n책 til: process1
2025-05-02 21:40:34 INFO  ChordProtocols:173 - Beregner fingerID for finger 34: 15618062003214643351512781558221260796
id: 15618062003214643351512781558221260796
lower: 15618062003214643351512781541041391612
upper: 53937554629190552131995290006614509577
Result (no wrap): true
2025-05-02 21:40:34 INFO  ChordProtocols:179 - Finger 34 peker n책 til: process1
2025-05-02 21:40:34 INFO  ChordProtocols:173 - Beregner fingerID for finger 35: 15618062003214643351512781575401129980
id: 15618062003214643351512781575401129980
lower: 15618062003214643351512781541041391612
upper: 53937554629190552131995290006614509577
Result (no wrap): true
2025-05-02 21:40:34 INFO  ChordProtocols:179 - Finger 35 peker n책 til: process1
2025-05-02 21:40:34 INFO  ChordProtocols:173 - Beregner fingerID for finger 36: 15618062003214643351512781609760868348
id: 15618062003214643351512781609760868348
lower: 15618062003214643351512781541041391612
upper: 53937554629190552131995290006614509577
Result (no wrap): true
2025-05-02 21:40:34 INFO  ChordProtocols:179 - Finger 36 peker n책 til: process1
2025-05-02 21:40:34 INFO  ChordProtocols:173 - Beregner fingerID for finger 37: 15618062003214643351512781678480345084
id: 15618062003214643351512781678480345084
lower: 15618062003214643351512781541041391612
upper: 53937554629190552131995290006614509577
Result (no wrap): true
2025-05-02 21:40:34 INFO  ChordProtocols:179 - Finger 37 peker n책 til: process1
2025-05-02 21:40:34 INFO  ChordProtocols:173 - Beregner fingerID for finger 38: 15618062003214643351512781815919298556
id: 15618062003214643351512781815919298556
lower: 15618062003214643351512781541041391612
upper: 53937554629190552131995290006614509577
Result (no wrap): true
2025-05-02 21:40:34 INFO  ChordProtocols:179 - Finger 38 peker n책 til: process1
2025-05-02 21:40:34 INFO  ChordProtocols:173 - Beregner fingerID for finger 39: 15618062003214643351512782090797205500
id: 15618062003214643351512782090797205500
lower: 15618062003214643351512781541041391612
upper: 53937554629190552131995290006614509577
Result (no wrap): true
2025-05-02 21:40:34 INFO  ChordProtocols:179 - Finger 39 peker n책 til: process1
2025-05-02 21:40:34 INFO  ChordProtocols:173 - Beregner fingerID for finger 40: 15618062003214643351512782640553019388
id: 15618062003214643351512782640553019388
lower: 15618062003214643351512781541041391612
upper: 53937554629190552131995290006614509577
Result (no wrap): true
2025-05-02 21:40:34 INFO  ChordProtocols:179 - Finger 40 peker n책 til: process1
2025-05-02 21:40:34 INFO  ChordProtocols:173 - Beregner fingerID for finger 41: 15618062003214643351512783740064647164
id: 15618062003214643351512783740064647164
lower: 15618062003214643351512781541041391612
upper: 53937554629190552131995290006614509577
Result (no wrap): true
2025-05-02 21:40:34 INFO  ChordProtocols:179 - Finger 41 peker n책 til: process1
2025-05-02 21:40:34 INFO  ChordProtocols:173 - Beregner fingerID for finger 42: 15618062003214643351512785939087902716
id: 15618062003214643351512785939087902716
lower: 15618062003214643351512781541041391612
upper: 53937554629190552131995290006614509577
Result (no wrap): true
2025-05-02 21:40:34 INFO  ChordProtocols:179 - Finger 42 peker n책 til: process1
2025-05-02 21:40:34 INFO  ChordProtocols:173 - Beregner fingerID for finger 43: 15618062003214643351512790337134413820
id: 15618062003214643351512790337134413820
lower: 15618062003214643351512781541041391612
upper: 53937554629190552131995290006614509577
Result (no wrap): true
2025-05-02 21:40:34 INFO  ChordProtocols:179 - Finger 43 peker n책 til: process1
2025-05-02 21:40:34 INFO  ChordProtocols:173 - Beregner fingerID for finger 44: 15618062003214643351512799133227436028
id: 15618062003214643351512799133227436028
lower: 15618062003214643351512781541041391612
upper: 53937554629190552131995290006614509577
Result (no wrap): true
2025-05-02 21:40:34 INFO  ChordProtocols:179 - Finger 44 peker n책 til: process1
2025-05-02 21:40:34 INFO  ChordProtocols:173 - Beregner fingerID for finger 45: 15618062003214643351512816725413480444
id: 15618062003214643351512816725413480444
lower: 15618062003214643351512781541041391612
upper: 53937554629190552131995290006614509577
Result (no wrap): true
2025-05-02 21:40:34 INFO  ChordProtocols:179 - Finger 45 peker n책 til: process1
2025-05-02 21:40:34 INFO  ChordProtocols:173 - Beregner fingerID for finger 46: 15618062003214643351512851909785569276
id: 15618062003214643351512851909785569276
lower: 15618062003214643351512781541041391612
upper: 53937554629190552131995290006614509577
Result (no wrap): true
2025-05-02 21:40:34 INFO  ChordProtocols:179 - Finger 46 peker n책 til: process1
2025-05-02 21:40:34 INFO  ChordProtocols:173 - Beregner fingerID for finger 47: 15618062003214643351512922278529746940
id: 15618062003214643351512922278529746940
lower: 15618062003214643351512781541041391612
upper: 53937554629190552131995290006614509577
Result (no wrap): true
2025-05-02 21:40:34 INFO  ChordProtocols:179 - Finger 47 peker n책 til: process1
2025-05-02 21:40:34 INFO  ChordProtocols:173 - Beregner fingerID for finger 48: 15618062003214643351513063016018102268
id: 15618062003214643351513063016018102268
lower: 15618062003214643351512781541041391612
upper: 53937554629190552131995290006614509577
Result (no wrap): true
2025-05-02 21:40:34 INFO  ChordProtocols:179 - Finger 48 peker n책 til: process1
2025-05-02 21:40:34 INFO  ChordProtocols:173 - Beregner fingerID for finger 49: 15618062003214643351513344490994812924
id: 15618062003214643351513344490994812924
lower: 15618062003214643351512781541041391612
upper: 53937554629190552131995290006614509577
Result (no wrap): true
2025-05-02 21:40:34 INFO  ChordProtocols:179 - Finger 49 peker n책 til: process1
2025-05-02 21:40:34 INFO  ChordProtocols:173 - Beregner fingerID for finger 50: 15618062003214643351513907440948234236
id: 15618062003214643351513907440948234236
lower: 15618062003214643351512781541041391612
upper: 53937554629190552131995290006614509577
Result (no wrap): true
2025-05-02 21:40:34 INFO  ChordProtocols:179 - Finger 50 peker n책 til: process1
2025-05-02 21:40:34 INFO  ChordProtocols:173 - Beregner fingerID for finger 51: 15618062003214643351515033340855076860
id: 15618062003214643351515033340855076860
lower: 15618062003214643351512781541041391612
upper: 53937554629190552131995290006614509577
Result (no wrap): true
2025-05-02 21:40:34 INFO  ChordProtocols:179 - Finger 51 peker n책 til: process1
2025-05-02 21:40:34 INFO  ChordProtocols:173 - Beregner fingerID for finger 52: 15618062003214643351517285140668762108
id: 15618062003214643351517285140668762108
lower: 15618062003214643351512781541041391612
upper: 53937554629190552131995290006614509577
Result (no wrap): true
2025-05-02 21:40:34 INFO  ChordProtocols:179 - Finger 52 peker n책 til: process1
2025-05-02 21:40:34 INFO  ChordProtocols:173 - Beregner fingerID for finger 53: 15618062003214643351521788740296132604
id: 15618062003214643351521788740296132604
lower: 15618062003214643351512781541041391612
upper: 53937554629190552131995290006614509577
Result (no wrap): true
2025-05-02 21:40:34 INFO  ChordProtocols:179 - Finger 53 peker n책 til: process1
2025-05-02 21:40:34 INFO  ChordProtocols:173 - Beregner fingerID for finger 54: 15618062003214643351530795939550873596
id: 15618062003214643351530795939550873596
lower: 15618062003214643351512781541041391612
upper: 53937554629190552131995290006614509577
Result (no wrap): true
2025-05-02 21:40:34 INFO  ChordProtocols:179 - Finger 54 peker n책 til: process1
2025-05-02 21:40:34 INFO  ChordProtocols:173 - Beregner fingerID for finger 55: 15618062003214643351548810338060355580
id: 15618062003214643351548810338060355580
lower: 15618062003214643351512781541041391612
upper: 53937554629190552131995290006614509577
Result (no wrap): true
2025-05-02 21:40:34 INFO  ChordProtocols:179 - Finger 55 peker n책 til: process1
2025-05-02 21:40:34 INFO  ChordProtocols:173 - Beregner fingerID for finger 56: 15618062003214643351584839135079319548
id: 15618062003214643351584839135079319548
lower: 15618062003214643351512781541041391612
upper: 53937554629190552131995290006614509577
Result (no wrap): true
2025-05-02 21:40:34 INFO  ChordProtocols:179 - Finger 56 peker n책 til: process1
2025-05-02 21:40:34 INFO  ChordProtocols:173 - Beregner fingerID for finger 57: 15618062003214643351656896729117247484
id: 15618062003214643351656896729117247484
lower: 15618062003214643351512781541041391612
upper: 53937554629190552131995290006614509577
Result (no wrap): true
2025-05-02 21:40:34 INFO  ChordProtocols:179 - Finger 57 peker n책 til: process1
2025-05-02 21:40:34 INFO  ChordProtocols:173 - Beregner fingerID for finger 58: 15618062003214643351801011917193103356
id: 15618062003214643351801011917193103356
lower: 15618062003214643351512781541041391612
upper: 53937554629190552131995290006614509577
Result (no wrap): true
2025-05-02 21:40:34 INFO  ChordProtocols:179 - Finger 58 peker n책 til: process1
2025-05-02 21:40:34 INFO  ChordProtocols:173 - Beregner fingerID for finger 59: 15618062003214643352089242293344815100
id: 15618062003214643352089242293344815100
lower: 15618062003214643351512781541041391612
upper: 53937554629190552131995290006614509577
Result (no wrap): true
2025-05-02 21:40:34 INFO  ChordProtocols:179 - Finger 59 peker n책 til: process1
2025-05-02 21:40:34 INFO  ChordProtocols:173 - Beregner fingerID for finger 60: 15618062003214643352665703045648238588
id: 15618062003214643352665703045648238588
lower: 15618062003214643351512781541041391612
upper: 53937554629190552131995290006614509577
Result (no wrap): true
2025-05-02 21:40:34 INFO  ChordProtocols:179 - Finger 60 peker n책 til: process1
2025-05-02 21:40:34 INFO  ChordProtocols:173 - Beregner fingerID for finger 61: 15618062003214643353818624550255085564
id: 15618062003214643353818624550255085564
lower: 15618062003214643351512781541041391612
upper: 53937554629190552131995290006614509577
Result (no wrap): true
2025-05-02 21:40:34 INFO  ChordProtocols:179 - Finger 61 peker n책 til: process1
2025-05-02 21:40:34 INFO  ChordProtocols:173 - Beregner fingerID for finger 62: 15618062003214643356124467559468779516
id: 15618062003214643356124467559468779516
lower: 15618062003214643351512781541041391612
upper: 53937554629190552131995290006614509577
Result (no wrap): true
2025-05-02 21:40:34 INFO  ChordProtocols:179 - Finger 62 peker n책 til: process1
2025-05-02 21:40:34 INFO  ChordProtocols:173 - Beregner fingerID for finger 63: 15618062003214643360736153577896167420
id: 15618062003214643360736153577896167420
lower: 15618062003214643351512781541041391612
upper: 53937554629190552131995290006614509577
Result (no wrap): true
2025-05-02 21:40:34 INFO  ChordProtocols:179 - Finger 63 peker n책 til: process1
2025-05-02 21:40:34 INFO  ChordProtocols:173 - Beregner fingerID for finger 64: 15618062003214643369959525614750943228
id: 15618062003214643369959525614750943228
lower: 15618062003214643351512781541041391612
upper: 53937554629190552131995290006614509577
Result (no wrap): true
2025-05-02 21:40:34 INFO  ChordProtocols:179 - Finger 64 peker n책 til: process1
2025-05-02 21:40:34 INFO  ChordProtocols:173 - Beregner fingerID for finger 65: 15618062003214643388406269688460494844
id: 15618062003214643388406269688460494844
lower: 15618062003214643351512781541041391612
upper: 53937554629190552131995290006614509577
Result (no wrap): true
2025-05-02 21:40:34 INFO  ChordProtocols:179 - Finger 65 peker n책 til: process1
2025-05-02 21:40:34 INFO  ChordProtocols:173 - Beregner fingerID for finger 66: 15618062003214643425299757835879598076
id: 15618062003214643425299757835879598076
lower: 15618062003214643351512781541041391612
upper: 53937554629190552131995290006614509577
Result (no wrap): true
2025-05-02 21:40:34 INFO  ChordProtocols:179 - Finger 66 peker n책 til: process1
2025-05-02 21:40:34 INFO  ChordProtocols:173 - Beregner fingerID for finger 67: 15618062003214643499086734130717804540
id: 15618062003214643499086734130717804540
lower: 15618062003214643351512781541041391612
upper: 53937554629190552131995290006614509577
Result (no wrap): true
2025-05-02 21:40:34 INFO  ChordProtocols:179 - Finger 67 peker n책 til: process1
2025-05-02 21:40:34 INFO  ChordProtocols:173 - Beregner fingerID for finger 68: 15618062003214643646660686720394217468
id: 15618062003214643646660686720394217468
lower: 15618062003214643351512781541041391612
upper: 53937554629190552131995290006614509577
Result (no wrap): true
2025-05-02 21:40:34 INFO  ChordProtocols:179 - Finger 68 peker n책 til: process1
2025-05-02 21:40:34 INFO  ChordProtocols:173 - Beregner fingerID for finger 69: 15618062003214643941808591899747043324
id: 15618062003214643941808591899747043324
lower: 15618062003214643351512781541041391612
upper: 53937554629190552131995290006614509577
Result (no wrap): true
2025-05-02 21:40:34 INFO  ChordProtocols:179 - Finger 69 peker n책 til: process1
2025-05-02 21:40:34 INFO  ChordProtocols:173 - Beregner fingerID for finger 70: 15618062003214644532104402258452695036
id: 15618062003214644532104402258452695036
lower: 15618062003214643351512781541041391612
upper: 53937554629190552131995290006614509577
Result (no wrap): true
2025-05-02 21:40:34 INFO  ChordProtocols:179 - Finger 70 peker n책 til: process1
2025-05-02 21:40:34 INFO  ChordProtocols:173 - Beregner fingerID for finger 71: 15618062003214645712696022975863998460
id: 15618062003214645712696022975863998460
lower: 15618062003214643351512781541041391612
upper: 53937554629190552131995290006614509577
Result (no wrap): true
2025-05-02 21:40:34 INFO  ChordProtocols:179 - Finger 71 peker n책 til: process1
2025-05-02 21:40:34 INFO  ChordProtocols:173 - Beregner fingerID for finger 72: 15618062003214648073879264410686605308
id: 15618062003214648073879264410686605308
lower: 15618062003214643351512781541041391612
upper: 53937554629190552131995290006614509577
Result (no wrap): true
2025-05-02 21:40:34 INFO  ChordProtocols:179 - Finger 72 peker n책 til: process1
2025-05-02 21:40:34 INFO  ChordProtocols:173 - Beregner fingerID for finger 73: 15618062003214652796245747280331819004
id: 15618062003214652796245747280331819004
lower: 15618062003214643351512781541041391612
upper: 53937554629190552131995290006614509577
Result (no wrap): true
2025-05-02 21:40:34 INFO  ChordProtocols:179 - Finger 73 peker n책 til: process1
2025-05-02 21:40:34 INFO  ChordProtocols:173 - Beregner fingerID for finger 74: 15618062003214662240978713019622246396
id: 15618062003214662240978713019622246396
lower: 15618062003214643351512781541041391612
upper: 53937554629190552131995290006614509577
Result (no wrap): true
2025-05-02 21:40:34 INFO  ChordProtocols:179 - Finger 74 peker n책 til: process1
2025-05-02 21:40:34 INFO  ChordProtocols:173 - Beregner fingerID for finger 75: 15618062003214681130444644498203101180
id: 15618062003214681130444644498203101180
lower: 15618062003214643351512781541041391612
upper: 53937554629190552131995290006614509577
Result (no wrap): true
2025-05-02 21:40:34 INFO  ChordProtocols:179 - Finger 75 peker n책 til: process1
2025-05-02 21:40:34 INFO  ChordProtocols:173 - Beregner fingerID for finger 76: 15618062003214718909376507455364810748
id: 15618062003214718909376507455364810748
lower: 15618062003214643351512781541041391612
upper: 53937554629190552131995290006614509577
Result (no wrap): true
2025-05-02 21:40:34 INFO  ChordProtocols:179 - Finger 76 peker n책 til: process1
2025-05-02 21:40:34 INFO  ChordProtocols:173 - Beregner fingerID for finger 77: 15618062003214794467240233369688229884
id: 15618062003214794467240233369688229884
lower: 15618062003214643351512781541041391612
upper: 53937554629190552131995290006614509577
Result (no wrap): true
2025-05-02 21:40:34 INFO  ChordProtocols:179 - Finger 77 peker n책 til: process1
2025-05-02 21:40:34 INFO  ChordProtocols:173 - Beregner fingerID for finger 78: 15618062003214945582967685198335068156
id: 15618062003214945582967685198335068156
lower: 15618062003214643351512781541041391612
upper: 53937554629190552131995290006614509577
Result (no wrap): true
2025-05-02 21:40:34 INFO  ChordProtocols:179 - Finger 78 peker n책 til: process1
2025-05-02 21:40:34 INFO  ChordProtocols:173 - Beregner fingerID for finger 79: 15618062003215247814422588855628744700
id: 15618062003215247814422588855628744700
lower: 15618062003214643351512781541041391612
upper: 53937554629190552131995290006614509577
Result (no wrap): true
2025-05-02 21:40:34 INFO  ChordProtocols:179 - Finger 79 peker n책 til: process1
2025-05-02 21:40:34 INFO  ChordProtocols:173 - Beregner fingerID for finger 80: 15618062003215852277332396170216097788
id: 15618062003215852277332396170216097788
lower: 15618062003214643351512781541041391612
upper: 53937554629190552131995290006614509577
Result (no wrap): true
2025-05-02 21:40:34 INFO  ChordProtocols:179 - Finger 80 peker n책 til: process1
2025-05-02 21:40:34 INFO  ChordProtocols:173 - Beregner fingerID for finger 81: 15618062003217061203152010799390803964
id: 15618062003217061203152010799390803964
lower: 15618062003214643351512781541041391612
upper: 53937554629190552131995290006614509577
Result (no wrap): true
2025-05-02 21:40:34 INFO  ChordProtocols:179 - Finger 81 peker n책 til: process1
2025-05-02 21:40:34 INFO  ChordProtocols:173 - Beregner fingerID for finger 82: 15618062003219479054791240057740216316
id: 15618062003219479054791240057740216316
lower: 15618062003214643351512781541041391612
upper: 53937554629190552131995290006614509577
Result (no wrap): true
2025-05-02 21:40:34 INFO  ChordProtocols:179 - Finger 82 peker n책 til: process1
2025-05-02 21:40:34 INFO  ChordProtocols:173 - Beregner fingerID for finger 83: 15618062003224314758069698574439041020
id: 15618062003224314758069698574439041020
lower: 15618062003214643351512781541041391612
upper: 53937554629190552131995290006614509577
Result (no wrap): true
2025-05-02 21:40:34 INFO  ChordProtocols:179 - Finger 83 peker n책 til: process1
2025-05-02 21:40:34 INFO  ChordProtocols:173 - Beregner fingerID for finger 84: 15618062003233986164626615607836690428
id: 15618062003233986164626615607836690428
lower: 15618062003214643351512781541041391612
upper: 53937554629190552131995290006614509577
Result (no wrap): true
2025-05-02 21:40:34 INFO  ChordProtocols:179 - Finger 84 peker n책 til: process1
2025-05-02 21:40:34 INFO  ChordProtocols:173 - Beregner fingerID for finger 85: 15618062003253328977740449674631989244
id: 15618062003253328977740449674631989244
lower: 15618062003214643351512781541041391612
upper: 53937554629190552131995290006614509577
Result (no wrap): true
2025-05-02 21:40:34 INFO  ChordProtocols:179 - Finger 85 peker n책 til: process1
2025-05-02 21:40:34 INFO  ChordProtocols:173 - Beregner fingerID for finger 86: 15618062003292014603968117808222586876
id: 15618062003292014603968117808222586876
lower: 15618062003214643351512781541041391612
upper: 53937554629190552131995290006614509577
Result (no wrap): true
2025-05-02 21:40:34 INFO  ChordProtocols:179 - Finger 86 peker n책 til: process1
2025-05-02 21:40:34 INFO  ChordProtocols:173 - Beregner fingerID for finger 87: 15618062003369385856423454075403782140
id: 15618062003369385856423454075403782140
lower: 15618062003214643351512781541041391612
upper: 53937554629190552131995290006614509577
Result (no wrap): true
2025-05-02 21:40:34 INFO  ChordProtocols:179 - Finger 87 peker n책 til: process1
2025-05-02 21:40:34 INFO  ChordProtocols:173 - Beregner fingerID for finger 88: 15618062003524128361334126609766172668
id: 15618062003524128361334126609766172668
lower: 15618062003214643351512781541041391612
upper: 53937554629190552131995290006614509577
Result (no wrap): true
2025-05-02 21:40:34 INFO  ChordProtocols:179 - Finger 88 peker n책 til: process1
2025-05-02 21:40:34 INFO  ChordProtocols:173 - Beregner fingerID for finger 89: 15618062003833613371155471678490953724
id: 15618062003833613371155471678490953724
lower: 15618062003214643351512781541041391612
upper: 53937554629190552131995290006614509577
Result (no wrap): true
2025-05-02 21:40:34 INFO  ChordProtocols:179 - Finger 89 peker n책 til: process1
2025-05-02 21:40:34 INFO  ChordProtocols:173 - Beregner fingerID for finger 90: 15618062004452583390798161815940515836
id: 15618062004452583390798161815940515836
lower: 15618062003214643351512781541041391612
upper: 53937554629190552131995290006614509577
Result (no wrap): true
2025-05-02 21:40:34 INFO  ChordProtocols:179 - Finger 90 peker n책 til: process1
2025-05-02 21:40:34 INFO  ChordProtocols:173 - Beregner fingerID for finger 91: 15618062005690523430083542090839640060
id: 15618062005690523430083542090839640060
lower: 15618062003214643351512781541041391612
upper: 53937554629190552131995290006614509577
Result (no wrap): true
2025-05-02 21:40:34 INFO  ChordProtocols:179 - Finger 91 peker n책 til: process1
2025-05-02 21:40:34 INFO  ChordProtocols:173 - Beregner fingerID for finger 92: 15618062008166403508654302640637888508
id: 15618062008166403508654302640637888508
lower: 15618062003214643351512781541041391612
upper: 53937554629190552131995290006614509577
Result (no wrap): true
2025-05-02 21:40:34 INFO  ChordProtocols:179 - Finger 92 peker n책 til: process1
2025-05-02 21:40:34 INFO  ChordProtocols:173 - Beregner fingerID for finger 93: 15618062013118163665795823740234385404
id: 15618062013118163665795823740234385404
lower: 15618062003214643351512781541041391612
upper: 53937554629190552131995290006614509577
Result (no wrap): true
2025-05-02 21:40:34 INFO  ChordProtocols:179 - Finger 93 peker n책 til: process1
2025-05-02 21:40:34 INFO  ChordProtocols:173 - Beregner fingerID for finger 94: 15618062023021683980078865939427379196
id: 15618062023021683980078865939427379196
lower: 15618062003214643351512781541041391612
upper: 53937554629190552131995290006614509577
Result (no wrap): true
2025-05-02 21:40:34 INFO  ChordProtocols:179 - Finger 94 peker n책 til: process1
2025-05-02 21:40:34 INFO  ChordProtocols:173 - Beregner fingerID for finger 95: 15618062042828724608644950337813366780
id: 15618062042828724608644950337813366780
lower: 15618062003214643351512781541041391612
upper: 53937554629190552131995290006614509577
Result (no wrap): true
2025-05-02 21:40:34 INFO  ChordProtocols:179 - Finger 95 peker n책 til: process1
2025-05-02 21:40:34 INFO  ChordProtocols:173 - Beregner fingerID for finger 96: 15618062082442805865777119134585341948
id: 15618062082442805865777119134585341948
lower: 15618062003214643351512781541041391612
upper: 53937554629190552131995290006614509577
Result (no wrap): true
2025-05-02 21:40:34 INFO  ChordProtocols:179 - Finger 96 peker n책 til: process1
2025-05-02 21:40:34 INFO  ChordProtocols:173 - Beregner fingerID for finger 97: 15618062161670968380041456728129292284
id: 15618062161670968380041456728129292284
lower: 15618062003214643351512781541041391612
upper: 53937554629190552131995290006614509577
Result (no wrap): true
2025-05-02 21:40:34 INFO  ChordProtocols:179 - Finger 97 peker n책 til: process1
2025-05-02 21:40:34 INFO  ChordProtocols:173 - Beregner fingerID for finger 98: 15618062320127293408570131915217192956
id: 15618062320127293408570131915217192956
lower: 15618062003214643351512781541041391612
upper: 53937554629190552131995290006614509577
Result (no wrap): true
2025-05-02 21:40:34 INFO  ChordProtocols:179 - Finger 98 peker n책 til: process1
2025-05-02 21:40:34 INFO  ChordProtocols:173 - Beregner fingerID for finger 99: 15618062637039943465627482289392994300
id: 15618062637039943465627482289392994300
lower: 15618062003214643351512781541041391612
upper: 53937554629190552131995290006614509577
Result (no wrap): true
2025-05-02 21:40:34 INFO  ChordProtocols:179 - Finger 99 peker n책 til: process1
2025-05-02 21:40:34 INFO  ChordProtocols:173 - Beregner fingerID for finger 100: 15618063270865243579742183037744596988
id: 15618063270865243579742183037744596988
lower: 15618062003214643351512781541041391612
upper: 53937554629190552131995290006614509577
Result (no wrap): true
2025-05-02 21:40:34 INFO  ChordProtocols:179 - Finger 100 peker n책 til: process1
2025-05-02 21:40:34 INFO  ChordProtocols:173 - Beregner fingerID for finger 101: 15618064538515843807971584534447802364
id: 15618064538515843807971584534447802364
lower: 15618062003214643351512781541041391612
upper: 53937554629190552131995290006614509577
Result (no wrap): true
2025-05-02 21:40:34 INFO  ChordProtocols:179 - Finger 101 peker n책 til: process1
2025-05-02 21:40:34 INFO  ChordProtocols:173 - Beregner fingerID for finger 102: 15618067073817044264430387527854213116
id: 15618067073817044264430387527854213116
lower: 15618062003214643351512781541041391612
upper: 53937554629190552131995290006614509577
Result (no wrap): true
2025-05-02 21:40:34 INFO  ChordProtocols:179 - Finger 102 peker n책 til: process1
2025-05-02 21:40:34 INFO  ChordProtocols:173 - Beregner fingerID for finger 103: 15618072144419445177347993514667034620
id: 15618072144419445177347993514667034620
lower: 15618062003214643351512781541041391612
upper: 53937554629190552131995290006614509577
Result (no wrap): true
2025-05-02 21:40:34 INFO  ChordProtocols:179 - Finger 103 peker n책 til: process1
2025-05-02 21:40:34 INFO  ChordProtocols:173 - Beregner fingerID for finger 104: 15618082285624247003183205488292677628
id: 15618082285624247003183205488292677628
lower: 15618062003214643351512781541041391612
upper: 53937554629190552131995290006614509577
Result (no wrap): true
2025-05-02 21:40:34 INFO  ChordProtocols:179 - Finger 104 peker n책 til: process1
2025-05-02 21:40:34 INFO  ChordProtocols:173 - Beregner fingerID for finger 105: 15618102568033850654853629435543963644
id: 15618102568033850654853629435543963644
lower: 15618062003214643351512781541041391612
upper: 53937554629190552131995290006614509577
Result (no wrap): true
2025-05-02 21:40:34 INFO  ChordProtocols:179 - Finger 105 peker n책 til: process1
2025-05-02 21:40:34 INFO  ChordProtocols:173 - Beregner fingerID for finger 106: 15618143132853057958194477330046535676
id: 15618143132853057958194477330046535676
lower: 15618062003214643351512781541041391612
upper: 53937554629190552131995290006614509577
Result (no wrap): true
2025-05-02 21:40:34 INFO  ChordProtocols:179 - Finger 106 peker n책 til: process1
2025-05-02 21:40:34 INFO  ChordProtocols:173 - Beregner fingerID for finger 107: 15618224262491472564876173119051679740
id: 15618224262491472564876173119051679740
lower: 15618062003214643351512781541041391612
upper: 53937554629190552131995290006614509577
Result (no wrap): true
2025-05-02 21:40:34 INFO  ChordProtocols:179 - Finger 107 peker n책 til: process1
2025-05-02 21:40:34 INFO  ChordProtocols:173 - Beregner fingerID for finger 108: 15618386521768301778239564697061967868
id: 15618386521768301778239564697061967868
lower: 15618062003214643351512781541041391612
upper: 53937554629190552131995290006614509577
Result (no wrap): true
2025-05-02 21:40:34 INFO  ChordProtocols:179 - Finger 108 peker n책 til: process1
2025-05-02 21:40:34 INFO  ChordProtocols:173 - Beregner fingerID for finger 109: 15618711040321960204966347853082544124
id: 15618711040321960204966347853082544124
lower: 15618062003214643351512781541041391612
upper: 53937554629190552131995290006614509577
Result (no wrap): true
2025-05-02 21:40:34 INFO  ChordProtocols:179 - Finger 109 peker n책 til: process1
2025-05-02 21:40:34 INFO  ChordProtocols:173 - Beregner fingerID for finger 110: 15619360077429277058419914165123696636
id: 15619360077429277058419914165123696636
lower: 15618062003214643351512781541041391612
upper: 53937554629190552131995290006614509577
Result (no wrap): true
2025-05-02 21:40:34 INFO  ChordProtocols:179 - Finger 110 peker n책 til: process1
2025-05-02 21:40:34 INFO  ChordProtocols:173 - Beregner fingerID for finger 111: 15620658151643910765327046789206001660
id: 15620658151643910765327046789206001660
lower: 15618062003214643351512781541041391612
upper: 53937554629190552131995290006614509577
Result (no wrap): true
2025-05-02 21:40:34 INFO  ChordProtocols:179 - Finger 111 peker n책 til: process1
2025-05-02 21:40:34 INFO  ChordProtocols:173 - Beregner fingerID for finger 112: 15623254300073178179141312037370611708
id: 15623254300073178179141312037370611708
lower: 15618062003214643351512781541041391612
upper: 53937554629190552131995290006614509577
Result (no wrap): true
2025-05-02 21:40:34 INFO  ChordProtocols:179 - Finger 112 peker n책 til: process1
2025-05-02 21:40:34 INFO  ChordProtocols:173 - Beregner fingerID for finger 113: 15628446596931713006769842533699831804
id: 15628446596931713006769842533699831804
lower: 15618062003214643351512781541041391612
upper: 53937554629190552131995290006614509577
Result (no wrap): true
2025-05-02 21:40:34 INFO  ChordProtocols:179 - Finger 113 peker n책 til: process1
2025-05-02 21:40:34 INFO  ChordProtocols:173 - Beregner fingerID for finger 114: 15638831190648782662026903526358271996
id: 15638831190648782662026903526358271996
lower: 15618062003214643351512781541041391612
upper: 53937554629190552131995290006614509577
Result (no wrap): true
2025-05-02 21:40:34 INFO  ChordProtocols:179 - Finger 114 peker n책 til: process1
2025-05-02 21:40:34 INFO  ChordProtocols:173 - Beregner fingerID for finger 115: 15659600378082921972541025511675152380
id: 15659600378082921972541025511675152380
lower: 15618062003214643351512781541041391612
upper: 53937554629190552131995290006614509577
Result (no wrap): true
2025-05-02 21:40:34 INFO  ChordProtocols:179 - Finger 115 peker n책 til: process1
2025-05-02 21:40:34 INFO  ChordProtocols:173 - Beregner fingerID for finger 116: 15701138752951200593569269482308913148
id: 15701138752951200593569269482308913148
lower: 15618062003214643351512781541041391612
upper: 53937554629190552131995290006614509577
Result (no wrap): true
2025-05-02 21:40:34 INFO  ChordProtocols:179 - Finger 116 peker n책 til: process1
2025-05-02 21:40:34 INFO  ChordProtocols:173 - Beregner fingerID for finger 117: 15784215502687757835625757423576434684
id: 15784215502687757835625757423576434684
lower: 15618062003214643351512781541041391612
upper: 53937554629190552131995290006614509577
Result (no wrap): true
2025-05-02 21:40:34 INFO  ChordProtocols:179 - Finger 117 peker n책 til: process1
2025-05-02 21:40:34 INFO  ChordProtocols:173 - Beregner fingerID for finger 118: 15950369002160872319738733306111477756
id: 15950369002160872319738733306111477756
lower: 15618062003214643351512781541041391612
upper: 53937554629190552131995290006614509577
Result (no wrap): true
2025-05-02 21:40:34 INFO  ChordProtocols:179 - Finger 118 peker n책 til: process1
2025-05-02 21:40:34 INFO  ChordProtocols:173 - Beregner fingerID for finger 119: 16282676001107101287964685071181563900
id: 16282676001107101287964685071181563900
lower: 15618062003214643351512781541041391612
upper: 53937554629190552131995290006614509577
Result (no wrap): true
2025-05-02 21:40:34 INFO  ChordProtocols:179 - Finger 119 peker n책 til: process1
2025-05-02 21:40:34 INFO  ChordProtocols:173 - Beregner fingerID for finger 120: 16947289998999559224416588601321736188
id: 16947289998999559224416588601321736188
lower: 15618062003214643351512781541041391612
upper: 53937554629190552131995290006614509577
Result (no wrap): true
2025-05-02 21:40:34 INFO  ChordProtocols:179 - Finger 120 peker n책 til: process1
2025-05-02 21:40:34 INFO  ChordProtocols:173 - Beregner fingerID for finger 121: 18276517994784475097320395661602080764
id: 18276517994784475097320395661602080764
lower: 15618062003214643351512781541041391612
upper: 53937554629190552131995290006614509577
Result (no wrap): true
2025-05-02 21:40:34 INFO  ChordProtocols:179 - Finger 121 peker n책 til: process1
2025-05-02 21:40:34 INFO  ChordProtocols:173 - Beregner fingerID for finger 122: 20934973986354306843128009782162769916
id: 20934973986354306843128009782162769916
lower: 15618062003214643351512781541041391612
upper: 53937554629190552131995290006614509577
Result (no wrap): true
2025-05-02 21:40:34 INFO  ChordProtocols:179 - Finger 122 peker n책 til: process1
2025-05-02 21:40:34 INFO  ChordProtocols:173 - Beregner fingerID for finger 123: 26251885969493970334743238023284148220
id: 26251885969493970334743238023284148220
lower: 15618062003214643351512781541041391612
upper: 53937554629190552131995290006614509577
Result (no wrap): true
2025-05-02 21:40:34 INFO  ChordProtocols:179 - Finger 123 peker n책 til: process1
2025-05-02 21:40:34 INFO  ChordProtocols:173 - Beregner fingerID for finger 124: 36885709935773297317973694505526904828
id: 36885709935773297317973694505526904828
lower: 15618062003214643351512781541041391612
upper: 53937554629190552131995290006614509577
Result (no wrap): true
2025-05-02 21:40:34 INFO  ChordProtocols:179 - Finger 124 peker n책 til: process1
2025-05-02 21:40:34 INFO  ChordProtocols:173 - Beregner fingerID for finger 125: 58153357868331951284434607470012418044
id: 58153357868331951284434607470012418044
lower: 15618062003214643351512781541041391612
upper: 53937554629190552131995290006614509577
Result (no wrap): false
id: 53937554629190552131995290006614509577
lower: 15618062003214643351512781541041391612
upper: 58153357868331951284434607470012418044
Result (no wrap): true
id: 58153357868331951284434607470012418044
lower: 53937554629190552131995290006614509577
upper: 66910184482037901621933403444034052414
Result (no wrap): true
2025-05-02 21:40:34 INFO  ChordProtocols:179 - Finger 125 peker n책 til: process3
2025-05-02 21:40:34 INFO  ChordProtocols:173 - Beregner fingerID for finger 126: 100688653733449259217356433398983444476
id: 100688653733449259217356433398983444476
lower: 15618062003214643351512781541041391612
upper: 53937554629190552131995290006614509577
Result (no wrap): false
id: 66910184482037901621933403444034052414
lower: 15618062003214643351512781541041391612
upper: 100688653733449259217356433398983444476
Result (no wrap): true
id: 100688653733449259217356433398983444476
lower: 66910184482037901621933403444034052414
upper: 121411138451101288395601026024677976156
Result (no wrap): true
2025-05-02 21:40:34 INFO  ChordProtocols:179 - Finger 126 peker n책 til: process5
2025-05-02 21:40:34 INFO  ChordProtocols:173 - Beregner fingerID for finger 127: 185759245463683875083200085256925497340
id: 185759245463683875083200085256925497340
lower: 15618062003214643351512781541041391612
upper: 53937554629190552131995290006614509577
Result (no wrap): false
id: 121411138451101288395601026024677976156
lower: 15618062003214643351512781541041391612
upper: 185759245463683875083200085256925497340
Result (no wrap): true
id: 185759245463683875083200085256925497340
lower: 121411138451101288395601026024677976156
upper: 210821560651360572675896360671414673172
Result (no wrap): true
2025-05-02 21:40:34 INFO  ChordProtocols:179 - Finger 127 peker n책 til: process4
2025-05-02 21:40:34 INFO  StabilizationProtocols:60 - Checking the predecessor for Node: process2
==================================
Node Identifier = 15618062003214643351512781541041391612
Node IP address = process2
successor(process2) = process1
predecessor(process2) = process4
Current File keys for process2 => [13988058880685873568223126745537177142, 263856675938514540210526796966916740559, 240788495190661943955842370400050808545, 305513342937436802305366564249075562188, 8256520967608282605234844990226290265, 239639416547729385993578111985362970770, 214974501590503159329658682485012382526]
==================================
2025-05-02 21:40:35 INFO  StabilizationProtocols:130 - Updating the successor for Node: process3
id: 66910184482037901621933403444034052415
lower: 66910184482037901621933403444034052414
upper: 121411138451101288395601026024677976156
Result (no wrap): true
2025-05-02 21:40:35 INFO  StabilizationProtocols:84 - Stabilizing ring from process3...
2025-05-02 21:40:35 INFO  StabilizationProtocols:91 - Stabilize ring: succnode = process5
id: 66910184482037901621933403444034052414
lower: 66910184482037901621933403444034052415
upper: 121411138451101288395601026024677976157
Result (no wrap): false
2025-05-02 21:40:35 INFO  StabilizationProtocols:113 - Finished stabilizing chordring from process3
2025-05-02 21:40:35 INFO  ChordProtocols:159 - Oppdaterer FingerTable for Node: process3
2025-05-02 21:40:35 INFO  ChordProtocols:173 - Beregner fingerID for finger 0: 66910184482037901621933403444034052415
id: 66910184482037901621933403444034052415
lower: 66910184482037901621933403444034052414
upper: 121411138451101288395601026024677976156
Result (no wrap): true
2025-05-02 21:40:35 INFO  ChordProtocols:179 - Finger 0 peker n책 til: process5
2025-05-02 21:40:35 INFO  ChordProtocols:173 - Beregner fingerID for finger 1: 66910184482037901621933403444034052416
id: 66910184482037901621933403444034052416
lower: 66910184482037901621933403444034052414
upper: 121411138451101288395601026024677976156
Result (no wrap): true
2025-05-02 21:40:35 INFO  ChordProtocols:179 - Finger 1 peker n책 til: process5
2025-05-02 21:40:35 INFO  ChordProtocols:173 - Beregner fingerID for finger 2: 66910184482037901621933403444034052418
id: 66910184482037901621933403444034052418
lower: 66910184482037901621933403444034052414
upper: 121411138451101288395601026024677976156
Result (no wrap): true
2025-05-02 21:40:35 INFO  ChordProtocols:179 - Finger 2 peker n책 til: process5
2025-05-02 21:40:35 INFO  ChordProtocols:173 - Beregner fingerID for finger 3: 66910184482037901621933403444034052422
id: 66910184482037901621933403444034052422
lower: 66910184482037901621933403444034052414
upper: 121411138451101288395601026024677976156
Result (no wrap): true
2025-05-02 21:40:35 INFO  ChordProtocols:179 - Finger 3 peker n책 til: process5
2025-05-02 21:40:35 INFO  ChordProtocols:173 - Beregner fingerID for finger 4: 66910184482037901621933403444034052430
id: 66910184482037901621933403444034052430
lower: 66910184482037901621933403444034052414
upper: 121411138451101288395601026024677976156
Result (no wrap): true
2025-05-02 21:40:35 INFO  ChordProtocols:179 - Finger 4 peker n책 til: process5
2025-05-02 21:40:35 INFO  ChordProtocols:173 - Beregner fingerID for finger 5: 66910184482037901621933403444034052446
id: 66910184482037901621933403444034052446
lower: 66910184482037901621933403444034052414
upper: 121411138451101288395601026024677976156
Result (no wrap): true
2025-05-02 21:40:35 INFO  ChordProtocols:179 - Finger 5 peker n책 til: process5
2025-05-02 21:40:35 INFO  ChordProtocols:173 - Beregner fingerID for finger 6: 66910184482037901621933403444034052478
id: 66910184482037901621933403444034052478
lower: 66910184482037901621933403444034052414
upper: 121411138451101288395601026024677976156
Result (no wrap): true
2025-05-02 21:40:35 INFO  ChordProtocols:179 - Finger 6 peker n책 til: process5
2025-05-02 21:40:35 INFO  ChordProtocols:173 - Beregner fingerID for finger 7: 66910184482037901621933403444034052542
id: 66910184482037901621933403444034052542
lower: 66910184482037901621933403444034052414
upper: 121411138451101288395601026024677976156
Result (no wrap): true
2025-05-02 21:40:35 INFO  ChordProtocols:179 - Finger 7 peker n책 til: process5
2025-05-02 21:40:35 INFO  ChordProtocols:173 - Beregner fingerID for finger 8: 66910184482037901621933403444034052670
id: 66910184482037901621933403444034052670
lower: 66910184482037901621933403444034052414
upper: 121411138451101288395601026024677976156
Result (no wrap): true
2025-05-02 21:40:35 INFO  ChordProtocols:179 - Finger 8 peker n책 til: process5
2025-05-02 21:40:35 INFO  ChordProtocols:173 - Beregner fingerID for finger 9: 66910184482037901621933403444034052926
id: 66910184482037901621933403444034052926
lower: 66910184482037901621933403444034052414
upper: 121411138451101288395601026024677976156
Result (no wrap): true
2025-05-02 21:40:35 INFO  ChordProtocols:179 - Finger 9 peker n책 til: process5
2025-05-02 21:40:35 INFO  ChordProtocols:173 - Beregner fingerID for finger 10: 66910184482037901621933403444034053438
id: 66910184482037901621933403444034053438
lower: 66910184482037901621933403444034052414
upper: 121411138451101288395601026024677976156
Result (no wrap): true
2025-05-02 21:40:35 INFO  ChordProtocols:179 - Finger 10 peker n책 til: process5
2025-05-02 21:40:35 INFO  ChordProtocols:173 - Beregner fingerID for finger 11: 66910184482037901621933403444034054462
id: 66910184482037901621933403444034054462
lower: 66910184482037901621933403444034052414
upper: 121411138451101288395601026024677976156
Result (no wrap): true
2025-05-02 21:40:35 INFO  ChordProtocols:179 - Finger 11 peker n책 til: process5
2025-05-02 21:40:35 INFO  ChordProtocols:173 - Beregner fingerID for finger 12: 66910184482037901621933403444034056510
id: 66910184482037901621933403444034056510
lower: 66910184482037901621933403444034052414
upper: 121411138451101288395601026024677976156
Result (no wrap): true
2025-05-02 21:40:35 INFO  ChordProtocols:179 - Finger 12 peker n책 til: process5
2025-05-02 21:40:35 INFO  ChordProtocols:173 - Beregner fingerID for finger 13: 66910184482037901621933403444034060606
id: 66910184482037901621933403444034060606
lower: 66910184482037901621933403444034052414
upper: 121411138451101288395601026024677976156
Result (no wrap): true
2025-05-02 21:40:35 INFO  ChordProtocols:179 - Finger 13 peker n책 til: process5
2025-05-02 21:40:35 INFO  ChordProtocols:173 - Beregner fingerID for finger 14: 66910184482037901621933403444034068798
id: 66910184482037901621933403444034068798
lower: 66910184482037901621933403444034052414
upper: 121411138451101288395601026024677976156
Result (no wrap): true
2025-05-02 21:40:35 INFO  ChordProtocols:179 - Finger 14 peker n책 til: process5
2025-05-02 21:40:35 INFO  ChordProtocols:173 - Beregner fingerID for finger 15: 66910184482037901621933403444034085182
id: 66910184482037901621933403444034085182
lower: 66910184482037901621933403444034052414
upper: 121411138451101288395601026024677976156
Result (no wrap): true
2025-05-02 21:40:35 INFO  ChordProtocols:179 - Finger 15 peker n책 til: process5
2025-05-02 21:40:35 INFO  ChordProtocols:173 - Beregner fingerID for finger 16: 66910184482037901621933403444034117950
id: 66910184482037901621933403444034117950
lower: 66910184482037901621933403444034052414
upper: 121411138451101288395601026024677976156
Result (no wrap): true
2025-05-02 21:40:35 INFO  ChordProtocols:179 - Finger 16 peker n책 til: process5
2025-05-02 21:40:35 INFO  ChordProtocols:173 - Beregner fingerID for finger 17: 66910184482037901621933403444034183486
id: 66910184482037901621933403444034183486
lower: 66910184482037901621933403444034052414
upper: 121411138451101288395601026024677976156
Result (no wrap): true
2025-05-02 21:40:35 INFO  ChordProtocols:179 - Finger 17 peker n책 til: process5
2025-05-02 21:40:35 INFO  ChordProtocols:173 - Beregner fingerID for finger 18: 66910184482037901621933403444034314558
id: 66910184482037901621933403444034314558
lower: 66910184482037901621933403444034052414
upper: 121411138451101288395601026024677976156
Result (no wrap): true
2025-05-02 21:40:35 INFO  ChordProtocols:179 - Finger 18 peker n책 til: process5
2025-05-02 21:40:35 INFO  ChordProtocols:173 - Beregner fingerID for finger 19: 66910184482037901621933403444034576702
id: 66910184482037901621933403444034576702
lower: 66910184482037901621933403444034052414
upper: 121411138451101288395601026024677976156
Result (no wrap): true
2025-05-02 21:40:35 INFO  ChordProtocols:179 - Finger 19 peker n책 til: process5
2025-05-02 21:40:35 INFO  ChordProtocols:173 - Beregner fingerID for finger 20: 66910184482037901621933403444035100990
id: 66910184482037901621933403444035100990
lower: 66910184482037901621933403444034052414
upper: 121411138451101288395601026024677976156
Result (no wrap): true
2025-05-02 21:40:35 INFO  ChordProtocols:179 - Finger 20 peker n책 til: process5
2025-05-02 21:40:35 INFO  ChordProtocols:173 - Beregner fingerID for finger 21: 66910184482037901621933403444036149566
id: 66910184482037901621933403444036149566
lower: 66910184482037901621933403444034052414
upper: 121411138451101288395601026024677976156
Result (no wrap): true
2025-05-02 21:40:35 INFO  ChordProtocols:179 - Finger 21 peker n책 til: process5
2025-05-02 21:40:35 INFO  ChordProtocols:173 - Beregner fingerID for finger 22: 66910184482037901621933403444038246718
id: 66910184482037901621933403444038246718
lower: 66910184482037901621933403444034052414
upper: 121411138451101288395601026024677976156
Result (no wrap): true
2025-05-02 21:40:35 INFO  ChordProtocols:179 - Finger 22 peker n책 til: process5
2025-05-02 21:40:35 INFO  ChordProtocols:173 - Beregner fingerID for finger 23: 66910184482037901621933403444042441022
id: 66910184482037901621933403444042441022
lower: 66910184482037901621933403444034052414
upper: 121411138451101288395601026024677976156
Result (no wrap): true
2025-05-02 21:40:35 INFO  ChordProtocols:179 - Finger 23 peker n책 til: process5
2025-05-02 21:40:35 INFO  ChordProtocols:173 - Beregner fingerID for finger 24: 66910184482037901621933403444050829630
id: 66910184482037901621933403444050829630
lower: 66910184482037901621933403444034052414
upper: 121411138451101288395601026024677976156
Result (no wrap): true
2025-05-02 21:40:35 INFO  ChordProtocols:179 - Finger 24 peker n책 til: process5
2025-05-02 21:40:35 INFO  ChordProtocols:173 - Beregner fingerID for finger 25: 66910184482037901621933403444067606846
id: 66910184482037901621933403444067606846
lower: 66910184482037901621933403444034052414
upper: 121411138451101288395601026024677976156
Result (no wrap): true
2025-05-02 21:40:35 INFO  ChordProtocols:179 - Finger 25 peker n책 til: process5
2025-05-02 21:40:35 INFO  ChordProtocols:173 - Beregner fingerID for finger 26: 66910184482037901621933403444101161278
id: 66910184482037901621933403444101161278
lower: 66910184482037901621933403444034052414
upper: 121411138451101288395601026024677976156
Result (no wrap): true
2025-05-02 21:40:35 INFO  ChordProtocols:179 - Finger 26 peker n책 til: process5
2025-05-02 21:40:35 INFO  ChordProtocols:173 - Beregner fingerID for finger 27: 66910184482037901621933403444168270142
id: 66910184482037901621933403444168270142
lower: 66910184482037901621933403444034052414
upper: 121411138451101288395601026024677976156
Result (no wrap): true
2025-05-02 21:40:35 INFO  ChordProtocols:179 - Finger 27 peker n책 til: process5
2025-05-02 21:40:35 INFO  ChordProtocols:173 - Beregner fingerID for finger 28: 66910184482037901621933403444302487870
id: 66910184482037901621933403444302487870
lower: 66910184482037901621933403444034052414
upper: 121411138451101288395601026024677976156
Result (no wrap): true
2025-05-02 21:40:35 INFO  ChordProtocols:179 - Finger 28 peker n책 til: process5
2025-05-02 21:40:35 INFO  ChordProtocols:173 - Beregner fingerID for finger 29: 66910184482037901621933403444570923326
id: 66910184482037901621933403444570923326
lower: 66910184482037901621933403444034052414
upper: 121411138451101288395601026024677976156
Result (no wrap): true
2025-05-02 21:40:35 INFO  ChordProtocols:179 - Finger 29 peker n책 til: process5
2025-05-02 21:40:35 INFO  ChordProtocols:173 - Beregner fingerID for finger 30: 66910184482037901621933403445107794238
id: 66910184482037901621933403445107794238
lower: 66910184482037901621933403444034052414
upper: 121411138451101288395601026024677976156
Result (no wrap): true
2025-05-02 21:40:35 INFO  ChordProtocols:179 - Finger 30 peker n책 til: process5
2025-05-02 21:40:35 INFO  ChordProtocols:173 - Beregner fingerID for finger 31: 66910184482037901621933403446181536062
id: 66910184482037901621933403446181536062
lower: 66910184482037901621933403444034052414
upper: 121411138451101288395601026024677976156
Result (no wrap): true
2025-05-02 21:40:35 INFO  ChordProtocols:179 - Finger 31 peker n책 til: process5
2025-05-02 21:40:35 INFO  ChordProtocols:173 - Beregner fingerID for finger 32: 66910184482037901621933403448329019710
id: 66910184482037901621933403448329019710
lower: 66910184482037901621933403444034052414
upper: 121411138451101288395601026024677976156
Result (no wrap): true
2025-05-02 21:40:35 INFO  ChordProtocols:179 - Finger 32 peker n책 til: process5
2025-05-02 21:40:35 INFO  ChordProtocols:173 - Beregner fingerID for finger 33: 66910184482037901621933403452623987006
id: 66910184482037901621933403452623987006
lower: 66910184482037901621933403444034052414
upper: 121411138451101288395601026024677976156
Result (no wrap): true
2025-05-02 21:40:35 INFO  ChordProtocols:179 - Finger 33 peker n책 til: process5
2025-05-02 21:40:35 INFO  ChordProtocols:173 - Beregner fingerID for finger 34: 66910184482037901621933403461213921598
id: 66910184482037901621933403461213921598
lower: 66910184482037901621933403444034052414
upper: 121411138451101288395601026024677976156
Result (no wrap): true
2025-05-02 21:40:35 INFO  ChordProtocols:179 - Finger 34 peker n책 til: process5
2025-05-02 21:40:35 INFO  ChordProtocols:173 - Beregner fingerID for finger 35: 66910184482037901621933403478393790782
id: 66910184482037901621933403478393790782
lower: 66910184482037901621933403444034052414
upper: 121411138451101288395601026024677976156
Result (no wrap): true
2025-05-02 21:40:35 INFO  ChordProtocols:179 - Finger 35 peker n책 til: process5
2025-05-02 21:40:35 INFO  ChordProtocols:173 - Beregner fingerID for finger 36: 66910184482037901621933403512753529150
id: 66910184482037901621933403512753529150
lower: 66910184482037901621933403444034052414
upper: 121411138451101288395601026024677976156
Result (no wrap): true
2025-05-02 21:40:35 INFO  ChordProtocols:179 - Finger 36 peker n책 til: process5
2025-05-02 21:40:35 INFO  ChordProtocols:173 - Beregner fingerID for finger 37: 66910184482037901621933403581473005886
id: 66910184482037901621933403581473005886
lower: 66910184482037901621933403444034052414
upper: 121411138451101288395601026024677976156
Result (no wrap): true
2025-05-02 21:40:35 INFO  ChordProtocols:179 - Finger 37 peker n책 til: process5
2025-05-02 21:40:35 INFO  ChordProtocols:173 - Beregner fingerID for finger 38: 66910184482037901621933403718911959358
id: 66910184482037901621933403718911959358
lower: 66910184482037901621933403444034052414
upper: 121411138451101288395601026024677976156
Result (no wrap): true
2025-05-02 21:40:35 INFO  ChordProtocols:179 - Finger 38 peker n책 til: process5
2025-05-02 21:40:35 INFO  ChordProtocols:173 - Beregner fingerID for finger 39: 66910184482037901621933403993789866302
id: 66910184482037901621933403993789866302
lower: 66910184482037901621933403444034052414
upper: 121411138451101288395601026024677976156
Result (no wrap): true
2025-05-02 21:40:35 INFO  ChordProtocols:179 - Finger 39 peker n책 til: process5
2025-05-02 21:40:35 INFO  ChordProtocols:173 - Beregner fingerID for finger 40: 66910184482037901621933404543545680190
id: 66910184482037901621933404543545680190
lower: 66910184482037901621933403444034052414
upper: 121411138451101288395601026024677976156
Result (no wrap): true
2025-05-02 21:40:35 INFO  ChordProtocols:179 - Finger 40 peker n책 til: process5
2025-05-02 21:40:35 INFO  ChordProtocols:173 - Beregner fingerID for finger 41: 66910184482037901621933405643057307966
id: 66910184482037901621933405643057307966
lower: 66910184482037901621933403444034052414
upper: 121411138451101288395601026024677976156
Result (no wrap): true
2025-05-02 21:40:35 INFO  ChordProtocols:179 - Finger 41 peker n책 til: process5
2025-05-02 21:40:35 INFO  ChordProtocols:173 - Beregner fingerID for finger 42: 66910184482037901621933407842080563518
id: 66910184482037901621933407842080563518
lower: 66910184482037901621933403444034052414
upper: 121411138451101288395601026024677976156
Result (no wrap): true
2025-05-02 21:40:35 INFO  ChordProtocols:179 - Finger 42 peker n책 til: process5
2025-05-02 21:40:35 INFO  ChordProtocols:173 - Beregner fingerID for finger 43: 66910184482037901621933412240127074622
id: 66910184482037901621933412240127074622
lower: 66910184482037901621933403444034052414
upper: 121411138451101288395601026024677976156
Result (no wrap): true
2025-05-02 21:40:35 INFO  ChordProtocols:179 - Finger 43 peker n책 til: process5
2025-05-02 21:40:35 INFO  ChordProtocols:173 - Beregner fingerID for finger 44: 66910184482037901621933421036220096830
id: 66910184482037901621933421036220096830
lower: 66910184482037901621933403444034052414
upper: 121411138451101288395601026024677976156
Result (no wrap): true
2025-05-02 21:40:35 INFO  ChordProtocols:179 - Finger 44 peker n책 til: process5
2025-05-02 21:40:35 INFO  ChordProtocols:173 - Beregner fingerID for finger 45: 66910184482037901621933438628406141246
id: 66910184482037901621933438628406141246
lower: 66910184482037901621933403444034052414
upper: 121411138451101288395601026024677976156
Result (no wrap): true
2025-05-02 21:40:35 INFO  ChordProtocols:179 - Finger 45 peker n책 til: process5
2025-05-02 21:40:35 INFO  ChordProtocols:173 - Beregner fingerID for finger 46: 66910184482037901621933473812778230078
id: 66910184482037901621933473812778230078
lower: 66910184482037901621933403444034052414
upper: 121411138451101288395601026024677976156
Result (no wrap): true
2025-05-02 21:40:35 INFO  ChordProtocols:179 - Finger 46 peker n책 til: process5
2025-05-02 21:40:35 INFO  ChordProtocols:173 - Beregner fingerID for finger 47: 66910184482037901621933544181522407742
id: 66910184482037901621933544181522407742
lower: 66910184482037901621933403444034052414
upper: 121411138451101288395601026024677976156
Result (no wrap): true
2025-05-02 21:40:35 INFO  ChordProtocols:179 - Finger 47 peker n책 til: process5
2025-05-02 21:40:35 INFO  ChordProtocols:173 - Beregner fingerID for finger 48: 66910184482037901621933684919010763070
id: 66910184482037901621933684919010763070
lower: 66910184482037901621933403444034052414
upper: 121411138451101288395601026024677976156
Result (no wrap): true
2025-05-02 21:40:35 INFO  ChordProtocols:179 - Finger 48 peker n책 til: process5
2025-05-02 21:40:35 INFO  ChordProtocols:173 - Beregner fingerID for finger 49: 66910184482037901621933966393987473726
id: 66910184482037901621933966393987473726
lower: 66910184482037901621933403444034052414
upper: 121411138451101288395601026024677976156
Result (no wrap): true
2025-05-02 21:40:35 INFO  ChordProtocols:179 - Finger 49 peker n책 til: process5
2025-05-02 21:40:35 INFO  ChordProtocols:173 - Beregner fingerID for finger 50: 66910184482037901621934529343940895038
id: 66910184482037901621934529343940895038
lower: 66910184482037901621933403444034052414
upper: 121411138451101288395601026024677976156
Result (no wrap): true
2025-05-02 21:40:35 INFO  ChordProtocols:179 - Finger 50 peker n책 til: process5
2025-05-02 21:40:35 INFO  ChordProtocols:173 - Beregner fingerID for finger 51: 66910184482037901621935655243847737662
id: 66910184482037901621935655243847737662
lower: 66910184482037901621933403444034052414
upper: 121411138451101288395601026024677976156
Result (no wrap): true
2025-05-02 21:40:35 INFO  ChordProtocols:179 - Finger 51 peker n책 til: process5
2025-05-02 21:40:35 INFO  ChordProtocols:173 - Beregner fingerID for finger 52: 66910184482037901621937907043661422910
id: 66910184482037901621937907043661422910
lower: 66910184482037901621933403444034052414
upper: 121411138451101288395601026024677976156
Result (no wrap): true
2025-05-02 21:40:35 INFO  ChordProtocols:179 - Finger 52 peker n책 til: process5
2025-05-02 21:40:35 INFO  ChordProtocols:173 - Beregner fingerID for finger 53: 66910184482037901621942410643288793406
id: 66910184482037901621942410643288793406
lower: 66910184482037901621933403444034052414
upper: 121411138451101288395601026024677976156
Result (no wrap): true
2025-05-02 21:40:35 INFO  ChordProtocols:179 - Finger 53 peker n책 til: process5
2025-05-02 21:40:35 INFO  ChordProtocols:173 - Beregner fingerID for finger 54: 66910184482037901621951417842543534398
id: 66910184482037901621951417842543534398
lower: 66910184482037901621933403444034052414
upper: 121411138451101288395601026024677976156
Result (no wrap): true
2025-05-02 21:40:35 INFO  ChordProtocols:179 - Finger 54 peker n책 til: process5
2025-05-02 21:40:35 INFO  ChordProtocols:173 - Beregner fingerID for finger 55: 66910184482037901621969432241053016382
id: 66910184482037901621969432241053016382
lower: 66910184482037901621933403444034052414
upper: 121411138451101288395601026024677976156
Result (no wrap): true
2025-05-02 21:40:35 INFO  ChordProtocols:179 - Finger 55 peker n책 til: process5
2025-05-02 21:40:35 INFO  ChordProtocols:173 - Beregner fingerID for finger 56: 66910184482037901622005461038071980350
id: 66910184482037901622005461038071980350
lower: 66910184482037901621933403444034052414
upper: 121411138451101288395601026024677976156
Result (no wrap): true
2025-05-02 21:40:35 INFO  ChordProtocols:179 - Finger 56 peker n책 til: process5
2025-05-02 21:40:35 INFO  ChordProtocols:173 - Beregner fingerID for finger 57: 66910184482037901622077518632109908286
id: 66910184482037901622077518632109908286
lower: 66910184482037901621933403444034052414
upper: 121411138451101288395601026024677976156
Result (no wrap): true
2025-05-02 21:40:35 INFO  ChordProtocols:179 - Finger 57 peker n책 til: process5
2025-05-02 21:40:35 INFO  ChordProtocols:173 - Beregner fingerID for finger 58: 66910184482037901622221633820185764158
id: 66910184482037901622221633820185764158
lower: 66910184482037901621933403444034052414
upper: 121411138451101288395601026024677976156
Result (no wrap): true
2025-05-02 21:40:35 INFO  ChordProtocols:179 - Finger 58 peker n책 til: process5
2025-05-02 21:40:35 INFO  ChordProtocols:173 - Beregner fingerID for finger 59: 66910184482037901622509864196337475902
id: 66910184482037901622509864196337475902
lower: 66910184482037901621933403444034052414
upper: 121411138451101288395601026024677976156
Result (no wrap): true
2025-05-02 21:40:35 INFO  ChordProtocols:179 - Finger 59 peker n책 til: process5
2025-05-02 21:40:35 INFO  ChordProtocols:173 - Beregner fingerID for finger 60: 66910184482037901623086324948640899390
id: 66910184482037901623086324948640899390
lower: 66910184482037901621933403444034052414
upper: 121411138451101288395601026024677976156
Result (no wrap): true
2025-05-02 21:40:35 INFO  ChordProtocols:179 - Finger 60 peker n책 til: process5
2025-05-02 21:40:35 INFO  ChordProtocols:173 - Beregner fingerID for finger 61: 66910184482037901624239246453247746366
id: 66910184482037901624239246453247746366
lower: 66910184482037901621933403444034052414
upper: 121411138451101288395601026024677976156
Result (no wrap): true
2025-05-02 21:40:35 INFO  ChordProtocols:179 - Finger 61 peker n책 til: process5
2025-05-02 21:40:35 INFO  ChordProtocols:173 - Beregner fingerID for finger 62: 66910184482037901626545089462461440318
id: 66910184482037901626545089462461440318
lower: 66910184482037901621933403444034052414
upper: 121411138451101288395601026024677976156
Result (no wrap): true
2025-05-02 21:40:35 INFO  ChordProtocols:179 - Finger 62 peker n책 til: process5
2025-05-02 21:40:35 INFO  ChordProtocols:173 - Beregner fingerID for finger 63: 66910184482037901631156775480888828222
id: 66910184482037901631156775480888828222
lower: 66910184482037901621933403444034052414
upper: 121411138451101288395601026024677976156
Result (no wrap): true
2025-05-02 21:40:35 INFO  ChordProtocols:179 - Finger 63 peker n책 til: process5
2025-05-02 21:40:35 INFO  ChordProtocols:173 - Beregner fingerID for finger 64: 66910184482037901640380147517743604030
id: 66910184482037901640380147517743604030
lower: 66910184482037901621933403444034052414
upper: 121411138451101288395601026024677976156
Result (no wrap): true
2025-05-02 21:40:35 INFO  ChordProtocols:179 - Finger 64 peker n책 til: process5
2025-05-02 21:40:35 INFO  ChordProtocols:173 - Beregner fingerID for finger 65: 66910184482037901658826891591453155646
id: 66910184482037901658826891591453155646
lower: 66910184482037901621933403444034052414
upper: 121411138451101288395601026024677976156
Result (no wrap): true
2025-05-02 21:40:35 INFO  ChordProtocols:179 - Finger 65 peker n책 til: process5
2025-05-02 21:40:35 INFO  ChordProtocols:173 - Beregner fingerID for finger 66: 66910184482037901695720379738872258878
id: 66910184482037901695720379738872258878
lower: 66910184482037901621933403444034052414
upper: 121411138451101288395601026024677976156
Result (no wrap): true
2025-05-02 21:40:35 INFO  ChordProtocols:179 - Finger 66 peker n책 til: process5
2025-05-02 21:40:35 INFO  ChordProtocols:173 - Beregner fingerID for finger 67: 66910184482037901769507356033710465342
id: 66910184482037901769507356033710465342
lower: 66910184482037901621933403444034052414
upper: 121411138451101288395601026024677976156
Result (no wrap): true
2025-05-02 21:40:35 INFO  ChordProtocols:179 - Finger 67 peker n책 til: process5
2025-05-02 21:40:35 INFO  ChordProtocols:173 - Beregner fingerID for finger 68: 66910184482037901917081308623386878270
id: 66910184482037901917081308623386878270
lower: 66910184482037901621933403444034052414
upper: 121411138451101288395601026024677976156
Result (no wrap): true
2025-05-02 21:40:35 INFO  ChordProtocols:179 - Finger 68 peker n책 til: process5
2025-05-02 21:40:35 INFO  ChordProtocols:173 - Beregner fingerID for finger 69: 66910184482037902212229213802739704126
id: 66910184482037902212229213802739704126
lower: 66910184482037901621933403444034052414
upper: 121411138451101288395601026024677976156
Result (no wrap): true
2025-05-02 21:40:35 INFO  ChordProtocols:179 - Finger 69 peker n책 til: process5
2025-05-02 21:40:35 INFO  ChordProtocols:173 - Beregner fingerID for finger 70: 66910184482037902802525024161445355838
id: 66910184482037902802525024161445355838
lower: 66910184482037901621933403444034052414
upper: 121411138451101288395601026024677976156
Result (no wrap): true
2025-05-02 21:40:35 INFO  ChordProtocols:179 - Finger 70 peker n책 til: process5
2025-05-02 21:40:35 INFO  ChordProtocols:173 - Beregner fingerID for finger 71: 66910184482037903983116644878856659262
id: 66910184482037903983116644878856659262
lower: 66910184482037901621933403444034052414
upper: 121411138451101288395601026024677976156
Result (no wrap): true
2025-05-02 21:40:35 INFO  ChordProtocols:179 - Finger 71 peker n책 til: process5
2025-05-02 21:40:35 INFO  ChordProtocols:173 - Beregner fingerID for finger 72: 66910184482037906344299886313679266110
id: 66910184482037906344299886313679266110
lower: 66910184482037901621933403444034052414
upper: 121411138451101288395601026024677976156
Result (no wrap): true
2025-05-02 21:40:35 INFO  ChordProtocols:179 - Finger 72 peker n책 til: process5
2025-05-02 21:40:35 INFO  ChordProtocols:173 - Beregner fingerID for finger 73: 66910184482037911066666369183324479806
id: 66910184482037911066666369183324479806
lower: 66910184482037901621933403444034052414
upper: 121411138451101288395601026024677976156
Result (no wrap): true
2025-05-02 21:40:35 INFO  ChordProtocols:179 - Finger 73 peker n책 til: process5
2025-05-02 21:40:35 INFO  ChordProtocols:173 - Beregner fingerID for finger 74: 66910184482037920511399334922614907198
id: 66910184482037920511399334922614907198
lower: 66910184482037901621933403444034052414
upper: 121411138451101288395601026024677976156
Result (no wrap): true
2025-05-02 21:40:35 INFO  ChordProtocols:179 - Finger 74 peker n책 til: process5
2025-05-02 21:40:35 INFO  ChordProtocols:173 - Beregner fingerID for finger 75: 66910184482037939400865266401195761982
id: 66910184482037939400865266401195761982
lower: 66910184482037901621933403444034052414
upper: 121411138451101288395601026024677976156
Result (no wrap): true
2025-05-02 21:40:35 INFO  ChordProtocols:179 - Finger 75 peker n책 til: process5
2025-05-02 21:40:35 INFO  ChordProtocols:173 - Beregner fingerID for finger 76: 66910184482037977179797129358357471550
id: 66910184482037977179797129358357471550
lower: 66910184482037901621933403444034052414
upper: 121411138451101288395601026024677976156
Result (no wrap): true
2025-05-02 21:40:35 INFO  ChordProtocols:179 - Finger 76 peker n책 til: process5
2025-05-02 21:40:35 INFO  ChordProtocols:173 - Beregner fingerID for finger 77: 66910184482038052737660855272680890686
id: 66910184482038052737660855272680890686
lower: 66910184482037901621933403444034052414
upper: 121411138451101288395601026024677976156
Result (no wrap): true
2025-05-02 21:40:35 INFO  ChordProtocols:179 - Finger 77 peker n책 til: process5
2025-05-02 21:40:35 INFO  ChordProtocols:173 - Beregner fingerID for finger 78: 66910184482038203853388307101327728958
id: 66910184482038203853388307101327728958
lower: 66910184482037901621933403444034052414
upper: 121411138451101288395601026024677976156
Result (no wrap): true
2025-05-02 21:40:35 INFO  ChordProtocols:179 - Finger 78 peker n책 til: process5
2025-05-02 21:40:35 INFO  ChordProtocols:173 - Beregner fingerID for finger 79: 66910184482038506084843210758621405502
id: 66910184482038506084843210758621405502
lower: 66910184482037901621933403444034052414
upper: 121411138451101288395601026024677976156
Result (no wrap): true
2025-05-02 21:40:35 INFO  ChordProtocols:179 - Finger 79 peker n책 til: process5
2025-05-02 21:40:35 INFO  ChordProtocols:173 - Beregner fingerID for finger 80: 66910184482039110547753018073208758590
id: 66910184482039110547753018073208758590
lower: 66910184482037901621933403444034052414
upper: 121411138451101288395601026024677976156
Result (no wrap): true
2025-05-02 21:40:35 INFO  ChordProtocols:179 - Finger 80 peker n책 til: process5
2025-05-02 21:40:35 INFO  ChordProtocols:173 - Beregner fingerID for finger 81: 66910184482040319473572632702383464766
id: 66910184482040319473572632702383464766
lower: 66910184482037901621933403444034052414
upper: 121411138451101288395601026024677976156
Result (no wrap): true
2025-05-02 21:40:35 INFO  ChordProtocols:179 - Finger 81 peker n책 til: process5
2025-05-02 21:40:35 INFO  ChordProtocols:173 - Beregner fingerID for finger 82: 66910184482042737325211861960732877118
id: 66910184482042737325211861960732877118
lower: 66910184482037901621933403444034052414
upper: 121411138451101288395601026024677976156
Result (no wrap): true
2025-05-02 21:40:35 INFO  ChordProtocols:179 - Finger 82 peker n책 til: process5
2025-05-02 21:40:35 INFO  ChordProtocols:173 - Beregner fingerID for finger 83: 66910184482047573028490320477431701822
id: 66910184482047573028490320477431701822
lower: 66910184482037901621933403444034052414
upper: 121411138451101288395601026024677976156
Result (no wrap): true
2025-05-02 21:40:35 INFO  ChordProtocols:179 - Finger 83 peker n책 til: process5
2025-05-02 21:40:35 INFO  ChordProtocols:173 - Beregner fingerID for finger 84: 66910184482057244435047237510829351230
id: 66910184482057244435047237510829351230
lower: 66910184482037901621933403444034052414
upper: 121411138451101288395601026024677976156
Result (no wrap): true
2025-05-02 21:40:35 INFO  ChordProtocols:179 - Finger 84 peker n책 til: process5
2025-05-02 21:40:35 INFO  ChordProtocols:173 - Beregner fingerID for finger 85: 66910184482076587248161071577624650046
id: 66910184482076587248161071577624650046
lower: 66910184482037901621933403444034052414
upper: 121411138451101288395601026024677976156
Result (no wrap): true
2025-05-02 21:40:35 INFO  ChordProtocols:179 - Finger 85 peker n책 til: process5
2025-05-02 21:40:35 INFO  ChordProtocols:173 - Beregner fingerID for finger 86: 66910184482115272874388739711215247678
id: 66910184482115272874388739711215247678
lower: 66910184482037901621933403444034052414
upper: 121411138451101288395601026024677976156
Result (no wrap): true
2025-05-02 21:40:35 INFO  ChordProtocols:179 - Finger 86 peker n책 til: process5
2025-05-02 21:40:35 INFO  ChordProtocols:173 - Beregner fingerID for finger 87: 66910184482192644126844075978396442942
id: 66910184482192644126844075978396442942
lower: 66910184482037901621933403444034052414
upper: 121411138451101288395601026024677976156
Result (no wrap): true
2025-05-02 21:40:35 INFO  ChordProtocols:179 - Finger 87 peker n책 til: process5
2025-05-02 21:40:35 INFO  ChordProtocols:173 - Beregner fingerID for finger 88: 66910184482347386631754748512758833470
id: 66910184482347386631754748512758833470
lower: 66910184482037901621933403444034052414
upper: 121411138451101288395601026024677976156
Result (no wrap): true
2025-05-02 21:40:35 INFO  ChordProtocols:179 - Finger 88 peker n책 til: process5
2025-05-02 21:40:35 INFO  ChordProtocols:173 - Beregner fingerID for finger 89: 66910184482656871641576093581483614526
id: 66910184482656871641576093581483614526
lower: 66910184482037901621933403444034052414
upper: 121411138451101288395601026024677976156
Result (no wrap): true
2025-05-02 21:40:35 INFO  ChordProtocols:179 - Finger 89 peker n책 til: process5
2025-05-02 21:40:35 INFO  ChordProtocols:173 - Beregner fingerID for finger 90: 66910184483275841661218783718933176638
id: 66910184483275841661218783718933176638
lower: 66910184482037901621933403444034052414
upper: 121411138451101288395601026024677976156
Result (no wrap): true
2025-05-02 21:40:35 INFO  ChordProtocols:179 - Finger 90 peker n책 til: process5
2025-05-02 21:40:35 INFO  ChordProtocols:173 - Beregner fingerID for finger 91: 66910184484513781700504163993832300862
id: 66910184484513781700504163993832300862
lower: 66910184482037901621933403444034052414
upper: 121411138451101288395601026024677976156
Result (no wrap): true
2025-05-02 21:40:35 INFO  ChordProtocols:179 - Finger 91 peker n책 til: process5
2025-05-02 21:40:35 INFO  ChordProtocols:173 - Beregner fingerID for finger 92: 66910184486989661779074924543630549310
id: 66910184486989661779074924543630549310
lower: 66910184482037901621933403444034052414
upper: 121411138451101288395601026024677976156
Result (no wrap): true
2025-05-02 21:40:35 INFO  ChordProtocols:179 - Finger 92 peker n책 til: process5
2025-05-02 21:40:35 INFO  ChordProtocols:173 - Beregner fingerID for finger 93: 66910184491941421936216445643227046206
id: 66910184491941421936216445643227046206
lower: 66910184482037901621933403444034052414
upper: 121411138451101288395601026024677976156
Result (no wrap): true
2025-05-02 21:40:35 INFO  ChordProtocols:179 - Finger 93 peker n책 til: process5
2025-05-02 21:40:35 INFO  ChordProtocols:173 - Beregner fingerID for finger 94: 66910184501844942250499487842420039998
id: 66910184501844942250499487842420039998
lower: 66910184482037901621933403444034052414
upper: 121411138451101288395601026024677976156
Result (no wrap): true
2025-05-02 21:40:35 INFO  ChordProtocols:179 - Finger 94 peker n책 til: process5
2025-05-02 21:40:35 INFO  ChordProtocols:173 - Beregner fingerID for finger 95: 66910184521651982879065572240806027582
id: 66910184521651982879065572240806027582
lower: 66910184482037901621933403444034052414
upper: 121411138451101288395601026024677976156
Result (no wrap): true
2025-05-02 21:40:35 INFO  ChordProtocols:179 - Finger 95 peker n책 til: process5
2025-05-02 21:40:35 INFO  ChordProtocols:173 - Beregner fingerID for finger 96: 66910184561266064136197741037578002750
id: 66910184561266064136197741037578002750
lower: 66910184482037901621933403444034052414
upper: 121411138451101288395601026024677976156
Result (no wrap): true
2025-05-02 21:40:35 INFO  ChordProtocols:179 - Finger 96 peker n책 til: process5
2025-05-02 21:40:35 INFO  ChordProtocols:173 - Beregner fingerID for finger 97: 66910184640494226650462078631121953086
id: 66910184640494226650462078631121953086
lower: 66910184482037901621933403444034052414
upper: 121411138451101288395601026024677976156
Result (no wrap): true
2025-05-02 21:40:35 INFO  ChordProtocols:179 - Finger 97 peker n책 til: process5
2025-05-02 21:40:35 INFO  ChordProtocols:173 - Beregner fingerID for finger 98: 66910184798950551678990753818209853758
id: 66910184798950551678990753818209853758
lower: 66910184482037901621933403444034052414
upper: 121411138451101288395601026024677976156
Result (no wrap): true
2025-05-02 21:40:35 INFO  ChordProtocols:179 - Finger 98 peker n책 til: process5
2025-05-02 21:40:35 INFO  ChordProtocols:173 - Beregner fingerID for finger 99: 66910185115863201736048104192385655102
id: 66910185115863201736048104192385655102
lower: 66910184482037901621933403444034052414
upper: 121411138451101288395601026024677976156
Result (no wrap): true
2025-05-02 21:40:35 INFO  ChordProtocols:179 - Finger 99 peker n책 til: process5
2025-05-02 21:40:35 INFO  ChordProtocols:173 - Beregner fingerID for finger 100: 66910185749688501850162804940737257790
id: 66910185749688501850162804940737257790
lower: 66910184482037901621933403444034052414
upper: 121411138451101288395601026024677976156
Result (no wrap): true
2025-05-02 21:40:35 INFO  ChordProtocols:179 - Finger 100 peker n책 til: process5
2025-05-02 21:40:35 INFO  ChordProtocols:173 - Beregner fingerID for finger 101: 66910187017339102078392206437440463166
id: 66910187017339102078392206437440463166
lower: 66910184482037901621933403444034052414
upper: 121411138451101288395601026024677976156
Result (no wrap): true
2025-05-02 21:40:35 INFO  ChordProtocols:179 - Finger 101 peker n책 til: process5
2025-05-02 21:40:35 INFO  ChordProtocols:173 - Beregner fingerID for finger 102: 66910189552640302534851009430846873918
id: 66910189552640302534851009430846873918
lower: 66910184482037901621933403444034052414
upper: 121411138451101288395601026024677976156
Result (no wrap): true
2025-05-02 21:40:35 INFO  ChordProtocols:179 - Finger 102 peker n책 til: process5
2025-05-02 21:40:35 INFO  ChordProtocols:173 - Beregner fingerID for finger 103: 66910194623242703447768615417659695422
id: 66910194623242703447768615417659695422
lower: 66910184482037901621933403444034052414
upper: 121411138451101288395601026024677976156
Result (no wrap): true
2025-05-02 21:40:35 INFO  ChordProtocols:179 - Finger 103 peker n책 til: process5
2025-05-02 21:40:35 INFO  ChordProtocols:173 - Beregner fingerID for finger 104: 66910204764447505273603827391285338430
id: 66910204764447505273603827391285338430
lower: 66910184482037901621933403444034052414
upper: 121411138451101288395601026024677976156
Result (no wrap): true
2025-05-02 21:40:35 INFO  ChordProtocols:179 - Finger 104 peker n책 til: process5
2025-05-02 21:40:35 INFO  ChordProtocols:173 - Beregner fingerID for finger 105: 66910225046857108925274251338536624446
id: 66910225046857108925274251338536624446
lower: 66910184482037901621933403444034052414
upper: 121411138451101288395601026024677976156
Result (no wrap): true
2025-05-02 21:40:35 INFO  ChordProtocols:179 - Finger 105 peker n책 til: process5
2025-05-02 21:40:35 INFO  ChordProtocols:173 - Beregner fingerID for finger 106: 66910265611676316228615099233039196478
id: 66910265611676316228615099233039196478
lower: 66910184482037901621933403444034052414
upper: 121411138451101288395601026024677976156
Result (no wrap): true
2025-05-02 21:40:35 INFO  ChordProtocols:179 - Finger 106 peker n책 til: process5
2025-05-02 21:40:35 INFO  ChordProtocols:173 - Beregner fingerID for finger 107: 66910346741314730835296795022044340542
id: 66910346741314730835296795022044340542
lower: 66910184482037901621933403444034052414
upper: 121411138451101288395601026024677976156
Result (no wrap): true
2025-05-02 21:40:35 INFO  ChordProtocols:179 - Finger 107 peker n책 til: process5
2025-05-02 21:40:35 INFO  ChordProtocols:173 - Beregner fingerID for finger 108: 66910509000591560048660186600054628670
id: 66910509000591560048660186600054628670
lower: 66910184482037901621933403444034052414
upper: 121411138451101288395601026024677976156
Result (no wrap): true
2025-05-02 21:40:35 INFO  ChordProtocols:179 - Finger 108 peker n책 til: process5
2025-05-02 21:40:35 INFO  ChordProtocols:173 - Beregner fingerID for finger 109: 66910833519145218475386969756075204926
id: 66910833519145218475386969756075204926
lower: 66910184482037901621933403444034052414
upper: 121411138451101288395601026024677976156
Result (no wrap): true
2025-05-02 21:40:35 INFO  ChordProtocols:179 - Finger 109 peker n책 til: process5
2025-05-02 21:40:35 INFO  ChordProtocols:173 - Beregner fingerID for finger 110: 66911482556252535328840536068116357438
id: 66911482556252535328840536068116357438
lower: 66910184482037901621933403444034052414
upper: 121411138451101288395601026024677976156
Result (no wrap): true
2025-05-02 21:40:35 INFO  ChordProtocols:179 - Finger 110 peker n책 til: process5
2025-05-02 21:40:35 INFO  ChordProtocols:173 - Beregner fingerID for finger 111: 66912780630467169035747668692198662462
id: 66912780630467169035747668692198662462
lower: 66910184482037901621933403444034052414
upper: 121411138451101288395601026024677976156
Result (no wrap): true
2025-05-02 21:40:35 INFO  ChordProtocols:179 - Finger 111 peker n책 til: process5
2025-05-02 21:40:35 INFO  ChordProtocols:173 - Beregner fingerID for finger 112: 66915376778896436449561933940363272510
id: 66915376778896436449561933940363272510
lower: 66910184482037901621933403444034052414
upper: 121411138451101288395601026024677976156
Result (no wrap): true
2025-05-02 21:40:35 INFO  ChordProtocols:179 - Finger 112 peker n책 til: process5
2025-05-02 21:40:35 INFO  ChordProtocols:173 - Beregner fingerID for finger 113: 66920569075754971277190464436692492606
id: 66920569075754971277190464436692492606
lower: 66910184482037901621933403444034052414
upper: 121411138451101288395601026024677976156
Result (no wrap): true
2025-05-02 21:40:35 INFO  ChordProtocols:179 - Finger 113 peker n책 til: process5
2025-05-02 21:40:35 INFO  ChordProtocols:173 - Beregner fingerID for finger 114: 66930953669472040932447525429350932798
id: 66930953669472040932447525429350932798
lower: 66910184482037901621933403444034052414
upper: 121411138451101288395601026024677976156
Result (no wrap): true
2025-05-02 21:40:35 INFO  ChordProtocols:179 - Finger 114 peker n책 til: process5
2025-05-02 21:40:35 INFO  ChordProtocols:173 - Beregner fingerID for finger 115: 66951722856906180242961647414667813182
id: 66951722856906180242961647414667813182
lower: 66910184482037901621933403444034052414
upper: 121411138451101288395601026024677976156
Result (no wrap): true
2025-05-02 21:40:35 INFO  ChordProtocols:179 - Finger 115 peker n책 til: process5
2025-05-02 21:40:35 INFO  ChordProtocols:173 - Beregner fingerID for finger 116: 66993261231774458863989891385301573950
id: 66993261231774458863989891385301573950
lower: 66910184482037901621933403444034052414
upper: 121411138451101288395601026024677976156
Result (no wrap): true
2025-05-02 21:40:35 INFO  ChordProtocols:179 - Finger 116 peker n책 til: process5
2025-05-02 21:40:35 INFO  ChordProtocols:173 - Beregner fingerID for finger 117: 67076337981511016106046379326569095486
id: 67076337981511016106046379326569095486
lower: 66910184482037901621933403444034052414
upper: 121411138451101288395601026024677976156
Result (no wrap): true
2025-05-02 21:40:35 INFO  ChordProtocols:179 - Finger 117 peker n책 til: process5
2025-05-02 21:40:35 INFO  ChordProtocols:173 - Beregner fingerID for finger 118: 67242491480984130590159355209104138558
id: 67242491480984130590159355209104138558
lower: 66910184482037901621933403444034052414
upper: 121411138451101288395601026024677976156
Result (no wrap): true
2025-05-02 21:40:35 INFO  ChordProtocols:179 - Finger 118 peker n책 til: process5
2025-05-02 21:40:35 INFO  ChordProtocols:173 - Beregner fingerID for finger 119: 67574798479930359558385306974174224702
id: 67574798479930359558385306974174224702
lower: 66910184482037901621933403444034052414
upper: 121411138451101288395601026024677976156
Result (no wrap): true
2025-05-02 21:40:35 INFO  ChordProtocols:179 - Finger 119 peker n책 til: process5
2025-05-02 21:40:35 INFO  ChordProtocols:173 - Beregner fingerID for finger 120: 68239412477822817494837210504314396990
id: 68239412477822817494837210504314396990
lower: 66910184482037901621933403444034052414
upper: 121411138451101288395601026024677976156
Result (no wrap): true
2025-05-02 21:40:35 INFO  ChordProtocols:179 - Finger 120 peker n책 til: process5
2025-05-02 21:40:35 INFO  ChordProtocols:173 - Beregner fingerID for finger 121: 69568640473607733367741017564594741566
id: 69568640473607733367741017564594741566
lower: 66910184482037901621933403444034052414
upper: 121411138451101288395601026024677976156
Result (no wrap): true
2025-05-02 21:40:35 INFO  ChordProtocols:179 - Finger 121 peker n책 til: process5
2025-05-02 21:40:35 INFO  ChordProtocols:173 - Beregner fingerID for finger 122: 72227096465177565113548631685155430718
id: 72227096465177565113548631685155430718
lower: 66910184482037901621933403444034052414
upper: 121411138451101288395601026024677976156
Result (no wrap): true
2025-05-02 21:40:35 INFO  ChordProtocols:179 - Finger 122 peker n책 til: process5
2025-05-02 21:40:35 INFO  ChordProtocols:173 - Beregner fingerID for finger 123: 77544008448317228605163859926276809022
id: 77544008448317228605163859926276809022
lower: 66910184482037901621933403444034052414
upper: 121411138451101288395601026024677976156
Result (no wrap): true
2025-05-02 21:40:35 INFO  ChordProtocols:179 - Finger 123 peker n책 til: process5
2025-05-02 21:40:35 INFO  ChordProtocols:173 - Beregner fingerID for finger 124: 88177832414596555588394316408519565630
id: 88177832414596555588394316408519565630
lower: 66910184482037901621933403444034052414
upper: 121411138451101288395601026024677976156
Result (no wrap): true
2025-05-02 21:40:35 INFO  ChordProtocols:179 - Finger 124 peker n책 til: process5
2025-05-02 21:40:35 INFO  ChordProtocols:173 - Beregner fingerID for finger 125: 109445480347155209554855229373005078846
id: 109445480347155209554855229373005078846
lower: 66910184482037901621933403444034052414
upper: 121411138451101288395601026024677976156
Result (no wrap): true
2025-05-02 21:40:35 INFO  ChordProtocols:179 - Finger 125 peker n책 til: process5
2025-05-02 21:40:35 INFO  ChordProtocols:173 - Beregner fingerID for finger 126: 151980776212272517487777055301976105278
id: 151980776212272517487777055301976105278
lower: 66910184482037901621933403444034052414
upper: 121411138451101288395601026024677976156
Result (no wrap): false
id: 121411138451101288395601026024677976156
lower: 66910184482037901621933403444034052414
upper: 151980776212272517487777055301976105278
Result (no wrap): true
id: 151980776212272517487777055301976105278
lower: 121411138451101288395601026024677976156
upper: 210821560651360572675896360671414673172
Result (no wrap): true
2025-05-02 21:40:35 INFO  ChordProtocols:179 - Finger 126 peker n책 til: process4
2025-05-02 21:40:35 INFO  ChordProtocols:173 - Beregner fingerID for finger 127: 237051367942507133353620707159918158142
id: 237051367942507133353620707159918158142
lower: 66910184482037901621933403444034052414
upper: 121411138451101288395601026024677976156
Result (no wrap): false
id: 210821560651360572675896360671414673172
lower: 66910184482037901621933403444034052414
upper: 237051367942507133353620707159918158142
Result (no wrap): true
id: 237051367942507133353620707159918158142
lower: 210821560651360572675896360671414673172
upper: 15618062003214643351512781541041391612
Result (wrap): true
2025-05-02 21:40:35 INFO  ChordProtocols:179 - Finger 127 peker n책 til: process2
2025-05-02 21:40:35 INFO  StabilizationProtocols:60 - Checking the predecessor for Node: process3
==================================
Node Identifier = 66910184482037901621933403444034052414
Node IP address = process3
successor(process3) = process5
predecessor(process3) = process1
Current File keys for process3 => [66481538825926898419352978747807121875]
==================================
2025-05-02 21:40:35 INFO  StabilizationProtocols:130 - Updating the successor for Node: process4
id: 210821560651360572675896360671414673173
lower: 210821560651360572675896360671414673172
upper: 15618062003214643351512781541041391612
Result (wrap): true
2025-05-02 21:40:35 INFO  StabilizationProtocols:84 - Stabilizing ring from process4...
2025-05-02 21:40:35 INFO  StabilizationProtocols:91 - Stabilize ring: succnode = process2
id: 210821560651360572675896360671414673172
lower: 210821560651360572675896360671414673173
upper: 15618062003214643351512781541041391613
Result (wrap): false
2025-05-02 21:40:35 INFO  StabilizationProtocols:113 - Finished stabilizing chordring from process4
2025-05-02 21:40:35 INFO  ChordProtocols:159 - Oppdaterer FingerTable for Node: process4
2025-05-02 21:40:35 INFO  ChordProtocols:173 - Beregner fingerID for finger 0: 210821560651360572675896360671414673173
id: 210821560651360572675896360671414673173
lower: 210821560651360572675896360671414673172
upper: 15618062003214643351512781541041391612
Result (wrap): true
2025-05-02 21:40:35 INFO  ChordProtocols:179 - Finger 0 peker n책 til: process2
2025-05-02 21:40:35 INFO  ChordProtocols:173 - Beregner fingerID for finger 1: 210821560651360572675896360671414673174
id: 210821560651360572675896360671414673174
lower: 210821560651360572675896360671414673172
upper: 15618062003214643351512781541041391612
Result (wrap): true
2025-05-02 21:40:35 INFO  ChordProtocols:179 - Finger 1 peker n책 til: process2
2025-05-02 21:40:35 INFO  ChordProtocols:173 - Beregner fingerID for finger 2: 210821560651360572675896360671414673176
id: 210821560651360572675896360671414673176
lower: 210821560651360572675896360671414673172
upper: 15618062003214643351512781541041391612
Result (wrap): true
2025-05-02 21:40:35 INFO  ChordProtocols:179 - Finger 2 peker n책 til: process2
2025-05-02 21:40:35 INFO  ChordProtocols:173 - Beregner fingerID for finger 3: 210821560651360572675896360671414673180
id: 210821560651360572675896360671414673180
lower: 210821560651360572675896360671414673172
upper: 15618062003214643351512781541041391612
Result (wrap): true
2025-05-02 21:40:35 INFO  ChordProtocols:179 - Finger 3 peker n책 til: process2
2025-05-02 21:40:35 INFO  ChordProtocols:173 - Beregner fingerID for finger 4: 210821560651360572675896360671414673188
id: 210821560651360572675896360671414673188
lower: 210821560651360572675896360671414673172
upper: 15618062003214643351512781541041391612
Result (wrap): true
2025-05-02 21:40:35 INFO  ChordProtocols:179 - Finger 4 peker n책 til: process2
2025-05-02 21:40:35 INFO  ChordProtocols:173 - Beregner fingerID for finger 5: 210821560651360572675896360671414673204
id: 210821560651360572675896360671414673204
lower: 210821560651360572675896360671414673172
upper: 15618062003214643351512781541041391612
Result (wrap): true
2025-05-02 21:40:35 INFO  ChordProtocols:179 - Finger 5 peker n책 til: process2
2025-05-02 21:40:35 INFO  ChordProtocols:173 - Beregner fingerID for finger 6: 210821560651360572675896360671414673236
id: 210821560651360572675896360671414673236
lower: 210821560651360572675896360671414673172
upper: 15618062003214643351512781541041391612
Result (wrap): true
2025-05-02 21:40:35 INFO  ChordProtocols:179 - Finger 6 peker n책 til: process2
2025-05-02 21:40:35 INFO  ChordProtocols:173 - Beregner fingerID for finger 7: 210821560651360572675896360671414673300
id: 210821560651360572675896360671414673300
lower: 210821560651360572675896360671414673172
upper: 15618062003214643351512781541041391612
Result (wrap): true
2025-05-02 21:40:35 INFO  ChordProtocols:179 - Finger 7 peker n책 til: process2
2025-05-02 21:40:35 INFO  ChordProtocols:173 - Beregner fingerID for finger 8: 210821560651360572675896360671414673428
id: 210821560651360572675896360671414673428
lower: 210821560651360572675896360671414673172
upper: 15618062003214643351512781541041391612
Result (wrap): true
2025-05-02 21:40:35 INFO  ChordProtocols:179 - Finger 8 peker n책 til: process2
2025-05-02 21:40:35 INFO  ChordProtocols:173 - Beregner fingerID for finger 9: 210821560651360572675896360671414673684
id: 210821560651360572675896360671414673684
lower: 210821560651360572675896360671414673172
upper: 15618062003214643351512781541041391612
Result (wrap): true
2025-05-02 21:40:35 INFO  ChordProtocols:179 - Finger 9 peker n책 til: process2
2025-05-02 21:40:35 INFO  ChordProtocols:173 - Beregner fingerID for finger 10: 210821560651360572675896360671414674196
id: 210821560651360572675896360671414674196
lower: 210821560651360572675896360671414673172
upper: 15618062003214643351512781541041391612
Result (wrap): true
2025-05-02 21:40:35 INFO  ChordProtocols:179 - Finger 10 peker n책 til: process2
2025-05-02 21:40:35 INFO  ChordProtocols:173 - Beregner fingerID for finger 11: 210821560651360572675896360671414675220
id: 210821560651360572675896360671414675220
lower: 210821560651360572675896360671414673172
upper: 15618062003214643351512781541041391612
Result (wrap): true
2025-05-02 21:40:35 INFO  ChordProtocols:179 - Finger 11 peker n책 til: process2
2025-05-02 21:40:35 INFO  ChordProtocols:173 - Beregner fingerID for finger 12: 210821560651360572675896360671414677268
id: 210821560651360572675896360671414677268
lower: 210821560651360572675896360671414673172
upper: 15618062003214643351512781541041391612
Result (wrap): true
2025-05-02 21:40:35 INFO  ChordProtocols:179 - Finger 12 peker n책 til: process2
2025-05-02 21:40:35 INFO  ChordProtocols:173 - Beregner fingerID for finger 13: 210821560651360572675896360671414681364
id: 210821560651360572675896360671414681364
lower: 210821560651360572675896360671414673172
upper: 15618062003214643351512781541041391612
Result (wrap): true
2025-05-02 21:40:35 INFO  ChordProtocols:179 - Finger 13 peker n책 til: process2
2025-05-02 21:40:35 INFO  ChordProtocols:173 - Beregner fingerID for finger 14: 210821560651360572675896360671414689556
id: 210821560651360572675896360671414689556
lower: 210821560651360572675896360671414673172
upper: 15618062003214643351512781541041391612
Result (wrap): true
2025-05-02 21:40:35 INFO  ChordProtocols:179 - Finger 14 peker n책 til: process2
2025-05-02 21:40:35 INFO  ChordProtocols:173 - Beregner fingerID for finger 15: 210821560651360572675896360671414705940
id: 210821560651360572675896360671414705940
lower: 210821560651360572675896360671414673172
upper: 15618062003214643351512781541041391612
Result (wrap): true
2025-05-02 21:40:35 INFO  ChordProtocols:179 - Finger 15 peker n책 til: process2
2025-05-02 21:40:35 INFO  ChordProtocols:173 - Beregner fingerID for finger 16: 210821560651360572675896360671414738708
id: 210821560651360572675896360671414738708
lower: 210821560651360572675896360671414673172
upper: 15618062003214643351512781541041391612
Result (wrap): true
2025-05-02 21:40:35 INFO  ChordProtocols:179 - Finger 16 peker n책 til: process2
2025-05-02 21:40:35 INFO  ChordProtocols:173 - Beregner fingerID for finger 17: 210821560651360572675896360671414804244
id: 210821560651360572675896360671414804244
lower: 210821560651360572675896360671414673172
upper: 15618062003214643351512781541041391612
Result (wrap): true
2025-05-02 21:40:35 INFO  ChordProtocols:179 - Finger 17 peker n책 til: process2
2025-05-02 21:40:35 INFO  ChordProtocols:173 - Beregner fingerID for finger 18: 210821560651360572675896360671414935316
id: 210821560651360572675896360671414935316
lower: 210821560651360572675896360671414673172
upper: 15618062003214643351512781541041391612
Result (wrap): true
2025-05-02 21:40:35 INFO  ChordProtocols:179 - Finger 18 peker n책 til: process2
2025-05-02 21:40:35 INFO  ChordProtocols:173 - Beregner fingerID for finger 19: 210821560651360572675896360671415197460
id: 210821560651360572675896360671415197460
lower: 210821560651360572675896360671414673172
upper: 15618062003214643351512781541041391612
Result (wrap): true
2025-05-02 21:40:35 INFO  ChordProtocols:179 - Finger 19 peker n책 til: process2
2025-05-02 21:40:35 INFO  ChordProtocols:173 - Beregner fingerID for finger 20: 210821560651360572675896360671415721748
id: 210821560651360572675896360671415721748
lower: 210821560651360572675896360671414673172
upper: 15618062003214643351512781541041391612
Result (wrap): true
2025-05-02 21:40:35 INFO  ChordProtocols:179 - Finger 20 peker n책 til: process2
2025-05-02 21:40:35 INFO  ChordProtocols:173 - Beregner fingerID for finger 21: 210821560651360572675896360671416770324
id: 210821560651360572675896360671416770324
lower: 210821560651360572675896360671414673172
upper: 15618062003214643351512781541041391612
Result (wrap): true
2025-05-02 21:40:35 INFO  ChordProtocols:179 - Finger 21 peker n책 til: process2
2025-05-02 21:40:35 INFO  ChordProtocols:173 - Beregner fingerID for finger 22: 210821560651360572675896360671418867476
id: 210821560651360572675896360671418867476
lower: 210821560651360572675896360671414673172
upper: 15618062003214643351512781541041391612
Result (wrap): true
2025-05-02 21:40:35 INFO  ChordProtocols:179 - Finger 22 peker n책 til: process2
2025-05-02 21:40:35 INFO  ChordProtocols:173 - Beregner fingerID for finger 23: 210821560651360572675896360671423061780
id: 210821560651360572675896360671423061780
lower: 210821560651360572675896360671414673172
upper: 15618062003214643351512781541041391612
Result (wrap): true
2025-05-02 21:40:35 INFO  ChordProtocols:179 - Finger 23 peker n책 til: process2
2025-05-02 21:40:35 INFO  ChordProtocols:173 - Beregner fingerID for finger 24: 210821560651360572675896360671431450388
id: 210821560651360572675896360671431450388
lower: 210821560651360572675896360671414673172
upper: 15618062003214643351512781541041391612
Result (wrap): true
2025-05-02 21:40:35 INFO  ChordProtocols:179 - Finger 24 peker n책 til: process2
2025-05-02 21:40:35 INFO  ChordProtocols:173 - Beregner fingerID for finger 25: 210821560651360572675896360671448227604
id: 210821560651360572675896360671448227604
lower: 210821560651360572675896360671414673172
upper: 15618062003214643351512781541041391612
Result (wrap): true
2025-05-02 21:40:35 INFO  ChordProtocols:179 - Finger 25 peker n책 til: process2
2025-05-02 21:40:35 INFO  ChordProtocols:173 - Beregner fingerID for finger 26: 210821560651360572675896360671481782036
id: 210821560651360572675896360671481782036
lower: 210821560651360572675896360671414673172
upper: 15618062003214643351512781541041391612
Result (wrap): true
2025-05-02 21:40:35 INFO  ChordProtocols:179 - Finger 26 peker n책 til: process2
2025-05-02 21:40:35 INFO  ChordProtocols:173 - Beregner fingerID for finger 27: 210821560651360572675896360671548890900
id: 210821560651360572675896360671548890900
lower: 210821560651360572675896360671414673172
upper: 15618062003214643351512781541041391612
Result (wrap): true
2025-05-02 21:40:35 INFO  ChordProtocols:179 - Finger 27 peker n책 til: process2
2025-05-02 21:40:35 INFO  ChordProtocols:173 - Beregner fingerID for finger 28: 210821560651360572675896360671683108628
id: 210821560651360572675896360671683108628
lower: 210821560651360572675896360671414673172
upper: 15618062003214643351512781541041391612
Result (wrap): true
2025-05-02 21:40:35 INFO  ChordProtocols:179 - Finger 28 peker n책 til: process2
2025-05-02 21:40:35 INFO  ChordProtocols:173 - Beregner fingerID for finger 29: 210821560651360572675896360671951544084
id: 210821560651360572675896360671951544084
lower: 210821560651360572675896360671414673172
upper: 15618062003214643351512781541041391612
Result (wrap): true
2025-05-02 21:40:35 INFO  ChordProtocols:179 - Finger 29 peker n책 til: process2
2025-05-02 21:40:35 INFO  ChordProtocols:173 - Beregner fingerID for finger 30: 210821560651360572675896360672488414996
id: 210821560651360572675896360672488414996
lower: 210821560651360572675896360671414673172
upper: 15618062003214643351512781541041391612
Result (wrap): true
2025-05-02 21:40:35 INFO  ChordProtocols:179 - Finger 30 peker n책 til: process2
2025-05-02 21:40:35 INFO  ChordProtocols:173 - Beregner fingerID for finger 31: 210821560651360572675896360673562156820
id: 210821560651360572675896360673562156820
lower: 210821560651360572675896360671414673172
upper: 15618062003214643351512781541041391612
Result (wrap): true
2025-05-02 21:40:35 INFO  ChordProtocols:179 - Finger 31 peker n책 til: process2
2025-05-02 21:40:35 INFO  ChordProtocols:173 - Beregner fingerID for finger 32: 210821560651360572675896360675709640468
id: 210821560651360572675896360675709640468
lower: 210821560651360572675896360671414673172
upper: 15618062003214643351512781541041391612
Result (wrap): true
2025-05-02 21:40:35 INFO  ChordProtocols:179 - Finger 32 peker n책 til: process2
2025-05-02 21:40:35 INFO  ChordProtocols:173 - Beregner fingerID for finger 33: 210821560651360572675896360680004607764
id: 210821560651360572675896360680004607764
lower: 210821560651360572675896360671414673172
upper: 15618062003214643351512781541041391612
Result (wrap): true
2025-05-02 21:40:35 INFO  ChordProtocols:179 - Finger 33 peker n책 til: process2
2025-05-02 21:40:35 INFO  ChordProtocols:173 - Beregner fingerID for finger 34: 210821560651360572675896360688594542356
id: 210821560651360572675896360688594542356
lower: 210821560651360572675896360671414673172
upper: 15618062003214643351512781541041391612
Result (wrap): true
2025-05-02 21:40:35 INFO  ChordProtocols:179 - Finger 34 peker n책 til: process2
2025-05-02 21:40:35 INFO  ChordProtocols:173 - Beregner fingerID for finger 35: 210821560651360572675896360705774411540
id: 210821560651360572675896360705774411540
lower: 210821560651360572675896360671414673172
upper: 15618062003214643351512781541041391612
Result (wrap): true
2025-05-02 21:40:35 INFO  ChordProtocols:179 - Finger 35 peker n책 til: process2
2025-05-02 21:40:35 INFO  ChordProtocols:173 - Beregner fingerID for finger 36: 210821560651360572675896360740134149908
id: 210821560651360572675896360740134149908
lower: 210821560651360572675896360671414673172
upper: 15618062003214643351512781541041391612
Result (wrap): true
2025-05-02 21:40:35 INFO  ChordProtocols:179 - Finger 36 peker n책 til: process2
2025-05-02 21:40:35 INFO  ChordProtocols:173 - Beregner fingerID for finger 37: 210821560651360572675896360808853626644
id: 210821560651360572675896360808853626644
lower: 210821560651360572675896360671414673172
upper: 15618062003214643351512781541041391612
Result (wrap): true
2025-05-02 21:40:35 INFO  ChordProtocols:179 - Finger 37 peker n책 til: process2
2025-05-02 21:40:35 INFO  ChordProtocols:173 - Beregner fingerID for finger 38: 210821560651360572675896360946292580116
id: 210821560651360572675896360946292580116
lower: 210821560651360572675896360671414673172
upper: 15618062003214643351512781541041391612
Result (wrap): true
2025-05-02 21:40:35 INFO  ChordProtocols:179 - Finger 38 peker n책 til: process2
2025-05-02 21:40:35 INFO  ChordProtocols:173 - Beregner fingerID for finger 39: 210821560651360572675896361221170487060
id: 210821560651360572675896361221170487060
lower: 210821560651360572675896360671414673172
upper: 15618062003214643351512781541041391612
Result (wrap): true
2025-05-02 21:40:35 INFO  ChordProtocols:179 - Finger 39 peker n책 til: process2
2025-05-02 21:40:35 INFO  ChordProtocols:173 - Beregner fingerID for finger 40: 210821560651360572675896361770926300948
id: 210821560651360572675896361770926300948
lower: 210821560651360572675896360671414673172
upper: 15618062003214643351512781541041391612
Result (wrap): true
2025-05-02 21:40:35 INFO  ChordProtocols:179 - Finger 40 peker n책 til: process2
2025-05-02 21:40:35 INFO  ChordProtocols:173 - Beregner fingerID for finger 41: 210821560651360572675896362870437928724
id: 210821560651360572675896362870437928724
lower: 210821560651360572675896360671414673172
upper: 15618062003214643351512781541041391612
Result (wrap): true
2025-05-02 21:40:35 INFO  ChordProtocols:179 - Finger 41 peker n책 til: process2
2025-05-02 21:40:35 INFO  ChordProtocols:173 - Beregner fingerID for finger 42: 210821560651360572675896365069461184276
id: 210821560651360572675896365069461184276
lower: 210821560651360572675896360671414673172
upper: 15618062003214643351512781541041391612
Result (wrap): true
2025-05-02 21:40:35 INFO  ChordProtocols:179 - Finger 42 peker n책 til: process2
2025-05-02 21:40:35 INFO  ChordProtocols:173 - Beregner fingerID for finger 43: 210821560651360572675896369467507695380
id: 210821560651360572675896369467507695380
lower: 210821560651360572675896360671414673172
upper: 15618062003214643351512781541041391612
Result (wrap): true
2025-05-02 21:40:35 INFO  ChordProtocols:179 - Finger 43 peker n책 til: process2
2025-05-02 21:40:35 INFO  ChordProtocols:173 - Beregner fingerID for finger 44: 210821560651360572675896378263600717588
id: 210821560651360572675896378263600717588
lower: 210821560651360572675896360671414673172
upper: 15618062003214643351512781541041391612
Result (wrap): true
2025-05-02 21:40:35 INFO  ChordProtocols:179 - Finger 44 peker n책 til: process2
2025-05-02 21:40:35 INFO  ChordProtocols:173 - Beregner fingerID for finger 45: 210821560651360572675896395855786762004
id: 210821560651360572675896395855786762004
lower: 210821560651360572675896360671414673172
upper: 15618062003214643351512781541041391612
Result (wrap): true
2025-05-02 21:40:35 INFO  ChordProtocols:179 - Finger 45 peker n책 til: process2
2025-05-02 21:40:35 INFO  ChordProtocols:173 - Beregner fingerID for finger 46: 210821560651360572675896431040158850836
id: 210821560651360572675896431040158850836
lower: 210821560651360572675896360671414673172
upper: 15618062003214643351512781541041391612
Result (wrap): true
2025-05-02 21:40:35 INFO  ChordProtocols:179 - Finger 46 peker n책 til: process2
2025-05-02 21:40:35 INFO  ChordProtocols:173 - Beregner fingerID for finger 47: 210821560651360572675896501408903028500
id: 210821560651360572675896501408903028500
lower: 210821560651360572675896360671414673172
upper: 15618062003214643351512781541041391612
Result (wrap): true
2025-05-02 21:40:35 INFO  ChordProtocols:179 - Finger 47 peker n책 til: process2
2025-05-02 21:40:35 INFO  ChordProtocols:173 - Beregner fingerID for finger 48: 210821560651360572675896642146391383828
id: 210821560651360572675896642146391383828
lower: 210821560651360572675896360671414673172
upper: 15618062003214643351512781541041391612
Result (wrap): true
2025-05-02 21:40:35 INFO  ChordProtocols:179 - Finger 48 peker n책 til: process2
2025-05-02 21:40:35 INFO  ChordProtocols:173 - Beregner fingerID for finger 49: 210821560651360572675896923621368094484
id: 210821560651360572675896923621368094484
lower: 210821560651360572675896360671414673172
upper: 15618062003214643351512781541041391612
Result (wrap): true
2025-05-02 21:40:35 INFO  ChordProtocols:179 - Finger 49 peker n책 til: process2
2025-05-02 21:40:35 INFO  ChordProtocols:173 - Beregner fingerID for finger 50: 210821560651360572675897486571321515796
id: 210821560651360572675897486571321515796
lower: 210821560651360572675896360671414673172
upper: 15618062003214643351512781541041391612
Result (wrap): true
2025-05-02 21:40:35 INFO  ChordProtocols:179 - Finger 50 peker n책 til: process2
2025-05-02 21:40:35 INFO  ChordProtocols:173 - Beregner fingerID for finger 51: 210821560651360572675898612471228358420
id: 210821560651360572675898612471228358420
lower: 210821560651360572675896360671414673172
upper: 15618062003214643351512781541041391612
Result (wrap): true
2025-05-02 21:40:35 INFO  ChordProtocols:179 - Finger 51 peker n책 til: process2
2025-05-02 21:40:35 INFO  ChordProtocols:173 - Beregner fingerID for finger 52: 210821560651360572675900864271042043668
id: 210821560651360572675900864271042043668
lower: 210821560651360572675896360671414673172
upper: 15618062003214643351512781541041391612
Result (wrap): true
2025-05-02 21:40:35 INFO  ChordProtocols:179 - Finger 52 peker n책 til: process2
2025-05-02 21:40:35 INFO  ChordProtocols:173 - Beregner fingerID for finger 53: 210821560651360572675905367870669414164
id: 210821560651360572675905367870669414164
lower: 210821560651360572675896360671414673172
upper: 15618062003214643351512781541041391612
Result (wrap): true
2025-05-02 21:40:35 INFO  ChordProtocols:179 - Finger 53 peker n책 til: process2
2025-05-02 21:40:35 INFO  ChordProtocols:173 - Beregner fingerID for finger 54: 210821560651360572675914375069924155156
id: 210821560651360572675914375069924155156
lower: 210821560651360572675896360671414673172
upper: 15618062003214643351512781541041391612
Result (wrap): true
2025-05-02 21:40:35 INFO  ChordProtocols:179 - Finger 54 peker n책 til: process2
2025-05-02 21:40:35 INFO  ChordProtocols:173 - Beregner fingerID for finger 55: 210821560651360572675932389468433637140
id: 210821560651360572675932389468433637140
lower: 210821560651360572675896360671414673172
upper: 15618062003214643351512781541041391612
Result (wrap): true
2025-05-02 21:40:35 INFO  ChordProtocols:179 - Finger 55 peker n책 til: process2
2025-05-02 21:40:35 INFO  ChordProtocols:173 - Beregner fingerID for finger 56: 210821560651360572675968418265452601108
id: 210821560651360572675968418265452601108
lower: 210821560651360572675896360671414673172
upper: 15618062003214643351512781541041391612
Result (wrap): true
2025-05-02 21:40:35 INFO  ChordProtocols:179 - Finger 56 peker n책 til: process2
2025-05-02 21:40:35 INFO  ChordProtocols:173 - Beregner fingerID for finger 57: 210821560651360572676040475859490529044
id: 210821560651360572676040475859490529044
lower: 210821560651360572675896360671414673172
upper: 15618062003214643351512781541041391612
Result (wrap): true
2025-05-02 21:40:35 INFO  ChordProtocols:179 - Finger 57 peker n책 til: process2
2025-05-02 21:40:35 INFO  ChordProtocols:173 - Beregner fingerID for finger 58: 210821560651360572676184591047566384916
id: 210821560651360572676184591047566384916
lower: 210821560651360572675896360671414673172
upper: 15618062003214643351512781541041391612
Result (wrap): true
2025-05-02 21:40:35 INFO  ChordProtocols:179 - Finger 58 peker n책 til: process2
2025-05-02 21:40:35 INFO  ChordProtocols:173 - Beregner fingerID for finger 59: 210821560651360572676472821423718096660
id: 210821560651360572676472821423718096660
lower: 210821560651360572675896360671414673172
upper: 15618062003214643351512781541041391612
Result (wrap): true
2025-05-02 21:40:35 INFO  ChordProtocols:179 - Finger 59 peker n책 til: process2
2025-05-02 21:40:35 INFO  ChordProtocols:173 - Beregner fingerID for finger 60: 210821560651360572677049282176021520148
id: 210821560651360572677049282176021520148
lower: 210821560651360572675896360671414673172
upper: 15618062003214643351512781541041391612
Result (wrap): true
2025-05-02 21:40:35 INFO  ChordProtocols:179 - Finger 60 peker n책 til: process2
2025-05-02 21:40:35 INFO  ChordProtocols:173 - Beregner fingerID for finger 61: 210821560651360572678202203680628367124
id: 210821560651360572678202203680628367124
lower: 210821560651360572675896360671414673172
upper: 15618062003214643351512781541041391612
Result (wrap): true
2025-05-02 21:40:35 INFO  ChordProtocols:179 - Finger 61 peker n책 til: process2
2025-05-02 21:40:35 INFO  ChordProtocols:173 - Beregner fingerID for finger 62: 210821560651360572680508046689842061076
id: 210821560651360572680508046689842061076
lower: 210821560651360572675896360671414673172
upper: 15618062003214643351512781541041391612
Result (wrap): true
2025-05-02 21:40:35 INFO  ChordProtocols:179 - Finger 62 peker n책 til: process2
2025-05-02 21:40:35 INFO  ChordProtocols:173 - Beregner fingerID for finger 63: 210821560651360572685119732708269448980
id: 210821560651360572685119732708269448980
lower: 210821560651360572675896360671414673172
upper: 15618062003214643351512781541041391612
Result (wrap): true
2025-05-02 21:40:35 INFO  ChordProtocols:179 - Finger 63 peker n책 til: process2
2025-05-02 21:40:35 INFO  ChordProtocols:173 - Beregner fingerID for finger 64: 210821560651360572694343104745124224788
id: 210821560651360572694343104745124224788
lower: 210821560651360572675896360671414673172
upper: 15618062003214643351512781541041391612
Result (wrap): true
2025-05-02 21:40:35 INFO  ChordProtocols:179 - Finger 64 peker n책 til: process2
2025-05-02 21:40:35 INFO  ChordProtocols:173 - Beregner fingerID for finger 65: 210821560651360572712789848818833776404
id: 210821560651360572712789848818833776404
lower: 210821560651360572675896360671414673172
upper: 15618062003214643351512781541041391612
Result (wrap): true
2025-05-02 21:40:35 INFO  ChordProtocols:179 - Finger 65 peker n책 til: process2
2025-05-02 21:40:35 INFO  ChordProtocols:173 - Beregner fingerID for finger 66: 210821560651360572749683336966252879636
id: 210821560651360572749683336966252879636
lower: 210821560651360572675896360671414673172
upper: 15618062003214643351512781541041391612
Result (wrap): true
2025-05-02 21:40:35 INFO  ChordProtocols:179 - Finger 66 peker n책 til: process2
2025-05-02 21:40:35 INFO  ChordProtocols:173 - Beregner fingerID for finger 67: 210821560651360572823470313261091086100
id: 210821560651360572823470313261091086100
lower: 210821560651360572675896360671414673172
upper: 15618062003214643351512781541041391612
Result (wrap): true
2025-05-02 21:40:35 INFO  ChordProtocols:179 - Finger 67 peker n책 til: process2
2025-05-02 21:40:35 INFO  ChordProtocols:173 - Beregner fingerID for finger 68: 210821560651360572971044265850767499028
id: 210821560651360572971044265850767499028
lower: 210821560651360572675896360671414673172
upper: 15618062003214643351512781541041391612
Result (wrap): true
2025-05-02 21:40:35 INFO  ChordProtocols:179 - Finger 68 peker n책 til: process2
2025-05-02 21:40:35 INFO  ChordProtocols:173 - Beregner fingerID for finger 69: 210821560651360573266192171030120324884
id: 210821560651360573266192171030120324884
lower: 210821560651360572675896360671414673172
upper: 15618062003214643351512781541041391612
Result (wrap): true
2025-05-02 21:40:35 INFO  ChordProtocols:179 - Finger 69 peker n책 til: process2
2025-05-02 21:40:35 INFO  ChordProtocols:173 - Beregner fingerID for finger 70: 210821560651360573856487981388825976596
id: 210821560651360573856487981388825976596
lower: 210821560651360572675896360671414673172
upper: 15618062003214643351512781541041391612
Result (wrap): true
2025-05-02 21:40:35 INFO  ChordProtocols:179 - Finger 70 peker n책 til: process2
2025-05-02 21:40:35 INFO  ChordProtocols:173 - Beregner fingerID for finger 71: 210821560651360575037079602106237280020
id: 210821560651360575037079602106237280020
lower: 210821560651360572675896360671414673172
upper: 15618062003214643351512781541041391612
Result (wrap): true
2025-05-02 21:40:35 INFO  ChordProtocols:179 - Finger 71 peker n책 til: process2
2025-05-02 21:40:35 INFO  ChordProtocols:173 - Beregner fingerID for finger 72: 210821560651360577398262843541059886868
id: 210821560651360577398262843541059886868
lower: 210821560651360572675896360671414673172
upper: 15618062003214643351512781541041391612
Result (wrap): true
2025-05-02 21:40:35 INFO  ChordProtocols:179 - Finger 72 peker n책 til: process2
2025-05-02 21:40:35 INFO  ChordProtocols:173 - Beregner fingerID for finger 73: 210821560651360582120629326410705100564
id: 210821560651360582120629326410705100564
lower: 210821560651360572675896360671414673172
upper: 15618062003214643351512781541041391612
Result (wrap): true
2025-05-02 21:40:35 INFO  ChordProtocols:179 - Finger 73 peker n책 til: process2
2025-05-02 21:40:35 INFO  ChordProtocols:173 - Beregner fingerID for finger 74: 210821560651360591565362292149995527956
id: 210821560651360591565362292149995527956
lower: 210821560651360572675896360671414673172
upper: 15618062003214643351512781541041391612
Result (wrap): true
2025-05-02 21:40:35 INFO  ChordProtocols:179 - Finger 74 peker n책 til: process2
2025-05-02 21:40:35 INFO  ChordProtocols:173 - Beregner fingerID for finger 75: 210821560651360610454828223628576382740
id: 210821560651360610454828223628576382740
lower: 210821560651360572675896360671414673172
upper: 15618062003214643351512781541041391612
Result (wrap): true
2025-05-02 21:40:35 INFO  ChordProtocols:179 - Finger 75 peker n책 til: process2
2025-05-02 21:40:35 INFO  ChordProtocols:173 - Beregner fingerID for finger 76: 210821560651360648233760086585738092308
id: 210821560651360648233760086585738092308
lower: 210821560651360572675896360671414673172
upper: 15618062003214643351512781541041391612
Result (wrap): true
2025-05-02 21:40:35 INFO  ChordProtocols:179 - Finger 76 peker n책 til: process2
2025-05-02 21:40:35 INFO  ChordProtocols:173 - Beregner fingerID for finger 77: 210821560651360723791623812500061511444
id: 210821560651360723791623812500061511444
lower: 210821560651360572675896360671414673172
upper: 15618062003214643351512781541041391612
Result (wrap): true
2025-05-02 21:40:35 INFO  ChordProtocols:179 - Finger 77 peker n책 til: process2
2025-05-02 21:40:35 INFO  ChordProtocols:173 - Beregner fingerID for finger 78: 210821560651360874907351264328708349716
id: 210821560651360874907351264328708349716
lower: 210821560651360572675896360671414673172
upper: 15618062003214643351512781541041391612
Result (wrap): true
2025-05-02 21:40:35 INFO  ChordProtocols:179 - Finger 78 peker n책 til: process2
2025-05-02 21:40:35 INFO  ChordProtocols:173 - Beregner fingerID for finger 79: 210821560651361177138806167986002026260
id: 210821560651361177138806167986002026260
lower: 210821560651360572675896360671414673172
upper: 15618062003214643351512781541041391612
Result (wrap): true
2025-05-02 21:40:35 INFO  ChordProtocols:179 - Finger 79 peker n책 til: process2
2025-05-02 21:40:35 INFO  ChordProtocols:173 - Beregner fingerID for finger 80: 210821560651361781601715975300589379348
id: 210821560651361781601715975300589379348
lower: 210821560651360572675896360671414673172
upper: 15618062003214643351512781541041391612
Result (wrap): true
2025-05-02 21:40:35 INFO  ChordProtocols:179 - Finger 80 peker n책 til: process2
2025-05-02 21:40:35 INFO  ChordProtocols:173 - Beregner fingerID for finger 81: 210821560651362990527535589929764085524
id: 210821560651362990527535589929764085524
lower: 210821560651360572675896360671414673172
upper: 15618062003214643351512781541041391612
Result (wrap): true
2025-05-02 21:40:35 INFO  ChordProtocols:179 - Finger 81 peker n책 til: process2
2025-05-02 21:40:35 INFO  ChordProtocols:173 - Beregner fingerID for finger 82: 210821560651365408379174819188113497876
id: 210821560651365408379174819188113497876
lower: 210821560651360572675896360671414673172
upper: 15618062003214643351512781541041391612
Result (wrap): true
2025-05-02 21:40:35 INFO  ChordProtocols:179 - Finger 82 peker n책 til: process2
2025-05-02 21:40:35 INFO  ChordProtocols:173 - Beregner fingerID for finger 83: 210821560651370244082453277704812322580
id: 210821560651370244082453277704812322580
lower: 210821560651360572675896360671414673172
upper: 15618062003214643351512781541041391612
Result (wrap): true
2025-05-02 21:40:35 INFO  ChordProtocols:179 - Finger 83 peker n책 til: process2
2025-05-02 21:40:35 INFO  ChordProtocols:173 - Beregner fingerID for finger 84: 210821560651379915489010194738209971988
id: 210821560651379915489010194738209971988
lower: 210821560651360572675896360671414673172
upper: 15618062003214643351512781541041391612
Result (wrap): true
2025-05-02 21:40:35 INFO  ChordProtocols:179 - Finger 84 peker n책 til: process2
2025-05-02 21:40:35 INFO  ChordProtocols:173 - Beregner fingerID for finger 85: 210821560651399258302124028805005270804
id: 210821560651399258302124028805005270804
lower: 210821560651360572675896360671414673172
upper: 15618062003214643351512781541041391612
Result (wrap): true
2025-05-02 21:40:35 INFO  ChordProtocols:179 - Finger 85 peker n책 til: process2
2025-05-02 21:40:35 INFO  ChordProtocols:173 - Beregner fingerID for finger 86: 210821560651437943928351696938595868436
id: 210821560651437943928351696938595868436
lower: 210821560651360572675896360671414673172
upper: 15618062003214643351512781541041391612
Result (wrap): true
2025-05-02 21:40:35 INFO  ChordProtocols:179 - Finger 86 peker n책 til: process2
2025-05-02 21:40:35 INFO  ChordProtocols:173 - Beregner fingerID for finger 87: 210821560651515315180807033205777063700
id: 210821560651515315180807033205777063700
lower: 210821560651360572675896360671414673172
upper: 15618062003214643351512781541041391612
Result (wrap): true
2025-05-02 21:40:35 INFO  ChordProtocols:179 - Finger 87 peker n책 til: process2
2025-05-02 21:40:35 INFO  ChordProtocols:173 - Beregner fingerID for finger 88: 210821560651670057685717705740139454228
id: 210821560651670057685717705740139454228
lower: 210821560651360572675896360671414673172
upper: 15618062003214643351512781541041391612
Result (wrap): true
2025-05-02 21:40:35 INFO  ChordProtocols:179 - Finger 88 peker n책 til: process2
2025-05-02 21:40:35 INFO  ChordProtocols:173 - Beregner fingerID for finger 89: 210821560651979542695539050808864235284
id: 210821560651979542695539050808864235284
lower: 210821560651360572675896360671414673172
upper: 15618062003214643351512781541041391612
Result (wrap): true
2025-05-02 21:40:35 INFO  ChordProtocols:179 - Finger 89 peker n책 til: process2
2025-05-02 21:40:35 INFO  ChordProtocols:173 - Beregner fingerID for finger 90: 210821560652598512715181740946313797396
id: 210821560652598512715181740946313797396
lower: 210821560651360572675896360671414673172
upper: 15618062003214643351512781541041391612
Result (wrap): true
2025-05-02 21:40:35 INFO  ChordProtocols:179 - Finger 90 peker n책 til: process2
2025-05-02 21:40:35 INFO  ChordProtocols:173 - Beregner fingerID for finger 91: 210821560653836452754467121221212921620
id: 210821560653836452754467121221212921620
lower: 210821560651360572675896360671414673172
upper: 15618062003214643351512781541041391612
Result (wrap): true
2025-05-02 21:40:35 INFO  ChordProtocols:179 - Finger 91 peker n책 til: process2
2025-05-02 21:40:35 INFO  ChordProtocols:173 - Beregner fingerID for finger 92: 210821560656312332833037881771011170068
id: 210821560656312332833037881771011170068
lower: 210821560651360572675896360671414673172
upper: 15618062003214643351512781541041391612
Result (wrap): true
2025-05-02 21:40:35 INFO  ChordProtocols:179 - Finger 92 peker n책 til: process2
2025-05-02 21:40:35 INFO  ChordProtocols:173 - Beregner fingerID for finger 93: 210821560661264092990179402870607666964
id: 210821560661264092990179402870607666964
lower: 210821560651360572675896360671414673172
upper: 15618062003214643351512781541041391612
Result (wrap): true
2025-05-02 21:40:35 INFO  ChordProtocols:179 - Finger 93 peker n책 til: process2
2025-05-02 21:40:35 INFO  ChordProtocols:173 - Beregner fingerID for finger 94: 210821560671167613304462445069800660756
id: 210821560671167613304462445069800660756
lower: 210821560651360572675896360671414673172
upper: 15618062003214643351512781541041391612
Result (wrap): true
2025-05-02 21:40:35 INFO  ChordProtocols:179 - Finger 94 peker n책 til: process2
2025-05-02 21:40:35 INFO  ChordProtocols:173 - Beregner fingerID for finger 95: 210821560690974653933028529468186648340
id: 210821560690974653933028529468186648340
lower: 210821560651360572675896360671414673172
upper: 15618062003214643351512781541041391612
Result (wrap): true
2025-05-02 21:40:35 INFO  ChordProtocols:179 - Finger 95 peker n책 til: process2
2025-05-02 21:40:35 INFO  ChordProtocols:173 - Beregner fingerID for finger 96: 210821560730588735190160698264958623508
id: 210821560730588735190160698264958623508
lower: 210821560651360572675896360671414673172
upper: 15618062003214643351512781541041391612
Result (wrap): true
2025-05-02 21:40:35 INFO  ChordProtocols:179 - Finger 96 peker n책 til: process2
2025-05-02 21:40:35 INFO  ChordProtocols:173 - Beregner fingerID for finger 97: 210821560809816897704425035858502573844
id: 210821560809816897704425035858502573844
lower: 210821560651360572675896360671414673172
upper: 15618062003214643351512781541041391612
Result (wrap): true
2025-05-02 21:40:35 INFO  ChordProtocols:179 - Finger 97 peker n책 til: process2
2025-05-02 21:40:35 INFO  ChordProtocols:173 - Beregner fingerID for finger 98: 210821560968273222732953711045590474516
id: 210821560968273222732953711045590474516
lower: 210821560651360572675896360671414673172
upper: 15618062003214643351512781541041391612
Result (wrap): true
2025-05-02 21:40:35 INFO  ChordProtocols:179 - Finger 98 peker n책 til: process2
2025-05-02 21:40:35 INFO  ChordProtocols:173 - Beregner fingerID for finger 99: 210821561285185872790011061419766275860
id: 210821561285185872790011061419766275860
lower: 210821560651360572675896360671414673172
upper: 15618062003214643351512781541041391612
Result (wrap): true
2025-05-02 21:40:35 INFO  ChordProtocols:179 - Finger 99 peker n책 til: process2
2025-05-02 21:40:35 INFO  ChordProtocols:173 - Beregner fingerID for finger 100: 210821561919011172904125762168117878548
id: 210821561919011172904125762168117878548
lower: 210821560651360572675896360671414673172
upper: 15618062003214643351512781541041391612
Result (wrap): true
2025-05-02 21:40:35 INFO  ChordProtocols:179 - Finger 100 peker n책 til: process2
2025-05-02 21:40:35 INFO  ChordProtocols:173 - Beregner fingerID for finger 101: 210821563186661773132355163664821083924
id: 210821563186661773132355163664821083924
lower: 210821560651360572675896360671414673172
upper: 15618062003214643351512781541041391612
Result (wrap): true
2025-05-02 21:40:35 INFO  ChordProtocols:179 - Finger 101 peker n책 til: process2
2025-05-02 21:40:35 INFO  ChordProtocols:173 - Beregner fingerID for finger 102: 210821565721962973588813966658227494676
id: 210821565721962973588813966658227494676
lower: 210821560651360572675896360671414673172
upper: 15618062003214643351512781541041391612
Result (wrap): true
2025-05-02 21:40:35 INFO  ChordProtocols:179 - Finger 102 peker n책 til: process2
2025-05-02 21:40:35 INFO  ChordProtocols:173 - Beregner fingerID for finger 103: 210821570792565374501731572645040316180
id: 210821570792565374501731572645040316180
lower: 210821560651360572675896360671414673172
upper: 15618062003214643351512781541041391612
Result (wrap): true
2025-05-02 21:40:35 INFO  ChordProtocols:179 - Finger 103 peker n책 til: process2
2025-05-02 21:40:35 INFO  ChordProtocols:173 - Beregner fingerID for finger 104: 210821580933770176327566784618665959188
id: 210821580933770176327566784618665959188
lower: 210821560651360572675896360671414673172
upper: 15618062003214643351512781541041391612
Result (wrap): true
2025-05-02 21:40:35 INFO  ChordProtocols:179 - Finger 104 peker n책 til: process2
2025-05-02 21:40:35 INFO  ChordProtocols:173 - Beregner fingerID for finger 105: 210821601216179779979237208565917245204
id: 210821601216179779979237208565917245204
lower: 210821560651360572675896360671414673172
upper: 15618062003214643351512781541041391612
Result (wrap): true
2025-05-02 21:40:35 INFO  ChordProtocols:179 - Finger 105 peker n책 til: process2
2025-05-02 21:40:35 INFO  ChordProtocols:173 - Beregner fingerID for finger 106: 210821641780998987282578056460419817236
id: 210821641780998987282578056460419817236
lower: 210821560651360572675896360671414673172
upper: 15618062003214643351512781541041391612
Result (wrap): true
2025-05-02 21:40:35 INFO  ChordProtocols:179 - Finger 106 peker n책 til: process2
2025-05-02 21:40:35 INFO  ChordProtocols:173 - Beregner fingerID for finger 107: 210821722910637401889259752249424961300
id: 210821722910637401889259752249424961300
lower: 210821560651360572675896360671414673172
upper: 15618062003214643351512781541041391612
Result (wrap): true
2025-05-02 21:40:35 INFO  ChordProtocols:179 - Finger 107 peker n책 til: process2
2025-05-02 21:40:35 INFO  ChordProtocols:173 - Beregner fingerID for finger 108: 210821885169914231102623143827435249428
id: 210821885169914231102623143827435249428
lower: 210821560651360572675896360671414673172
upper: 15618062003214643351512781541041391612
Result (wrap): true
2025-05-02 21:40:35 INFO  ChordProtocols:179 - Finger 108 peker n책 til: process2
2025-05-02 21:40:35 INFO  ChordProtocols:173 - Beregner fingerID for finger 109: 210822209688467889529349926983455825684
id: 210822209688467889529349926983455825684
lower: 210821560651360572675896360671414673172
upper: 15618062003214643351512781541041391612
Result (wrap): true
2025-05-02 21:40:35 INFO  ChordProtocols:179 - Finger 109 peker n책 til: process2
2025-05-02 21:40:35 INFO  ChordProtocols:173 - Beregner fingerID for finger 110: 210822858725575206382803493295496978196
id: 210822858725575206382803493295496978196
lower: 210821560651360572675896360671414673172
upper: 15618062003214643351512781541041391612
Result (wrap): true
2025-05-02 21:40:35 INFO  ChordProtocols:179 - Finger 110 peker n책 til: process2
2025-05-02 21:40:35 INFO  ChordProtocols:173 - Beregner fingerID for finger 111: 210824156799789840089710625919579283220
id: 210824156799789840089710625919579283220
lower: 210821560651360572675896360671414673172
upper: 15618062003214643351512781541041391612
Result (wrap): true
2025-05-02 21:40:35 INFO  ChordProtocols:179 - Finger 111 peker n책 til: process2
2025-05-02 21:40:35 INFO  ChordProtocols:173 - Beregner fingerID for finger 112: 210826752948219107503524891167743893268
id: 210826752948219107503524891167743893268
lower: 210821560651360572675896360671414673172
upper: 15618062003214643351512781541041391612
Result (wrap): true
2025-05-02 21:40:35 INFO  ChordProtocols:179 - Finger 112 peker n책 til: process2
2025-05-02 21:40:35 INFO  ChordProtocols:173 - Beregner fingerID for finger 113: 210831945245077642331153421664073113364
id: 210831945245077642331153421664073113364
lower: 210821560651360572675896360671414673172
upper: 15618062003214643351512781541041391612
Result (wrap): true
2025-05-02 21:40:35 INFO  ChordProtocols:179 - Finger 113 peker n책 til: process2
2025-05-02 21:40:35 INFO  ChordProtocols:173 - Beregner fingerID for finger 114: 210842329838794711986410482656731553556
id: 210842329838794711986410482656731553556
lower: 210821560651360572675896360671414673172
upper: 15618062003214643351512781541041391612
Result (wrap): true
2025-05-02 21:40:35 INFO  ChordProtocols:179 - Finger 114 peker n책 til: process2
2025-05-02 21:40:35 INFO  ChordProtocols:173 - Beregner fingerID for finger 115: 210863099026228851296924604642048433940
id: 210863099026228851296924604642048433940
lower: 210821560651360572675896360671414673172
upper: 15618062003214643351512781541041391612
Result (wrap): true
2025-05-02 21:40:35 INFO  ChordProtocols:179 - Finger 115 peker n책 til: process2
2025-05-02 21:40:35 INFO  ChordProtocols:173 - Beregner fingerID for finger 116: 210904637401097129917952848612682194708
id: 210904637401097129917952848612682194708
lower: 210821560651360572675896360671414673172
upper: 15618062003214643351512781541041391612
Result (wrap): true
2025-05-02 21:40:35 INFO  ChordProtocols:179 - Finger 116 peker n책 til: process2
2025-05-02 21:40:35 INFO  ChordProtocols:173 - Beregner fingerID for finger 117: 210987714150833687160009336553949716244
id: 210987714150833687160009336553949716244
lower: 210821560651360572675896360671414673172
upper: 15618062003214643351512781541041391612
Result (wrap): true
2025-05-02 21:40:35 INFO  ChordProtocols:179 - Finger 117 peker n책 til: process2
2025-05-02 21:40:35 INFO  ChordProtocols:173 - Beregner fingerID for finger 118: 211153867650306801644122312436484759316
id: 211153867650306801644122312436484759316
lower: 210821560651360572675896360671414673172
upper: 15618062003214643351512781541041391612
Result (wrap): true
2025-05-02 21:40:35 INFO  ChordProtocols:179 - Finger 118 peker n책 til: process2
2025-05-02 21:40:35 INFO  ChordProtocols:173 - Beregner fingerID for finger 119: 211486174649253030612348264201554845460
id: 211486174649253030612348264201554845460
lower: 210821560651360572675896360671414673172
upper: 15618062003214643351512781541041391612
Result (wrap): true
2025-05-02 21:40:35 INFO  ChordProtocols:179 - Finger 119 peker n책 til: process2
2025-05-02 21:40:35 INFO  ChordProtocols:173 - Beregner fingerID for finger 120: 212150788647145488548800167731695017748
id: 212150788647145488548800167731695017748
lower: 210821560651360572675896360671414673172
upper: 15618062003214643351512781541041391612
Result (wrap): true
2025-05-02 21:40:35 INFO  ChordProtocols:179 - Finger 120 peker n책 til: process2
2025-05-02 21:40:35 INFO  ChordProtocols:173 - Beregner fingerID for finger 121: 213480016642930404421703974791975362324
id: 213480016642930404421703974791975362324
lower: 210821560651360572675896360671414673172
upper: 15618062003214643351512781541041391612
Result (wrap): true
2025-05-02 21:40:35 INFO  ChordProtocols:179 - Finger 121 peker n책 til: process2
2025-05-02 21:40:35 INFO  ChordProtocols:173 - Beregner fingerID for finger 122: 216138472634500236167511588912536051476
id: 216138472634500236167511588912536051476
lower: 210821560651360572675896360671414673172
upper: 15618062003214643351512781541041391612
Result (wrap): true
2025-05-02 21:40:35 INFO  ChordProtocols:179 - Finger 122 peker n책 til: process2
2025-05-02 21:40:35 INFO  ChordProtocols:173 - Beregner fingerID for finger 123: 221455384617639899659126817153657429780
id: 221455384617639899659126817153657429780
lower: 210821560651360572675896360671414673172
upper: 15618062003214643351512781541041391612
Result (wrap): true
2025-05-02 21:40:35 INFO  ChordProtocols:179 - Finger 123 peker n책 til: process2
2025-05-02 21:40:35 INFO  ChordProtocols:173 - Beregner fingerID for finger 124: 232089208583919226642357273635900186388
id: 232089208583919226642357273635900186388
lower: 210821560651360572675896360671414673172
upper: 15618062003214643351512781541041391612
Result (wrap): true
2025-05-02 21:40:35 INFO  ChordProtocols:179 - Finger 124 peker n책 til: process2
2025-05-02 21:40:35 INFO  ChordProtocols:173 - Beregner fingerID for finger 125: 253356856516477880608818186600385699604
id: 253356856516477880608818186600385699604
lower: 210821560651360572675896360671414673172
upper: 15618062003214643351512781541041391612
Result (wrap): true
2025-05-02 21:40:35 INFO  ChordProtocols:179 - Finger 125 peker n책 til: process2
2025-05-02 21:40:35 INFO  ChordProtocols:173 - Beregner fingerID for finger 126: 295892152381595188541740012529356726036
id: 295892152381595188541740012529356726036
lower: 210821560651360572675896360671414673172
upper: 15618062003214643351512781541041391612
Result (wrap): true
2025-05-02 21:40:35 INFO  ChordProtocols:179 - Finger 126 peker n책 til: process2
2025-05-02 21:40:35 INFO  ChordProtocols:173 - Beregner fingerID for finger 127: 40680377190891340944209056955530567444
id: 40680377190891340944209056955530567444
lower: 210821560651360572675896360671414673172
upper: 15618062003214643351512781541041391612
Result (wrap): false
id: 15618062003214643351512781541041391612
lower: 210821560651360572675896360671414673172
upper: 40680377190891340944209056955530567444
Result (wrap): true
id: 40680377190891340944209056955530567444
lower: 15618062003214643351512781541041391612
upper: 53937554629190552131995290006614509577
Result (no wrap): true
2025-05-02 21:40:35 INFO  ChordProtocols:179 - Finger 127 peker n책 til: process1
2025-05-02 21:40:35 INFO  StabilizationProtocols:60 - Checking the predecessor for Node: process4
==================================
Node Identifier = 210821560651360572675896360671414673172
Node IP address = process4
successor(process4) = process2
predecessor(process4) = process5
Current File keys for process4 => [179241403734895214076219526399432130488, 140065589670395970233963560630295105848, 127615430233524719490345743798572761786, 191558309544647931649133602766041063646, 136541484142652779330200457892076216958, 149037318589456997023767356092491379363]
==================================
2025-05-02 21:40:35 INFO  StabilizationProtocols:130 - Updating the successor for Node: process5
id: 121411138451101288395601026024677976157
lower: 121411138451101288395601026024677976156
upper: 210821560651360572675896360671414673172
Result (no wrap): true
2025-05-02 21:40:35 INFO  StabilizationProtocols:84 - Stabilizing ring from process5...
2025-05-02 21:40:35 INFO  StabilizationProtocols:91 - Stabilize ring: succnode = process4
id: 121411138451101288395601026024677976156
lower: 121411138451101288395601026024677976157
upper: 210821560651360572675896360671414673173
Result (no wrap): false
2025-05-02 21:40:35 INFO  StabilizationProtocols:113 - Finished stabilizing chordring from process5
2025-05-02 21:40:35 INFO  ChordProtocols:159 - Oppdaterer FingerTable for Node: process5
2025-05-02 21:40:35 INFO  ChordProtocols:173 - Beregner fingerID for finger 0: 121411138451101288395601026024677976157
id: 121411138451101288395601026024677976157
lower: 121411138451101288395601026024677976156
upper: 210821560651360572675896360671414673172
Result (no wrap): true
2025-05-02 21:40:35 INFO  ChordProtocols:179 - Finger 0 peker n책 til: process4
2025-05-02 21:40:35 INFO  ChordProtocols:173 - Beregner fingerID for finger 1: 121411138451101288395601026024677976158
id: 121411138451101288395601026024677976158
lower: 121411138451101288395601026024677976156
upper: 210821560651360572675896360671414673172
Result (no wrap): true
2025-05-02 21:40:35 INFO  ChordProtocols:179 - Finger 1 peker n책 til: process4
2025-05-02 21:40:35 INFO  ChordProtocols:173 - Beregner fingerID for finger 2: 121411138451101288395601026024677976160
id: 121411138451101288395601026024677976160
lower: 121411138451101288395601026024677976156
upper: 210821560651360572675896360671414673172
Result (no wrap): true
2025-05-02 21:40:35 INFO  ChordProtocols:179 - Finger 2 peker n책 til: process4
2025-05-02 21:40:35 INFO  ChordProtocols:173 - Beregner fingerID for finger 3: 121411138451101288395601026024677976164
id: 121411138451101288395601026024677976164
lower: 121411138451101288395601026024677976156
upper: 210821560651360572675896360671414673172
Result (no wrap): true
2025-05-02 21:40:35 INFO  ChordProtocols:179 - Finger 3 peker n책 til: process4
2025-05-02 21:40:35 INFO  ChordProtocols:173 - Beregner fingerID for finger 4: 121411138451101288395601026024677976172
id: 121411138451101288395601026024677976172
lower: 121411138451101288395601026024677976156
upper: 210821560651360572675896360671414673172
Result (no wrap): true
2025-05-02 21:40:35 INFO  ChordProtocols:179 - Finger 4 peker n책 til: process4
2025-05-02 21:40:35 INFO  ChordProtocols:173 - Beregner fingerID for finger 5: 121411138451101288395601026024677976188
id: 121411138451101288395601026024677976188
lower: 121411138451101288395601026024677976156
upper: 210821560651360572675896360671414673172
Result (no wrap): true
2025-05-02 21:40:35 INFO  ChordProtocols:179 - Finger 5 peker n책 til: process4
2025-05-02 21:40:35 INFO  ChordProtocols:173 - Beregner fingerID for finger 6: 121411138451101288395601026024677976220
id: 121411138451101288395601026024677976220
lower: 121411138451101288395601026024677976156
upper: 210821560651360572675896360671414673172
Result (no wrap): true
2025-05-02 21:40:35 INFO  ChordProtocols:179 - Finger 6 peker n책 til: process4
2025-05-02 21:40:35 INFO  ChordProtocols:173 - Beregner fingerID for finger 7: 121411138451101288395601026024677976284
id: 121411138451101288395601026024677976284
lower: 121411138451101288395601026024677976156
upper: 210821560651360572675896360671414673172
Result (no wrap): true
2025-05-02 21:40:35 INFO  ChordProtocols:179 - Finger 7 peker n책 til: process4
2025-05-02 21:40:35 INFO  ChordProtocols:173 - Beregner fingerID for finger 8: 121411138451101288395601026024677976412
id: 121411138451101288395601026024677976412
lower: 121411138451101288395601026024677976156
upper: 210821560651360572675896360671414673172
Result (no wrap): true
2025-05-02 21:40:35 INFO  ChordProtocols:179 - Finger 8 peker n책 til: process4
2025-05-02 21:40:35 INFO  ChordProtocols:173 - Beregner fingerID for finger 9: 121411138451101288395601026024677976668
id: 121411138451101288395601026024677976668
lower: 121411138451101288395601026024677976156
upper: 210821560651360572675896360671414673172
Result (no wrap): true
2025-05-02 21:40:35 INFO  ChordProtocols:179 - Finger 9 peker n책 til: process4
2025-05-02 21:40:35 INFO  ChordProtocols:173 - Beregner fingerID for finger 10: 121411138451101288395601026024677977180
id: 121411138451101288395601026024677977180
lower: 121411138451101288395601026024677976156
upper: 210821560651360572675896360671414673172
Result (no wrap): true
2025-05-02 21:40:35 INFO  ChordProtocols:179 - Finger 10 peker n책 til: process4
2025-05-02 21:40:35 INFO  ChordProtocols:173 - Beregner fingerID for finger 11: 121411138451101288395601026024677978204
id: 121411138451101288395601026024677978204
lower: 121411138451101288395601026024677976156
upper: 210821560651360572675896360671414673172
Result (no wrap): true
2025-05-02 21:40:35 INFO  ChordProtocols:179 - Finger 11 peker n책 til: process4
2025-05-02 21:40:35 INFO  ChordProtocols:173 - Beregner fingerID for finger 12: 121411138451101288395601026024677980252
id: 121411138451101288395601026024677980252
lower: 121411138451101288395601026024677976156
upper: 210821560651360572675896360671414673172
Result (no wrap): true
2025-05-02 21:40:35 INFO  ChordProtocols:179 - Finger 12 peker n책 til: process4
2025-05-02 21:40:35 INFO  ChordProtocols:173 - Beregner fingerID for finger 13: 121411138451101288395601026024677984348
id: 121411138451101288395601026024677984348
lower: 121411138451101288395601026024677976156
upper: 210821560651360572675896360671414673172
Result (no wrap): true
2025-05-02 21:40:35 INFO  ChordProtocols:179 - Finger 13 peker n책 til: process4
2025-05-02 21:40:35 INFO  ChordProtocols:173 - Beregner fingerID for finger 14: 121411138451101288395601026024677992540
id: 121411138451101288395601026024677992540
lower: 121411138451101288395601026024677976156
upper: 210821560651360572675896360671414673172
Result (no wrap): true
2025-05-02 21:40:35 INFO  ChordProtocols:179 - Finger 14 peker n책 til: process4
2025-05-02 21:40:35 INFO  ChordProtocols:173 - Beregner fingerID for finger 15: 121411138451101288395601026024678008924
id: 121411138451101288395601026024678008924
lower: 121411138451101288395601026024677976156
upper: 210821560651360572675896360671414673172
Result (no wrap): true
2025-05-02 21:40:35 INFO  ChordProtocols:179 - Finger 15 peker n책 til: process4
2025-05-02 21:40:35 INFO  ChordProtocols:173 - Beregner fingerID for finger 16: 121411138451101288395601026024678041692
id: 121411138451101288395601026024678041692
lower: 121411138451101288395601026024677976156
upper: 210821560651360572675896360671414673172
Result (no wrap): true
2025-05-02 21:40:35 INFO  ChordProtocols:179 - Finger 16 peker n책 til: process4
2025-05-02 21:40:35 INFO  ChordProtocols:173 - Beregner fingerID for finger 17: 121411138451101288395601026024678107228
id: 121411138451101288395601026024678107228
lower: 121411138451101288395601026024677976156
upper: 210821560651360572675896360671414673172
Result (no wrap): true
2025-05-02 21:40:35 INFO  ChordProtocols:179 - Finger 17 peker n책 til: process4
2025-05-02 21:40:35 INFO  ChordProtocols:173 - Beregner fingerID for finger 18: 121411138451101288395601026024678238300
id: 121411138451101288395601026024678238300
lower: 121411138451101288395601026024677976156
upper: 210821560651360572675896360671414673172
Result (no wrap): true
2025-05-02 21:40:35 INFO  ChordProtocols:179 - Finger 18 peker n책 til: process4
2025-05-02 21:40:35 INFO  ChordProtocols:173 - Beregner fingerID for finger 19: 121411138451101288395601026024678500444
id: 121411138451101288395601026024678500444
lower: 121411138451101288395601026024677976156
upper: 210821560651360572675896360671414673172
Result (no wrap): true
2025-05-02 21:40:35 INFO  ChordProtocols:179 - Finger 19 peker n책 til: process4
2025-05-02 21:40:35 INFO  ChordProtocols:173 - Beregner fingerID for finger 20: 121411138451101288395601026024679024732
id: 121411138451101288395601026024679024732
lower: 121411138451101288395601026024677976156
upper: 210821560651360572675896360671414673172
Result (no wrap): true
2025-05-02 21:40:35 INFO  ChordProtocols:179 - Finger 20 peker n책 til: process4
2025-05-02 21:40:35 INFO  ChordProtocols:173 - Beregner fingerID for finger 21: 121411138451101288395601026024680073308
id: 121411138451101288395601026024680073308
lower: 121411138451101288395601026024677976156
upper: 210821560651360572675896360671414673172
Result (no wrap): true
2025-05-02 21:40:35 INFO  ChordProtocols:179 - Finger 21 peker n책 til: process4
2025-05-02 21:40:35 INFO  ChordProtocols:173 - Beregner fingerID for finger 22: 121411138451101288395601026024682170460
id: 121411138451101288395601026024682170460
lower: 121411138451101288395601026024677976156
upper: 210821560651360572675896360671414673172
Result (no wrap): true
2025-05-02 21:40:35 INFO  ChordProtocols:179 - Finger 22 peker n책 til: process4
2025-05-02 21:40:35 INFO  ChordProtocols:173 - Beregner fingerID for finger 23: 121411138451101288395601026024686364764
id: 121411138451101288395601026024686364764
lower: 121411138451101288395601026024677976156
upper: 210821560651360572675896360671414673172
Result (no wrap): true
2025-05-02 21:40:35 INFO  ChordProtocols:179 - Finger 23 peker n책 til: process4
2025-05-02 21:40:35 INFO  ChordProtocols:173 - Beregner fingerID for finger 24: 121411138451101288395601026024694753372
id: 121411138451101288395601026024694753372
lower: 121411138451101288395601026024677976156
upper: 210821560651360572675896360671414673172
Result (no wrap): true
2025-05-02 21:40:35 INFO  ChordProtocols:179 - Finger 24 peker n책 til: process4
2025-05-02 21:40:35 INFO  ChordProtocols:173 - Beregner fingerID for finger 25: 121411138451101288395601026024711530588
id: 121411138451101288395601026024711530588
lower: 121411138451101288395601026024677976156
upper: 210821560651360572675896360671414673172
Result (no wrap): true
2025-05-02 21:40:35 INFO  ChordProtocols:179 - Finger 25 peker n책 til: process4
2025-05-02 21:40:35 INFO  ChordProtocols:173 - Beregner fingerID for finger 26: 121411138451101288395601026024745085020
id: 121411138451101288395601026024745085020
lower: 121411138451101288395601026024677976156
upper: 210821560651360572675896360671414673172
Result (no wrap): true
2025-05-02 21:40:35 INFO  ChordProtocols:179 - Finger 26 peker n책 til: process4
2025-05-02 21:40:35 INFO  ChordProtocols:173 - Beregner fingerID for finger 27: 121411138451101288395601026024812193884
id: 121411138451101288395601026024812193884
lower: 121411138451101288395601026024677976156
upper: 210821560651360572675896360671414673172
Result (no wrap): true
2025-05-02 21:40:35 INFO  ChordProtocols:179 - Finger 27 peker n책 til: process4
2025-05-02 21:40:35 INFO  ChordProtocols:173 - Beregner fingerID for finger 28: 121411138451101288395601026024946411612
id: 121411138451101288395601026024946411612
lower: 121411138451101288395601026024677976156
upper: 210821560651360572675896360671414673172
Result (no wrap): true
2025-05-02 21:40:35 INFO  ChordProtocols:179 - Finger 28 peker n책 til: process4
2025-05-02 21:40:35 INFO  ChordProtocols:173 - Beregner fingerID for finger 29: 121411138451101288395601026025214847068
id: 121411138451101288395601026025214847068
lower: 121411138451101288395601026024677976156
upper: 210821560651360572675896360671414673172
Result (no wrap): true
2025-05-02 21:40:35 INFO  ChordProtocols:179 - Finger 29 peker n책 til: process4
2025-05-02 21:40:35 INFO  ChordProtocols:173 - Beregner fingerID for finger 30: 121411138451101288395601026025751717980
id: 121411138451101288395601026025751717980
lower: 121411138451101288395601026024677976156
upper: 210821560651360572675896360671414673172
Result (no wrap): true
2025-05-02 21:40:35 INFO  ChordProtocols:179 - Finger 30 peker n책 til: process4
2025-05-02 21:40:35 INFO  ChordProtocols:173 - Beregner fingerID for finger 31: 121411138451101288395601026026825459804
id: 121411138451101288395601026026825459804
lower: 121411138451101288395601026024677976156
upper: 210821560651360572675896360671414673172
Result (no wrap): true
2025-05-02 21:40:35 INFO  ChordProtocols:179 - Finger 31 peker n책 til: process4
2025-05-02 21:40:35 INFO  ChordProtocols:173 - Beregner fingerID for finger 32: 121411138451101288395601026028972943452
id: 121411138451101288395601026028972943452
lower: 121411138451101288395601026024677976156
upper: 210821560651360572675896360671414673172
Result (no wrap): true
2025-05-02 21:40:35 INFO  ChordProtocols:179 - Finger 32 peker n책 til: process4
2025-05-02 21:40:35 INFO  ChordProtocols:173 - Beregner fingerID for finger 33: 121411138451101288395601026033267910748
id: 121411138451101288395601026033267910748
lower: 121411138451101288395601026024677976156
upper: 210821560651360572675896360671414673172
Result (no wrap): true
2025-05-02 21:40:35 INFO  ChordProtocols:179 - Finger 33 peker n책 til: process4
2025-05-02 21:40:35 INFO  ChordProtocols:173 - Beregner fingerID for finger 34: 121411138451101288395601026041857845340
id: 121411138451101288395601026041857845340
lower: 121411138451101288395601026024677976156
upper: 210821560651360572675896360671414673172
Result (no wrap): true
2025-05-02 21:40:35 INFO  ChordProtocols:179 - Finger 34 peker n책 til: process4
2025-05-02 21:40:35 INFO  ChordProtocols:173 - Beregner fingerID for finger 35: 121411138451101288395601026059037714524
id: 121411138451101288395601026059037714524
lower: 121411138451101288395601026024677976156
upper: 210821560651360572675896360671414673172
Result (no wrap): true
2025-05-02 21:40:35 INFO  ChordProtocols:179 - Finger 35 peker n책 til: process4
2025-05-02 21:40:35 INFO  ChordProtocols:173 - Beregner fingerID for finger 36: 121411138451101288395601026093397452892
id: 121411138451101288395601026093397452892
lower: 121411138451101288395601026024677976156
upper: 210821560651360572675896360671414673172
Result (no wrap): true
2025-05-02 21:40:35 INFO  ChordProtocols:179 - Finger 36 peker n책 til: process4
2025-05-02 21:40:35 INFO  ChordProtocols:173 - Beregner fingerID for finger 37: 121411138451101288395601026162116929628
id: 121411138451101288395601026162116929628
lower: 121411138451101288395601026024677976156
upper: 210821560651360572675896360671414673172
Result (no wrap): true
2025-05-02 21:40:35 INFO  ChordProtocols:179 - Finger 37 peker n책 til: process4
2025-05-02 21:40:35 INFO  ChordProtocols:173 - Beregner fingerID for finger 38: 121411138451101288395601026299555883100
id: 121411138451101288395601026299555883100
lower: 121411138451101288395601026024677976156
upper: 210821560651360572675896360671414673172
Result (no wrap): true
2025-05-02 21:40:35 INFO  ChordProtocols:179 - Finger 38 peker n책 til: process4
2025-05-02 21:40:35 INFO  ChordProtocols:173 - Beregner fingerID for finger 39: 121411138451101288395601026574433790044
id: 121411138451101288395601026574433790044
lower: 121411138451101288395601026024677976156
upper: 210821560651360572675896360671414673172
Result (no wrap): true
2025-05-02 21:40:35 INFO  ChordProtocols:179 - Finger 39 peker n책 til: process4
2025-05-02 21:40:35 INFO  ChordProtocols:173 - Beregner fingerID for finger 40: 121411138451101288395601027124189603932
id: 121411138451101288395601027124189603932
lower: 121411138451101288395601026024677976156
upper: 210821560651360572675896360671414673172
Result (no wrap): true
2025-05-02 21:40:35 INFO  ChordProtocols:179 - Finger 40 peker n책 til: process4
2025-05-02 21:40:35 INFO  ChordProtocols:173 - Beregner fingerID for finger 41: 121411138451101288395601028223701231708
id: 121411138451101288395601028223701231708
lower: 121411138451101288395601026024677976156
upper: 210821560651360572675896360671414673172
Result (no wrap): true
2025-05-02 21:40:35 INFO  ChordProtocols:179 - Finger 41 peker n책 til: process4
2025-05-02 21:40:35 INFO  ChordProtocols:173 - Beregner fingerID for finger 42: 121411138451101288395601030422724487260
id: 121411138451101288395601030422724487260
lower: 121411138451101288395601026024677976156
upper: 210821560651360572675896360671414673172
Result (no wrap): true
2025-05-02 21:40:35 INFO  ChordProtocols:179 - Finger 42 peker n책 til: process4
2025-05-02 21:40:35 INFO  ChordProtocols:173 - Beregner fingerID for finger 43: 121411138451101288395601034820770998364
id: 121411138451101288395601034820770998364
lower: 121411138451101288395601026024677976156
upper: 210821560651360572675896360671414673172
Result (no wrap): true
2025-05-02 21:40:35 INFO  ChordProtocols:179 - Finger 43 peker n책 til: process4
2025-05-02 21:40:35 INFO  ChordProtocols:173 - Beregner fingerID for finger 44: 121411138451101288395601043616864020572
id: 121411138451101288395601043616864020572
lower: 121411138451101288395601026024677976156
upper: 210821560651360572675896360671414673172
Result (no wrap): true
2025-05-02 21:40:35 INFO  ChordProtocols:179 - Finger 44 peker n책 til: process4
2025-05-02 21:40:35 INFO  ChordProtocols:173 - Beregner fingerID for finger 45: 121411138451101288395601061209050064988
id: 121411138451101288395601061209050064988
lower: 121411138451101288395601026024677976156
upper: 210821560651360572675896360671414673172
Result (no wrap): true
2025-05-02 21:40:35 INFO  ChordProtocols:179 - Finger 45 peker n책 til: process4
2025-05-02 21:40:35 INFO  ChordProtocols:173 - Beregner fingerID for finger 46: 121411138451101288395601096393422153820
id: 121411138451101288395601096393422153820
lower: 121411138451101288395601026024677976156
upper: 210821560651360572675896360671414673172
Result (no wrap): true
2025-05-02 21:40:35 INFO  ChordProtocols:179 - Finger 46 peker n책 til: process4
2025-05-02 21:40:35 INFO  ChordProtocols:173 - Beregner fingerID for finger 47: 121411138451101288395601166762166331484
id: 121411138451101288395601166762166331484
lower: 121411138451101288395601026024677976156
upper: 210821560651360572675896360671414673172
Result (no wrap): true
2025-05-02 21:40:35 INFO  ChordProtocols:179 - Finger 47 peker n책 til: process4
2025-05-02 21:40:35 INFO  ChordProtocols:173 - Beregner fingerID for finger 48: 121411138451101288395601307499654686812
id: 121411138451101288395601307499654686812
lower: 121411138451101288395601026024677976156
upper: 210821560651360572675896360671414673172
Result (no wrap): true
2025-05-02 21:40:35 INFO  ChordProtocols:179 - Finger 48 peker n책 til: process4
2025-05-02 21:40:35 INFO  ChordProtocols:173 - Beregner fingerID for finger 49: 121411138451101288395601588974631397468
id: 121411138451101288395601588974631397468
lower: 121411138451101288395601026024677976156
upper: 210821560651360572675896360671414673172
Result (no wrap): true
2025-05-02 21:40:35 INFO  ChordProtocols:179 - Finger 49 peker n책 til: process4
2025-05-02 21:40:35 INFO  ChordProtocols:173 - Beregner fingerID for finger 50: 121411138451101288395602151924584818780
id: 121411138451101288395602151924584818780
lower: 121411138451101288395601026024677976156
upper: 210821560651360572675896360671414673172
Result (no wrap): true
2025-05-02 21:40:35 INFO  ChordProtocols:179 - Finger 50 peker n책 til: process4
2025-05-02 21:40:35 INFO  ChordProtocols:173 - Beregner fingerID for finger 51: 121411138451101288395603277824491661404
id: 121411138451101288395603277824491661404
lower: 121411138451101288395601026024677976156
upper: 210821560651360572675896360671414673172
Result (no wrap): true
2025-05-02 21:40:35 INFO  ChordProtocols:179 - Finger 51 peker n책 til: process4
2025-05-02 21:40:35 INFO  ChordProtocols:173 - Beregner fingerID for finger 52: 121411138451101288395605529624305346652
id: 121411138451101288395605529624305346652
lower: 121411138451101288395601026024677976156
upper: 210821560651360572675896360671414673172
Result (no wrap): true
2025-05-02 21:40:35 INFO  ChordProtocols:179 - Finger 52 peker n책 til: process4
2025-05-02 21:40:35 INFO  ChordProtocols:173 - Beregner fingerID for finger 53: 121411138451101288395610033223932717148
id: 121411138451101288395610033223932717148
lower: 121411138451101288395601026024677976156
upper: 210821560651360572675896360671414673172
Result (no wrap): true
2025-05-02 21:40:35 INFO  ChordProtocols:179 - Finger 53 peker n책 til: process4
2025-05-02 21:40:35 INFO  ChordProtocols:173 - Beregner fingerID for finger 54: 121411138451101288395619040423187458140
id: 121411138451101288395619040423187458140
lower: 121411138451101288395601026024677976156
upper: 210821560651360572675896360671414673172
Result (no wrap): true
2025-05-02 21:40:35 INFO  ChordProtocols:179 - Finger 54 peker n책 til: process4
2025-05-02 21:40:35 INFO  ChordProtocols:173 - Beregner fingerID for finger 55: 121411138451101288395637054821696940124
id: 121411138451101288395637054821696940124
lower: 121411138451101288395601026024677976156
upper: 210821560651360572675896360671414673172
Result (no wrap): true
2025-05-02 21:40:35 INFO  ChordProtocols:179 - Finger 55 peker n책 til: process4
2025-05-02 21:40:35 INFO  ChordProtocols:173 - Beregner fingerID for finger 56: 121411138451101288395673083618715904092
id: 121411138451101288395673083618715904092
lower: 121411138451101288395601026024677976156
upper: 210821560651360572675896360671414673172
Result (no wrap): true
2025-05-02 21:40:35 INFO  ChordProtocols:179 - Finger 56 peker n책 til: process4
2025-05-02 21:40:35 INFO  ChordProtocols:173 - Beregner fingerID for finger 57: 121411138451101288395745141212753832028
id: 121411138451101288395745141212753832028
lower: 121411138451101288395601026024677976156
upper: 210821560651360572675896360671414673172
Result (no wrap): true
2025-05-02 21:40:35 INFO  ChordProtocols:179 - Finger 57 peker n책 til: process4
2025-05-02 21:40:35 INFO  ChordProtocols:173 - Beregner fingerID for finger 58: 121411138451101288395889256400829687900
id: 121411138451101288395889256400829687900
lower: 121411138451101288395601026024677976156
upper: 210821560651360572675896360671414673172
Result (no wrap): true
2025-05-02 21:40:35 INFO  ChordProtocols:179 - Finger 58 peker n책 til: process4
2025-05-02 21:40:35 INFO  ChordProtocols:173 - Beregner fingerID for finger 59: 121411138451101288396177486776981399644
id: 121411138451101288396177486776981399644
lower: 121411138451101288395601026024677976156
upper: 210821560651360572675896360671414673172
Result (no wrap): true
2025-05-02 21:40:35 INFO  ChordProtocols:179 - Finger 59 peker n책 til: process4
2025-05-02 21:40:35 INFO  ChordProtocols:173 - Beregner fingerID for finger 60: 121411138451101288396753947529284823132
id: 121411138451101288396753947529284823132
lower: 121411138451101288395601026024677976156
upper: 210821560651360572675896360671414673172
Result (no wrap): true
2025-05-02 21:40:35 INFO  ChordProtocols:179 - Finger 60 peker n책 til: process4
2025-05-02 21:40:35 INFO  ChordProtocols:173 - Beregner fingerID for finger 61: 121411138451101288397906869033891670108
id: 121411138451101288397906869033891670108
lower: 121411138451101288395601026024677976156
upper: 210821560651360572675896360671414673172
Result (no wrap): true
2025-05-02 21:40:35 INFO  ChordProtocols:179 - Finger 61 peker n책 til: process4
2025-05-02 21:40:35 INFO  ChordProtocols:173 - Beregner fingerID for finger 62: 121411138451101288400212712043105364060
id: 121411138451101288400212712043105364060
lower: 121411138451101288395601026024677976156
upper: 210821560651360572675896360671414673172
Result (no wrap): true
2025-05-02 21:40:35 INFO  ChordProtocols:179 - Finger 62 peker n책 til: process4
2025-05-02 21:40:35 INFO  ChordProtocols:173 - Beregner fingerID for finger 63: 121411138451101288404824398061532751964
id: 121411138451101288404824398061532751964
lower: 121411138451101288395601026024677976156
upper: 210821560651360572675896360671414673172
Result (no wrap): true
2025-05-02 21:40:35 INFO  ChordProtocols:179 - Finger 63 peker n책 til: process4
2025-05-02 21:40:35 INFO  ChordProtocols:173 - Beregner fingerID for finger 64: 121411138451101288414047770098387527772
id: 121411138451101288414047770098387527772
lower: 121411138451101288395601026024677976156
upper: 210821560651360572675896360671414673172
Result (no wrap): true
2025-05-02 21:40:35 INFO  ChordProtocols:179 - Finger 64 peker n책 til: process4
2025-05-02 21:40:35 INFO  ChordProtocols:173 - Beregner fingerID for finger 65: 121411138451101288432494514172097079388
id: 121411138451101288432494514172097079388
lower: 121411138451101288395601026024677976156
upper: 210821560651360572675896360671414673172
Result (no wrap): true
2025-05-02 21:40:35 INFO  ChordProtocols:179 - Finger 65 peker n책 til: process4
2025-05-02 21:40:35 INFO  ChordProtocols:173 - Beregner fingerID for finger 66: 121411138451101288469388002319516182620
id: 121411138451101288469388002319516182620
lower: 121411138451101288395601026024677976156
upper: 210821560651360572675896360671414673172
Result (no wrap): true
2025-05-02 21:40:35 INFO  ChordProtocols:179 - Finger 66 peker n책 til: process4
2025-05-02 21:40:35 INFO  ChordProtocols:173 - Beregner fingerID for finger 67: 121411138451101288543174978614354389084
id: 121411138451101288543174978614354389084
lower: 121411138451101288395601026024677976156
upper: 210821560651360572675896360671414673172
Result (no wrap): true
2025-05-02 21:40:35 INFO  ChordProtocols:179 - Finger 67 peker n책 til: process4
2025-05-02 21:40:35 INFO  ChordProtocols:173 - Beregner fingerID for finger 68: 121411138451101288690748931204030802012
id: 121411138451101288690748931204030802012
lower: 121411138451101288395601026024677976156
upper: 210821560651360572675896360671414673172
Result (no wrap): true
2025-05-02 21:40:35 INFO  ChordProtocols:179 - Finger 68 peker n책 til: process4
2025-05-02 21:40:35 INFO  ChordProtocols:173 - Beregner fingerID for finger 69: 121411138451101288985896836383383627868
id: 121411138451101288985896836383383627868
lower: 121411138451101288395601026024677976156
upper: 210821560651360572675896360671414673172
Result (no wrap): true
2025-05-02 21:40:35 INFO  ChordProtocols:179 - Finger 69 peker n책 til: process4
2025-05-02 21:40:35 INFO  ChordProtocols:173 - Beregner fingerID for finger 70: 121411138451101289576192646742089279580
id: 121411138451101289576192646742089279580
lower: 121411138451101288395601026024677976156
upper: 210821560651360572675896360671414673172
Result (no wrap): true
2025-05-02 21:40:35 INFO  ChordProtocols:179 - Finger 70 peker n책 til: process4
2025-05-02 21:40:35 INFO  ChordProtocols:173 - Beregner fingerID for finger 71: 121411138451101290756784267459500583004
id: 121411138451101290756784267459500583004
lower: 121411138451101288395601026024677976156
upper: 210821560651360572675896360671414673172
Result (no wrap): true
2025-05-02 21:40:35 INFO  ChordProtocols:179 - Finger 71 peker n책 til: process4
2025-05-02 21:40:35 INFO  ChordProtocols:173 - Beregner fingerID for finger 72: 121411138451101293117967508894323189852
id: 121411138451101293117967508894323189852
lower: 121411138451101288395601026024677976156
upper: 210821560651360572675896360671414673172
Result (no wrap): true
2025-05-02 21:40:35 INFO  ChordProtocols:179 - Finger 72 peker n책 til: process4
2025-05-02 21:40:35 INFO  ChordProtocols:173 - Beregner fingerID for finger 73: 121411138451101297840333991763968403548
id: 121411138451101297840333991763968403548
lower: 121411138451101288395601026024677976156
upper: 210821560651360572675896360671414673172
Result (no wrap): true
2025-05-02 21:40:35 INFO  ChordProtocols:179 - Finger 73 peker n책 til: process4
2025-05-02 21:40:35 INFO  ChordProtocols:173 - Beregner fingerID for finger 74: 121411138451101307285066957503258830940
id: 121411138451101307285066957503258830940
lower: 121411138451101288395601026024677976156
upper: 210821560651360572675896360671414673172
Result (no wrap): true
2025-05-02 21:40:35 INFO  ChordProtocols:179 - Finger 74 peker n책 til: process4
2025-05-02 21:40:35 INFO  ChordProtocols:173 - Beregner fingerID for finger 75: 121411138451101326174532888981839685724
id: 121411138451101326174532888981839685724
lower: 121411138451101288395601026024677976156
upper: 210821560651360572675896360671414673172
Result (no wrap): true
2025-05-02 21:40:35 INFO  ChordProtocols:179 - Finger 75 peker n책 til: process4
2025-05-02 21:40:35 INFO  ChordProtocols:173 - Beregner fingerID for finger 76: 121411138451101363953464751939001395292
id: 121411138451101363953464751939001395292
lower: 121411138451101288395601026024677976156
upper: 210821560651360572675896360671414673172
Result (no wrap): true
2025-05-02 21:40:35 INFO  ChordProtocols:179 - Finger 76 peker n책 til: process4
2025-05-02 21:40:35 INFO  ChordProtocols:173 - Beregner fingerID for finger 77: 121411138451101439511328477853324814428
id: 121411138451101439511328477853324814428
lower: 121411138451101288395601026024677976156
upper: 210821560651360572675896360671414673172
Result (no wrap): true
2025-05-02 21:40:35 INFO  ChordProtocols:179 - Finger 77 peker n책 til: process4
2025-05-02 21:40:35 INFO  ChordProtocols:173 - Beregner fingerID for finger 78: 121411138451101590627055929681971652700
id: 121411138451101590627055929681971652700
lower: 121411138451101288395601026024677976156
upper: 210821560651360572675896360671414673172
Result (no wrap): true
2025-05-02 21:40:35 INFO  ChordProtocols:179 - Finger 78 peker n책 til: process4
2025-05-02 21:40:35 INFO  ChordProtocols:173 - Beregner fingerID for finger 79: 121411138451101892858510833339265329244
id: 121411138451101892858510833339265329244
lower: 121411138451101288395601026024677976156
upper: 210821560651360572675896360671414673172
Result (no wrap): true
2025-05-02 21:40:35 INFO  ChordProtocols:179 - Finger 79 peker n책 til: process4
2025-05-02 21:40:35 INFO  ChordProtocols:173 - Beregner fingerID for finger 80: 121411138451102497321420640653852682332
id: 121411138451102497321420640653852682332
lower: 121411138451101288395601026024677976156
upper: 210821560651360572675896360671414673172
Result (no wrap): true
2025-05-02 21:40:35 INFO  ChordProtocols:179 - Finger 80 peker n책 til: process4
2025-05-02 21:40:35 INFO  ChordProtocols:173 - Beregner fingerID for finger 81: 121411138451103706247240255283027388508
id: 121411138451103706247240255283027388508
lower: 121411138451101288395601026024677976156
upper: 210821560651360572675896360671414673172
Result (no wrap): true
2025-05-02 21:40:35 INFO  ChordProtocols:179 - Finger 81 peker n책 til: process4
2025-05-02 21:40:35 INFO  ChordProtocols:173 - Beregner fingerID for finger 82: 121411138451106124098879484541376800860
id: 121411138451106124098879484541376800860
lower: 121411138451101288395601026024677976156
upper: 210821560651360572675896360671414673172
Result (no wrap): true
2025-05-02 21:40:35 INFO  ChordProtocols:179 - Finger 82 peker n책 til: process4
2025-05-02 21:40:35 INFO  ChordProtocols:173 - Beregner fingerID for finger 83: 121411138451110959802157943058075625564
id: 121411138451110959802157943058075625564
lower: 121411138451101288395601026024677976156
upper: 210821560651360572675896360671414673172
Result (no wrap): true
2025-05-02 21:40:35 INFO  ChordProtocols:179 - Finger 83 peker n책 til: process4
2025-05-02 21:40:35 INFO  ChordProtocols:173 - Beregner fingerID for finger 84: 121411138451120631208714860091473274972
id: 121411138451120631208714860091473274972
lower: 121411138451101288395601026024677976156
upper: 210821560651360572675896360671414673172
Result (no wrap): true
2025-05-02 21:40:35 INFO  ChordProtocols:179 - Finger 84 peker n책 til: process4
2025-05-02 21:40:35 INFO  ChordProtocols:173 - Beregner fingerID for finger 85: 121411138451139974021828694158268573788
id: 121411138451139974021828694158268573788
lower: 121411138451101288395601026024677976156
upper: 210821560651360572675896360671414673172
Result (no wrap): true
2025-05-02 21:40:35 INFO  ChordProtocols:179 - Finger 85 peker n책 til: process4
2025-05-02 21:40:35 INFO  ChordProtocols:173 - Beregner fingerID for finger 86: 121411138451178659648056362291859171420
id: 121411138451178659648056362291859171420
lower: 121411138451101288395601026024677976156
upper: 210821560651360572675896360671414673172
Result (no wrap): true
2025-05-02 21:40:35 INFO  ChordProtocols:179 - Finger 86 peker n책 til: process4
2025-05-02 21:40:35 INFO  ChordProtocols:173 - Beregner fingerID for finger 87: 121411138451256030900511698559040366684
id: 121411138451256030900511698559040366684
lower: 121411138451101288395601026024677976156
upper: 210821560651360572675896360671414673172
Result (no wrap): true
2025-05-02 21:40:35 INFO  ChordProtocols:179 - Finger 87 peker n책 til: process4
2025-05-02 21:40:35 INFO  ChordProtocols:173 - Beregner fingerID for finger 88: 121411138451410773405422371093402757212
id: 121411138451410773405422371093402757212
lower: 121411138451101288395601026024677976156
upper: 210821560651360572675896360671414673172
Result (no wrap): true
2025-05-02 21:40:35 INFO  ChordProtocols:179 - Finger 88 peker n책 til: process4
2025-05-02 21:40:35 INFO  ChordProtocols:173 - Beregner fingerID for finger 89: 121411138451720258415243716162127538268
id: 121411138451720258415243716162127538268
lower: 121411138451101288395601026024677976156
upper: 210821560651360572675896360671414673172
Result (no wrap): true
2025-05-02 21:40:35 INFO  ChordProtocols:179 - Finger 89 peker n책 til: process4
2025-05-02 21:40:35 INFO  ChordProtocols:173 - Beregner fingerID for finger 90: 121411138452339228434886406299577100380
id: 121411138452339228434886406299577100380
lower: 121411138451101288395601026024677976156
upper: 210821560651360572675896360671414673172
Result (no wrap): true
2025-05-02 21:40:35 INFO  ChordProtocols:179 - Finger 90 peker n책 til: process4
2025-05-02 21:40:35 INFO  ChordProtocols:173 - Beregner fingerID for finger 91: 121411138453577168474171786574476224604
id: 121411138453577168474171786574476224604
lower: 121411138451101288395601026024677976156
upper: 210821560651360572675896360671414673172
Result (no wrap): true
2025-05-02 21:40:35 INFO  ChordProtocols:179 - Finger 91 peker n책 til: process4
2025-05-02 21:40:35 INFO  ChordProtocols:173 - Beregner fingerID for finger 92: 121411138456053048552742547124274473052
id: 121411138456053048552742547124274473052
lower: 121411138451101288395601026024677976156
upper: 210821560651360572675896360671414673172
Result (no wrap): true
2025-05-02 21:40:35 INFO  ChordProtocols:179 - Finger 92 peker n책 til: process4
2025-05-02 21:40:35 INFO  ChordProtocols:173 - Beregner fingerID for finger 93: 121411138461004808709884068223870969948
id: 121411138461004808709884068223870969948
lower: 121411138451101288395601026024677976156
upper: 210821560651360572675896360671414673172
Result (no wrap): true
2025-05-02 21:40:35 INFO  ChordProtocols:179 - Finger 93 peker n책 til: process4
2025-05-02 21:40:35 INFO  ChordProtocols:173 - Beregner fingerID for finger 94: 121411138470908329024167110423063963740
id: 121411138470908329024167110423063963740
lower: 121411138451101288395601026024677976156
upper: 210821560651360572675896360671414673172
Result (no wrap): true
2025-05-02 21:40:35 INFO  ChordProtocols:179 - Finger 94 peker n책 til: process4
2025-05-02 21:40:35 INFO  ChordProtocols:173 - Beregner fingerID for finger 95: 121411138490715369652733194821449951324
id: 121411138490715369652733194821449951324
lower: 121411138451101288395601026024677976156
upper: 210821560651360572675896360671414673172
Result (no wrap): true
2025-05-02 21:40:35 INFO  ChordProtocols:179 - Finger 95 peker n책 til: process4
2025-05-02 21:40:35 INFO  ChordProtocols:173 - Beregner fingerID for finger 96: 121411138530329450909865363618221926492
id: 121411138530329450909865363618221926492
lower: 121411138451101288395601026024677976156
upper: 210821560651360572675896360671414673172
Result (no wrap): true
2025-05-02 21:40:35 INFO  ChordProtocols:179 - Finger 96 peker n책 til: process4
2025-05-02 21:40:35 INFO  ChordProtocols:173 - Beregner fingerID for finger 97: 121411138609557613424129701211765876828
id: 121411138609557613424129701211765876828
lower: 121411138451101288395601026024677976156
upper: 210821560651360572675896360671414673172
Result (no wrap): true
2025-05-02 21:40:35 INFO  ChordProtocols:179 - Finger 97 peker n책 til: process4
2025-05-02 21:40:35 INFO  ChordProtocols:173 - Beregner fingerID for finger 98: 121411138768013938452658376398853777500
id: 121411138768013938452658376398853777500
lower: 121411138451101288395601026024677976156
upper: 210821560651360572675896360671414673172
Result (no wrap): true
2025-05-02 21:40:35 INFO  ChordProtocols:179 - Finger 98 peker n책 til: process4
2025-05-02 21:40:35 INFO  ChordProtocols:173 - Beregner fingerID for finger 99: 121411139084926588509715726773029578844
id: 121411139084926588509715726773029578844
lower: 121411138451101288395601026024677976156
upper: 210821560651360572675896360671414673172
Result (no wrap): true
2025-05-02 21:40:35 INFO  ChordProtocols:179 - Finger 99 peker n책 til: process4
2025-05-02 21:40:35 INFO  ChordProtocols:173 - Beregner fingerID for finger 100: 121411139718751888623830427521381181532
id: 121411139718751888623830427521381181532
lower: 121411138451101288395601026024677976156
upper: 210821560651360572675896360671414673172
Result (no wrap): true
2025-05-02 21:40:35 INFO  ChordProtocols:179 - Finger 100 peker n책 til: process4
2025-05-02 21:40:35 INFO  ChordProtocols:173 - Beregner fingerID for finger 101: 121411140986402488852059829018084386908
id: 121411140986402488852059829018084386908
lower: 121411138451101288395601026024677976156
upper: 210821560651360572675896360671414673172
Result (no wrap): true
2025-05-02 21:40:35 INFO  ChordProtocols:179 - Finger 101 peker n책 til: process4
2025-05-02 21:40:35 INFO  ChordProtocols:173 - Beregner fingerID for finger 102: 121411143521703689308518632011490797660
id: 121411143521703689308518632011490797660
lower: 121411138451101288395601026024677976156
upper: 210821560651360572675896360671414673172
Result (no wrap): true
2025-05-02 21:40:35 INFO  ChordProtocols:179 - Finger 102 peker n책 til: process4
2025-05-02 21:40:35 INFO  ChordProtocols:173 - Beregner fingerID for finger 103: 121411148592306090221436237998303619164
id: 121411148592306090221436237998303619164
lower: 121411138451101288395601026024677976156
upper: 210821560651360572675896360671414673172
Result (no wrap): true
2025-05-02 21:40:35 INFO  ChordProtocols:179 - Finger 103 peker n책 til: process4
2025-05-02 21:40:35 INFO  ChordProtocols:173 - Beregner fingerID for finger 104: 121411158733510892047271449971929262172
id: 121411158733510892047271449971929262172
lower: 121411138451101288395601026024677976156
upper: 210821560651360572675896360671414673172
Result (no wrap): true
2025-05-02 21:40:35 INFO  ChordProtocols:179 - Finger 104 peker n책 til: process4
2025-05-02 21:40:35 INFO  ChordProtocols:173 - Beregner fingerID for finger 105: 121411179015920495698941873919180548188
id: 121411179015920495698941873919180548188
lower: 121411138451101288395601026024677976156
upper: 210821560651360572675896360671414673172
Result (no wrap): true
2025-05-02 21:40:35 INFO  ChordProtocols:179 - Finger 105 peker n책 til: process4
2025-05-02 21:40:35 INFO  ChordProtocols:173 - Beregner fingerID for finger 106: 121411219580739703002282721813683120220
id: 121411219580739703002282721813683120220
lower: 121411138451101288395601026024677976156
upper: 210821560651360572675896360671414673172
Result (no wrap): true
2025-05-02 21:40:35 INFO  ChordProtocols:179 - Finger 106 peker n책 til: process4
2025-05-02 21:40:35 INFO  ChordProtocols:173 - Beregner fingerID for finger 107: 121411300710378117608964417602688264284
id: 121411300710378117608964417602688264284
lower: 121411138451101288395601026024677976156
upper: 210821560651360572675896360671414673172
Result (no wrap): true
2025-05-02 21:40:35 INFO  ChordProtocols:179 - Finger 107 peker n책 til: process4
2025-05-02 21:40:35 INFO  ChordProtocols:173 - Beregner fingerID for finger 108: 121411462969654946822327809180698552412
id: 121411462969654946822327809180698552412
lower: 121411138451101288395601026024677976156
upper: 210821560651360572675896360671414673172
Result (no wrap): true
2025-05-02 21:40:35 INFO  ChordProtocols:179 - Finger 108 peker n책 til: process4
2025-05-02 21:40:35 INFO  ChordProtocols:173 - Beregner fingerID for finger 109: 121411787488208605249054592336719128668
id: 121411787488208605249054592336719128668
lower: 121411138451101288395601026024677976156
upper: 210821560651360572675896360671414673172
Result (no wrap): true
2025-05-02 21:40:35 INFO  ChordProtocols:179 - Finger 109 peker n책 til: process4
2025-05-02 21:40:35 INFO  ChordProtocols:173 - Beregner fingerID for finger 110: 121412436525315922102508158648760281180
id: 121412436525315922102508158648760281180
lower: 121411138451101288395601026024677976156
upper: 210821560651360572675896360671414673172
Result (no wrap): true
2025-05-02 21:40:35 INFO  ChordProtocols:179 - Finger 110 peker n책 til: process4
2025-05-02 21:40:35 INFO  ChordProtocols:173 - Beregner fingerID for finger 111: 121413734599530555809415291272842586204
id: 121413734599530555809415291272842586204
lower: 121411138451101288395601026024677976156
upper: 210821560651360572675896360671414673172
Result (no wrap): true
2025-05-02 21:40:35 INFO  ChordProtocols:179 - Finger 111 peker n책 til: process4
2025-05-02 21:40:35 INFO  ChordProtocols:173 - Beregner fingerID for finger 112: 121416330747959823223229556521007196252
id: 121416330747959823223229556521007196252
lower: 121411138451101288395601026024677976156
upper: 210821560651360572675896360671414673172
Result (no wrap): true
2025-05-02 21:40:35 INFO  ChordProtocols:179 - Finger 112 peker n책 til: process4
2025-05-02 21:40:35 INFO  ChordProtocols:173 - Beregner fingerID for finger 113: 121421523044818358050858087017336416348
id: 121421523044818358050858087017336416348
lower: 121411138451101288395601026024677976156
upper: 210821560651360572675896360671414673172
Result (no wrap): true
2025-05-02 21:40:35 INFO  ChordProtocols:179 - Finger 113 peker n책 til: process4
2025-05-02 21:40:35 INFO  ChordProtocols:173 - Beregner fingerID for finger 114: 121431907638535427706115148009994856540
id: 121431907638535427706115148009994856540
lower: 121411138451101288395601026024677976156
upper: 210821560651360572675896360671414673172
Result (no wrap): true
2025-05-02 21:40:35 INFO  ChordProtocols:179 - Finger 114 peker n책 til: process4
2025-05-02 21:40:35 INFO  ChordProtocols:173 - Beregner fingerID for finger 115: 121452676825969567016629269995311736924
id: 121452676825969567016629269995311736924
lower: 121411138451101288395601026024677976156
upper: 210821560651360572675896360671414673172
Result (no wrap): true
2025-05-02 21:40:35 INFO  ChordProtocols:179 - Finger 115 peker n책 til: process4
2025-05-02 21:40:35 INFO  ChordProtocols:173 - Beregner fingerID for finger 116: 121494215200837845637657513965945497692
id: 121494215200837845637657513965945497692
lower: 121411138451101288395601026024677976156
upper: 210821560651360572675896360671414673172
Result (no wrap): true
2025-05-02 21:40:35 INFO  ChordProtocols:179 - Finger 116 peker n책 til: process4
2025-05-02 21:40:35 INFO  ChordProtocols:173 - Beregner fingerID for finger 117: 121577291950574402879714001907213019228
id: 121577291950574402879714001907213019228
lower: 121411138451101288395601026024677976156
upper: 210821560651360572675896360671414673172
Result (no wrap): true
2025-05-02 21:40:35 INFO  ChordProtocols:179 - Finger 117 peker n책 til: process4
2025-05-02 21:40:35 INFO  ChordProtocols:173 - Beregner fingerID for finger 118: 121743445450047517363826977789748062300
id: 121743445450047517363826977789748062300
lower: 121411138451101288395601026024677976156
upper: 210821560651360572675896360671414673172
Result (no wrap): true
2025-05-02 21:40:35 INFO  ChordProtocols:179 - Finger 118 peker n책 til: process4
2025-05-02 21:40:35 INFO  ChordProtocols:173 - Beregner fingerID for finger 119: 122075752448993746332052929554818148444
id: 122075752448993746332052929554818148444
lower: 121411138451101288395601026024677976156
upper: 210821560651360572675896360671414673172
Result (no wrap): true
2025-05-02 21:40:35 INFO  ChordProtocols:179 - Finger 119 peker n책 til: process4
2025-05-02 21:40:35 INFO  ChordProtocols:173 - Beregner fingerID for finger 120: 122740366446886204268504833084958320732
id: 122740366446886204268504833084958320732
lower: 121411138451101288395601026024677976156
upper: 210821560651360572675896360671414673172
Result (no wrap): true
2025-05-02 21:40:35 INFO  ChordProtocols:179 - Finger 120 peker n책 til: process4
2025-05-02 21:40:35 INFO  ChordProtocols:173 - Beregner fingerID for finger 121: 124069594442671120141408640145238665308
id: 124069594442671120141408640145238665308
lower: 121411138451101288395601026024677976156
upper: 210821560651360572675896360671414673172
Result (no wrap): true
2025-05-02 21:40:35 INFO  ChordProtocols:179 - Finger 121 peker n책 til: process4
2025-05-02 21:40:35 INFO  ChordProtocols:173 - Beregner fingerID for finger 122: 126728050434240951887216254265799354460
id: 126728050434240951887216254265799354460
lower: 121411138451101288395601026024677976156
upper: 210821560651360572675896360671414673172
Result (no wrap): true
2025-05-02 21:40:35 INFO  ChordProtocols:179 - Finger 122 peker n책 til: process4
2025-05-02 21:40:35 INFO  ChordProtocols:173 - Beregner fingerID for finger 123: 132044962417380615378831482506920732764
id: 132044962417380615378831482506920732764
lower: 121411138451101288395601026024677976156
upper: 210821560651360572675896360671414673172
Result (no wrap): true
2025-05-02 21:40:35 INFO  ChordProtocols:179 - Finger 123 peker n책 til: process4
2025-05-02 21:40:35 INFO  ChordProtocols:173 - Beregner fingerID for finger 124: 142678786383659942362061938989163489372
id: 142678786383659942362061938989163489372
lower: 121411138451101288395601026024677976156
upper: 210821560651360572675896360671414673172
Result (no wrap): true
2025-05-02 21:40:35 INFO  ChordProtocols:179 - Finger 124 peker n책 til: process4
2025-05-02 21:40:35 INFO  ChordProtocols:173 - Beregner fingerID for finger 125: 163946434316218596328522851953649002588
id: 163946434316218596328522851953649002588
lower: 121411138451101288395601026024677976156
upper: 210821560651360572675896360671414673172
Result (no wrap): true
2025-05-02 21:40:35 INFO  ChordProtocols:179 - Finger 125 peker n책 til: process4
2025-05-02 21:40:35 INFO  ChordProtocols:173 - Beregner fingerID for finger 126: 206481730181335904261444677882620029020
id: 206481730181335904261444677882620029020
lower: 121411138451101288395601026024677976156
upper: 210821560651360572675896360671414673172
Result (no wrap): true
2025-05-02 21:40:35 INFO  ChordProtocols:179 - Finger 126 peker n책 til: process4
2025-05-02 21:40:35 INFO  ChordProtocols:173 - Beregner fingerID for finger 127: 291552321911570520127288329740562081884
id: 291552321911570520127288329740562081884
lower: 121411138451101288395601026024677976156
upper: 210821560651360572675896360671414673172
Result (no wrap): false
id: 210821560651360572675896360671414673172
lower: 121411138451101288395601026024677976156
upper: 291552321911570520127288329740562081884
Result (no wrap): true
id: 291552321911570520127288329740562081884
lower: 210821560651360572675896360671414673172
upper: 15618062003214643351512781541041391612
Result (wrap): true
2025-05-02 21:40:35 INFO  ChordProtocols:179 - Finger 127 peker n책 til: process2
2025-05-02 21:40:35 INFO  StabilizationProtocols:60 - Checking the predecessor for Node: process5
==================================
Node Identifier = 121411138451101288395601026024677976156
Node IP address = process5
successor(process5) = process4
predecessor(process5) = process3
Current File keys for process5 => [83550242532527638904138483233262313637, 73806995735690189889297542544385123161, 83789482216496502817864659214345176161, 93727835460693461258854490021087346760]
==================================
2025-05-02 21:40:36 INFO  StabilizationProtocols:130 - Updating the successor for Node: process1
id: 53937554629190552131995290006614509578
lower: 53937554629190552131995290006614509577
upper: 66910184482037901621933403444034052414
Result (no wrap): true
2025-05-02 21:40:36 INFO  StabilizationProtocols:84 - Stabilizing ring from process1...
2025-05-02 21:40:36 INFO  StabilizationProtocols:91 - Stabilize ring: succnode = process3
id: 53937554629190552131995290006614509577
lower: 53937554629190552131995290006614509578
upper: 66910184482037901621933403444034052415
Result (no wrap): false
2025-05-02 21:40:36 INFO  StabilizationProtocols:113 - Finished stabilizing chordring from process1
2025-05-02 21:40:36 INFO  ChordProtocols:159 - Oppdaterer FingerTable for Node: process1
2025-05-02 21:40:36 INFO  ChordProtocols:173 - Beregner fingerID for finger 0: 53937554629190552131995290006614509578
id: 53937554629190552131995290006614509578
lower: 53937554629190552131995290006614509577
upper: 66910184482037901621933403444034052414
Result (no wrap): true
2025-05-02 21:40:36 INFO  ChordProtocols:179 - Finger 0 peker n책 til: process3
2025-05-02 21:40:36 INFO  ChordProtocols:173 - Beregner fingerID for finger 1: 53937554629190552131995290006614509579
id: 53937554629190552131995290006614509579
lower: 53937554629190552131995290006614509577
upper: 66910184482037901621933403444034052414
Result (no wrap): true
2025-05-02 21:40:36 INFO  ChordProtocols:179 - Finger 1 peker n책 til: process3
2025-05-02 21:40:36 INFO  ChordProtocols:173 - Beregner fingerID for finger 2: 53937554629190552131995290006614509581
id: 53937554629190552131995290006614509581
lower: 53937554629190552131995290006614509577
upper: 66910184482037901621933403444034052414
Result (no wrap): true
2025-05-02 21:40:36 INFO  ChordProtocols:179 - Finger 2 peker n책 til: process3
2025-05-02 21:40:36 INFO  ChordProtocols:173 - Beregner fingerID for finger 3: 53937554629190552131995290006614509585
id: 53937554629190552131995290006614509585
lower: 53937554629190552131995290006614509577
upper: 66910184482037901621933403444034052414
Result (no wrap): true
2025-05-02 21:40:36 INFO  ChordProtocols:179 - Finger 3 peker n책 til: process3
2025-05-02 21:40:36 INFO  ChordProtocols:173 - Beregner fingerID for finger 4: 53937554629190552131995290006614509593
id: 53937554629190552131995290006614509593
lower: 53937554629190552131995290006614509577
upper: 66910184482037901621933403444034052414
Result (no wrap): true
2025-05-02 21:40:36 INFO  ChordProtocols:179 - Finger 4 peker n책 til: process3
2025-05-02 21:40:36 INFO  ChordProtocols:173 - Beregner fingerID for finger 5: 53937554629190552131995290006614509609
id: 53937554629190552131995290006614509609
lower: 53937554629190552131995290006614509577
upper: 66910184482037901621933403444034052414
Result (no wrap): true
2025-05-02 21:40:36 INFO  ChordProtocols:179 - Finger 5 peker n책 til: process3
2025-05-02 21:40:36 INFO  ChordProtocols:173 - Beregner fingerID for finger 6: 53937554629190552131995290006614509641
id: 53937554629190552131995290006614509641
lower: 53937554629190552131995290006614509577
upper: 66910184482037901621933403444034052414
Result (no wrap): true
2025-05-02 21:40:36 INFO  ChordProtocols:179 - Finger 6 peker n책 til: process3
2025-05-02 21:40:36 INFO  ChordProtocols:173 - Beregner fingerID for finger 7: 53937554629190552131995290006614509705
id: 53937554629190552131995290006614509705
lower: 53937554629190552131995290006614509577
upper: 66910184482037901621933403444034052414
Result (no wrap): true
2025-05-02 21:40:36 INFO  ChordProtocols:179 - Finger 7 peker n책 til: process3
2025-05-02 21:40:36 INFO  ChordProtocols:173 - Beregner fingerID for finger 8: 53937554629190552131995290006614509833
id: 53937554629190552131995290006614509833
lower: 53937554629190552131995290006614509577
upper: 66910184482037901621933403444034052414
Result (no wrap): true
2025-05-02 21:40:36 INFO  ChordProtocols:179 - Finger 8 peker n책 til: process3
2025-05-02 21:40:36 INFO  ChordProtocols:173 - Beregner fingerID for finger 9: 53937554629190552131995290006614510089
id: 53937554629190552131995290006614510089
lower: 53937554629190552131995290006614509577
upper: 66910184482037901621933403444034052414
Result (no wrap): true
2025-05-02 21:40:36 INFO  ChordProtocols:179 - Finger 9 peker n책 til: process3
2025-05-02 21:40:36 INFO  ChordProtocols:173 - Beregner fingerID for finger 10: 53937554629190552131995290006614510601
id: 53937554629190552131995290006614510601
lower: 53937554629190552131995290006614509577
upper: 66910184482037901621933403444034052414
Result (no wrap): true
2025-05-02 21:40:36 INFO  ChordProtocols:179 - Finger 10 peker n책 til: process3
2025-05-02 21:40:36 INFO  ChordProtocols:173 - Beregner fingerID for finger 11: 53937554629190552131995290006614511625
id: 53937554629190552131995290006614511625
lower: 53937554629190552131995290006614509577
upper: 66910184482037901621933403444034052414
Result (no wrap): true
2025-05-02 21:40:36 INFO  ChordProtocols:179 - Finger 11 peker n책 til: process3
2025-05-02 21:40:36 INFO  ChordProtocols:173 - Beregner fingerID for finger 12: 53937554629190552131995290006614513673
id: 53937554629190552131995290006614513673
lower: 53937554629190552131995290006614509577
upper: 66910184482037901621933403444034052414
Result (no wrap): true
2025-05-02 21:40:36 INFO  ChordProtocols:179 - Finger 12 peker n책 til: process3
2025-05-02 21:40:36 INFO  ChordProtocols:173 - Beregner fingerID for finger 13: 53937554629190552131995290006614517769
id: 53937554629190552131995290006614517769
lower: 53937554629190552131995290006614509577
upper: 66910184482037901621933403444034052414
Result (no wrap): true
2025-05-02 21:40:36 INFO  ChordProtocols:179 - Finger 13 peker n책 til: process3
2025-05-02 21:40:36 INFO  ChordProtocols:173 - Beregner fingerID for finger 14: 53937554629190552131995290006614525961
id: 53937554629190552131995290006614525961
lower: 53937554629190552131995290006614509577
upper: 66910184482037901621933403444034052414
Result (no wrap): true
2025-05-02 21:40:36 INFO  ChordProtocols:179 - Finger 14 peker n책 til: process3
2025-05-02 21:40:36 INFO  ChordProtocols:173 - Beregner fingerID for finger 15: 53937554629190552131995290006614542345
id: 53937554629190552131995290006614542345
lower: 53937554629190552131995290006614509577
upper: 66910184482037901621933403444034052414
Result (no wrap): true
2025-05-02 21:40:36 INFO  ChordProtocols:179 - Finger 15 peker n책 til: process3
2025-05-02 21:40:36 INFO  ChordProtocols:173 - Beregner fingerID for finger 16: 53937554629190552131995290006614575113
id: 53937554629190552131995290006614575113
lower: 53937554629190552131995290006614509577
upper: 66910184482037901621933403444034052414
Result (no wrap): true
2025-05-02 21:40:36 INFO  ChordProtocols:179 - Finger 16 peker n책 til: process3
2025-05-02 21:40:36 INFO  ChordProtocols:173 - Beregner fingerID for finger 17: 53937554629190552131995290006614640649
id: 53937554629190552131995290006614640649
lower: 53937554629190552131995290006614509577
upper: 66910184482037901621933403444034052414
Result (no wrap): true
2025-05-02 21:40:36 INFO  ChordProtocols:179 - Finger 17 peker n책 til: process3
2025-05-02 21:40:36 INFO  ChordProtocols:173 - Beregner fingerID for finger 18: 53937554629190552131995290006614771721
id: 53937554629190552131995290006614771721
lower: 53937554629190552131995290006614509577
upper: 66910184482037901621933403444034052414
Result (no wrap): true
2025-05-02 21:40:36 INFO  ChordProtocols:179 - Finger 18 peker n책 til: process3
2025-05-02 21:40:36 INFO  ChordProtocols:173 - Beregner fingerID for finger 19: 53937554629190552131995290006615033865
id: 53937554629190552131995290006615033865
lower: 53937554629190552131995290006614509577
upper: 66910184482037901621933403444034052414
Result (no wrap): true
2025-05-02 21:40:36 INFO  ChordProtocols:179 - Finger 19 peker n책 til: process3
2025-05-02 21:40:36 INFO  ChordProtocols:173 - Beregner fingerID for finger 20: 53937554629190552131995290006615558153
id: 53937554629190552131995290006615558153
lower: 53937554629190552131995290006614509577
upper: 66910184482037901621933403444034052414
Result (no wrap): true
2025-05-02 21:40:36 INFO  ChordProtocols:179 - Finger 20 peker n책 til: process3
2025-05-02 21:40:36 INFO  ChordProtocols:173 - Beregner fingerID for finger 21: 53937554629190552131995290006616606729
id: 53937554629190552131995290006616606729
lower: 53937554629190552131995290006614509577
upper: 66910184482037901621933403444034052414
Result (no wrap): true
2025-05-02 21:40:36 INFO  ChordProtocols:179 - Finger 21 peker n책 til: process3
2025-05-02 21:40:36 INFO  ChordProtocols:173 - Beregner fingerID for finger 22: 53937554629190552131995290006618703881
id: 53937554629190552131995290006618703881
lower: 53937554629190552131995290006614509577
upper: 66910184482037901621933403444034052414
Result (no wrap): true
2025-05-02 21:40:36 INFO  ChordProtocols:179 - Finger 22 peker n책 til: process3
2025-05-02 21:40:36 INFO  ChordProtocols:173 - Beregner fingerID for finger 23: 53937554629190552131995290006622898185
id: 53937554629190552131995290006622898185
lower: 53937554629190552131995290006614509577
upper: 66910184482037901621933403444034052414
Result (no wrap): true
2025-05-02 21:40:36 INFO  ChordProtocols:179 - Finger 23 peker n책 til: process3
2025-05-02 21:40:36 INFO  ChordProtocols:173 - Beregner fingerID for finger 24: 53937554629190552131995290006631286793
id: 53937554629190552131995290006631286793
lower: 53937554629190552131995290006614509577
upper: 66910184482037901621933403444034052414
Result (no wrap): true
2025-05-02 21:40:36 INFO  ChordProtocols:179 - Finger 24 peker n책 til: process3
2025-05-02 21:40:36 INFO  ChordProtocols:173 - Beregner fingerID for finger 25: 53937554629190552131995290006648064009
id: 53937554629190552131995290006648064009
lower: 53937554629190552131995290006614509577
upper: 66910184482037901621933403444034052414
Result (no wrap): true
2025-05-02 21:40:36 INFO  ChordProtocols:179 - Finger 25 peker n책 til: process3
2025-05-02 21:40:36 INFO  ChordProtocols:173 - Beregner fingerID for finger 26: 53937554629190552131995290006681618441
id: 53937554629190552131995290006681618441
lower: 53937554629190552131995290006614509577
upper: 66910184482037901621933403444034052414
Result (no wrap): true
2025-05-02 21:40:36 INFO  ChordProtocols:179 - Finger 26 peker n책 til: process3
2025-05-02 21:40:36 INFO  ChordProtocols:173 - Beregner fingerID for finger 27: 53937554629190552131995290006748727305
id: 53937554629190552131995290006748727305
lower: 53937554629190552131995290006614509577
upper: 66910184482037901621933403444034052414
Result (no wrap): true
2025-05-02 21:40:36 INFO  ChordProtocols:179 - Finger 27 peker n책 til: process3
2025-05-02 21:40:36 INFO  ChordProtocols:173 - Beregner fingerID for finger 28: 53937554629190552131995290006882945033
id: 53937554629190552131995290006882945033
lower: 53937554629190552131995290006614509577
upper: 66910184482037901621933403444034052414
Result (no wrap): true
2025-05-02 21:40:36 INFO  ChordProtocols:179 - Finger 28 peker n책 til: process3
2025-05-02 21:40:36 INFO  ChordProtocols:173 - Beregner fingerID for finger 29: 53937554629190552131995290007151380489
id: 53937554629190552131995290007151380489
lower: 53937554629190552131995290006614509577
upper: 66910184482037901621933403444034052414
Result (no wrap): true
2025-05-02 21:40:36 INFO  ChordProtocols:179 - Finger 29 peker n책 til: process3
2025-05-02 21:40:36 INFO  ChordProtocols:173 - Beregner fingerID for finger 30: 53937554629190552131995290007688251401
id: 53937554629190552131995290007688251401
lower: 53937554629190552131995290006614509577
upper: 66910184482037901621933403444034052414
Result (no wrap): true
2025-05-02 21:40:36 INFO  ChordProtocols:179 - Finger 30 peker n책 til: process3
2025-05-02 21:40:36 INFO  ChordProtocols:173 - Beregner fingerID for finger 31: 53937554629190552131995290008761993225
id: 53937554629190552131995290008761993225
lower: 53937554629190552131995290006614509577
upper: 66910184482037901621933403444034052414
Result (no wrap): true
2025-05-02 21:40:36 INFO  ChordProtocols:179 - Finger 31 peker n책 til: process3
2025-05-02 21:40:36 INFO  ChordProtocols:173 - Beregner fingerID for finger 32: 53937554629190552131995290010909476873
id: 53937554629190552131995290010909476873
lower: 53937554629190552131995290006614509577
upper: 66910184482037901621933403444034052414
Result (no wrap): true
2025-05-02 21:40:36 INFO  ChordProtocols:179 - Finger 32 peker n책 til: process3
2025-05-02 21:40:36 INFO  ChordProtocols:173 - Beregner fingerID for finger 33: 53937554629190552131995290015204444169
id: 53937554629190552131995290015204444169
lower: 53937554629190552131995290006614509577
upper: 66910184482037901621933403444034052414
Result (no wrap): true
2025-05-02 21:40:36 INFO  ChordProtocols:179 - Finger 33 peker n책 til: process3
2025-05-02 21:40:36 INFO  ChordProtocols:173 - Beregner fingerID for finger 34: 53937554629190552131995290023794378761
id: 53937554629190552131995290023794378761
lower: 53937554629190552131995290006614509577
upper: 66910184482037901621933403444034052414
Result (no wrap): true
2025-05-02 21:40:36 INFO  ChordProtocols:179 - Finger 34 peker n책 til: process3
2025-05-02 21:40:36 INFO  ChordProtocols:173 - Beregner fingerID for finger 35: 53937554629190552131995290040974247945
id: 53937554629190552131995290040974247945
lower: 53937554629190552131995290006614509577
upper: 66910184482037901621933403444034052414
Result (no wrap): true
2025-05-02 21:40:36 INFO  ChordProtocols:179 - Finger 35 peker n책 til: process3
2025-05-02 21:40:36 INFO  ChordProtocols:173 - Beregner fingerID for finger 36: 53937554629190552131995290075333986313
id: 53937554629190552131995290075333986313
lower: 53937554629190552131995290006614509577
upper: 66910184482037901621933403444034052414
Result (no wrap): true
2025-05-02 21:40:36 INFO  ChordProtocols:179 - Finger 36 peker n책 til: process3
2025-05-02 21:40:36 INFO  ChordProtocols:173 - Beregner fingerID for finger 37: 53937554629190552131995290144053463049
id: 53937554629190552131995290144053463049
lower: 53937554629190552131995290006614509577
upper: 66910184482037901621933403444034052414
Result (no wrap): true
2025-05-02 21:40:36 INFO  ChordProtocols:179 - Finger 37 peker n책 til: process3
2025-05-02 21:40:36 INFO  ChordProtocols:173 - Beregner fingerID for finger 38: 53937554629190552131995290281492416521
id: 53937554629190552131995290281492416521
lower: 53937554629190552131995290006614509577
upper: 66910184482037901621933403444034052414
Result (no wrap): true
2025-05-02 21:40:36 INFO  ChordProtocols:179 - Finger 38 peker n책 til: process3
2025-05-02 21:40:36 INFO  ChordProtocols:173 - Beregner fingerID for finger 39: 53937554629190552131995290556370323465
id: 53937554629190552131995290556370323465
lower: 53937554629190552131995290006614509577
upper: 66910184482037901621933403444034052414
Result (no wrap): true
2025-05-02 21:40:36 INFO  ChordProtocols:179 - Finger 39 peker n책 til: process3
2025-05-02 21:40:36 INFO  ChordProtocols:173 - Beregner fingerID for finger 40: 53937554629190552131995291106126137353
id: 53937554629190552131995291106126137353
lower: 53937554629190552131995290006614509577
upper: 66910184482037901621933403444034052414
Result (no wrap): true
2025-05-02 21:40:36 INFO  ChordProtocols:179 - Finger 40 peker n책 til: process3
2025-05-02 21:40:36 INFO  ChordProtocols:173 - Beregner fingerID for finger 41: 53937554629190552131995292205637765129
id: 53937554629190552131995292205637765129
lower: 53937554629190552131995290006614509577
upper: 66910184482037901621933403444034052414
Result (no wrap): true
2025-05-02 21:40:36 INFO  ChordProtocols:179 - Finger 41 peker n책 til: process3
2025-05-02 21:40:36 INFO  ChordProtocols:173 - Beregner fingerID for finger 42: 53937554629190552131995294404661020681
id: 53937554629190552131995294404661020681
lower: 53937554629190552131995290006614509577
upper: 66910184482037901621933403444034052414
Result (no wrap): true
2025-05-02 21:40:36 INFO  ChordProtocols:179 - Finger 42 peker n책 til: process3
2025-05-02 21:40:36 INFO  ChordProtocols:173 - Beregner fingerID for finger 43: 53937554629190552131995298802707531785
id: 53937554629190552131995298802707531785
lower: 53937554629190552131995290006614509577
upper: 66910184482037901621933403444034052414
Result (no wrap): true
2025-05-02 21:40:36 INFO  ChordProtocols:179 - Finger 43 peker n책 til: process3
2025-05-02 21:40:36 INFO  ChordProtocols:173 - Beregner fingerID for finger 44: 53937554629190552131995307598800553993
id: 53937554629190552131995307598800553993
lower: 53937554629190552131995290006614509577
upper: 66910184482037901621933403444034052414
Result (no wrap): true
2025-05-02 21:40:36 INFO  ChordProtocols:179 - Finger 44 peker n책 til: process3
2025-05-02 21:40:36 INFO  ChordProtocols:173 - Beregner fingerID for finger 45: 53937554629190552131995325190986598409
id: 53937554629190552131995325190986598409
lower: 53937554629190552131995290006614509577
upper: 66910184482037901621933403444034052414
Result (no wrap): true
2025-05-02 21:40:36 INFO  ChordProtocols:179 - Finger 45 peker n책 til: process3
2025-05-02 21:40:36 INFO  ChordProtocols:173 - Beregner fingerID for finger 46: 53937554629190552131995360375358687241
id: 53937554629190552131995360375358687241
lower: 53937554629190552131995290006614509577
upper: 66910184482037901621933403444034052414
Result (no wrap): true
2025-05-02 21:40:36 INFO  ChordProtocols:179 - Finger 46 peker n책 til: process3
2025-05-02 21:40:36 INFO  ChordProtocols:173 - Beregner fingerID for finger 47: 53937554629190552131995430744102864905
id: 53937554629190552131995430744102864905
lower: 53937554629190552131995290006614509577
upper: 66910184482037901621933403444034052414
Result (no wrap): true
2025-05-02 21:40:36 INFO  ChordProtocols:179 - Finger 47 peker n책 til: process3
2025-05-02 21:40:36 INFO  ChordProtocols:173 - Beregner fingerID for finger 48: 53937554629190552131995571481591220233
id: 53937554629190552131995571481591220233
lower: 53937554629190552131995290006614509577
upper: 66910184482037901621933403444034052414
Result (no wrap): true
2025-05-02 21:40:36 INFO  ChordProtocols:179 - Finger 48 peker n책 til: process3
2025-05-02 21:40:36 INFO  ChordProtocols:173 - Beregner fingerID for finger 49: 53937554629190552131995852956567930889
id: 53937554629190552131995852956567930889
lower: 53937554629190552131995290006614509577
upper: 66910184482037901621933403444034052414
Result (no wrap): true
2025-05-02 21:40:36 INFO  ChordProtocols:179 - Finger 49 peker n책 til: process3
2025-05-02 21:40:36 INFO  ChordProtocols:173 - Beregner fingerID for finger 50: 53937554629190552131996415906521352201
id: 53937554629190552131996415906521352201
lower: 53937554629190552131995290006614509577
upper: 66910184482037901621933403444034052414
Result (no wrap): true
2025-05-02 21:40:36 INFO  ChordProtocols:179 - Finger 50 peker n책 til: process3
2025-05-02 21:40:36 INFO  ChordProtocols:173 - Beregner fingerID for finger 51: 53937554629190552131997541806428194825
id: 53937554629190552131997541806428194825
lower: 53937554629190552131995290006614509577
upper: 66910184482037901621933403444034052414
Result (no wrap): true
2025-05-02 21:40:36 INFO  ChordProtocols:179 - Finger 51 peker n책 til: process3
2025-05-02 21:40:36 INFO  ChordProtocols:173 - Beregner fingerID for finger 52: 53937554629190552131999793606241880073
id: 53937554629190552131999793606241880073
lower: 53937554629190552131995290006614509577
upper: 66910184482037901621933403444034052414
Result (no wrap): true
2025-05-02 21:40:36 INFO  ChordProtocols:179 - Finger 52 peker n책 til: process3
2025-05-02 21:40:36 INFO  ChordProtocols:173 - Beregner fingerID for finger 53: 53937554629190552132004297205869250569
id: 53937554629190552132004297205869250569
lower: 53937554629190552131995290006614509577
upper: 66910184482037901621933403444034052414
Result (no wrap): true
2025-05-02 21:40:36 INFO  ChordProtocols:179 - Finger 53 peker n책 til: process3
2025-05-02 21:40:36 INFO  ChordProtocols:173 - Beregner fingerID for finger 54: 53937554629190552132013304405123991561
id: 53937554629190552132013304405123991561
lower: 53937554629190552131995290006614509577
upper: 66910184482037901621933403444034052414
Result (no wrap): true
2025-05-02 21:40:36 INFO  ChordProtocols:179 - Finger 54 peker n책 til: process3
2025-05-02 21:40:36 INFO  ChordProtocols:173 - Beregner fingerID for finger 55: 53937554629190552132031318803633473545
id: 53937554629190552132031318803633473545
lower: 53937554629190552131995290006614509577
upper: 66910184482037901621933403444034052414
Result (no wrap): true
2025-05-02 21:40:36 INFO  ChordProtocols:179 - Finger 55 peker n책 til: process3
2025-05-02 21:40:36 INFO  ChordProtocols:173 - Beregner fingerID for finger 56: 53937554629190552132067347600652437513
id: 53937554629190552132067347600652437513
lower: 53937554629190552131995290006614509577
upper: 66910184482037901621933403444034052414
Result (no wrap): true
2025-05-02 21:40:36 INFO  ChordProtocols:179 - Finger 56 peker n책 til: process3
2025-05-02 21:40:36 INFO  ChordProtocols:173 - Beregner fingerID for finger 57: 53937554629190552132139405194690365449
id: 53937554629190552132139405194690365449
lower: 53937554629190552131995290006614509577
upper: 66910184482037901621933403444034052414
Result (no wrap): true
2025-05-02 21:40:36 INFO  ChordProtocols:179 - Finger 57 peker n책 til: process3
2025-05-02 21:40:36 INFO  ChordProtocols:173 - Beregner fingerID for finger 58: 53937554629190552132283520382766221321
id: 53937554629190552132283520382766221321
lower: 53937554629190552131995290006614509577
upper: 66910184482037901621933403444034052414
Result (no wrap): true
2025-05-02 21:40:36 INFO  ChordProtocols:179 - Finger 58 peker n책 til: process3
2025-05-02 21:40:36 INFO  ChordProtocols:173 - Beregner fingerID for finger 59: 53937554629190552132571750758917933065
id: 53937554629190552132571750758917933065
lower: 53937554629190552131995290006614509577
upper: 66910184482037901621933403444034052414
Result (no wrap): true
2025-05-02 21:40:36 INFO  ChordProtocols:179 - Finger 59 peker n책 til: process3
2025-05-02 21:40:36 INFO  ChordProtocols:173 - Beregner fingerID for finger 60: 53937554629190552133148211511221356553
id: 53937554629190552133148211511221356553
lower: 53937554629190552131995290006614509577
upper: 66910184482037901621933403444034052414
Result (no wrap): true
2025-05-02 21:40:36 INFO  ChordProtocols:179 - Finger 60 peker n책 til: process3
2025-05-02 21:40:36 INFO  ChordProtocols:173 - Beregner fingerID for finger 61: 53937554629190552134301133015828203529
id: 53937554629190552134301133015828203529
lower: 53937554629190552131995290006614509577
upper: 66910184482037901621933403444034052414
Result (no wrap): true
2025-05-02 21:40:36 INFO  ChordProtocols:179 - Finger 61 peker n책 til: process3
2025-05-02 21:40:36 INFO  ChordProtocols:173 - Beregner fingerID for finger 62: 53937554629190552136606976025041897481
id: 53937554629190552136606976025041897481
lower: 53937554629190552131995290006614509577
upper: 66910184482037901621933403444034052414
Result (no wrap): true
2025-05-02 21:40:36 INFO  ChordProtocols:179 - Finger 62 peker n책 til: process3
2025-05-02 21:40:36 INFO  ChordProtocols:173 - Beregner fingerID for finger 63: 53937554629190552141218662043469285385
id: 53937554629190552141218662043469285385
lower: 53937554629190552131995290006614509577
upper: 66910184482037901621933403444034052414
Result (no wrap): true
2025-05-02 21:40:36 INFO  ChordProtocols:179 - Finger 63 peker n책 til: process3
2025-05-02 21:40:36 INFO  ChordProtocols:173 - Beregner fingerID for finger 64: 53937554629190552150442034080324061193
id: 53937554629190552150442034080324061193
lower: 53937554629190552131995290006614509577
upper: 66910184482037901621933403444034052414
Result (no wrap): true
2025-05-02 21:40:36 INFO  ChordProtocols:179 - Finger 64 peker n책 til: process3
2025-05-02 21:40:36 INFO  ChordProtocols:173 - Beregner fingerID for finger 65: 53937554629190552168888778154033612809
id: 53937554629190552168888778154033612809
lower: 53937554629190552131995290006614509577
upper: 66910184482037901621933403444034052414
Result (no wrap): true
2025-05-02 21:40:36 INFO  ChordProtocols:179 - Finger 65 peker n책 til: process3
2025-05-02 21:40:36 INFO  ChordProtocols:173 - Beregner fingerID for finger 66: 53937554629190552205782266301452716041
id: 53937554629190552205782266301452716041
lower: 53937554629190552131995290006614509577
upper: 66910184482037901621933403444034052414
Result (no wrap): true
2025-05-02 21:40:36 INFO  ChordProtocols:179 - Finger 66 peker n책 til: process3
2025-05-02 21:40:36 INFO  ChordProtocols:173 - Beregner fingerID for finger 67: 53937554629190552279569242596290922505
id: 53937554629190552279569242596290922505
lower: 53937554629190552131995290006614509577
upper: 66910184482037901621933403444034052414
Result (no wrap): true
2025-05-02 21:40:36 INFO  ChordProtocols:179 - Finger 67 peker n책 til: process3
2025-05-02 21:40:36 INFO  ChordProtocols:173 - Beregner fingerID for finger 68: 53937554629190552427143195185967335433
id: 53937554629190552427143195185967335433
lower: 53937554629190552131995290006614509577
upper: 66910184482037901621933403444034052414
Result (no wrap): true
2025-05-02 21:40:36 INFO  ChordProtocols:179 - Finger 68 peker n책 til: process3
2025-05-02 21:40:36 INFO  ChordProtocols:173 - Beregner fingerID for finger 69: 53937554629190552722291100365320161289
id: 53937554629190552722291100365320161289
lower: 53937554629190552131995290006614509577
upper: 66910184482037901621933403444034052414
Result (no wrap): true
2025-05-02 21:40:36 INFO  ChordProtocols:179 - Finger 69 peker n책 til: process3
2025-05-02 21:40:36 INFO  ChordProtocols:173 - Beregner fingerID for finger 70: 53937554629190553312586910724025813001
id: 53937554629190553312586910724025813001
lower: 53937554629190552131995290006614509577
upper: 66910184482037901621933403444034052414
Result (no wrap): true
2025-05-02 21:40:36 INFO  ChordProtocols:179 - Finger 70 peker n책 til: process3
2025-05-02 21:40:36 INFO  ChordProtocols:173 - Beregner fingerID for finger 71: 53937554629190554493178531441437116425
id: 53937554629190554493178531441437116425
lower: 53937554629190552131995290006614509577
upper: 66910184482037901621933403444034052414
Result (no wrap): true
2025-05-02 21:40:36 INFO  ChordProtocols:179 - Finger 71 peker n책 til: process3
2025-05-02 21:40:36 INFO  ChordProtocols:173 - Beregner fingerID for finger 72: 53937554629190556854361772876259723273
id: 53937554629190556854361772876259723273
lower: 53937554629190552131995290006614509577
upper: 66910184482037901621933403444034052414
Result (no wrap): true
2025-05-02 21:40:36 INFO  ChordProtocols:179 - Finger 72 peker n책 til: process3
2025-05-02 21:40:36 INFO  ChordProtocols:173 - Beregner fingerID for finger 73: 53937554629190561576728255745904936969
id: 53937554629190561576728255745904936969
lower: 53937554629190552131995290006614509577
upper: 66910184482037901621933403444034052414
Result (no wrap): true
2025-05-02 21:40:36 INFO  ChordProtocols:179 - Finger 73 peker n책 til: process3
2025-05-02 21:40:36 INFO  ChordProtocols:173 - Beregner fingerID for finger 74: 53937554629190571021461221485195364361
id: 53937554629190571021461221485195364361
lower: 53937554629190552131995290006614509577
upper: 66910184482037901621933403444034052414
Result (no wrap): true
2025-05-02 21:40:36 INFO  ChordProtocols:179 - Finger 74 peker n책 til: process3
2025-05-02 21:40:36 INFO  ChordProtocols:173 - Beregner fingerID for finger 75: 53937554629190589910927152963776219145
id: 53937554629190589910927152963776219145
lower: 53937554629190552131995290006614509577
upper: 66910184482037901621933403444034052414
Result (no wrap): true
2025-05-02 21:40:36 INFO  ChordProtocols:179 - Finger 75 peker n책 til: process3
2025-05-02 21:40:36 INFO  ChordProtocols:173 - Beregner fingerID for finger 76: 53937554629190627689859015920937928713
id: 53937554629190627689859015920937928713
lower: 53937554629190552131995290006614509577
upper: 66910184482037901621933403444034052414
Result (no wrap): true
2025-05-02 21:40:36 INFO  ChordProtocols:179 - Finger 76 peker n책 til: process3
2025-05-02 21:40:36 INFO  ChordProtocols:173 - Beregner fingerID for finger 77: 53937554629190703247722741835261347849
id: 53937554629190703247722741835261347849
lower: 53937554629190552131995290006614509577
upper: 66910184482037901621933403444034052414
Result (no wrap): true
2025-05-02 21:40:36 INFO  ChordProtocols:179 - Finger 77 peker n책 til: process3
2025-05-02 21:40:36 INFO  ChordProtocols:173 - Beregner fingerID for finger 78: 53937554629190854363450193663908186121
id: 53937554629190854363450193663908186121
lower: 53937554629190552131995290006614509577
upper: 66910184482037901621933403444034052414
Result (no wrap): true
2025-05-02 21:40:36 INFO  ChordProtocols:179 - Finger 78 peker n책 til: process3
2025-05-02 21:40:36 INFO  ChordProtocols:173 - Beregner fingerID for finger 79: 53937554629191156594905097321201862665
id: 53937554629191156594905097321201862665
lower: 53937554629190552131995290006614509577
upper: 66910184482037901621933403444034052414
Result (no wrap): true
2025-05-02 21:40:36 INFO  ChordProtocols:179 - Finger 79 peker n책 til: process3
2025-05-02 21:40:36 INFO  ChordProtocols:173 - Beregner fingerID for finger 80: 53937554629191761057814904635789215753
id: 53937554629191761057814904635789215753
lower: 53937554629190552131995290006614509577
upper: 66910184482037901621933403444034052414
Result (no wrap): true
2025-05-02 21:40:36 INFO  ChordProtocols:179 - Finger 80 peker n책 til: process3
2025-05-02 21:40:36 INFO  ChordProtocols:173 - Beregner fingerID for finger 81: 53937554629192969983634519264963921929
id: 53937554629192969983634519264963921929
lower: 53937554629190552131995290006614509577
upper: 66910184482037901621933403444034052414
Result (no wrap): true
2025-05-02 21:40:36 INFO  ChordProtocols:179 - Finger 81 peker n책 til: process3
2025-05-02 21:40:36 INFO  ChordProtocols:173 - Beregner fingerID for finger 82: 53937554629195387835273748523313334281
id: 53937554629195387835273748523313334281
lower: 53937554629190552131995290006614509577
upper: 66910184482037901621933403444034052414
Result (no wrap): true
2025-05-02 21:40:36 INFO  ChordProtocols:179 - Finger 82 peker n책 til: process3
2025-05-02 21:40:36 INFO  ChordProtocols:173 - Beregner fingerID for finger 83: 53937554629200223538552207040012158985
id: 53937554629200223538552207040012158985
lower: 53937554629190552131995290006614509577
upper: 66910184482037901621933403444034052414
Result (no wrap): true
2025-05-02 21:40:36 INFO  ChordProtocols:179 - Finger 83 peker n책 til: process3
2025-05-02 21:40:36 INFO  ChordProtocols:173 - Beregner fingerID for finger 84: 53937554629209894945109124073409808393
id: 53937554629209894945109124073409808393
lower: 53937554629190552131995290006614509577
upper: 66910184482037901621933403444034052414
Result (no wrap): true
2025-05-02 21:40:36 INFO  ChordProtocols:179 - Finger 84 peker n책 til: process3
2025-05-02 21:40:36 INFO  ChordProtocols:173 - Beregner fingerID for finger 85: 53937554629229237758222958140205107209
id: 53937554629229237758222958140205107209
lower: 53937554629190552131995290006614509577
upper: 66910184482037901621933403444034052414
Result (no wrap): true
2025-05-02 21:40:36 INFO  ChordProtocols:179 - Finger 85 peker n책 til: process3
2025-05-02 21:40:36 INFO  ChordProtocols:173 - Beregner fingerID for finger 86: 53937554629267923384450626273795704841
id: 53937554629267923384450626273795704841
lower: 53937554629190552131995290006614509577
upper: 66910184482037901621933403444034052414
Result (no wrap): true
2025-05-02 21:40:36 INFO  ChordProtocols:179 - Finger 86 peker n책 til: process3
2025-05-02 21:40:36 INFO  ChordProtocols:173 - Beregner fingerID for finger 87: 53937554629345294636905962540976900105
id: 53937554629345294636905962540976900105
lower: 53937554629190552131995290006614509577
upper: 66910184482037901621933403444034052414
Result (no wrap): true
2025-05-02 21:40:36 INFO  ChordProtocols:179 - Finger 87 peker n책 til: process3
2025-05-02 21:40:36 INFO  ChordProtocols:173 - Beregner fingerID for finger 88: 53937554629500037141816635075339290633
id: 53937554629500037141816635075339290633
lower: 53937554629190552131995290006614509577
upper: 66910184482037901621933403444034052414
Result (no wrap): true
2025-05-02 21:40:36 INFO  ChordProtocols:179 - Finger 88 peker n책 til: process3
2025-05-02 21:40:36 INFO  ChordProtocols:173 - Beregner fingerID for finger 89: 53937554629809522151637980144064071689
id: 53937554629809522151637980144064071689
lower: 53937554629190552131995290006614509577
upper: 66910184482037901621933403444034052414
Result (no wrap): true
2025-05-02 21:40:36 INFO  ChordProtocols:179 - Finger 89 peker n책 til: process3
2025-05-02 21:40:36 INFO  ChordProtocols:173 - Beregner fingerID for finger 90: 53937554630428492171280670281513633801
id: 53937554630428492171280670281513633801
lower: 53937554629190552131995290006614509577
upper: 66910184482037901621933403444034052414
Result (no wrap): true
2025-05-02 21:40:36 INFO  ChordProtocols:179 - Finger 90 peker n책 til: process3
2025-05-02 21:40:36 INFO  ChordProtocols:173 - Beregner fingerID for finger 91: 53937554631666432210566050556412758025
id: 53937554631666432210566050556412758025
lower: 53937554629190552131995290006614509577
upper: 66910184482037901621933403444034052414
Result (no wrap): true
2025-05-02 21:40:36 INFO  ChordProtocols:179 - Finger 91 peker n책 til: process3
2025-05-02 21:40:36 INFO  ChordProtocols:173 - Beregner fingerID for finger 92: 53937554634142312289136811106211006473
id: 53937554634142312289136811106211006473
lower: 53937554629190552131995290006614509577
upper: 66910184482037901621933403444034052414
Result (no wrap): true
2025-05-02 21:40:36 INFO  ChordProtocols:179 - Finger 92 peker n책 til: process3
2025-05-02 21:40:36 INFO  ChordProtocols:173 - Beregner fingerID for finger 93: 53937554639094072446278332205807503369
id: 53937554639094072446278332205807503369
lower: 53937554629190552131995290006614509577
upper: 66910184482037901621933403444034052414
Result (no wrap): true
2025-05-02 21:40:36 INFO  ChordProtocols:179 - Finger 93 peker n책 til: process3
2025-05-02 21:40:36 INFO  ChordProtocols:173 - Beregner fingerID for finger 94: 53937554648997592760561374405000497161
id: 53937554648997592760561374405000497161
lower: 53937554629190552131995290006614509577
upper: 66910184482037901621933403444034052414
Result (no wrap): true
2025-05-02 21:40:36 INFO  ChordProtocols:179 - Finger 94 peker n책 til: process3
2025-05-02 21:40:36 INFO  ChordProtocols:173 - Beregner fingerID for finger 95: 53937554668804633389127458803386484745
id: 53937554668804633389127458803386484745
lower: 53937554629190552131995290006614509577
upper: 66910184482037901621933403444034052414
Result (no wrap): true
2025-05-02 21:40:36 INFO  ChordProtocols:179 - Finger 95 peker n책 til: process3
2025-05-02 21:40:36 INFO  ChordProtocols:173 - Beregner fingerID for finger 96: 53937554708418714646259627600158459913
id: 53937554708418714646259627600158459913
lower: 53937554629190552131995290006614509577
upper: 66910184482037901621933403444034052414
Result (no wrap): true
2025-05-02 21:40:36 INFO  ChordProtocols:179 - Finger 96 peker n책 til: process3
2025-05-02 21:40:36 INFO  ChordProtocols:173 - Beregner fingerID for finger 97: 53937554787646877160523965193702410249
id: 53937554787646877160523965193702410249
lower: 53937554629190552131995290006614509577
upper: 66910184482037901621933403444034052414
Result (no wrap): true
2025-05-02 21:40:36 INFO  ChordProtocols:179 - Finger 97 peker n책 til: process3
2025-05-02 21:40:36 INFO  ChordProtocols:173 - Beregner fingerID for finger 98: 53937554946103202189052640380790310921
id: 53937554946103202189052640380790310921
lower: 53937554629190552131995290006614509577
upper: 66910184482037901621933403444034052414
Result (no wrap): true
2025-05-02 21:40:36 INFO  ChordProtocols:179 - Finger 98 peker n책 til: process3
2025-05-02 21:40:36 INFO  ChordProtocols:173 - Beregner fingerID for finger 99: 53937555263015852246109990754966112265
id: 53937555263015852246109990754966112265
lower: 53937554629190552131995290006614509577
upper: 66910184482037901621933403444034052414
Result (no wrap): true
2025-05-02 21:40:36 INFO  ChordProtocols:179 - Finger 99 peker n책 til: process3
2025-05-02 21:40:36 INFO  ChordProtocols:173 - Beregner fingerID for finger 100: 53937555896841152360224691503317714953
id: 53937555896841152360224691503317714953
lower: 53937554629190552131995290006614509577
upper: 66910184482037901621933403444034052414
Result (no wrap): true
2025-05-02 21:40:36 INFO  ChordProtocols:179 - Finger 100 peker n책 til: process3
2025-05-02 21:40:36 INFO  ChordProtocols:173 - Beregner fingerID for finger 101: 53937557164491752588454093000020920329
id: 53937557164491752588454093000020920329
lower: 53937554629190552131995290006614509577
upper: 66910184482037901621933403444034052414
Result (no wrap): true
2025-05-02 21:40:36 INFO  ChordProtocols:179 - Finger 101 peker n책 til: process3
2025-05-02 21:40:36 INFO  ChordProtocols:173 - Beregner fingerID for finger 102: 53937559699792953044912895993427331081
id: 53937559699792953044912895993427331081
lower: 53937554629190552131995290006614509577
upper: 66910184482037901621933403444034052414
Result (no wrap): true
2025-05-02 21:40:36 INFO  ChordProtocols:179 - Finger 102 peker n책 til: process3
2025-05-02 21:40:36 INFO  ChordProtocols:173 - Beregner fingerID for finger 103: 53937564770395353957830501980240152585
id: 53937564770395353957830501980240152585
lower: 53937554629190552131995290006614509577
upper: 66910184482037901621933403444034052414
Result (no wrap): true
2025-05-02 21:40:36 INFO  ChordProtocols:179 - Finger 103 peker n책 til: process3
2025-05-02 21:40:36 INFO  ChordProtocols:173 - Beregner fingerID for finger 104: 53937574911600155783665713953865795593
id: 53937574911600155783665713953865795593
lower: 53937554629190552131995290006614509577
upper: 66910184482037901621933403444034052414
Result (no wrap): true
2025-05-02 21:40:36 INFO  ChordProtocols:179 - Finger 104 peker n책 til: process3
2025-05-02 21:40:36 INFO  ChordProtocols:173 - Beregner fingerID for finger 105: 53937595194009759435336137901117081609
id: 53937595194009759435336137901117081609
lower: 53937554629190552131995290006614509577
upper: 66910184482037901621933403444034052414
Result (no wrap): true
2025-05-02 21:40:36 INFO  ChordProtocols:179 - Finger 105 peker n책 til: process3
2025-05-02 21:40:36 INFO  ChordProtocols:173 - Beregner fingerID for finger 106: 53937635758828966738676985795619653641
id: 53937635758828966738676985795619653641
lower: 53937554629190552131995290006614509577
upper: 66910184482037901621933403444034052414
Result (no wrap): true
2025-05-02 21:40:36 INFO  ChordProtocols:179 - Finger 106 peker n책 til: process3
2025-05-02 21:40:36 INFO  ChordProtocols:173 - Beregner fingerID for finger 107: 53937716888467381345358681584624797705
id: 53937716888467381345358681584624797705
lower: 53937554629190552131995290006614509577
upper: 66910184482037901621933403444034052414
Result (no wrap): true
2025-05-02 21:40:36 INFO  ChordProtocols:179 - Finger 107 peker n책 til: process3
2025-05-02 21:40:36 INFO  ChordProtocols:173 - Beregner fingerID for finger 108: 53937879147744210558722073162635085833
id: 53937879147744210558722073162635085833
lower: 53937554629190552131995290006614509577
upper: 66910184482037901621933403444034052414
Result (no wrap): true
2025-05-02 21:40:36 INFO  ChordProtocols:179 - Finger 108 peker n책 til: process3
2025-05-02 21:40:36 INFO  ChordProtocols:173 - Beregner fingerID for finger 109: 53938203666297868985448856318655662089
id: 53938203666297868985448856318655662089
lower: 53937554629190552131995290006614509577
upper: 66910184482037901621933403444034052414
Result (no wrap): true
2025-05-02 21:40:36 INFO  ChordProtocols:179 - Finger 109 peker n책 til: process3
2025-05-02 21:40:36 INFO  ChordProtocols:173 - Beregner fingerID for finger 110: 53938852703405185838902422630696814601
id: 53938852703405185838902422630696814601
lower: 53937554629190552131995290006614509577
upper: 66910184482037901621933403444034052414
Result (no wrap): true
2025-05-02 21:40:36 INFO  ChordProtocols:179 - Finger 110 peker n책 til: process3
2025-05-02 21:40:36 INFO  ChordProtocols:173 - Beregner fingerID for finger 111: 53940150777619819545809555254779119625
id: 53940150777619819545809555254779119625
lower: 53937554629190552131995290006614509577
upper: 66910184482037901621933403444034052414
Result (no wrap): true
2025-05-02 21:40:36 INFO  ChordProtocols:179 - Finger 111 peker n책 til: process3
2025-05-02 21:40:36 INFO  ChordProtocols:173 - Beregner fingerID for finger 112: 53942746926049086959623820502943729673
id: 53942746926049086959623820502943729673
lower: 53937554629190552131995290006614509577
upper: 66910184482037901621933403444034052414
Result (no wrap): true
2025-05-02 21:40:36 INFO  ChordProtocols:179 - Finger 112 peker n책 til: process3
2025-05-02 21:40:36 INFO  ChordProtocols:173 - Beregner fingerID for finger 113: 53947939222907621787252350999272949769
id: 53947939222907621787252350999272949769
lower: 53937554629190552131995290006614509577
upper: 66910184482037901621933403444034052414
Result (no wrap): true
2025-05-02 21:40:36 INFO  ChordProtocols:179 - Finger 113 peker n책 til: process3
2025-05-02 21:40:36 INFO  ChordProtocols:173 - Beregner fingerID for finger 114: 53958323816624691442509411991931389961
id: 53958323816624691442509411991931389961
lower: 53937554629190552131995290006614509577
upper: 66910184482037901621933403444034052414
Result (no wrap): true
2025-05-02 21:40:36 INFO  ChordProtocols:179 - Finger 114 peker n책 til: process3
2025-05-02 21:40:36 INFO  ChordProtocols:173 - Beregner fingerID for finger 115: 53979093004058830753023533977248270345
id: 53979093004058830753023533977248270345
lower: 53937554629190552131995290006614509577
upper: 66910184482037901621933403444034052414
Result (no wrap): true
2025-05-02 21:40:36 INFO  ChordProtocols:179 - Finger 115 peker n책 til: process3
2025-05-02 21:40:36 INFO  ChordProtocols:173 - Beregner fingerID for finger 116: 54020631378927109374051777947882031113
id: 54020631378927109374051777947882031113
lower: 53937554629190552131995290006614509577
upper: 66910184482037901621933403444034052414
Result (no wrap): true
2025-05-02 21:40:36 INFO  ChordProtocols:179 - Finger 116 peker n책 til: process3
2025-05-02 21:40:36 INFO  ChordProtocols:173 - Beregner fingerID for finger 117: 54103708128663666616108265889149552649
id: 54103708128663666616108265889149552649
lower: 53937554629190552131995290006614509577
upper: 66910184482037901621933403444034052414
Result (no wrap): true
2025-05-02 21:40:36 INFO  ChordProtocols:179 - Finger 117 peker n책 til: process3
2025-05-02 21:40:36 INFO  ChordProtocols:173 - Beregner fingerID for finger 118: 54269861628136781100221241771684595721
id: 54269861628136781100221241771684595721
lower: 53937554629190552131995290006614509577
upper: 66910184482037901621933403444034052414
Result (no wrap): true
2025-05-02 21:40:36 INFO  ChordProtocols:179 - Finger 118 peker n책 til: process3
2025-05-02 21:40:36 INFO  ChordProtocols:173 - Beregner fingerID for finger 119: 54602168627083010068447193536754681865
id: 54602168627083010068447193536754681865
lower: 53937554629190552131995290006614509577
upper: 66910184482037901621933403444034052414
Result (no wrap): true
2025-05-02 21:40:36 INFO  ChordProtocols:179 - Finger 119 peker n책 til: process3
2025-05-02 21:40:36 INFO  ChordProtocols:173 - Beregner fingerID for finger 120: 55266782624975468004899097066894854153
id: 55266782624975468004899097066894854153
lower: 53937554629190552131995290006614509577
upper: 66910184482037901621933403444034052414
Result (no wrap): true
2025-05-02 21:40:36 INFO  ChordProtocols:179 - Finger 120 peker n책 til: process3
2025-05-02 21:40:36 INFO  ChordProtocols:173 - Beregner fingerID for finger 121: 56596010620760383877802904127175198729
id: 56596010620760383877802904127175198729
lower: 53937554629190552131995290006614509577
upper: 66910184482037901621933403444034052414
Result (no wrap): true
2025-05-02 21:40:36 INFO  ChordProtocols:179 - Finger 121 peker n책 til: process3
2025-05-02 21:40:36 INFO  ChordProtocols:173 - Beregner fingerID for finger 122: 59254466612330215623610518247735887881
id: 59254466612330215623610518247735887881
lower: 53937554629190552131995290006614509577
upper: 66910184482037901621933403444034052414
Result (no wrap): true
2025-05-02 21:40:36 INFO  ChordProtocols:179 - Finger 122 peker n책 til: process3
2025-05-02 21:40:36 INFO  ChordProtocols:173 - Beregner fingerID for finger 123: 64571378595469879115225746488857266185
id: 64571378595469879115225746488857266185
lower: 53937554629190552131995290006614509577
upper: 66910184482037901621933403444034052414
Result (no wrap): true
2025-05-02 21:40:36 INFO  ChordProtocols:179 - Finger 123 peker n책 til: process3
2025-05-02 21:40:36 INFO  ChordProtocols:173 - Beregner fingerID for finger 124: 75205202561749206098456202971100022793
id: 75205202561749206098456202971100022793
lower: 53937554629190552131995290006614509577
upper: 66910184482037901621933403444034052414
Result (no wrap): false
id: 66910184482037901621933403444034052414
lower: 53937554629190552131995290006614509577
upper: 75205202561749206098456202971100022793
Result (no wrap): true
id: 75205202561749206098456202971100022793
lower: 66910184482037901621933403444034052414
upper: 121411138451101288395601026024677976156
Result (no wrap): true
2025-05-02 21:40:36 INFO  ChordProtocols:179 - Finger 124 peker n책 til: process5
2025-05-02 21:40:36 INFO  ChordProtocols:173 - Beregner fingerID for finger 125: 96472850494307860064917115935585536009
id: 96472850494307860064917115935585536009
lower: 53937554629190552131995290006614509577
upper: 66910184482037901621933403444034052414
Result (no wrap): false
id: 121411138451101288395601026024677976156
lower: 53937554629190552131995290006614509577
upper: 96472850494307860064917115935585536009
Result (no wrap): false
id: 66910184482037901621933403444034052414
lower: 53937554629190552131995290006614509577
upper: 96472850494307860064917115935585536009
Result (no wrap): true
id: 96472850494307860064917115935585536009
lower: 66910184482037901621933403444034052414
upper: 121411138451101288395601026024677976156
Result (no wrap): true
2025-05-02 21:40:36 INFO  ChordProtocols:179 - Finger 125 peker n책 til: process5
2025-05-02 21:40:36 INFO  ChordProtocols:173 - Beregner fingerID for finger 126: 139008146359425167997838941864556562441
id: 139008146359425167997838941864556562441
lower: 53937554629190552131995290006614509577
upper: 66910184482037901621933403444034052414
Result (no wrap): false
id: 121411138451101288395601026024677976156
lower: 53937554629190552131995290006614509577
upper: 139008146359425167997838941864556562441
Result (no wrap): true
id: 139008146359425167997838941864556562441
lower: 121411138451101288395601026024677976156
upper: 210821560651360572675896360671414673172
Result (no wrap): true
2025-05-02 21:40:36 INFO  ChordProtocols:179 - Finger 126 peker n책 til: process4
2025-05-02 21:40:36 INFO  ChordProtocols:173 - Beregner fingerID for finger 127: 224078738089659783863682593722498615305
id: 224078738089659783863682593722498615305
lower: 53937554629190552131995290006614509577
upper: 66910184482037901621933403444034052414
Result (no wrap): false
id: 210821560651360572675896360671414673172
lower: 53937554629190552131995290006614509577
upper: 224078738089659783863682593722498615305
Result (no wrap): true
id: 224078738089659783863682593722498615305
lower: 210821560651360572675896360671414673172
upper: 15618062003214643351512781541041391612
Result (wrap): true
2025-05-02 21:40:36 INFO  ChordProtocols:179 - Finger 127 peker n책 til: process2
2025-05-02 21:40:36 INFO  StabilizationProtocols:60 - Checking the predecessor for Node: process1
==================================
Node Identifier = 53937554629190552131995290006614509577
Node IP address = process1
successor(process1) = process3
predecessor(process1) = process2
Current File keys for process1 => [29249986233499374510233936914584139597, 22851974182570490653634187770374799407]
==================================
2025-05-02 21:40:36 INFO  StabilizationProtocols:130 - Updating the successor for Node: process2
id: 15618062003214643351512781541041391613
lower: 15618062003214643351512781541041391612
upper: 53937554629190552131995290006614509577
Result (no wrap): true
2025-05-02 21:40:36 INFO  StabilizationProtocols:84 - Stabilizing ring from process2...
2025-05-02 21:40:36 INFO  StabilizationProtocols:91 - Stabilize ring: succnode = process1
id: 15618062003214643351512781541041391612
lower: 15618062003214643351512781541041391613
upper: 53937554629190552131995290006614509578
Result (no wrap): false
2025-05-02 21:40:36 INFO  StabilizationProtocols:113 - Finished stabilizing chordring from process2
2025-05-02 21:40:36 INFO  ChordProtocols:159 - Oppdaterer FingerTable for Node: process2
2025-05-02 21:40:36 INFO  ChordProtocols:173 - Beregner fingerID for finger 0: 15618062003214643351512781541041391613
id: 15618062003214643351512781541041391613
lower: 15618062003214643351512781541041391612
upper: 53937554629190552131995290006614509577
Result (no wrap): true
2025-05-02 21:40:36 INFO  ChordProtocols:179 - Finger 0 peker n책 til: process1
2025-05-02 21:40:36 INFO  ChordProtocols:173 - Beregner fingerID for finger 1: 15618062003214643351512781541041391614
id: 15618062003214643351512781541041391614
lower: 15618062003214643351512781541041391612
upper: 53937554629190552131995290006614509577
Result (no wrap): true
2025-05-02 21:40:36 INFO  ChordProtocols:179 - Finger 1 peker n책 til: process1
2025-05-02 21:40:36 INFO  ChordProtocols:173 - Beregner fingerID for finger 2: 15618062003214643351512781541041391616
id: 15618062003214643351512781541041391616
lower: 15618062003214643351512781541041391612
upper: 53937554629190552131995290006614509577
Result (no wrap): true
2025-05-02 21:40:36 INFO  ChordProtocols:179 - Finger 2 peker n책 til: process1
2025-05-02 21:40:36 INFO  ChordProtocols:173 - Beregner fingerID for finger 3: 15618062003214643351512781541041391620
id: 15618062003214643351512781541041391620
lower: 15618062003214643351512781541041391612
upper: 53937554629190552131995290006614509577
Result (no wrap): true
2025-05-02 21:40:36 INFO  ChordProtocols:179 - Finger 3 peker n책 til: process1
2025-05-02 21:40:36 INFO  ChordProtocols:173 - Beregner fingerID for finger 4: 15618062003214643351512781541041391628
id: 15618062003214643351512781541041391628
lower: 15618062003214643351512781541041391612
upper: 53937554629190552131995290006614509577
Result (no wrap): true
2025-05-02 21:40:36 INFO  ChordProtocols:179 - Finger 4 peker n책 til: process1
2025-05-02 21:40:36 INFO  ChordProtocols:173 - Beregner fingerID for finger 5: 15618062003214643351512781541041391644
id: 15618062003214643351512781541041391644
lower: 15618062003214643351512781541041391612
upper: 53937554629190552131995290006614509577
Result (no wrap): true
2025-05-02 21:40:36 INFO  ChordProtocols:179 - Finger 5 peker n책 til: process1
2025-05-02 21:40:36 INFO  ChordProtocols:173 - Beregner fingerID for finger 6: 15618062003214643351512781541041391676
id: 15618062003214643351512781541041391676
lower: 15618062003214643351512781541041391612
upper: 53937554629190552131995290006614509577
Result (no wrap): true
2025-05-02 21:40:36 INFO  ChordProtocols:179 - Finger 6 peker n책 til: process1
2025-05-02 21:40:36 INFO  ChordProtocols:173 - Beregner fingerID for finger 7: 15618062003214643351512781541041391740
id: 15618062003214643351512781541041391740
lower: 15618062003214643351512781541041391612
upper: 53937554629190552131995290006614509577
Result (no wrap): true
2025-05-02 21:40:36 INFO  ChordProtocols:179 - Finger 7 peker n책 til: process1
2025-05-02 21:40:36 INFO  ChordProtocols:173 - Beregner fingerID for finger 8: 15618062003214643351512781541041391868
id: 15618062003214643351512781541041391868
lower: 15618062003214643351512781541041391612
upper: 53937554629190552131995290006614509577
Result (no wrap): true
2025-05-02 21:40:36 INFO  ChordProtocols:179 - Finger 8 peker n책 til: process1
2025-05-02 21:40:36 INFO  ChordProtocols:173 - Beregner fingerID for finger 9: 15618062003214643351512781541041392124
id: 15618062003214643351512781541041392124
lower: 15618062003214643351512781541041391612
upper: 53937554629190552131995290006614509577
Result (no wrap): true
2025-05-02 21:40:36 INFO  ChordProtocols:179 - Finger 9 peker n책 til: process1
2025-05-02 21:40:36 INFO  ChordProtocols:173 - Beregner fingerID for finger 10: 15618062003214643351512781541041392636
id: 15618062003214643351512781541041392636
lower: 15618062003214643351512781541041391612
upper: 53937554629190552131995290006614509577
Result (no wrap): true
2025-05-02 21:40:36 INFO  ChordProtocols:179 - Finger 10 peker n책 til: process1
2025-05-02 21:40:36 INFO  ChordProtocols:173 - Beregner fingerID for finger 11: 15618062003214643351512781541041393660
id: 15618062003214643351512781541041393660
lower: 15618062003214643351512781541041391612
upper: 53937554629190552131995290006614509577
Result (no wrap): true
2025-05-02 21:40:36 INFO  ChordProtocols:179 - Finger 11 peker n책 til: process1
2025-05-02 21:40:36 INFO  ChordProtocols:173 - Beregner fingerID for finger 12: 15618062003214643351512781541041395708
id: 15618062003214643351512781541041395708
lower: 15618062003214643351512781541041391612
upper: 53937554629190552131995290006614509577
Result (no wrap): true
2025-05-02 21:40:36 INFO  ChordProtocols:179 - Finger 12 peker n책 til: process1
2025-05-02 21:40:36 INFO  ChordProtocols:173 - Beregner fingerID for finger 13: 15618062003214643351512781541041399804
id: 15618062003214643351512781541041399804
lower: 15618062003214643351512781541041391612
upper: 53937554629190552131995290006614509577
Result (no wrap): true
2025-05-02 21:40:36 INFO  ChordProtocols:179 - Finger 13 peker n책 til: process1
2025-05-02 21:40:36 INFO  ChordProtocols:173 - Beregner fingerID for finger 14: 15618062003214643351512781541041407996
id: 15618062003214643351512781541041407996
lower: 15618062003214643351512781541041391612
upper: 53937554629190552131995290006614509577
Result (no wrap): true
2025-05-02 21:40:36 INFO  ChordProtocols:179 - Finger 14 peker n책 til: process1
2025-05-02 21:40:36 INFO  ChordProtocols:173 - Beregner fingerID for finger 15: 15618062003214643351512781541041424380
id: 15618062003214643351512781541041424380
lower: 15618062003214643351512781541041391612
upper: 53937554629190552131995290006614509577
Result (no wrap): true
2025-05-02 21:40:36 INFO  ChordProtocols:179 - Finger 15 peker n책 til: process1
2025-05-02 21:40:36 INFO  ChordProtocols:173 - Beregner fingerID for finger 16: 15618062003214643351512781541041457148
id: 15618062003214643351512781541041457148
lower: 15618062003214643351512781541041391612
upper: 53937554629190552131995290006614509577
Result (no wrap): true
2025-05-02 21:40:36 INFO  ChordProtocols:179 - Finger 16 peker n책 til: process1
2025-05-02 21:40:36 INFO  ChordProtocols:173 - Beregner fingerID for finger 17: 15618062003214643351512781541041522684
id: 15618062003214643351512781541041522684
lower: 15618062003214643351512781541041391612
upper: 53937554629190552131995290006614509577
Result (no wrap): true
2025-05-02 21:40:36 INFO  ChordProtocols:179 - Finger 17 peker n책 til: process1
2025-05-02 21:40:36 INFO  ChordProtocols:173 - Beregner fingerID for finger 18: 15618062003214643351512781541041653756
id: 15618062003214643351512781541041653756
lower: 15618062003214643351512781541041391612
upper: 53937554629190552131995290006614509577
Result (no wrap): true
2025-05-02 21:40:36 INFO  ChordProtocols:179 - Finger 18 peker n책 til: process1
2025-05-02 21:40:36 INFO  ChordProtocols:173 - Beregner fingerID for finger 19: 15618062003214643351512781541041915900
id: 15618062003214643351512781541041915900
lower: 15618062003214643351512781541041391612
upper: 53937554629190552131995290006614509577
Result (no wrap): true
2025-05-02 21:40:36 INFO  ChordProtocols:179 - Finger 19 peker n책 til: process1
2025-05-02 21:40:36 INFO  ChordProtocols:173 - Beregner fingerID for finger 20: 15618062003214643351512781541042440188
id: 15618062003214643351512781541042440188
lower: 15618062003214643351512781541041391612
upper: 53937554629190552131995290006614509577
Result (no wrap): true
2025-05-02 21:40:36 INFO  ChordProtocols:179 - Finger 20 peker n책 til: process1
2025-05-02 21:40:36 INFO  ChordProtocols:173 - Beregner fingerID for finger 21: 15618062003214643351512781541043488764
id: 15618062003214643351512781541043488764
lower: 15618062003214643351512781541041391612
upper: 53937554629190552131995290006614509577
Result (no wrap): true
2025-05-02 21:40:36 INFO  ChordProtocols:179 - Finger 21 peker n책 til: process1
2025-05-02 21:40:36 INFO  ChordProtocols:173 - Beregner fingerID for finger 22: 15618062003214643351512781541045585916
id: 15618062003214643351512781541045585916
lower: 15618062003214643351512781541041391612
upper: 53937554629190552131995290006614509577
Result (no wrap): true
2025-05-02 21:40:36 INFO  ChordProtocols:179 - Finger 22 peker n책 til: process1
2025-05-02 21:40:36 INFO  ChordProtocols:173 - Beregner fingerID for finger 23: 15618062003214643351512781541049780220
id: 15618062003214643351512781541049780220
lower: 15618062003214643351512781541041391612
upper: 53937554629190552131995290006614509577
Result (no wrap): true
2025-05-02 21:40:36 INFO  ChordProtocols:179 - Finger 23 peker n책 til: process1
2025-05-02 21:40:36 INFO  ChordProtocols:173 - Beregner fingerID for finger 24: 15618062003214643351512781541058168828
id: 15618062003214643351512781541058168828
lower: 15618062003214643351512781541041391612
upper: 53937554629190552131995290006614509577
Result (no wrap): true
2025-05-02 21:40:36 INFO  ChordProtocols:179 - Finger 24 peker n책 til: process1
2025-05-02 21:40:36 INFO  ChordProtocols:173 - Beregner fingerID for finger 25: 15618062003214643351512781541074946044
id: 15618062003214643351512781541074946044
lower: 15618062003214643351512781541041391612
upper: 53937554629190552131995290006614509577
Result (no wrap): true
2025-05-02 21:40:36 INFO  ChordProtocols:179 - Finger 25 peker n책 til: process1
2025-05-02 21:40:36 INFO  ChordProtocols:173 - Beregner fingerID for finger 26: 15618062003214643351512781541108500476
id: 15618062003214643351512781541108500476
lower: 15618062003214643351512781541041391612
upper: 53937554629190552131995290006614509577
Result (no wrap): true
2025-05-02 21:40:36 INFO  ChordProtocols:179 - Finger 26 peker n책 til: process1
2025-05-02 21:40:36 INFO  ChordProtocols:173 - Beregner fingerID for finger 27: 15618062003214643351512781541175609340
id: 15618062003214643351512781541175609340
lower: 15618062003214643351512781541041391612
upper: 53937554629190552131995290006614509577
Result (no wrap): true
2025-05-02 21:40:36 INFO  ChordProtocols:179 - Finger 27 peker n책 til: process1
2025-05-02 21:40:36 INFO  ChordProtocols:173 - Beregner fingerID for finger 28: 15618062003214643351512781541309827068
id: 15618062003214643351512781541309827068
lower: 15618062003214643351512781541041391612
upper: 53937554629190552131995290006614509577
Result (no wrap): true
2025-05-02 21:40:36 INFO  ChordProtocols:179 - Finger 28 peker n책 til: process1
2025-05-02 21:40:36 INFO  ChordProtocols:173 - Beregner fingerID for finger 29: 15618062003214643351512781541578262524
id: 15618062003214643351512781541578262524
lower: 15618062003214643351512781541041391612
upper: 53937554629190552131995290006614509577
Result (no wrap): true
2025-05-02 21:40:36 INFO  ChordProtocols:179 - Finger 29 peker n책 til: process1
2025-05-02 21:40:36 INFO  ChordProtocols:173 - Beregner fingerID for finger 30: 15618062003214643351512781542115133436
id: 15618062003214643351512781542115133436
lower: 15618062003214643351512781541041391612
upper: 53937554629190552131995290006614509577
Result (no wrap): true
2025-05-02 21:40:36 INFO  ChordProtocols:179 - Finger 30 peker n책 til: process1
2025-05-02 21:40:36 INFO  ChordProtocols:173 - Beregner fingerID for finger 31: 15618062003214643351512781543188875260
id: 15618062003214643351512781543188875260
lower: 15618062003214643351512781541041391612
upper: 53937554629190552131995290006614509577
Result (no wrap): true
2025-05-02 21:40:36 INFO  ChordProtocols:179 - Finger 31 peker n책 til: process1
2025-05-02 21:40:36 INFO  ChordProtocols:173 - Beregner fingerID for finger 32: 15618062003214643351512781545336358908
id: 15618062003214643351512781545336358908
lower: 15618062003214643351512781541041391612
upper: 53937554629190552131995290006614509577
Result (no wrap): true
2025-05-02 21:40:36 INFO  ChordProtocols:179 - Finger 32 peker n책 til: process1
2025-05-02 21:40:36 INFO  ChordProtocols:173 - Beregner fingerID for finger 33: 15618062003214643351512781549631326204
id: 15618062003214643351512781549631326204
lower: 15618062003214643351512781541041391612
upper: 53937554629190552131995290006614509577
Result (no wrap): true
2025-05-02 21:40:36 INFO  ChordProtocols:179 - Finger 33 peker n책 til: process1
2025-05-02 21:40:36 INFO  ChordProtocols:173 - Beregner fingerID for finger 34: 15618062003214643351512781558221260796
id: 15618062003214643351512781558221260796
lower: 15618062003214643351512781541041391612
upper: 53937554629190552131995290006614509577
Result (no wrap): true
2025-05-02 21:40:36 INFO  ChordProtocols:179 - Finger 34 peker n책 til: process1
2025-05-02 21:40:36 INFO  ChordProtocols:173 - Beregner fingerID for finger 35: 15618062003214643351512781575401129980
id: 15618062003214643351512781575401129980
lower: 15618062003214643351512781541041391612
upper: 53937554629190552131995290006614509577
Result (no wrap): true
2025-05-02 21:40:36 INFO  ChordProtocols:179 - Finger 35 peker n책 til: process1
2025-05-02 21:40:36 INFO  ChordProtocols:173 - Beregner fingerID for finger 36: 15618062003214643351512781609760868348
id: 15618062003214643351512781609760868348
lower: 15618062003214643351512781541041391612
upper: 53937554629190552131995290006614509577
Result (no wrap): true
2025-05-02 21:40:36 INFO  ChordProtocols:179 - Finger 36 peker n책 til: process1
2025-05-02 21:40:36 INFO  ChordProtocols:173 - Beregner fingerID for finger 37: 15618062003214643351512781678480345084
id: 15618062003214643351512781678480345084
lower: 15618062003214643351512781541041391612
upper: 53937554629190552131995290006614509577
Result (no wrap): true
2025-05-02 21:40:36 INFO  ChordProtocols:179 - Finger 37 peker n책 til: process1
2025-05-02 21:40:36 INFO  ChordProtocols:173 - Beregner fingerID for finger 38: 15618062003214643351512781815919298556
id: 15618062003214643351512781815919298556
lower: 15618062003214643351512781541041391612
upper: 53937554629190552131995290006614509577
Result (no wrap): true
2025-05-02 21:40:36 INFO  ChordProtocols:179 - Finger 38 peker n책 til: process1
2025-05-02 21:40:36 INFO  ChordProtocols:173 - Beregner fingerID for finger 39: 15618062003214643351512782090797205500
id: 15618062003214643351512782090797205500
lower: 15618062003214643351512781541041391612
upper: 53937554629190552131995290006614509577
Result (no wrap): true
2025-05-02 21:40:36 INFO  ChordProtocols:179 - Finger 39 peker n책 til: process1
2025-05-02 21:40:36 INFO  ChordProtocols:173 - Beregner fingerID for finger 40: 15618062003214643351512782640553019388
id: 15618062003214643351512782640553019388
lower: 15618062003214643351512781541041391612
upper: 53937554629190552131995290006614509577
Result (no wrap): true
2025-05-02 21:40:36 INFO  ChordProtocols:179 - Finger 40 peker n책 til: process1
2025-05-02 21:40:36 INFO  ChordProtocols:173 - Beregner fingerID for finger 41: 15618062003214643351512783740064647164
id: 15618062003214643351512783740064647164
lower: 15618062003214643351512781541041391612
upper: 53937554629190552131995290006614509577
Result (no wrap): true
2025-05-02 21:40:36 INFO  ChordProtocols:179 - Finger 41 peker n책 til: process1
2025-05-02 21:40:36 INFO  ChordProtocols:173 - Beregner fingerID for finger 42: 15618062003214643351512785939087902716
id: 15618062003214643351512785939087902716
lower: 15618062003214643351512781541041391612
upper: 53937554629190552131995290006614509577
Result (no wrap): true
2025-05-02 21:40:36 INFO  ChordProtocols:179 - Finger 42 peker n책 til: process1
2025-05-02 21:40:36 INFO  ChordProtocols:173 - Beregner fingerID for finger 43: 15618062003214643351512790337134413820
id: 15618062003214643351512790337134413820
lower: 15618062003214643351512781541041391612
upper: 53937554629190552131995290006614509577
Result (no wrap): true
2025-05-02 21:40:36 INFO  ChordProtocols:179 - Finger 43 peker n책 til: process1
2025-05-02 21:40:36 INFO  ChordProtocols:173 - Beregner fingerID for finger 44: 15618062003214643351512799133227436028
id: 15618062003214643351512799133227436028
lower: 15618062003214643351512781541041391612
upper: 53937554629190552131995290006614509577
Result (no wrap): true
2025-05-02 21:40:36 INFO  ChordProtocols:179 - Finger 44 peker n책 til: process1
2025-05-02 21:40:36 INFO  ChordProtocols:173 - Beregner fingerID for finger 45: 15618062003214643351512816725413480444
id: 15618062003214643351512816725413480444
lower: 15618062003214643351512781541041391612
upper: 53937554629190552131995290006614509577
Result (no wrap): true
2025-05-02 21:40:36 INFO  ChordProtocols:179 - Finger 45 peker n책 til: process1
2025-05-02 21:40:36 INFO  ChordProtocols:173 - Beregner fingerID for finger 46: 15618062003214643351512851909785569276
id: 15618062003214643351512851909785569276
lower: 15618062003214643351512781541041391612
upper: 53937554629190552131995290006614509577
Result (no wrap): true
2025-05-02 21:40:36 INFO  ChordProtocols:179 - Finger 46 peker n책 til: process1
2025-05-02 21:40:36 INFO  ChordProtocols:173 - Beregner fingerID for finger 47: 15618062003214643351512922278529746940
id: 15618062003214643351512922278529746940
lower: 15618062003214643351512781541041391612
upper: 53937554629190552131995290006614509577
Result (no wrap): true
2025-05-02 21:40:36 INFO  ChordProtocols:179 - Finger 47 peker n책 til: process1
2025-05-02 21:40:36 INFO  ChordProtocols:173 - Beregner fingerID for finger 48: 15618062003214643351513063016018102268
id: 15618062003214643351513063016018102268
lower: 15618062003214643351512781541041391612
upper: 53937554629190552131995290006614509577
Result (no wrap): true
2025-05-02 21:40:36 INFO  ChordProtocols:179 - Finger 48 peker n책 til: process1
2025-05-02 21:40:36 INFO  ChordProtocols:173 - Beregner fingerID for finger 49: 15618062003214643351513344490994812924
id: 15618062003214643351513344490994812924
lower: 15618062003214643351512781541041391612
upper: 53937554629190552131995290006614509577
Result (no wrap): true
2025-05-02 21:40:36 INFO  ChordProtocols:179 - Finger 49 peker n책 til: process1
2025-05-02 21:40:36 INFO  ChordProtocols:173 - Beregner fingerID for finger 50: 15618062003214643351513907440948234236
id: 15618062003214643351513907440948234236
lower: 15618062003214643351512781541041391612
upper: 53937554629190552131995290006614509577
Result (no wrap): true
2025-05-02 21:40:36 INFO  ChordProtocols:179 - Finger 50 peker n책 til: process1
2025-05-02 21:40:36 INFO  ChordProtocols:173 - Beregner fingerID for finger 51: 15618062003214643351515033340855076860
id: 15618062003214643351515033340855076860
lower: 15618062003214643351512781541041391612
upper: 53937554629190552131995290006614509577
Result (no wrap): true
2025-05-02 21:40:36 INFO  ChordProtocols:179 - Finger 51 peker n책 til: process1
2025-05-02 21:40:36 INFO  ChordProtocols:173 - Beregner fingerID for finger 52: 15618062003214643351517285140668762108
id: 15618062003214643351517285140668762108
lower: 15618062003214643351512781541041391612
upper: 53937554629190552131995290006614509577
Result (no wrap): true
2025-05-02 21:40:36 INFO  ChordProtocols:179 - Finger 52 peker n책 til: process1
2025-05-02 21:40:36 INFO  ChordProtocols:173 - Beregner fingerID for finger 53: 15618062003214643351521788740296132604
id: 15618062003214643351521788740296132604
lower: 15618062003214643351512781541041391612
upper: 53937554629190552131995290006614509577
Result (no wrap): true
2025-05-02 21:40:36 INFO  ChordProtocols:179 - Finger 53 peker n책 til: process1
2025-05-02 21:40:36 INFO  ChordProtocols:173 - Beregner fingerID for finger 54: 15618062003214643351530795939550873596
id: 15618062003214643351530795939550873596
lower: 15618062003214643351512781541041391612
upper: 53937554629190552131995290006614509577
Result (no wrap): true
2025-05-02 21:40:36 INFO  ChordProtocols:179 - Finger 54 peker n책 til: process1
2025-05-02 21:40:36 INFO  ChordProtocols:173 - Beregner fingerID for finger 55: 15618062003214643351548810338060355580
id: 15618062003214643351548810338060355580
lower: 15618062003214643351512781541041391612
upper: 53937554629190552131995290006614509577
Result (no wrap): true
2025-05-02 21:40:36 INFO  ChordProtocols:179 - Finger 55 peker n책 til: process1
2025-05-02 21:40:36 INFO  ChordProtocols:173 - Beregner fingerID for finger 56: 15618062003214643351584839135079319548
id: 15618062003214643351584839135079319548
lower: 15618062003214643351512781541041391612
upper: 53937554629190552131995290006614509577
Result (no wrap): true
2025-05-02 21:40:36 INFO  ChordProtocols:179 - Finger 56 peker n책 til: process1
2025-05-02 21:40:36 INFO  ChordProtocols:173 - Beregner fingerID for finger 57: 15618062003214643351656896729117247484
id: 15618062003214643351656896729117247484
lower: 15618062003214643351512781541041391612
upper: 53937554629190552131995290006614509577
Result (no wrap): true
2025-05-02 21:40:36 INFO  ChordProtocols:179 - Finger 57 peker n책 til: process1
2025-05-02 21:40:36 INFO  ChordProtocols:173 - Beregner fingerID for finger 58: 15618062003214643351801011917193103356
id: 15618062003214643351801011917193103356
lower: 15618062003214643351512781541041391612
upper: 53937554629190552131995290006614509577
Result (no wrap): true
2025-05-02 21:40:36 INFO  ChordProtocols:179 - Finger 58 peker n책 til: process1
2025-05-02 21:40:36 INFO  ChordProtocols:173 - Beregner fingerID for finger 59: 15618062003214643352089242293344815100
id: 15618062003214643352089242293344815100
lower: 15618062003214643351512781541041391612
upper: 53937554629190552131995290006614509577
Result (no wrap): true
2025-05-02 21:40:36 INFO  ChordProtocols:179 - Finger 59 peker n책 til: process1
2025-05-02 21:40:36 INFO  ChordProtocols:173 - Beregner fingerID for finger 60: 15618062003214643352665703045648238588
id: 15618062003214643352665703045648238588
lower: 15618062003214643351512781541041391612
upper: 53937554629190552131995290006614509577
Result (no wrap): true
2025-05-02 21:40:36 INFO  ChordProtocols:179 - Finger 60 peker n책 til: process1
2025-05-02 21:40:36 INFO  ChordProtocols:173 - Beregner fingerID for finger 61: 15618062003214643353818624550255085564
id: 15618062003214643353818624550255085564
lower: 15618062003214643351512781541041391612
upper: 53937554629190552131995290006614509577
Result (no wrap): true
2025-05-02 21:40:36 INFO  ChordProtocols:179 - Finger 61 peker n책 til: process1
2025-05-02 21:40:36 INFO  ChordProtocols:173 - Beregner fingerID for finger 62: 15618062003214643356124467559468779516
id: 15618062003214643356124467559468779516
lower: 15618062003214643351512781541041391612
upper: 53937554629190552131995290006614509577
Result (no wrap): true
2025-05-02 21:40:36 INFO  ChordProtocols:179 - Finger 62 peker n책 til: process1
2025-05-02 21:40:36 INFO  ChordProtocols:173 - Beregner fingerID for finger 63: 15618062003214643360736153577896167420
id: 15618062003214643360736153577896167420
lower: 15618062003214643351512781541041391612
upper: 53937554629190552131995290006614509577
Result (no wrap): true
2025-05-02 21:40:36 INFO  ChordProtocols:179 - Finger 63 peker n책 til: process1
2025-05-02 21:40:36 INFO  ChordProtocols:173 - Beregner fingerID for finger 64: 15618062003214643369959525614750943228
id: 15618062003214643369959525614750943228
lower: 15618062003214643351512781541041391612
upper: 53937554629190552131995290006614509577
Result (no wrap): true
2025-05-02 21:40:36 INFO  ChordProtocols:179 - Finger 64 peker n책 til: process1
2025-05-02 21:40:36 INFO  ChordProtocols:173 - Beregner fingerID for finger 65: 15618062003214643388406269688460494844
id: 15618062003214643388406269688460494844
lower: 15618062003214643351512781541041391612
upper: 53937554629190552131995290006614509577
Result (no wrap): true
2025-05-02 21:40:36 INFO  ChordProtocols:179 - Finger 65 peker n책 til: process1
2025-05-02 21:40:36 INFO  ChordProtocols:173 - Beregner fingerID for finger 66: 15618062003214643425299757835879598076
id: 15618062003214643425299757835879598076
lower: 15618062003214643351512781541041391612
upper: 53937554629190552131995290006614509577
Result (no wrap): true
2025-05-02 21:40:36 INFO  ChordProtocols:179 - Finger 66 peker n책 til: process1
2025-05-02 21:40:36 INFO  ChordProtocols:173 - Beregner fingerID for finger 67: 15618062003214643499086734130717804540
id: 15618062003214643499086734130717804540
lower: 15618062003214643351512781541041391612
upper: 53937554629190552131995290006614509577
Result (no wrap): true
2025-05-02 21:40:36 INFO  ChordProtocols:179 - Finger 67 peker n책 til: process1
2025-05-02 21:40:36 INFO  ChordProtocols:173 - Beregner fingerID for finger 68: 15618062003214643646660686720394217468
id: 15618062003214643646660686720394217468
lower: 15618062003214643351512781541041391612
upper: 53937554629190552131995290006614509577
Result (no wrap): true
2025-05-02 21:40:36 INFO  ChordProtocols:179 - Finger 68 peker n책 til: process1
2025-05-02 21:40:36 INFO  ChordProtocols:173 - Beregner fingerID for finger 69: 15618062003214643941808591899747043324
id: 15618062003214643941808591899747043324
lower: 15618062003214643351512781541041391612
upper: 53937554629190552131995290006614509577
Result (no wrap): true
2025-05-02 21:40:36 INFO  ChordProtocols:179 - Finger 69 peker n책 til: process1
2025-05-02 21:40:36 INFO  ChordProtocols:173 - Beregner fingerID for finger 70: 15618062003214644532104402258452695036
id: 15618062003214644532104402258452695036
lower: 15618062003214643351512781541041391612
upper: 53937554629190552131995290006614509577
Result (no wrap): true
2025-05-02 21:40:36 INFO  ChordProtocols:179 - Finger 70 peker n책 til: process1
2025-05-02 21:40:36 INFO  ChordProtocols:173 - Beregner fingerID for finger 71: 15618062003214645712696022975863998460
id: 15618062003214645712696022975863998460
lower: 15618062003214643351512781541041391612
upper: 53937554629190552131995290006614509577
Result (no wrap): true
2025-05-02 21:40:36 INFO  ChordProtocols:179 - Finger 71 peker n책 til: process1
2025-05-02 21:40:36 INFO  ChordProtocols:173 - Beregner fingerID for finger 72: 15618062003214648073879264410686605308
id: 15618062003214648073879264410686605308
lower: 15618062003214643351512781541041391612
upper: 53937554629190552131995290006614509577
Result (no wrap): true
2025-05-02 21:40:36 INFO  ChordProtocols:179 - Finger 72 peker n책 til: process1
2025-05-02 21:40:36 INFO  ChordProtocols:173 - Beregner fingerID for finger 73: 15618062003214652796245747280331819004
id: 15618062003214652796245747280331819004
lower: 15618062003214643351512781541041391612
upper: 53937554629190552131995290006614509577
Result (no wrap): true
2025-05-02 21:40:36 INFO  ChordProtocols:179 - Finger 73 peker n책 til: process1
2025-05-02 21:40:36 INFO  ChordProtocols:173 - Beregner fingerID for finger 74: 15618062003214662240978713019622246396
id: 15618062003214662240978713019622246396
lower: 15618062003214643351512781541041391612
upper: 53937554629190552131995290006614509577
Result (no wrap): true
2025-05-02 21:40:36 INFO  ChordProtocols:179 - Finger 74 peker n책 til: process1
2025-05-02 21:40:36 INFO  ChordProtocols:173 - Beregner fingerID for finger 75: 15618062003214681130444644498203101180
id: 15618062003214681130444644498203101180
lower: 15618062003214643351512781541041391612
upper: 53937554629190552131995290006614509577
Result (no wrap): true
2025-05-02 21:40:36 INFO  ChordProtocols:179 - Finger 75 peker n책 til: process1
2025-05-02 21:40:36 INFO  ChordProtocols:173 - Beregner fingerID for finger 76: 15618062003214718909376507455364810748
id: 15618062003214718909376507455364810748
lower: 15618062003214643351512781541041391612
upper: 53937554629190552131995290006614509577
Result (no wrap): true
2025-05-02 21:40:36 INFO  ChordProtocols:179 - Finger 76 peker n책 til: process1
2025-05-02 21:40:36 INFO  ChordProtocols:173 - Beregner fingerID for finger 77: 15618062003214794467240233369688229884
id: 15618062003214794467240233369688229884
lower: 15618062003214643351512781541041391612
upper: 53937554629190552131995290006614509577
Result (no wrap): true
2025-05-02 21:40:36 INFO  ChordProtocols:179 - Finger 77 peker n책 til: process1
2025-05-02 21:40:36 INFO  ChordProtocols:173 - Beregner fingerID for finger 78: 15618062003214945582967685198335068156
id: 15618062003214945582967685198335068156
lower: 15618062003214643351512781541041391612
upper: 53937554629190552131995290006614509577
Result (no wrap): true
2025-05-02 21:40:36 INFO  ChordProtocols:179 - Finger 78 peker n책 til: process1
2025-05-02 21:40:36 INFO  ChordProtocols:173 - Beregner fingerID for finger 79: 15618062003215247814422588855628744700
id: 15618062003215247814422588855628744700
lower: 15618062003214643351512781541041391612
upper: 53937554629190552131995290006614509577
Result (no wrap): true
2025-05-02 21:40:36 INFO  ChordProtocols:179 - Finger 79 peker n책 til: process1
2025-05-02 21:40:36 INFO  ChordProtocols:173 - Beregner fingerID for finger 80: 15618062003215852277332396170216097788
id: 15618062003215852277332396170216097788
lower: 15618062003214643351512781541041391612
upper: 53937554629190552131995290006614509577
Result (no wrap): true
2025-05-02 21:40:36 INFO  ChordProtocols:179 - Finger 80 peker n책 til: process1
2025-05-02 21:40:36 INFO  ChordProtocols:173 - Beregner fingerID for finger 81: 15618062003217061203152010799390803964
id: 15618062003217061203152010799390803964
lower: 15618062003214643351512781541041391612
upper: 53937554629190552131995290006614509577
Result (no wrap): true
2025-05-02 21:40:36 INFO  ChordProtocols:179 - Finger 81 peker n책 til: process1
2025-05-02 21:40:36 INFO  ChordProtocols:173 - Beregner fingerID for finger 82: 15618062003219479054791240057740216316
id: 15618062003219479054791240057740216316
lower: 15618062003214643351512781541041391612
upper: 53937554629190552131995290006614509577
Result (no wrap): true
2025-05-02 21:40:36 INFO  ChordProtocols:179 - Finger 82 peker n책 til: process1
2025-05-02 21:40:36 INFO  ChordProtocols:173 - Beregner fingerID for finger 83: 15618062003224314758069698574439041020
id: 15618062003224314758069698574439041020
lower: 15618062003214643351512781541041391612
upper: 53937554629190552131995290006614509577
Result (no wrap): true
2025-05-02 21:40:36 INFO  ChordProtocols:179 - Finger 83 peker n책 til: process1
2025-05-02 21:40:36 INFO  ChordProtocols:173 - Beregner fingerID for finger 84: 15618062003233986164626615607836690428
id: 15618062003233986164626615607836690428
lower: 15618062003214643351512781541041391612
upper: 53937554629190552131995290006614509577
Result (no wrap): true
2025-05-02 21:40:36 INFO  ChordProtocols:179 - Finger 84 peker n책 til: process1
2025-05-02 21:40:36 INFO  ChordProtocols:173 - Beregner fingerID for finger 85: 15618062003253328977740449674631989244
id: 15618062003253328977740449674631989244
lower: 15618062003214643351512781541041391612
upper: 53937554629190552131995290006614509577
Result (no wrap): true
2025-05-02 21:40:36 INFO  ChordProtocols:179 - Finger 85 peker n책 til: process1
2025-05-02 21:40:36 INFO  ChordProtocols:173 - Beregner fingerID for finger 86: 15618062003292014603968117808222586876
id: 15618062003292014603968117808222586876
lower: 15618062003214643351512781541041391612
upper: 53937554629190552131995290006614509577
Result (no wrap): true
2025-05-02 21:40:36 INFO  ChordProtocols:179 - Finger 86 peker n책 til: process1
2025-05-02 21:40:36 INFO  ChordProtocols:173 - Beregner fingerID for finger 87: 15618062003369385856423454075403782140
id: 15618062003369385856423454075403782140
lower: 15618062003214643351512781541041391612
upper: 53937554629190552131995290006614509577
Result (no wrap): true
2025-05-02 21:40:36 INFO  ChordProtocols:179 - Finger 87 peker n책 til: process1
2025-05-02 21:40:36 INFO  ChordProtocols:173 - Beregner fingerID for finger 88: 15618062003524128361334126609766172668
id: 15618062003524128361334126609766172668
lower: 15618062003214643351512781541041391612
upper: 53937554629190552131995290006614509577
Result (no wrap): true
2025-05-02 21:40:36 INFO  ChordProtocols:179 - Finger 88 peker n책 til: process1
2025-05-02 21:40:36 INFO  ChordProtocols:173 - Beregner fingerID for finger 89: 15618062003833613371155471678490953724
id: 15618062003833613371155471678490953724
lower: 15618062003214643351512781541041391612
upper: 53937554629190552131995290006614509577
Result (no wrap): true
2025-05-02 21:40:36 INFO  ChordProtocols:179 - Finger 89 peker n책 til: process1
2025-05-02 21:40:36 INFO  ChordProtocols:173 - Beregner fingerID for finger 90: 15618062004452583390798161815940515836
id: 15618062004452583390798161815940515836
lower: 15618062003214643351512781541041391612
upper: 53937554629190552131995290006614509577
Result (no wrap): true
2025-05-02 21:40:36 INFO  ChordProtocols:179 - Finger 90 peker n책 til: process1
2025-05-02 21:40:36 INFO  ChordProtocols:173 - Beregner fingerID for finger 91: 15618062005690523430083542090839640060
id: 15618062005690523430083542090839640060
lower: 15618062003214643351512781541041391612
upper: 53937554629190552131995290006614509577
Result (no wrap): true
2025-05-02 21:40:36 INFO  ChordProtocols:179 - Finger 91 peker n책 til: process1
2025-05-02 21:40:36 INFO  ChordProtocols:173 - Beregner fingerID for finger 92: 15618062008166403508654302640637888508
id: 15618062008166403508654302640637888508
lower: 15618062003214643351512781541041391612
upper: 53937554629190552131995290006614509577
Result (no wrap): true
2025-05-02 21:40:36 INFO  ChordProtocols:179 - Finger 92 peker n책 til: process1
2025-05-02 21:40:36 INFO  ChordProtocols:173 - Beregner fingerID for finger 93: 15618062013118163665795823740234385404
id: 15618062013118163665795823740234385404
lower: 15618062003214643351512781541041391612
upper: 53937554629190552131995290006614509577
Result (no wrap): true
2025-05-02 21:40:36 INFO  ChordProtocols:179 - Finger 93 peker n책 til: process1
2025-05-02 21:40:36 INFO  ChordProtocols:173 - Beregner fingerID for finger 94: 15618062023021683980078865939427379196
id: 15618062023021683980078865939427379196
lower: 15618062003214643351512781541041391612
upper: 53937554629190552131995290006614509577
Result (no wrap): true
2025-05-02 21:40:36 INFO  ChordProtocols:179 - Finger 94 peker n책 til: process1
2025-05-02 21:40:36 INFO  ChordProtocols:173 - Beregner fingerID for finger 95: 15618062042828724608644950337813366780
id: 15618062042828724608644950337813366780
lower: 15618062003214643351512781541041391612
upper: 53937554629190552131995290006614509577
Result (no wrap): true
2025-05-02 21:40:36 INFO  ChordProtocols:179 - Finger 95 peker n책 til: process1
2025-05-02 21:40:36 INFO  ChordProtocols:173 - Beregner fingerID for finger 96: 15618062082442805865777119134585341948
id: 15618062082442805865777119134585341948
lower: 15618062003214643351512781541041391612
upper: 53937554629190552131995290006614509577
Result (no wrap): true
2025-05-02 21:40:36 INFO  ChordProtocols:179 - Finger 96 peker n책 til: process1
2025-05-02 21:40:36 INFO  ChordProtocols:173 - Beregner fingerID for finger 97: 15618062161670968380041456728129292284
id: 15618062161670968380041456728129292284
lower: 15618062003214643351512781541041391612
upper: 53937554629190552131995290006614509577
Result (no wrap): true
2025-05-02 21:40:36 INFO  ChordProtocols:179 - Finger 97 peker n책 til: process1
2025-05-02 21:40:36 INFO  ChordProtocols:173 - Beregner fingerID for finger 98: 15618062320127293408570131915217192956
id: 15618062320127293408570131915217192956
lower: 15618062003214643351512781541041391612
upper: 53937554629190552131995290006614509577
Result (no wrap): true
2025-05-02 21:40:36 INFO  ChordProtocols:179 - Finger 98 peker n책 til: process1
2025-05-02 21:40:36 INFO  ChordProtocols:173 - Beregner fingerID for finger 99: 15618062637039943465627482289392994300
id: 15618062637039943465627482289392994300
lower: 15618062003214643351512781541041391612
upper: 53937554629190552131995290006614509577
Result (no wrap): true
2025-05-02 21:40:36 INFO  ChordProtocols:179 - Finger 99 peker n책 til: process1
2025-05-02 21:40:36 INFO  ChordProtocols:173 - Beregner fingerID for finger 100: 15618063270865243579742183037744596988
id: 15618063270865243579742183037744596988
lower: 15618062003214643351512781541041391612
upper: 53937554629190552131995290006614509577
Result (no wrap): true
2025-05-02 21:40:36 INFO  ChordProtocols:179 - Finger 100 peker n책 til: process1
2025-05-02 21:40:36 INFO  ChordProtocols:173 - Beregner fingerID for finger 101: 15618064538515843807971584534447802364
id: 15618064538515843807971584534447802364
lower: 15618062003214643351512781541041391612
upper: 53937554629190552131995290006614509577
Result (no wrap): true
2025-05-02 21:40:36 INFO  ChordProtocols:179 - Finger 101 peker n책 til: process1
2025-05-02 21:40:36 INFO  ChordProtocols:173 - Beregner fingerID for finger 102: 15618067073817044264430387527854213116
id: 15618067073817044264430387527854213116
lower: 15618062003214643351512781541041391612
upper: 53937554629190552131995290006614509577
Result (no wrap): true
2025-05-02 21:40:36 INFO  ChordProtocols:179 - Finger 102 peker n책 til: process1
2025-05-02 21:40:36 INFO  ChordProtocols:173 - Beregner fingerID for finger 103: 15618072144419445177347993514667034620
id: 15618072144419445177347993514667034620
lower: 15618062003214643351512781541041391612
upper: 53937554629190552131995290006614509577
Result (no wrap): true
2025-05-02 21:40:36 INFO  ChordProtocols:179 - Finger 103 peker n책 til: process1
2025-05-02 21:40:36 INFO  ChordProtocols:173 - Beregner fingerID for finger 104: 15618082285624247003183205488292677628
id: 15618082285624247003183205488292677628
lower: 15618062003214643351512781541041391612
upper: 53937554629190552131995290006614509577
Result (no wrap): true
2025-05-02 21:40:36 INFO  ChordProtocols:179 - Finger 104 peker n책 til: process1
2025-05-02 21:40:36 INFO  ChordProtocols:173 - Beregner fingerID for finger 105: 15618102568033850654853629435543963644
id: 15618102568033850654853629435543963644
lower: 15618062003214643351512781541041391612
upper: 53937554629190552131995290006614509577
Result (no wrap): true
2025-05-02 21:40:36 INFO  ChordProtocols:179 - Finger 105 peker n책 til: process1
2025-05-02 21:40:36 INFO  ChordProtocols:173 - Beregner fingerID for finger 106: 15618143132853057958194477330046535676
id: 15618143132853057958194477330046535676
lower: 15618062003214643351512781541041391612
upper: 53937554629190552131995290006614509577
Result (no wrap): true
2025-05-02 21:40:36 INFO  ChordProtocols:179 - Finger 106 peker n책 til: process1
2025-05-02 21:40:36 INFO  ChordProtocols:173 - Beregner fingerID for finger 107: 15618224262491472564876173119051679740
id: 15618224262491472564876173119051679740
lower: 15618062003214643351512781541041391612
upper: 53937554629190552131995290006614509577
Result (no wrap): true
2025-05-02 21:40:36 INFO  ChordProtocols:179 - Finger 107 peker n책 til: process1
2025-05-02 21:40:36 INFO  ChordProtocols:173 - Beregner fingerID for finger 108: 15618386521768301778239564697061967868
id: 15618386521768301778239564697061967868
lower: 15618062003214643351512781541041391612
upper: 53937554629190552131995290006614509577
Result (no wrap): true
2025-05-02 21:40:36 INFO  ChordProtocols:179 - Finger 108 peker n책 til: process1
2025-05-02 21:40:36 INFO  ChordProtocols:173 - Beregner fingerID for finger 109: 15618711040321960204966347853082544124
id: 15618711040321960204966347853082544124
lower: 15618062003214643351512781541041391612
upper: 53937554629190552131995290006614509577
Result (no wrap): true
2025-05-02 21:40:36 INFO  ChordProtocols:179 - Finger 109 peker n책 til: process1
2025-05-02 21:40:36 INFO  ChordProtocols:173 - Beregner fingerID for finger 110: 15619360077429277058419914165123696636
id: 15619360077429277058419914165123696636
lower: 15618062003214643351512781541041391612
upper: 53937554629190552131995290006614509577
Result (no wrap): true
2025-05-02 21:40:36 INFO  ChordProtocols:179 - Finger 110 peker n책 til: process1
2025-05-02 21:40:36 INFO  ChordProtocols:173 - Beregner fingerID for finger 111: 15620658151643910765327046789206001660
id: 15620658151643910765327046789206001660
lower: 15618062003214643351512781541041391612
upper: 53937554629190552131995290006614509577
Result (no wrap): true
2025-05-02 21:40:36 INFO  ChordProtocols:179 - Finger 111 peker n책 til: process1
2025-05-02 21:40:36 INFO  ChordProtocols:173 - Beregner fingerID for finger 112: 15623254300073178179141312037370611708
id: 15623254300073178179141312037370611708
lower: 15618062003214643351512781541041391612
upper: 53937554629190552131995290006614509577
Result (no wrap): true
2025-05-02 21:40:36 INFO  ChordProtocols:179 - Finger 112 peker n책 til: process1
2025-05-02 21:40:36 INFO  ChordProtocols:173 - Beregner fingerID for finger 113: 15628446596931713006769842533699831804
id: 15628446596931713006769842533699831804
lower: 15618062003214643351512781541041391612
upper: 53937554629190552131995290006614509577
Result (no wrap): true
2025-05-02 21:40:36 INFO  ChordProtocols:179 - Finger 113 peker n책 til: process1
2025-05-02 21:40:36 INFO  ChordProtocols:173 - Beregner fingerID for finger 114: 15638831190648782662026903526358271996
id: 15638831190648782662026903526358271996
lower: 15618062003214643351512781541041391612
upper: 53937554629190552131995290006614509577
Result (no wrap): true
2025-05-02 21:40:36 INFO  ChordProtocols:179 - Finger 114 peker n책 til: process1
2025-05-02 21:40:36 INFO  ChordProtocols:173 - Beregner fingerID for finger 115: 15659600378082921972541025511675152380
id: 15659600378082921972541025511675152380
lower: 15618062003214643351512781541041391612
upper: 53937554629190552131995290006614509577
Result (no wrap): true
2025-05-02 21:40:36 INFO  ChordProtocols:179 - Finger 115 peker n책 til: process1
2025-05-02 21:40:36 INFO  ChordProtocols:173 - Beregner fingerID for finger 116: 15701138752951200593569269482308913148
id: 15701138752951200593569269482308913148
lower: 15618062003214643351512781541041391612
upper: 53937554629190552131995290006614509577
Result (no wrap): true
2025-05-02 21:40:36 INFO  ChordProtocols:179 - Finger 116 peker n책 til: process1
2025-05-02 21:40:36 INFO  ChordProtocols:173 - Beregner fingerID for finger 117: 15784215502687757835625757423576434684
id: 15784215502687757835625757423576434684
lower: 15618062003214643351512781541041391612
upper: 53937554629190552131995290006614509577
Result (no wrap): true
2025-05-02 21:40:36 INFO  ChordProtocols:179 - Finger 117 peker n책 til: process1
2025-05-02 21:40:36 INFO  ChordProtocols:173 - Beregner fingerID for finger 118: 15950369002160872319738733306111477756
id: 15950369002160872319738733306111477756
lower: 15618062003214643351512781541041391612
upper: 53937554629190552131995290006614509577
Result (no wrap): true
2025-05-02 21:40:36 INFO  ChordProtocols:179 - Finger 118 peker n책 til: process1
2025-05-02 21:40:36 INFO  ChordProtocols:173 - Beregner fingerID for finger 119: 16282676001107101287964685071181563900
id: 16282676001107101287964685071181563900
lower: 15618062003214643351512781541041391612
upper: 53937554629190552131995290006614509577
Result (no wrap): true
2025-05-02 21:40:36 INFO  ChordProtocols:179 - Finger 119 peker n책 til: process1
2025-05-02 21:40:36 INFO  ChordProtocols:173 - Beregner fingerID for finger 120: 16947289998999559224416588601321736188
id: 16947289998999559224416588601321736188
lower: 15618062003214643351512781541041391612
upper: 53937554629190552131995290006614509577
Result (no wrap): true
2025-05-02 21:40:36 INFO  ChordProtocols:179 - Finger 120 peker n책 til: process1
2025-05-02 21:40:36 INFO  ChordProtocols:173 - Beregner fingerID for finger 121: 18276517994784475097320395661602080764
id: 18276517994784475097320395661602080764
lower: 15618062003214643351512781541041391612
upper: 53937554629190552131995290006614509577
Result (no wrap): true
2025-05-02 21:40:36 INFO  ChordProtocols:179 - Finger 121 peker n책 til: process1
2025-05-02 21:40:36 INFO  ChordProtocols:173 - Beregner fingerID for finger 122: 20934973986354306843128009782162769916
id: 20934973986354306843128009782162769916
lower: 15618062003214643351512781541041391612
upper: 53937554629190552131995290006614509577
Result (no wrap): true
2025-05-02 21:40:36 INFO  ChordProtocols:179 - Finger 122 peker n책 til: process1
2025-05-02 21:40:36 INFO  ChordProtocols:173 - Beregner fingerID for finger 123: 26251885969493970334743238023284148220
id: 26251885969493970334743238023284148220
lower: 15618062003214643351512781541041391612
upper: 53937554629190552131995290006614509577
Result (no wrap): true
2025-05-02 21:40:36 INFO  ChordProtocols:179 - Finger 123 peker n책 til: process1
2025-05-02 21:40:36 INFO  ChordProtocols:173 - Beregner fingerID for finger 124: 36885709935773297317973694505526904828
id: 36885709935773297317973694505526904828
lower: 15618062003214643351512781541041391612
upper: 53937554629190552131995290006614509577
Result (no wrap): true
2025-05-02 21:40:36 INFO  ChordProtocols:179 - Finger 124 peker n책 til: process1
2025-05-02 21:40:36 INFO  ChordProtocols:173 - Beregner fingerID for finger 125: 58153357868331951284434607470012418044
id: 58153357868331951284434607470012418044
lower: 15618062003214643351512781541041391612
upper: 53937554629190552131995290006614509577
Result (no wrap): false
id: 53937554629190552131995290006614509577
lower: 15618062003214643351512781541041391612
upper: 58153357868331951284434607470012418044
Result (no wrap): true
id: 58153357868331951284434607470012418044
lower: 53937554629190552131995290006614509577
upper: 66910184482037901621933403444034052414
Result (no wrap): true
2025-05-02 21:40:36 INFO  ChordProtocols:179 - Finger 125 peker n책 til: process3
2025-05-02 21:40:36 INFO  ChordProtocols:173 - Beregner fingerID for finger 126: 100688653733449259217356433398983444476
id: 100688653733449259217356433398983444476
lower: 15618062003214643351512781541041391612
upper: 53937554629190552131995290006614509577
Result (no wrap): false
id: 66910184482037901621933403444034052414
lower: 15618062003214643351512781541041391612
upper: 100688653733449259217356433398983444476
Result (no wrap): true
id: 100688653733449259217356433398983444476
lower: 66910184482037901621933403444034052414
upper: 121411138451101288395601026024677976156
Result (no wrap): true
2025-05-02 21:40:36 INFO  ChordProtocols:179 - Finger 126 peker n책 til: process5
2025-05-02 21:40:36 INFO  ChordProtocols:173 - Beregner fingerID for finger 127: 185759245463683875083200085256925497340
id: 185759245463683875083200085256925497340
lower: 15618062003214643351512781541041391612
upper: 53937554629190552131995290006614509577
Result (no wrap): false
id: 121411138451101288395601026024677976156
lower: 15618062003214643351512781541041391612
upper: 185759245463683875083200085256925497340
Result (no wrap): true
id: 185759245463683875083200085256925497340
lower: 121411138451101288395601026024677976156
upper: 210821560651360572675896360671414673172
Result (no wrap): true
2025-05-02 21:40:36 INFO  ChordProtocols:179 - Finger 127 peker n책 til: process4
2025-05-02 21:40:36 INFO  StabilizationProtocols:60 - Checking the predecessor for Node: process2
==================================
Node Identifier = 15618062003214643351512781541041391612
Node IP address = process2
successor(process2) = process1
predecessor(process2) = process4
Current File keys for process2 => [13988058880685873568223126745537177142, 263856675938514540210526796966916740559, 240788495190661943955842370400050808545, 305513342937436802305366564249075562188, 8256520967608282605234844990226290265, 239639416547729385993578111985362970770, 214974501590503159329658682485012382526]
==================================
2025-05-02 21:40:37 INFO  StabilizationProtocols:130 - Updating the successor for Node: process3
id: 66910184482037901621933403444034052415
lower: 66910184482037901621933403444034052414
upper: 121411138451101288395601026024677976156
Result (no wrap): true
2025-05-02 21:40:37 INFO  StabilizationProtocols:84 - Stabilizing ring from process3...
2025-05-02 21:40:37 INFO  StabilizationProtocols:91 - Stabilize ring: succnode = process5
id: 66910184482037901621933403444034052414
lower: 66910184482037901621933403444034052415
upper: 121411138451101288395601026024677976157
Result (no wrap): false
2025-05-02 21:40:37 INFO  StabilizationProtocols:113 - Finished stabilizing chordring from process3
2025-05-02 21:40:37 INFO  ChordProtocols:159 - Oppdaterer FingerTable for Node: process3
2025-05-02 21:40:37 INFO  ChordProtocols:173 - Beregner fingerID for finger 0: 66910184482037901621933403444034052415
id: 66910184482037901621933403444034052415
lower: 66910184482037901621933403444034052414
upper: 121411138451101288395601026024677976156
Result (no wrap): true
2025-05-02 21:40:37 INFO  ChordProtocols:179 - Finger 0 peker n책 til: process5
2025-05-02 21:40:37 INFO  ChordProtocols:173 - Beregner fingerID for finger 1: 66910184482037901621933403444034052416
id: 66910184482037901621933403444034052416
lower: 66910184482037901621933403444034052414
upper: 121411138451101288395601026024677976156
Result (no wrap): true
2025-05-02 21:40:37 INFO  ChordProtocols:179 - Finger 1 peker n책 til: process5
2025-05-02 21:40:37 INFO  ChordProtocols:173 - Beregner fingerID for finger 2: 66910184482037901621933403444034052418
id: 66910184482037901621933403444034052418
lower: 66910184482037901621933403444034052414
upper: 121411138451101288395601026024677976156
Result (no wrap): true
2025-05-02 21:40:37 INFO  ChordProtocols:179 - Finger 2 peker n책 til: process5
2025-05-02 21:40:37 INFO  ChordProtocols:173 - Beregner fingerID for finger 3: 66910184482037901621933403444034052422
id: 66910184482037901621933403444034052422
lower: 66910184482037901621933403444034052414
upper: 121411138451101288395601026024677976156
Result (no wrap): true
2025-05-02 21:40:37 INFO  ChordProtocols:179 - Finger 3 peker n책 til: process5
2025-05-02 21:40:37 INFO  ChordProtocols:173 - Beregner fingerID for finger 4: 66910184482037901621933403444034052430
id: 66910184482037901621933403444034052430
lower: 66910184482037901621933403444034052414
upper: 121411138451101288395601026024677976156
Result (no wrap): true
2025-05-02 21:40:37 INFO  ChordProtocols:179 - Finger 4 peker n책 til: process5
2025-05-02 21:40:37 INFO  ChordProtocols:173 - Beregner fingerID for finger 5: 66910184482037901621933403444034052446
id: 66910184482037901621933403444034052446
lower: 66910184482037901621933403444034052414
upper: 121411138451101288395601026024677976156
Result (no wrap): true
2025-05-02 21:40:37 INFO  ChordProtocols:179 - Finger 5 peker n책 til: process5
2025-05-02 21:40:37 INFO  ChordProtocols:173 - Beregner fingerID for finger 6: 66910184482037901621933403444034052478
id: 66910184482037901621933403444034052478
lower: 66910184482037901621933403444034052414
upper: 121411138451101288395601026024677976156
Result (no wrap): true
2025-05-02 21:40:37 INFO  ChordProtocols:179 - Finger 6 peker n책 til: process5
2025-05-02 21:40:37 INFO  ChordProtocols:173 - Beregner fingerID for finger 7: 66910184482037901621933403444034052542
id: 66910184482037901621933403444034052542
lower: 66910184482037901621933403444034052414
upper: 121411138451101288395601026024677976156
Result (no wrap): true
2025-05-02 21:40:37 INFO  ChordProtocols:179 - Finger 7 peker n책 til: process5
2025-05-02 21:40:37 INFO  ChordProtocols:173 - Beregner fingerID for finger 8: 66910184482037901621933403444034052670
id: 66910184482037901621933403444034052670
lower: 66910184482037901621933403444034052414
upper: 121411138451101288395601026024677976156
Result (no wrap): true
2025-05-02 21:40:37 INFO  ChordProtocols:179 - Finger 8 peker n책 til: process5
2025-05-02 21:40:37 INFO  ChordProtocols:173 - Beregner fingerID for finger 9: 66910184482037901621933403444034052926
id: 66910184482037901621933403444034052926
lower: 66910184482037901621933403444034052414
upper: 121411138451101288395601026024677976156
Result (no wrap): true
2025-05-02 21:40:37 INFO  ChordProtocols:179 - Finger 9 peker n책 til: process5
2025-05-02 21:40:37 INFO  ChordProtocols:173 - Beregner fingerID for finger 10: 66910184482037901621933403444034053438
id: 66910184482037901621933403444034053438
lower: 66910184482037901621933403444034052414
upper: 121411138451101288395601026024677976156
Result (no wrap): true
2025-05-02 21:40:37 INFO  ChordProtocols:179 - Finger 10 peker n책 til: process5
2025-05-02 21:40:37 INFO  ChordProtocols:173 - Beregner fingerID for finger 11: 66910184482037901621933403444034054462
id: 66910184482037901621933403444034054462
lower: 66910184482037901621933403444034052414
upper: 121411138451101288395601026024677976156
Result (no wrap): true
2025-05-02 21:40:37 INFO  ChordProtocols:179 - Finger 11 peker n책 til: process5
2025-05-02 21:40:37 INFO  ChordProtocols:173 - Beregner fingerID for finger 12: 66910184482037901621933403444034056510
id: 66910184482037901621933403444034056510
lower: 66910184482037901621933403444034052414
upper: 121411138451101288395601026024677976156
Result (no wrap): true
2025-05-02 21:40:37 INFO  ChordProtocols:179 - Finger 12 peker n책 til: process5
2025-05-02 21:40:37 INFO  ChordProtocols:173 - Beregner fingerID for finger 13: 66910184482037901621933403444034060606
id: 66910184482037901621933403444034060606
lower: 66910184482037901621933403444034052414
upper: 121411138451101288395601026024677976156
Result (no wrap): true
2025-05-02 21:40:37 INFO  ChordProtocols:179 - Finger 13 peker n책 til: process5
2025-05-02 21:40:37 INFO  ChordProtocols:173 - Beregner fingerID for finger 14: 66910184482037901621933403444034068798
id: 66910184482037901621933403444034068798
lower: 66910184482037901621933403444034052414
upper: 121411138451101288395601026024677976156
Result (no wrap): true
2025-05-02 21:40:37 INFO  ChordProtocols:179 - Finger 14 peker n책 til: process5
2025-05-02 21:40:37 INFO  ChordProtocols:173 - Beregner fingerID for finger 15: 66910184482037901621933403444034085182
id: 66910184482037901621933403444034085182
lower: 66910184482037901621933403444034052414
upper: 121411138451101288395601026024677976156
Result (no wrap): true
2025-05-02 21:40:37 INFO  ChordProtocols:179 - Finger 15 peker n책 til: process5
2025-05-02 21:40:37 INFO  ChordProtocols:173 - Beregner fingerID for finger 16: 66910184482037901621933403444034117950
id: 66910184482037901621933403444034117950
lower: 66910184482037901621933403444034052414
upper: 121411138451101288395601026024677976156
Result (no wrap): true
2025-05-02 21:40:37 INFO  ChordProtocols:179 - Finger 16 peker n책 til: process5
2025-05-02 21:40:37 INFO  ChordProtocols:173 - Beregner fingerID for finger 17: 66910184482037901621933403444034183486
id: 66910184482037901621933403444034183486
lower: 66910184482037901621933403444034052414
upper: 121411138451101288395601026024677976156
Result (no wrap): true
2025-05-02 21:40:37 INFO  ChordProtocols:179 - Finger 17 peker n책 til: process5
2025-05-02 21:40:37 INFO  ChordProtocols:173 - Beregner fingerID for finger 18: 66910184482037901621933403444034314558
id: 66910184482037901621933403444034314558
lower: 66910184482037901621933403444034052414
upper: 121411138451101288395601026024677976156
Result (no wrap): true
2025-05-02 21:40:37 INFO  ChordProtocols:179 - Finger 18 peker n책 til: process5
2025-05-02 21:40:37 INFO  ChordProtocols:173 - Beregner fingerID for finger 19: 66910184482037901621933403444034576702
id: 66910184482037901621933403444034576702
lower: 66910184482037901621933403444034052414
upper: 121411138451101288395601026024677976156
Result (no wrap): true
2025-05-02 21:40:37 INFO  ChordProtocols:179 - Finger 19 peker n책 til: process5
2025-05-02 21:40:37 INFO  ChordProtocols:173 - Beregner fingerID for finger 20: 66910184482037901621933403444035100990
id: 66910184482037901621933403444035100990
lower: 66910184482037901621933403444034052414
upper: 121411138451101288395601026024677976156
Result (no wrap): true
2025-05-02 21:40:37 INFO  ChordProtocols:179 - Finger 20 peker n책 til: process5
2025-05-02 21:40:37 INFO  ChordProtocols:173 - Beregner fingerID for finger 21: 66910184482037901621933403444036149566
id: 66910184482037901621933403444036149566
lower: 66910184482037901621933403444034052414
upper: 121411138451101288395601026024677976156
Result (no wrap): true
2025-05-02 21:40:37 INFO  ChordProtocols:179 - Finger 21 peker n책 til: process5
2025-05-02 21:40:37 INFO  ChordProtocols:173 - Beregner fingerID for finger 22: 66910184482037901621933403444038246718
id: 66910184482037901621933403444038246718
lower: 66910184482037901621933403444034052414
upper: 121411138451101288395601026024677976156
Result (no wrap): true
2025-05-02 21:40:37 INFO  ChordProtocols:179 - Finger 22 peker n책 til: process5
2025-05-02 21:40:37 INFO  ChordProtocols:173 - Beregner fingerID for finger 23: 66910184482037901621933403444042441022
id: 66910184482037901621933403444042441022
lower: 66910184482037901621933403444034052414
upper: 121411138451101288395601026024677976156
Result (no wrap): true
2025-05-02 21:40:37 INFO  ChordProtocols:179 - Finger 23 peker n책 til: process5
2025-05-02 21:40:37 INFO  ChordProtocols:173 - Beregner fingerID for finger 24: 66910184482037901621933403444050829630
id: 66910184482037901621933403444050829630
lower: 66910184482037901621933403444034052414
upper: 121411138451101288395601026024677976156
Result (no wrap): true
2025-05-02 21:40:37 INFO  ChordProtocols:179 - Finger 24 peker n책 til: process5
2025-05-02 21:40:37 INFO  ChordProtocols:173 - Beregner fingerID for finger 25: 66910184482037901621933403444067606846
id: 66910184482037901621933403444067606846
lower: 66910184482037901621933403444034052414
upper: 121411138451101288395601026024677976156
Result (no wrap): true
2025-05-02 21:40:37 INFO  ChordProtocols:179 - Finger 25 peker n책 til: process5
2025-05-02 21:40:37 INFO  ChordProtocols:173 - Beregner fingerID for finger 26: 66910184482037901621933403444101161278
id: 66910184482037901621933403444101161278
lower: 66910184482037901621933403444034052414
upper: 121411138451101288395601026024677976156
Result (no wrap): true
2025-05-02 21:40:37 INFO  ChordProtocols:179 - Finger 26 peker n책 til: process5
2025-05-02 21:40:37 INFO  ChordProtocols:173 - Beregner fingerID for finger 27: 66910184482037901621933403444168270142
id: 66910184482037901621933403444168270142
lower: 66910184482037901621933403444034052414
upper: 121411138451101288395601026024677976156
Result (no wrap): true
2025-05-02 21:40:37 INFO  ChordProtocols:179 - Finger 27 peker n책 til: process5
2025-05-02 21:40:37 INFO  ChordProtocols:173 - Beregner fingerID for finger 28: 66910184482037901621933403444302487870
id: 66910184482037901621933403444302487870
lower: 66910184482037901621933403444034052414
upper: 121411138451101288395601026024677976156
Result (no wrap): true
2025-05-02 21:40:37 INFO  ChordProtocols:179 - Finger 28 peker n책 til: process5
2025-05-02 21:40:37 INFO  ChordProtocols:173 - Beregner fingerID for finger 29: 66910184482037901621933403444570923326
id: 66910184482037901621933403444570923326
lower: 66910184482037901621933403444034052414
upper: 121411138451101288395601026024677976156
Result (no wrap): true
2025-05-02 21:40:37 INFO  ChordProtocols:179 - Finger 29 peker n책 til: process5
2025-05-02 21:40:37 INFO  ChordProtocols:173 - Beregner fingerID for finger 30: 66910184482037901621933403445107794238
id: 66910184482037901621933403445107794238
lower: 66910184482037901621933403444034052414
upper: 121411138451101288395601026024677976156
Result (no wrap): true
2025-05-02 21:40:37 INFO  ChordProtocols:179 - Finger 30 peker n책 til: process5
2025-05-02 21:40:37 INFO  ChordProtocols:173 - Beregner fingerID for finger 31: 66910184482037901621933403446181536062
id: 66910184482037901621933403446181536062
lower: 66910184482037901621933403444034052414
upper: 121411138451101288395601026024677976156
Result (no wrap): true
2025-05-02 21:40:37 INFO  ChordProtocols:179 - Finger 31 peker n책 til: process5
2025-05-02 21:40:37 INFO  ChordProtocols:173 - Beregner fingerID for finger 32: 66910184482037901621933403448329019710
id: 66910184482037901621933403448329019710
lower: 66910184482037901621933403444034052414
upper: 121411138451101288395601026024677976156
Result (no wrap): true
2025-05-02 21:40:37 INFO  ChordProtocols:179 - Finger 32 peker n책 til: process5
2025-05-02 21:40:37 INFO  ChordProtocols:173 - Beregner fingerID for finger 33: 66910184482037901621933403452623987006
id: 66910184482037901621933403452623987006
lower: 66910184482037901621933403444034052414
upper: 121411138451101288395601026024677976156
Result (no wrap): true
2025-05-02 21:40:37 INFO  ChordProtocols:179 - Finger 33 peker n책 til: process5
2025-05-02 21:40:37 INFO  ChordProtocols:173 - Beregner fingerID for finger 34: 66910184482037901621933403461213921598
id: 66910184482037901621933403461213921598
lower: 66910184482037901621933403444034052414
upper: 121411138451101288395601026024677976156
Result (no wrap): true
2025-05-02 21:40:37 INFO  ChordProtocols:179 - Finger 34 peker n책 til: process5
2025-05-02 21:40:37 INFO  ChordProtocols:173 - Beregner fingerID for finger 35: 66910184482037901621933403478393790782
id: 66910184482037901621933403478393790782
lower: 66910184482037901621933403444034052414
upper: 121411138451101288395601026024677976156
Result (no wrap): true
2025-05-02 21:40:37 INFO  ChordProtocols:179 - Finger 35 peker n책 til: process5
2025-05-02 21:40:37 INFO  ChordProtocols:173 - Beregner fingerID for finger 36: 66910184482037901621933403512753529150
id: 66910184482037901621933403512753529150
lower: 66910184482037901621933403444034052414
upper: 121411138451101288395601026024677976156
Result (no wrap): true
2025-05-02 21:40:37 INFO  ChordProtocols:179 - Finger 36 peker n책 til: process5
2025-05-02 21:40:37 INFO  ChordProtocols:173 - Beregner fingerID for finger 37: 66910184482037901621933403581473005886
id: 66910184482037901621933403581473005886
lower: 66910184482037901621933403444034052414
upper: 121411138451101288395601026024677976156
Result (no wrap): true
2025-05-02 21:40:37 INFO  ChordProtocols:179 - Finger 37 peker n책 til: process5
2025-05-02 21:40:37 INFO  ChordProtocols:173 - Beregner fingerID for finger 38: 66910184482037901621933403718911959358
id: 66910184482037901621933403718911959358
lower: 66910184482037901621933403444034052414
upper: 121411138451101288395601026024677976156
Result (no wrap): true
2025-05-02 21:40:37 INFO  ChordProtocols:179 - Finger 38 peker n책 til: process5
2025-05-02 21:40:37 INFO  ChordProtocols:173 - Beregner fingerID for finger 39: 66910184482037901621933403993789866302
id: 66910184482037901621933403993789866302
lower: 66910184482037901621933403444034052414
upper: 121411138451101288395601026024677976156
Result (no wrap): true
2025-05-02 21:40:37 INFO  ChordProtocols:179 - Finger 39 peker n책 til: process5
2025-05-02 21:40:37 INFO  ChordProtocols:173 - Beregner fingerID for finger 40: 66910184482037901621933404543545680190
id: 66910184482037901621933404543545680190
lower: 66910184482037901621933403444034052414
upper: 121411138451101288395601026024677976156
Result (no wrap): true
2025-05-02 21:40:37 INFO  ChordProtocols:179 - Finger 40 peker n책 til: process5
2025-05-02 21:40:37 INFO  ChordProtocols:173 - Beregner fingerID for finger 41: 66910184482037901621933405643057307966
id: 66910184482037901621933405643057307966
lower: 66910184482037901621933403444034052414
upper: 121411138451101288395601026024677976156
Result (no wrap): true
2025-05-02 21:40:37 INFO  ChordProtocols:179 - Finger 41 peker n책 til: process5
2025-05-02 21:40:37 INFO  ChordProtocols:173 - Beregner fingerID for finger 42: 66910184482037901621933407842080563518
id: 66910184482037901621933407842080563518
lower: 66910184482037901621933403444034052414
upper: 121411138451101288395601026024677976156
Result (no wrap): true
2025-05-02 21:40:37 INFO  ChordProtocols:179 - Finger 42 peker n책 til: process5
2025-05-02 21:40:37 INFO  ChordProtocols:173 - Beregner fingerID for finger 43: 66910184482037901621933412240127074622
id: 66910184482037901621933412240127074622
lower: 66910184482037901621933403444034052414
upper: 121411138451101288395601026024677976156
Result (no wrap): true
2025-05-02 21:40:37 INFO  ChordProtocols:179 - Finger 43 peker n책 til: process5
2025-05-02 21:40:37 INFO  ChordProtocols:173 - Beregner fingerID for finger 44: 66910184482037901621933421036220096830
id: 66910184482037901621933421036220096830
lower: 66910184482037901621933403444034052414
upper: 121411138451101288395601026024677976156
Result (no wrap): true
2025-05-02 21:40:37 INFO  ChordProtocols:179 - Finger 44 peker n책 til: process5
2025-05-02 21:40:37 INFO  ChordProtocols:173 - Beregner fingerID for finger 45: 66910184482037901621933438628406141246
id: 66910184482037901621933438628406141246
lower: 66910184482037901621933403444034052414
upper: 121411138451101288395601026024677976156
Result (no wrap): true
2025-05-02 21:40:37 INFO  ChordProtocols:179 - Finger 45 peker n책 til: process5
2025-05-02 21:40:37 INFO  ChordProtocols:173 - Beregner fingerID for finger 46: 66910184482037901621933473812778230078
id: 66910184482037901621933473812778230078
lower: 66910184482037901621933403444034052414
upper: 121411138451101288395601026024677976156
Result (no wrap): true
2025-05-02 21:40:37 INFO  ChordProtocols:179 - Finger 46 peker n책 til: process5
2025-05-02 21:40:37 INFO  ChordProtocols:173 - Beregner fingerID for finger 47: 66910184482037901621933544181522407742
id: 66910184482037901621933544181522407742
lower: 66910184482037901621933403444034052414
upper: 121411138451101288395601026024677976156
Result (no wrap): true
2025-05-02 21:40:37 INFO  ChordProtocols:179 - Finger 47 peker n책 til: process5
2025-05-02 21:40:37 INFO  ChordProtocols:173 - Beregner fingerID for finger 48: 66910184482037901621933684919010763070
id: 66910184482037901621933684919010763070
lower: 66910184482037901621933403444034052414
upper: 121411138451101288395601026024677976156
Result (no wrap): true
2025-05-02 21:40:37 INFO  ChordProtocols:179 - Finger 48 peker n책 til: process5
2025-05-02 21:40:37 INFO  ChordProtocols:173 - Beregner fingerID for finger 49: 66910184482037901621933966393987473726
id: 66910184482037901621933966393987473726
lower: 66910184482037901621933403444034052414
upper: 121411138451101288395601026024677976156
Result (no wrap): true
2025-05-02 21:40:37 INFO  ChordProtocols:179 - Finger 49 peker n책 til: process5
2025-05-02 21:40:37 INFO  ChordProtocols:173 - Beregner fingerID for finger 50: 66910184482037901621934529343940895038
id: 66910184482037901621934529343940895038
lower: 66910184482037901621933403444034052414
upper: 121411138451101288395601026024677976156
Result (no wrap): true
2025-05-02 21:40:37 INFO  ChordProtocols:179 - Finger 50 peker n책 til: process5
2025-05-02 21:40:37 INFO  ChordProtocols:173 - Beregner fingerID for finger 51: 66910184482037901621935655243847737662
id: 66910184482037901621935655243847737662
lower: 66910184482037901621933403444034052414
upper: 121411138451101288395601026024677976156
Result (no wrap): true
2025-05-02 21:40:37 INFO  ChordProtocols:179 - Finger 51 peker n책 til: process5
2025-05-02 21:40:37 INFO  ChordProtocols:173 - Beregner fingerID for finger 52: 66910184482037901621937907043661422910
id: 66910184482037901621937907043661422910
lower: 66910184482037901621933403444034052414
upper: 121411138451101288395601026024677976156
Result (no wrap): true
2025-05-02 21:40:37 INFO  ChordProtocols:179 - Finger 52 peker n책 til: process5
2025-05-02 21:40:37 INFO  ChordProtocols:173 - Beregner fingerID for finger 53: 66910184482037901621942410643288793406
id: 66910184482037901621942410643288793406
lower: 66910184482037901621933403444034052414
upper: 121411138451101288395601026024677976156
Result (no wrap): true
2025-05-02 21:40:37 INFO  ChordProtocols:179 - Finger 53 peker n책 til: process5
2025-05-02 21:40:37 INFO  ChordProtocols:173 - Beregner fingerID for finger 54: 66910184482037901621951417842543534398
id: 66910184482037901621951417842543534398
lower: 66910184482037901621933403444034052414
upper: 121411138451101288395601026024677976156
Result (no wrap): true
2025-05-02 21:40:37 INFO  ChordProtocols:179 - Finger 54 peker n책 til: process5
2025-05-02 21:40:37 INFO  ChordProtocols:173 - Beregner fingerID for finger 55: 66910184482037901621969432241053016382
id: 66910184482037901621969432241053016382
lower: 66910184482037901621933403444034052414
upper: 121411138451101288395601026024677976156
Result (no wrap): true
2025-05-02 21:40:37 INFO  ChordProtocols:179 - Finger 55 peker n책 til: process5
2025-05-02 21:40:37 INFO  ChordProtocols:173 - Beregner fingerID for finger 56: 66910184482037901622005461038071980350
id: 66910184482037901622005461038071980350
lower: 66910184482037901621933403444034052414
upper: 121411138451101288395601026024677976156
Result (no wrap): true
2025-05-02 21:40:37 INFO  ChordProtocols:179 - Finger 56 peker n책 til: process5
2025-05-02 21:40:37 INFO  ChordProtocols:173 - Beregner fingerID for finger 57: 66910184482037901622077518632109908286
id: 66910184482037901622077518632109908286
lower: 66910184482037901621933403444034052414
upper: 121411138451101288395601026024677976156
Result (no wrap): true
2025-05-02 21:40:37 INFO  ChordProtocols:179 - Finger 57 peker n책 til: process5
2025-05-02 21:40:37 INFO  ChordProtocols:173 - Beregner fingerID for finger 58: 66910184482037901622221633820185764158
id: 66910184482037901622221633820185764158
lower: 66910184482037901621933403444034052414
upper: 121411138451101288395601026024677976156
Result (no wrap): true
2025-05-02 21:40:37 INFO  ChordProtocols:179 - Finger 58 peker n책 til: process5
2025-05-02 21:40:37 INFO  ChordProtocols:173 - Beregner fingerID for finger 59: 66910184482037901622509864196337475902
id: 66910184482037901622509864196337475902
lower: 66910184482037901621933403444034052414
upper: 121411138451101288395601026024677976156
Result (no wrap): true
2025-05-02 21:40:37 INFO  ChordProtocols:179 - Finger 59 peker n책 til: process5
2025-05-02 21:40:37 INFO  ChordProtocols:173 - Beregner fingerID for finger 60: 66910184482037901623086324948640899390
id: 66910184482037901623086324948640899390
lower: 66910184482037901621933403444034052414
upper: 121411138451101288395601026024677976156
Result (no wrap): true
2025-05-02 21:40:37 INFO  ChordProtocols:179 - Finger 60 peker n책 til: process5
2025-05-02 21:40:37 INFO  ChordProtocols:173 - Beregner fingerID for finger 61: 66910184482037901624239246453247746366
id: 66910184482037901624239246453247746366
lower: 66910184482037901621933403444034052414
upper: 121411138451101288395601026024677976156
Result (no wrap): true
2025-05-02 21:40:37 INFO  ChordProtocols:179 - Finger 61 peker n책 til: process5
2025-05-02 21:40:37 INFO  ChordProtocols:173 - Beregner fingerID for finger 62: 66910184482037901626545089462461440318
id: 66910184482037901626545089462461440318
lower: 66910184482037901621933403444034052414
upper: 121411138451101288395601026024677976156
Result (no wrap): true
2025-05-02 21:40:37 INFO  ChordProtocols:179 - Finger 62 peker n책 til: process5
2025-05-02 21:40:37 INFO  ChordProtocols:173 - Beregner fingerID for finger 63: 66910184482037901631156775480888828222
id: 66910184482037901631156775480888828222
lower: 66910184482037901621933403444034052414
upper: 121411138451101288395601026024677976156
Result (no wrap): true
2025-05-02 21:40:37 INFO  ChordProtocols:179 - Finger 63 peker n책 til: process5
2025-05-02 21:40:37 INFO  ChordProtocols:173 - Beregner fingerID for finger 64: 66910184482037901640380147517743604030
id: 66910184482037901640380147517743604030
lower: 66910184482037901621933403444034052414
upper: 121411138451101288395601026024677976156
Result (no wrap): true
2025-05-02 21:40:37 INFO  ChordProtocols:179 - Finger 64 peker n책 til: process5
2025-05-02 21:40:37 INFO  ChordProtocols:173 - Beregner fingerID for finger 65: 66910184482037901658826891591453155646
id: 66910184482037901658826891591453155646
lower: 66910184482037901621933403444034052414
upper: 121411138451101288395601026024677976156
Result (no wrap): true
2025-05-02 21:40:37 INFO  ChordProtocols:179 - Finger 65 peker n책 til: process5
2025-05-02 21:40:37 INFO  ChordProtocols:173 - Beregner fingerID for finger 66: 66910184482037901695720379738872258878
id: 66910184482037901695720379738872258878
lower: 66910184482037901621933403444034052414
upper: 121411138451101288395601026024677976156
Result (no wrap): true
2025-05-02 21:40:37 INFO  ChordProtocols:179 - Finger 66 peker n책 til: process5
2025-05-02 21:40:37 INFO  ChordProtocols:173 - Beregner fingerID for finger 67: 66910184482037901769507356033710465342
id: 66910184482037901769507356033710465342
lower: 66910184482037901621933403444034052414
upper: 121411138451101288395601026024677976156
Result (no wrap): true
2025-05-02 21:40:37 INFO  ChordProtocols:179 - Finger 67 peker n책 til: process5
2025-05-02 21:40:37 INFO  ChordProtocols:173 - Beregner fingerID for finger 68: 66910184482037901917081308623386878270
id: 66910184482037901917081308623386878270
lower: 66910184482037901621933403444034052414
upper: 121411138451101288395601026024677976156
Result (no wrap): true
2025-05-02 21:40:37 INFO  ChordProtocols:179 - Finger 68 peker n책 til: process5
2025-05-02 21:40:37 INFO  ChordProtocols:173 - Beregner fingerID for finger 69: 66910184482037902212229213802739704126
id: 66910184482037902212229213802739704126
lower: 66910184482037901621933403444034052414
upper: 121411138451101288395601026024677976156
Result (no wrap): true
2025-05-02 21:40:37 INFO  ChordProtocols:179 - Finger 69 peker n책 til: process5
2025-05-02 21:40:37 INFO  ChordProtocols:173 - Beregner fingerID for finger 70: 66910184482037902802525024161445355838
id: 66910184482037902802525024161445355838
lower: 66910184482037901621933403444034052414
upper: 121411138451101288395601026024677976156
Result (no wrap): true
2025-05-02 21:40:37 INFO  ChordProtocols:179 - Finger 70 peker n책 til: process5
2025-05-02 21:40:37 INFO  ChordProtocols:173 - Beregner fingerID for finger 71: 66910184482037903983116644878856659262
id: 66910184482037903983116644878856659262
lower: 66910184482037901621933403444034052414
upper: 121411138451101288395601026024677976156
Result (no wrap): true
2025-05-02 21:40:37 INFO  ChordProtocols:179 - Finger 71 peker n책 til: process5
2025-05-02 21:40:37 INFO  ChordProtocols:173 - Beregner fingerID for finger 72: 66910184482037906344299886313679266110
id: 66910184482037906344299886313679266110
lower: 66910184482037901621933403444034052414
upper: 121411138451101288395601026024677976156
Result (no wrap): true
2025-05-02 21:40:37 INFO  ChordProtocols:179 - Finger 72 peker n책 til: process5
2025-05-02 21:40:37 INFO  ChordProtocols:173 - Beregner fingerID for finger 73: 66910184482037911066666369183324479806
id: 66910184482037911066666369183324479806
lower: 66910184482037901621933403444034052414
upper: 121411138451101288395601026024677976156
Result (no wrap): true
2025-05-02 21:40:37 INFO  ChordProtocols:179 - Finger 73 peker n책 til: process5
2025-05-02 21:40:37 INFO  ChordProtocols:173 - Beregner fingerID for finger 74: 66910184482037920511399334922614907198
id: 66910184482037920511399334922614907198
lower: 66910184482037901621933403444034052414
upper: 121411138451101288395601026024677976156
Result (no wrap): true
2025-05-02 21:40:37 INFO  ChordProtocols:179 - Finger 74 peker n책 til: process5
2025-05-02 21:40:37 INFO  ChordProtocols:173 - Beregner fingerID for finger 75: 66910184482037939400865266401195761982
id: 66910184482037939400865266401195761982
lower: 66910184482037901621933403444034052414
upper: 121411138451101288395601026024677976156
Result (no wrap): true
2025-05-02 21:40:37 INFO  ChordProtocols:179 - Finger 75 peker n책 til: process5
2025-05-02 21:40:37 INFO  ChordProtocols:173 - Beregner fingerID for finger 76: 66910184482037977179797129358357471550
id: 66910184482037977179797129358357471550
lower: 66910184482037901621933403444034052414
upper: 121411138451101288395601026024677976156
Result (no wrap): true
2025-05-02 21:40:37 INFO  ChordProtocols:179 - Finger 76 peker n책 til: process5
2025-05-02 21:40:37 INFO  ChordProtocols:173 - Beregner fingerID for finger 77: 66910184482038052737660855272680890686
id: 66910184482038052737660855272680890686
lower: 66910184482037901621933403444034052414
upper: 121411138451101288395601026024677976156
Result (no wrap): true
2025-05-02 21:40:37 INFO  ChordProtocols:179 - Finger 77 peker n책 til: process5
2025-05-02 21:40:37 INFO  ChordProtocols:173 - Beregner fingerID for finger 78: 66910184482038203853388307101327728958
id: 66910184482038203853388307101327728958
lower: 66910184482037901621933403444034052414
upper: 121411138451101288395601026024677976156
Result (no wrap): true
2025-05-02 21:40:37 INFO  ChordProtocols:179 - Finger 78 peker n책 til: process5
2025-05-02 21:40:37 INFO  ChordProtocols:173 - Beregner fingerID for finger 79: 66910184482038506084843210758621405502
id: 66910184482038506084843210758621405502
lower: 66910184482037901621933403444034052414
upper: 121411138451101288395601026024677976156
Result (no wrap): true
2025-05-02 21:40:37 INFO  ChordProtocols:179 - Finger 79 peker n책 til: process5
2025-05-02 21:40:37 INFO  ChordProtocols:173 - Beregner fingerID for finger 80: 66910184482039110547753018073208758590
id: 66910184482039110547753018073208758590
lower: 66910184482037901621933403444034052414
upper: 121411138451101288395601026024677976156
Result (no wrap): true
2025-05-02 21:40:37 INFO  ChordProtocols:179 - Finger 80 peker n책 til: process5
2025-05-02 21:40:37 INFO  ChordProtocols:173 - Beregner fingerID for finger 81: 66910184482040319473572632702383464766
id: 66910184482040319473572632702383464766
lower: 66910184482037901621933403444034052414
upper: 121411138451101288395601026024677976156
Result (no wrap): true
2025-05-02 21:40:37 INFO  ChordProtocols:179 - Finger 81 peker n책 til: process5
2025-05-02 21:40:37 INFO  ChordProtocols:173 - Beregner fingerID for finger 82: 66910184482042737325211861960732877118
id: 66910184482042737325211861960732877118
lower: 66910184482037901621933403444034052414
upper: 121411138451101288395601026024677976156
Result (no wrap): true
2025-05-02 21:40:37 INFO  ChordProtocols:179 - Finger 82 peker n책 til: process5
2025-05-02 21:40:37 INFO  ChordProtocols:173 - Beregner fingerID for finger 83: 66910184482047573028490320477431701822
id: 66910184482047573028490320477431701822
lower: 66910184482037901621933403444034052414
upper: 121411138451101288395601026024677976156
Result (no wrap): true
2025-05-02 21:40:37 INFO  ChordProtocols:179 - Finger 83 peker n책 til: process5
2025-05-02 21:40:37 INFO  ChordProtocols:173 - Beregner fingerID for finger 84: 66910184482057244435047237510829351230
id: 66910184482057244435047237510829351230
lower: 66910184482037901621933403444034052414
upper: 121411138451101288395601026024677976156
Result (no wrap): true
2025-05-02 21:40:37 INFO  ChordProtocols:179 - Finger 84 peker n책 til: process5
2025-05-02 21:40:37 INFO  ChordProtocols:173 - Beregner fingerID for finger 85: 66910184482076587248161071577624650046
id: 66910184482076587248161071577624650046
lower: 66910184482037901621933403444034052414
upper: 121411138451101288395601026024677976156
Result (no wrap): true
2025-05-02 21:40:37 INFO  ChordProtocols:179 - Finger 85 peker n책 til: process5
2025-05-02 21:40:37 INFO  ChordProtocols:173 - Beregner fingerID for finger 86: 66910184482115272874388739711215247678
id: 66910184482115272874388739711215247678
lower: 66910184482037901621933403444034052414
upper: 121411138451101288395601026024677976156
Result (no wrap): true
2025-05-02 21:40:37 INFO  ChordProtocols:179 - Finger 86 peker n책 til: process5
2025-05-02 21:40:37 INFO  ChordProtocols:173 - Beregner fingerID for finger 87: 66910184482192644126844075978396442942
id: 66910184482192644126844075978396442942
lower: 66910184482037901621933403444034052414
upper: 121411138451101288395601026024677976156
Result (no wrap): true
2025-05-02 21:40:37 INFO  ChordProtocols:179 - Finger 87 peker n책 til: process5
2025-05-02 21:40:37 INFO  ChordProtocols:173 - Beregner fingerID for finger 88: 66910184482347386631754748512758833470
id: 66910184482347386631754748512758833470
lower: 66910184482037901621933403444034052414
upper: 121411138451101288395601026024677976156
Result (no wrap): true
2025-05-02 21:40:37 INFO  ChordProtocols:179 - Finger 88 peker n책 til: process5
2025-05-02 21:40:37 INFO  ChordProtocols:173 - Beregner fingerID for finger 89: 66910184482656871641576093581483614526
id: 66910184482656871641576093581483614526
lower: 66910184482037901621933403444034052414
upper: 121411138451101288395601026024677976156
Result (no wrap): true
2025-05-02 21:40:37 INFO  ChordProtocols:179 - Finger 89 peker n책 til: process5
2025-05-02 21:40:37 INFO  ChordProtocols:173 - Beregner fingerID for finger 90: 66910184483275841661218783718933176638
id: 66910184483275841661218783718933176638
lower: 66910184482037901621933403444034052414
upper: 121411138451101288395601026024677976156
Result (no wrap): true
2025-05-02 21:40:37 INFO  ChordProtocols:179 - Finger 90 peker n책 til: process5
2025-05-02 21:40:37 INFO  ChordProtocols:173 - Beregner fingerID for finger 91: 66910184484513781700504163993832300862
id: 66910184484513781700504163993832300862
lower: 66910184482037901621933403444034052414
upper: 121411138451101288395601026024677976156
Result (no wrap): true
2025-05-02 21:40:37 INFO  ChordProtocols:179 - Finger 91 peker n책 til: process5
2025-05-02 21:40:37 INFO  ChordProtocols:173 - Beregner fingerID for finger 92: 66910184486989661779074924543630549310
id: 66910184486989661779074924543630549310
lower: 66910184482037901621933403444034052414
upper: 121411138451101288395601026024677976156
Result (no wrap): true
2025-05-02 21:40:37 INFO  ChordProtocols:179 - Finger 92 peker n책 til: process5
2025-05-02 21:40:37 INFO  ChordProtocols:173 - Beregner fingerID for finger 93: 66910184491941421936216445643227046206
id: 66910184491941421936216445643227046206
lower: 66910184482037901621933403444034052414
upper: 121411138451101288395601026024677976156
Result (no wrap): true
2025-05-02 21:40:37 INFO  ChordProtocols:179 - Finger 93 peker n책 til: process5
2025-05-02 21:40:37 INFO  ChordProtocols:173 - Beregner fingerID for finger 94: 66910184501844942250499487842420039998
id: 66910184501844942250499487842420039998
lower: 66910184482037901621933403444034052414
upper: 121411138451101288395601026024677976156
Result (no wrap): true
2025-05-02 21:40:37 INFO  ChordProtocols:179 - Finger 94 peker n책 til: process5
2025-05-02 21:40:37 INFO  ChordProtocols:173 - Beregner fingerID for finger 95: 66910184521651982879065572240806027582
id: 66910184521651982879065572240806027582
lower: 66910184482037901621933403444034052414
upper: 121411138451101288395601026024677976156
Result (no wrap): true
2025-05-02 21:40:37 INFO  ChordProtocols:179 - Finger 95 peker n책 til: process5
2025-05-02 21:40:37 INFO  ChordProtocols:173 - Beregner fingerID for finger 96: 66910184561266064136197741037578002750
id: 66910184561266064136197741037578002750
lower: 66910184482037901621933403444034052414
upper: 121411138451101288395601026024677976156
Result (no wrap): true
2025-05-02 21:40:37 INFO  ChordProtocols:179 - Finger 96 peker n책 til: process5
2025-05-02 21:40:37 INFO  ChordProtocols:173 - Beregner fingerID for finger 97: 66910184640494226650462078631121953086
id: 66910184640494226650462078631121953086
lower: 66910184482037901621933403444034052414
upper: 121411138451101288395601026024677976156
Result (no wrap): true
2025-05-02 21:40:37 INFO  ChordProtocols:179 - Finger 97 peker n책 til: process5
2025-05-02 21:40:37 INFO  ChordProtocols:173 - Beregner fingerID for finger 98: 66910184798950551678990753818209853758
id: 66910184798950551678990753818209853758
lower: 66910184482037901621933403444034052414
upper: 121411138451101288395601026024677976156
Result (no wrap): true
2025-05-02 21:40:37 INFO  ChordProtocols:179 - Finger 98 peker n책 til: process5
2025-05-02 21:40:37 INFO  ChordProtocols:173 - Beregner fingerID for finger 99: 66910185115863201736048104192385655102
id: 66910185115863201736048104192385655102
lower: 66910184482037901621933403444034052414
upper: 121411138451101288395601026024677976156
Result (no wrap): true
2025-05-02 21:40:37 INFO  ChordProtocols:179 - Finger 99 peker n책 til: process5
2025-05-02 21:40:37 INFO  ChordProtocols:173 - Beregner fingerID for finger 100: 66910185749688501850162804940737257790
id: 66910185749688501850162804940737257790
lower: 66910184482037901621933403444034052414
upper: 121411138451101288395601026024677976156
Result (no wrap): true
2025-05-02 21:40:37 INFO  ChordProtocols:179 - Finger 100 peker n책 til: process5
2025-05-02 21:40:37 INFO  ChordProtocols:173 - Beregner fingerID for finger 101: 66910187017339102078392206437440463166
id: 66910187017339102078392206437440463166
lower: 66910184482037901621933403444034052414
upper: 121411138451101288395601026024677976156
Result (no wrap): true
2025-05-02 21:40:37 INFO  ChordProtocols:179 - Finger 101 peker n책 til: process5
2025-05-02 21:40:37 INFO  ChordProtocols:173 - Beregner fingerID for finger 102: 66910189552640302534851009430846873918
id: 66910189552640302534851009430846873918
lower: 66910184482037901621933403444034052414
upper: 121411138451101288395601026024677976156
Result (no wrap): true
2025-05-02 21:40:37 INFO  ChordProtocols:179 - Finger 102 peker n책 til: process5
2025-05-02 21:40:37 INFO  ChordProtocols:173 - Beregner fingerID for finger 103: 66910194623242703447768615417659695422
id: 66910194623242703447768615417659695422
lower: 66910184482037901621933403444034052414
upper: 121411138451101288395601026024677976156
Result (no wrap): true
2025-05-02 21:40:37 INFO  ChordProtocols:179 - Finger 103 peker n책 til: process5
2025-05-02 21:40:37 INFO  ChordProtocols:173 - Beregner fingerID for finger 104: 66910204764447505273603827391285338430
id: 66910204764447505273603827391285338430
lower: 66910184482037901621933403444034052414
upper: 121411138451101288395601026024677976156
Result (no wrap): true
2025-05-02 21:40:37 INFO  ChordProtocols:179 - Finger 104 peker n책 til: process5
2025-05-02 21:40:37 INFO  ChordProtocols:173 - Beregner fingerID for finger 105: 66910225046857108925274251338536624446
id: 66910225046857108925274251338536624446
lower: 66910184482037901621933403444034052414
upper: 121411138451101288395601026024677976156
Result (no wrap): true
2025-05-02 21:40:37 INFO  ChordProtocols:179 - Finger 105 peker n책 til: process5
2025-05-02 21:40:37 INFO  ChordProtocols:173 - Beregner fingerID for finger 106: 66910265611676316228615099233039196478
id: 66910265611676316228615099233039196478
lower: 66910184482037901621933403444034052414
upper: 121411138451101288395601026024677976156
Result (no wrap): true
2025-05-02 21:40:37 INFO  ChordProtocols:179 - Finger 106 peker n책 til: process5
2025-05-02 21:40:37 INFO  ChordProtocols:173 - Beregner fingerID for finger 107: 66910346741314730835296795022044340542
id: 66910346741314730835296795022044340542
lower: 66910184482037901621933403444034052414
upper: 121411138451101288395601026024677976156
Result (no wrap): true
2025-05-02 21:40:37 INFO  ChordProtocols:179 - Finger 107 peker n책 til: process5
2025-05-02 21:40:37 INFO  ChordProtocols:173 - Beregner fingerID for finger 108: 66910509000591560048660186600054628670
id: 66910509000591560048660186600054628670
lower: 66910184482037901621933403444034052414
upper: 121411138451101288395601026024677976156
Result (no wrap): true
2025-05-02 21:40:37 INFO  ChordProtocols:179 - Finger 108 peker n책 til: process5
2025-05-02 21:40:37 INFO  ChordProtocols:173 - Beregner fingerID for finger 109: 66910833519145218475386969756075204926
id: 66910833519145218475386969756075204926
lower: 66910184482037901621933403444034052414
upper: 121411138451101288395601026024677976156
Result (no wrap): true
2025-05-02 21:40:37 INFO  ChordProtocols:179 - Finger 109 peker n책 til: process5
2025-05-02 21:40:37 INFO  ChordProtocols:173 - Beregner fingerID for finger 110: 66911482556252535328840536068116357438
id: 66911482556252535328840536068116357438
lower: 66910184482037901621933403444034052414
upper: 121411138451101288395601026024677976156
Result (no wrap): true
2025-05-02 21:40:37 INFO  ChordProtocols:179 - Finger 110 peker n책 til: process5
2025-05-02 21:40:37 INFO  ChordProtocols:173 - Beregner fingerID for finger 111: 66912780630467169035747668692198662462
id: 66912780630467169035747668692198662462
lower: 66910184482037901621933403444034052414
upper: 121411138451101288395601026024677976156
Result (no wrap): true
2025-05-02 21:40:37 INFO  ChordProtocols:179 - Finger 111 peker n책 til: process5
2025-05-02 21:40:37 INFO  ChordProtocols:173 - Beregner fingerID for finger 112: 66915376778896436449561933940363272510
id: 66915376778896436449561933940363272510
lower: 66910184482037901621933403444034052414
upper: 121411138451101288395601026024677976156
Result (no wrap): true
2025-05-02 21:40:37 INFO  ChordProtocols:179 - Finger 112 peker n책 til: process5
2025-05-02 21:40:37 INFO  ChordProtocols:173 - Beregner fingerID for finger 113: 66920569075754971277190464436692492606
id: 66920569075754971277190464436692492606
lower: 66910184482037901621933403444034052414
upper: 121411138451101288395601026024677976156
Result (no wrap): true
2025-05-02 21:40:37 INFO  ChordProtocols:179 - Finger 113 peker n책 til: process5
2025-05-02 21:40:37 INFO  ChordProtocols:173 - Beregner fingerID for finger 114: 66930953669472040932447525429350932798
id: 66930953669472040932447525429350932798
lower: 66910184482037901621933403444034052414
upper: 121411138451101288395601026024677976156
Result (no wrap): true
2025-05-02 21:40:37 INFO  ChordProtocols:179 - Finger 114 peker n책 til: process5
2025-05-02 21:40:37 INFO  ChordProtocols:173 - Beregner fingerID for finger 115: 66951722856906180242961647414667813182
id: 66951722856906180242961647414667813182
lower: 66910184482037901621933403444034052414
upper: 121411138451101288395601026024677976156
Result (no wrap): true
2025-05-02 21:40:37 INFO  ChordProtocols:179 - Finger 115 peker n책 til: process5
2025-05-02 21:40:37 INFO  ChordProtocols:173 - Beregner fingerID for finger 116: 66993261231774458863989891385301573950
id: 66993261231774458863989891385301573950
lower: 66910184482037901621933403444034052414
upper: 121411138451101288395601026024677976156
Result (no wrap): true
2025-05-02 21:40:37 INFO  ChordProtocols:179 - Finger 116 peker n책 til: process5
2025-05-02 21:40:37 INFO  ChordProtocols:173 - Beregner fingerID for finger 117: 67076337981511016106046379326569095486
id: 67076337981511016106046379326569095486
lower: 66910184482037901621933403444034052414
upper: 121411138451101288395601026024677976156
Result (no wrap): true
2025-05-02 21:40:37 INFO  ChordProtocols:179 - Finger 117 peker n책 til: process5
2025-05-02 21:40:37 INFO  ChordProtocols:173 - Beregner fingerID for finger 118: 67242491480984130590159355209104138558
id: 67242491480984130590159355209104138558
lower: 66910184482037901621933403444034052414
upper: 121411138451101288395601026024677976156
Result (no wrap): true
2025-05-02 21:40:37 INFO  ChordProtocols:179 - Finger 118 peker n책 til: process5
2025-05-02 21:40:37 INFO  ChordProtocols:173 - Beregner fingerID for finger 119: 67574798479930359558385306974174224702
id: 67574798479930359558385306974174224702
lower: 66910184482037901621933403444034052414
upper: 121411138451101288395601026024677976156
Result (no wrap): true
2025-05-02 21:40:37 INFO  ChordProtocols:179 - Finger 119 peker n책 til: process5
2025-05-02 21:40:37 INFO  ChordProtocols:173 - Beregner fingerID for finger 120: 68239412477822817494837210504314396990
id: 68239412477822817494837210504314396990
lower: 66910184482037901621933403444034052414
upper: 121411138451101288395601026024677976156
Result (no wrap): true
2025-05-02 21:40:37 INFO  ChordProtocols:179 - Finger 120 peker n책 til: process5
2025-05-02 21:40:37 INFO  ChordProtocols:173 - Beregner fingerID for finger 121: 69568640473607733367741017564594741566
id: 69568640473607733367741017564594741566
lower: 66910184482037901621933403444034052414
upper: 121411138451101288395601026024677976156
Result (no wrap): true
2025-05-02 21:40:37 INFO  ChordProtocols:179 - Finger 121 peker n책 til: process5
2025-05-02 21:40:37 INFO  ChordProtocols:173 - Beregner fingerID for finger 122: 72227096465177565113548631685155430718
id: 72227096465177565113548631685155430718
lower: 66910184482037901621933403444034052414
upper: 121411138451101288395601026024677976156
Result (no wrap): true
2025-05-02 21:40:37 INFO  ChordProtocols:179 - Finger 122 peker n책 til: process5
2025-05-02 21:40:37 INFO  ChordProtocols:173 - Beregner fingerID for finger 123: 77544008448317228605163859926276809022
id: 77544008448317228605163859926276809022
lower: 66910184482037901621933403444034052414
upper: 121411138451101288395601026024677976156
Result (no wrap): true
2025-05-02 21:40:37 INFO  ChordProtocols:179 - Finger 123 peker n책 til: process5
2025-05-02 21:40:37 INFO  ChordProtocols:173 - Beregner fingerID for finger 124: 88177832414596555588394316408519565630
id: 88177832414596555588394316408519565630
lower: 66910184482037901621933403444034052414
upper: 121411138451101288395601026024677976156
Result (no wrap): true
2025-05-02 21:40:37 INFO  ChordProtocols:179 - Finger 124 peker n책 til: process5
2025-05-02 21:40:37 INFO  ChordProtocols:173 - Beregner fingerID for finger 125: 109445480347155209554855229373005078846
id: 109445480347155209554855229373005078846
lower: 66910184482037901621933403444034052414
upper: 121411138451101288395601026024677976156
Result (no wrap): true
2025-05-02 21:40:37 INFO  ChordProtocols:179 - Finger 125 peker n책 til: process5
2025-05-02 21:40:37 INFO  ChordProtocols:173 - Beregner fingerID for finger 126: 151980776212272517487777055301976105278
id: 151980776212272517487777055301976105278
lower: 66910184482037901621933403444034052414
upper: 121411138451101288395601026024677976156
Result (no wrap): false
id: 121411138451101288395601026024677976156
lower: 66910184482037901621933403444034052414
upper: 151980776212272517487777055301976105278
Result (no wrap): true
id: 151980776212272517487777055301976105278
lower: 121411138451101288395601026024677976156
upper: 210821560651360572675896360671414673172
Result (no wrap): true
2025-05-02 21:40:37 INFO  ChordProtocols:179 - Finger 126 peker n책 til: process4
2025-05-02 21:40:37 INFO  ChordProtocols:173 - Beregner fingerID for finger 127: 237051367942507133353620707159918158142
id: 237051367942507133353620707159918158142
lower: 66910184482037901621933403444034052414
upper: 121411138451101288395601026024677976156
Result (no wrap): false
id: 210821560651360572675896360671414673172
lower: 66910184482037901621933403444034052414
upper: 237051367942507133353620707159918158142
Result (no wrap): true
id: 237051367942507133353620707159918158142
lower: 210821560651360572675896360671414673172
upper: 15618062003214643351512781541041391612
Result (wrap): true
2025-05-02 21:40:37 INFO  ChordProtocols:179 - Finger 127 peker n책 til: process2
2025-05-02 21:40:37 INFO  StabilizationProtocols:60 - Checking the predecessor for Node: process3
==================================
Node Identifier = 66910184482037901621933403444034052414
Node IP address = process3
successor(process3) = process5
predecessor(process3) = process1
Current File keys for process3 => [66481538825926898419352978747807121875]
==================================
2025-05-02 21:40:37 INFO  StabilizationProtocols:130 - Updating the successor for Node: process4
id: 210821560651360572675896360671414673173
lower: 210821560651360572675896360671414673172
upper: 15618062003214643351512781541041391612
Result (wrap): true
2025-05-02 21:40:37 INFO  StabilizationProtocols:84 - Stabilizing ring from process4...
2025-05-02 21:40:37 INFO  StabilizationProtocols:91 - Stabilize ring: succnode = process2
id: 210821560651360572675896360671414673172
lower: 210821560651360572675896360671414673173
upper: 15618062003214643351512781541041391613
Result (wrap): false
2025-05-02 21:40:37 INFO  StabilizationProtocols:113 - Finished stabilizing chordring from process4
2025-05-02 21:40:37 INFO  ChordProtocols:159 - Oppdaterer FingerTable for Node: process4
2025-05-02 21:40:37 INFO  ChordProtocols:173 - Beregner fingerID for finger 0: 210821560651360572675896360671414673173
id: 210821560651360572675896360671414673173
lower: 210821560651360572675896360671414673172
upper: 15618062003214643351512781541041391612
Result (wrap): true
2025-05-02 21:40:37 INFO  ChordProtocols:179 - Finger 0 peker n책 til: process2
2025-05-02 21:40:37 INFO  ChordProtocols:173 - Beregner fingerID for finger 1: 210821560651360572675896360671414673174
id: 210821560651360572675896360671414673174
lower: 210821560651360572675896360671414673172
upper: 15618062003214643351512781541041391612
Result (wrap): true
2025-05-02 21:40:37 INFO  ChordProtocols:179 - Finger 1 peker n책 til: process2
2025-05-02 21:40:37 INFO  ChordProtocols:173 - Beregner fingerID for finger 2: 210821560651360572675896360671414673176
id: 210821560651360572675896360671414673176
lower: 210821560651360572675896360671414673172
upper: 15618062003214643351512781541041391612
Result (wrap): true
2025-05-02 21:40:37 INFO  ChordProtocols:179 - Finger 2 peker n책 til: process2
2025-05-02 21:40:37 INFO  ChordProtocols:173 - Beregner fingerID for finger 3: 210821560651360572675896360671414673180
id: 210821560651360572675896360671414673180
lower: 210821560651360572675896360671414673172
upper: 15618062003214643351512781541041391612
Result (wrap): true
2025-05-02 21:40:37 INFO  ChordProtocols:179 - Finger 3 peker n책 til: process2
2025-05-02 21:40:37 INFO  ChordProtocols:173 - Beregner fingerID for finger 4: 210821560651360572675896360671414673188
id: 210821560651360572675896360671414673188
lower: 210821560651360572675896360671414673172
upper: 15618062003214643351512781541041391612
Result (wrap): true
2025-05-02 21:40:37 INFO  ChordProtocols:179 - Finger 4 peker n책 til: process2
2025-05-02 21:40:37 INFO  ChordProtocols:173 - Beregner fingerID for finger 5: 210821560651360572675896360671414673204
id: 210821560651360572675896360671414673204
lower: 210821560651360572675896360671414673172
upper: 15618062003214643351512781541041391612
Result (wrap): true
2025-05-02 21:40:37 INFO  ChordProtocols:179 - Finger 5 peker n책 til: process2
2025-05-02 21:40:37 INFO  ChordProtocols:173 - Beregner fingerID for finger 6: 210821560651360572675896360671414673236
id: 210821560651360572675896360671414673236
lower: 210821560651360572675896360671414673172
upper: 15618062003214643351512781541041391612
Result (wrap): true
2025-05-02 21:40:37 INFO  ChordProtocols:179 - Finger 6 peker n책 til: process2
2025-05-02 21:40:37 INFO  ChordProtocols:173 - Beregner fingerID for finger 7: 210821560651360572675896360671414673300
id: 210821560651360572675896360671414673300
lower: 210821560651360572675896360671414673172
upper: 15618062003214643351512781541041391612
Result (wrap): true
2025-05-02 21:40:37 INFO  ChordProtocols:179 - Finger 7 peker n책 til: process2
2025-05-02 21:40:37 INFO  ChordProtocols:173 - Beregner fingerID for finger 8: 210821560651360572675896360671414673428
id: 210821560651360572675896360671414673428
lower: 210821560651360572675896360671414673172
upper: 15618062003214643351512781541041391612
Result (wrap): true
2025-05-02 21:40:37 INFO  ChordProtocols:179 - Finger 8 peker n책 til: process2
2025-05-02 21:40:37 INFO  ChordProtocols:173 - Beregner fingerID for finger 9: 210821560651360572675896360671414673684
id: 210821560651360572675896360671414673684
lower: 210821560651360572675896360671414673172
upper: 15618062003214643351512781541041391612
Result (wrap): true
2025-05-02 21:40:37 INFO  ChordProtocols:179 - Finger 9 peker n책 til: process2
2025-05-02 21:40:37 INFO  ChordProtocols:173 - Beregner fingerID for finger 10: 210821560651360572675896360671414674196
id: 210821560651360572675896360671414674196
lower: 210821560651360572675896360671414673172
upper: 15618062003214643351512781541041391612
Result (wrap): true
2025-05-02 21:40:37 INFO  ChordProtocols:179 - Finger 10 peker n책 til: process2
2025-05-02 21:40:37 INFO  ChordProtocols:173 - Beregner fingerID for finger 11: 210821560651360572675896360671414675220
id: 210821560651360572675896360671414675220
lower: 210821560651360572675896360671414673172
upper: 15618062003214643351512781541041391612
Result (wrap): true
2025-05-02 21:40:37 INFO  ChordProtocols:179 - Finger 11 peker n책 til: process2
2025-05-02 21:40:37 INFO  ChordProtocols:173 - Beregner fingerID for finger 12: 210821560651360572675896360671414677268
id: 210821560651360572675896360671414677268
lower: 210821560651360572675896360671414673172
upper: 15618062003214643351512781541041391612
Result (wrap): true
2025-05-02 21:40:37 INFO  ChordProtocols:179 - Finger 12 peker n책 til: process2
2025-05-02 21:40:37 INFO  ChordProtocols:173 - Beregner fingerID for finger 13: 210821560651360572675896360671414681364
id: 210821560651360572675896360671414681364
lower: 210821560651360572675896360671414673172
upper: 15618062003214643351512781541041391612
Result (wrap): true
2025-05-02 21:40:37 INFO  ChordProtocols:179 - Finger 13 peker n책 til: process2
2025-05-02 21:40:37 INFO  ChordProtocols:173 - Beregner fingerID for finger 14: 210821560651360572675896360671414689556
id: 210821560651360572675896360671414689556
lower: 210821560651360572675896360671414673172
upper: 15618062003214643351512781541041391612
Result (wrap): true
2025-05-02 21:40:37 INFO  ChordProtocols:179 - Finger 14 peker n책 til: process2
2025-05-02 21:40:37 INFO  ChordProtocols:173 - Beregner fingerID for finger 15: 210821560651360572675896360671414705940
id: 210821560651360572675896360671414705940
lower: 210821560651360572675896360671414673172
upper: 15618062003214643351512781541041391612
Result (wrap): true
2025-05-02 21:40:37 INFO  ChordProtocols:179 - Finger 15 peker n책 til: process2
2025-05-02 21:40:37 INFO  ChordProtocols:173 - Beregner fingerID for finger 16: 210821560651360572675896360671414738708
id: 210821560651360572675896360671414738708
lower: 210821560651360572675896360671414673172
upper: 15618062003214643351512781541041391612
Result (wrap): true
2025-05-02 21:40:37 INFO  ChordProtocols:179 - Finger 16 peker n책 til: process2
2025-05-02 21:40:37 INFO  ChordProtocols:173 - Beregner fingerID for finger 17: 210821560651360572675896360671414804244
id: 210821560651360572675896360671414804244
lower: 210821560651360572675896360671414673172
upper: 15618062003214643351512781541041391612
Result (wrap): true
2025-05-02 21:40:37 INFO  ChordProtocols:179 - Finger 17 peker n책 til: process2
2025-05-02 21:40:37 INFO  ChordProtocols:173 - Beregner fingerID for finger 18: 210821560651360572675896360671414935316
id: 210821560651360572675896360671414935316
lower: 210821560651360572675896360671414673172
upper: 15618062003214643351512781541041391612
Result (wrap): true
2025-05-02 21:40:37 INFO  ChordProtocols:179 - Finger 18 peker n책 til: process2
2025-05-02 21:40:37 INFO  ChordProtocols:173 - Beregner fingerID for finger 19: 210821560651360572675896360671415197460
id: 210821560651360572675896360671415197460
lower: 210821560651360572675896360671414673172
upper: 15618062003214643351512781541041391612
Result (wrap): true
2025-05-02 21:40:37 INFO  ChordProtocols:179 - Finger 19 peker n책 til: process2
2025-05-02 21:40:37 INFO  ChordProtocols:173 - Beregner fingerID for finger 20: 210821560651360572675896360671415721748
id: 210821560651360572675896360671415721748
lower: 210821560651360572675896360671414673172
upper: 15618062003214643351512781541041391612
Result (wrap): true
2025-05-02 21:40:37 INFO  ChordProtocols:179 - Finger 20 peker n책 til: process2
2025-05-02 21:40:37 INFO  ChordProtocols:173 - Beregner fingerID for finger 21: 210821560651360572675896360671416770324
id: 210821560651360572675896360671416770324
lower: 210821560651360572675896360671414673172
upper: 15618062003214643351512781541041391612
Result (wrap): true
2025-05-02 21:40:37 INFO  ChordProtocols:179 - Finger 21 peker n책 til: process2
2025-05-02 21:40:37 INFO  ChordProtocols:173 - Beregner fingerID for finger 22: 210821560651360572675896360671418867476
id: 210821560651360572675896360671418867476
lower: 210821560651360572675896360671414673172
upper: 15618062003214643351512781541041391612
Result (wrap): true
2025-05-02 21:40:37 INFO  ChordProtocols:179 - Finger 22 peker n책 til: process2
2025-05-02 21:40:37 INFO  ChordProtocols:173 - Beregner fingerID for finger 23: 210821560651360572675896360671423061780
id: 210821560651360572675896360671423061780
lower: 210821560651360572675896360671414673172
upper: 15618062003214643351512781541041391612
Result (wrap): true
2025-05-02 21:40:37 INFO  ChordProtocols:179 - Finger 23 peker n책 til: process2
2025-05-02 21:40:37 INFO  ChordProtocols:173 - Beregner fingerID for finger 24: 210821560651360572675896360671431450388
id: 210821560651360572675896360671431450388
lower: 210821560651360572675896360671414673172
upper: 15618062003214643351512781541041391612
Result (wrap): true
2025-05-02 21:40:37 INFO  ChordProtocols:179 - Finger 24 peker n책 til: process2
2025-05-02 21:40:37 INFO  ChordProtocols:173 - Beregner fingerID for finger 25: 210821560651360572675896360671448227604
id: 210821560651360572675896360671448227604
lower: 210821560651360572675896360671414673172
upper: 15618062003214643351512781541041391612
Result (wrap): true
2025-05-02 21:40:37 INFO  ChordProtocols:179 - Finger 25 peker n책 til: process2
2025-05-02 21:40:37 INFO  ChordProtocols:173 - Beregner fingerID for finger 26: 210821560651360572675896360671481782036
id: 210821560651360572675896360671481782036
lower: 210821560651360572675896360671414673172
upper: 15618062003214643351512781541041391612
Result (wrap): true
2025-05-02 21:40:37 INFO  ChordProtocols:179 - Finger 26 peker n책 til: process2
2025-05-02 21:40:37 INFO  ChordProtocols:173 - Beregner fingerID for finger 27: 210821560651360572675896360671548890900
id: 210821560651360572675896360671548890900
lower: 210821560651360572675896360671414673172
upper: 15618062003214643351512781541041391612
Result (wrap): true
2025-05-02 21:40:37 INFO  ChordProtocols:179 - Finger 27 peker n책 til: process2
2025-05-02 21:40:37 INFO  ChordProtocols:173 - Beregner fingerID for finger 28: 210821560651360572675896360671683108628
id: 210821560651360572675896360671683108628
lower: 210821560651360572675896360671414673172
upper: 15618062003214643351512781541041391612
Result (wrap): true
2025-05-02 21:40:37 INFO  ChordProtocols:179 - Finger 28 peker n책 til: process2
2025-05-02 21:40:37 INFO  ChordProtocols:173 - Beregner fingerID for finger 29: 210821560651360572675896360671951544084
id: 210821560651360572675896360671951544084
lower: 210821560651360572675896360671414673172
upper: 15618062003214643351512781541041391612
Result (wrap): true
2025-05-02 21:40:37 INFO  ChordProtocols:179 - Finger 29 peker n책 til: process2
2025-05-02 21:40:37 INFO  ChordProtocols:173 - Beregner fingerID for finger 30: 210821560651360572675896360672488414996
id: 210821560651360572675896360672488414996
lower: 210821560651360572675896360671414673172
upper: 15618062003214643351512781541041391612
Result (wrap): true
2025-05-02 21:40:37 INFO  ChordProtocols:179 - Finger 30 peker n책 til: process2
2025-05-02 21:40:37 INFO  ChordProtocols:173 - Beregner fingerID for finger 31: 210821560651360572675896360673562156820
id: 210821560651360572675896360673562156820
lower: 210821560651360572675896360671414673172
upper: 15618062003214643351512781541041391612
Result (wrap): true
2025-05-02 21:40:37 INFO  ChordProtocols:179 - Finger 31 peker n책 til: process2
2025-05-02 21:40:37 INFO  ChordProtocols:173 - Beregner fingerID for finger 32: 210821560651360572675896360675709640468
id: 210821560651360572675896360675709640468
lower: 210821560651360572675896360671414673172
upper: 15618062003214643351512781541041391612
Result (wrap): true
2025-05-02 21:40:37 INFO  ChordProtocols:179 - Finger 32 peker n책 til: process2
2025-05-02 21:40:37 INFO  ChordProtocols:173 - Beregner fingerID for finger 33: 210821560651360572675896360680004607764
id: 210821560651360572675896360680004607764
lower: 210821560651360572675896360671414673172
upper: 15618062003214643351512781541041391612
Result (wrap): true
2025-05-02 21:40:37 INFO  ChordProtocols:179 - Finger 33 peker n책 til: process2
2025-05-02 21:40:37 INFO  ChordProtocols:173 - Beregner fingerID for finger 34: 210821560651360572675896360688594542356
id: 210821560651360572675896360688594542356
lower: 210821560651360572675896360671414673172
upper: 15618062003214643351512781541041391612
Result (wrap): true
2025-05-02 21:40:37 INFO  ChordProtocols:179 - Finger 34 peker n책 til: process2
2025-05-02 21:40:37 INFO  ChordProtocols:173 - Beregner fingerID for finger 35: 210821560651360572675896360705774411540
id: 210821560651360572675896360705774411540
lower: 210821560651360572675896360671414673172
upper: 15618062003214643351512781541041391612
Result (wrap): true
2025-05-02 21:40:37 INFO  ChordProtocols:179 - Finger 35 peker n책 til: process2
2025-05-02 21:40:37 INFO  ChordProtocols:173 - Beregner fingerID for finger 36: 210821560651360572675896360740134149908
id: 210821560651360572675896360740134149908
lower: 210821560651360572675896360671414673172
upper: 15618062003214643351512781541041391612
Result (wrap): true
2025-05-02 21:40:37 INFO  ChordProtocols:179 - Finger 36 peker n책 til: process2
2025-05-02 21:40:37 INFO  ChordProtocols:173 - Beregner fingerID for finger 37: 210821560651360572675896360808853626644
id: 210821560651360572675896360808853626644
lower: 210821560651360572675896360671414673172
upper: 15618062003214643351512781541041391612
Result (wrap): true
2025-05-02 21:40:37 INFO  ChordProtocols:179 - Finger 37 peker n책 til: process2
2025-05-02 21:40:37 INFO  ChordProtocols:173 - Beregner fingerID for finger 38: 210821560651360572675896360946292580116
id: 210821560651360572675896360946292580116
lower: 210821560651360572675896360671414673172
upper: 15618062003214643351512781541041391612
Result (wrap): true
2025-05-02 21:40:37 INFO  ChordProtocols:179 - Finger 38 peker n책 til: process2
2025-05-02 21:40:37 INFO  ChordProtocols:173 - Beregner fingerID for finger 39: 210821560651360572675896361221170487060
id: 210821560651360572675896361221170487060
lower: 210821560651360572675896360671414673172
upper: 15618062003214643351512781541041391612
Result (wrap): true
2025-05-02 21:40:37 INFO  ChordProtocols:179 - Finger 39 peker n책 til: process2
2025-05-02 21:40:37 INFO  ChordProtocols:173 - Beregner fingerID for finger 40: 210821560651360572675896361770926300948
id: 210821560651360572675896361770926300948
lower: 210821560651360572675896360671414673172
upper: 15618062003214643351512781541041391612
Result (wrap): true
2025-05-02 21:40:37 INFO  ChordProtocols:179 - Finger 40 peker n책 til: process2
2025-05-02 21:40:37 INFO  ChordProtocols:173 - Beregner fingerID for finger 41: 210821560651360572675896362870437928724
id: 210821560651360572675896362870437928724
lower: 210821560651360572675896360671414673172
upper: 15618062003214643351512781541041391612
Result (wrap): true
2025-05-02 21:40:37 INFO  ChordProtocols:179 - Finger 41 peker n책 til: process2
2025-05-02 21:40:37 INFO  ChordProtocols:173 - Beregner fingerID for finger 42: 210821560651360572675896365069461184276
id: 210821560651360572675896365069461184276
lower: 210821560651360572675896360671414673172
upper: 15618062003214643351512781541041391612
Result (wrap): true
2025-05-02 21:40:37 INFO  ChordProtocols:179 - Finger 42 peker n책 til: process2
2025-05-02 21:40:37 INFO  ChordProtocols:173 - Beregner fingerID for finger 43: 210821560651360572675896369467507695380
id: 210821560651360572675896369467507695380
lower: 210821560651360572675896360671414673172
upper: 15618062003214643351512781541041391612
Result (wrap): true
2025-05-02 21:40:37 INFO  ChordProtocols:179 - Finger 43 peker n책 til: process2
2025-05-02 21:40:37 INFO  ChordProtocols:173 - Beregner fingerID for finger 44: 210821560651360572675896378263600717588
id: 210821560651360572675896378263600717588
lower: 210821560651360572675896360671414673172
upper: 15618062003214643351512781541041391612
Result (wrap): true
2025-05-02 21:40:37 INFO  ChordProtocols:179 - Finger 44 peker n책 til: process2
2025-05-02 21:40:37 INFO  ChordProtocols:173 - Beregner fingerID for finger 45: 210821560651360572675896395855786762004
id: 210821560651360572675896395855786762004
lower: 210821560651360572675896360671414673172
upper: 15618062003214643351512781541041391612
Result (wrap): true
2025-05-02 21:40:37 INFO  ChordProtocols:179 - Finger 45 peker n책 til: process2
2025-05-02 21:40:37 INFO  ChordProtocols:173 - Beregner fingerID for finger 46: 210821560651360572675896431040158850836
id: 210821560651360572675896431040158850836
lower: 210821560651360572675896360671414673172
upper: 15618062003214643351512781541041391612
Result (wrap): true
2025-05-02 21:40:37 INFO  ChordProtocols:179 - Finger 46 peker n책 til: process2
2025-05-02 21:40:37 INFO  ChordProtocols:173 - Beregner fingerID for finger 47: 210821560651360572675896501408903028500
id: 210821560651360572675896501408903028500
lower: 210821560651360572675896360671414673172
upper: 15618062003214643351512781541041391612
Result (wrap): true
2025-05-02 21:40:37 INFO  ChordProtocols:179 - Finger 47 peker n책 til: process2
2025-05-02 21:40:37 INFO  ChordProtocols:173 - Beregner fingerID for finger 48: 210821560651360572675896642146391383828
id: 210821560651360572675896642146391383828
lower: 210821560651360572675896360671414673172
upper: 15618062003214643351512781541041391612
Result (wrap): true
2025-05-02 21:40:37 INFO  ChordProtocols:179 - Finger 48 peker n책 til: process2
2025-05-02 21:40:37 INFO  ChordProtocols:173 - Beregner fingerID for finger 49: 210821560651360572675896923621368094484
id: 210821560651360572675896923621368094484
lower: 210821560651360572675896360671414673172
upper: 15618062003214643351512781541041391612
Result (wrap): true
2025-05-02 21:40:37 INFO  ChordProtocols:179 - Finger 49 peker n책 til: process2
2025-05-02 21:40:37 INFO  ChordProtocols:173 - Beregner fingerID for finger 50: 210821560651360572675897486571321515796
id: 210821560651360572675897486571321515796
lower: 210821560651360572675896360671414673172
upper: 15618062003214643351512781541041391612
Result (wrap): true
2025-05-02 21:40:37 INFO  ChordProtocols:179 - Finger 50 peker n책 til: process2
2025-05-02 21:40:37 INFO  ChordProtocols:173 - Beregner fingerID for finger 51: 210821560651360572675898612471228358420
id: 210821560651360572675898612471228358420
lower: 210821560651360572675896360671414673172
upper: 15618062003214643351512781541041391612
Result (wrap): true
2025-05-02 21:40:37 INFO  ChordProtocols:179 - Finger 51 peker n책 til: process2
2025-05-02 21:40:37 INFO  ChordProtocols:173 - Beregner fingerID for finger 52: 210821560651360572675900864271042043668
id: 210821560651360572675900864271042043668
lower: 210821560651360572675896360671414673172
upper: 15618062003214643351512781541041391612
Result (wrap): true
2025-05-02 21:40:37 INFO  ChordProtocols:179 - Finger 52 peker n책 til: process2
2025-05-02 21:40:37 INFO  ChordProtocols:173 - Beregner fingerID for finger 53: 210821560651360572675905367870669414164
id: 210821560651360572675905367870669414164
lower: 210821560651360572675896360671414673172
upper: 15618062003214643351512781541041391612
Result (wrap): true
2025-05-02 21:40:37 INFO  ChordProtocols:179 - Finger 53 peker n책 til: process2
2025-05-02 21:40:37 INFO  ChordProtocols:173 - Beregner fingerID for finger 54: 210821560651360572675914375069924155156
id: 210821560651360572675914375069924155156
lower: 210821560651360572675896360671414673172
upper: 15618062003214643351512781541041391612
Result (wrap): true
2025-05-02 21:40:37 INFO  ChordProtocols:179 - Finger 54 peker n책 til: process2
2025-05-02 21:40:37 INFO  ChordProtocols:173 - Beregner fingerID for finger 55: 210821560651360572675932389468433637140
id: 210821560651360572675932389468433637140
lower: 210821560651360572675896360671414673172
upper: 15618062003214643351512781541041391612
Result (wrap): true
2025-05-02 21:40:37 INFO  ChordProtocols:179 - Finger 55 peker n책 til: process2
2025-05-02 21:40:37 INFO  ChordProtocols:173 - Beregner fingerID for finger 56: 210821560651360572675968418265452601108
id: 210821560651360572675968418265452601108
lower: 210821560651360572675896360671414673172
upper: 15618062003214643351512781541041391612
Result (wrap): true
2025-05-02 21:40:37 INFO  ChordProtocols:179 - Finger 56 peker n책 til: process2
2025-05-02 21:40:37 INFO  ChordProtocols:173 - Beregner fingerID for finger 57: 210821560651360572676040475859490529044
id: 210821560651360572676040475859490529044
lower: 210821560651360572675896360671414673172
upper: 15618062003214643351512781541041391612
Result (wrap): true
2025-05-02 21:40:37 INFO  ChordProtocols:179 - Finger 57 peker n책 til: process2
2025-05-02 21:40:37 INFO  ChordProtocols:173 - Beregner fingerID for finger 58: 210821560651360572676184591047566384916
id: 210821560651360572676184591047566384916
lower: 210821560651360572675896360671414673172
upper: 15618062003214643351512781541041391612
Result (wrap): true
2025-05-02 21:40:37 INFO  ChordProtocols:179 - Finger 58 peker n책 til: process2
2025-05-02 21:40:37 INFO  ChordProtocols:173 - Beregner fingerID for finger 59: 210821560651360572676472821423718096660
id: 210821560651360572676472821423718096660
lower: 210821560651360572675896360671414673172
upper: 15618062003214643351512781541041391612
Result (wrap): true
2025-05-02 21:40:37 INFO  ChordProtocols:179 - Finger 59 peker n책 til: process2
2025-05-02 21:40:37 INFO  ChordProtocols:173 - Beregner fingerID for finger 60: 210821560651360572677049282176021520148
id: 210821560651360572677049282176021520148
lower: 210821560651360572675896360671414673172
upper: 15618062003214643351512781541041391612
Result (wrap): true
2025-05-02 21:40:37 INFO  ChordProtocols:179 - Finger 60 peker n책 til: process2
2025-05-02 21:40:37 INFO  ChordProtocols:173 - Beregner fingerID for finger 61: 210821560651360572678202203680628367124
id: 210821560651360572678202203680628367124
lower: 210821560651360572675896360671414673172
upper: 15618062003214643351512781541041391612
Result (wrap): true
2025-05-02 21:40:37 INFO  ChordProtocols:179 - Finger 61 peker n책 til: process2
2025-05-02 21:40:37 INFO  ChordProtocols:173 - Beregner fingerID for finger 62: 210821560651360572680508046689842061076
id: 210821560651360572680508046689842061076
lower: 210821560651360572675896360671414673172
upper: 15618062003214643351512781541041391612
Result (wrap): true
2025-05-02 21:40:37 INFO  ChordProtocols:179 - Finger 62 peker n책 til: process2
2025-05-02 21:40:37 INFO  ChordProtocols:173 - Beregner fingerID for finger 63: 210821560651360572685119732708269448980
id: 210821560651360572685119732708269448980
lower: 210821560651360572675896360671414673172
upper: 15618062003214643351512781541041391612
Result (wrap): true
2025-05-02 21:40:37 INFO  ChordProtocols:179 - Finger 63 peker n책 til: process2
2025-05-02 21:40:37 INFO  ChordProtocols:173 - Beregner fingerID for finger 64: 210821560651360572694343104745124224788
id: 210821560651360572694343104745124224788
lower: 210821560651360572675896360671414673172
upper: 15618062003214643351512781541041391612
Result (wrap): true
2025-05-02 21:40:37 INFO  ChordProtocols:179 - Finger 64 peker n책 til: process2
2025-05-02 21:40:37 INFO  ChordProtocols:173 - Beregner fingerID for finger 65: 210821560651360572712789848818833776404
id: 210821560651360572712789848818833776404
lower: 210821560651360572675896360671414673172
upper: 15618062003214643351512781541041391612
Result (wrap): true
2025-05-02 21:40:37 INFO  ChordProtocols:179 - Finger 65 peker n책 til: process2
2025-05-02 21:40:37 INFO  ChordProtocols:173 - Beregner fingerID for finger 66: 210821560651360572749683336966252879636
id: 210821560651360572749683336966252879636
lower: 210821560651360572675896360671414673172
upper: 15618062003214643351512781541041391612
Result (wrap): true
2025-05-02 21:40:37 INFO  ChordProtocols:179 - Finger 66 peker n책 til: process2
2025-05-02 21:40:37 INFO  ChordProtocols:173 - Beregner fingerID for finger 67: 210821560651360572823470313261091086100
id: 210821560651360572823470313261091086100
lower: 210821560651360572675896360671414673172
upper: 15618062003214643351512781541041391612
Result (wrap): true
2025-05-02 21:40:37 INFO  ChordProtocols:179 - Finger 67 peker n책 til: process2
2025-05-02 21:40:37 INFO  ChordProtocols:173 - Beregner fingerID for finger 68: 210821560651360572971044265850767499028
id: 210821560651360572971044265850767499028
lower: 210821560651360572675896360671414673172
upper: 15618062003214643351512781541041391612
Result (wrap): true
2025-05-02 21:40:37 INFO  ChordProtocols:179 - Finger 68 peker n책 til: process2
2025-05-02 21:40:37 INFO  ChordProtocols:173 - Beregner fingerID for finger 69: 210821560651360573266192171030120324884
id: 210821560651360573266192171030120324884
lower: 210821560651360572675896360671414673172
upper: 15618062003214643351512781541041391612
Result (wrap): true
2025-05-02 21:40:37 INFO  ChordProtocols:179 - Finger 69 peker n책 til: process2
2025-05-02 21:40:37 INFO  ChordProtocols:173 - Beregner fingerID for finger 70: 210821560651360573856487981388825976596
id: 210821560651360573856487981388825976596
lower: 210821560651360572675896360671414673172
upper: 15618062003214643351512781541041391612
Result (wrap): true
2025-05-02 21:40:37 INFO  ChordProtocols:179 - Finger 70 peker n책 til: process2
2025-05-02 21:40:37 INFO  ChordProtocols:173 - Beregner fingerID for finger 71: 210821560651360575037079602106237280020
id: 210821560651360575037079602106237280020
lower: 210821560651360572675896360671414673172
upper: 15618062003214643351512781541041391612
Result (wrap): true
2025-05-02 21:40:37 INFO  ChordProtocols:179 - Finger 71 peker n책 til: process2
2025-05-02 21:40:37 INFO  ChordProtocols:173 - Beregner fingerID for finger 72: 210821560651360577398262843541059886868
id: 210821560651360577398262843541059886868
lower: 210821560651360572675896360671414673172
upper: 15618062003214643351512781541041391612
Result (wrap): true
2025-05-02 21:40:37 INFO  ChordProtocols:179 - Finger 72 peker n책 til: process2
2025-05-02 21:40:37 INFO  ChordProtocols:173 - Beregner fingerID for finger 73: 210821560651360582120629326410705100564
id: 210821560651360582120629326410705100564
lower: 210821560651360572675896360671414673172
upper: 15618062003214643351512781541041391612
Result (wrap): true
2025-05-02 21:40:37 INFO  ChordProtocols:179 - Finger 73 peker n책 til: process2
2025-05-02 21:40:37 INFO  ChordProtocols:173 - Beregner fingerID for finger 74: 210821560651360591565362292149995527956
id: 210821560651360591565362292149995527956
lower: 210821560651360572675896360671414673172
upper: 15618062003214643351512781541041391612
Result (wrap): true
2025-05-02 21:40:37 INFO  ChordProtocols:179 - Finger 74 peker n책 til: process2
2025-05-02 21:40:37 INFO  ChordProtocols:173 - Beregner fingerID for finger 75: 210821560651360610454828223628576382740
id: 210821560651360610454828223628576382740
lower: 210821560651360572675896360671414673172
upper: 15618062003214643351512781541041391612
Result (wrap): true
2025-05-02 21:40:37 INFO  ChordProtocols:179 - Finger 75 peker n책 til: process2
2025-05-02 21:40:37 INFO  ChordProtocols:173 - Beregner fingerID for finger 76: 210821560651360648233760086585738092308
id: 210821560651360648233760086585738092308
lower: 210821560651360572675896360671414673172
upper: 15618062003214643351512781541041391612
Result (wrap): true
2025-05-02 21:40:37 INFO  ChordProtocols:179 - Finger 76 peker n책 til: process2
2025-05-02 21:40:37 INFO  ChordProtocols:173 - Beregner fingerID for finger 77: 210821560651360723791623812500061511444
id: 210821560651360723791623812500061511444
lower: 210821560651360572675896360671414673172
upper: 15618062003214643351512781541041391612
Result (wrap): true
2025-05-02 21:40:37 INFO  ChordProtocols:179 - Finger 77 peker n책 til: process2
2025-05-02 21:40:37 INFO  ChordProtocols:173 - Beregner fingerID for finger 78: 210821560651360874907351264328708349716
id: 210821560651360874907351264328708349716
lower: 210821560651360572675896360671414673172
upper: 15618062003214643351512781541041391612
Result (wrap): true
2025-05-02 21:40:37 INFO  ChordProtocols:179 - Finger 78 peker n책 til: process2
2025-05-02 21:40:37 INFO  ChordProtocols:173 - Beregner fingerID for finger 79: 210821560651361177138806167986002026260
id: 210821560651361177138806167986002026260
lower: 210821560651360572675896360671414673172
upper: 15618062003214643351512781541041391612
Result (wrap): true
2025-05-02 21:40:37 INFO  ChordProtocols:179 - Finger 79 peker n책 til: process2
2025-05-02 21:40:37 INFO  ChordProtocols:173 - Beregner fingerID for finger 80: 210821560651361781601715975300589379348
id: 210821560651361781601715975300589379348
lower: 210821560651360572675896360671414673172
upper: 15618062003214643351512781541041391612
Result (wrap): true
2025-05-02 21:40:37 INFO  ChordProtocols:179 - Finger 80 peker n책 til: process2
2025-05-02 21:40:37 INFO  ChordProtocols:173 - Beregner fingerID for finger 81: 210821560651362990527535589929764085524
id: 210821560651362990527535589929764085524
lower: 210821560651360572675896360671414673172
upper: 15618062003214643351512781541041391612
Result (wrap): true
2025-05-02 21:40:37 INFO  ChordProtocols:179 - Finger 81 peker n책 til: process2
2025-05-02 21:40:37 INFO  ChordProtocols:173 - Beregner fingerID for finger 82: 210821560651365408379174819188113497876
id: 210821560651365408379174819188113497876
lower: 210821560651360572675896360671414673172
upper: 15618062003214643351512781541041391612
Result (wrap): true
2025-05-02 21:40:37 INFO  ChordProtocols:179 - Finger 82 peker n책 til: process2
2025-05-02 21:40:37 INFO  ChordProtocols:173 - Beregner fingerID for finger 83: 210821560651370244082453277704812322580
id: 210821560651370244082453277704812322580
lower: 210821560651360572675896360671414673172
upper: 15618062003214643351512781541041391612
Result (wrap): true
2025-05-02 21:40:37 INFO  ChordProtocols:179 - Finger 83 peker n책 til: process2
2025-05-02 21:40:37 INFO  ChordProtocols:173 - Beregner fingerID for finger 84: 210821560651379915489010194738209971988
id: 210821560651379915489010194738209971988
lower: 210821560651360572675896360671414673172
upper: 15618062003214643351512781541041391612
Result (wrap): true
2025-05-02 21:40:37 INFO  ChordProtocols:179 - Finger 84 peker n책 til: process2
2025-05-02 21:40:37 INFO  ChordProtocols:173 - Beregner fingerID for finger 85: 210821560651399258302124028805005270804
id: 210821560651399258302124028805005270804
lower: 210821560651360572675896360671414673172
upper: 15618062003214643351512781541041391612
Result (wrap): true
2025-05-02 21:40:37 INFO  ChordProtocols:179 - Finger 85 peker n책 til: process2
2025-05-02 21:40:37 INFO  ChordProtocols:173 - Beregner fingerID for finger 86: 210821560651437943928351696938595868436
id: 210821560651437943928351696938595868436
lower: 210821560651360572675896360671414673172
upper: 15618062003214643351512781541041391612
Result (wrap): true
2025-05-02 21:40:37 INFO  ChordProtocols:179 - Finger 86 peker n책 til: process2
2025-05-02 21:40:37 INFO  ChordProtocols:173 - Beregner fingerID for finger 87: 210821560651515315180807033205777063700
id: 210821560651515315180807033205777063700
lower: 210821560651360572675896360671414673172
upper: 15618062003214643351512781541041391612
Result (wrap): true
2025-05-02 21:40:37 INFO  ChordProtocols:179 - Finger 87 peker n책 til: process2
2025-05-02 21:40:37 INFO  ChordProtocols:173 - Beregner fingerID for finger 88: 210821560651670057685717705740139454228
id: 210821560651670057685717705740139454228
lower: 210821560651360572675896360671414673172
upper: 15618062003214643351512781541041391612
Result (wrap): true
2025-05-02 21:40:37 INFO  ChordProtocols:179 - Finger 88 peker n책 til: process2
2025-05-02 21:40:37 INFO  ChordProtocols:173 - Beregner fingerID for finger 89: 210821560651979542695539050808864235284
id: 210821560651979542695539050808864235284
lower: 210821560651360572675896360671414673172
upper: 15618062003214643351512781541041391612
Result (wrap): true
2025-05-02 21:40:37 INFO  ChordProtocols:179 - Finger 89 peker n책 til: process2
2025-05-02 21:40:37 INFO  ChordProtocols:173 - Beregner fingerID for finger 90: 210821560652598512715181740946313797396
id: 210821560652598512715181740946313797396
lower: 210821560651360572675896360671414673172
upper: 15618062003214643351512781541041391612
Result (wrap): true
2025-05-02 21:40:37 INFO  ChordProtocols:179 - Finger 90 peker n책 til: process2
2025-05-02 21:40:37 INFO  ChordProtocols:173 - Beregner fingerID for finger 91: 210821560653836452754467121221212921620
id: 210821560653836452754467121221212921620
lower: 210821560651360572675896360671414673172
upper: 15618062003214643351512781541041391612
Result (wrap): true
2025-05-02 21:40:37 INFO  ChordProtocols:179 - Finger 91 peker n책 til: process2
2025-05-02 21:40:37 INFO  ChordProtocols:173 - Beregner fingerID for finger 92: 210821560656312332833037881771011170068
id: 210821560656312332833037881771011170068
lower: 210821560651360572675896360671414673172
upper: 15618062003214643351512781541041391612
Result (wrap): true
2025-05-02 21:40:37 INFO  ChordProtocols:179 - Finger 92 peker n책 til: process2
2025-05-02 21:40:37 INFO  ChordProtocols:173 - Beregner fingerID for finger 93: 210821560661264092990179402870607666964
id: 210821560661264092990179402870607666964
lower: 210821560651360572675896360671414673172
upper: 15618062003214643351512781541041391612
Result (wrap): true
2025-05-02 21:40:37 INFO  ChordProtocols:179 - Finger 93 peker n책 til: process2
2025-05-02 21:40:37 INFO  ChordProtocols:173 - Beregner fingerID for finger 94: 210821560671167613304462445069800660756
id: 210821560671167613304462445069800660756
lower: 210821560651360572675896360671414673172
upper: 15618062003214643351512781541041391612
Result (wrap): true
2025-05-02 21:40:37 INFO  ChordProtocols:179 - Finger 94 peker n책 til: process2
2025-05-02 21:40:37 INFO  ChordProtocols:173 - Beregner fingerID for finger 95: 210821560690974653933028529468186648340
id: 210821560690974653933028529468186648340
lower: 210821560651360572675896360671414673172
upper: 15618062003214643351512781541041391612
Result (wrap): true
2025-05-02 21:40:37 INFO  ChordProtocols:179 - Finger 95 peker n책 til: process2
2025-05-02 21:40:37 INFO  ChordProtocols:173 - Beregner fingerID for finger 96: 210821560730588735190160698264958623508
id: 210821560730588735190160698264958623508
lower: 210821560651360572675896360671414673172
upper: 15618062003214643351512781541041391612
Result (wrap): true
2025-05-02 21:40:37 INFO  ChordProtocols:179 - Finger 96 peker n책 til: process2
2025-05-02 21:40:37 INFO  ChordProtocols:173 - Beregner fingerID for finger 97: 210821560809816897704425035858502573844
id: 210821560809816897704425035858502573844
lower: 210821560651360572675896360671414673172
upper: 15618062003214643351512781541041391612
Result (wrap): true
2025-05-02 21:40:37 INFO  ChordProtocols:179 - Finger 97 peker n책 til: process2
2025-05-02 21:40:37 INFO  ChordProtocols:173 - Beregner fingerID for finger 98: 210821560968273222732953711045590474516
id: 210821560968273222732953711045590474516
lower: 210821560651360572675896360671414673172
upper: 15618062003214643351512781541041391612
Result (wrap): true
2025-05-02 21:40:37 INFO  ChordProtocols:179 - Finger 98 peker n책 til: process2
2025-05-02 21:40:37 INFO  ChordProtocols:173 - Beregner fingerID for finger 99: 210821561285185872790011061419766275860
id: 210821561285185872790011061419766275860
lower: 210821560651360572675896360671414673172
upper: 15618062003214643351512781541041391612
Result (wrap): true
2025-05-02 21:40:37 INFO  ChordProtocols:179 - Finger 99 peker n책 til: process2
2025-05-02 21:40:37 INFO  ChordProtocols:173 - Beregner fingerID for finger 100: 210821561919011172904125762168117878548
id: 210821561919011172904125762168117878548
lower: 210821560651360572675896360671414673172
upper: 15618062003214643351512781541041391612
Result (wrap): true
2025-05-02 21:40:37 INFO  ChordProtocols:179 - Finger 100 peker n책 til: process2
2025-05-02 21:40:37 INFO  ChordProtocols:173 - Beregner fingerID for finger 101: 210821563186661773132355163664821083924
id: 210821563186661773132355163664821083924
lower: 210821560651360572675896360671414673172
upper: 15618062003214643351512781541041391612
Result (wrap): true
2025-05-02 21:40:37 INFO  ChordProtocols:179 - Finger 101 peker n책 til: process2
2025-05-02 21:40:37 INFO  ChordProtocols:173 - Beregner fingerID for finger 102: 210821565721962973588813966658227494676
id: 210821565721962973588813966658227494676
lower: 210821560651360572675896360671414673172
upper: 15618062003214643351512781541041391612
Result (wrap): true
2025-05-02 21:40:37 INFO  ChordProtocols:179 - Finger 102 peker n책 til: process2
2025-05-02 21:40:37 INFO  ChordProtocols:173 - Beregner fingerID for finger 103: 210821570792565374501731572645040316180
id: 210821570792565374501731572645040316180
lower: 210821560651360572675896360671414673172
upper: 15618062003214643351512781541041391612
Result (wrap): true
2025-05-02 21:40:37 INFO  ChordProtocols:179 - Finger 103 peker n책 til: process2
2025-05-02 21:40:37 INFO  ChordProtocols:173 - Beregner fingerID for finger 104: 210821580933770176327566784618665959188
id: 210821580933770176327566784618665959188
lower: 210821560651360572675896360671414673172
upper: 15618062003214643351512781541041391612
Result (wrap): true
2025-05-02 21:40:37 INFO  ChordProtocols:179 - Finger 104 peker n책 til: process2
2025-05-02 21:40:37 INFO  ChordProtocols:173 - Beregner fingerID for finger 105: 210821601216179779979237208565917245204
id: 210821601216179779979237208565917245204
lower: 210821560651360572675896360671414673172
upper: 15618062003214643351512781541041391612
Result (wrap): true
2025-05-02 21:40:37 INFO  ChordProtocols:179 - Finger 105 peker n책 til: process2
2025-05-02 21:40:37 INFO  ChordProtocols:173 - Beregner fingerID for finger 106: 210821641780998987282578056460419817236
id: 210821641780998987282578056460419817236
lower: 210821560651360572675896360671414673172
upper: 15618062003214643351512781541041391612
Result (wrap): true
2025-05-02 21:40:37 INFO  ChordProtocols:179 - Finger 106 peker n책 til: process2
2025-05-02 21:40:37 INFO  ChordProtocols:173 - Beregner fingerID for finger 107: 210821722910637401889259752249424961300
id: 210821722910637401889259752249424961300
lower: 210821560651360572675896360671414673172
upper: 15618062003214643351512781541041391612
Result (wrap): true
2025-05-02 21:40:37 INFO  ChordProtocols:179 - Finger 107 peker n책 til: process2
2025-05-02 21:40:37 INFO  ChordProtocols:173 - Beregner fingerID for finger 108: 210821885169914231102623143827435249428
id: 210821885169914231102623143827435249428
lower: 210821560651360572675896360671414673172
upper: 15618062003214643351512781541041391612
Result (wrap): true
2025-05-02 21:40:37 INFO  ChordProtocols:179 - Finger 108 peker n책 til: process2
2025-05-02 21:40:37 INFO  ChordProtocols:173 - Beregner fingerID for finger 109: 210822209688467889529349926983455825684
id: 210822209688467889529349926983455825684
lower: 210821560651360572675896360671414673172
upper: 15618062003214643351512781541041391612
Result (wrap): true
2025-05-02 21:40:37 INFO  ChordProtocols:179 - Finger 109 peker n책 til: process2
2025-05-02 21:40:37 INFO  ChordProtocols:173 - Beregner fingerID for finger 110: 210822858725575206382803493295496978196
id: 210822858725575206382803493295496978196
lower: 210821560651360572675896360671414673172
upper: 15618062003214643351512781541041391612
Result (wrap): true
2025-05-02 21:40:37 INFO  ChordProtocols:179 - Finger 110 peker n책 til: process2
2025-05-02 21:40:37 INFO  ChordProtocols:173 - Beregner fingerID for finger 111: 210824156799789840089710625919579283220
id: 210824156799789840089710625919579283220
lower: 210821560651360572675896360671414673172
upper: 15618062003214643351512781541041391612
Result (wrap): true
2025-05-02 21:40:37 INFO  ChordProtocols:179 - Finger 111 peker n책 til: process2
2025-05-02 21:40:37 INFO  ChordProtocols:173 - Beregner fingerID for finger 112: 210826752948219107503524891167743893268
id: 210826752948219107503524891167743893268
lower: 210821560651360572675896360671414673172
upper: 15618062003214643351512781541041391612
Result (wrap): true
2025-05-02 21:40:37 INFO  ChordProtocols:179 - Finger 112 peker n책 til: process2
2025-05-02 21:40:37 INFO  ChordProtocols:173 - Beregner fingerID for finger 113: 210831945245077642331153421664073113364
id: 210831945245077642331153421664073113364
lower: 210821560651360572675896360671414673172
upper: 15618062003214643351512781541041391612
Result (wrap): true
2025-05-02 21:40:37 INFO  ChordProtocols:179 - Finger 113 peker n책 til: process2
2025-05-02 21:40:37 INFO  ChordProtocols:173 - Beregner fingerID for finger 114: 210842329838794711986410482656731553556
id: 210842329838794711986410482656731553556
lower: 210821560651360572675896360671414673172
upper: 15618062003214643351512781541041391612
Result (wrap): true
2025-05-02 21:40:37 INFO  ChordProtocols:179 - Finger 114 peker n책 til: process2
2025-05-02 21:40:37 INFO  ChordProtocols:173 - Beregner fingerID for finger 115: 210863099026228851296924604642048433940
id: 210863099026228851296924604642048433940
lower: 210821560651360572675896360671414673172
upper: 15618062003214643351512781541041391612
Result (wrap): true
2025-05-02 21:40:37 INFO  ChordProtocols:179 - Finger 115 peker n책 til: process2
2025-05-02 21:40:37 INFO  ChordProtocols:173 - Beregner fingerID for finger 116: 210904637401097129917952848612682194708
id: 210904637401097129917952848612682194708
lower: 210821560651360572675896360671414673172
upper: 15618062003214643351512781541041391612
Result (wrap): true
2025-05-02 21:40:37 INFO  ChordProtocols:179 - Finger 116 peker n책 til: process2
2025-05-02 21:40:37 INFO  ChordProtocols:173 - Beregner fingerID for finger 117: 210987714150833687160009336553949716244
id: 210987714150833687160009336553949716244
lower: 210821560651360572675896360671414673172
upper: 15618062003214643351512781541041391612
Result (wrap): true
2025-05-02 21:40:37 INFO  ChordProtocols:179 - Finger 117 peker n책 til: process2
2025-05-02 21:40:37 INFO  ChordProtocols:173 - Beregner fingerID for finger 118: 211153867650306801644122312436484759316
id: 211153867650306801644122312436484759316
lower: 210821560651360572675896360671414673172
upper: 15618062003214643351512781541041391612
Result (wrap): true
2025-05-02 21:40:37 INFO  ChordProtocols:179 - Finger 118 peker n책 til: process2
2025-05-02 21:40:37 INFO  ChordProtocols:173 - Beregner fingerID for finger 119: 211486174649253030612348264201554845460
id: 211486174649253030612348264201554845460
lower: 210821560651360572675896360671414673172
upper: 15618062003214643351512781541041391612
Result (wrap): true
2025-05-02 21:40:37 INFO  ChordProtocols:179 - Finger 119 peker n책 til: process2
2025-05-02 21:40:37 INFO  ChordProtocols:173 - Beregner fingerID for finger 120: 212150788647145488548800167731695017748
id: 212150788647145488548800167731695017748
lower: 210821560651360572675896360671414673172
upper: 15618062003214643351512781541041391612
Result (wrap): true
2025-05-02 21:40:37 INFO  ChordProtocols:179 - Finger 120 peker n책 til: process2
2025-05-02 21:40:37 INFO  ChordProtocols:173 - Beregner fingerID for finger 121: 213480016642930404421703974791975362324
id: 213480016642930404421703974791975362324
lower: 210821560651360572675896360671414673172
upper: 15618062003214643351512781541041391612
Result (wrap): true
2025-05-02 21:40:37 INFO  ChordProtocols:179 - Finger 121 peker n책 til: process2
2025-05-02 21:40:37 INFO  ChordProtocols:173 - Beregner fingerID for finger 122: 216138472634500236167511588912536051476
id: 216138472634500236167511588912536051476
lower: 210821560651360572675896360671414673172
upper: 15618062003214643351512781541041391612
Result (wrap): true
2025-05-02 21:40:37 INFO  ChordProtocols:179 - Finger 122 peker n책 til: process2
2025-05-02 21:40:37 INFO  ChordProtocols:173 - Beregner fingerID for finger 123: 221455384617639899659126817153657429780
id: 221455384617639899659126817153657429780
lower: 210821560651360572675896360671414673172
upper: 15618062003214643351512781541041391612
Result (wrap): true
2025-05-02 21:40:37 INFO  ChordProtocols:179 - Finger 123 peker n책 til: process2
2025-05-02 21:40:37 INFO  ChordProtocols:173 - Beregner fingerID for finger 124: 232089208583919226642357273635900186388
id: 232089208583919226642357273635900186388
lower: 210821560651360572675896360671414673172
upper: 15618062003214643351512781541041391612
Result (wrap): true
2025-05-02 21:40:37 INFO  ChordProtocols:179 - Finger 124 peker n책 til: process2
2025-05-02 21:40:37 INFO  ChordProtocols:173 - Beregner fingerID for finger 125: 253356856516477880608818186600385699604
id: 253356856516477880608818186600385699604
lower: 210821560651360572675896360671414673172
upper: 15618062003214643351512781541041391612
Result (wrap): true
2025-05-02 21:40:37 INFO  ChordProtocols:179 - Finger 125 peker n책 til: process2
2025-05-02 21:40:37 INFO  ChordProtocols:173 - Beregner fingerID for finger 126: 295892152381595188541740012529356726036
id: 295892152381595188541740012529356726036
lower: 210821560651360572675896360671414673172
upper: 15618062003214643351512781541041391612
Result (wrap): true
2025-05-02 21:40:37 INFO  ChordProtocols:179 - Finger 126 peker n책 til: process2
2025-05-02 21:40:37 INFO  ChordProtocols:173 - Beregner fingerID for finger 127: 40680377190891340944209056955530567444
id: 40680377190891340944209056955530567444
lower: 210821560651360572675896360671414673172
upper: 15618062003214643351512781541041391612
Result (wrap): false
id: 15618062003214643351512781541041391612
lower: 210821560651360572675896360671414673172
upper: 40680377190891340944209056955530567444
Result (wrap): true
id: 40680377190891340944209056955530567444
lower: 15618062003214643351512781541041391612
upper: 53937554629190552131995290006614509577
Result (no wrap): true
2025-05-02 21:40:37 INFO  ChordProtocols:179 - Finger 127 peker n책 til: process1
2025-05-02 21:40:37 INFO  StabilizationProtocols:60 - Checking the predecessor for Node: process4
==================================
Node Identifier = 210821560651360572675896360671414673172
Node IP address = process4
successor(process4) = process2
predecessor(process4) = process5
Current File keys for process4 => [179241403734895214076219526399432130488, 140065589670395970233963560630295105848, 127615430233524719490345743798572761786, 191558309544647931649133602766041063646, 136541484142652779330200457892076216958, 149037318589456997023767356092491379363]
==================================
2025-05-02 21:40:37 INFO  StabilizationProtocols:130 - Updating the successor for Node: process5
id: 121411138451101288395601026024677976157
lower: 121411138451101288395601026024677976156
upper: 210821560651360572675896360671414673172
Result (no wrap): true
2025-05-02 21:40:37 INFO  StabilizationProtocols:84 - Stabilizing ring from process5...
2025-05-02 21:40:37 INFO  StabilizationProtocols:91 - Stabilize ring: succnode = process4
id: 121411138451101288395601026024677976156
lower: 121411138451101288395601026024677976157
upper: 210821560651360572675896360671414673173
Result (no wrap): false
2025-05-02 21:40:37 INFO  StabilizationProtocols:113 - Finished stabilizing chordring from process5
2025-05-02 21:40:37 INFO  ChordProtocols:159 - Oppdaterer FingerTable for Node: process5
2025-05-02 21:40:37 INFO  ChordProtocols:173 - Beregner fingerID for finger 0: 121411138451101288395601026024677976157
id: 121411138451101288395601026024677976157
lower: 121411138451101288395601026024677976156
upper: 210821560651360572675896360671414673172
Result (no wrap): true
2025-05-02 21:40:37 INFO  ChordProtocols:179 - Finger 0 peker n책 til: process4
2025-05-02 21:40:37 INFO  ChordProtocols:173 - Beregner fingerID for finger 1: 121411138451101288395601026024677976158
id: 121411138451101288395601026024677976158
lower: 121411138451101288395601026024677976156
upper: 210821560651360572675896360671414673172
Result (no wrap): true
2025-05-02 21:40:37 INFO  ChordProtocols:179 - Finger 1 peker n책 til: process4
2025-05-02 21:40:37 INFO  ChordProtocols:173 - Beregner fingerID for finger 2: 121411138451101288395601026024677976160
id: 121411138451101288395601026024677976160
lower: 121411138451101288395601026024677976156
upper: 210821560651360572675896360671414673172
Result (no wrap): true
2025-05-02 21:40:37 INFO  ChordProtocols:179 - Finger 2 peker n책 til: process4
2025-05-02 21:40:37 INFO  ChordProtocols:173 - Beregner fingerID for finger 3: 121411138451101288395601026024677976164
id: 121411138451101288395601026024677976164
lower: 121411138451101288395601026024677976156
upper: 210821560651360572675896360671414673172
Result (no wrap): true
2025-05-02 21:40:37 INFO  ChordProtocols:179 - Finger 3 peker n책 til: process4
2025-05-02 21:40:37 INFO  ChordProtocols:173 - Beregner fingerID for finger 4: 121411138451101288395601026024677976172
id: 121411138451101288395601026024677976172
lower: 121411138451101288395601026024677976156
upper: 210821560651360572675896360671414673172
Result (no wrap): true
2025-05-02 21:40:37 INFO  ChordProtocols:179 - Finger 4 peker n책 til: process4
2025-05-02 21:40:37 INFO  ChordProtocols:173 - Beregner fingerID for finger 5: 121411138451101288395601026024677976188
id: 121411138451101288395601026024677976188
lower: 121411138451101288395601026024677976156
upper: 210821560651360572675896360671414673172
Result (no wrap): true
2025-05-02 21:40:37 INFO  ChordProtocols:179 - Finger 5 peker n책 til: process4
2025-05-02 21:40:37 INFO  ChordProtocols:173 - Beregner fingerID for finger 6: 121411138451101288395601026024677976220
id: 121411138451101288395601026024677976220
lower: 121411138451101288395601026024677976156
upper: 210821560651360572675896360671414673172
Result (no wrap): true
2025-05-02 21:40:37 INFO  ChordProtocols:179 - Finger 6 peker n책 til: process4
2025-05-02 21:40:37 INFO  ChordProtocols:173 - Beregner fingerID for finger 7: 121411138451101288395601026024677976284
id: 121411138451101288395601026024677976284
lower: 121411138451101288395601026024677976156
upper: 210821560651360572675896360671414673172
Result (no wrap): true
2025-05-02 21:40:37 INFO  ChordProtocols:179 - Finger 7 peker n책 til: process4
2025-05-02 21:40:37 INFO  ChordProtocols:173 - Beregner fingerID for finger 8: 121411138451101288395601026024677976412
id: 121411138451101288395601026024677976412
lower: 121411138451101288395601026024677976156
upper: 210821560651360572675896360671414673172
Result (no wrap): true
2025-05-02 21:40:37 INFO  ChordProtocols:179 - Finger 8 peker n책 til: process4
2025-05-02 21:40:37 INFO  ChordProtocols:173 - Beregner fingerID for finger 9: 121411138451101288395601026024677976668
id: 121411138451101288395601026024677976668
lower: 121411138451101288395601026024677976156
upper: 210821560651360572675896360671414673172
Result (no wrap): true
2025-05-02 21:40:37 INFO  ChordProtocols:179 - Finger 9 peker n책 til: process4
2025-05-02 21:40:37 INFO  ChordProtocols:173 - Beregner fingerID for finger 10: 121411138451101288395601026024677977180
id: 121411138451101288395601026024677977180
lower: 121411138451101288395601026024677976156
upper: 210821560651360572675896360671414673172
Result (no wrap): true
2025-05-02 21:40:37 INFO  ChordProtocols:179 - Finger 10 peker n책 til: process4
2025-05-02 21:40:37 INFO  ChordProtocols:173 - Beregner fingerID for finger 11: 121411138451101288395601026024677978204
id: 121411138451101288395601026024677978204
lower: 121411138451101288395601026024677976156
upper: 210821560651360572675896360671414673172
Result (no wrap): true
2025-05-02 21:40:37 INFO  ChordProtocols:179 - Finger 11 peker n책 til: process4
2025-05-02 21:40:37 INFO  ChordProtocols:173 - Beregner fingerID for finger 12: 121411138451101288395601026024677980252
id: 121411138451101288395601026024677980252
lower: 121411138451101288395601026024677976156
upper: 210821560651360572675896360671414673172
Result (no wrap): true
2025-05-02 21:40:37 INFO  ChordProtocols:179 - Finger 12 peker n책 til: process4
2025-05-02 21:40:37 INFO  ChordProtocols:173 - Beregner fingerID for finger 13: 121411138451101288395601026024677984348
id: 121411138451101288395601026024677984348
lower: 121411138451101288395601026024677976156
upper: 210821560651360572675896360671414673172
Result (no wrap): true
2025-05-02 21:40:37 INFO  ChordProtocols:179 - Finger 13 peker n책 til: process4
2025-05-02 21:40:37 INFO  ChordProtocols:173 - Beregner fingerID for finger 14: 121411138451101288395601026024677992540
id: 121411138451101288395601026024677992540
lower: 121411138451101288395601026024677976156
upper: 210821560651360572675896360671414673172
Result (no wrap): true
2025-05-02 21:40:37 INFO  ChordProtocols:179 - Finger 14 peker n책 til: process4
2025-05-02 21:40:37 INFO  ChordProtocols:173 - Beregner fingerID for finger 15: 121411138451101288395601026024678008924
id: 121411138451101288395601026024678008924
lower: 121411138451101288395601026024677976156
upper: 210821560651360572675896360671414673172
Result (no wrap): true
2025-05-02 21:40:37 INFO  ChordProtocols:179 - Finger 15 peker n책 til: process4
2025-05-02 21:40:37 INFO  ChordProtocols:173 - Beregner fingerID for finger 16: 121411138451101288395601026024678041692
id: 121411138451101288395601026024678041692
lower: 121411138451101288395601026024677976156
upper: 210821560651360572675896360671414673172
Result (no wrap): true
2025-05-02 21:40:37 INFO  ChordProtocols:179 - Finger 16 peker n책 til: process4
2025-05-02 21:40:37 INFO  ChordProtocols:173 - Beregner fingerID for finger 17: 121411138451101288395601026024678107228
id: 121411138451101288395601026024678107228
lower: 121411138451101288395601026024677976156
upper: 210821560651360572675896360671414673172
Result (no wrap): true
2025-05-02 21:40:37 INFO  ChordProtocols:179 - Finger 17 peker n책 til: process4
2025-05-02 21:40:37 INFO  ChordProtocols:173 - Beregner fingerID for finger 18: 121411138451101288395601026024678238300
id: 121411138451101288395601026024678238300
lower: 121411138451101288395601026024677976156
upper: 210821560651360572675896360671414673172
Result (no wrap): true
2025-05-02 21:40:37 INFO  ChordProtocols:179 - Finger 18 peker n책 til: process4
2025-05-02 21:40:37 INFO  ChordProtocols:173 - Beregner fingerID for finger 19: 121411138451101288395601026024678500444
id: 121411138451101288395601026024678500444
lower: 121411138451101288395601026024677976156
upper: 210821560651360572675896360671414673172
Result (no wrap): true
2025-05-02 21:40:37 INFO  ChordProtocols:179 - Finger 19 peker n책 til: process4
2025-05-02 21:40:37 INFO  ChordProtocols:173 - Beregner fingerID for finger 20: 121411138451101288395601026024679024732
id: 121411138451101288395601026024679024732
lower: 121411138451101288395601026024677976156
upper: 210821560651360572675896360671414673172
Result (no wrap): true
2025-05-02 21:40:37 INFO  ChordProtocols:179 - Finger 20 peker n책 til: process4
2025-05-02 21:40:37 INFO  ChordProtocols:173 - Beregner fingerID for finger 21: 121411138451101288395601026024680073308
id: 121411138451101288395601026024680073308
lower: 121411138451101288395601026024677976156
upper: 210821560651360572675896360671414673172
Result (no wrap): true
2025-05-02 21:40:37 INFO  ChordProtocols:179 - Finger 21 peker n책 til: process4
2025-05-02 21:40:37 INFO  ChordProtocols:173 - Beregner fingerID for finger 22: 121411138451101288395601026024682170460
id: 121411138451101288395601026024682170460
lower: 121411138451101288395601026024677976156
upper: 210821560651360572675896360671414673172
Result (no wrap): true
2025-05-02 21:40:37 INFO  ChordProtocols:179 - Finger 22 peker n책 til: process4
2025-05-02 21:40:37 INFO  ChordProtocols:173 - Beregner fingerID for finger 23: 121411138451101288395601026024686364764
id: 121411138451101288395601026024686364764
lower: 121411138451101288395601026024677976156
upper: 210821560651360572675896360671414673172
Result (no wrap): true
2025-05-02 21:40:37 INFO  ChordProtocols:179 - Finger 23 peker n책 til: process4
2025-05-02 21:40:37 INFO  ChordProtocols:173 - Beregner fingerID for finger 24: 121411138451101288395601026024694753372
id: 121411138451101288395601026024694753372
lower: 121411138451101288395601026024677976156
upper: 210821560651360572675896360671414673172
Result (no wrap): true
2025-05-02 21:40:37 INFO  ChordProtocols:179 - Finger 24 peker n책 til: process4
2025-05-02 21:40:37 INFO  ChordProtocols:173 - Beregner fingerID for finger 25: 121411138451101288395601026024711530588
id: 121411138451101288395601026024711530588
lower: 121411138451101288395601026024677976156
upper: 210821560651360572675896360671414673172
Result (no wrap): true
2025-05-02 21:40:37 INFO  ChordProtocols:179 - Finger 25 peker n책 til: process4
2025-05-02 21:40:37 INFO  ChordProtocols:173 - Beregner fingerID for finger 26: 121411138451101288395601026024745085020
id: 121411138451101288395601026024745085020
lower: 121411138451101288395601026024677976156
upper: 210821560651360572675896360671414673172
Result (no wrap): true
2025-05-02 21:40:37 INFO  ChordProtocols:179 - Finger 26 peker n책 til: process4
2025-05-02 21:40:37 INFO  ChordProtocols:173 - Beregner fingerID for finger 27: 121411138451101288395601026024812193884
id: 121411138451101288395601026024812193884
lower: 121411138451101288395601026024677976156
upper: 210821560651360572675896360671414673172
Result (no wrap): true
2025-05-02 21:40:37 INFO  ChordProtocols:179 - Finger 27 peker n책 til: process4
2025-05-02 21:40:37 INFO  ChordProtocols:173 - Beregner fingerID for finger 28: 121411138451101288395601026024946411612
id: 121411138451101288395601026024946411612
lower: 121411138451101288395601026024677976156
upper: 210821560651360572675896360671414673172
Result (no wrap): true
2025-05-02 21:40:37 INFO  ChordProtocols:179 - Finger 28 peker n책 til: process4
2025-05-02 21:40:37 INFO  ChordProtocols:173 - Beregner fingerID for finger 29: 121411138451101288395601026025214847068
id: 121411138451101288395601026025214847068
lower: 121411138451101288395601026024677976156
upper: 210821560651360572675896360671414673172
Result (no wrap): true
2025-05-02 21:40:37 INFO  ChordProtocols:179 - Finger 29 peker n책 til: process4
2025-05-02 21:40:37 INFO  ChordProtocols:173 - Beregner fingerID for finger 30: 121411138451101288395601026025751717980
id: 121411138451101288395601026025751717980
lower: 121411138451101288395601026024677976156
upper: 210821560651360572675896360671414673172
Result (no wrap): true
2025-05-02 21:40:37 INFO  ChordProtocols:179 - Finger 30 peker n책 til: process4
2025-05-02 21:40:37 INFO  ChordProtocols:173 - Beregner fingerID for finger 31: 121411138451101288395601026026825459804
id: 121411138451101288395601026026825459804
lower: 121411138451101288395601026024677976156
upper: 210821560651360572675896360671414673172
Result (no wrap): true
2025-05-02 21:40:37 INFO  ChordProtocols:179 - Finger 31 peker n책 til: process4
2025-05-02 21:40:37 INFO  ChordProtocols:173 - Beregner fingerID for finger 32: 121411138451101288395601026028972943452
id: 121411138451101288395601026028972943452
lower: 121411138451101288395601026024677976156
upper: 210821560651360572675896360671414673172
Result (no wrap): true
2025-05-02 21:40:37 INFO  ChordProtocols:179 - Finger 32 peker n책 til: process4
2025-05-02 21:40:37 INFO  ChordProtocols:173 - Beregner fingerID for finger 33: 121411138451101288395601026033267910748
id: 121411138451101288395601026033267910748
lower: 121411138451101288395601026024677976156
upper: 210821560651360572675896360671414673172
Result (no wrap): true
2025-05-02 21:40:37 INFO  ChordProtocols:179 - Finger 33 peker n책 til: process4
2025-05-02 21:40:37 INFO  ChordProtocols:173 - Beregner fingerID for finger 34: 121411138451101288395601026041857845340
id: 121411138451101288395601026041857845340
lower: 121411138451101288395601026024677976156
upper: 210821560651360572675896360671414673172
Result (no wrap): true
2025-05-02 21:40:37 INFO  ChordProtocols:179 - Finger 34 peker n책 til: process4
2025-05-02 21:40:37 INFO  ChordProtocols:173 - Beregner fingerID for finger 35: 121411138451101288395601026059037714524
id: 121411138451101288395601026059037714524
lower: 121411138451101288395601026024677976156
upper: 210821560651360572675896360671414673172
Result (no wrap): true
2025-05-02 21:40:37 INFO  ChordProtocols:179 - Finger 35 peker n책 til: process4
2025-05-02 21:40:37 INFO  ChordProtocols:173 - Beregner fingerID for finger 36: 121411138451101288395601026093397452892
id: 121411138451101288395601026093397452892
lower: 121411138451101288395601026024677976156
upper: 210821560651360572675896360671414673172
Result (no wrap): true
2025-05-02 21:40:37 INFO  ChordProtocols:179 - Finger 36 peker n책 til: process4
2025-05-02 21:40:37 INFO  ChordProtocols:173 - Beregner fingerID for finger 37: 121411138451101288395601026162116929628
id: 121411138451101288395601026162116929628
lower: 121411138451101288395601026024677976156
upper: 210821560651360572675896360671414673172
Result (no wrap): true
2025-05-02 21:40:37 INFO  ChordProtocols:179 - Finger 37 peker n책 til: process4
2025-05-02 21:40:37 INFO  ChordProtocols:173 - Beregner fingerID for finger 38: 121411138451101288395601026299555883100
id: 121411138451101288395601026299555883100
lower: 121411138451101288395601026024677976156
upper: 210821560651360572675896360671414673172
Result (no wrap): true
2025-05-02 21:40:37 INFO  ChordProtocols:179 - Finger 38 peker n책 til: process4
2025-05-02 21:40:37 INFO  ChordProtocols:173 - Beregner fingerID for finger 39: 121411138451101288395601026574433790044
id: 121411138451101288395601026574433790044
lower: 121411138451101288395601026024677976156
upper: 210821560651360572675896360671414673172
Result (no wrap): true
2025-05-02 21:40:37 INFO  ChordProtocols:179 - Finger 39 peker n책 til: process4
2025-05-02 21:40:37 INFO  ChordProtocols:173 - Beregner fingerID for finger 40: 121411138451101288395601027124189603932
id: 121411138451101288395601027124189603932
lower: 121411138451101288395601026024677976156
upper: 210821560651360572675896360671414673172
Result (no wrap): true
2025-05-02 21:40:37 INFO  ChordProtocols:179 - Finger 40 peker n책 til: process4
2025-05-02 21:40:37 INFO  ChordProtocols:173 - Beregner fingerID for finger 41: 121411138451101288395601028223701231708
id: 121411138451101288395601028223701231708
lower: 121411138451101288395601026024677976156
upper: 210821560651360572675896360671414673172
Result (no wrap): true
2025-05-02 21:40:37 INFO  ChordProtocols:179 - Finger 41 peker n책 til: process4
2025-05-02 21:40:37 INFO  ChordProtocols:173 - Beregner fingerID for finger 42: 121411138451101288395601030422724487260
id: 121411138451101288395601030422724487260
lower: 121411138451101288395601026024677976156
upper: 210821560651360572675896360671414673172
Result (no wrap): true
2025-05-02 21:40:37 INFO  ChordProtocols:179 - Finger 42 peker n책 til: process4
2025-05-02 21:40:37 INFO  ChordProtocols:173 - Beregner fingerID for finger 43: 121411138451101288395601034820770998364
id: 121411138451101288395601034820770998364
lower: 121411138451101288395601026024677976156
upper: 210821560651360572675896360671414673172
Result (no wrap): true
2025-05-02 21:40:37 INFO  ChordProtocols:179 - Finger 43 peker n책 til: process4
2025-05-02 21:40:37 INFO  ChordProtocols:173 - Beregner fingerID for finger 44: 121411138451101288395601043616864020572
id: 121411138451101288395601043616864020572
lower: 121411138451101288395601026024677976156
upper: 210821560651360572675896360671414673172
Result (no wrap): true
2025-05-02 21:40:37 INFO  ChordProtocols:179 - Finger 44 peker n책 til: process4
2025-05-02 21:40:37 INFO  ChordProtocols:173 - Beregner fingerID for finger 45: 121411138451101288395601061209050064988
id: 121411138451101288395601061209050064988
lower: 121411138451101288395601026024677976156
upper: 210821560651360572675896360671414673172
Result (no wrap): true
2025-05-02 21:40:37 INFO  ChordProtocols:179 - Finger 45 peker n책 til: process4
2025-05-02 21:40:37 INFO  ChordProtocols:173 - Beregner fingerID for finger 46: 121411138451101288395601096393422153820
id: 121411138451101288395601096393422153820
lower: 121411138451101288395601026024677976156
upper: 210821560651360572675896360671414673172
Result (no wrap): true
2025-05-02 21:40:37 INFO  ChordProtocols:179 - Finger 46 peker n책 til: process4
2025-05-02 21:40:37 INFO  ChordProtocols:173 - Beregner fingerID for finger 47: 121411138451101288395601166762166331484
id: 121411138451101288395601166762166331484
lower: 121411138451101288395601026024677976156
upper: 210821560651360572675896360671414673172
Result (no wrap): true
2025-05-02 21:40:37 INFO  ChordProtocols:179 - Finger 47 peker n책 til: process4
2025-05-02 21:40:37 INFO  ChordProtocols:173 - Beregner fingerID for finger 48: 121411138451101288395601307499654686812
id: 121411138451101288395601307499654686812
lower: 121411138451101288395601026024677976156
upper: 210821560651360572675896360671414673172
Result (no wrap): true
2025-05-02 21:40:37 INFO  ChordProtocols:179 - Finger 48 peker n책 til: process4
2025-05-02 21:40:37 INFO  ChordProtocols:173 - Beregner fingerID for finger 49: 121411138451101288395601588974631397468
id: 121411138451101288395601588974631397468
lower: 121411138451101288395601026024677976156
upper: 210821560651360572675896360671414673172
Result (no wrap): true
2025-05-02 21:40:37 INFO  ChordProtocols:179 - Finger 49 peker n책 til: process4
2025-05-02 21:40:37 INFO  ChordProtocols:173 - Beregner fingerID for finger 50: 121411138451101288395602151924584818780
id: 121411138451101288395602151924584818780
lower: 121411138451101288395601026024677976156
upper: 210821560651360572675896360671414673172
Result (no wrap): true
2025-05-02 21:40:37 INFO  ChordProtocols:179 - Finger 50 peker n책 til: process4
2025-05-02 21:40:37 INFO  ChordProtocols:173 - Beregner fingerID for finger 51: 121411138451101288395603277824491661404
id: 121411138451101288395603277824491661404
lower: 121411138451101288395601026024677976156
upper: 210821560651360572675896360671414673172
Result (no wrap): true
2025-05-02 21:40:37 INFO  ChordProtocols:179 - Finger 51 peker n책 til: process4
2025-05-02 21:40:37 INFO  ChordProtocols:173 - Beregner fingerID for finger 52: 121411138451101288395605529624305346652
id: 121411138451101288395605529624305346652
lower: 121411138451101288395601026024677976156
upper: 210821560651360572675896360671414673172
Result (no wrap): true
2025-05-02 21:40:37 INFO  ChordProtocols:179 - Finger 52 peker n책 til: process4
2025-05-02 21:40:37 INFO  ChordProtocols:173 - Beregner fingerID for finger 53: 121411138451101288395610033223932717148
id: 121411138451101288395610033223932717148
lower: 121411138451101288395601026024677976156
upper: 210821560651360572675896360671414673172
Result (no wrap): true
2025-05-02 21:40:37 INFO  ChordProtocols:179 - Finger 53 peker n책 til: process4
2025-05-02 21:40:37 INFO  ChordProtocols:173 - Beregner fingerID for finger 54: 121411138451101288395619040423187458140
id: 121411138451101288395619040423187458140
lower: 121411138451101288395601026024677976156
upper: 210821560651360572675896360671414673172
Result (no wrap): true
2025-05-02 21:40:37 INFO  ChordProtocols:179 - Finger 54 peker n책 til: process4
2025-05-02 21:40:37 INFO  ChordProtocols:173 - Beregner fingerID for finger 55: 121411138451101288395637054821696940124
id: 121411138451101288395637054821696940124
lower: 121411138451101288395601026024677976156
upper: 210821560651360572675896360671414673172
Result (no wrap): true
2025-05-02 21:40:37 INFO  ChordProtocols:179 - Finger 55 peker n책 til: process4
2025-05-02 21:40:37 INFO  ChordProtocols:173 - Beregner fingerID for finger 56: 121411138451101288395673083618715904092
id: 121411138451101288395673083618715904092
lower: 121411138451101288395601026024677976156
upper: 210821560651360572675896360671414673172
Result (no wrap): true
2025-05-02 21:40:37 INFO  ChordProtocols:179 - Finger 56 peker n책 til: process4
2025-05-02 21:40:37 INFO  ChordProtocols:173 - Beregner fingerID for finger 57: 121411138451101288395745141212753832028
id: 121411138451101288395745141212753832028
lower: 121411138451101288395601026024677976156
upper: 210821560651360572675896360671414673172
Result (no wrap): true
2025-05-02 21:40:37 INFO  ChordProtocols:179 - Finger 57 peker n책 til: process4
2025-05-02 21:40:37 INFO  ChordProtocols:173 - Beregner fingerID for finger 58: 121411138451101288395889256400829687900
id: 121411138451101288395889256400829687900
lower: 121411138451101288395601026024677976156
upper: 210821560651360572675896360671414673172
Result (no wrap): true
2025-05-02 21:40:37 INFO  ChordProtocols:179 - Finger 58 peker n책 til: process4
2025-05-02 21:40:37 INFO  ChordProtocols:173 - Beregner fingerID for finger 59: 121411138451101288396177486776981399644
id: 121411138451101288396177486776981399644
lower: 121411138451101288395601026024677976156
upper: 210821560651360572675896360671414673172
Result (no wrap): true
2025-05-02 21:40:37 INFO  ChordProtocols:179 - Finger 59 peker n책 til: process4
2025-05-02 21:40:37 INFO  ChordProtocols:173 - Beregner fingerID for finger 60: 121411138451101288396753947529284823132
id: 121411138451101288396753947529284823132
lower: 121411138451101288395601026024677976156
upper: 210821560651360572675896360671414673172
Result (no wrap): true
2025-05-02 21:40:37 INFO  ChordProtocols:179 - Finger 60 peker n책 til: process4
2025-05-02 21:40:37 INFO  ChordProtocols:173 - Beregner fingerID for finger 61: 121411138451101288397906869033891670108
id: 121411138451101288397906869033891670108
lower: 121411138451101288395601026024677976156
upper: 210821560651360572675896360671414673172
Result (no wrap): true
2025-05-02 21:40:37 INFO  ChordProtocols:179 - Finger 61 peker n책 til: process4
2025-05-02 21:40:37 INFO  ChordProtocols:173 - Beregner fingerID for finger 62: 121411138451101288400212712043105364060
id: 121411138451101288400212712043105364060
lower: 121411138451101288395601026024677976156
upper: 210821560651360572675896360671414673172
Result (no wrap): true
2025-05-02 21:40:37 INFO  ChordProtocols:179 - Finger 62 peker n책 til: process4
2025-05-02 21:40:37 INFO  ChordProtocols:173 - Beregner fingerID for finger 63: 121411138451101288404824398061532751964
id: 121411138451101288404824398061532751964
lower: 121411138451101288395601026024677976156
upper: 210821560651360572675896360671414673172
Result (no wrap): true
2025-05-02 21:40:37 INFO  ChordProtocols:179 - Finger 63 peker n책 til: process4
2025-05-02 21:40:37 INFO  ChordProtocols:173 - Beregner fingerID for finger 64: 121411138451101288414047770098387527772
id: 121411138451101288414047770098387527772
lower: 121411138451101288395601026024677976156
upper: 210821560651360572675896360671414673172
Result (no wrap): true
2025-05-02 21:40:37 INFO  ChordProtocols:179 - Finger 64 peker n책 til: process4
2025-05-02 21:40:37 INFO  ChordProtocols:173 - Beregner fingerID for finger 65: 121411138451101288432494514172097079388
id: 121411138451101288432494514172097079388
lower: 121411138451101288395601026024677976156
upper: 210821560651360572675896360671414673172
Result (no wrap): true
2025-05-02 21:40:37 INFO  ChordProtocols:179 - Finger 65 peker n책 til: process4
2025-05-02 21:40:37 INFO  ChordProtocols:173 - Beregner fingerID for finger 66: 121411138451101288469388002319516182620
id: 121411138451101288469388002319516182620
lower: 121411138451101288395601026024677976156
upper: 210821560651360572675896360671414673172
Result (no wrap): true
2025-05-02 21:40:37 INFO  ChordProtocols:179 - Finger 66 peker n책 til: process4
2025-05-02 21:40:37 INFO  ChordProtocols:173 - Beregner fingerID for finger 67: 121411138451101288543174978614354389084
id: 121411138451101288543174978614354389084
lower: 121411138451101288395601026024677976156
upper: 210821560651360572675896360671414673172
Result (no wrap): true
2025-05-02 21:40:37 INFO  ChordProtocols:179 - Finger 67 peker n책 til: process4
2025-05-02 21:40:37 INFO  ChordProtocols:173 - Beregner fingerID for finger 68: 121411138451101288690748931204030802012
id: 121411138451101288690748931204030802012
lower: 121411138451101288395601026024677976156
upper: 210821560651360572675896360671414673172
Result (no wrap): true
2025-05-02 21:40:37 INFO  ChordProtocols:179 - Finger 68 peker n책 til: process4
2025-05-02 21:40:37 INFO  ChordProtocols:173 - Beregner fingerID for finger 69: 121411138451101288985896836383383627868
id: 121411138451101288985896836383383627868
lower: 121411138451101288395601026024677976156
upper: 210821560651360572675896360671414673172
Result (no wrap): true
2025-05-02 21:40:37 INFO  ChordProtocols:179 - Finger 69 peker n책 til: process4
2025-05-02 21:40:37 INFO  ChordProtocols:173 - Beregner fingerID for finger 70: 121411138451101289576192646742089279580
id: 121411138451101289576192646742089279580
lower: 121411138451101288395601026024677976156
upper: 210821560651360572675896360671414673172
Result (no wrap): true
2025-05-02 21:40:37 INFO  ChordProtocols:179 - Finger 70 peker n책 til: process4
2025-05-02 21:40:37 INFO  ChordProtocols:173 - Beregner fingerID for finger 71: 121411138451101290756784267459500583004
id: 121411138451101290756784267459500583004
lower: 121411138451101288395601026024677976156
upper: 210821560651360572675896360671414673172
Result (no wrap): true
2025-05-02 21:40:37 INFO  ChordProtocols:179 - Finger 71 peker n책 til: process4
2025-05-02 21:40:37 INFO  ChordProtocols:173 - Beregner fingerID for finger 72: 121411138451101293117967508894323189852
id: 121411138451101293117967508894323189852
lower: 121411138451101288395601026024677976156
upper: 210821560651360572675896360671414673172
Result (no wrap): true
2025-05-02 21:40:37 INFO  ChordProtocols:179 - Finger 72 peker n책 til: process4
2025-05-02 21:40:37 INFO  ChordProtocols:173 - Beregner fingerID for finger 73: 121411138451101297840333991763968403548
id: 121411138451101297840333991763968403548
lower: 121411138451101288395601026024677976156
upper: 210821560651360572675896360671414673172
Result (no wrap): true
2025-05-02 21:40:37 INFO  ChordProtocols:179 - Finger 73 peker n책 til: process4
2025-05-02 21:40:37 INFO  ChordProtocols:173 - Beregner fingerID for finger 74: 121411138451101307285066957503258830940
id: 121411138451101307285066957503258830940
lower: 121411138451101288395601026024677976156
upper: 210821560651360572675896360671414673172
Result (no wrap): true
2025-05-02 21:40:37 INFO  ChordProtocols:179 - Finger 74 peker n책 til: process4
2025-05-02 21:40:37 INFO  ChordProtocols:173 - Beregner fingerID for finger 75: 121411138451101326174532888981839685724
id: 121411138451101326174532888981839685724
lower: 121411138451101288395601026024677976156
upper: 210821560651360572675896360671414673172
Result (no wrap): true
2025-05-02 21:40:37 INFO  ChordProtocols:179 - Finger 75 peker n책 til: process4
2025-05-02 21:40:37 INFO  ChordProtocols:173 - Beregner fingerID for finger 76: 121411138451101363953464751939001395292
id: 121411138451101363953464751939001395292
lower: 121411138451101288395601026024677976156
upper: 210821560651360572675896360671414673172
Result (no wrap): true
2025-05-02 21:40:37 INFO  ChordProtocols:179 - Finger 76 peker n책 til: process4
2025-05-02 21:40:37 INFO  ChordProtocols:173 - Beregner fingerID for finger 77: 121411138451101439511328477853324814428
id: 121411138451101439511328477853324814428
lower: 121411138451101288395601026024677976156
upper: 210821560651360572675896360671414673172
Result (no wrap): true
2025-05-02 21:40:37 INFO  ChordProtocols:179 - Finger 77 peker n책 til: process4
2025-05-02 21:40:37 INFO  ChordProtocols:173 - Beregner fingerID for finger 78: 121411138451101590627055929681971652700
id: 121411138451101590627055929681971652700
lower: 121411138451101288395601026024677976156
upper: 210821560651360572675896360671414673172
Result (no wrap): true
2025-05-02 21:40:37 INFO  ChordProtocols:179 - Finger 78 peker n책 til: process4
2025-05-02 21:40:37 INFO  ChordProtocols:173 - Beregner fingerID for finger 79: 121411138451101892858510833339265329244
id: 121411138451101892858510833339265329244
lower: 121411138451101288395601026024677976156
upper: 210821560651360572675896360671414673172
Result (no wrap): true
2025-05-02 21:40:37 INFO  ChordProtocols:179 - Finger 79 peker n책 til: process4
2025-05-02 21:40:37 INFO  ChordProtocols:173 - Beregner fingerID for finger 80: 121411138451102497321420640653852682332
id: 121411138451102497321420640653852682332
lower: 121411138451101288395601026024677976156
upper: 210821560651360572675896360671414673172
Result (no wrap): true
2025-05-02 21:40:37 INFO  ChordProtocols:179 - Finger 80 peker n책 til: process4
2025-05-02 21:40:37 INFO  ChordProtocols:173 - Beregner fingerID for finger 81: 121411138451103706247240255283027388508
id: 121411138451103706247240255283027388508
lower: 121411138451101288395601026024677976156
upper: 210821560651360572675896360671414673172
Result (no wrap): true
2025-05-02 21:40:37 INFO  ChordProtocols:179 - Finger 81 peker n책 til: process4
2025-05-02 21:40:37 INFO  ChordProtocols:173 - Beregner fingerID for finger 82: 121411138451106124098879484541376800860
id: 121411138451106124098879484541376800860
lower: 121411138451101288395601026024677976156
upper: 210821560651360572675896360671414673172
Result (no wrap): true
2025-05-02 21:40:37 INFO  ChordProtocols:179 - Finger 82 peker n책 til: process4
2025-05-02 21:40:37 INFO  ChordProtocols:173 - Beregner fingerID for finger 83: 121411138451110959802157943058075625564
id: 121411138451110959802157943058075625564
lower: 121411138451101288395601026024677976156
upper: 210821560651360572675896360671414673172
Result (no wrap): true
2025-05-02 21:40:37 INFO  ChordProtocols:179 - Finger 83 peker n책 til: process4
2025-05-02 21:40:37 INFO  ChordProtocols:173 - Beregner fingerID for finger 84: 121411138451120631208714860091473274972
id: 121411138451120631208714860091473274972
lower: 121411138451101288395601026024677976156
upper: 210821560651360572675896360671414673172
Result (no wrap): true
2025-05-02 21:40:37 INFO  ChordProtocols:179 - Finger 84 peker n책 til: process4
2025-05-02 21:40:37 INFO  ChordProtocols:173 - Beregner fingerID for finger 85: 121411138451139974021828694158268573788
id: 121411138451139974021828694158268573788
lower: 121411138451101288395601026024677976156
upper: 210821560651360572675896360671414673172
Result (no wrap): true
2025-05-02 21:40:37 INFO  ChordProtocols:179 - Finger 85 peker n책 til: process4
2025-05-02 21:40:37 INFO  ChordProtocols:173 - Beregner fingerID for finger 86: 121411138451178659648056362291859171420
id: 121411138451178659648056362291859171420
lower: 121411138451101288395601026024677976156
upper: 210821560651360572675896360671414673172
Result (no wrap): true
2025-05-02 21:40:37 INFO  ChordProtocols:179 - Finger 86 peker n책 til: process4
2025-05-02 21:40:37 INFO  ChordProtocols:173 - Beregner fingerID for finger 87: 121411138451256030900511698559040366684
id: 121411138451256030900511698559040366684
lower: 121411138451101288395601026024677976156
upper: 210821560651360572675896360671414673172
Result (no wrap): true
2025-05-02 21:40:37 INFO  ChordProtocols:179 - Finger 87 peker n책 til: process4
2025-05-02 21:40:37 INFO  ChordProtocols:173 - Beregner fingerID for finger 88: 121411138451410773405422371093402757212
id: 121411138451410773405422371093402757212
lower: 121411138451101288395601026024677976156
upper: 210821560651360572675896360671414673172
Result (no wrap): true
2025-05-02 21:40:37 INFO  ChordProtocols:179 - Finger 88 peker n책 til: process4
2025-05-02 21:40:37 INFO  ChordProtocols:173 - Beregner fingerID for finger 89: 121411138451720258415243716162127538268
id: 121411138451720258415243716162127538268
lower: 121411138451101288395601026024677976156
upper: 210821560651360572675896360671414673172
Result (no wrap): true
2025-05-02 21:40:37 INFO  ChordProtocols:179 - Finger 89 peker n책 til: process4
2025-05-02 21:40:37 INFO  ChordProtocols:173 - Beregner fingerID for finger 90: 121411138452339228434886406299577100380
id: 121411138452339228434886406299577100380
lower: 121411138451101288395601026024677976156
upper: 210821560651360572675896360671414673172
Result (no wrap): true
2025-05-02 21:40:37 INFO  ChordProtocols:179 - Finger 90 peker n책 til: process4
2025-05-02 21:40:37 INFO  ChordProtocols:173 - Beregner fingerID for finger 91: 121411138453577168474171786574476224604
id: 121411138453577168474171786574476224604
lower: 121411138451101288395601026024677976156
upper: 210821560651360572675896360671414673172
Result (no wrap): true
2025-05-02 21:40:37 INFO  ChordProtocols:179 - Finger 91 peker n책 til: process4
2025-05-02 21:40:37 INFO  ChordProtocols:173 - Beregner fingerID for finger 92: 121411138456053048552742547124274473052
id: 121411138456053048552742547124274473052
lower: 121411138451101288395601026024677976156
upper: 210821560651360572675896360671414673172
Result (no wrap): true
2025-05-02 21:40:37 INFO  ChordProtocols:179 - Finger 92 peker n책 til: process4
2025-05-02 21:40:37 INFO  ChordProtocols:173 - Beregner fingerID for finger 93: 121411138461004808709884068223870969948
id: 121411138461004808709884068223870969948
lower: 121411138451101288395601026024677976156
upper: 210821560651360572675896360671414673172
Result (no wrap): true
2025-05-02 21:40:37 INFO  ChordProtocols:179 - Finger 93 peker n책 til: process4
2025-05-02 21:40:37 INFO  ChordProtocols:173 - Beregner fingerID for finger 94: 121411138470908329024167110423063963740
id: 121411138470908329024167110423063963740
lower: 121411138451101288395601026024677976156
upper: 210821560651360572675896360671414673172
Result (no wrap): true
2025-05-02 21:40:37 INFO  ChordProtocols:179 - Finger 94 peker n책 til: process4
2025-05-02 21:40:37 INFO  ChordProtocols:173 - Beregner fingerID for finger 95: 121411138490715369652733194821449951324
id: 121411138490715369652733194821449951324
lower: 121411138451101288395601026024677976156
upper: 210821560651360572675896360671414673172
Result (no wrap): true
2025-05-02 21:40:37 INFO  ChordProtocols:179 - Finger 95 peker n책 til: process4
2025-05-02 21:40:37 INFO  ChordProtocols:173 - Beregner fingerID for finger 96: 121411138530329450909865363618221926492
id: 121411138530329450909865363618221926492
lower: 121411138451101288395601026024677976156
upper: 210821560651360572675896360671414673172
Result (no wrap): true
2025-05-02 21:40:37 INFO  ChordProtocols:179 - Finger 96 peker n책 til: process4
2025-05-02 21:40:37 INFO  ChordProtocols:173 - Beregner fingerID for finger 97: 121411138609557613424129701211765876828
id: 121411138609557613424129701211765876828
lower: 121411138451101288395601026024677976156
upper: 210821560651360572675896360671414673172
Result (no wrap): true
2025-05-02 21:40:37 INFO  ChordProtocols:179 - Finger 97 peker n책 til: process4
2025-05-02 21:40:37 INFO  ChordProtocols:173 - Beregner fingerID for finger 98: 121411138768013938452658376398853777500
id: 121411138768013938452658376398853777500
lower: 121411138451101288395601026024677976156
upper: 210821560651360572675896360671414673172
Result (no wrap): true
2025-05-02 21:40:37 INFO  ChordProtocols:179 - Finger 98 peker n책 til: process4
2025-05-02 21:40:37 INFO  ChordProtocols:173 - Beregner fingerID for finger 99: 121411139084926588509715726773029578844
id: 121411139084926588509715726773029578844
lower: 121411138451101288395601026024677976156
upper: 210821560651360572675896360671414673172
Result (no wrap): true
2025-05-02 21:40:37 INFO  ChordProtocols:179 - Finger 99 peker n책 til: process4
2025-05-02 21:40:37 INFO  ChordProtocols:173 - Beregner fingerID for finger 100: 121411139718751888623830427521381181532
id: 121411139718751888623830427521381181532
lower: 121411138451101288395601026024677976156
upper: 210821560651360572675896360671414673172
Result (no wrap): true
2025-05-02 21:40:37 INFO  ChordProtocols:179 - Finger 100 peker n책 til: process4
2025-05-02 21:40:37 INFO  ChordProtocols:173 - Beregner fingerID for finger 101: 121411140986402488852059829018084386908
id: 121411140986402488852059829018084386908
lower: 121411138451101288395601026024677976156
upper: 210821560651360572675896360671414673172
Result (no wrap): true
2025-05-02 21:40:37 INFO  ChordProtocols:179 - Finger 101 peker n책 til: process4
2025-05-02 21:40:37 INFO  ChordProtocols:173 - Beregner fingerID for finger 102: 121411143521703689308518632011490797660
id: 121411143521703689308518632011490797660
lower: 121411138451101288395601026024677976156
upper: 210821560651360572675896360671414673172
Result (no wrap): true
2025-05-02 21:40:37 INFO  ChordProtocols:179 - Finger 102 peker n책 til: process4
2025-05-02 21:40:37 INFO  ChordProtocols:173 - Beregner fingerID for finger 103: 121411148592306090221436237998303619164
id: 121411148592306090221436237998303619164
lower: 121411138451101288395601026024677976156
upper: 210821560651360572675896360671414673172
Result (no wrap): true
2025-05-02 21:40:37 INFO  ChordProtocols:179 - Finger 103 peker n책 til: process4
2025-05-02 21:40:37 INFO  ChordProtocols:173 - Beregner fingerID for finger 104: 121411158733510892047271449971929262172
id: 121411158733510892047271449971929262172
lower: 121411138451101288395601026024677976156
upper: 210821560651360572675896360671414673172
Result (no wrap): true
2025-05-02 21:40:37 INFO  ChordProtocols:179 - Finger 104 peker n책 til: process4
2025-05-02 21:40:37 INFO  ChordProtocols:173 - Beregner fingerID for finger 105: 121411179015920495698941873919180548188
id: 121411179015920495698941873919180548188
lower: 121411138451101288395601026024677976156
upper: 210821560651360572675896360671414673172
Result (no wrap): true
2025-05-02 21:40:37 INFO  ChordProtocols:179 - Finger 105 peker n책 til: process4
2025-05-02 21:40:37 INFO  ChordProtocols:173 - Beregner fingerID for finger 106: 121411219580739703002282721813683120220
id: 121411219580739703002282721813683120220
lower: 121411138451101288395601026024677976156
upper: 210821560651360572675896360671414673172
Result (no wrap): true
2025-05-02 21:40:37 INFO  ChordProtocols:179 - Finger 106 peker n책 til: process4
2025-05-02 21:40:37 INFO  ChordProtocols:173 - Beregner fingerID for finger 107: 121411300710378117608964417602688264284
id: 121411300710378117608964417602688264284
lower: 121411138451101288395601026024677976156
upper: 210821560651360572675896360671414673172
Result (no wrap): true
2025-05-02 21:40:37 INFO  ChordProtocols:179 - Finger 107 peker n책 til: process4
2025-05-02 21:40:37 INFO  ChordProtocols:173 - Beregner fingerID for finger 108: 121411462969654946822327809180698552412
id: 121411462969654946822327809180698552412
lower: 121411138451101288395601026024677976156
upper: 210821560651360572675896360671414673172
Result (no wrap): true
2025-05-02 21:40:37 INFO  ChordProtocols:179 - Finger 108 peker n책 til: process4
2025-05-02 21:40:37 INFO  ChordProtocols:173 - Beregner fingerID for finger 109: 121411787488208605249054592336719128668
id: 121411787488208605249054592336719128668
lower: 121411138451101288395601026024677976156
upper: 210821560651360572675896360671414673172
Result (no wrap): true
2025-05-02 21:40:37 INFO  ChordProtocols:179 - Finger 109 peker n책 til: process4
2025-05-02 21:40:37 INFO  ChordProtocols:173 - Beregner fingerID for finger 110: 121412436525315922102508158648760281180
id: 121412436525315922102508158648760281180
lower: 121411138451101288395601026024677976156
upper: 210821560651360572675896360671414673172
Result (no wrap): true
2025-05-02 21:40:37 INFO  ChordProtocols:179 - Finger 110 peker n책 til: process4
2025-05-02 21:40:37 INFO  ChordProtocols:173 - Beregner fingerID for finger 111: 121413734599530555809415291272842586204
id: 121413734599530555809415291272842586204
lower: 121411138451101288395601026024677976156
upper: 210821560651360572675896360671414673172
Result (no wrap): true
2025-05-02 21:40:37 INFO  ChordProtocols:179 - Finger 111 peker n책 til: process4
2025-05-02 21:40:37 INFO  ChordProtocols:173 - Beregner fingerID for finger 112: 121416330747959823223229556521007196252
id: 121416330747959823223229556521007196252
lower: 121411138451101288395601026024677976156
upper: 210821560651360572675896360671414673172
Result (no wrap): true
2025-05-02 21:40:37 INFO  ChordProtocols:179 - Finger 112 peker n책 til: process4
2025-05-02 21:40:37 INFO  ChordProtocols:173 - Beregner fingerID for finger 113: 121421523044818358050858087017336416348
id: 121421523044818358050858087017336416348
lower: 121411138451101288395601026024677976156
upper: 210821560651360572675896360671414673172
Result (no wrap): true
2025-05-02 21:40:37 INFO  ChordProtocols:179 - Finger 113 peker n책 til: process4
2025-05-02 21:40:37 INFO  ChordProtocols:173 - Beregner fingerID for finger 114: 121431907638535427706115148009994856540
id: 121431907638535427706115148009994856540
lower: 121411138451101288395601026024677976156
upper: 210821560651360572675896360671414673172
Result (no wrap): true
2025-05-02 21:40:37 INFO  ChordProtocols:179 - Finger 114 peker n책 til: process4
2025-05-02 21:40:37 INFO  ChordProtocols:173 - Beregner fingerID for finger 115: 121452676825969567016629269995311736924
id: 121452676825969567016629269995311736924
lower: 121411138451101288395601026024677976156
upper: 210821560651360572675896360671414673172
Result (no wrap): true
2025-05-02 21:40:37 INFO  ChordProtocols:179 - Finger 115 peker n책 til: process4
2025-05-02 21:40:37 INFO  ChordProtocols:173 - Beregner fingerID for finger 116: 121494215200837845637657513965945497692
id: 121494215200837845637657513965945497692
lower: 121411138451101288395601026024677976156
upper: 210821560651360572675896360671414673172
Result (no wrap): true
2025-05-02 21:40:37 INFO  ChordProtocols:179 - Finger 116 peker n책 til: process4
2025-05-02 21:40:37 INFO  ChordProtocols:173 - Beregner fingerID for finger 117: 121577291950574402879714001907213019228
id: 121577291950574402879714001907213019228
lower: 121411138451101288395601026024677976156
upper: 210821560651360572675896360671414673172
Result (no wrap): true
2025-05-02 21:40:37 INFO  ChordProtocols:179 - Finger 117 peker n책 til: process4
2025-05-02 21:40:37 INFO  ChordProtocols:173 - Beregner fingerID for finger 118: 121743445450047517363826977789748062300
id: 121743445450047517363826977789748062300
lower: 121411138451101288395601026024677976156
upper: 210821560651360572675896360671414673172
Result (no wrap): true
2025-05-02 21:40:37 INFO  ChordProtocols:179 - Finger 118 peker n책 til: process4
2025-05-02 21:40:37 INFO  ChordProtocols:173 - Beregner fingerID for finger 119: 122075752448993746332052929554818148444
id: 122075752448993746332052929554818148444
lower: 121411138451101288395601026024677976156
upper: 210821560651360572675896360671414673172
Result (no wrap): true
2025-05-02 21:40:37 INFO  ChordProtocols:179 - Finger 119 peker n책 til: process4
2025-05-02 21:40:37 INFO  ChordProtocols:173 - Beregner fingerID for finger 120: 122740366446886204268504833084958320732
id: 122740366446886204268504833084958320732
lower: 121411138451101288395601026024677976156
upper: 210821560651360572675896360671414673172
Result (no wrap): true
2025-05-02 21:40:37 INFO  ChordProtocols:179 - Finger 120 peker n책 til: process4
2025-05-02 21:40:37 INFO  ChordProtocols:173 - Beregner fingerID for finger 121: 124069594442671120141408640145238665308
id: 124069594442671120141408640145238665308
lower: 121411138451101288395601026024677976156
upper: 210821560651360572675896360671414673172
Result (no wrap): true
2025-05-02 21:40:37 INFO  ChordProtocols:179 - Finger 121 peker n책 til: process4
2025-05-02 21:40:37 INFO  ChordProtocols:173 - Beregner fingerID for finger 122: 126728050434240951887216254265799354460
id: 126728050434240951887216254265799354460
lower: 121411138451101288395601026024677976156
upper: 210821560651360572675896360671414673172
Result (no wrap): true
2025-05-02 21:40:37 INFO  ChordProtocols:179 - Finger 122 peker n책 til: process4
2025-05-02 21:40:37 INFO  ChordProtocols:173 - Beregner fingerID for finger 123: 132044962417380615378831482506920732764
id: 132044962417380615378831482506920732764
lower: 121411138451101288395601026024677976156
upper: 210821560651360572675896360671414673172
Result (no wrap): true
2025-05-02 21:40:37 INFO  ChordProtocols:179 - Finger 123 peker n책 til: process4
2025-05-02 21:40:37 INFO  ChordProtocols:173 - Beregner fingerID for finger 124: 142678786383659942362061938989163489372
id: 142678786383659942362061938989163489372
lower: 121411138451101288395601026024677976156
upper: 210821560651360572675896360671414673172
Result (no wrap): true
2025-05-02 21:40:37 INFO  ChordProtocols:179 - Finger 124 peker n책 til: process4
2025-05-02 21:40:37 INFO  ChordProtocols:173 - Beregner fingerID for finger 125: 163946434316218596328522851953649002588
id: 163946434316218596328522851953649002588
lower: 121411138451101288395601026024677976156
upper: 210821560651360572675896360671414673172
Result (no wrap): true
2025-05-02 21:40:37 INFO  ChordProtocols:179 - Finger 125 peker n책 til: process4
2025-05-02 21:40:37 INFO  ChordProtocols:173 - Beregner fingerID for finger 126: 206481730181335904261444677882620029020
id: 206481730181335904261444677882620029020
lower: 121411138451101288395601026024677976156
upper: 210821560651360572675896360671414673172
Result (no wrap): true
2025-05-02 21:40:37 INFO  ChordProtocols:179 - Finger 126 peker n책 til: process4
2025-05-02 21:40:37 INFO  ChordProtocols:173 - Beregner fingerID for finger 127: 291552321911570520127288329740562081884
id: 291552321911570520127288329740562081884
lower: 121411138451101288395601026024677976156
upper: 210821560651360572675896360671414673172
Result (no wrap): false
id: 210821560651360572675896360671414673172
lower: 121411138451101288395601026024677976156
upper: 291552321911570520127288329740562081884
Result (no wrap): true
id: 291552321911570520127288329740562081884
lower: 210821560651360572675896360671414673172
upper: 15618062003214643351512781541041391612
Result (wrap): true
2025-05-02 21:40:37 INFO  ChordProtocols:179 - Finger 127 peker n책 til: process2
2025-05-02 21:40:37 INFO  StabilizationProtocols:60 - Checking the predecessor for Node: process5
==================================
Node Identifier = 121411138451101288395601026024677976156
Node IP address = process5
successor(process5) = process4
predecessor(process5) = process3
Current File keys for process5 => [83550242532527638904138483233262313637, 73806995735690189889297542544385123161, 83789482216496502817864659214345176161, 93727835460693461258854490021087346760]
==================================
2025-05-02 21:40:38 INFO  StabilizationProtocols:130 - Updating the successor for Node: process1
id: 53937554629190552131995290006614509578
lower: 53937554629190552131995290006614509577
upper: 66910184482037901621933403444034052414
Result (no wrap): true
2025-05-02 21:40:38 INFO  StabilizationProtocols:84 - Stabilizing ring from process1...
2025-05-02 21:40:38 INFO  StabilizationProtocols:91 - Stabilize ring: succnode = process3
id: 53937554629190552131995290006614509577
lower: 53937554629190552131995290006614509578
upper: 66910184482037901621933403444034052415
Result (no wrap): false
2025-05-02 21:40:38 INFO  StabilizationProtocols:113 - Finished stabilizing chordring from process1
2025-05-02 21:40:38 INFO  ChordProtocols:159 - Oppdaterer FingerTable for Node: process1
2025-05-02 21:40:38 INFO  ChordProtocols:173 - Beregner fingerID for finger 0: 53937554629190552131995290006614509578
id: 53937554629190552131995290006614509578
lower: 53937554629190552131995290006614509577
upper: 66910184482037901621933403444034052414
Result (no wrap): true
2025-05-02 21:40:38 INFO  ChordProtocols:179 - Finger 0 peker n책 til: process3
2025-05-02 21:40:38 INFO  ChordProtocols:173 - Beregner fingerID for finger 1: 53937554629190552131995290006614509579
id: 53937554629190552131995290006614509579
lower: 53937554629190552131995290006614509577
upper: 66910184482037901621933403444034052414
Result (no wrap): true
2025-05-02 21:40:38 INFO  ChordProtocols:179 - Finger 1 peker n책 til: process3
2025-05-02 21:40:38 INFO  ChordProtocols:173 - Beregner fingerID for finger 2: 53937554629190552131995290006614509581
id: 53937554629190552131995290006614509581
lower: 53937554629190552131995290006614509577
upper: 66910184482037901621933403444034052414
Result (no wrap): true
2025-05-02 21:40:38 INFO  ChordProtocols:179 - Finger 2 peker n책 til: process3
2025-05-02 21:40:38 INFO  ChordProtocols:173 - Beregner fingerID for finger 3: 53937554629190552131995290006614509585
id: 53937554629190552131995290006614509585
lower: 53937554629190552131995290006614509577
upper: 66910184482037901621933403444034052414
Result (no wrap): true
2025-05-02 21:40:38 INFO  ChordProtocols:179 - Finger 3 peker n책 til: process3
2025-05-02 21:40:38 INFO  ChordProtocols:173 - Beregner fingerID for finger 4: 53937554629190552131995290006614509593
id: 53937554629190552131995290006614509593
lower: 53937554629190552131995290006614509577
upper: 66910184482037901621933403444034052414
Result (no wrap): true
2025-05-02 21:40:38 INFO  ChordProtocols:179 - Finger 4 peker n책 til: process3
2025-05-02 21:40:38 INFO  ChordProtocols:173 - Beregner fingerID for finger 5: 53937554629190552131995290006614509609
id: 53937554629190552131995290006614509609
lower: 53937554629190552131995290006614509577
upper: 66910184482037901621933403444034052414
Result (no wrap): true
2025-05-02 21:40:38 INFO  ChordProtocols:179 - Finger 5 peker n책 til: process3
2025-05-02 21:40:38 INFO  ChordProtocols:173 - Beregner fingerID for finger 6: 53937554629190552131995290006614509641
id: 53937554629190552131995290006614509641
lower: 53937554629190552131995290006614509577
upper: 66910184482037901621933403444034052414
Result (no wrap): true
2025-05-02 21:40:38 INFO  ChordProtocols:179 - Finger 6 peker n책 til: process3
2025-05-02 21:40:38 INFO  ChordProtocols:173 - Beregner fingerID for finger 7: 53937554629190552131995290006614509705
id: 53937554629190552131995290006614509705
lower: 53937554629190552131995290006614509577
upper: 66910184482037901621933403444034052414
Result (no wrap): true
2025-05-02 21:40:38 INFO  ChordProtocols:179 - Finger 7 peker n책 til: process3
2025-05-02 21:40:38 INFO  ChordProtocols:173 - Beregner fingerID for finger 8: 53937554629190552131995290006614509833
id: 53937554629190552131995290006614509833
lower: 53937554629190552131995290006614509577
upper: 66910184482037901621933403444034052414
Result (no wrap): true
2025-05-02 21:40:38 INFO  ChordProtocols:179 - Finger 8 peker n책 til: process3
2025-05-02 21:40:38 INFO  ChordProtocols:173 - Beregner fingerID for finger 9: 53937554629190552131995290006614510089
id: 53937554629190552131995290006614510089
lower: 53937554629190552131995290006614509577
upper: 66910184482037901621933403444034052414
Result (no wrap): true
2025-05-02 21:40:38 INFO  ChordProtocols:179 - Finger 9 peker n책 til: process3
2025-05-02 21:40:38 INFO  ChordProtocols:173 - Beregner fingerID for finger 10: 53937554629190552131995290006614510601
id: 53937554629190552131995290006614510601
lower: 53937554629190552131995290006614509577
upper: 66910184482037901621933403444034052414
Result (no wrap): true
2025-05-02 21:40:38 INFO  ChordProtocols:179 - Finger 10 peker n책 til: process3
2025-05-02 21:40:38 INFO  ChordProtocols:173 - Beregner fingerID for finger 11: 53937554629190552131995290006614511625
id: 53937554629190552131995290006614511625
lower: 53937554629190552131995290006614509577
upper: 66910184482037901621933403444034052414
Result (no wrap): true
2025-05-02 21:40:38 INFO  ChordProtocols:179 - Finger 11 peker n책 til: process3
2025-05-02 21:40:38 INFO  ChordProtocols:173 - Beregner fingerID for finger 12: 53937554629190552131995290006614513673
id: 53937554629190552131995290006614513673
lower: 53937554629190552131995290006614509577
upper: 66910184482037901621933403444034052414
Result (no wrap): true
2025-05-02 21:40:38 INFO  ChordProtocols:179 - Finger 12 peker n책 til: process3
2025-05-02 21:40:38 INFO  ChordProtocols:173 - Beregner fingerID for finger 13: 53937554629190552131995290006614517769
id: 53937554629190552131995290006614517769
lower: 53937554629190552131995290006614509577
upper: 66910184482037901621933403444034052414
Result (no wrap): true
2025-05-02 21:40:38 INFO  ChordProtocols:179 - Finger 13 peker n책 til: process3
2025-05-02 21:40:38 INFO  ChordProtocols:173 - Beregner fingerID for finger 14: 53937554629190552131995290006614525961
id: 53937554629190552131995290006614525961
lower: 53937554629190552131995290006614509577
upper: 66910184482037901621933403444034052414
Result (no wrap): true
2025-05-02 21:40:38 INFO  ChordProtocols:179 - Finger 14 peker n책 til: process3
2025-05-02 21:40:38 INFO  ChordProtocols:173 - Beregner fingerID for finger 15: 53937554629190552131995290006614542345
id: 53937554629190552131995290006614542345
lower: 53937554629190552131995290006614509577
upper: 66910184482037901621933403444034052414
Result (no wrap): true
2025-05-02 21:40:38 INFO  ChordProtocols:179 - Finger 15 peker n책 til: process3
2025-05-02 21:40:38 INFO  ChordProtocols:173 - Beregner fingerID for finger 16: 53937554629190552131995290006614575113
id: 53937554629190552131995290006614575113
lower: 53937554629190552131995290006614509577
upper: 66910184482037901621933403444034052414
Result (no wrap): true
2025-05-02 21:40:38 INFO  ChordProtocols:179 - Finger 16 peker n책 til: process3
2025-05-02 21:40:38 INFO  ChordProtocols:173 - Beregner fingerID for finger 17: 53937554629190552131995290006614640649
id: 53937554629190552131995290006614640649
lower: 53937554629190552131995290006614509577
upper: 66910184482037901621933403444034052414
Result (no wrap): true
2025-05-02 21:40:38 INFO  ChordProtocols:179 - Finger 17 peker n책 til: process3
2025-05-02 21:40:38 INFO  ChordProtocols:173 - Beregner fingerID for finger 18: 53937554629190552131995290006614771721
id: 53937554629190552131995290006614771721
lower: 53937554629190552131995290006614509577
upper: 66910184482037901621933403444034052414
Result (no wrap): true
2025-05-02 21:40:38 INFO  ChordProtocols:179 - Finger 18 peker n책 til: process3
2025-05-02 21:40:38 INFO  ChordProtocols:173 - Beregner fingerID for finger 19: 53937554629190552131995290006615033865
id: 53937554629190552131995290006615033865
lower: 53937554629190552131995290006614509577
upper: 66910184482037901621933403444034052414
Result (no wrap): true
2025-05-02 21:40:38 INFO  ChordProtocols:179 - Finger 19 peker n책 til: process3
2025-05-02 21:40:38 INFO  ChordProtocols:173 - Beregner fingerID for finger 20: 53937554629190552131995290006615558153
id: 53937554629190552131995290006615558153
lower: 53937554629190552131995290006614509577
upper: 66910184482037901621933403444034052414
Result (no wrap): true
2025-05-02 21:40:38 INFO  ChordProtocols:179 - Finger 20 peker n책 til: process3
2025-05-02 21:40:38 INFO  ChordProtocols:173 - Beregner fingerID for finger 21: 53937554629190552131995290006616606729
id: 53937554629190552131995290006616606729
lower: 53937554629190552131995290006614509577
upper: 66910184482037901621933403444034052414
Result (no wrap): true
2025-05-02 21:40:38 INFO  ChordProtocols:179 - Finger 21 peker n책 til: process3
2025-05-02 21:40:38 INFO  ChordProtocols:173 - Beregner fingerID for finger 22: 53937554629190552131995290006618703881
id: 53937554629190552131995290006618703881
lower: 53937554629190552131995290006614509577
upper: 66910184482037901621933403444034052414
Result (no wrap): true
2025-05-02 21:40:38 INFO  ChordProtocols:179 - Finger 22 peker n책 til: process3
2025-05-02 21:40:38 INFO  ChordProtocols:173 - Beregner fingerID for finger 23: 53937554629190552131995290006622898185
id: 53937554629190552131995290006622898185
lower: 53937554629190552131995290006614509577
upper: 66910184482037901621933403444034052414
Result (no wrap): true
2025-05-02 21:40:38 INFO  ChordProtocols:179 - Finger 23 peker n책 til: process3
2025-05-02 21:40:38 INFO  ChordProtocols:173 - Beregner fingerID for finger 24: 53937554629190552131995290006631286793
id: 53937554629190552131995290006631286793
lower: 53937554629190552131995290006614509577
upper: 66910184482037901621933403444034052414
Result (no wrap): true
2025-05-02 21:40:38 INFO  ChordProtocols:179 - Finger 24 peker n책 til: process3
2025-05-02 21:40:38 INFO  ChordProtocols:173 - Beregner fingerID for finger 25: 53937554629190552131995290006648064009
id: 53937554629190552131995290006648064009
lower: 53937554629190552131995290006614509577
upper: 66910184482037901621933403444034052414
Result (no wrap): true
2025-05-02 21:40:38 INFO  ChordProtocols:179 - Finger 25 peker n책 til: process3
2025-05-02 21:40:38 INFO  ChordProtocols:173 - Beregner fingerID for finger 26: 53937554629190552131995290006681618441
id: 53937554629190552131995290006681618441
lower: 53937554629190552131995290006614509577
upper: 66910184482037901621933403444034052414
Result (no wrap): true
2025-05-02 21:40:38 INFO  ChordProtocols:179 - Finger 26 peker n책 til: process3
2025-05-02 21:40:38 INFO  ChordProtocols:173 - Beregner fingerID for finger 27: 53937554629190552131995290006748727305
id: 53937554629190552131995290006748727305
lower: 53937554629190552131995290006614509577
upper: 66910184482037901621933403444034052414
Result (no wrap): true
2025-05-02 21:40:38 INFO  ChordProtocols:179 - Finger 27 peker n책 til: process3
2025-05-02 21:40:38 INFO  ChordProtocols:173 - Beregner fingerID for finger 28: 53937554629190552131995290006882945033
id: 53937554629190552131995290006882945033
lower: 53937554629190552131995290006614509577
upper: 66910184482037901621933403444034052414
Result (no wrap): true
2025-05-02 21:40:38 INFO  ChordProtocols:179 - Finger 28 peker n책 til: process3
2025-05-02 21:40:38 INFO  ChordProtocols:173 - Beregner fingerID for finger 29: 53937554629190552131995290007151380489
id: 53937554629190552131995290007151380489
lower: 53937554629190552131995290006614509577
upper: 66910184482037901621933403444034052414
Result (no wrap): true
2025-05-02 21:40:38 INFO  ChordProtocols:179 - Finger 29 peker n책 til: process3
2025-05-02 21:40:38 INFO  ChordProtocols:173 - Beregner fingerID for finger 30: 53937554629190552131995290007688251401
id: 53937554629190552131995290007688251401
lower: 53937554629190552131995290006614509577
upper: 66910184482037901621933403444034052414
Result (no wrap): true
2025-05-02 21:40:38 INFO  ChordProtocols:179 - Finger 30 peker n책 til: process3
2025-05-02 21:40:38 INFO  ChordProtocols:173 - Beregner fingerID for finger 31: 53937554629190552131995290008761993225
id: 53937554629190552131995290008761993225
lower: 53937554629190552131995290006614509577
upper: 66910184482037901621933403444034052414
Result (no wrap): true
2025-05-02 21:40:38 INFO  ChordProtocols:179 - Finger 31 peker n책 til: process3
2025-05-02 21:40:38 INFO  ChordProtocols:173 - Beregner fingerID for finger 32: 53937554629190552131995290010909476873
id: 53937554629190552131995290010909476873
lower: 53937554629190552131995290006614509577
upper: 66910184482037901621933403444034052414
Result (no wrap): true
2025-05-02 21:40:38 INFO  ChordProtocols:179 - Finger 32 peker n책 til: process3
2025-05-02 21:40:38 INFO  ChordProtocols:173 - Beregner fingerID for finger 33: 53937554629190552131995290015204444169
id: 53937554629190552131995290015204444169
lower: 53937554629190552131995290006614509577
upper: 66910184482037901621933403444034052414
Result (no wrap): true
2025-05-02 21:40:38 INFO  ChordProtocols:179 - Finger 33 peker n책 til: process3
2025-05-02 21:40:38 INFO  ChordProtocols:173 - Beregner fingerID for finger 34: 53937554629190552131995290023794378761
id: 53937554629190552131995290023794378761
lower: 53937554629190552131995290006614509577
upper: 66910184482037901621933403444034052414
Result (no wrap): true
2025-05-02 21:40:38 INFO  ChordProtocols:179 - Finger 34 peker n책 til: process3
2025-05-02 21:40:38 INFO  ChordProtocols:173 - Beregner fingerID for finger 35: 53937554629190552131995290040974247945
id: 53937554629190552131995290040974247945
lower: 53937554629190552131995290006614509577
upper: 66910184482037901621933403444034052414
Result (no wrap): true
2025-05-02 21:40:38 INFO  ChordProtocols:179 - Finger 35 peker n책 til: process3
2025-05-02 21:40:38 INFO  ChordProtocols:173 - Beregner fingerID for finger 36: 53937554629190552131995290075333986313
id: 53937554629190552131995290075333986313
lower: 53937554629190552131995290006614509577
upper: 66910184482037901621933403444034052414
Result (no wrap): true
2025-05-02 21:40:38 INFO  ChordProtocols:179 - Finger 36 peker n책 til: process3
2025-05-02 21:40:38 INFO  ChordProtocols:173 - Beregner fingerID for finger 37: 53937554629190552131995290144053463049
id: 53937554629190552131995290144053463049
lower: 53937554629190552131995290006614509577
upper: 66910184482037901621933403444034052414
Result (no wrap): true
2025-05-02 21:40:38 INFO  ChordProtocols:179 - Finger 37 peker n책 til: process3
2025-05-02 21:40:38 INFO  ChordProtocols:173 - Beregner fingerID for finger 38: 53937554629190552131995290281492416521
id: 53937554629190552131995290281492416521
lower: 53937554629190552131995290006614509577
upper: 66910184482037901621933403444034052414
Result (no wrap): true
2025-05-02 21:40:38 INFO  ChordProtocols:179 - Finger 38 peker n책 til: process3
2025-05-02 21:40:38 INFO  ChordProtocols:173 - Beregner fingerID for finger 39: 53937554629190552131995290556370323465
id: 53937554629190552131995290556370323465
lower: 53937554629190552131995290006614509577
upper: 66910184482037901621933403444034052414
Result (no wrap): true
2025-05-02 21:40:38 INFO  ChordProtocols:179 - Finger 39 peker n책 til: process3
2025-05-02 21:40:38 INFO  ChordProtocols:173 - Beregner fingerID for finger 40: 53937554629190552131995291106126137353
id: 53937554629190552131995291106126137353
lower: 53937554629190552131995290006614509577
upper: 66910184482037901621933403444034052414
Result (no wrap): true
2025-05-02 21:40:38 INFO  ChordProtocols:179 - Finger 40 peker n책 til: process3
2025-05-02 21:40:38 INFO  ChordProtocols:173 - Beregner fingerID for finger 41: 53937554629190552131995292205637765129
id: 53937554629190552131995292205637765129
lower: 53937554629190552131995290006614509577
upper: 66910184482037901621933403444034052414
Result (no wrap): true
2025-05-02 21:40:38 INFO  ChordProtocols:179 - Finger 41 peker n책 til: process3
2025-05-02 21:40:38 INFO  ChordProtocols:173 - Beregner fingerID for finger 42: 53937554629190552131995294404661020681
id: 53937554629190552131995294404661020681
lower: 53937554629190552131995290006614509577
upper: 66910184482037901621933403444034052414
Result (no wrap): true
2025-05-02 21:40:38 INFO  ChordProtocols:179 - Finger 42 peker n책 til: process3
2025-05-02 21:40:38 INFO  ChordProtocols:173 - Beregner fingerID for finger 43: 53937554629190552131995298802707531785
id: 53937554629190552131995298802707531785
lower: 53937554629190552131995290006614509577
upper: 66910184482037901621933403444034052414
Result (no wrap): true
2025-05-02 21:40:38 INFO  ChordProtocols:179 - Finger 43 peker n책 til: process3
2025-05-02 21:40:38 INFO  ChordProtocols:173 - Beregner fingerID for finger 44: 53937554629190552131995307598800553993
id: 53937554629190552131995307598800553993
lower: 53937554629190552131995290006614509577
upper: 66910184482037901621933403444034052414
Result (no wrap): true
2025-05-02 21:40:38 INFO  ChordProtocols:179 - Finger 44 peker n책 til: process3
2025-05-02 21:40:38 INFO  ChordProtocols:173 - Beregner fingerID for finger 45: 53937554629190552131995325190986598409
id: 53937554629190552131995325190986598409
lower: 53937554629190552131995290006614509577
upper: 66910184482037901621933403444034052414
Result (no wrap): true
2025-05-02 21:40:38 INFO  ChordProtocols:179 - Finger 45 peker n책 til: process3
2025-05-02 21:40:38 INFO  ChordProtocols:173 - Beregner fingerID for finger 46: 53937554629190552131995360375358687241
id: 53937554629190552131995360375358687241
lower: 53937554629190552131995290006614509577
upper: 66910184482037901621933403444034052414
Result (no wrap): true
2025-05-02 21:40:38 INFO  ChordProtocols:179 - Finger 46 peker n책 til: process3
2025-05-02 21:40:38 INFO  ChordProtocols:173 - Beregner fingerID for finger 47: 53937554629190552131995430744102864905
id: 53937554629190552131995430744102864905
lower: 53937554629190552131995290006614509577
upper: 66910184482037901621933403444034052414
Result (no wrap): true
2025-05-02 21:40:38 INFO  ChordProtocols:179 - Finger 47 peker n책 til: process3
2025-05-02 21:40:38 INFO  ChordProtocols:173 - Beregner fingerID for finger 48: 53937554629190552131995571481591220233
id: 53937554629190552131995571481591220233
lower: 53937554629190552131995290006614509577
upper: 66910184482037901621933403444034052414
Result (no wrap): true
2025-05-02 21:40:38 INFO  ChordProtocols:179 - Finger 48 peker n책 til: process3
2025-05-02 21:40:38 INFO  ChordProtocols:173 - Beregner fingerID for finger 49: 53937554629190552131995852956567930889
id: 53937554629190552131995852956567930889
lower: 53937554629190552131995290006614509577
upper: 66910184482037901621933403444034052414
Result (no wrap): true
2025-05-02 21:40:38 INFO  ChordProtocols:179 - Finger 49 peker n책 til: process3
2025-05-02 21:40:38 INFO  ChordProtocols:173 - Beregner fingerID for finger 50: 53937554629190552131996415906521352201
id: 53937554629190552131996415906521352201
lower: 53937554629190552131995290006614509577
upper: 66910184482037901621933403444034052414
Result (no wrap): true
2025-05-02 21:40:38 INFO  ChordProtocols:179 - Finger 50 peker n책 til: process3
2025-05-02 21:40:38 INFO  ChordProtocols:173 - Beregner fingerID for finger 51: 53937554629190552131997541806428194825
id: 53937554629190552131997541806428194825
lower: 53937554629190552131995290006614509577
upper: 66910184482037901621933403444034052414
Result (no wrap): true
2025-05-02 21:40:38 INFO  ChordProtocols:179 - Finger 51 peker n책 til: process3
2025-05-02 21:40:38 INFO  ChordProtocols:173 - Beregner fingerID for finger 52: 53937554629190552131999793606241880073
id: 53937554629190552131999793606241880073
lower: 53937554629190552131995290006614509577
upper: 66910184482037901621933403444034052414
Result (no wrap): true
2025-05-02 21:40:38 INFO  ChordProtocols:179 - Finger 52 peker n책 til: process3
2025-05-02 21:40:38 INFO  ChordProtocols:173 - Beregner fingerID for finger 53: 53937554629190552132004297205869250569
id: 53937554629190552132004297205869250569
lower: 53937554629190552131995290006614509577
upper: 66910184482037901621933403444034052414
Result (no wrap): true
2025-05-02 21:40:38 INFO  ChordProtocols:179 - Finger 53 peker n책 til: process3
2025-05-02 21:40:38 INFO  ChordProtocols:173 - Beregner fingerID for finger 54: 53937554629190552132013304405123991561
id: 53937554629190552132013304405123991561
lower: 53937554629190552131995290006614509577
upper: 66910184482037901621933403444034052414
Result (no wrap): true
2025-05-02 21:40:38 INFO  ChordProtocols:179 - Finger 54 peker n책 til: process3
2025-05-02 21:40:38 INFO  ChordProtocols:173 - Beregner fingerID for finger 55: 53937554629190552132031318803633473545
id: 53937554629190552132031318803633473545
lower: 53937554629190552131995290006614509577
upper: 66910184482037901621933403444034052414
Result (no wrap): true
2025-05-02 21:40:38 INFO  ChordProtocols:179 - Finger 55 peker n책 til: process3
2025-05-02 21:40:38 INFO  ChordProtocols:173 - Beregner fingerID for finger 56: 53937554629190552132067347600652437513
id: 53937554629190552132067347600652437513
lower: 53937554629190552131995290006614509577
upper: 66910184482037901621933403444034052414
Result (no wrap): true
2025-05-02 21:40:38 INFO  ChordProtocols:179 - Finger 56 peker n책 til: process3
2025-05-02 21:40:38 INFO  ChordProtocols:173 - Beregner fingerID for finger 57: 53937554629190552132139405194690365449
id: 53937554629190552132139405194690365449
lower: 53937554629190552131995290006614509577
upper: 66910184482037901621933403444034052414
Result (no wrap): true
2025-05-02 21:40:38 INFO  ChordProtocols:179 - Finger 57 peker n책 til: process3
2025-05-02 21:40:38 INFO  ChordProtocols:173 - Beregner fingerID for finger 58: 53937554629190552132283520382766221321
id: 53937554629190552132283520382766221321
lower: 53937554629190552131995290006614509577
upper: 66910184482037901621933403444034052414
Result (no wrap): true
2025-05-02 21:40:38 INFO  ChordProtocols:179 - Finger 58 peker n책 til: process3
2025-05-02 21:40:38 INFO  ChordProtocols:173 - Beregner fingerID for finger 59: 53937554629190552132571750758917933065
id: 53937554629190552132571750758917933065
lower: 53937554629190552131995290006614509577
upper: 66910184482037901621933403444034052414
Result (no wrap): true
2025-05-02 21:40:38 INFO  ChordProtocols:179 - Finger 59 peker n책 til: process3
2025-05-02 21:40:38 INFO  ChordProtocols:173 - Beregner fingerID for finger 60: 53937554629190552133148211511221356553
id: 53937554629190552133148211511221356553
lower: 53937554629190552131995290006614509577
upper: 66910184482037901621933403444034052414
Result (no wrap): true
2025-05-02 21:40:38 INFO  ChordProtocols:179 - Finger 60 peker n책 til: process3
2025-05-02 21:40:38 INFO  ChordProtocols:173 - Beregner fingerID for finger 61: 53937554629190552134301133015828203529
id: 53937554629190552134301133015828203529
lower: 53937554629190552131995290006614509577
upper: 66910184482037901621933403444034052414
Result (no wrap): true
2025-05-02 21:40:38 INFO  ChordProtocols:179 - Finger 61 peker n책 til: process3
2025-05-02 21:40:38 INFO  ChordProtocols:173 - Beregner fingerID for finger 62: 53937554629190552136606976025041897481
id: 53937554629190552136606976025041897481
lower: 53937554629190552131995290006614509577
upper: 66910184482037901621933403444034052414
Result (no wrap): true
2025-05-02 21:40:38 INFO  ChordProtocols:179 - Finger 62 peker n책 til: process3
2025-05-02 21:40:38 INFO  ChordProtocols:173 - Beregner fingerID for finger 63: 53937554629190552141218662043469285385
id: 53937554629190552141218662043469285385
lower: 53937554629190552131995290006614509577
upper: 66910184482037901621933403444034052414
Result (no wrap): true
2025-05-02 21:40:38 INFO  ChordProtocols:179 - Finger 63 peker n책 til: process3
2025-05-02 21:40:38 INFO  ChordProtocols:173 - Beregner fingerID for finger 64: 53937554629190552150442034080324061193
id: 53937554629190552150442034080324061193
lower: 53937554629190552131995290006614509577
upper: 66910184482037901621933403444034052414
Result (no wrap): true
2025-05-02 21:40:38 INFO  ChordProtocols:179 - Finger 64 peker n책 til: process3
2025-05-02 21:40:38 INFO  ChordProtocols:173 - Beregner fingerID for finger 65: 53937554629190552168888778154033612809
id: 53937554629190552168888778154033612809
lower: 53937554629190552131995290006614509577
upper: 66910184482037901621933403444034052414
Result (no wrap): true
2025-05-02 21:40:38 INFO  ChordProtocols:179 - Finger 65 peker n책 til: process3
2025-05-02 21:40:38 INFO  ChordProtocols:173 - Beregner fingerID for finger 66: 53937554629190552205782266301452716041
id: 53937554629190552205782266301452716041
lower: 53937554629190552131995290006614509577
upper: 66910184482037901621933403444034052414
Result (no wrap): true
2025-05-02 21:40:38 INFO  ChordProtocols:179 - Finger 66 peker n책 til: process3
2025-05-02 21:40:38 INFO  ChordProtocols:173 - Beregner fingerID for finger 67: 53937554629190552279569242596290922505
id: 53937554629190552279569242596290922505
lower: 53937554629190552131995290006614509577
upper: 66910184482037901621933403444034052414
Result (no wrap): true
2025-05-02 21:40:38 INFO  ChordProtocols:179 - Finger 67 peker n책 til: process3
2025-05-02 21:40:38 INFO  ChordProtocols:173 - Beregner fingerID for finger 68: 53937554629190552427143195185967335433
id: 53937554629190552427143195185967335433
lower: 53937554629190552131995290006614509577
upper: 66910184482037901621933403444034052414
Result (no wrap): true
2025-05-02 21:40:38 INFO  ChordProtocols:179 - Finger 68 peker n책 til: process3
2025-05-02 21:40:38 INFO  ChordProtocols:173 - Beregner fingerID for finger 69: 53937554629190552722291100365320161289
id: 53937554629190552722291100365320161289
lower: 53937554629190552131995290006614509577
upper: 66910184482037901621933403444034052414
Result (no wrap): true
2025-05-02 21:40:38 INFO  ChordProtocols:179 - Finger 69 peker n책 til: process3
2025-05-02 21:40:38 INFO  ChordProtocols:173 - Beregner fingerID for finger 70: 53937554629190553312586910724025813001
id: 53937554629190553312586910724025813001
lower: 53937554629190552131995290006614509577
upper: 66910184482037901621933403444034052414
Result (no wrap): true
2025-05-02 21:40:38 INFO  ChordProtocols:179 - Finger 70 peker n책 til: process3
2025-05-02 21:40:38 INFO  ChordProtocols:173 - Beregner fingerID for finger 71: 53937554629190554493178531441437116425
id: 53937554629190554493178531441437116425
lower: 53937554629190552131995290006614509577
upper: 66910184482037901621933403444034052414
Result (no wrap): true
2025-05-02 21:40:38 INFO  ChordProtocols:179 - Finger 71 peker n책 til: process3
2025-05-02 21:40:38 INFO  ChordProtocols:173 - Beregner fingerID for finger 72: 53937554629190556854361772876259723273
id: 53937554629190556854361772876259723273
lower: 53937554629190552131995290006614509577
upper: 66910184482037901621933403444034052414
Result (no wrap): true
2025-05-02 21:40:38 INFO  ChordProtocols:179 - Finger 72 peker n책 til: process3
2025-05-02 21:40:38 INFO  ChordProtocols:173 - Beregner fingerID for finger 73: 53937554629190561576728255745904936969
id: 53937554629190561576728255745904936969
lower: 53937554629190552131995290006614509577
upper: 66910184482037901621933403444034052414
Result (no wrap): true
2025-05-02 21:40:38 INFO  ChordProtocols:179 - Finger 73 peker n책 til: process3
2025-05-02 21:40:38 INFO  ChordProtocols:173 - Beregner fingerID for finger 74: 53937554629190571021461221485195364361
id: 53937554629190571021461221485195364361
lower: 53937554629190552131995290006614509577
upper: 66910184482037901621933403444034052414
Result (no wrap): true
2025-05-02 21:40:38 INFO  ChordProtocols:179 - Finger 74 peker n책 til: process3
2025-05-02 21:40:38 INFO  ChordProtocols:173 - Beregner fingerID for finger 75: 53937554629190589910927152963776219145
id: 53937554629190589910927152963776219145
lower: 53937554629190552131995290006614509577
upper: 66910184482037901621933403444034052414
Result (no wrap): true
2025-05-02 21:40:38 INFO  ChordProtocols:179 - Finger 75 peker n책 til: process3
2025-05-02 21:40:38 INFO  ChordProtocols:173 - Beregner fingerID for finger 76: 53937554629190627689859015920937928713
id: 53937554629190627689859015920937928713
lower: 53937554629190552131995290006614509577
upper: 66910184482037901621933403444034052414
Result (no wrap): true
2025-05-02 21:40:38 INFO  ChordProtocols:179 - Finger 76 peker n책 til: process3
2025-05-02 21:40:38 INFO  ChordProtocols:173 - Beregner fingerID for finger 77: 53937554629190703247722741835261347849
id: 53937554629190703247722741835261347849
lower: 53937554629190552131995290006614509577
upper: 66910184482037901621933403444034052414
Result (no wrap): true
2025-05-02 21:40:38 INFO  ChordProtocols:179 - Finger 77 peker n책 til: process3
2025-05-02 21:40:38 INFO  ChordProtocols:173 - Beregner fingerID for finger 78: 53937554629190854363450193663908186121
id: 53937554629190854363450193663908186121
lower: 53937554629190552131995290006614509577
upper: 66910184482037901621933403444034052414
Result (no wrap): true
2025-05-02 21:40:38 INFO  ChordProtocols:179 - Finger 78 peker n책 til: process3
2025-05-02 21:40:38 INFO  ChordProtocols:173 - Beregner fingerID for finger 79: 53937554629191156594905097321201862665
id: 53937554629191156594905097321201862665
lower: 53937554629190552131995290006614509577
upper: 66910184482037901621933403444034052414
Result (no wrap): true
2025-05-02 21:40:38 INFO  ChordProtocols:179 - Finger 79 peker n책 til: process3
2025-05-02 21:40:38 INFO  ChordProtocols:173 - Beregner fingerID for finger 80: 53937554629191761057814904635789215753
id: 53937554629191761057814904635789215753
lower: 53937554629190552131995290006614509577
upper: 66910184482037901621933403444034052414
Result (no wrap): true
2025-05-02 21:40:38 INFO  ChordProtocols:179 - Finger 80 peker n책 til: process3
2025-05-02 21:40:38 INFO  ChordProtocols:173 - Beregner fingerID for finger 81: 53937554629192969983634519264963921929
id: 53937554629192969983634519264963921929
lower: 53937554629190552131995290006614509577
upper: 66910184482037901621933403444034052414
Result (no wrap): true
2025-05-02 21:40:38 INFO  ChordProtocols:179 - Finger 81 peker n책 til: process3
2025-05-02 21:40:38 INFO  ChordProtocols:173 - Beregner fingerID for finger 82: 53937554629195387835273748523313334281
id: 53937554629195387835273748523313334281
lower: 53937554629190552131995290006614509577
upper: 66910184482037901621933403444034052414
Result (no wrap): true
2025-05-02 21:40:38 INFO  ChordProtocols:179 - Finger 82 peker n책 til: process3
2025-05-02 21:40:38 INFO  ChordProtocols:173 - Beregner fingerID for finger 83: 53937554629200223538552207040012158985
id: 53937554629200223538552207040012158985
lower: 53937554629190552131995290006614509577
upper: 66910184482037901621933403444034052414
Result (no wrap): true
2025-05-02 21:40:38 INFO  ChordProtocols:179 - Finger 83 peker n책 til: process3
2025-05-02 21:40:38 INFO  ChordProtocols:173 - Beregner fingerID for finger 84: 53937554629209894945109124073409808393
id: 53937554629209894945109124073409808393
lower: 53937554629190552131995290006614509577
upper: 66910184482037901621933403444034052414
Result (no wrap): true
2025-05-02 21:40:38 INFO  ChordProtocols:179 - Finger 84 peker n책 til: process3
2025-05-02 21:40:38 INFO  ChordProtocols:173 - Beregner fingerID for finger 85: 53937554629229237758222958140205107209
id: 53937554629229237758222958140205107209
lower: 53937554629190552131995290006614509577
upper: 66910184482037901621933403444034052414
Result (no wrap): true
2025-05-02 21:40:38 INFO  ChordProtocols:179 - Finger 85 peker n책 til: process3
2025-05-02 21:40:38 INFO  ChordProtocols:173 - Beregner fingerID for finger 86: 53937554629267923384450626273795704841
id: 53937554629267923384450626273795704841
lower: 53937554629190552131995290006614509577
upper: 66910184482037901621933403444034052414
Result (no wrap): true
2025-05-02 21:40:38 INFO  ChordProtocols:179 - Finger 86 peker n책 til: process3
2025-05-02 21:40:38 INFO  ChordProtocols:173 - Beregner fingerID for finger 87: 53937554629345294636905962540976900105
id: 53937554629345294636905962540976900105
lower: 53937554629190552131995290006614509577
upper: 66910184482037901621933403444034052414
Result (no wrap): true
2025-05-02 21:40:38 INFO  ChordProtocols:179 - Finger 87 peker n책 til: process3
2025-05-02 21:40:38 INFO  ChordProtocols:173 - Beregner fingerID for finger 88: 53937554629500037141816635075339290633
id: 53937554629500037141816635075339290633
lower: 53937554629190552131995290006614509577
upper: 66910184482037901621933403444034052414
Result (no wrap): true
2025-05-02 21:40:38 INFO  ChordProtocols:179 - Finger 88 peker n책 til: process3
2025-05-02 21:40:38 INFO  ChordProtocols:173 - Beregner fingerID for finger 89: 53937554629809522151637980144064071689
id: 53937554629809522151637980144064071689
lower: 53937554629190552131995290006614509577
upper: 66910184482037901621933403444034052414
Result (no wrap): true
2025-05-02 21:40:38 INFO  ChordProtocols:179 - Finger 89 peker n책 til: process3
2025-05-02 21:40:38 INFO  ChordProtocols:173 - Beregner fingerID for finger 90: 53937554630428492171280670281513633801
id: 53937554630428492171280670281513633801
lower: 53937554629190552131995290006614509577
upper: 66910184482037901621933403444034052414
Result (no wrap): true
2025-05-02 21:40:38 INFO  ChordProtocols:179 - Finger 90 peker n책 til: process3
2025-05-02 21:40:38 INFO  ChordProtocols:173 - Beregner fingerID for finger 91: 53937554631666432210566050556412758025
id: 53937554631666432210566050556412758025
lower: 53937554629190552131995290006614509577
upper: 66910184482037901621933403444034052414
Result (no wrap): true
2025-05-02 21:40:38 INFO  ChordProtocols:179 - Finger 91 peker n책 til: process3
2025-05-02 21:40:38 INFO  ChordProtocols:173 - Beregner fingerID for finger 92: 53937554634142312289136811106211006473
id: 53937554634142312289136811106211006473
lower: 53937554629190552131995290006614509577
upper: 66910184482037901621933403444034052414
Result (no wrap): true
2025-05-02 21:40:38 INFO  ChordProtocols:179 - Finger 92 peker n책 til: process3
2025-05-02 21:40:38 INFO  ChordProtocols:173 - Beregner fingerID for finger 93: 53937554639094072446278332205807503369
id: 53937554639094072446278332205807503369
lower: 53937554629190552131995290006614509577
upper: 66910184482037901621933403444034052414
Result (no wrap): true
2025-05-02 21:40:38 INFO  ChordProtocols:179 - Finger 93 peker n책 til: process3
2025-05-02 21:40:38 INFO  ChordProtocols:173 - Beregner fingerID for finger 94: 53937554648997592760561374405000497161
id: 53937554648997592760561374405000497161
lower: 53937554629190552131995290006614509577
upper: 66910184482037901621933403444034052414
Result (no wrap): true
2025-05-02 21:40:38 INFO  ChordProtocols:179 - Finger 94 peker n책 til: process3
2025-05-02 21:40:38 INFO  ChordProtocols:173 - Beregner fingerID for finger 95: 53937554668804633389127458803386484745
id: 53937554668804633389127458803386484745
lower: 53937554629190552131995290006614509577
upper: 66910184482037901621933403444034052414
Result (no wrap): true
2025-05-02 21:40:38 INFO  ChordProtocols:179 - Finger 95 peker n책 til: process3
2025-05-02 21:40:38 INFO  ChordProtocols:173 - Beregner fingerID for finger 96: 53937554708418714646259627600158459913
id: 53937554708418714646259627600158459913
lower: 53937554629190552131995290006614509577
upper: 66910184482037901621933403444034052414
Result (no wrap): true
2025-05-02 21:40:38 INFO  ChordProtocols:179 - Finger 96 peker n책 til: process3
2025-05-02 21:40:38 INFO  ChordProtocols:173 - Beregner fingerID for finger 97: 53937554787646877160523965193702410249
id: 53937554787646877160523965193702410249
lower: 53937554629190552131995290006614509577
upper: 66910184482037901621933403444034052414
Result (no wrap): true
2025-05-02 21:40:38 INFO  ChordProtocols:179 - Finger 97 peker n책 til: process3
2025-05-02 21:40:38 INFO  ChordProtocols:173 - Beregner fingerID for finger 98: 53937554946103202189052640380790310921
id: 53937554946103202189052640380790310921
lower: 53937554629190552131995290006614509577
upper: 66910184482037901621933403444034052414
Result (no wrap): true
2025-05-02 21:40:38 INFO  ChordProtocols:179 - Finger 98 peker n책 til: process3
2025-05-02 21:40:38 INFO  ChordProtocols:173 - Beregner fingerID for finger 99: 53937555263015852246109990754966112265
id: 53937555263015852246109990754966112265
lower: 53937554629190552131995290006614509577
upper: 66910184482037901621933403444034052414
Result (no wrap): true
2025-05-02 21:40:38 INFO  ChordProtocols:179 - Finger 99 peker n책 til: process3
2025-05-02 21:40:38 INFO  ChordProtocols:173 - Beregner fingerID for finger 100: 53937555896841152360224691503317714953
id: 53937555896841152360224691503317714953
lower: 53937554629190552131995290006614509577
upper: 66910184482037901621933403444034052414
Result (no wrap): true
2025-05-02 21:40:38 INFO  ChordProtocols:179 - Finger 100 peker n책 til: process3
2025-05-02 21:40:38 INFO  ChordProtocols:173 - Beregner fingerID for finger 101: 53937557164491752588454093000020920329
id: 53937557164491752588454093000020920329
lower: 53937554629190552131995290006614509577
upper: 66910184482037901621933403444034052414
Result (no wrap): true
2025-05-02 21:40:38 INFO  ChordProtocols:179 - Finger 101 peker n책 til: process3
2025-05-02 21:40:38 INFO  ChordProtocols:173 - Beregner fingerID for finger 102: 53937559699792953044912895993427331081
id: 53937559699792953044912895993427331081
lower: 53937554629190552131995290006614509577
upper: 66910184482037901621933403444034052414
Result (no wrap): true
2025-05-02 21:40:38 INFO  ChordProtocols:179 - Finger 102 peker n책 til: process3
2025-05-02 21:40:38 INFO  ChordProtocols:173 - Beregner fingerID for finger 103: 53937564770395353957830501980240152585
id: 53937564770395353957830501980240152585
lower: 53937554629190552131995290006614509577
upper: 66910184482037901621933403444034052414
Result (no wrap): true
2025-05-02 21:40:38 INFO  ChordProtocols:179 - Finger 103 peker n책 til: process3
2025-05-02 21:40:38 INFO  ChordProtocols:173 - Beregner fingerID for finger 104: 53937574911600155783665713953865795593
id: 53937574911600155783665713953865795593
lower: 53937554629190552131995290006614509577
upper: 66910184482037901621933403444034052414
Result (no wrap): true
2025-05-02 21:40:38 INFO  ChordProtocols:179 - Finger 104 peker n책 til: process3
2025-05-02 21:40:38 INFO  ChordProtocols:173 - Beregner fingerID for finger 105: 53937595194009759435336137901117081609
id: 53937595194009759435336137901117081609
lower: 53937554629190552131995290006614509577
upper: 66910184482037901621933403444034052414
Result (no wrap): true
2025-05-02 21:40:38 INFO  ChordProtocols:179 - Finger 105 peker n책 til: process3
2025-05-02 21:40:38 INFO  ChordProtocols:173 - Beregner fingerID for finger 106: 53937635758828966738676985795619653641
id: 53937635758828966738676985795619653641
lower: 53937554629190552131995290006614509577
upper: 66910184482037901621933403444034052414
Result (no wrap): true
2025-05-02 21:40:38 INFO  ChordProtocols:179 - Finger 106 peker n책 til: process3
2025-05-02 21:40:38 INFO  ChordProtocols:173 - Beregner fingerID for finger 107: 53937716888467381345358681584624797705
id: 53937716888467381345358681584624797705
lower: 53937554629190552131995290006614509577
upper: 66910184482037901621933403444034052414
Result (no wrap): true
2025-05-02 21:40:38 INFO  ChordProtocols:179 - Finger 107 peker n책 til: process3
2025-05-02 21:40:38 INFO  ChordProtocols:173 - Beregner fingerID for finger 108: 53937879147744210558722073162635085833
id: 53937879147744210558722073162635085833
lower: 53937554629190552131995290006614509577
upper: 66910184482037901621933403444034052414
Result (no wrap): true
2025-05-02 21:40:38 INFO  ChordProtocols:179 - Finger 108 peker n책 til: process3
2025-05-02 21:40:38 INFO  ChordProtocols:173 - Beregner fingerID for finger 109: 53938203666297868985448856318655662089
id: 53938203666297868985448856318655662089
lower: 53937554629190552131995290006614509577
upper: 66910184482037901621933403444034052414
Result (no wrap): true
2025-05-02 21:40:38 INFO  ChordProtocols:179 - Finger 109 peker n책 til: process3
2025-05-02 21:40:38 INFO  ChordProtocols:173 - Beregner fingerID for finger 110: 53938852703405185838902422630696814601
id: 53938852703405185838902422630696814601
lower: 53937554629190552131995290006614509577
upper: 66910184482037901621933403444034052414
Result (no wrap): true
2025-05-02 21:40:38 INFO  ChordProtocols:179 - Finger 110 peker n책 til: process3
2025-05-02 21:40:38 INFO  ChordProtocols:173 - Beregner fingerID for finger 111: 53940150777619819545809555254779119625
id: 53940150777619819545809555254779119625
lower: 53937554629190552131995290006614509577
upper: 66910184482037901621933403444034052414
Result (no wrap): true
2025-05-02 21:40:38 INFO  ChordProtocols:179 - Finger 111 peker n책 til: process3
2025-05-02 21:40:38 INFO  ChordProtocols:173 - Beregner fingerID for finger 112: 53942746926049086959623820502943729673
id: 53942746926049086959623820502943729673
lower: 53937554629190552131995290006614509577
upper: 66910184482037901621933403444034052414
Result (no wrap): true
2025-05-02 21:40:38 INFO  ChordProtocols:179 - Finger 112 peker n책 til: process3
2025-05-02 21:40:38 INFO  ChordProtocols:173 - Beregner fingerID for finger 113: 53947939222907621787252350999272949769
id: 53947939222907621787252350999272949769
lower: 53937554629190552131995290006614509577
upper: 66910184482037901621933403444034052414
Result (no wrap): true
2025-05-02 21:40:38 INFO  ChordProtocols:179 - Finger 113 peker n책 til: process3
2025-05-02 21:40:38 INFO  ChordProtocols:173 - Beregner fingerID for finger 114: 53958323816624691442509411991931389961
id: 53958323816624691442509411991931389961
lower: 53937554629190552131995290006614509577
upper: 66910184482037901621933403444034052414
Result (no wrap): true
2025-05-02 21:40:38 INFO  ChordProtocols:179 - Finger 114 peker n책 til: process3
2025-05-02 21:40:38 INFO  ChordProtocols:173 - Beregner fingerID for finger 115: 53979093004058830753023533977248270345
id: 53979093004058830753023533977248270345
lower: 53937554629190552131995290006614509577
upper: 66910184482037901621933403444034052414
Result (no wrap): true
2025-05-02 21:40:38 INFO  ChordProtocols:179 - Finger 115 peker n책 til: process3
2025-05-02 21:40:38 INFO  ChordProtocols:173 - Beregner fingerID for finger 116: 54020631378927109374051777947882031113
id: 54020631378927109374051777947882031113
lower: 53937554629190552131995290006614509577
upper: 66910184482037901621933403444034052414
Result (no wrap): true
2025-05-02 21:40:38 INFO  ChordProtocols:179 - Finger 116 peker n책 til: process3
2025-05-02 21:40:38 INFO  ChordProtocols:173 - Beregner fingerID for finger 117: 54103708128663666616108265889149552649
id: 54103708128663666616108265889149552649
lower: 53937554629190552131995290006614509577
upper: 66910184482037901621933403444034052414
Result (no wrap): true
2025-05-02 21:40:38 INFO  ChordProtocols:179 - Finger 117 peker n책 til: process3
2025-05-02 21:40:38 INFO  ChordProtocols:173 - Beregner fingerID for finger 118: 54269861628136781100221241771684595721
id: 54269861628136781100221241771684595721
lower: 53937554629190552131995290006614509577
upper: 66910184482037901621933403444034052414
Result (no wrap): true
2025-05-02 21:40:38 INFO  ChordProtocols:179 - Finger 118 peker n책 til: process3
2025-05-02 21:40:38 INFO  ChordProtocols:173 - Beregner fingerID for finger 119: 54602168627083010068447193536754681865
id: 54602168627083010068447193536754681865
lower: 53937554629190552131995290006614509577
upper: 66910184482037901621933403444034052414
Result (no wrap): true
2025-05-02 21:40:38 INFO  ChordProtocols:179 - Finger 119 peker n책 til: process3
2025-05-02 21:40:38 INFO  ChordProtocols:173 - Beregner fingerID for finger 120: 55266782624975468004899097066894854153
id: 55266782624975468004899097066894854153
lower: 53937554629190552131995290006614509577
upper: 66910184482037901621933403444034052414
Result (no wrap): true
2025-05-02 21:40:38 INFO  ChordProtocols:179 - Finger 120 peker n책 til: process3
2025-05-02 21:40:38 INFO  ChordProtocols:173 - Beregner fingerID for finger 121: 56596010620760383877802904127175198729
id: 56596010620760383877802904127175198729
lower: 53937554629190552131995290006614509577
upper: 66910184482037901621933403444034052414
Result (no wrap): true
2025-05-02 21:40:38 INFO  ChordProtocols:179 - Finger 121 peker n책 til: process3
2025-05-02 21:40:38 INFO  ChordProtocols:173 - Beregner fingerID for finger 122: 59254466612330215623610518247735887881
id: 59254466612330215623610518247735887881
lower: 53937554629190552131995290006614509577
upper: 66910184482037901621933403444034052414
Result (no wrap): true
2025-05-02 21:40:38 INFO  ChordProtocols:179 - Finger 122 peker n책 til: process3
2025-05-02 21:40:38 INFO  ChordProtocols:173 - Beregner fingerID for finger 123: 64571378595469879115225746488857266185
id: 64571378595469879115225746488857266185
lower: 53937554629190552131995290006614509577
upper: 66910184482037901621933403444034052414
Result (no wrap): true
2025-05-02 21:40:38 INFO  ChordProtocols:179 - Finger 123 peker n책 til: process3
2025-05-02 21:40:38 INFO  ChordProtocols:173 - Beregner fingerID for finger 124: 75205202561749206098456202971100022793
id: 75205202561749206098456202971100022793
lower: 53937554629190552131995290006614509577
upper: 66910184482037901621933403444034052414
Result (no wrap): false
id: 66910184482037901621933403444034052414
lower: 53937554629190552131995290006614509577
upper: 75205202561749206098456202971100022793
Result (no wrap): true
id: 75205202561749206098456202971100022793
lower: 66910184482037901621933403444034052414
upper: 121411138451101288395601026024677976156
Result (no wrap): true
2025-05-02 21:40:38 INFO  ChordProtocols:179 - Finger 124 peker n책 til: process5
2025-05-02 21:40:38 INFO  ChordProtocols:173 - Beregner fingerID for finger 125: 96472850494307860064917115935585536009
id: 96472850494307860064917115935585536009
lower: 53937554629190552131995290006614509577
upper: 66910184482037901621933403444034052414
Result (no wrap): false
id: 121411138451101288395601026024677976156
lower: 53937554629190552131995290006614509577
upper: 96472850494307860064917115935585536009
Result (no wrap): false
id: 66910184482037901621933403444034052414
lower: 53937554629190552131995290006614509577
upper: 96472850494307860064917115935585536009
Result (no wrap): true
id: 96472850494307860064917115935585536009
lower: 66910184482037901621933403444034052414
upper: 121411138451101288395601026024677976156
Result (no wrap): true
2025-05-02 21:40:38 INFO  ChordProtocols:179 - Finger 125 peker n책 til: process5
2025-05-02 21:40:38 INFO  ChordProtocols:173 - Beregner fingerID for finger 126: 139008146359425167997838941864556562441
id: 139008146359425167997838941864556562441
lower: 53937554629190552131995290006614509577
upper: 66910184482037901621933403444034052414
Result (no wrap): false
id: 121411138451101288395601026024677976156
lower: 53937554629190552131995290006614509577
upper: 139008146359425167997838941864556562441
Result (no wrap): true
id: 139008146359425167997838941864556562441
lower: 121411138451101288395601026024677976156
upper: 210821560651360572675896360671414673172
Result (no wrap): true
2025-05-02 21:40:38 INFO  ChordProtocols:179 - Finger 126 peker n책 til: process4
2025-05-02 21:40:38 INFO  ChordProtocols:173 - Beregner fingerID for finger 127: 224078738089659783863682593722498615305
id: 224078738089659783863682593722498615305
lower: 53937554629190552131995290006614509577
upper: 66910184482037901621933403444034052414
Result (no wrap): false
id: 210821560651360572675896360671414673172
lower: 53937554629190552131995290006614509577
upper: 224078738089659783863682593722498615305
Result (no wrap): true
id: 224078738089659783863682593722498615305
lower: 210821560651360572675896360671414673172
upper: 15618062003214643351512781541041391612
Result (wrap): true
2025-05-02 21:40:38 INFO  ChordProtocols:179 - Finger 127 peker n책 til: process2
2025-05-02 21:40:38 INFO  StabilizationProtocols:60 - Checking the predecessor for Node: process1
==================================
Node Identifier = 53937554629190552131995290006614509577
Node IP address = process1
successor(process1) = process3
predecessor(process1) = process2
Current File keys for process1 => [29249986233499374510233936914584139597, 22851974182570490653634187770374799407]
==================================
2025-05-02 21:40:38 INFO  StabilizationProtocols:130 - Updating the successor for Node: process2
id: 15618062003214643351512781541041391613
lower: 15618062003214643351512781541041391612
upper: 53937554629190552131995290006614509577
Result (no wrap): true
2025-05-02 21:40:38 INFO  StabilizationProtocols:84 - Stabilizing ring from process2...
2025-05-02 21:40:38 INFO  StabilizationProtocols:91 - Stabilize ring: succnode = process1
id: 15618062003214643351512781541041391612
lower: 15618062003214643351512781541041391613
upper: 53937554629190552131995290006614509578
Result (no wrap): false
2025-05-02 21:40:38 INFO  StabilizationProtocols:113 - Finished stabilizing chordring from process2
2025-05-02 21:40:38 INFO  ChordProtocols:159 - Oppdaterer FingerTable for Node: process2
2025-05-02 21:40:38 INFO  ChordProtocols:173 - Beregner fingerID for finger 0: 15618062003214643351512781541041391613
id: 15618062003214643351512781541041391613
lower: 15618062003214643351512781541041391612
upper: 53937554629190552131995290006614509577
Result (no wrap): true
2025-05-02 21:40:38 INFO  ChordProtocols:179 - Finger 0 peker n책 til: process1
2025-05-02 21:40:38 INFO  ChordProtocols:173 - Beregner fingerID for finger 1: 15618062003214643351512781541041391614
id: 15618062003214643351512781541041391614
lower: 15618062003214643351512781541041391612
upper: 53937554629190552131995290006614509577
Result (no wrap): true
2025-05-02 21:40:38 INFO  ChordProtocols:179 - Finger 1 peker n책 til: process1
2025-05-02 21:40:38 INFO  ChordProtocols:173 - Beregner fingerID for finger 2: 15618062003214643351512781541041391616
id: 15618062003214643351512781541041391616
lower: 15618062003214643351512781541041391612
upper: 53937554629190552131995290006614509577
Result (no wrap): true
2025-05-02 21:40:38 INFO  ChordProtocols:179 - Finger 2 peker n책 til: process1
2025-05-02 21:40:38 INFO  ChordProtocols:173 - Beregner fingerID for finger 3: 15618062003214643351512781541041391620
id: 15618062003214643351512781541041391620
lower: 15618062003214643351512781541041391612
upper: 53937554629190552131995290006614509577
Result (no wrap): true
2025-05-02 21:40:38 INFO  ChordProtocols:179 - Finger 3 peker n책 til: process1
2025-05-02 21:40:38 INFO  ChordProtocols:173 - Beregner fingerID for finger 4: 15618062003214643351512781541041391628
id: 15618062003214643351512781541041391628
lower: 15618062003214643351512781541041391612
upper: 53937554629190552131995290006614509577
Result (no wrap): true
2025-05-02 21:40:38 INFO  ChordProtocols:179 - Finger 4 peker n책 til: process1
2025-05-02 21:40:38 INFO  ChordProtocols:173 - Beregner fingerID for finger 5: 15618062003214643351512781541041391644
id: 15618062003214643351512781541041391644
lower: 15618062003214643351512781541041391612
upper: 53937554629190552131995290006614509577
Result (no wrap): true
2025-05-02 21:40:38 INFO  ChordProtocols:179 - Finger 5 peker n책 til: process1
2025-05-02 21:40:38 INFO  ChordProtocols:173 - Beregner fingerID for finger 6: 15618062003214643351512781541041391676
id: 15618062003214643351512781541041391676
lower: 15618062003214643351512781541041391612
upper: 53937554629190552131995290006614509577
Result (no wrap): true
2025-05-02 21:40:38 INFO  ChordProtocols:179 - Finger 6 peker n책 til: process1
2025-05-02 21:40:38 INFO  ChordProtocols:173 - Beregner fingerID for finger 7: 15618062003214643351512781541041391740
id: 15618062003214643351512781541041391740
lower: 15618062003214643351512781541041391612
upper: 53937554629190552131995290006614509577
Result (no wrap): true
2025-05-02 21:40:38 INFO  ChordProtocols:179 - Finger 7 peker n책 til: process1
2025-05-02 21:40:38 INFO  ChordProtocols:173 - Beregner fingerID for finger 8: 15618062003214643351512781541041391868
id: 15618062003214643351512781541041391868
lower: 15618062003214643351512781541041391612
upper: 53937554629190552131995290006614509577
Result (no wrap): true
2025-05-02 21:40:38 INFO  ChordProtocols:179 - Finger 8 peker n책 til: process1
2025-05-02 21:40:38 INFO  ChordProtocols:173 - Beregner fingerID for finger 9: 15618062003214643351512781541041392124
id: 15618062003214643351512781541041392124
lower: 15618062003214643351512781541041391612
upper: 53937554629190552131995290006614509577
Result (no wrap): true
2025-05-02 21:40:38 INFO  ChordProtocols:179 - Finger 9 peker n책 til: process1
2025-05-02 21:40:38 INFO  ChordProtocols:173 - Beregner fingerID for finger 10: 15618062003214643351512781541041392636
id: 15618062003214643351512781541041392636
lower: 15618062003214643351512781541041391612
upper: 53937554629190552131995290006614509577
Result (no wrap): true
2025-05-02 21:40:38 INFO  ChordProtocols:179 - Finger 10 peker n책 til: process1
2025-05-02 21:40:38 INFO  ChordProtocols:173 - Beregner fingerID for finger 11: 15618062003214643351512781541041393660
id: 15618062003214643351512781541041393660
lower: 15618062003214643351512781541041391612
upper: 53937554629190552131995290006614509577
Result (no wrap): true
2025-05-02 21:40:38 INFO  ChordProtocols:179 - Finger 11 peker n책 til: process1
2025-05-02 21:40:38 INFO  ChordProtocols:173 - Beregner fingerID for finger 12: 15618062003214643351512781541041395708
id: 15618062003214643351512781541041395708
lower: 15618062003214643351512781541041391612
upper: 53937554629190552131995290006614509577
Result (no wrap): true
2025-05-02 21:40:38 INFO  ChordProtocols:179 - Finger 12 peker n책 til: process1
2025-05-02 21:40:38 INFO  ChordProtocols:173 - Beregner fingerID for finger 13: 15618062003214643351512781541041399804
id: 15618062003214643351512781541041399804
lower: 15618062003214643351512781541041391612
upper: 53937554629190552131995290006614509577
Result (no wrap): true
2025-05-02 21:40:38 INFO  ChordProtocols:179 - Finger 13 peker n책 til: process1
2025-05-02 21:40:38 INFO  ChordProtocols:173 - Beregner fingerID for finger 14: 15618062003214643351512781541041407996
id: 15618062003214643351512781541041407996
lower: 15618062003214643351512781541041391612
upper: 53937554629190552131995290006614509577
Result (no wrap): true
2025-05-02 21:40:38 INFO  ChordProtocols:179 - Finger 14 peker n책 til: process1
2025-05-02 21:40:38 INFO  ChordProtocols:173 - Beregner fingerID for finger 15: 15618062003214643351512781541041424380
id: 15618062003214643351512781541041424380
lower: 15618062003214643351512781541041391612
upper: 53937554629190552131995290006614509577
Result (no wrap): true
2025-05-02 21:40:38 INFO  ChordProtocols:179 - Finger 15 peker n책 til: process1
2025-05-02 21:40:38 INFO  ChordProtocols:173 - Beregner fingerID for finger 16: 15618062003214643351512781541041457148
id: 15618062003214643351512781541041457148
lower: 15618062003214643351512781541041391612
upper: 53937554629190552131995290006614509577
Result (no wrap): true
2025-05-02 21:40:38 INFO  ChordProtocols:179 - Finger 16 peker n책 til: process1
2025-05-02 21:40:38 INFO  ChordProtocols:173 - Beregner fingerID for finger 17: 15618062003214643351512781541041522684
id: 15618062003214643351512781541041522684
lower: 15618062003214643351512781541041391612
upper: 53937554629190552131995290006614509577
Result (no wrap): true
2025-05-02 21:40:38 INFO  ChordProtocols:179 - Finger 17 peker n책 til: process1
2025-05-02 21:40:38 INFO  ChordProtocols:173 - Beregner fingerID for finger 18: 15618062003214643351512781541041653756
id: 15618062003214643351512781541041653756
lower: 15618062003214643351512781541041391612
upper: 53937554629190552131995290006614509577
Result (no wrap): true
2025-05-02 21:40:38 INFO  ChordProtocols:179 - Finger 18 peker n책 til: process1
2025-05-02 21:40:38 INFO  ChordProtocols:173 - Beregner fingerID for finger 19: 15618062003214643351512781541041915900
id: 15618062003214643351512781541041915900
lower: 15618062003214643351512781541041391612
upper: 53937554629190552131995290006614509577
Result (no wrap): true
2025-05-02 21:40:38 INFO  ChordProtocols:179 - Finger 19 peker n책 til: process1
2025-05-02 21:40:38 INFO  ChordProtocols:173 - Beregner fingerID for finger 20: 15618062003214643351512781541042440188
id: 15618062003214643351512781541042440188
lower: 15618062003214643351512781541041391612
upper: 53937554629190552131995290006614509577
Result (no wrap): true
2025-05-02 21:40:38 INFO  ChordProtocols:179 - Finger 20 peker n책 til: process1
2025-05-02 21:40:38 INFO  ChordProtocols:173 - Beregner fingerID for finger 21: 15618062003214643351512781541043488764
id: 15618062003214643351512781541043488764
lower: 15618062003214643351512781541041391612
upper: 53937554629190552131995290006614509577
Result (no wrap): true
2025-05-02 21:40:38 INFO  ChordProtocols:179 - Finger 21 peker n책 til: process1
2025-05-02 21:40:38 INFO  ChordProtocols:173 - Beregner fingerID for finger 22: 15618062003214643351512781541045585916
id: 15618062003214643351512781541045585916
lower: 15618062003214643351512781541041391612
upper: 53937554629190552131995290006614509577
Result (no wrap): true
2025-05-02 21:40:38 INFO  ChordProtocols:179 - Finger 22 peker n책 til: process1
2025-05-02 21:40:38 INFO  ChordProtocols:173 - Beregner fingerID for finger 23: 15618062003214643351512781541049780220
id: 15618062003214643351512781541049780220
lower: 15618062003214643351512781541041391612
upper: 53937554629190552131995290006614509577
Result (no wrap): true
2025-05-02 21:40:38 INFO  ChordProtocols:179 - Finger 23 peker n책 til: process1
2025-05-02 21:40:38 INFO  ChordProtocols:173 - Beregner fingerID for finger 24: 15618062003214643351512781541058168828
id: 15618062003214643351512781541058168828
lower: 15618062003214643351512781541041391612
upper: 53937554629190552131995290006614509577
Result (no wrap): true
2025-05-02 21:40:38 INFO  ChordProtocols:179 - Finger 24 peker n책 til: process1
2025-05-02 21:40:38 INFO  ChordProtocols:173 - Beregner fingerID for finger 25: 15618062003214643351512781541074946044
id: 15618062003214643351512781541074946044
lower: 15618062003214643351512781541041391612
upper: 53937554629190552131995290006614509577
Result (no wrap): true
2025-05-02 21:40:38 INFO  ChordProtocols:179 - Finger 25 peker n책 til: process1
2025-05-02 21:40:38 INFO  ChordProtocols:173 - Beregner fingerID for finger 26: 15618062003214643351512781541108500476
id: 15618062003214643351512781541108500476
lower: 15618062003214643351512781541041391612
upper: 53937554629190552131995290006614509577
Result (no wrap): true
2025-05-02 21:40:38 INFO  ChordProtocols:179 - Finger 26 peker n책 til: process1
2025-05-02 21:40:38 INFO  ChordProtocols:173 - Beregner fingerID for finger 27: 15618062003214643351512781541175609340
id: 15618062003214643351512781541175609340
lower: 15618062003214643351512781541041391612
upper: 53937554629190552131995290006614509577
Result (no wrap): true
2025-05-02 21:40:38 INFO  ChordProtocols:179 - Finger 27 peker n책 til: process1
2025-05-02 21:40:38 INFO  ChordProtocols:173 - Beregner fingerID for finger 28: 15618062003214643351512781541309827068
id: 15618062003214643351512781541309827068
lower: 15618062003214643351512781541041391612
upper: 53937554629190552131995290006614509577
Result (no wrap): true
2025-05-02 21:40:38 INFO  ChordProtocols:179 - Finger 28 peker n책 til: process1
2025-05-02 21:40:38 INFO  ChordProtocols:173 - Beregner fingerID for finger 29: 15618062003214643351512781541578262524
id: 15618062003214643351512781541578262524
lower: 15618062003214643351512781541041391612
upper: 53937554629190552131995290006614509577
Result (no wrap): true
2025-05-02 21:40:38 INFO  ChordProtocols:179 - Finger 29 peker n책 til: process1
2025-05-02 21:40:38 INFO  ChordProtocols:173 - Beregner fingerID for finger 30: 15618062003214643351512781542115133436
id: 15618062003214643351512781542115133436
lower: 15618062003214643351512781541041391612
upper: 53937554629190552131995290006614509577
Result (no wrap): true
2025-05-02 21:40:38 INFO  ChordProtocols:179 - Finger 30 peker n책 til: process1
2025-05-02 21:40:38 INFO  ChordProtocols:173 - Beregner fingerID for finger 31: 15618062003214643351512781543188875260
id: 15618062003214643351512781543188875260
lower: 15618062003214643351512781541041391612
upper: 53937554629190552131995290006614509577
Result (no wrap): true
2025-05-02 21:40:38 INFO  ChordProtocols:179 - Finger 31 peker n책 til: process1
2025-05-02 21:40:38 INFO  ChordProtocols:173 - Beregner fingerID for finger 32: 15618062003214643351512781545336358908
id: 15618062003214643351512781545336358908
lower: 15618062003214643351512781541041391612
upper: 53937554629190552131995290006614509577
Result (no wrap): true
2025-05-02 21:40:38 INFO  ChordProtocols:179 - Finger 32 peker n책 til: process1
2025-05-02 21:40:38 INFO  ChordProtocols:173 - Beregner fingerID for finger 33: 15618062003214643351512781549631326204
id: 15618062003214643351512781549631326204
lower: 15618062003214643351512781541041391612
upper: 53937554629190552131995290006614509577
Result (no wrap): true
2025-05-02 21:40:38 INFO  ChordProtocols:179 - Finger 33 peker n책 til: process1
2025-05-02 21:40:38 INFO  ChordProtocols:173 - Beregner fingerID for finger 34: 15618062003214643351512781558221260796
id: 15618062003214643351512781558221260796
lower: 15618062003214643351512781541041391612
upper: 53937554629190552131995290006614509577
Result (no wrap): true
2025-05-02 21:40:38 INFO  ChordProtocols:179 - Finger 34 peker n책 til: process1
2025-05-02 21:40:38 INFO  ChordProtocols:173 - Beregner fingerID for finger 35: 15618062003214643351512781575401129980
id: 15618062003214643351512781575401129980
lower: 15618062003214643351512781541041391612
upper: 53937554629190552131995290006614509577
Result (no wrap): true
2025-05-02 21:40:38 INFO  ChordProtocols:179 - Finger 35 peker n책 til: process1
2025-05-02 21:40:38 INFO  ChordProtocols:173 - Beregner fingerID for finger 36: 15618062003214643351512781609760868348
id: 15618062003214643351512781609760868348
lower: 15618062003214643351512781541041391612
upper: 53937554629190552131995290006614509577
Result (no wrap): true
2025-05-02 21:40:38 INFO  ChordProtocols:179 - Finger 36 peker n책 til: process1
2025-05-02 21:40:38 INFO  ChordProtocols:173 - Beregner fingerID for finger 37: 15618062003214643351512781678480345084
id: 15618062003214643351512781678480345084
lower: 15618062003214643351512781541041391612
upper: 53937554629190552131995290006614509577
Result (no wrap): true
2025-05-02 21:40:38 INFO  ChordProtocols:179 - Finger 37 peker n책 til: process1
2025-05-02 21:40:38 INFO  ChordProtocols:173 - Beregner fingerID for finger 38: 15618062003214643351512781815919298556
id: 15618062003214643351512781815919298556
lower: 15618062003214643351512781541041391612
upper: 53937554629190552131995290006614509577
Result (no wrap): true
2025-05-02 21:40:38 INFO  ChordProtocols:179 - Finger 38 peker n책 til: process1
2025-05-02 21:40:38 INFO  ChordProtocols:173 - Beregner fingerID for finger 39: 15618062003214643351512782090797205500
id: 15618062003214643351512782090797205500
lower: 15618062003214643351512781541041391612
upper: 53937554629190552131995290006614509577
Result (no wrap): true
2025-05-02 21:40:38 INFO  ChordProtocols:179 - Finger 39 peker n책 til: process1
2025-05-02 21:40:38 INFO  ChordProtocols:173 - Beregner fingerID for finger 40: 15618062003214643351512782640553019388
id: 15618062003214643351512782640553019388
lower: 15618062003214643351512781541041391612
upper: 53937554629190552131995290006614509577
Result (no wrap): true
2025-05-02 21:40:38 INFO  ChordProtocols:179 - Finger 40 peker n책 til: process1
2025-05-02 21:40:38 INFO  ChordProtocols:173 - Beregner fingerID for finger 41: 15618062003214643351512783740064647164
id: 15618062003214643351512783740064647164
lower: 15618062003214643351512781541041391612
upper: 53937554629190552131995290006614509577
Result (no wrap): true
2025-05-02 21:40:38 INFO  ChordProtocols:179 - Finger 41 peker n책 til: process1
2025-05-02 21:40:38 INFO  ChordProtocols:173 - Beregner fingerID for finger 42: 15618062003214643351512785939087902716
id: 15618062003214643351512785939087902716
lower: 15618062003214643351512781541041391612
upper: 53937554629190552131995290006614509577
Result (no wrap): true
2025-05-02 21:40:38 INFO  ChordProtocols:179 - Finger 42 peker n책 til: process1
2025-05-02 21:40:38 INFO  ChordProtocols:173 - Beregner fingerID for finger 43: 15618062003214643351512790337134413820
id: 15618062003214643351512790337134413820
lower: 15618062003214643351512781541041391612
upper: 53937554629190552131995290006614509577
Result (no wrap): true
2025-05-02 21:40:38 INFO  ChordProtocols:179 - Finger 43 peker n책 til: process1
2025-05-02 21:40:38 INFO  ChordProtocols:173 - Beregner fingerID for finger 44: 15618062003214643351512799133227436028
id: 15618062003214643351512799133227436028
lower: 15618062003214643351512781541041391612
upper: 53937554629190552131995290006614509577
Result (no wrap): true
2025-05-02 21:40:38 INFO  ChordProtocols:179 - Finger 44 peker n책 til: process1
2025-05-02 21:40:38 INFO  ChordProtocols:173 - Beregner fingerID for finger 45: 15618062003214643351512816725413480444
id: 15618062003214643351512816725413480444
lower: 15618062003214643351512781541041391612
upper: 53937554629190552131995290006614509577
Result (no wrap): true
2025-05-02 21:40:38 INFO  ChordProtocols:179 - Finger 45 peker n책 til: process1
2025-05-02 21:40:38 INFO  ChordProtocols:173 - Beregner fingerID for finger 46: 15618062003214643351512851909785569276
id: 15618062003214643351512851909785569276
lower: 15618062003214643351512781541041391612
upper: 53937554629190552131995290006614509577
Result (no wrap): true
2025-05-02 21:40:38 INFO  ChordProtocols:179 - Finger 46 peker n책 til: process1
2025-05-02 21:40:38 INFO  ChordProtocols:173 - Beregner fingerID for finger 47: 15618062003214643351512922278529746940
id: 15618062003214643351512922278529746940
lower: 15618062003214643351512781541041391612
upper: 53937554629190552131995290006614509577
Result (no wrap): true
2025-05-02 21:40:38 INFO  ChordProtocols:179 - Finger 47 peker n책 til: process1
2025-05-02 21:40:38 INFO  ChordProtocols:173 - Beregner fingerID for finger 48: 15618062003214643351513063016018102268
id: 15618062003214643351513063016018102268
lower: 15618062003214643351512781541041391612
upper: 53937554629190552131995290006614509577
Result (no wrap): true
2025-05-02 21:40:38 INFO  ChordProtocols:179 - Finger 48 peker n책 til: process1
2025-05-02 21:40:38 INFO  ChordProtocols:173 - Beregner fingerID for finger 49: 15618062003214643351513344490994812924
id: 15618062003214643351513344490994812924
lower: 15618062003214643351512781541041391612
upper: 53937554629190552131995290006614509577
Result (no wrap): true
2025-05-02 21:40:38 INFO  ChordProtocols:179 - Finger 49 peker n책 til: process1
2025-05-02 21:40:38 INFO  ChordProtocols:173 - Beregner fingerID for finger 50: 15618062003214643351513907440948234236
id: 15618062003214643351513907440948234236
lower: 15618062003214643351512781541041391612
upper: 53937554629190552131995290006614509577
Result (no wrap): true
2025-05-02 21:40:38 INFO  ChordProtocols:179 - Finger 50 peker n책 til: process1
2025-05-02 21:40:38 INFO  ChordProtocols:173 - Beregner fingerID for finger 51: 15618062003214643351515033340855076860
id: 15618062003214643351515033340855076860
lower: 15618062003214643351512781541041391612
upper: 53937554629190552131995290006614509577
Result (no wrap): true
2025-05-02 21:40:38 INFO  ChordProtocols:179 - Finger 51 peker n책 til: process1
2025-05-02 21:40:38 INFO  ChordProtocols:173 - Beregner fingerID for finger 52: 15618062003214643351517285140668762108
id: 15618062003214643351517285140668762108
lower: 15618062003214643351512781541041391612
upper: 53937554629190552131995290006614509577
Result (no wrap): true
2025-05-02 21:40:38 INFO  ChordProtocols:179 - Finger 52 peker n책 til: process1
2025-05-02 21:40:38 INFO  ChordProtocols:173 - Beregner fingerID for finger 53: 15618062003214643351521788740296132604
id: 15618062003214643351521788740296132604
lower: 15618062003214643351512781541041391612
upper: 53937554629190552131995290006614509577
Result (no wrap): true
2025-05-02 21:40:38 INFO  ChordProtocols:179 - Finger 53 peker n책 til: process1
2025-05-02 21:40:38 INFO  ChordProtocols:173 - Beregner fingerID for finger 54: 15618062003214643351530795939550873596
id: 15618062003214643351530795939550873596
lower: 15618062003214643351512781541041391612
upper: 53937554629190552131995290006614509577
Result (no wrap): true
2025-05-02 21:40:38 INFO  ChordProtocols:179 - Finger 54 peker n책 til: process1
2025-05-02 21:40:38 INFO  ChordProtocols:173 - Beregner fingerID for finger 55: 15618062003214643351548810338060355580
id: 15618062003214643351548810338060355580
lower: 15618062003214643351512781541041391612
upper: 53937554629190552131995290006614509577
Result (no wrap): true
2025-05-02 21:40:38 INFO  ChordProtocols:179 - Finger 55 peker n책 til: process1
2025-05-02 21:40:38 INFO  ChordProtocols:173 - Beregner fingerID for finger 56: 15618062003214643351584839135079319548
id: 15618062003214643351584839135079319548
lower: 15618062003214643351512781541041391612
upper: 53937554629190552131995290006614509577
Result (no wrap): true
2025-05-02 21:40:38 INFO  ChordProtocols:179 - Finger 56 peker n책 til: process1
2025-05-02 21:40:38 INFO  ChordProtocols:173 - Beregner fingerID for finger 57: 15618062003214643351656896729117247484
id: 15618062003214643351656896729117247484
lower: 15618062003214643351512781541041391612
upper: 53937554629190552131995290006614509577
Result (no wrap): true
2025-05-02 21:40:38 INFO  ChordProtocols:179 - Finger 57 peker n책 til: process1
2025-05-02 21:40:38 INFO  ChordProtocols:173 - Beregner fingerID for finger 58: 15618062003214643351801011917193103356
id: 15618062003214643351801011917193103356
lower: 15618062003214643351512781541041391612
upper: 53937554629190552131995290006614509577
Result (no wrap): true
2025-05-02 21:40:38 INFO  ChordProtocols:179 - Finger 58 peker n책 til: process1
2025-05-02 21:40:38 INFO  ChordProtocols:173 - Beregner fingerID for finger 59: 15618062003214643352089242293344815100
id: 15618062003214643352089242293344815100
lower: 15618062003214643351512781541041391612
upper: 53937554629190552131995290006614509577
Result (no wrap): true
2025-05-02 21:40:38 INFO  ChordProtocols:179 - Finger 59 peker n책 til: process1
2025-05-02 21:40:38 INFO  ChordProtocols:173 - Beregner fingerID for finger 60: 15618062003214643352665703045648238588
id: 15618062003214643352665703045648238588
lower: 15618062003214643351512781541041391612
upper: 53937554629190552131995290006614509577
Result (no wrap): true
2025-05-02 21:40:38 INFO  ChordProtocols:179 - Finger 60 peker n책 til: process1
2025-05-02 21:40:38 INFO  ChordProtocols:173 - Beregner fingerID for finger 61: 15618062003214643353818624550255085564
id: 15618062003214643353818624550255085564
lower: 15618062003214643351512781541041391612
upper: 53937554629190552131995290006614509577
Result (no wrap): true
2025-05-02 21:40:38 INFO  ChordProtocols:179 - Finger 61 peker n책 til: process1
2025-05-02 21:40:38 INFO  ChordProtocols:173 - Beregner fingerID for finger 62: 15618062003214643356124467559468779516
id: 15618062003214643356124467559468779516
lower: 15618062003214643351512781541041391612
upper: 53937554629190552131995290006614509577
Result (no wrap): true
2025-05-02 21:40:38 INFO  ChordProtocols:179 - Finger 62 peker n책 til: process1
2025-05-02 21:40:38 INFO  ChordProtocols:173 - Beregner fingerID for finger 63: 15618062003214643360736153577896167420
id: 15618062003214643360736153577896167420
lower: 15618062003214643351512781541041391612
upper: 53937554629190552131995290006614509577
Result (no wrap): true
2025-05-02 21:40:38 INFO  ChordProtocols:179 - Finger 63 peker n책 til: process1
2025-05-02 21:40:38 INFO  ChordProtocols:173 - Beregner fingerID for finger 64: 15618062003214643369959525614750943228
id: 15618062003214643369959525614750943228
lower: 15618062003214643351512781541041391612
upper: 53937554629190552131995290006614509577
Result (no wrap): true
2025-05-02 21:40:38 INFO  ChordProtocols:179 - Finger 64 peker n책 til: process1
2025-05-02 21:40:38 INFO  ChordProtocols:173 - Beregner fingerID for finger 65: 15618062003214643388406269688460494844
id: 15618062003214643388406269688460494844
lower: 15618062003214643351512781541041391612
upper: 53937554629190552131995290006614509577
Result (no wrap): true
2025-05-02 21:40:38 INFO  ChordProtocols:179 - Finger 65 peker n책 til: process1
2025-05-02 21:40:38 INFO  ChordProtocols:173 - Beregner fingerID for finger 66: 15618062003214643425299757835879598076
id: 15618062003214643425299757835879598076
lower: 15618062003214643351512781541041391612
upper: 53937554629190552131995290006614509577
Result (no wrap): true
2025-05-02 21:40:38 INFO  ChordProtocols:179 - Finger 66 peker n책 til: process1
2025-05-02 21:40:38 INFO  ChordProtocols:173 - Beregner fingerID for finger 67: 15618062003214643499086734130717804540
id: 15618062003214643499086734130717804540
lower: 15618062003214643351512781541041391612
upper: 53937554629190552131995290006614509577
Result (no wrap): true
2025-05-02 21:40:38 INFO  ChordProtocols:179 - Finger 67 peker n책 til: process1
2025-05-02 21:40:38 INFO  ChordProtocols:173 - Beregner fingerID for finger 68: 15618062003214643646660686720394217468
id: 15618062003214643646660686720394217468
lower: 15618062003214643351512781541041391612
upper: 53937554629190552131995290006614509577
Result (no wrap): true
2025-05-02 21:40:38 INFO  ChordProtocols:179 - Finger 68 peker n책 til: process1
2025-05-02 21:40:38 INFO  ChordProtocols:173 - Beregner fingerID for finger 69: 15618062003214643941808591899747043324
id: 15618062003214643941808591899747043324
lower: 15618062003214643351512781541041391612
upper: 53937554629190552131995290006614509577
Result (no wrap): true
2025-05-02 21:40:38 INFO  ChordProtocols:179 - Finger 69 peker n책 til: process1
2025-05-02 21:40:38 INFO  ChordProtocols:173 - Beregner fingerID for finger 70: 15618062003214644532104402258452695036
id: 15618062003214644532104402258452695036
lower: 15618062003214643351512781541041391612
upper: 53937554629190552131995290006614509577
Result (no wrap): true
2025-05-02 21:40:38 INFO  ChordProtocols:179 - Finger 70 peker n책 til: process1
2025-05-02 21:40:38 INFO  ChordProtocols:173 - Beregner fingerID for finger 71: 15618062003214645712696022975863998460
id: 15618062003214645712696022975863998460
lower: 15618062003214643351512781541041391612
upper: 53937554629190552131995290006614509577
Result (no wrap): true
2025-05-02 21:40:38 INFO  ChordProtocols:179 - Finger 71 peker n책 til: process1
2025-05-02 21:40:38 INFO  ChordProtocols:173 - Beregner fingerID for finger 72: 15618062003214648073879264410686605308
id: 15618062003214648073879264410686605308
lower: 15618062003214643351512781541041391612
upper: 53937554629190552131995290006614509577
Result (no wrap): true
2025-05-02 21:40:38 INFO  ChordProtocols:179 - Finger 72 peker n책 til: process1
2025-05-02 21:40:38 INFO  ChordProtocols:173 - Beregner fingerID for finger 73: 15618062003214652796245747280331819004
id: 15618062003214652796245747280331819004
lower: 15618062003214643351512781541041391612
upper: 53937554629190552131995290006614509577
Result (no wrap): true
2025-05-02 21:40:38 INFO  ChordProtocols:179 - Finger 73 peker n책 til: process1
2025-05-02 21:40:38 INFO  ChordProtocols:173 - Beregner fingerID for finger 74: 15618062003214662240978713019622246396
id: 15618062003214662240978713019622246396
lower: 15618062003214643351512781541041391612
upper: 53937554629190552131995290006614509577
Result (no wrap): true
2025-05-02 21:40:38 INFO  ChordProtocols:179 - Finger 74 peker n책 til: process1
2025-05-02 21:40:38 INFO  ChordProtocols:173 - Beregner fingerID for finger 75: 15618062003214681130444644498203101180
id: 15618062003214681130444644498203101180
lower: 15618062003214643351512781541041391612
upper: 53937554629190552131995290006614509577
Result (no wrap): true
2025-05-02 21:40:38 INFO  ChordProtocols:179 - Finger 75 peker n책 til: process1
2025-05-02 21:40:38 INFO  ChordProtocols:173 - Beregner fingerID for finger 76: 15618062003214718909376507455364810748
id: 15618062003214718909376507455364810748
lower: 15618062003214643351512781541041391612
upper: 53937554629190552131995290006614509577
Result (no wrap): true
2025-05-02 21:40:38 INFO  ChordProtocols:179 - Finger 76 peker n책 til: process1
2025-05-02 21:40:38 INFO  ChordProtocols:173 - Beregner fingerID for finger 77: 15618062003214794467240233369688229884
id: 15618062003214794467240233369688229884
lower: 15618062003214643351512781541041391612
upper: 53937554629190552131995290006614509577
Result (no wrap): true
2025-05-02 21:40:38 INFO  ChordProtocols:179 - Finger 77 peker n책 til: process1
2025-05-02 21:40:38 INFO  ChordProtocols:173 - Beregner fingerID for finger 78: 15618062003214945582967685198335068156
id: 15618062003214945582967685198335068156
lower: 15618062003214643351512781541041391612
upper: 53937554629190552131995290006614509577
Result (no wrap): true
2025-05-02 21:40:38 INFO  ChordProtocols:179 - Finger 78 peker n책 til: process1
2025-05-02 21:40:38 INFO  ChordProtocols:173 - Beregner fingerID for finger 79: 15618062003215247814422588855628744700
id: 15618062003215247814422588855628744700
lower: 15618062003214643351512781541041391612
upper: 53937554629190552131995290006614509577
Result (no wrap): true
2025-05-02 21:40:38 INFO  ChordProtocols:179 - Finger 79 peker n책 til: process1
2025-05-02 21:40:38 INFO  ChordProtocols:173 - Beregner fingerID for finger 80: 15618062003215852277332396170216097788
id: 15618062003215852277332396170216097788
lower: 15618062003214643351512781541041391612
upper: 53937554629190552131995290006614509577
Result (no wrap): true
2025-05-02 21:40:38 INFO  ChordProtocols:179 - Finger 80 peker n책 til: process1
2025-05-02 21:40:38 INFO  ChordProtocols:173 - Beregner fingerID for finger 81: 15618062003217061203152010799390803964
id: 15618062003217061203152010799390803964
lower: 15618062003214643351512781541041391612
upper: 53937554629190552131995290006614509577
Result (no wrap): true
2025-05-02 21:40:38 INFO  ChordProtocols:179 - Finger 81 peker n책 til: process1
2025-05-02 21:40:38 INFO  ChordProtocols:173 - Beregner fingerID for finger 82: 15618062003219479054791240057740216316
id: 15618062003219479054791240057740216316
lower: 15618062003214643351512781541041391612
upper: 53937554629190552131995290006614509577
Result (no wrap): true
2025-05-02 21:40:38 INFO  ChordProtocols:179 - Finger 82 peker n책 til: process1
2025-05-02 21:40:38 INFO  ChordProtocols:173 - Beregner fingerID for finger 83: 15618062003224314758069698574439041020
id: 15618062003224314758069698574439041020
lower: 15618062003214643351512781541041391612
upper: 53937554629190552131995290006614509577
Result (no wrap): true
2025-05-02 21:40:38 INFO  ChordProtocols:179 - Finger 83 peker n책 til: process1
2025-05-02 21:40:38 INFO  ChordProtocols:173 - Beregner fingerID for finger 84: 15618062003233986164626615607836690428
id: 15618062003233986164626615607836690428
lower: 15618062003214643351512781541041391612
upper: 53937554629190552131995290006614509577
Result (no wrap): true
2025-05-02 21:40:38 INFO  ChordProtocols:179 - Finger 84 peker n책 til: process1
2025-05-02 21:40:38 INFO  ChordProtocols:173 - Beregner fingerID for finger 85: 15618062003253328977740449674631989244
id: 15618062003253328977740449674631989244
lower: 15618062003214643351512781541041391612
upper: 53937554629190552131995290006614509577
Result (no wrap): true
2025-05-02 21:40:38 INFO  ChordProtocols:179 - Finger 85 peker n책 til: process1
2025-05-02 21:40:38 INFO  ChordProtocols:173 - Beregner fingerID for finger 86: 15618062003292014603968117808222586876
id: 15618062003292014603968117808222586876
lower: 15618062003214643351512781541041391612
upper: 53937554629190552131995290006614509577
Result (no wrap): true
2025-05-02 21:40:38 INFO  ChordProtocols:179 - Finger 86 peker n책 til: process1
2025-05-02 21:40:38 INFO  ChordProtocols:173 - Beregner fingerID for finger 87: 15618062003369385856423454075403782140
id: 15618062003369385856423454075403782140
lower: 15618062003214643351512781541041391612
upper: 53937554629190552131995290006614509577
Result (no wrap): true
2025-05-02 21:40:38 INFO  ChordProtocols:179 - Finger 87 peker n책 til: process1
2025-05-02 21:40:38 INFO  ChordProtocols:173 - Beregner fingerID for finger 88: 15618062003524128361334126609766172668
id: 15618062003524128361334126609766172668
lower: 15618062003214643351512781541041391612
upper: 53937554629190552131995290006614509577
Result (no wrap): true
2025-05-02 21:40:38 INFO  ChordProtocols:179 - Finger 88 peker n책 til: process1
2025-05-02 21:40:38 INFO  ChordProtocols:173 - Beregner fingerID for finger 89: 15618062003833613371155471678490953724
id: 15618062003833613371155471678490953724
lower: 15618062003214643351512781541041391612
upper: 53937554629190552131995290006614509577
Result (no wrap): true
2025-05-02 21:40:38 INFO  ChordProtocols:179 - Finger 89 peker n책 til: process1
2025-05-02 21:40:38 INFO  ChordProtocols:173 - Beregner fingerID for finger 90: 15618062004452583390798161815940515836
id: 15618062004452583390798161815940515836
lower: 15618062003214643351512781541041391612
upper: 53937554629190552131995290006614509577
Result (no wrap): true
2025-05-02 21:40:38 INFO  ChordProtocols:179 - Finger 90 peker n책 til: process1
2025-05-02 21:40:38 INFO  ChordProtocols:173 - Beregner fingerID for finger 91: 15618062005690523430083542090839640060
id: 15618062005690523430083542090839640060
lower: 15618062003214643351512781541041391612
upper: 53937554629190552131995290006614509577
Result (no wrap): true
2025-05-02 21:40:38 INFO  ChordProtocols:179 - Finger 91 peker n책 til: process1
2025-05-02 21:40:38 INFO  ChordProtocols:173 - Beregner fingerID for finger 92: 15618062008166403508654302640637888508
id: 15618062008166403508654302640637888508
lower: 15618062003214643351512781541041391612
upper: 53937554629190552131995290006614509577
Result (no wrap): true
2025-05-02 21:40:38 INFO  ChordProtocols:179 - Finger 92 peker n책 til: process1
2025-05-02 21:40:38 INFO  ChordProtocols:173 - Beregner fingerID for finger 93: 15618062013118163665795823740234385404
id: 15618062013118163665795823740234385404
lower: 15618062003214643351512781541041391612
upper: 53937554629190552131995290006614509577
Result (no wrap): true
2025-05-02 21:40:38 INFO  ChordProtocols:179 - Finger 93 peker n책 til: process1
2025-05-02 21:40:38 INFO  ChordProtocols:173 - Beregner fingerID for finger 94: 15618062023021683980078865939427379196
id: 15618062023021683980078865939427379196
lower: 15618062003214643351512781541041391612
upper: 53937554629190552131995290006614509577
Result (no wrap): true
2025-05-02 21:40:38 INFO  ChordProtocols:179 - Finger 94 peker n책 til: process1
2025-05-02 21:40:38 INFO  ChordProtocols:173 - Beregner fingerID for finger 95: 15618062042828724608644950337813366780
id: 15618062042828724608644950337813366780
lower: 15618062003214643351512781541041391612
upper: 53937554629190552131995290006614509577
Result (no wrap): true
2025-05-02 21:40:38 INFO  ChordProtocols:179 - Finger 95 peker n책 til: process1
2025-05-02 21:40:38 INFO  ChordProtocols:173 - Beregner fingerID for finger 96: 15618062082442805865777119134585341948
id: 15618062082442805865777119134585341948
lower: 15618062003214643351512781541041391612
upper: 53937554629190552131995290006614509577
Result (no wrap): true
2025-05-02 21:40:38 INFO  ChordProtocols:179 - Finger 96 peker n책 til: process1
2025-05-02 21:40:38 INFO  ChordProtocols:173 - Beregner fingerID for finger 97: 15618062161670968380041456728129292284
id: 15618062161670968380041456728129292284
lower: 15618062003214643351512781541041391612
upper: 53937554629190552131995290006614509577
Result (no wrap): true
2025-05-02 21:40:38 INFO  ChordProtocols:179 - Finger 97 peker n책 til: process1
2025-05-02 21:40:38 INFO  ChordProtocols:173 - Beregner fingerID for finger 98: 15618062320127293408570131915217192956
id: 15618062320127293408570131915217192956
lower: 15618062003214643351512781541041391612
upper: 53937554629190552131995290006614509577
Result (no wrap): true
2025-05-02 21:40:38 INFO  ChordProtocols:179 - Finger 98 peker n책 til: process1
2025-05-02 21:40:38 INFO  ChordProtocols:173 - Beregner fingerID for finger 99: 15618062637039943465627482289392994300
id: 15618062637039943465627482289392994300
lower: 15618062003214643351512781541041391612
upper: 53937554629190552131995290006614509577
Result (no wrap): true
2025-05-02 21:40:38 INFO  ChordProtocols:179 - Finger 99 peker n책 til: process1
2025-05-02 21:40:38 INFO  ChordProtocols:173 - Beregner fingerID for finger 100: 15618063270865243579742183037744596988
id: 15618063270865243579742183037744596988
lower: 15618062003214643351512781541041391612
upper: 53937554629190552131995290006614509577
Result (no wrap): true
2025-05-02 21:40:38 INFO  ChordProtocols:179 - Finger 100 peker n책 til: process1
2025-05-02 21:40:38 INFO  ChordProtocols:173 - Beregner fingerID for finger 101: 15618064538515843807971584534447802364
id: 15618064538515843807971584534447802364
lower: 15618062003214643351512781541041391612
upper: 53937554629190552131995290006614509577
Result (no wrap): true
2025-05-02 21:40:38 INFO  ChordProtocols:179 - Finger 101 peker n책 til: process1
2025-05-02 21:40:38 INFO  ChordProtocols:173 - Beregner fingerID for finger 102: 15618067073817044264430387527854213116
id: 15618067073817044264430387527854213116
lower: 15618062003214643351512781541041391612
upper: 53937554629190552131995290006614509577
Result (no wrap): true
2025-05-02 21:40:38 INFO  ChordProtocols:179 - Finger 102 peker n책 til: process1
2025-05-02 21:40:38 INFO  ChordProtocols:173 - Beregner fingerID for finger 103: 15618072144419445177347993514667034620
id: 15618072144419445177347993514667034620
lower: 15618062003214643351512781541041391612
upper: 53937554629190552131995290006614509577
Result (no wrap): true
2025-05-02 21:40:38 INFO  ChordProtocols:179 - Finger 103 peker n책 til: process1
2025-05-02 21:40:38 INFO  ChordProtocols:173 - Beregner fingerID for finger 104: 15618082285624247003183205488292677628
id: 15618082285624247003183205488292677628
lower: 15618062003214643351512781541041391612
upper: 53937554629190552131995290006614509577
Result (no wrap): true
2025-05-02 21:40:38 INFO  ChordProtocols:179 - Finger 104 peker n책 til: process1
2025-05-02 21:40:38 INFO  ChordProtocols:173 - Beregner fingerID for finger 105: 15618102568033850654853629435543963644
id: 15618102568033850654853629435543963644
lower: 15618062003214643351512781541041391612
upper: 53937554629190552131995290006614509577
Result (no wrap): true
2025-05-02 21:40:38 INFO  ChordProtocols:179 - Finger 105 peker n책 til: process1
2025-05-02 21:40:38 INFO  ChordProtocols:173 - Beregner fingerID for finger 106: 15618143132853057958194477330046535676
id: 15618143132853057958194477330046535676
lower: 15618062003214643351512781541041391612
upper: 53937554629190552131995290006614509577
Result (no wrap): true
2025-05-02 21:40:38 INFO  ChordProtocols:179 - Finger 106 peker n책 til: process1
2025-05-02 21:40:38 INFO  ChordProtocols:173 - Beregner fingerID for finger 107: 15618224262491472564876173119051679740
id: 15618224262491472564876173119051679740
lower: 15618062003214643351512781541041391612
upper: 53937554629190552131995290006614509577
Result (no wrap): true
2025-05-02 21:40:38 INFO  ChordProtocols:179 - Finger 107 peker n책 til: process1
2025-05-02 21:40:38 INFO  ChordProtocols:173 - Beregner fingerID for finger 108: 15618386521768301778239564697061967868
id: 15618386521768301778239564697061967868
lower: 15618062003214643351512781541041391612
upper: 53937554629190552131995290006614509577
Result (no wrap): true
2025-05-02 21:40:38 INFO  ChordProtocols:179 - Finger 108 peker n책 til: process1
2025-05-02 21:40:38 INFO  ChordProtocols:173 - Beregner fingerID for finger 109: 15618711040321960204966347853082544124
id: 15618711040321960204966347853082544124
lower: 15618062003214643351512781541041391612
upper: 53937554629190552131995290006614509577
Result (no wrap): true
2025-05-02 21:40:38 INFO  ChordProtocols:179 - Finger 109 peker n책 til: process1
2025-05-02 21:40:38 INFO  ChordProtocols:173 - Beregner fingerID for finger 110: 15619360077429277058419914165123696636
id: 15619360077429277058419914165123696636
lower: 15618062003214643351512781541041391612
upper: 53937554629190552131995290006614509577
Result (no wrap): true
2025-05-02 21:40:38 INFO  ChordProtocols:179 - Finger 110 peker n책 til: process1
2025-05-02 21:40:38 INFO  ChordProtocols:173 - Beregner fingerID for finger 111: 15620658151643910765327046789206001660
id: 15620658151643910765327046789206001660
lower: 15618062003214643351512781541041391612
upper: 53937554629190552131995290006614509577
Result (no wrap): true
2025-05-02 21:40:38 INFO  ChordProtocols:179 - Finger 111 peker n책 til: process1
2025-05-02 21:40:38 INFO  ChordProtocols:173 - Beregner fingerID for finger 112: 15623254300073178179141312037370611708
id: 15623254300073178179141312037370611708
lower: 15618062003214643351512781541041391612
upper: 53937554629190552131995290006614509577
Result (no wrap): true
2025-05-02 21:40:38 INFO  ChordProtocols:179 - Finger 112 peker n책 til: process1
2025-05-02 21:40:38 INFO  ChordProtocols:173 - Beregner fingerID for finger 113: 15628446596931713006769842533699831804
id: 15628446596931713006769842533699831804
lower: 15618062003214643351512781541041391612
upper: 53937554629190552131995290006614509577
Result (no wrap): true
2025-05-02 21:40:38 INFO  ChordProtocols:179 - Finger 113 peker n책 til: process1
2025-05-02 21:40:38 INFO  ChordProtocols:173 - Beregner fingerID for finger 114: 15638831190648782662026903526358271996
id: 15638831190648782662026903526358271996
lower: 15618062003214643351512781541041391612
upper: 53937554629190552131995290006614509577
Result (no wrap): true
2025-05-02 21:40:38 INFO  ChordProtocols:179 - Finger 114 peker n책 til: process1
2025-05-02 21:40:38 INFO  ChordProtocols:173 - Beregner fingerID for finger 115: 15659600378082921972541025511675152380
id: 15659600378082921972541025511675152380
lower: 15618062003214643351512781541041391612
upper: 53937554629190552131995290006614509577
Result (no wrap): true
2025-05-02 21:40:38 INFO  ChordProtocols:179 - Finger 115 peker n책 til: process1
2025-05-02 21:40:38 INFO  ChordProtocols:173 - Beregner fingerID for finger 116: 15701138752951200593569269482308913148
id: 15701138752951200593569269482308913148
lower: 15618062003214643351512781541041391612
upper: 53937554629190552131995290006614509577
Result (no wrap): true
2025-05-02 21:40:38 INFO  ChordProtocols:179 - Finger 116 peker n책 til: process1
2025-05-02 21:40:38 INFO  ChordProtocols:173 - Beregner fingerID for finger 117: 15784215502687757835625757423576434684
id: 15784215502687757835625757423576434684
lower: 15618062003214643351512781541041391612
upper: 53937554629190552131995290006614509577
Result (no wrap): true
2025-05-02 21:40:38 INFO  ChordProtocols:179 - Finger 117 peker n책 til: process1
2025-05-02 21:40:38 INFO  ChordProtocols:173 - Beregner fingerID for finger 118: 15950369002160872319738733306111477756
id: 15950369002160872319738733306111477756
lower: 15618062003214643351512781541041391612
upper: 53937554629190552131995290006614509577
Result (no wrap): true
2025-05-02 21:40:38 INFO  ChordProtocols:179 - Finger 118 peker n책 til: process1
2025-05-02 21:40:38 INFO  ChordProtocols:173 - Beregner fingerID for finger 119: 16282676001107101287964685071181563900
id: 16282676001107101287964685071181563900
lower: 15618062003214643351512781541041391612
upper: 53937554629190552131995290006614509577
Result (no wrap): true
2025-05-02 21:40:38 INFO  ChordProtocols:179 - Finger 119 peker n책 til: process1
2025-05-02 21:40:38 INFO  ChordProtocols:173 - Beregner fingerID for finger 120: 16947289998999559224416588601321736188
id: 16947289998999559224416588601321736188
lower: 15618062003214643351512781541041391612
upper: 53937554629190552131995290006614509577
Result (no wrap): true
2025-05-02 21:40:38 INFO  ChordProtocols:179 - Finger 120 peker n책 til: process1
2025-05-02 21:40:38 INFO  ChordProtocols:173 - Beregner fingerID for finger 121: 18276517994784475097320395661602080764
id: 18276517994784475097320395661602080764
lower: 15618062003214643351512781541041391612
upper: 53937554629190552131995290006614509577
Result (no wrap): true
2025-05-02 21:40:38 INFO  ChordProtocols:179 - Finger 121 peker n책 til: process1
2025-05-02 21:40:38 INFO  ChordProtocols:173 - Beregner fingerID for finger 122: 20934973986354306843128009782162769916
id: 20934973986354306843128009782162769916
lower: 15618062003214643351512781541041391612
upper: 53937554629190552131995290006614509577
Result (no wrap): true
2025-05-02 21:40:38 INFO  ChordProtocols:179 - Finger 122 peker n책 til: process1
2025-05-02 21:40:38 INFO  ChordProtocols:173 - Beregner fingerID for finger 123: 26251885969493970334743238023284148220
id: 26251885969493970334743238023284148220
lower: 15618062003214643351512781541041391612
upper: 53937554629190552131995290006614509577
Result (no wrap): true
2025-05-02 21:40:38 INFO  ChordProtocols:179 - Finger 123 peker n책 til: process1
2025-05-02 21:40:38 INFO  ChordProtocols:173 - Beregner fingerID for finger 124: 36885709935773297317973694505526904828
id: 36885709935773297317973694505526904828
lower: 15618062003214643351512781541041391612
upper: 53937554629190552131995290006614509577
Result (no wrap): true
2025-05-02 21:40:38 INFO  ChordProtocols:179 - Finger 124 peker n책 til: process1
2025-05-02 21:40:38 INFO  ChordProtocols:173 - Beregner fingerID for finger 125: 58153357868331951284434607470012418044
id: 58153357868331951284434607470012418044
lower: 15618062003214643351512781541041391612
upper: 53937554629190552131995290006614509577
Result (no wrap): false
id: 53937554629190552131995290006614509577
lower: 15618062003214643351512781541041391612
upper: 58153357868331951284434607470012418044
Result (no wrap): true
id: 58153357868331951284434607470012418044
lower: 53937554629190552131995290006614509577
upper: 66910184482037901621933403444034052414
Result (no wrap): true
2025-05-02 21:40:38 INFO  ChordProtocols:179 - Finger 125 peker n책 til: process3
2025-05-02 21:40:38 INFO  ChordProtocols:173 - Beregner fingerID for finger 126: 100688653733449259217356433398983444476
id: 100688653733449259217356433398983444476
lower: 15618062003214643351512781541041391612
upper: 53937554629190552131995290006614509577
Result (no wrap): false
id: 66910184482037901621933403444034052414
lower: 15618062003214643351512781541041391612
upper: 100688653733449259217356433398983444476
Result (no wrap): true
id: 100688653733449259217356433398983444476
lower: 66910184482037901621933403444034052414
upper: 121411138451101288395601026024677976156
Result (no wrap): true
2025-05-02 21:40:38 INFO  ChordProtocols:179 - Finger 126 peker n책 til: process5
2025-05-02 21:40:38 INFO  ChordProtocols:173 - Beregner fingerID for finger 127: 185759245463683875083200085256925497340
id: 185759245463683875083200085256925497340
lower: 15618062003214643351512781541041391612
upper: 53937554629190552131995290006614509577
Result (no wrap): false
id: 121411138451101288395601026024677976156
lower: 15618062003214643351512781541041391612
upper: 185759245463683875083200085256925497340
Result (no wrap): true
id: 185759245463683875083200085256925497340
lower: 121411138451101288395601026024677976156
upper: 210821560651360572675896360671414673172
Result (no wrap): true
2025-05-02 21:40:38 INFO  ChordProtocols:179 - Finger 127 peker n책 til: process4
2025-05-02 21:40:38 INFO  StabilizationProtocols:60 - Checking the predecessor for Node: process2
==================================
Node Identifier = 15618062003214643351512781541041391612
Node IP address = process2
successor(process2) = process1
predecessor(process2) = process4
Current File keys for process2 => [13988058880685873568223126745537177142, 263856675938514540210526796966916740559, 240788495190661943955842370400050808545, 305513342937436802305366564249075562188, 8256520967608282605234844990226290265, 239639416547729385993578111985362970770, 214974501590503159329658682485012382526]
==================================
2025-05-02 21:40:39 INFO  StabilizationProtocols:130 - Updating the successor for Node: process3
id: 66910184482037901621933403444034052415
lower: 66910184482037901621933403444034052414
upper: 121411138451101288395601026024677976156
Result (no wrap): true
2025-05-02 21:40:39 INFO  StabilizationProtocols:84 - Stabilizing ring from process3...
2025-05-02 21:40:39 INFO  StabilizationProtocols:91 - Stabilize ring: succnode = process5
id: 66910184482037901621933403444034052414
lower: 66910184482037901621933403444034052415
upper: 121411138451101288395601026024677976157
Result (no wrap): false
2025-05-02 21:40:39 INFO  StabilizationProtocols:113 - Finished stabilizing chordring from process3
2025-05-02 21:40:39 INFO  ChordProtocols:159 - Oppdaterer FingerTable for Node: process3
2025-05-02 21:40:39 INFO  ChordProtocols:173 - Beregner fingerID for finger 0: 66910184482037901621933403444034052415
id: 66910184482037901621933403444034052415
lower: 66910184482037901621933403444034052414
upper: 121411138451101288395601026024677976156
Result (no wrap): true
2025-05-02 21:40:39 INFO  ChordProtocols:179 - Finger 0 peker n책 til: process5
2025-05-02 21:40:39 INFO  ChordProtocols:173 - Beregner fingerID for finger 1: 66910184482037901621933403444034052416
id: 66910184482037901621933403444034052416
lower: 66910184482037901621933403444034052414
upper: 121411138451101288395601026024677976156
Result (no wrap): true
2025-05-02 21:40:39 INFO  ChordProtocols:179 - Finger 1 peker n책 til: process5
2025-05-02 21:40:39 INFO  ChordProtocols:173 - Beregner fingerID for finger 2: 66910184482037901621933403444034052418
id: 66910184482037901621933403444034052418
lower: 66910184482037901621933403444034052414
upper: 121411138451101288395601026024677976156
Result (no wrap): true
2025-05-02 21:40:39 INFO  ChordProtocols:179 - Finger 2 peker n책 til: process5
2025-05-02 21:40:39 INFO  ChordProtocols:173 - Beregner fingerID for finger 3: 66910184482037901621933403444034052422
id: 66910184482037901621933403444034052422
lower: 66910184482037901621933403444034052414
upper: 121411138451101288395601026024677976156
Result (no wrap): true
2025-05-02 21:40:39 INFO  ChordProtocols:179 - Finger 3 peker n책 til: process5
2025-05-02 21:40:39 INFO  ChordProtocols:173 - Beregner fingerID for finger 4: 66910184482037901621933403444034052430
id: 66910184482037901621933403444034052430
lower: 66910184482037901621933403444034052414
upper: 121411138451101288395601026024677976156
Result (no wrap): true
2025-05-02 21:40:39 INFO  ChordProtocols:179 - Finger 4 peker n책 til: process5
2025-05-02 21:40:39 INFO  ChordProtocols:173 - Beregner fingerID for finger 5: 66910184482037901621933403444034052446
id: 66910184482037901621933403444034052446
lower: 66910184482037901621933403444034052414
upper: 121411138451101288395601026024677976156
Result (no wrap): true
2025-05-02 21:40:39 INFO  ChordProtocols:179 - Finger 5 peker n책 til: process5
2025-05-02 21:40:39 INFO  ChordProtocols:173 - Beregner fingerID for finger 6: 66910184482037901621933403444034052478
id: 66910184482037901621933403444034052478
lower: 66910184482037901621933403444034052414
upper: 121411138451101288395601026024677976156
Result (no wrap): true
2025-05-02 21:40:39 INFO  ChordProtocols:179 - Finger 6 peker n책 til: process5
2025-05-02 21:40:39 INFO  ChordProtocols:173 - Beregner fingerID for finger 7: 66910184482037901621933403444034052542
id: 66910184482037901621933403444034052542
lower: 66910184482037901621933403444034052414
upper: 121411138451101288395601026024677976156
Result (no wrap): true
2025-05-02 21:40:39 INFO  ChordProtocols:179 - Finger 7 peker n책 til: process5
2025-05-02 21:40:39 INFO  ChordProtocols:173 - Beregner fingerID for finger 8: 66910184482037901621933403444034052670
id: 66910184482037901621933403444034052670
lower: 66910184482037901621933403444034052414
upper: 121411138451101288395601026024677976156
Result (no wrap): true
2025-05-02 21:40:39 INFO  ChordProtocols:179 - Finger 8 peker n책 til: process5
2025-05-02 21:40:39 INFO  ChordProtocols:173 - Beregner fingerID for finger 9: 66910184482037901621933403444034052926
id: 66910184482037901621933403444034052926
lower: 66910184482037901621933403444034052414
upper: 121411138451101288395601026024677976156
Result (no wrap): true
2025-05-02 21:40:39 INFO  ChordProtocols:179 - Finger 9 peker n책 til: process5
2025-05-02 21:40:39 INFO  ChordProtocols:173 - Beregner fingerID for finger 10: 66910184482037901621933403444034053438
id: 66910184482037901621933403444034053438
lower: 66910184482037901621933403444034052414
upper: 121411138451101288395601026024677976156
Result (no wrap): true
2025-05-02 21:40:39 INFO  ChordProtocols:179 - Finger 10 peker n책 til: process5
2025-05-02 21:40:39 INFO  ChordProtocols:173 - Beregner fingerID for finger 11: 66910184482037901621933403444034054462
id: 66910184482037901621933403444034054462
lower: 66910184482037901621933403444034052414
upper: 121411138451101288395601026024677976156
Result (no wrap): true
2025-05-02 21:40:39 INFO  ChordProtocols:179 - Finger 11 peker n책 til: process5
2025-05-02 21:40:39 INFO  ChordProtocols:173 - Beregner fingerID for finger 12: 66910184482037901621933403444034056510
id: 66910184482037901621933403444034056510
lower: 66910184482037901621933403444034052414
upper: 121411138451101288395601026024677976156
Result (no wrap): true
2025-05-02 21:40:39 INFO  ChordProtocols:179 - Finger 12 peker n책 til: process5
2025-05-02 21:40:39 INFO  ChordProtocols:173 - Beregner fingerID for finger 13: 66910184482037901621933403444034060606
id: 66910184482037901621933403444034060606
lower: 66910184482037901621933403444034052414
upper: 121411138451101288395601026024677976156
Result (no wrap): true
2025-05-02 21:40:39 INFO  ChordProtocols:179 - Finger 13 peker n책 til: process5
2025-05-02 21:40:39 INFO  ChordProtocols:173 - Beregner fingerID for finger 14: 66910184482037901621933403444034068798
id: 66910184482037901621933403444034068798
lower: 66910184482037901621933403444034052414
upper: 121411138451101288395601026024677976156
Result (no wrap): true
2025-05-02 21:40:39 INFO  ChordProtocols:179 - Finger 14 peker n책 til: process5
2025-05-02 21:40:39 INFO  ChordProtocols:173 - Beregner fingerID for finger 15: 66910184482037901621933403444034085182
id: 66910184482037901621933403444034085182
lower: 66910184482037901621933403444034052414
upper: 121411138451101288395601026024677976156
Result (no wrap): true
2025-05-02 21:40:39 INFO  ChordProtocols:179 - Finger 15 peker n책 til: process5
2025-05-02 21:40:39 INFO  ChordProtocols:173 - Beregner fingerID for finger 16: 66910184482037901621933403444034117950
id: 66910184482037901621933403444034117950
lower: 66910184482037901621933403444034052414
upper: 121411138451101288395601026024677976156
Result (no wrap): true
2025-05-02 21:40:39 INFO  ChordProtocols:179 - Finger 16 peker n책 til: process5
2025-05-02 21:40:39 INFO  ChordProtocols:173 - Beregner fingerID for finger 17: 66910184482037901621933403444034183486
id: 66910184482037901621933403444034183486
lower: 66910184482037901621933403444034052414
upper: 121411138451101288395601026024677976156
Result (no wrap): true
2025-05-02 21:40:39 INFO  ChordProtocols:179 - Finger 17 peker n책 til: process5
2025-05-02 21:40:39 INFO  ChordProtocols:173 - Beregner fingerID for finger 18: 66910184482037901621933403444034314558
id: 66910184482037901621933403444034314558
lower: 66910184482037901621933403444034052414
upper: 121411138451101288395601026024677976156
Result (no wrap): true
2025-05-02 21:40:39 INFO  ChordProtocols:179 - Finger 18 peker n책 til: process5
2025-05-02 21:40:39 INFO  ChordProtocols:173 - Beregner fingerID for finger 19: 66910184482037901621933403444034576702
id: 66910184482037901621933403444034576702
lower: 66910184482037901621933403444034052414
upper: 121411138451101288395601026024677976156
Result (no wrap): true
2025-05-02 21:40:39 INFO  ChordProtocols:179 - Finger 19 peker n책 til: process5
2025-05-02 21:40:39 INFO  ChordProtocols:173 - Beregner fingerID for finger 20: 66910184482037901621933403444035100990
id: 66910184482037901621933403444035100990
lower: 66910184482037901621933403444034052414
upper: 121411138451101288395601026024677976156
Result (no wrap): true
2025-05-02 21:40:39 INFO  ChordProtocols:179 - Finger 20 peker n책 til: process5
2025-05-02 21:40:39 INFO  ChordProtocols:173 - Beregner fingerID for finger 21: 66910184482037901621933403444036149566
id: 66910184482037901621933403444036149566
lower: 66910184482037901621933403444034052414
upper: 121411138451101288395601026024677976156
Result (no wrap): true
2025-05-02 21:40:39 INFO  ChordProtocols:179 - Finger 21 peker n책 til: process5
2025-05-02 21:40:39 INFO  ChordProtocols:173 - Beregner fingerID for finger 22: 66910184482037901621933403444038246718
id: 66910184482037901621933403444038246718
lower: 66910184482037901621933403444034052414
upper: 121411138451101288395601026024677976156
Result (no wrap): true
2025-05-02 21:40:39 INFO  ChordProtocols:179 - Finger 22 peker n책 til: process5
2025-05-02 21:40:39 INFO  ChordProtocols:173 - Beregner fingerID for finger 23: 66910184482037901621933403444042441022
id: 66910184482037901621933403444042441022
lower: 66910184482037901621933403444034052414
upper: 121411138451101288395601026024677976156
Result (no wrap): true
2025-05-02 21:40:39 INFO  ChordProtocols:179 - Finger 23 peker n책 til: process5
2025-05-02 21:40:39 INFO  ChordProtocols:173 - Beregner fingerID for finger 24: 66910184482037901621933403444050829630
id: 66910184482037901621933403444050829630
lower: 66910184482037901621933403444034052414
upper: 121411138451101288395601026024677976156
Result (no wrap): true
2025-05-02 21:40:39 INFO  ChordProtocols:179 - Finger 24 peker n책 til: process5
2025-05-02 21:40:39 INFO  ChordProtocols:173 - Beregner fingerID for finger 25: 66910184482037901621933403444067606846
id: 66910184482037901621933403444067606846
lower: 66910184482037901621933403444034052414
upper: 121411138451101288395601026024677976156
Result (no wrap): true
2025-05-02 21:40:39 INFO  ChordProtocols:179 - Finger 25 peker n책 til: process5
2025-05-02 21:40:39 INFO  ChordProtocols:173 - Beregner fingerID for finger 26: 66910184482037901621933403444101161278
id: 66910184482037901621933403444101161278
lower: 66910184482037901621933403444034052414
upper: 121411138451101288395601026024677976156
Result (no wrap): true
2025-05-02 21:40:39 INFO  ChordProtocols:179 - Finger 26 peker n책 til: process5
2025-05-02 21:40:39 INFO  ChordProtocols:173 - Beregner fingerID for finger 27: 66910184482037901621933403444168270142
id: 66910184482037901621933403444168270142
lower: 66910184482037901621933403444034052414
upper: 121411138451101288395601026024677976156
Result (no wrap): true
2025-05-02 21:40:39 INFO  ChordProtocols:179 - Finger 27 peker n책 til: process5
2025-05-02 21:40:39 INFO  ChordProtocols:173 - Beregner fingerID for finger 28: 66910184482037901621933403444302487870
id: 66910184482037901621933403444302487870
lower: 66910184482037901621933403444034052414
upper: 121411138451101288395601026024677976156
Result (no wrap): true
2025-05-02 21:40:39 INFO  ChordProtocols:179 - Finger 28 peker n책 til: process5
2025-05-02 21:40:39 INFO  ChordProtocols:173 - Beregner fingerID for finger 29: 66910184482037901621933403444570923326
id: 66910184482037901621933403444570923326
lower: 66910184482037901621933403444034052414
upper: 121411138451101288395601026024677976156
Result (no wrap): true
2025-05-02 21:40:39 INFO  ChordProtocols:179 - Finger 29 peker n책 til: process5
2025-05-02 21:40:39 INFO  ChordProtocols:173 - Beregner fingerID for finger 30: 66910184482037901621933403445107794238
id: 66910184482037901621933403445107794238
lower: 66910184482037901621933403444034052414
upper: 121411138451101288395601026024677976156
Result (no wrap): true
2025-05-02 21:40:39 INFO  ChordProtocols:179 - Finger 30 peker n책 til: process5
2025-05-02 21:40:39 INFO  ChordProtocols:173 - Beregner fingerID for finger 31: 66910184482037901621933403446181536062
id: 66910184482037901621933403446181536062
lower: 66910184482037901621933403444034052414
upper: 121411138451101288395601026024677976156
Result (no wrap): true
2025-05-02 21:40:39 INFO  ChordProtocols:179 - Finger 31 peker n책 til: process5
2025-05-02 21:40:39 INFO  ChordProtocols:173 - Beregner fingerID for finger 32: 66910184482037901621933403448329019710
id: 66910184482037901621933403448329019710
lower: 66910184482037901621933403444034052414
upper: 121411138451101288395601026024677976156
Result (no wrap): true
2025-05-02 21:40:39 INFO  ChordProtocols:179 - Finger 32 peker n책 til: process5
2025-05-02 21:40:39 INFO  ChordProtocols:173 - Beregner fingerID for finger 33: 66910184482037901621933403452623987006
id: 66910184482037901621933403452623987006
lower: 66910184482037901621933403444034052414
upper: 121411138451101288395601026024677976156
Result (no wrap): true
2025-05-02 21:40:39 INFO  ChordProtocols:179 - Finger 33 peker n책 til: process5
2025-05-02 21:40:39 INFO  ChordProtocols:173 - Beregner fingerID for finger 34: 66910184482037901621933403461213921598
id: 66910184482037901621933403461213921598
lower: 66910184482037901621933403444034052414
upper: 121411138451101288395601026024677976156
Result (no wrap): true
2025-05-02 21:40:39 INFO  ChordProtocols:179 - Finger 34 peker n책 til: process5
2025-05-02 21:40:39 INFO  ChordProtocols:173 - Beregner fingerID for finger 35: 66910184482037901621933403478393790782
id: 66910184482037901621933403478393790782
lower: 66910184482037901621933403444034052414
upper: 121411138451101288395601026024677976156
Result (no wrap): true
2025-05-02 21:40:39 INFO  ChordProtocols:179 - Finger 35 peker n책 til: process5
2025-05-02 21:40:39 INFO  ChordProtocols:173 - Beregner fingerID for finger 36: 66910184482037901621933403512753529150
id: 66910184482037901621933403512753529150
lower: 66910184482037901621933403444034052414
upper: 121411138451101288395601026024677976156
Result (no wrap): true
2025-05-02 21:40:39 INFO  ChordProtocols:179 - Finger 36 peker n책 til: process5
2025-05-02 21:40:39 INFO  ChordProtocols:173 - Beregner fingerID for finger 37: 66910184482037901621933403581473005886
id: 66910184482037901621933403581473005886
lower: 66910184482037901621933403444034052414
upper: 121411138451101288395601026024677976156
Result (no wrap): true
2025-05-02 21:40:39 INFO  ChordProtocols:179 - Finger 37 peker n책 til: process5
2025-05-02 21:40:39 INFO  ChordProtocols:173 - Beregner fingerID for finger 38: 66910184482037901621933403718911959358
id: 66910184482037901621933403718911959358
lower: 66910184482037901621933403444034052414
upper: 121411138451101288395601026024677976156
Result (no wrap): true
2025-05-02 21:40:39 INFO  ChordProtocols:179 - Finger 38 peker n책 til: process5
2025-05-02 21:40:39 INFO  ChordProtocols:173 - Beregner fingerID for finger 39: 66910184482037901621933403993789866302
id: 66910184482037901621933403993789866302
lower: 66910184482037901621933403444034052414
upper: 121411138451101288395601026024677976156
Result (no wrap): true
2025-05-02 21:40:39 INFO  ChordProtocols:179 - Finger 39 peker n책 til: process5
2025-05-02 21:40:39 INFO  ChordProtocols:173 - Beregner fingerID for finger 40: 66910184482037901621933404543545680190
id: 66910184482037901621933404543545680190
lower: 66910184482037901621933403444034052414
upper: 121411138451101288395601026024677976156
Result (no wrap): true
2025-05-02 21:40:39 INFO  ChordProtocols:179 - Finger 40 peker n책 til: process5
2025-05-02 21:40:39 INFO  ChordProtocols:173 - Beregner fingerID for finger 41: 66910184482037901621933405643057307966
id: 66910184482037901621933405643057307966
lower: 66910184482037901621933403444034052414
upper: 121411138451101288395601026024677976156
Result (no wrap): true
2025-05-02 21:40:39 INFO  ChordProtocols:179 - Finger 41 peker n책 til: process5
2025-05-02 21:40:39 INFO  ChordProtocols:173 - Beregner fingerID for finger 42: 66910184482037901621933407842080563518
id: 66910184482037901621933407842080563518
lower: 66910184482037901621933403444034052414
upper: 121411138451101288395601026024677976156
Result (no wrap): true
2025-05-02 21:40:39 INFO  ChordProtocols:179 - Finger 42 peker n책 til: process5
2025-05-02 21:40:39 INFO  ChordProtocols:173 - Beregner fingerID for finger 43: 66910184482037901621933412240127074622
id: 66910184482037901621933412240127074622
lower: 66910184482037901621933403444034052414
upper: 121411138451101288395601026024677976156
Result (no wrap): true
2025-05-02 21:40:39 INFO  ChordProtocols:179 - Finger 43 peker n책 til: process5
2025-05-02 21:40:39 INFO  ChordProtocols:173 - Beregner fingerID for finger 44: 66910184482037901621933421036220096830
id: 66910184482037901621933421036220096830
lower: 66910184482037901621933403444034052414
upper: 121411138451101288395601026024677976156
Result (no wrap): true
2025-05-02 21:40:39 INFO  ChordProtocols:179 - Finger 44 peker n책 til: process5
2025-05-02 21:40:39 INFO  ChordProtocols:173 - Beregner fingerID for finger 45: 66910184482037901621933438628406141246
id: 66910184482037901621933438628406141246
lower: 66910184482037901621933403444034052414
upper: 121411138451101288395601026024677976156
Result (no wrap): true
2025-05-02 21:40:39 INFO  ChordProtocols:179 - Finger 45 peker n책 til: process5
2025-05-02 21:40:39 INFO  ChordProtocols:173 - Beregner fingerID for finger 46: 66910184482037901621933473812778230078
id: 66910184482037901621933473812778230078
lower: 66910184482037901621933403444034052414
upper: 121411138451101288395601026024677976156
Result (no wrap): true
2025-05-02 21:40:39 INFO  ChordProtocols:179 - Finger 46 peker n책 til: process5
2025-05-02 21:40:39 INFO  ChordProtocols:173 - Beregner fingerID for finger 47: 66910184482037901621933544181522407742
id: 66910184482037901621933544181522407742
lower: 66910184482037901621933403444034052414
upper: 121411138451101288395601026024677976156
Result (no wrap): true
2025-05-02 21:40:39 INFO  ChordProtocols:179 - Finger 47 peker n책 til: process5
2025-05-02 21:40:39 INFO  ChordProtocols:173 - Beregner fingerID for finger 48: 66910184482037901621933684919010763070
id: 66910184482037901621933684919010763070
lower: 66910184482037901621933403444034052414
upper: 121411138451101288395601026024677976156
Result (no wrap): true
2025-05-02 21:40:39 INFO  ChordProtocols:179 - Finger 48 peker n책 til: process5
2025-05-02 21:40:39 INFO  ChordProtocols:173 - Beregner fingerID for finger 49: 66910184482037901621933966393987473726
id: 66910184482037901621933966393987473726
lower: 66910184482037901621933403444034052414
upper: 121411138451101288395601026024677976156
Result (no wrap): true
2025-05-02 21:40:39 INFO  ChordProtocols:179 - Finger 49 peker n책 til: process5
2025-05-02 21:40:39 INFO  ChordProtocols:173 - Beregner fingerID for finger 50: 66910184482037901621934529343940895038
id: 66910184482037901621934529343940895038
lower: 66910184482037901621933403444034052414
upper: 121411138451101288395601026024677976156
Result (no wrap): true
2025-05-02 21:40:39 INFO  ChordProtocols:179 - Finger 50 peker n책 til: process5
2025-05-02 21:40:39 INFO  ChordProtocols:173 - Beregner fingerID for finger 51: 66910184482037901621935655243847737662
id: 66910184482037901621935655243847737662
lower: 66910184482037901621933403444034052414
upper: 121411138451101288395601026024677976156
Result (no wrap): true
2025-05-02 21:40:39 INFO  ChordProtocols:179 - Finger 51 peker n책 til: process5
2025-05-02 21:40:39 INFO  ChordProtocols:173 - Beregner fingerID for finger 52: 66910184482037901621937907043661422910
id: 66910184482037901621937907043661422910
lower: 66910184482037901621933403444034052414
upper: 121411138451101288395601026024677976156
Result (no wrap): true
2025-05-02 21:40:39 INFO  ChordProtocols:179 - Finger 52 peker n책 til: process5
2025-05-02 21:40:39 INFO  ChordProtocols:173 - Beregner fingerID for finger 53: 66910184482037901621942410643288793406
id: 66910184482037901621942410643288793406
lower: 66910184482037901621933403444034052414
upper: 121411138451101288395601026024677976156
Result (no wrap): true
2025-05-02 21:40:39 INFO  ChordProtocols:179 - Finger 53 peker n책 til: process5
2025-05-02 21:40:39 INFO  ChordProtocols:173 - Beregner fingerID for finger 54: 66910184482037901621951417842543534398
id: 66910184482037901621951417842543534398
lower: 66910184482037901621933403444034052414
upper: 121411138451101288395601026024677976156
Result (no wrap): true
2025-05-02 21:40:39 INFO  ChordProtocols:179 - Finger 54 peker n책 til: process5
2025-05-02 21:40:39 INFO  ChordProtocols:173 - Beregner fingerID for finger 55: 66910184482037901621969432241053016382
id: 66910184482037901621969432241053016382
lower: 66910184482037901621933403444034052414
upper: 121411138451101288395601026024677976156
Result (no wrap): true
2025-05-02 21:40:39 INFO  ChordProtocols:179 - Finger 55 peker n책 til: process5
2025-05-02 21:40:39 INFO  ChordProtocols:173 - Beregner fingerID for finger 56: 66910184482037901622005461038071980350
id: 66910184482037901622005461038071980350
lower: 66910184482037901621933403444034052414
upper: 121411138451101288395601026024677976156
Result (no wrap): true
2025-05-02 21:40:39 INFO  ChordProtocols:179 - Finger 56 peker n책 til: process5
2025-05-02 21:40:39 INFO  ChordProtocols:173 - Beregner fingerID for finger 57: 66910184482037901622077518632109908286
id: 66910184482037901622077518632109908286
lower: 66910184482037901621933403444034052414
upper: 121411138451101288395601026024677976156
Result (no wrap): true
2025-05-02 21:40:39 INFO  ChordProtocols:179 - Finger 57 peker n책 til: process5
2025-05-02 21:40:39 INFO  ChordProtocols:173 - Beregner fingerID for finger 58: 66910184482037901622221633820185764158
id: 66910184482037901622221633820185764158
lower: 66910184482037901621933403444034052414
upper: 121411138451101288395601026024677976156
Result (no wrap): true
2025-05-02 21:40:39 INFO  ChordProtocols:179 - Finger 58 peker n책 til: process5
2025-05-02 21:40:39 INFO  ChordProtocols:173 - Beregner fingerID for finger 59: 66910184482037901622509864196337475902
id: 66910184482037901622509864196337475902
lower: 66910184482037901621933403444034052414
upper: 121411138451101288395601026024677976156
Result (no wrap): true
2025-05-02 21:40:39 INFO  ChordProtocols:179 - Finger 59 peker n책 til: process5
2025-05-02 21:40:39 INFO  ChordProtocols:173 - Beregner fingerID for finger 60: 66910184482037901623086324948640899390
id: 66910184482037901623086324948640899390
lower: 66910184482037901621933403444034052414
upper: 121411138451101288395601026024677976156
Result (no wrap): true
2025-05-02 21:40:39 INFO  ChordProtocols:179 - Finger 60 peker n책 til: process5
2025-05-02 21:40:39 INFO  ChordProtocols:173 - Beregner fingerID for finger 61: 66910184482037901624239246453247746366
id: 66910184482037901624239246453247746366
lower: 66910184482037901621933403444034052414
upper: 121411138451101288395601026024677976156
Result (no wrap): true
2025-05-02 21:40:39 INFO  ChordProtocols:179 - Finger 61 peker n책 til: process5
2025-05-02 21:40:39 INFO  ChordProtocols:173 - Beregner fingerID for finger 62: 66910184482037901626545089462461440318
id: 66910184482037901626545089462461440318
lower: 66910184482037901621933403444034052414
upper: 121411138451101288395601026024677976156
Result (no wrap): true
2025-05-02 21:40:39 INFO  ChordProtocols:179 - Finger 62 peker n책 til: process5
2025-05-02 21:40:39 INFO  ChordProtocols:173 - Beregner fingerID for finger 63: 66910184482037901631156775480888828222
id: 66910184482037901631156775480888828222
lower: 66910184482037901621933403444034052414
upper: 121411138451101288395601026024677976156
Result (no wrap): true
2025-05-02 21:40:39 INFO  ChordProtocols:179 - Finger 63 peker n책 til: process5
2025-05-02 21:40:39 INFO  ChordProtocols:173 - Beregner fingerID for finger 64: 66910184482037901640380147517743604030
id: 66910184482037901640380147517743604030
lower: 66910184482037901621933403444034052414
upper: 121411138451101288395601026024677976156
Result (no wrap): true
2025-05-02 21:40:39 INFO  ChordProtocols:179 - Finger 64 peker n책 til: process5
2025-05-02 21:40:39 INFO  ChordProtocols:173 - Beregner fingerID for finger 65: 66910184482037901658826891591453155646
id: 66910184482037901658826891591453155646
lower: 66910184482037901621933403444034052414
upper: 121411138451101288395601026024677976156
Result (no wrap): true
2025-05-02 21:40:39 INFO  ChordProtocols:179 - Finger 65 peker n책 til: process5
2025-05-02 21:40:39 INFO  ChordProtocols:173 - Beregner fingerID for finger 66: 66910184482037901695720379738872258878
id: 66910184482037901695720379738872258878
lower: 66910184482037901621933403444034052414
upper: 121411138451101288395601026024677976156
Result (no wrap): true
2025-05-02 21:40:39 INFO  ChordProtocols:179 - Finger 66 peker n책 til: process5
2025-05-02 21:40:39 INFO  ChordProtocols:173 - Beregner fingerID for finger 67: 66910184482037901769507356033710465342
id: 66910184482037901769507356033710465342
lower: 66910184482037901621933403444034052414
upper: 121411138451101288395601026024677976156
Result (no wrap): true
2025-05-02 21:40:39 INFO  ChordProtocols:179 - Finger 67 peker n책 til: process5
2025-05-02 21:40:39 INFO  ChordProtocols:173 - Beregner fingerID for finger 68: 66910184482037901917081308623386878270
id: 66910184482037901917081308623386878270
lower: 66910184482037901621933403444034052414
upper: 121411138451101288395601026024677976156
Result (no wrap): true
2025-05-02 21:40:39 INFO  ChordProtocols:179 - Finger 68 peker n책 til: process5
2025-05-02 21:40:39 INFO  ChordProtocols:173 - Beregner fingerID for finger 69: 66910184482037902212229213802739704126
id: 66910184482037902212229213802739704126
lower: 66910184482037901621933403444034052414
upper: 121411138451101288395601026024677976156
Result (no wrap): true
2025-05-02 21:40:39 INFO  ChordProtocols:179 - Finger 69 peker n책 til: process5
2025-05-02 21:40:39 INFO  ChordProtocols:173 - Beregner fingerID for finger 70: 66910184482037902802525024161445355838
id: 66910184482037902802525024161445355838
lower: 66910184482037901621933403444034052414
upper: 121411138451101288395601026024677976156
Result (no wrap): true
2025-05-02 21:40:39 INFO  ChordProtocols:179 - Finger 70 peker n책 til: process5
2025-05-02 21:40:39 INFO  ChordProtocols:173 - Beregner fingerID for finger 71: 66910184482037903983116644878856659262
id: 66910184482037903983116644878856659262
lower: 66910184482037901621933403444034052414
upper: 121411138451101288395601026024677976156
Result (no wrap): true
2025-05-02 21:40:39 INFO  ChordProtocols:179 - Finger 71 peker n책 til: process5
2025-05-02 21:40:39 INFO  ChordProtocols:173 - Beregner fingerID for finger 72: 66910184482037906344299886313679266110
id: 66910184482037906344299886313679266110
lower: 66910184482037901621933403444034052414
upper: 121411138451101288395601026024677976156
Result (no wrap): true
2025-05-02 21:40:39 INFO  ChordProtocols:179 - Finger 72 peker n책 til: process5
2025-05-02 21:40:39 INFO  ChordProtocols:173 - Beregner fingerID for finger 73: 66910184482037911066666369183324479806
id: 66910184482037911066666369183324479806
lower: 66910184482037901621933403444034052414
upper: 121411138451101288395601026024677976156
Result (no wrap): true
2025-05-02 21:40:39 INFO  ChordProtocols:179 - Finger 73 peker n책 til: process5
2025-05-02 21:40:39 INFO  ChordProtocols:173 - Beregner fingerID for finger 74: 66910184482037920511399334922614907198
id: 66910184482037920511399334922614907198
lower: 66910184482037901621933403444034052414
upper: 121411138451101288395601026024677976156
Result (no wrap): true
2025-05-02 21:40:39 INFO  ChordProtocols:179 - Finger 74 peker n책 til: process5
2025-05-02 21:40:39 INFO  ChordProtocols:173 - Beregner fingerID for finger 75: 66910184482037939400865266401195761982
id: 66910184482037939400865266401195761982
lower: 66910184482037901621933403444034052414
upper: 121411138451101288395601026024677976156
Result (no wrap): true
2025-05-02 21:40:39 INFO  ChordProtocols:179 - Finger 75 peker n책 til: process5
2025-05-02 21:40:39 INFO  ChordProtocols:173 - Beregner fingerID for finger 76: 66910184482037977179797129358357471550
id: 66910184482037977179797129358357471550
lower: 66910184482037901621933403444034052414
upper: 121411138451101288395601026024677976156
Result (no wrap): true
2025-05-02 21:40:39 INFO  ChordProtocols:179 - Finger 76 peker n책 til: process5
2025-05-02 21:40:39 INFO  ChordProtocols:173 - Beregner fingerID for finger 77: 66910184482038052737660855272680890686
id: 66910184482038052737660855272680890686
lower: 66910184482037901621933403444034052414
upper: 121411138451101288395601026024677976156
Result (no wrap): true
2025-05-02 21:40:39 INFO  ChordProtocols:179 - Finger 77 peker n책 til: process5
2025-05-02 21:40:39 INFO  ChordProtocols:173 - Beregner fingerID for finger 78: 66910184482038203853388307101327728958
id: 66910184482038203853388307101327728958
lower: 66910184482037901621933403444034052414
upper: 121411138451101288395601026024677976156
Result (no wrap): true
2025-05-02 21:40:39 INFO  ChordProtocols:179 - Finger 78 peker n책 til: process5
2025-05-02 21:40:39 INFO  ChordProtocols:173 - Beregner fingerID for finger 79: 66910184482038506084843210758621405502
id: 66910184482038506084843210758621405502
lower: 66910184482037901621933403444034052414
upper: 121411138451101288395601026024677976156
Result (no wrap): true
2025-05-02 21:40:39 INFO  ChordProtocols:179 - Finger 79 peker n책 til: process5
2025-05-02 21:40:39 INFO  ChordProtocols:173 - Beregner fingerID for finger 80: 66910184482039110547753018073208758590
id: 66910184482039110547753018073208758590
lower: 66910184482037901621933403444034052414
upper: 121411138451101288395601026024677976156
Result (no wrap): true
2025-05-02 21:40:39 INFO  ChordProtocols:179 - Finger 80 peker n책 til: process5
2025-05-02 21:40:39 INFO  ChordProtocols:173 - Beregner fingerID for finger 81: 66910184482040319473572632702383464766
id: 66910184482040319473572632702383464766
lower: 66910184482037901621933403444034052414
upper: 121411138451101288395601026024677976156
Result (no wrap): true
2025-05-02 21:40:39 INFO  ChordProtocols:179 - Finger 81 peker n책 til: process5
2025-05-02 21:40:39 INFO  ChordProtocols:173 - Beregner fingerID for finger 82: 66910184482042737325211861960732877118
id: 66910184482042737325211861960732877118
lower: 66910184482037901621933403444034052414
upper: 121411138451101288395601026024677976156
Result (no wrap): true
2025-05-02 21:40:39 INFO  ChordProtocols:179 - Finger 82 peker n책 til: process5
2025-05-02 21:40:39 INFO  ChordProtocols:173 - Beregner fingerID for finger 83: 66910184482047573028490320477431701822
id: 66910184482047573028490320477431701822
lower: 66910184482037901621933403444034052414
upper: 121411138451101288395601026024677976156
Result (no wrap): true
2025-05-02 21:40:39 INFO  ChordProtocols:179 - Finger 83 peker n책 til: process5
2025-05-02 21:40:39 INFO  ChordProtocols:173 - Beregner fingerID for finger 84: 66910184482057244435047237510829351230
id: 66910184482057244435047237510829351230
lower: 66910184482037901621933403444034052414
upper: 121411138451101288395601026024677976156
Result (no wrap): true
2025-05-02 21:40:39 INFO  ChordProtocols:179 - Finger 84 peker n책 til: process5
2025-05-02 21:40:39 INFO  ChordProtocols:173 - Beregner fingerID for finger 85: 66910184482076587248161071577624650046
id: 66910184482076587248161071577624650046
lower: 66910184482037901621933403444034052414
upper: 121411138451101288395601026024677976156
Result (no wrap): true
2025-05-02 21:40:39 INFO  ChordProtocols:179 - Finger 85 peker n책 til: process5
2025-05-02 21:40:39 INFO  ChordProtocols:173 - Beregner fingerID for finger 86: 66910184482115272874388739711215247678
id: 66910184482115272874388739711215247678
lower: 66910184482037901621933403444034052414
upper: 121411138451101288395601026024677976156
Result (no wrap): true
2025-05-02 21:40:39 INFO  ChordProtocols:179 - Finger 86 peker n책 til: process5
2025-05-02 21:40:39 INFO  ChordProtocols:173 - Beregner fingerID for finger 87: 66910184482192644126844075978396442942
id: 66910184482192644126844075978396442942
lower: 66910184482037901621933403444034052414
upper: 121411138451101288395601026024677976156
Result (no wrap): true
2025-05-02 21:40:39 INFO  ChordProtocols:179 - Finger 87 peker n책 til: process5
2025-05-02 21:40:39 INFO  ChordProtocols:173 - Beregner fingerID for finger 88: 66910184482347386631754748512758833470
id: 66910184482347386631754748512758833470
lower: 66910184482037901621933403444034052414
upper: 121411138451101288395601026024677976156
Result (no wrap): true
2025-05-02 21:40:39 INFO  ChordProtocols:179 - Finger 88 peker n책 til: process5
2025-05-02 21:40:39 INFO  ChordProtocols:173 - Beregner fingerID for finger 89: 66910184482656871641576093581483614526
id: 66910184482656871641576093581483614526
lower: 66910184482037901621933403444034052414
upper: 121411138451101288395601026024677976156
Result (no wrap): true
2025-05-02 21:40:39 INFO  ChordProtocols:179 - Finger 89 peker n책 til: process5
2025-05-02 21:40:39 INFO  ChordProtocols:173 - Beregner fingerID for finger 90: 66910184483275841661218783718933176638
id: 66910184483275841661218783718933176638
lower: 66910184482037901621933403444034052414
upper: 121411138451101288395601026024677976156
Result (no wrap): true
2025-05-02 21:40:39 INFO  ChordProtocols:179 - Finger 90 peker n책 til: process5
2025-05-02 21:40:39 INFO  ChordProtocols:173 - Beregner fingerID for finger 91: 66910184484513781700504163993832300862
id: 66910184484513781700504163993832300862
lower: 66910184482037901621933403444034052414
upper: 121411138451101288395601026024677976156
Result (no wrap): true
2025-05-02 21:40:39 INFO  ChordProtocols:179 - Finger 91 peker n책 til: process5
2025-05-02 21:40:39 INFO  ChordProtocols:173 - Beregner fingerID for finger 92: 66910184486989661779074924543630549310
id: 66910184486989661779074924543630549310
lower: 66910184482037901621933403444034052414
upper: 121411138451101288395601026024677976156
Result (no wrap): true
2025-05-02 21:40:39 INFO  ChordProtocols:179 - Finger 92 peker n책 til: process5
2025-05-02 21:40:39 INFO  ChordProtocols:173 - Beregner fingerID for finger 93: 66910184491941421936216445643227046206
id: 66910184491941421936216445643227046206
lower: 66910184482037901621933403444034052414
upper: 121411138451101288395601026024677976156
Result (no wrap): true
2025-05-02 21:40:39 INFO  ChordProtocols:179 - Finger 93 peker n책 til: process5
2025-05-02 21:40:39 INFO  ChordProtocols:173 - Beregner fingerID for finger 94: 66910184501844942250499487842420039998
id: 66910184501844942250499487842420039998
lower: 66910184482037901621933403444034052414
upper: 121411138451101288395601026024677976156
Result (no wrap): true
2025-05-02 21:40:39 INFO  ChordProtocols:179 - Finger 94 peker n책 til: process5
2025-05-02 21:40:39 INFO  ChordProtocols:173 - Beregner fingerID for finger 95: 66910184521651982879065572240806027582
id: 66910184521651982879065572240806027582
lower: 66910184482037901621933403444034052414
upper: 121411138451101288395601026024677976156
Result (no wrap): true
2025-05-02 21:40:39 INFO  ChordProtocols:179 - Finger 95 peker n책 til: process5
2025-05-02 21:40:39 INFO  ChordProtocols:173 - Beregner fingerID for finger 96: 66910184561266064136197741037578002750
id: 66910184561266064136197741037578002750
lower: 66910184482037901621933403444034052414
upper: 121411138451101288395601026024677976156
Result (no wrap): true
2025-05-02 21:40:39 INFO  ChordProtocols:179 - Finger 96 peker n책 til: process5
2025-05-02 21:40:39 INFO  ChordProtocols:173 - Beregner fingerID for finger 97: 66910184640494226650462078631121953086
id: 66910184640494226650462078631121953086
lower: 66910184482037901621933403444034052414
upper: 121411138451101288395601026024677976156
Result (no wrap): true
2025-05-02 21:40:39 INFO  ChordProtocols:179 - Finger 97 peker n책 til: process5
2025-05-02 21:40:39 INFO  ChordProtocols:173 - Beregner fingerID for finger 98: 66910184798950551678990753818209853758
id: 66910184798950551678990753818209853758
lower: 66910184482037901621933403444034052414
upper: 121411138451101288395601026024677976156
Result (no wrap): true
2025-05-02 21:40:39 INFO  ChordProtocols:179 - Finger 98 peker n책 til: process5
2025-05-02 21:40:39 INFO  ChordProtocols:173 - Beregner fingerID for finger 99: 66910185115863201736048104192385655102
id: 66910185115863201736048104192385655102
lower: 66910184482037901621933403444034052414
upper: 121411138451101288395601026024677976156
Result (no wrap): true
2025-05-02 21:40:39 INFO  ChordProtocols:179 - Finger 99 peker n책 til: process5
2025-05-02 21:40:39 INFO  ChordProtocols:173 - Beregner fingerID for finger 100: 66910185749688501850162804940737257790
id: 66910185749688501850162804940737257790
lower: 66910184482037901621933403444034052414
upper: 121411138451101288395601026024677976156
Result (no wrap): true
2025-05-02 21:40:39 INFO  ChordProtocols:179 - Finger 100 peker n책 til: process5
2025-05-02 21:40:39 INFO  ChordProtocols:173 - Beregner fingerID for finger 101: 66910187017339102078392206437440463166
id: 66910187017339102078392206437440463166
lower: 66910184482037901621933403444034052414
upper: 121411138451101288395601026024677976156
Result (no wrap): true
2025-05-02 21:40:39 INFO  ChordProtocols:179 - Finger 101 peker n책 til: process5
2025-05-02 21:40:39 INFO  ChordProtocols:173 - Beregner fingerID for finger 102: 66910189552640302534851009430846873918
id: 66910189552640302534851009430846873918
lower: 66910184482037901621933403444034052414
upper: 121411138451101288395601026024677976156
Result (no wrap): true
2025-05-02 21:40:39 INFO  ChordProtocols:179 - Finger 102 peker n책 til: process5
2025-05-02 21:40:39 INFO  ChordProtocols:173 - Beregner fingerID for finger 103: 66910194623242703447768615417659695422
id: 66910194623242703447768615417659695422
lower: 66910184482037901621933403444034052414
upper: 121411138451101288395601026024677976156
Result (no wrap): true
2025-05-02 21:40:39 INFO  ChordProtocols:179 - Finger 103 peker n책 til: process5
2025-05-02 21:40:39 INFO  ChordProtocols:173 - Beregner fingerID for finger 104: 66910204764447505273603827391285338430
id: 66910204764447505273603827391285338430
lower: 66910184482037901621933403444034052414
upper: 121411138451101288395601026024677976156
Result (no wrap): true
2025-05-02 21:40:39 INFO  ChordProtocols:179 - Finger 104 peker n책 til: process5
2025-05-02 21:40:39 INFO  ChordProtocols:173 - Beregner fingerID for finger 105: 66910225046857108925274251338536624446
id: 66910225046857108925274251338536624446
lower: 66910184482037901621933403444034052414
upper: 121411138451101288395601026024677976156
Result (no wrap): true
2025-05-02 21:40:39 INFO  ChordProtocols:179 - Finger 105 peker n책 til: process5
2025-05-02 21:40:39 INFO  ChordProtocols:173 - Beregner fingerID for finger 106: 66910265611676316228615099233039196478
id: 66910265611676316228615099233039196478
lower: 66910184482037901621933403444034052414
upper: 121411138451101288395601026024677976156
Result (no wrap): true
2025-05-02 21:40:39 INFO  ChordProtocols:179 - Finger 106 peker n책 til: process5
2025-05-02 21:40:39 INFO  ChordProtocols:173 - Beregner fingerID for finger 107: 66910346741314730835296795022044340542
id: 66910346741314730835296795022044340542
lower: 66910184482037901621933403444034052414
upper: 121411138451101288395601026024677976156
Result (no wrap): true
2025-05-02 21:40:39 INFO  ChordProtocols:179 - Finger 107 peker n책 til: process5
2025-05-02 21:40:39 INFO  ChordProtocols:173 - Beregner fingerID for finger 108: 66910509000591560048660186600054628670
id: 66910509000591560048660186600054628670
lower: 66910184482037901621933403444034052414
upper: 121411138451101288395601026024677976156
Result (no wrap): true
2025-05-02 21:40:39 INFO  ChordProtocols:179 - Finger 108 peker n책 til: process5
2025-05-02 21:40:39 INFO  ChordProtocols:173 - Beregner fingerID for finger 109: 66910833519145218475386969756075204926
id: 66910833519145218475386969756075204926
lower: 66910184482037901621933403444034052414
upper: 121411138451101288395601026024677976156
Result (no wrap): true
2025-05-02 21:40:39 INFO  ChordProtocols:179 - Finger 109 peker n책 til: process5
2025-05-02 21:40:39 INFO  ChordProtocols:173 - Beregner fingerID for finger 110: 66911482556252535328840536068116357438
id: 66911482556252535328840536068116357438
lower: 66910184482037901621933403444034052414
upper: 121411138451101288395601026024677976156
Result (no wrap): true
2025-05-02 21:40:39 INFO  ChordProtocols:179 - Finger 110 peker n책 til: process5
2025-05-02 21:40:39 INFO  ChordProtocols:173 - Beregner fingerID for finger 111: 66912780630467169035747668692198662462
id: 66912780630467169035747668692198662462
lower: 66910184482037901621933403444034052414
upper: 121411138451101288395601026024677976156
Result (no wrap): true
2025-05-02 21:40:39 INFO  ChordProtocols:179 - Finger 111 peker n책 til: process5
2025-05-02 21:40:39 INFO  ChordProtocols:173 - Beregner fingerID for finger 112: 66915376778896436449561933940363272510
id: 66915376778896436449561933940363272510
lower: 66910184482037901621933403444034052414
upper: 121411138451101288395601026024677976156
Result (no wrap): true
2025-05-02 21:40:39 INFO  ChordProtocols:179 - Finger 112 peker n책 til: process5
2025-05-02 21:40:39 INFO  ChordProtocols:173 - Beregner fingerID for finger 113: 66920569075754971277190464436692492606
id: 66920569075754971277190464436692492606
lower: 66910184482037901621933403444034052414
upper: 121411138451101288395601026024677976156
Result (no wrap): true
2025-05-02 21:40:39 INFO  ChordProtocols:179 - Finger 113 peker n책 til: process5
2025-05-02 21:40:39 INFO  ChordProtocols:173 - Beregner fingerID for finger 114: 66930953669472040932447525429350932798
id: 66930953669472040932447525429350932798
lower: 66910184482037901621933403444034052414
upper: 121411138451101288395601026024677976156
Result (no wrap): true
2025-05-02 21:40:39 INFO  ChordProtocols:179 - Finger 114 peker n책 til: process5
2025-05-02 21:40:39 INFO  ChordProtocols:173 - Beregner fingerID for finger 115: 66951722856906180242961647414667813182
id: 66951722856906180242961647414667813182
lower: 66910184482037901621933403444034052414
upper: 121411138451101288395601026024677976156
Result (no wrap): true
2025-05-02 21:40:39 INFO  ChordProtocols:179 - Finger 115 peker n책 til: process5
2025-05-02 21:40:39 INFO  ChordProtocols:173 - Beregner fingerID for finger 116: 66993261231774458863989891385301573950
id: 66993261231774458863989891385301573950
lower: 66910184482037901621933403444034052414
upper: 121411138451101288395601026024677976156
Result (no wrap): true
2025-05-02 21:40:39 INFO  ChordProtocols:179 - Finger 116 peker n책 til: process5
2025-05-02 21:40:39 INFO  ChordProtocols:173 - Beregner fingerID for finger 117: 67076337981511016106046379326569095486
id: 67076337981511016106046379326569095486
lower: 66910184482037901621933403444034052414
upper: 121411138451101288395601026024677976156
Result (no wrap): true
2025-05-02 21:40:39 INFO  ChordProtocols:179 - Finger 117 peker n책 til: process5
2025-05-02 21:40:39 INFO  ChordProtocols:173 - Beregner fingerID for finger 118: 67242491480984130590159355209104138558
id: 67242491480984130590159355209104138558
lower: 66910184482037901621933403444034052414
upper: 121411138451101288395601026024677976156
Result (no wrap): true
2025-05-02 21:40:39 INFO  ChordProtocols:179 - Finger 118 peker n책 til: process5
2025-05-02 21:40:39 INFO  ChordProtocols:173 - Beregner fingerID for finger 119: 67574798479930359558385306974174224702
id: 67574798479930359558385306974174224702
lower: 66910184482037901621933403444034052414
upper: 121411138451101288395601026024677976156
Result (no wrap): true
2025-05-02 21:40:39 INFO  ChordProtocols:179 - Finger 119 peker n책 til: process5
2025-05-02 21:40:39 INFO  ChordProtocols:173 - Beregner fingerID for finger 120: 68239412477822817494837210504314396990
id: 68239412477822817494837210504314396990
lower: 66910184482037901621933403444034052414
upper: 121411138451101288395601026024677976156
Result (no wrap): true
2025-05-02 21:40:39 INFO  ChordProtocols:179 - Finger 120 peker n책 til: process5
2025-05-02 21:40:39 INFO  ChordProtocols:173 - Beregner fingerID for finger 121: 69568640473607733367741017564594741566
id: 69568640473607733367741017564594741566
lower: 66910184482037901621933403444034052414
upper: 121411138451101288395601026024677976156
Result (no wrap): true
2025-05-02 21:40:39 INFO  ChordProtocols:179 - Finger 121 peker n책 til: process5
2025-05-02 21:40:39 INFO  ChordProtocols:173 - Beregner fingerID for finger 122: 72227096465177565113548631685155430718
id: 72227096465177565113548631685155430718
lower: 66910184482037901621933403444034052414
upper: 121411138451101288395601026024677976156
Result (no wrap): true
2025-05-02 21:40:39 INFO  ChordProtocols:179 - Finger 122 peker n책 til: process5
2025-05-02 21:40:39 INFO  ChordProtocols:173 - Beregner fingerID for finger 123: 77544008448317228605163859926276809022
id: 77544008448317228605163859926276809022
lower: 66910184482037901621933403444034052414
upper: 121411138451101288395601026024677976156
Result (no wrap): true
2025-05-02 21:40:39 INFO  ChordProtocols:179 - Finger 123 peker n책 til: process5
2025-05-02 21:40:39 INFO  ChordProtocols:173 - Beregner fingerID for finger 124: 88177832414596555588394316408519565630
id: 88177832414596555588394316408519565630
lower: 66910184482037901621933403444034052414
upper: 121411138451101288395601026024677976156
Result (no wrap): true
2025-05-02 21:40:39 INFO  ChordProtocols:179 - Finger 124 peker n책 til: process5
2025-05-02 21:40:39 INFO  ChordProtocols:173 - Beregner fingerID for finger 125: 109445480347155209554855229373005078846
id: 109445480347155209554855229373005078846
lower: 66910184482037901621933403444034052414
upper: 121411138451101288395601026024677976156
Result (no wrap): true
2025-05-02 21:40:39 INFO  ChordProtocols:179 - Finger 125 peker n책 til: process5
2025-05-02 21:40:39 INFO  ChordProtocols:173 - Beregner fingerID for finger 126: 151980776212272517487777055301976105278
id: 151980776212272517487777055301976105278
lower: 66910184482037901621933403444034052414
upper: 121411138451101288395601026024677976156
Result (no wrap): false
id: 121411138451101288395601026024677976156
lower: 66910184482037901621933403444034052414
upper: 151980776212272517487777055301976105278
Result (no wrap): true
id: 151980776212272517487777055301976105278
lower: 121411138451101288395601026024677976156
upper: 210821560651360572675896360671414673172
Result (no wrap): true
2025-05-02 21:40:39 INFO  ChordProtocols:179 - Finger 126 peker n책 til: process4
2025-05-02 21:40:39 INFO  ChordProtocols:173 - Beregner fingerID for finger 127: 237051367942507133353620707159918158142
id: 237051367942507133353620707159918158142
lower: 66910184482037901621933403444034052414
upper: 121411138451101288395601026024677976156
Result (no wrap): false
id: 210821560651360572675896360671414673172
lower: 66910184482037901621933403444034052414
upper: 237051367942507133353620707159918158142
Result (no wrap): true
id: 237051367942507133353620707159918158142
lower: 210821560651360572675896360671414673172
upper: 15618062003214643351512781541041391612
Result (wrap): true
2025-05-02 21:40:39 INFO  ChordProtocols:179 - Finger 127 peker n책 til: process2
2025-05-02 21:40:39 INFO  StabilizationProtocols:60 - Checking the predecessor for Node: process3
==================================
Node Identifier = 66910184482037901621933403444034052414
Node IP address = process3
successor(process3) = process5
predecessor(process3) = process1
Current File keys for process3 => [66481538825926898419352978747807121875]
==================================
2025-05-02 21:40:39 INFO  StabilizationProtocols:130 - Updating the successor for Node: process4
id: 210821560651360572675896360671414673173
lower: 210821560651360572675896360671414673172
upper: 15618062003214643351512781541041391612
Result (wrap): true
2025-05-02 21:40:39 INFO  StabilizationProtocols:84 - Stabilizing ring from process4...
2025-05-02 21:40:39 INFO  StabilizationProtocols:91 - Stabilize ring: succnode = process2
id: 210821560651360572675896360671414673172
lower: 210821560651360572675896360671414673173
upper: 15618062003214643351512781541041391613
Result (wrap): false
2025-05-02 21:40:39 INFO  StabilizationProtocols:113 - Finished stabilizing chordring from process4
2025-05-02 21:40:39 INFO  ChordProtocols:159 - Oppdaterer FingerTable for Node: process4
2025-05-02 21:40:39 INFO  ChordProtocols:173 - Beregner fingerID for finger 0: 210821560651360572675896360671414673173
id: 210821560651360572675896360671414673173
lower: 210821560651360572675896360671414673172
upper: 15618062003214643351512781541041391612
Result (wrap): true
2025-05-02 21:40:39 INFO  ChordProtocols:179 - Finger 0 peker n책 til: process2
2025-05-02 21:40:39 INFO  ChordProtocols:173 - Beregner fingerID for finger 1: 210821560651360572675896360671414673174
id: 210821560651360572675896360671414673174
lower: 210821560651360572675896360671414673172
upper: 15618062003214643351512781541041391612
Result (wrap): true
2025-05-02 21:40:39 INFO  ChordProtocols:179 - Finger 1 peker n책 til: process2
2025-05-02 21:40:39 INFO  ChordProtocols:173 - Beregner fingerID for finger 2: 210821560651360572675896360671414673176
id: 210821560651360572675896360671414673176
lower: 210821560651360572675896360671414673172
upper: 15618062003214643351512781541041391612
Result (wrap): true
2025-05-02 21:40:39 INFO  ChordProtocols:179 - Finger 2 peker n책 til: process2
2025-05-02 21:40:39 INFO  ChordProtocols:173 - Beregner fingerID for finger 3: 210821560651360572675896360671414673180
id: 210821560651360572675896360671414673180
lower: 210821560651360572675896360671414673172
upper: 15618062003214643351512781541041391612
Result (wrap): true
2025-05-02 21:40:39 INFO  ChordProtocols:179 - Finger 3 peker n책 til: process2
2025-05-02 21:40:39 INFO  ChordProtocols:173 - Beregner fingerID for finger 4: 210821560651360572675896360671414673188
id: 210821560651360572675896360671414673188
lower: 210821560651360572675896360671414673172
upper: 15618062003214643351512781541041391612
Result (wrap): true
2025-05-02 21:40:39 INFO  ChordProtocols:179 - Finger 4 peker n책 til: process2
2025-05-02 21:40:39 INFO  ChordProtocols:173 - Beregner fingerID for finger 5: 210821560651360572675896360671414673204
id: 210821560651360572675896360671414673204
lower: 210821560651360572675896360671414673172
upper: 15618062003214643351512781541041391612
Result (wrap): true
2025-05-02 21:40:39 INFO  ChordProtocols:179 - Finger 5 peker n책 til: process2
2025-05-02 21:40:39 INFO  ChordProtocols:173 - Beregner fingerID for finger 6: 210821560651360572675896360671414673236
id: 210821560651360572675896360671414673236
lower: 210821560651360572675896360671414673172
upper: 15618062003214643351512781541041391612
Result (wrap): true
2025-05-02 21:40:39 INFO  ChordProtocols:179 - Finger 6 peker n책 til: process2
2025-05-02 21:40:39 INFO  ChordProtocols:173 - Beregner fingerID for finger 7: 210821560651360572675896360671414673300
id: 210821560651360572675896360671414673300
lower: 210821560651360572675896360671414673172
upper: 15618062003214643351512781541041391612
Result (wrap): true
2025-05-02 21:40:39 INFO  ChordProtocols:179 - Finger 7 peker n책 til: process2
2025-05-02 21:40:39 INFO  ChordProtocols:173 - Beregner fingerID for finger 8: 210821560651360572675896360671414673428
id: 210821560651360572675896360671414673428
lower: 210821560651360572675896360671414673172
upper: 15618062003214643351512781541041391612
Result (wrap): true
2025-05-02 21:40:39 INFO  ChordProtocols:179 - Finger 8 peker n책 til: process2
2025-05-02 21:40:39 INFO  ChordProtocols:173 - Beregner fingerID for finger 9: 210821560651360572675896360671414673684
id: 210821560651360572675896360671414673684
lower: 210821560651360572675896360671414673172
upper: 15618062003214643351512781541041391612
Result (wrap): true
2025-05-02 21:40:39 INFO  ChordProtocols:179 - Finger 9 peker n책 til: process2
2025-05-02 21:40:39 INFO  ChordProtocols:173 - Beregner fingerID for finger 10: 210821560651360572675896360671414674196
id: 210821560651360572675896360671414674196
lower: 210821560651360572675896360671414673172
upper: 15618062003214643351512781541041391612
Result (wrap): true
2025-05-02 21:40:39 INFO  ChordProtocols:179 - Finger 10 peker n책 til: process2
2025-05-02 21:40:39 INFO  ChordProtocols:173 - Beregner fingerID for finger 11: 210821560651360572675896360671414675220
id: 210821560651360572675896360671414675220
lower: 210821560651360572675896360671414673172
upper: 15618062003214643351512781541041391612
Result (wrap): true
2025-05-02 21:40:39 INFO  ChordProtocols:179 - Finger 11 peker n책 til: process2
2025-05-02 21:40:39 INFO  ChordProtocols:173 - Beregner fingerID for finger 12: 210821560651360572675896360671414677268
id: 210821560651360572675896360671414677268
lower: 210821560651360572675896360671414673172
upper: 15618062003214643351512781541041391612
Result (wrap): true
2025-05-02 21:40:39 INFO  ChordProtocols:179 - Finger 12 peker n책 til: process2
2025-05-02 21:40:39 INFO  ChordProtocols:173 - Beregner fingerID for finger 13: 210821560651360572675896360671414681364
id: 210821560651360572675896360671414681364
lower: 210821560651360572675896360671414673172
upper: 15618062003214643351512781541041391612
Result (wrap): true
2025-05-02 21:40:39 INFO  ChordProtocols:179 - Finger 13 peker n책 til: process2
2025-05-02 21:40:39 INFO  ChordProtocols:173 - Beregner fingerID for finger 14: 210821560651360572675896360671414689556
id: 210821560651360572675896360671414689556
lower: 210821560651360572675896360671414673172
upper: 15618062003214643351512781541041391612
Result (wrap): true
2025-05-02 21:40:39 INFO  ChordProtocols:179 - Finger 14 peker n책 til: process2
2025-05-02 21:40:39 INFO  ChordProtocols:173 - Beregner fingerID for finger 15: 210821560651360572675896360671414705940
id: 210821560651360572675896360671414705940
lower: 210821560651360572675896360671414673172
upper: 15618062003214643351512781541041391612
Result (wrap): true
2025-05-02 21:40:39 INFO  ChordProtocols:179 - Finger 15 peker n책 til: process2
2025-05-02 21:40:39 INFO  ChordProtocols:173 - Beregner fingerID for finger 16: 210821560651360572675896360671414738708
id: 210821560651360572675896360671414738708
lower: 210821560651360572675896360671414673172
upper: 15618062003214643351512781541041391612
Result (wrap): true
2025-05-02 21:40:39 INFO  ChordProtocols:179 - Finger 16 peker n책 til: process2
2025-05-02 21:40:39 INFO  ChordProtocols:173 - Beregner fingerID for finger 17: 210821560651360572675896360671414804244
id: 210821560651360572675896360671414804244
lower: 210821560651360572675896360671414673172
upper: 15618062003214643351512781541041391612
Result (wrap): true
2025-05-02 21:40:39 INFO  ChordProtocols:179 - Finger 17 peker n책 til: process2
2025-05-02 21:40:39 INFO  ChordProtocols:173 - Beregner fingerID for finger 18: 210821560651360572675896360671414935316
id: 210821560651360572675896360671414935316
lower: 210821560651360572675896360671414673172
upper: 15618062003214643351512781541041391612
Result (wrap): true
2025-05-02 21:40:39 INFO  ChordProtocols:179 - Finger 18 peker n책 til: process2
2025-05-02 21:40:39 INFO  ChordProtocols:173 - Beregner fingerID for finger 19: 210821560651360572675896360671415197460
id: 210821560651360572675896360671415197460
lower: 210821560651360572675896360671414673172
upper: 15618062003214643351512781541041391612
Result (wrap): true
2025-05-02 21:40:39 INFO  ChordProtocols:179 - Finger 19 peker n책 til: process2
2025-05-02 21:40:39 INFO  ChordProtocols:173 - Beregner fingerID for finger 20: 210821560651360572675896360671415721748
id: 210821560651360572675896360671415721748
lower: 210821560651360572675896360671414673172
upper: 15618062003214643351512781541041391612
Result (wrap): true
2025-05-02 21:40:39 INFO  ChordProtocols:179 - Finger 20 peker n책 til: process2
2025-05-02 21:40:39 INFO  ChordProtocols:173 - Beregner fingerID for finger 21: 210821560651360572675896360671416770324
id: 210821560651360572675896360671416770324
lower: 210821560651360572675896360671414673172
upper: 15618062003214643351512781541041391612
Result (wrap): true
2025-05-02 21:40:39 INFO  ChordProtocols:179 - Finger 21 peker n책 til: process2
2025-05-02 21:40:39 INFO  ChordProtocols:173 - Beregner fingerID for finger 22: 210821560651360572675896360671418867476
id: 210821560651360572675896360671418867476
lower: 210821560651360572675896360671414673172
upper: 15618062003214643351512781541041391612
Result (wrap): true
2025-05-02 21:40:39 INFO  ChordProtocols:179 - Finger 22 peker n책 til: process2
2025-05-02 21:40:39 INFO  ChordProtocols:173 - Beregner fingerID for finger 23: 210821560651360572675896360671423061780
id: 210821560651360572675896360671423061780
lower: 210821560651360572675896360671414673172
upper: 15618062003214643351512781541041391612
Result (wrap): true
2025-05-02 21:40:39 INFO  ChordProtocols:179 - Finger 23 peker n책 til: process2
2025-05-02 21:40:39 INFO  ChordProtocols:173 - Beregner fingerID for finger 24: 210821560651360572675896360671431450388
id: 210821560651360572675896360671431450388
lower: 210821560651360572675896360671414673172
upper: 15618062003214643351512781541041391612
Result (wrap): true
2025-05-02 21:40:39 INFO  ChordProtocols:179 - Finger 24 peker n책 til: process2
2025-05-02 21:40:39 INFO  ChordProtocols:173 - Beregner fingerID for finger 25: 210821560651360572675896360671448227604
id: 210821560651360572675896360671448227604
lower: 210821560651360572675896360671414673172
upper: 15618062003214643351512781541041391612
Result (wrap): true
2025-05-02 21:40:39 INFO  ChordProtocols:179 - Finger 25 peker n책 til: process2
2025-05-02 21:40:39 INFO  ChordProtocols:173 - Beregner fingerID for finger 26: 210821560651360572675896360671481782036
id: 210821560651360572675896360671481782036
lower: 210821560651360572675896360671414673172
upper: 15618062003214643351512781541041391612
Result (wrap): true
2025-05-02 21:40:39 INFO  ChordProtocols:179 - Finger 26 peker n책 til: process2
2025-05-02 21:40:39 INFO  ChordProtocols:173 - Beregner fingerID for finger 27: 210821560651360572675896360671548890900
id: 210821560651360572675896360671548890900
lower: 210821560651360572675896360671414673172
upper: 15618062003214643351512781541041391612
Result (wrap): true
2025-05-02 21:40:39 INFO  ChordProtocols:179 - Finger 27 peker n책 til: process2
2025-05-02 21:40:39 INFO  ChordProtocols:173 - Beregner fingerID for finger 28: 210821560651360572675896360671683108628
id: 210821560651360572675896360671683108628
lower: 210821560651360572675896360671414673172
upper: 15618062003214643351512781541041391612
Result (wrap): true
2025-05-02 21:40:39 INFO  ChordProtocols:179 - Finger 28 peker n책 til: process2
2025-05-02 21:40:39 INFO  ChordProtocols:173 - Beregner fingerID for finger 29: 210821560651360572675896360671951544084
id: 210821560651360572675896360671951544084
lower: 210821560651360572675896360671414673172
upper: 15618062003214643351512781541041391612
Result (wrap): true
2025-05-02 21:40:39 INFO  ChordProtocols:179 - Finger 29 peker n책 til: process2
2025-05-02 21:40:39 INFO  ChordProtocols:173 - Beregner fingerID for finger 30: 210821560651360572675896360672488414996
id: 210821560651360572675896360672488414996
lower: 210821560651360572675896360671414673172
upper: 15618062003214643351512781541041391612
Result (wrap): true
2025-05-02 21:40:39 INFO  ChordProtocols:179 - Finger 30 peker n책 til: process2
2025-05-02 21:40:39 INFO  ChordProtocols:173 - Beregner fingerID for finger 31: 210821560651360572675896360673562156820
id: 210821560651360572675896360673562156820
lower: 210821560651360572675896360671414673172
upper: 15618062003214643351512781541041391612
Result (wrap): true
2025-05-02 21:40:39 INFO  ChordProtocols:179 - Finger 31 peker n책 til: process2
2025-05-02 21:40:39 INFO  ChordProtocols:173 - Beregner fingerID for finger 32: 210821560651360572675896360675709640468
id: 210821560651360572675896360675709640468
lower: 210821560651360572675896360671414673172
upper: 15618062003214643351512781541041391612
Result (wrap): true
2025-05-02 21:40:39 INFO  ChordProtocols:179 - Finger 32 peker n책 til: process2
2025-05-02 21:40:39 INFO  ChordProtocols:173 - Beregner fingerID for finger 33: 210821560651360572675896360680004607764
id: 210821560651360572675896360680004607764
lower: 210821560651360572675896360671414673172
upper: 15618062003214643351512781541041391612
Result (wrap): true
2025-05-02 21:40:39 INFO  ChordProtocols:179 - Finger 33 peker n책 til: process2
2025-05-02 21:40:39 INFO  ChordProtocols:173 - Beregner fingerID for finger 34: 210821560651360572675896360688594542356
id: 210821560651360572675896360688594542356
lower: 210821560651360572675896360671414673172
upper: 15618062003214643351512781541041391612
Result (wrap): true
2025-05-02 21:40:39 INFO  ChordProtocols:179 - Finger 34 peker n책 til: process2
2025-05-02 21:40:39 INFO  ChordProtocols:173 - Beregner fingerID for finger 35: 210821560651360572675896360705774411540
id: 210821560651360572675896360705774411540
lower: 210821560651360572675896360671414673172
upper: 15618062003214643351512781541041391612
Result (wrap): true
2025-05-02 21:40:39 INFO  ChordProtocols:179 - Finger 35 peker n책 til: process2
2025-05-02 21:40:39 INFO  ChordProtocols:173 - Beregner fingerID for finger 36: 210821560651360572675896360740134149908
id: 210821560651360572675896360740134149908
lower: 210821560651360572675896360671414673172
upper: 15618062003214643351512781541041391612
Result (wrap): true
2025-05-02 21:40:39 INFO  ChordProtocols:179 - Finger 36 peker n책 til: process2
2025-05-02 21:40:39 INFO  ChordProtocols:173 - Beregner fingerID for finger 37: 210821560651360572675896360808853626644
id: 210821560651360572675896360808853626644
lower: 210821560651360572675896360671414673172
upper: 15618062003214643351512781541041391612
Result (wrap): true
2025-05-02 21:40:39 INFO  ChordProtocols:179 - Finger 37 peker n책 til: process2
2025-05-02 21:40:39 INFO  ChordProtocols:173 - Beregner fingerID for finger 38: 210821560651360572675896360946292580116
id: 210821560651360572675896360946292580116
lower: 210821560651360572675896360671414673172
upper: 15618062003214643351512781541041391612
Result (wrap): true
2025-05-02 21:40:39 INFO  ChordProtocols:179 - Finger 38 peker n책 til: process2
2025-05-02 21:40:39 INFO  ChordProtocols:173 - Beregner fingerID for finger 39: 210821560651360572675896361221170487060
id: 210821560651360572675896361221170487060
lower: 210821560651360572675896360671414673172
upper: 15618062003214643351512781541041391612
Result (wrap): true
2025-05-02 21:40:39 INFO  ChordProtocols:179 - Finger 39 peker n책 til: process2
2025-05-02 21:40:39 INFO  ChordProtocols:173 - Beregner fingerID for finger 40: 210821560651360572675896361770926300948
id: 210821560651360572675896361770926300948
lower: 210821560651360572675896360671414673172
upper: 15618062003214643351512781541041391612
Result (wrap): true
2025-05-02 21:40:39 INFO  ChordProtocols:179 - Finger 40 peker n책 til: process2
2025-05-02 21:40:39 INFO  ChordProtocols:173 - Beregner fingerID for finger 41: 210821560651360572675896362870437928724
id: 210821560651360572675896362870437928724
lower: 210821560651360572675896360671414673172
upper: 15618062003214643351512781541041391612
Result (wrap): true
2025-05-02 21:40:39 INFO  ChordProtocols:179 - Finger 41 peker n책 til: process2
2025-05-02 21:40:39 INFO  ChordProtocols:173 - Beregner fingerID for finger 42: 210821560651360572675896365069461184276
id: 210821560651360572675896365069461184276
lower: 210821560651360572675896360671414673172
upper: 15618062003214643351512781541041391612
Result (wrap): true
2025-05-02 21:40:39 INFO  ChordProtocols:179 - Finger 42 peker n책 til: process2
2025-05-02 21:40:39 INFO  ChordProtocols:173 - Beregner fingerID for finger 43: 210821560651360572675896369467507695380
id: 210821560651360572675896369467507695380
lower: 210821560651360572675896360671414673172
upper: 15618062003214643351512781541041391612
Result (wrap): true
2025-05-02 21:40:39 INFO  ChordProtocols:179 - Finger 43 peker n책 til: process2
2025-05-02 21:40:39 INFO  ChordProtocols:173 - Beregner fingerID for finger 44: 210821560651360572675896378263600717588
id: 210821560651360572675896378263600717588
lower: 210821560651360572675896360671414673172
upper: 15618062003214643351512781541041391612
Result (wrap): true
2025-05-02 21:40:39 INFO  ChordProtocols:179 - Finger 44 peker n책 til: process2
2025-05-02 21:40:39 INFO  ChordProtocols:173 - Beregner fingerID for finger 45: 210821560651360572675896395855786762004
id: 210821560651360572675896395855786762004
lower: 210821560651360572675896360671414673172
upper: 15618062003214643351512781541041391612
Result (wrap): true
2025-05-02 21:40:39 INFO  ChordProtocols:179 - Finger 45 peker n책 til: process2
2025-05-02 21:40:39 INFO  ChordProtocols:173 - Beregner fingerID for finger 46: 210821560651360572675896431040158850836
id: 210821560651360572675896431040158850836
lower: 210821560651360572675896360671414673172
upper: 15618062003214643351512781541041391612
Result (wrap): true
2025-05-02 21:40:39 INFO  ChordProtocols:179 - Finger 46 peker n책 til: process2
2025-05-02 21:40:39 INFO  ChordProtocols:173 - Beregner fingerID for finger 47: 210821560651360572675896501408903028500
id: 210821560651360572675896501408903028500
lower: 210821560651360572675896360671414673172
upper: 15618062003214643351512781541041391612
Result (wrap): true
2025-05-02 21:40:39 INFO  ChordProtocols:179 - Finger 47 peker n책 til: process2
2025-05-02 21:40:39 INFO  ChordProtocols:173 - Beregner fingerID for finger 48: 210821560651360572675896642146391383828
id: 210821560651360572675896642146391383828
lower: 210821560651360572675896360671414673172
upper: 15618062003214643351512781541041391612
Result (wrap): true
2025-05-02 21:40:39 INFO  ChordProtocols:179 - Finger 48 peker n책 til: process2
2025-05-02 21:40:39 INFO  ChordProtocols:173 - Beregner fingerID for finger 49: 210821560651360572675896923621368094484
id: 210821560651360572675896923621368094484
lower: 210821560651360572675896360671414673172
upper: 15618062003214643351512781541041391612
Result (wrap): true
2025-05-02 21:40:39 INFO  ChordProtocols:179 - Finger 49 peker n책 til: process2
2025-05-02 21:40:39 INFO  ChordProtocols:173 - Beregner fingerID for finger 50: 210821560651360572675897486571321515796
id: 210821560651360572675897486571321515796
lower: 210821560651360572675896360671414673172
upper: 15618062003214643351512781541041391612
Result (wrap): true
2025-05-02 21:40:39 INFO  ChordProtocols:179 - Finger 50 peker n책 til: process2
2025-05-02 21:40:39 INFO  ChordProtocols:173 - Beregner fingerID for finger 51: 210821560651360572675898612471228358420
id: 210821560651360572675898612471228358420
lower: 210821560651360572675896360671414673172
upper: 15618062003214643351512781541041391612
Result (wrap): true
2025-05-02 21:40:39 INFO  ChordProtocols:179 - Finger 51 peker n책 til: process2
2025-05-02 21:40:39 INFO  ChordProtocols:173 - Beregner fingerID for finger 52: 210821560651360572675900864271042043668
id: 210821560651360572675900864271042043668
lower: 210821560651360572675896360671414673172
upper: 15618062003214643351512781541041391612
Result (wrap): true
2025-05-02 21:40:39 INFO  ChordProtocols:179 - Finger 52 peker n책 til: process2
2025-05-02 21:40:39 INFO  ChordProtocols:173 - Beregner fingerID for finger 53: 210821560651360572675905367870669414164
id: 210821560651360572675905367870669414164
lower: 210821560651360572675896360671414673172
upper: 15618062003214643351512781541041391612
Result (wrap): true
2025-05-02 21:40:39 INFO  ChordProtocols:179 - Finger 53 peker n책 til: process2
2025-05-02 21:40:39 INFO  ChordProtocols:173 - Beregner fingerID for finger 54: 210821560651360572675914375069924155156
id: 210821560651360572675914375069924155156
lower: 210821560651360572675896360671414673172
upper: 15618062003214643351512781541041391612
Result (wrap): true
2025-05-02 21:40:39 INFO  ChordProtocols:179 - Finger 54 peker n책 til: process2
2025-05-02 21:40:39 INFO  ChordProtocols:173 - Beregner fingerID for finger 55: 210821560651360572675932389468433637140
id: 210821560651360572675932389468433637140
lower: 210821560651360572675896360671414673172
upper: 15618062003214643351512781541041391612
Result (wrap): true
2025-05-02 21:40:39 INFO  ChordProtocols:179 - Finger 55 peker n책 til: process2
2025-05-02 21:40:39 INFO  ChordProtocols:173 - Beregner fingerID for finger 56: 210821560651360572675968418265452601108
id: 210821560651360572675968418265452601108
lower: 210821560651360572675896360671414673172
upper: 15618062003214643351512781541041391612
Result (wrap): true
2025-05-02 21:40:39 INFO  ChordProtocols:179 - Finger 56 peker n책 til: process2
2025-05-02 21:40:39 INFO  ChordProtocols:173 - Beregner fingerID for finger 57: 210821560651360572676040475859490529044
id: 210821560651360572676040475859490529044
lower: 210821560651360572675896360671414673172
upper: 15618062003214643351512781541041391612
Result (wrap): true
2025-05-02 21:40:39 INFO  ChordProtocols:179 - Finger 57 peker n책 til: process2
2025-05-02 21:40:39 INFO  ChordProtocols:173 - Beregner fingerID for finger 58: 210821560651360572676184591047566384916
id: 210821560651360572676184591047566384916
lower: 210821560651360572675896360671414673172
upper: 15618062003214643351512781541041391612
Result (wrap): true
2025-05-02 21:40:39 INFO  ChordProtocols:179 - Finger 58 peker n책 til: process2
2025-05-02 21:40:39 INFO  ChordProtocols:173 - Beregner fingerID for finger 59: 210821560651360572676472821423718096660
id: 210821560651360572676472821423718096660
lower: 210821560651360572675896360671414673172
upper: 15618062003214643351512781541041391612
Result (wrap): true
2025-05-02 21:40:39 INFO  ChordProtocols:179 - Finger 59 peker n책 til: process2
2025-05-02 21:40:39 INFO  ChordProtocols:173 - Beregner fingerID for finger 60: 210821560651360572677049282176021520148
id: 210821560651360572677049282176021520148
lower: 210821560651360572675896360671414673172
upper: 15618062003214643351512781541041391612
Result (wrap): true
2025-05-02 21:40:39 INFO  ChordProtocols:179 - Finger 60 peker n책 til: process2
2025-05-02 21:40:39 INFO  ChordProtocols:173 - Beregner fingerID for finger 61: 210821560651360572678202203680628367124
id: 210821560651360572678202203680628367124
lower: 210821560651360572675896360671414673172
upper: 15618062003214643351512781541041391612
Result (wrap): true
2025-05-02 21:40:39 INFO  ChordProtocols:179 - Finger 61 peker n책 til: process2
2025-05-02 21:40:39 INFO  ChordProtocols:173 - Beregner fingerID for finger 62: 210821560651360572680508046689842061076
id: 210821560651360572680508046689842061076
lower: 210821560651360572675896360671414673172
upper: 15618062003214643351512781541041391612
Result (wrap): true
2025-05-02 21:40:39 INFO  ChordProtocols:179 - Finger 62 peker n책 til: process2
2025-05-02 21:40:39 INFO  ChordProtocols:173 - Beregner fingerID for finger 63: 210821560651360572685119732708269448980
id: 210821560651360572685119732708269448980
lower: 210821560651360572675896360671414673172
upper: 15618062003214643351512781541041391612
Result (wrap): true
2025-05-02 21:40:39 INFO  ChordProtocols:179 - Finger 63 peker n책 til: process2
2025-05-02 21:40:39 INFO  ChordProtocols:173 - Beregner fingerID for finger 64: 210821560651360572694343104745124224788
id: 210821560651360572694343104745124224788
lower: 210821560651360572675896360671414673172
upper: 15618062003214643351512781541041391612
Result (wrap): true
2025-05-02 21:40:39 INFO  ChordProtocols:179 - Finger 64 peker n책 til: process2
2025-05-02 21:40:39 INFO  ChordProtocols:173 - Beregner fingerID for finger 65: 210821560651360572712789848818833776404
id: 210821560651360572712789848818833776404
lower: 210821560651360572675896360671414673172
upper: 15618062003214643351512781541041391612
Result (wrap): true
2025-05-02 21:40:39 INFO  ChordProtocols:179 - Finger 65 peker n책 til: process2
2025-05-02 21:40:39 INFO  ChordProtocols:173 - Beregner fingerID for finger 66: 210821560651360572749683336966252879636
id: 210821560651360572749683336966252879636
lower: 210821560651360572675896360671414673172
upper: 15618062003214643351512781541041391612
Result (wrap): true
2025-05-02 21:40:39 INFO  ChordProtocols:179 - Finger 66 peker n책 til: process2
2025-05-02 21:40:39 INFO  ChordProtocols:173 - Beregner fingerID for finger 67: 210821560651360572823470313261091086100
id: 210821560651360572823470313261091086100
lower: 210821560651360572675896360671414673172
upper: 15618062003214643351512781541041391612
Result (wrap): true
2025-05-02 21:40:39 INFO  ChordProtocols:179 - Finger 67 peker n책 til: process2
2025-05-02 21:40:39 INFO  ChordProtocols:173 - Beregner fingerID for finger 68: 210821560651360572971044265850767499028
id: 210821560651360572971044265850767499028
lower: 210821560651360572675896360671414673172
upper: 15618062003214643351512781541041391612
Result (wrap): true
2025-05-02 21:40:39 INFO  ChordProtocols:179 - Finger 68 peker n책 til: process2
2025-05-02 21:40:39 INFO  ChordProtocols:173 - Beregner fingerID for finger 69: 210821560651360573266192171030120324884
id: 210821560651360573266192171030120324884
lower: 210821560651360572675896360671414673172
upper: 15618062003214643351512781541041391612
Result (wrap): true
2025-05-02 21:40:39 INFO  ChordProtocols:179 - Finger 69 peker n책 til: process2
2025-05-02 21:40:39 INFO  ChordProtocols:173 - Beregner fingerID for finger 70: 210821560651360573856487981388825976596
id: 210821560651360573856487981388825976596
lower: 210821560651360572675896360671414673172
upper: 15618062003214643351512781541041391612
Result (wrap): true
2025-05-02 21:40:39 INFO  ChordProtocols:179 - Finger 70 peker n책 til: process2
2025-05-02 21:40:39 INFO  ChordProtocols:173 - Beregner fingerID for finger 71: 210821560651360575037079602106237280020
id: 210821560651360575037079602106237280020
lower: 210821560651360572675896360671414673172
upper: 15618062003214643351512781541041391612
Result (wrap): true
2025-05-02 21:40:39 INFO  ChordProtocols:179 - Finger 71 peker n책 til: process2
2025-05-02 21:40:39 INFO  ChordProtocols:173 - Beregner fingerID for finger 72: 210821560651360577398262843541059886868
id: 210821560651360577398262843541059886868
lower: 210821560651360572675896360671414673172
upper: 15618062003214643351512781541041391612
Result (wrap): true
2025-05-02 21:40:39 INFO  ChordProtocols:179 - Finger 72 peker n책 til: process2
2025-05-02 21:40:39 INFO  ChordProtocols:173 - Beregner fingerID for finger 73: 210821560651360582120629326410705100564
id: 210821560651360582120629326410705100564
lower: 210821560651360572675896360671414673172
upper: 15618062003214643351512781541041391612
Result (wrap): true
2025-05-02 21:40:39 INFO  ChordProtocols:179 - Finger 73 peker n책 til: process2
2025-05-02 21:40:39 INFO  ChordProtocols:173 - Beregner fingerID for finger 74: 210821560651360591565362292149995527956
id: 210821560651360591565362292149995527956
lower: 210821560651360572675896360671414673172
upper: 15618062003214643351512781541041391612
Result (wrap): true
2025-05-02 21:40:39 INFO  ChordProtocols:179 - Finger 74 peker n책 til: process2
2025-05-02 21:40:39 INFO  ChordProtocols:173 - Beregner fingerID for finger 75: 210821560651360610454828223628576382740
id: 210821560651360610454828223628576382740
lower: 210821560651360572675896360671414673172
upper: 15618062003214643351512781541041391612
Result (wrap): true
2025-05-02 21:40:39 INFO  ChordProtocols:179 - Finger 75 peker n책 til: process2
2025-05-02 21:40:39 INFO  ChordProtocols:173 - Beregner fingerID for finger 76: 210821560651360648233760086585738092308
id: 210821560651360648233760086585738092308
lower: 210821560651360572675896360671414673172
upper: 15618062003214643351512781541041391612
Result (wrap): true
2025-05-02 21:40:39 INFO  ChordProtocols:179 - Finger 76 peker n책 til: process2
2025-05-02 21:40:39 INFO  ChordProtocols:173 - Beregner fingerID for finger 77: 210821560651360723791623812500061511444
id: 210821560651360723791623812500061511444
lower: 210821560651360572675896360671414673172
upper: 15618062003214643351512781541041391612
Result (wrap): true
2025-05-02 21:40:39 INFO  ChordProtocols:179 - Finger 77 peker n책 til: process2
2025-05-02 21:40:39 INFO  ChordProtocols:173 - Beregner fingerID for finger 78: 210821560651360874907351264328708349716
id: 210821560651360874907351264328708349716
lower: 210821560651360572675896360671414673172
upper: 15618062003214643351512781541041391612
Result (wrap): true
2025-05-02 21:40:39 INFO  ChordProtocols:179 - Finger 78 peker n책 til: process2
2025-05-02 21:40:39 INFO  ChordProtocols:173 - Beregner fingerID for finger 79: 210821560651361177138806167986002026260
id: 210821560651361177138806167986002026260
lower: 210821560651360572675896360671414673172
upper: 15618062003214643351512781541041391612
Result (wrap): true
2025-05-02 21:40:39 INFO  ChordProtocols:179 - Finger 79 peker n책 til: process2
2025-05-02 21:40:39 INFO  ChordProtocols:173 - Beregner fingerID for finger 80: 210821560651361781601715975300589379348
id: 210821560651361781601715975300589379348
lower: 210821560651360572675896360671414673172
upper: 15618062003214643351512781541041391612
Result (wrap): true
2025-05-02 21:40:39 INFO  ChordProtocols:179 - Finger 80 peker n책 til: process2
2025-05-02 21:40:39 INFO  ChordProtocols:173 - Beregner fingerID for finger 81: 210821560651362990527535589929764085524
id: 210821560651362990527535589929764085524
lower: 210821560651360572675896360671414673172
upper: 15618062003214643351512781541041391612
Result (wrap): true
2025-05-02 21:40:39 INFO  ChordProtocols:179 - Finger 81 peker n책 til: process2
2025-05-02 21:40:39 INFO  ChordProtocols:173 - Beregner fingerID for finger 82: 210821560651365408379174819188113497876
id: 210821560651365408379174819188113497876
lower: 210821560651360572675896360671414673172
upper: 15618062003214643351512781541041391612
Result (wrap): true
2025-05-02 21:40:39 INFO  ChordProtocols:179 - Finger 82 peker n책 til: process2
2025-05-02 21:40:39 INFO  ChordProtocols:173 - Beregner fingerID for finger 83: 210821560651370244082453277704812322580
id: 210821560651370244082453277704812322580
lower: 210821560651360572675896360671414673172
upper: 15618062003214643351512781541041391612
Result (wrap): true
2025-05-02 21:40:39 INFO  ChordProtocols:179 - Finger 83 peker n책 til: process2
2025-05-02 21:40:39 INFO  ChordProtocols:173 - Beregner fingerID for finger 84: 210821560651379915489010194738209971988
id: 210821560651379915489010194738209971988
lower: 210821560651360572675896360671414673172
upper: 15618062003214643351512781541041391612
Result (wrap): true
2025-05-02 21:40:39 INFO  ChordProtocols:179 - Finger 84 peker n책 til: process2
2025-05-02 21:40:39 INFO  ChordProtocols:173 - Beregner fingerID for finger 85: 210821560651399258302124028805005270804
id: 210821560651399258302124028805005270804
lower: 210821560651360572675896360671414673172
upper: 15618062003214643351512781541041391612
Result (wrap): true
2025-05-02 21:40:39 INFO  ChordProtocols:179 - Finger 85 peker n책 til: process2
2025-05-02 21:40:39 INFO  ChordProtocols:173 - Beregner fingerID for finger 86: 210821560651437943928351696938595868436
id: 210821560651437943928351696938595868436
lower: 210821560651360572675896360671414673172
upper: 15618062003214643351512781541041391612
Result (wrap): true
2025-05-02 21:40:39 INFO  ChordProtocols:179 - Finger 86 peker n책 til: process2
2025-05-02 21:40:39 INFO  ChordProtocols:173 - Beregner fingerID for finger 87: 210821560651515315180807033205777063700
id: 210821560651515315180807033205777063700
lower: 210821560651360572675896360671414673172
upper: 15618062003214643351512781541041391612
Result (wrap): true
2025-05-02 21:40:39 INFO  ChordProtocols:179 - Finger 87 peker n책 til: process2
2025-05-02 21:40:39 INFO  ChordProtocols:173 - Beregner fingerID for finger 88: 210821560651670057685717705740139454228
id: 210821560651670057685717705740139454228
lower: 210821560651360572675896360671414673172
upper: 15618062003214643351512781541041391612
Result (wrap): true
2025-05-02 21:40:39 INFO  ChordProtocols:179 - Finger 88 peker n책 til: process2
2025-05-02 21:40:39 INFO  ChordProtocols:173 - Beregner fingerID for finger 89: 210821560651979542695539050808864235284
id: 210821560651979542695539050808864235284
lower: 210821560651360572675896360671414673172
upper: 15618062003214643351512781541041391612
Result (wrap): true
2025-05-02 21:40:39 INFO  ChordProtocols:179 - Finger 89 peker n책 til: process2
2025-05-02 21:40:39 INFO  ChordProtocols:173 - Beregner fingerID for finger 90: 210821560652598512715181740946313797396
id: 210821560652598512715181740946313797396
lower: 210821560651360572675896360671414673172
upper: 15618062003214643351512781541041391612
Result (wrap): true
2025-05-02 21:40:39 INFO  ChordProtocols:179 - Finger 90 peker n책 til: process2
2025-05-02 21:40:39 INFO  ChordProtocols:173 - Beregner fingerID for finger 91: 210821560653836452754467121221212921620
id: 210821560653836452754467121221212921620
lower: 210821560651360572675896360671414673172
upper: 15618062003214643351512781541041391612
Result (wrap): true
2025-05-02 21:40:39 INFO  ChordProtocols:179 - Finger 91 peker n책 til: process2
2025-05-02 21:40:39 INFO  ChordProtocols:173 - Beregner fingerID for finger 92: 210821560656312332833037881771011170068
id: 210821560656312332833037881771011170068
lower: 210821560651360572675896360671414673172
upper: 15618062003214643351512781541041391612
Result (wrap): true
2025-05-02 21:40:39 INFO  ChordProtocols:179 - Finger 92 peker n책 til: process2
2025-05-02 21:40:39 INFO  ChordProtocols:173 - Beregner fingerID for finger 93: 210821560661264092990179402870607666964
id: 210821560661264092990179402870607666964
lower: 210821560651360572675896360671414673172
upper: 15618062003214643351512781541041391612
Result (wrap): true
2025-05-02 21:40:39 INFO  ChordProtocols:179 - Finger 93 peker n책 til: process2
2025-05-02 21:40:39 INFO  ChordProtocols:173 - Beregner fingerID for finger 94: 210821560671167613304462445069800660756
id: 210821560671167613304462445069800660756
lower: 210821560651360572675896360671414673172
upper: 15618062003214643351512781541041391612
Result (wrap): true
2025-05-02 21:40:39 INFO  ChordProtocols:179 - Finger 94 peker n책 til: process2
2025-05-02 21:40:39 INFO  ChordProtocols:173 - Beregner fingerID for finger 95: 210821560690974653933028529468186648340
id: 210821560690974653933028529468186648340
lower: 210821560651360572675896360671414673172
upper: 15618062003214643351512781541041391612
Result (wrap): true
2025-05-02 21:40:39 INFO  ChordProtocols:179 - Finger 95 peker n책 til: process2
2025-05-02 21:40:39 INFO  ChordProtocols:173 - Beregner fingerID for finger 96: 210821560730588735190160698264958623508
id: 210821560730588735190160698264958623508
lower: 210821560651360572675896360671414673172
upper: 15618062003214643351512781541041391612
Result (wrap): true
2025-05-02 21:40:39 INFO  ChordProtocols:179 - Finger 96 peker n책 til: process2
2025-05-02 21:40:39 INFO  ChordProtocols:173 - Beregner fingerID for finger 97: 210821560809816897704425035858502573844
id: 210821560809816897704425035858502573844
lower: 210821560651360572675896360671414673172
upper: 15618062003214643351512781541041391612
Result (wrap): true
2025-05-02 21:40:39 INFO  ChordProtocols:179 - Finger 97 peker n책 til: process2
2025-05-02 21:40:39 INFO  ChordProtocols:173 - Beregner fingerID for finger 98: 210821560968273222732953711045590474516
id: 210821560968273222732953711045590474516
lower: 210821560651360572675896360671414673172
upper: 15618062003214643351512781541041391612
Result (wrap): true
2025-05-02 21:40:39 INFO  ChordProtocols:179 - Finger 98 peker n책 til: process2
2025-05-02 21:40:39 INFO  ChordProtocols:173 - Beregner fingerID for finger 99: 210821561285185872790011061419766275860
id: 210821561285185872790011061419766275860
lower: 210821560651360572675896360671414673172
upper: 15618062003214643351512781541041391612
Result (wrap): true
2025-05-02 21:40:39 INFO  ChordProtocols:179 - Finger 99 peker n책 til: process2
2025-05-02 21:40:39 INFO  ChordProtocols:173 - Beregner fingerID for finger 100: 210821561919011172904125762168117878548
id: 210821561919011172904125762168117878548
lower: 210821560651360572675896360671414673172
upper: 15618062003214643351512781541041391612
Result (wrap): true
2025-05-02 21:40:39 INFO  ChordProtocols:179 - Finger 100 peker n책 til: process2
2025-05-02 21:40:39 INFO  ChordProtocols:173 - Beregner fingerID for finger 101: 210821563186661773132355163664821083924
id: 210821563186661773132355163664821083924
lower: 210821560651360572675896360671414673172
upper: 15618062003214643351512781541041391612
Result (wrap): true
2025-05-02 21:40:39 INFO  ChordProtocols:179 - Finger 101 peker n책 til: process2
2025-05-02 21:40:39 INFO  ChordProtocols:173 - Beregner fingerID for finger 102: 210821565721962973588813966658227494676
id: 210821565721962973588813966658227494676
lower: 210821560651360572675896360671414673172
upper: 15618062003214643351512781541041391612
Result (wrap): true
2025-05-02 21:40:39 INFO  ChordProtocols:179 - Finger 102 peker n책 til: process2
2025-05-02 21:40:39 INFO  ChordProtocols:173 - Beregner fingerID for finger 103: 210821570792565374501731572645040316180
id: 210821570792565374501731572645040316180
lower: 210821560651360572675896360671414673172
upper: 15618062003214643351512781541041391612
Result (wrap): true
2025-05-02 21:40:39 INFO  ChordProtocols:179 - Finger 103 peker n책 til: process2
2025-05-02 21:40:39 INFO  ChordProtocols:173 - Beregner fingerID for finger 104: 210821580933770176327566784618665959188
id: 210821580933770176327566784618665959188
lower: 210821560651360572675896360671414673172
upper: 15618062003214643351512781541041391612
Result (wrap): true
2025-05-02 21:40:39 INFO  ChordProtocols:179 - Finger 104 peker n책 til: process2
2025-05-02 21:40:39 INFO  ChordProtocols:173 - Beregner fingerID for finger 105: 210821601216179779979237208565917245204
id: 210821601216179779979237208565917245204
lower: 210821560651360572675896360671414673172
upper: 15618062003214643351512781541041391612
Result (wrap): true
2025-05-02 21:40:39 INFO  ChordProtocols:179 - Finger 105 peker n책 til: process2
2025-05-02 21:40:39 INFO  ChordProtocols:173 - Beregner fingerID for finger 106: 210821641780998987282578056460419817236
id: 210821641780998987282578056460419817236
lower: 210821560651360572675896360671414673172
upper: 15618062003214643351512781541041391612
Result (wrap): true
2025-05-02 21:40:39 INFO  ChordProtocols:179 - Finger 106 peker n책 til: process2
2025-05-02 21:40:39 INFO  ChordProtocols:173 - Beregner fingerID for finger 107: 210821722910637401889259752249424961300
id: 210821722910637401889259752249424961300
lower: 210821560651360572675896360671414673172
upper: 15618062003214643351512781541041391612
Result (wrap): true
2025-05-02 21:40:39 INFO  ChordProtocols:179 - Finger 107 peker n책 til: process2
2025-05-02 21:40:39 INFO  ChordProtocols:173 - Beregner fingerID for finger 108: 210821885169914231102623143827435249428
id: 210821885169914231102623143827435249428
lower: 210821560651360572675896360671414673172
upper: 15618062003214643351512781541041391612
Result (wrap): true
2025-05-02 21:40:39 INFO  ChordProtocols:179 - Finger 108 peker n책 til: process2
2025-05-02 21:40:39 INFO  ChordProtocols:173 - Beregner fingerID for finger 109: 210822209688467889529349926983455825684
id: 210822209688467889529349926983455825684
lower: 210821560651360572675896360671414673172
upper: 15618062003214643351512781541041391612
Result (wrap): true
2025-05-02 21:40:39 INFO  ChordProtocols:179 - Finger 109 peker n책 til: process2
2025-05-02 21:40:39 INFO  ChordProtocols:173 - Beregner fingerID for finger 110: 210822858725575206382803493295496978196
id: 210822858725575206382803493295496978196
lower: 210821560651360572675896360671414673172
upper: 15618062003214643351512781541041391612
Result (wrap): true
2025-05-02 21:40:39 INFO  ChordProtocols:179 - Finger 110 peker n책 til: process2
2025-05-02 21:40:39 INFO  ChordProtocols:173 - Beregner fingerID for finger 111: 210824156799789840089710625919579283220
id: 210824156799789840089710625919579283220
lower: 210821560651360572675896360671414673172
upper: 15618062003214643351512781541041391612
Result (wrap): true
2025-05-02 21:40:39 INFO  ChordProtocols:179 - Finger 111 peker n책 til: process2
2025-05-02 21:40:39 INFO  ChordProtocols:173 - Beregner fingerID for finger 112: 210826752948219107503524891167743893268
id: 210826752948219107503524891167743893268
lower: 210821560651360572675896360671414673172
upper: 15618062003214643351512781541041391612
Result (wrap): true
2025-05-02 21:40:39 INFO  ChordProtocols:179 - Finger 112 peker n책 til: process2
2025-05-02 21:40:39 INFO  ChordProtocols:173 - Beregner fingerID for finger 113: 210831945245077642331153421664073113364
id: 210831945245077642331153421664073113364
lower: 210821560651360572675896360671414673172
upper: 15618062003214643351512781541041391612
Result (wrap): true
2025-05-02 21:40:39 INFO  ChordProtocols:179 - Finger 113 peker n책 til: process2
2025-05-02 21:40:39 INFO  ChordProtocols:173 - Beregner fingerID for finger 114: 210842329838794711986410482656731553556
id: 210842329838794711986410482656731553556
lower: 210821560651360572675896360671414673172
upper: 15618062003214643351512781541041391612
Result (wrap): true
2025-05-02 21:40:39 INFO  ChordProtocols:179 - Finger 114 peker n책 til: process2
2025-05-02 21:40:39 INFO  ChordProtocols:173 - Beregner fingerID for finger 115: 210863099026228851296924604642048433940
id: 210863099026228851296924604642048433940
lower: 210821560651360572675896360671414673172
upper: 15618062003214643351512781541041391612
Result (wrap): true
2025-05-02 21:40:39 INFO  ChordProtocols:179 - Finger 115 peker n책 til: process2
2025-05-02 21:40:39 INFO  ChordProtocols:173 - Beregner fingerID for finger 116: 210904637401097129917952848612682194708
id: 210904637401097129917952848612682194708
lower: 210821560651360572675896360671414673172
upper: 15618062003214643351512781541041391612
Result (wrap): true
2025-05-02 21:40:39 INFO  ChordProtocols:179 - Finger 116 peker n책 til: process2
2025-05-02 21:40:39 INFO  ChordProtocols:173 - Beregner fingerID for finger 117: 210987714150833687160009336553949716244
id: 210987714150833687160009336553949716244
lower: 210821560651360572675896360671414673172
upper: 15618062003214643351512781541041391612
Result (wrap): true
2025-05-02 21:40:39 INFO  ChordProtocols:179 - Finger 117 peker n책 til: process2
2025-05-02 21:40:39 INFO  ChordProtocols:173 - Beregner fingerID for finger 118: 211153867650306801644122312436484759316
id: 211153867650306801644122312436484759316
lower: 210821560651360572675896360671414673172
upper: 15618062003214643351512781541041391612
Result (wrap): true
2025-05-02 21:40:39 INFO  ChordProtocols:179 - Finger 118 peker n책 til: process2
2025-05-02 21:40:39 INFO  ChordProtocols:173 - Beregner fingerID for finger 119: 211486174649253030612348264201554845460
id: 211486174649253030612348264201554845460
lower: 210821560651360572675896360671414673172
upper: 15618062003214643351512781541041391612
Result (wrap): true
2025-05-02 21:40:39 INFO  ChordProtocols:179 - Finger 119 peker n책 til: process2
2025-05-02 21:40:39 INFO  ChordProtocols:173 - Beregner fingerID for finger 120: 212150788647145488548800167731695017748
id: 212150788647145488548800167731695017748
lower: 210821560651360572675896360671414673172
upper: 15618062003214643351512781541041391612
Result (wrap): true
2025-05-02 21:40:39 INFO  ChordProtocols:179 - Finger 120 peker n책 til: process2
2025-05-02 21:40:39 INFO  ChordProtocols:173 - Beregner fingerID for finger 121: 213480016642930404421703974791975362324
id: 213480016642930404421703974791975362324
lower: 210821560651360572675896360671414673172
upper: 15618062003214643351512781541041391612
Result (wrap): true
2025-05-02 21:40:39 INFO  ChordProtocols:179 - Finger 121 peker n책 til: process2
2025-05-02 21:40:39 INFO  ChordProtocols:173 - Beregner fingerID for finger 122: 216138472634500236167511588912536051476
id: 216138472634500236167511588912536051476
lower: 210821560651360572675896360671414673172
upper: 15618062003214643351512781541041391612
Result (wrap): true
2025-05-02 21:40:39 INFO  ChordProtocols:179 - Finger 122 peker n책 til: process2
2025-05-02 21:40:39 INFO  ChordProtocols:173 - Beregner fingerID for finger 123: 221455384617639899659126817153657429780
id: 221455384617639899659126817153657429780
lower: 210821560651360572675896360671414673172
upper: 15618062003214643351512781541041391612
Result (wrap): true
2025-05-02 21:40:39 INFO  ChordProtocols:179 - Finger 123 peker n책 til: process2
2025-05-02 21:40:39 INFO  ChordProtocols:173 - Beregner fingerID for finger 124: 232089208583919226642357273635900186388
id: 232089208583919226642357273635900186388
lower: 210821560651360572675896360671414673172
upper: 15618062003214643351512781541041391612
Result (wrap): true
2025-05-02 21:40:39 INFO  ChordProtocols:179 - Finger 124 peker n책 til: process2
2025-05-02 21:40:39 INFO  ChordProtocols:173 - Beregner fingerID for finger 125: 253356856516477880608818186600385699604
id: 253356856516477880608818186600385699604
lower: 210821560651360572675896360671414673172
upper: 15618062003214643351512781541041391612
Result (wrap): true
2025-05-02 21:40:39 INFO  ChordProtocols:179 - Finger 125 peker n책 til: process2
2025-05-02 21:40:39 INFO  ChordProtocols:173 - Beregner fingerID for finger 126: 295892152381595188541740012529356726036
id: 295892152381595188541740012529356726036
lower: 210821560651360572675896360671414673172
upper: 15618062003214643351512781541041391612
Result (wrap): true
2025-05-02 21:40:39 INFO  ChordProtocols:179 - Finger 126 peker n책 til: process2
2025-05-02 21:40:39 INFO  ChordProtocols:173 - Beregner fingerID for finger 127: 40680377190891340944209056955530567444
id: 40680377190891340944209056955530567444
lower: 210821560651360572675896360671414673172
upper: 15618062003214643351512781541041391612
Result (wrap): false
id: 15618062003214643351512781541041391612
lower: 210821560651360572675896360671414673172
upper: 40680377190891340944209056955530567444
Result (wrap): true
id: 40680377190891340944209056955530567444
lower: 15618062003214643351512781541041391612
upper: 53937554629190552131995290006614509577
Result (no wrap): true
2025-05-02 21:40:39 INFO  ChordProtocols:179 - Finger 127 peker n책 til: process1
2025-05-02 21:40:39 INFO  StabilizationProtocols:60 - Checking the predecessor for Node: process4
==================================
Node Identifier = 210821560651360572675896360671414673172
Node IP address = process4
successor(process4) = process2
predecessor(process4) = process5
Current File keys for process4 => [179241403734895214076219526399432130488, 140065589670395970233963560630295105848, 127615430233524719490345743798572761786, 191558309544647931649133602766041063646, 136541484142652779330200457892076216958, 149037318589456997023767356092491379363]
==================================
2025-05-02 21:40:39 INFO  StabilizationProtocols:130 - Updating the successor for Node: process5
id: 121411138451101288395601026024677976157
lower: 121411138451101288395601026024677976156
upper: 210821560651360572675896360671414673172
Result (no wrap): true
2025-05-02 21:40:39 INFO  StabilizationProtocols:84 - Stabilizing ring from process5...
2025-05-02 21:40:39 INFO  StabilizationProtocols:91 - Stabilize ring: succnode = process4
id: 121411138451101288395601026024677976156
lower: 121411138451101288395601026024677976157
upper: 210821560651360572675896360671414673173
Result (no wrap): false
2025-05-02 21:40:39 INFO  StabilizationProtocols:113 - Finished stabilizing chordring from process5
2025-05-02 21:40:39 INFO  ChordProtocols:159 - Oppdaterer FingerTable for Node: process5
2025-05-02 21:40:39 INFO  ChordProtocols:173 - Beregner fingerID for finger 0: 121411138451101288395601026024677976157
id: 121411138451101288395601026024677976157
lower: 121411138451101288395601026024677976156
upper: 210821560651360572675896360671414673172
Result (no wrap): true
2025-05-02 21:40:39 INFO  ChordProtocols:179 - Finger 0 peker n책 til: process4
2025-05-02 21:40:39 INFO  ChordProtocols:173 - Beregner fingerID for finger 1: 121411138451101288395601026024677976158
id: 121411138451101288395601026024677976158
lower: 121411138451101288395601026024677976156
upper: 210821560651360572675896360671414673172
Result (no wrap): true
2025-05-02 21:40:39 INFO  ChordProtocols:179 - Finger 1 peker n책 til: process4
2025-05-02 21:40:39 INFO  ChordProtocols:173 - Beregner fingerID for finger 2: 121411138451101288395601026024677976160
id: 121411138451101288395601026024677976160
lower: 121411138451101288395601026024677976156
upper: 210821560651360572675896360671414673172
Result (no wrap): true
2025-05-02 21:40:39 INFO  ChordProtocols:179 - Finger 2 peker n책 til: process4
2025-05-02 21:40:39 INFO  ChordProtocols:173 - Beregner fingerID for finger 3: 121411138451101288395601026024677976164
id: 121411138451101288395601026024677976164
lower: 121411138451101288395601026024677976156
upper: 210821560651360572675896360671414673172
Result (no wrap): true
2025-05-02 21:40:39 INFO  ChordProtocols:179 - Finger 3 peker n책 til: process4
2025-05-02 21:40:39 INFO  ChordProtocols:173 - Beregner fingerID for finger 4: 121411138451101288395601026024677976172
id: 121411138451101288395601026024677976172
lower: 121411138451101288395601026024677976156
upper: 210821560651360572675896360671414673172
Result (no wrap): true
2025-05-02 21:40:39 INFO  ChordProtocols:179 - Finger 4 peker n책 til: process4
2025-05-02 21:40:39 INFO  ChordProtocols:173 - Beregner fingerID for finger 5: 121411138451101288395601026024677976188
id: 121411138451101288395601026024677976188
lower: 121411138451101288395601026024677976156
upper: 210821560651360572675896360671414673172
Result (no wrap): true
2025-05-02 21:40:39 INFO  ChordProtocols:179 - Finger 5 peker n책 til: process4
2025-05-02 21:40:39 INFO  ChordProtocols:173 - Beregner fingerID for finger 6: 121411138451101288395601026024677976220
id: 121411138451101288395601026024677976220
lower: 121411138451101288395601026024677976156
upper: 210821560651360572675896360671414673172
Result (no wrap): true
2025-05-02 21:40:39 INFO  ChordProtocols:179 - Finger 6 peker n책 til: process4
2025-05-02 21:40:39 INFO  ChordProtocols:173 - Beregner fingerID for finger 7: 121411138451101288395601026024677976284
id: 121411138451101288395601026024677976284
lower: 121411138451101288395601026024677976156
upper: 210821560651360572675896360671414673172
Result (no wrap): true
2025-05-02 21:40:39 INFO  ChordProtocols:179 - Finger 7 peker n책 til: process4
2025-05-02 21:40:39 INFO  ChordProtocols:173 - Beregner fingerID for finger 8: 121411138451101288395601026024677976412
id: 121411138451101288395601026024677976412
lower: 121411138451101288395601026024677976156
upper: 210821560651360572675896360671414673172
Result (no wrap): true
2025-05-02 21:40:39 INFO  ChordProtocols:179 - Finger 8 peker n책 til: process4
2025-05-02 21:40:39 INFO  ChordProtocols:173 - Beregner fingerID for finger 9: 121411138451101288395601026024677976668
id: 121411138451101288395601026024677976668
lower: 121411138451101288395601026024677976156
upper: 210821560651360572675896360671414673172
Result (no wrap): true
2025-05-02 21:40:39 INFO  ChordProtocols:179 - Finger 9 peker n책 til: process4
2025-05-02 21:40:39 INFO  ChordProtocols:173 - Beregner fingerID for finger 10: 121411138451101288395601026024677977180
id: 121411138451101288395601026024677977180
lower: 121411138451101288395601026024677976156
upper: 210821560651360572675896360671414673172
Result (no wrap): true
2025-05-02 21:40:39 INFO  ChordProtocols:179 - Finger 10 peker n책 til: process4
2025-05-02 21:40:39 INFO  ChordProtocols:173 - Beregner fingerID for finger 11: 121411138451101288395601026024677978204
id: 121411138451101288395601026024677978204
lower: 121411138451101288395601026024677976156
upper: 210821560651360572675896360671414673172
Result (no wrap): true
2025-05-02 21:40:39 INFO  ChordProtocols:179 - Finger 11 peker n책 til: process4
2025-05-02 21:40:39 INFO  ChordProtocols:173 - Beregner fingerID for finger 12: 121411138451101288395601026024677980252
id: 121411138451101288395601026024677980252
lower: 121411138451101288395601026024677976156
upper: 210821560651360572675896360671414673172
Result (no wrap): true
2025-05-02 21:40:39 INFO  ChordProtocols:179 - Finger 12 peker n책 til: process4
2025-05-02 21:40:39 INFO  ChordProtocols:173 - Beregner fingerID for finger 13: 121411138451101288395601026024677984348
id: 121411138451101288395601026024677984348
lower: 121411138451101288395601026024677976156
upper: 210821560651360572675896360671414673172
Result (no wrap): true
2025-05-02 21:40:39 INFO  ChordProtocols:179 - Finger 13 peker n책 til: process4
2025-05-02 21:40:39 INFO  ChordProtocols:173 - Beregner fingerID for finger 14: 121411138451101288395601026024677992540
id: 121411138451101288395601026024677992540
lower: 121411138451101288395601026024677976156
upper: 210821560651360572675896360671414673172
Result (no wrap): true
2025-05-02 21:40:39 INFO  ChordProtocols:179 - Finger 14 peker n책 til: process4
2025-05-02 21:40:39 INFO  ChordProtocols:173 - Beregner fingerID for finger 15: 121411138451101288395601026024678008924
id: 121411138451101288395601026024678008924
lower: 121411138451101288395601026024677976156
upper: 210821560651360572675896360671414673172
Result (no wrap): true
2025-05-02 21:40:39 INFO  ChordProtocols:179 - Finger 15 peker n책 til: process4
2025-05-02 21:40:39 INFO  ChordProtocols:173 - Beregner fingerID for finger 16: 121411138451101288395601026024678041692
id: 121411138451101288395601026024678041692
lower: 121411138451101288395601026024677976156
upper: 210821560651360572675896360671414673172
Result (no wrap): true
2025-05-02 21:40:39 INFO  ChordProtocols:179 - Finger 16 peker n책 til: process4
2025-05-02 21:40:39 INFO  ChordProtocols:173 - Beregner fingerID for finger 17: 121411138451101288395601026024678107228
id: 121411138451101288395601026024678107228
lower: 121411138451101288395601026024677976156
upper: 210821560651360572675896360671414673172
Result (no wrap): true
2025-05-02 21:40:39 INFO  ChordProtocols:179 - Finger 17 peker n책 til: process4
2025-05-02 21:40:39 INFO  ChordProtocols:173 - Beregner fingerID for finger 18: 121411138451101288395601026024678238300
id: 121411138451101288395601026024678238300
lower: 121411138451101288395601026024677976156
upper: 210821560651360572675896360671414673172
Result (no wrap): true
2025-05-02 21:40:39 INFO  ChordProtocols:179 - Finger 18 peker n책 til: process4
2025-05-02 21:40:39 INFO  ChordProtocols:173 - Beregner fingerID for finger 19: 121411138451101288395601026024678500444
id: 121411138451101288395601026024678500444
lower: 121411138451101288395601026024677976156
upper: 210821560651360572675896360671414673172
Result (no wrap): true
2025-05-02 21:40:39 INFO  ChordProtocols:179 - Finger 19 peker n책 til: process4
2025-05-02 21:40:39 INFO  ChordProtocols:173 - Beregner fingerID for finger 20: 121411138451101288395601026024679024732
id: 121411138451101288395601026024679024732
lower: 121411138451101288395601026024677976156
upper: 210821560651360572675896360671414673172
Result (no wrap): true
2025-05-02 21:40:39 INFO  ChordProtocols:179 - Finger 20 peker n책 til: process4
2025-05-02 21:40:39 INFO  ChordProtocols:173 - Beregner fingerID for finger 21: 121411138451101288395601026024680073308
id: 121411138451101288395601026024680073308
lower: 121411138451101288395601026024677976156
upper: 210821560651360572675896360671414673172
Result (no wrap): true
2025-05-02 21:40:39 INFO  ChordProtocols:179 - Finger 21 peker n책 til: process4
2025-05-02 21:40:39 INFO  ChordProtocols:173 - Beregner fingerID for finger 22: 121411138451101288395601026024682170460
id: 121411138451101288395601026024682170460
lower: 121411138451101288395601026024677976156
upper: 210821560651360572675896360671414673172
Result (no wrap): true
2025-05-02 21:40:39 INFO  ChordProtocols:179 - Finger 22 peker n책 til: process4
2025-05-02 21:40:39 INFO  ChordProtocols:173 - Beregner fingerID for finger 23: 121411138451101288395601026024686364764
id: 121411138451101288395601026024686364764
lower: 121411138451101288395601026024677976156
upper: 210821560651360572675896360671414673172
Result (no wrap): true
2025-05-02 21:40:39 INFO  ChordProtocols:179 - Finger 23 peker n책 til: process4
2025-05-02 21:40:39 INFO  ChordProtocols:173 - Beregner fingerID for finger 24: 121411138451101288395601026024694753372
id: 121411138451101288395601026024694753372
lower: 121411138451101288395601026024677976156
upper: 210821560651360572675896360671414673172
Result (no wrap): true
2025-05-02 21:40:39 INFO  ChordProtocols:179 - Finger 24 peker n책 til: process4
2025-05-02 21:40:39 INFO  ChordProtocols:173 - Beregner fingerID for finger 25: 121411138451101288395601026024711530588
id: 121411138451101288395601026024711530588
lower: 121411138451101288395601026024677976156
upper: 210821560651360572675896360671414673172
Result (no wrap): true
2025-05-02 21:40:39 INFO  ChordProtocols:179 - Finger 25 peker n책 til: process4
2025-05-02 21:40:39 INFO  ChordProtocols:173 - Beregner fingerID for finger 26: 121411138451101288395601026024745085020
id: 121411138451101288395601026024745085020
lower: 121411138451101288395601026024677976156
upper: 210821560651360572675896360671414673172
Result (no wrap): true
2025-05-02 21:40:39 INFO  ChordProtocols:179 - Finger 26 peker n책 til: process4
2025-05-02 21:40:39 INFO  ChordProtocols:173 - Beregner fingerID for finger 27: 121411138451101288395601026024812193884
id: 121411138451101288395601026024812193884
lower: 121411138451101288395601026024677976156
upper: 210821560651360572675896360671414673172
Result (no wrap): true
2025-05-02 21:40:39 INFO  ChordProtocols:179 - Finger 27 peker n책 til: process4
2025-05-02 21:40:39 INFO  ChordProtocols:173 - Beregner fingerID for finger 28: 121411138451101288395601026024946411612
id: 121411138451101288395601026024946411612
lower: 121411138451101288395601026024677976156
upper: 210821560651360572675896360671414673172
Result (no wrap): true
2025-05-02 21:40:39 INFO  ChordProtocols:179 - Finger 28 peker n책 til: process4
2025-05-02 21:40:39 INFO  ChordProtocols:173 - Beregner fingerID for finger 29: 121411138451101288395601026025214847068
id: 121411138451101288395601026025214847068
lower: 121411138451101288395601026024677976156
upper: 210821560651360572675896360671414673172
Result (no wrap): true
2025-05-02 21:40:39 INFO  ChordProtocols:179 - Finger 29 peker n책 til: process4
2025-05-02 21:40:39 INFO  ChordProtocols:173 - Beregner fingerID for finger 30: 121411138451101288395601026025751717980
id: 121411138451101288395601026025751717980
lower: 121411138451101288395601026024677976156
upper: 210821560651360572675896360671414673172
Result (no wrap): true
2025-05-02 21:40:39 INFO  ChordProtocols:179 - Finger 30 peker n책 til: process4
2025-05-02 21:40:39 INFO  ChordProtocols:173 - Beregner fingerID for finger 31: 121411138451101288395601026026825459804
id: 121411138451101288395601026026825459804
lower: 121411138451101288395601026024677976156
upper: 210821560651360572675896360671414673172
Result (no wrap): true
2025-05-02 21:40:39 INFO  ChordProtocols:179 - Finger 31 peker n책 til: process4
2025-05-02 21:40:39 INFO  ChordProtocols:173 - Beregner fingerID for finger 32: 121411138451101288395601026028972943452
id: 121411138451101288395601026028972943452
lower: 121411138451101288395601026024677976156
upper: 210821560651360572675896360671414673172
Result (no wrap): true
2025-05-02 21:40:39 INFO  ChordProtocols:179 - Finger 32 peker n책 til: process4
2025-05-02 21:40:39 INFO  ChordProtocols:173 - Beregner fingerID for finger 33: 121411138451101288395601026033267910748
id: 121411138451101288395601026033267910748
lower: 121411138451101288395601026024677976156
upper: 210821560651360572675896360671414673172
Result (no wrap): true
2025-05-02 21:40:39 INFO  ChordProtocols:179 - Finger 33 peker n책 til: process4
2025-05-02 21:40:39 INFO  ChordProtocols:173 - Beregner fingerID for finger 34: 121411138451101288395601026041857845340
id: 121411138451101288395601026041857845340
lower: 121411138451101288395601026024677976156
upper: 210821560651360572675896360671414673172
Result (no wrap): true
2025-05-02 21:40:39 INFO  ChordProtocols:179 - Finger 34 peker n책 til: process4
2025-05-02 21:40:39 INFO  ChordProtocols:173 - Beregner fingerID for finger 35: 121411138451101288395601026059037714524
id: 121411138451101288395601026059037714524
lower: 121411138451101288395601026024677976156
upper: 210821560651360572675896360671414673172
Result (no wrap): true
2025-05-02 21:40:39 INFO  ChordProtocols:179 - Finger 35 peker n책 til: process4
2025-05-02 21:40:39 INFO  ChordProtocols:173 - Beregner fingerID for finger 36: 121411138451101288395601026093397452892
id: 121411138451101288395601026093397452892
lower: 121411138451101288395601026024677976156
upper: 210821560651360572675896360671414673172
Result (no wrap): true
2025-05-02 21:40:39 INFO  ChordProtocols:179 - Finger 36 peker n책 til: process4
2025-05-02 21:40:39 INFO  ChordProtocols:173 - Beregner fingerID for finger 37: 121411138451101288395601026162116929628
id: 121411138451101288395601026162116929628
lower: 121411138451101288395601026024677976156
upper: 210821560651360572675896360671414673172
Result (no wrap): true
2025-05-02 21:40:39 INFO  ChordProtocols:179 - Finger 37 peker n책 til: process4
2025-05-02 21:40:39 INFO  ChordProtocols:173 - Beregner fingerID for finger 38: 121411138451101288395601026299555883100
id: 121411138451101288395601026299555883100
lower: 121411138451101288395601026024677976156
upper: 210821560651360572675896360671414673172
Result (no wrap): true
2025-05-02 21:40:39 INFO  ChordProtocols:179 - Finger 38 peker n책 til: process4
2025-05-02 21:40:39 INFO  ChordProtocols:173 - Beregner fingerID for finger 39: 121411138451101288395601026574433790044
id: 121411138451101288395601026574433790044
lower: 121411138451101288395601026024677976156
upper: 210821560651360572675896360671414673172
Result (no wrap): true
2025-05-02 21:40:39 INFO  ChordProtocols:179 - Finger 39 peker n책 til: process4
2025-05-02 21:40:39 INFO  ChordProtocols:173 - Beregner fingerID for finger 40: 121411138451101288395601027124189603932
id: 121411138451101288395601027124189603932
lower: 121411138451101288395601026024677976156
upper: 210821560651360572675896360671414673172
Result (no wrap): true
2025-05-02 21:40:39 INFO  ChordProtocols:179 - Finger 40 peker n책 til: process4
2025-05-02 21:40:39 INFO  ChordProtocols:173 - Beregner fingerID for finger 41: 121411138451101288395601028223701231708
id: 121411138451101288395601028223701231708
lower: 121411138451101288395601026024677976156
upper: 210821560651360572675896360671414673172
Result (no wrap): true
2025-05-02 21:40:39 INFO  ChordProtocols:179 - Finger 41 peker n책 til: process4
2025-05-02 21:40:39 INFO  ChordProtocols:173 - Beregner fingerID for finger 42: 121411138451101288395601030422724487260
id: 121411138451101288395601030422724487260
lower: 121411138451101288395601026024677976156
upper: 210821560651360572675896360671414673172
Result (no wrap): true
2025-05-02 21:40:39 INFO  ChordProtocols:179 - Finger 42 peker n책 til: process4
2025-05-02 21:40:39 INFO  ChordProtocols:173 - Beregner fingerID for finger 43: 121411138451101288395601034820770998364
id: 121411138451101288395601034820770998364
lower: 121411138451101288395601026024677976156
upper: 210821560651360572675896360671414673172
Result (no wrap): true
2025-05-02 21:40:39 INFO  ChordProtocols:179 - Finger 43 peker n책 til: process4
2025-05-02 21:40:39 INFO  ChordProtocols:173 - Beregner fingerID for finger 44: 121411138451101288395601043616864020572
id: 121411138451101288395601043616864020572
lower: 121411138451101288395601026024677976156
upper: 210821560651360572675896360671414673172
Result (no wrap): true
2025-05-02 21:40:39 INFO  ChordProtocols:179 - Finger 44 peker n책 til: process4
2025-05-02 21:40:39 INFO  ChordProtocols:173 - Beregner fingerID for finger 45: 121411138451101288395601061209050064988
id: 121411138451101288395601061209050064988
lower: 121411138451101288395601026024677976156
upper: 210821560651360572675896360671414673172
Result (no wrap): true
2025-05-02 21:40:39 INFO  ChordProtocols:179 - Finger 45 peker n책 til: process4
2025-05-02 21:40:39 INFO  ChordProtocols:173 - Beregner fingerID for finger 46: 121411138451101288395601096393422153820
id: 121411138451101288395601096393422153820
lower: 121411138451101288395601026024677976156
upper: 210821560651360572675896360671414673172
Result (no wrap): true
2025-05-02 21:40:39 INFO  ChordProtocols:179 - Finger 46 peker n책 til: process4
2025-05-02 21:40:39 INFO  ChordProtocols:173 - Beregner fingerID for finger 47: 121411138451101288395601166762166331484
id: 121411138451101288395601166762166331484
lower: 121411138451101288395601026024677976156
upper: 210821560651360572675896360671414673172
Result (no wrap): true
2025-05-02 21:40:39 INFO  ChordProtocols:179 - Finger 47 peker n책 til: process4
2025-05-02 21:40:39 INFO  ChordProtocols:173 - Beregner fingerID for finger 48: 121411138451101288395601307499654686812
id: 121411138451101288395601307499654686812
lower: 121411138451101288395601026024677976156
upper: 210821560651360572675896360671414673172
Result (no wrap): true
2025-05-02 21:40:39 INFO  ChordProtocols:179 - Finger 48 peker n책 til: process4
2025-05-02 21:40:39 INFO  ChordProtocols:173 - Beregner fingerID for finger 49: 121411138451101288395601588974631397468
id: 121411138451101288395601588974631397468
lower: 121411138451101288395601026024677976156
upper: 210821560651360572675896360671414673172
Result (no wrap): true
2025-05-02 21:40:39 INFO  ChordProtocols:179 - Finger 49 peker n책 til: process4
2025-05-02 21:40:39 INFO  ChordProtocols:173 - Beregner fingerID for finger 50: 121411138451101288395602151924584818780
id: 121411138451101288395602151924584818780
lower: 121411138451101288395601026024677976156
upper: 210821560651360572675896360671414673172
Result (no wrap): true
2025-05-02 21:40:39 INFO  ChordProtocols:179 - Finger 50 peker n책 til: process4
2025-05-02 21:40:39 INFO  ChordProtocols:173 - Beregner fingerID for finger 51: 121411138451101288395603277824491661404
id: 121411138451101288395603277824491661404
lower: 121411138451101288395601026024677976156
upper: 210821560651360572675896360671414673172
Result (no wrap): true
2025-05-02 21:40:39 INFO  ChordProtocols:179 - Finger 51 peker n책 til: process4
2025-05-02 21:40:39 INFO  ChordProtocols:173 - Beregner fingerID for finger 52: 121411138451101288395605529624305346652
id: 121411138451101288395605529624305346652
lower: 121411138451101288395601026024677976156
upper: 210821560651360572675896360671414673172
Result (no wrap): true
2025-05-02 21:40:39 INFO  ChordProtocols:179 - Finger 52 peker n책 til: process4
2025-05-02 21:40:39 INFO  ChordProtocols:173 - Beregner fingerID for finger 53: 121411138451101288395610033223932717148
id: 121411138451101288395610033223932717148
lower: 121411138451101288395601026024677976156
upper: 210821560651360572675896360671414673172
Result (no wrap): true
2025-05-02 21:40:39 INFO  ChordProtocols:179 - Finger 53 peker n책 til: process4
2025-05-02 21:40:39 INFO  ChordProtocols:173 - Beregner fingerID for finger 54: 121411138451101288395619040423187458140
id: 121411138451101288395619040423187458140
lower: 121411138451101288395601026024677976156
upper: 210821560651360572675896360671414673172
Result (no wrap): true
2025-05-02 21:40:39 INFO  ChordProtocols:179 - Finger 54 peker n책 til: process4
2025-05-02 21:40:39 INFO  ChordProtocols:173 - Beregner fingerID for finger 55: 121411138451101288395637054821696940124
id: 121411138451101288395637054821696940124
lower: 121411138451101288395601026024677976156
upper: 210821560651360572675896360671414673172
Result (no wrap): true
2025-05-02 21:40:39 INFO  ChordProtocols:179 - Finger 55 peker n책 til: process4
2025-05-02 21:40:39 INFO  ChordProtocols:173 - Beregner fingerID for finger 56: 121411138451101288395673083618715904092
id: 121411138451101288395673083618715904092
lower: 121411138451101288395601026024677976156
upper: 210821560651360572675896360671414673172
Result (no wrap): true
2025-05-02 21:40:39 INFO  ChordProtocols:179 - Finger 56 peker n책 til: process4
2025-05-02 21:40:39 INFO  ChordProtocols:173 - Beregner fingerID for finger 57: 121411138451101288395745141212753832028
id: 121411138451101288395745141212753832028
lower: 121411138451101288395601026024677976156
upper: 210821560651360572675896360671414673172
Result (no wrap): true
2025-05-02 21:40:39 INFO  ChordProtocols:179 - Finger 57 peker n책 til: process4
2025-05-02 21:40:39 INFO  ChordProtocols:173 - Beregner fingerID for finger 58: 121411138451101288395889256400829687900
id: 121411138451101288395889256400829687900
lower: 121411138451101288395601026024677976156
upper: 210821560651360572675896360671414673172
Result (no wrap): true
2025-05-02 21:40:39 INFO  ChordProtocols:179 - Finger 58 peker n책 til: process4
2025-05-02 21:40:39 INFO  ChordProtocols:173 - Beregner fingerID for finger 59: 121411138451101288396177486776981399644
id: 121411138451101288396177486776981399644
lower: 121411138451101288395601026024677976156
upper: 210821560651360572675896360671414673172
Result (no wrap): true
2025-05-02 21:40:39 INFO  ChordProtocols:179 - Finger 59 peker n책 til: process4
2025-05-02 21:40:39 INFO  ChordProtocols:173 - Beregner fingerID for finger 60: 121411138451101288396753947529284823132
id: 121411138451101288396753947529284823132
lower: 121411138451101288395601026024677976156
upper: 210821560651360572675896360671414673172
Result (no wrap): true
2025-05-02 21:40:39 INFO  ChordProtocols:179 - Finger 60 peker n책 til: process4
2025-05-02 21:40:39 INFO  ChordProtocols:173 - Beregner fingerID for finger 61: 121411138451101288397906869033891670108
id: 121411138451101288397906869033891670108
lower: 121411138451101288395601026024677976156
upper: 210821560651360572675896360671414673172
Result (no wrap): true
2025-05-02 21:40:39 INFO  ChordProtocols:179 - Finger 61 peker n책 til: process4
2025-05-02 21:40:39 INFO  ChordProtocols:173 - Beregner fingerID for finger 62: 121411138451101288400212712043105364060
id: 121411138451101288400212712043105364060
lower: 121411138451101288395601026024677976156
upper: 210821560651360572675896360671414673172
Result (no wrap): true
2025-05-02 21:40:39 INFO  ChordProtocols:179 - Finger 62 peker n책 til: process4
2025-05-02 21:40:39 INFO  ChordProtocols:173 - Beregner fingerID for finger 63: 121411138451101288404824398061532751964
id: 121411138451101288404824398061532751964
lower: 121411138451101288395601026024677976156
upper: 210821560651360572675896360671414673172
Result (no wrap): true
2025-05-02 21:40:39 INFO  ChordProtocols:179 - Finger 63 peker n책 til: process4
2025-05-02 21:40:39 INFO  ChordProtocols:173 - Beregner fingerID for finger 64: 121411138451101288414047770098387527772
id: 121411138451101288414047770098387527772
lower: 121411138451101288395601026024677976156
upper: 210821560651360572675896360671414673172
Result (no wrap): true
2025-05-02 21:40:39 INFO  ChordProtocols:179 - Finger 64 peker n책 til: process4
2025-05-02 21:40:39 INFO  ChordProtocols:173 - Beregner fingerID for finger 65: 121411138451101288432494514172097079388
id: 121411138451101288432494514172097079388
lower: 121411138451101288395601026024677976156
upper: 210821560651360572675896360671414673172
Result (no wrap): true
2025-05-02 21:40:39 INFO  ChordProtocols:179 - Finger 65 peker n책 til: process4
2025-05-02 21:40:39 INFO  ChordProtocols:173 - Beregner fingerID for finger 66: 121411138451101288469388002319516182620
id: 121411138451101288469388002319516182620
lower: 121411138451101288395601026024677976156
upper: 210821560651360572675896360671414673172
Result (no wrap): true
2025-05-02 21:40:39 INFO  ChordProtocols:179 - Finger 66 peker n책 til: process4
2025-05-02 21:40:39 INFO  ChordProtocols:173 - Beregner fingerID for finger 67: 121411138451101288543174978614354389084
id: 121411138451101288543174978614354389084
lower: 121411138451101288395601026024677976156
upper: 210821560651360572675896360671414673172
Result (no wrap): true
2025-05-02 21:40:39 INFO  ChordProtocols:179 - Finger 67 peker n책 til: process4
2025-05-02 21:40:39 INFO  ChordProtocols:173 - Beregner fingerID for finger 68: 121411138451101288690748931204030802012
id: 121411138451101288690748931204030802012
lower: 121411138451101288395601026024677976156
upper: 210821560651360572675896360671414673172
Result (no wrap): true
2025-05-02 21:40:39 INFO  ChordProtocols:179 - Finger 68 peker n책 til: process4
2025-05-02 21:40:39 INFO  ChordProtocols:173 - Beregner fingerID for finger 69: 121411138451101288985896836383383627868
id: 121411138451101288985896836383383627868
lower: 121411138451101288395601026024677976156
upper: 210821560651360572675896360671414673172
Result (no wrap): true
2025-05-02 21:40:39 INFO  ChordProtocols:179 - Finger 69 peker n책 til: process4
2025-05-02 21:40:39 INFO  ChordProtocols:173 - Beregner fingerID for finger 70: 121411138451101289576192646742089279580
id: 121411138451101289576192646742089279580
lower: 121411138451101288395601026024677976156
upper: 210821560651360572675896360671414673172
Result (no wrap): true
2025-05-02 21:40:39 INFO  ChordProtocols:179 - Finger 70 peker n책 til: process4
2025-05-02 21:40:39 INFO  ChordProtocols:173 - Beregner fingerID for finger 71: 121411138451101290756784267459500583004
id: 121411138451101290756784267459500583004
lower: 121411138451101288395601026024677976156
upper: 210821560651360572675896360671414673172
Result (no wrap): true
2025-05-02 21:40:39 INFO  ChordProtocols:179 - Finger 71 peker n책 til: process4
2025-05-02 21:40:39 INFO  ChordProtocols:173 - Beregner fingerID for finger 72: 121411138451101293117967508894323189852
id: 121411138451101293117967508894323189852
lower: 121411138451101288395601026024677976156
upper: 210821560651360572675896360671414673172
Result (no wrap): true
2025-05-02 21:40:39 INFO  ChordProtocols:179 - Finger 72 peker n책 til: process4
2025-05-02 21:40:39 INFO  ChordProtocols:173 - Beregner fingerID for finger 73: 121411138451101297840333991763968403548
id: 121411138451101297840333991763968403548
lower: 121411138451101288395601026024677976156
upper: 210821560651360572675896360671414673172
Result (no wrap): true
2025-05-02 21:40:39 INFO  ChordProtocols:179 - Finger 73 peker n책 til: process4
2025-05-02 21:40:39 INFO  ChordProtocols:173 - Beregner fingerID for finger 74: 121411138451101307285066957503258830940
id: 121411138451101307285066957503258830940
lower: 121411138451101288395601026024677976156
upper: 210821560651360572675896360671414673172
Result (no wrap): true
2025-05-02 21:40:39 INFO  ChordProtocols:179 - Finger 74 peker n책 til: process4
2025-05-02 21:40:39 INFO  ChordProtocols:173 - Beregner fingerID for finger 75: 121411138451101326174532888981839685724
id: 121411138451101326174532888981839685724
lower: 121411138451101288395601026024677976156
upper: 210821560651360572675896360671414673172
Result (no wrap): true
2025-05-02 21:40:39 INFO  ChordProtocols:179 - Finger 75 peker n책 til: process4
2025-05-02 21:40:39 INFO  ChordProtocols:173 - Beregner fingerID for finger 76: 121411138451101363953464751939001395292
id: 121411138451101363953464751939001395292
lower: 121411138451101288395601026024677976156
upper: 210821560651360572675896360671414673172
Result (no wrap): true
2025-05-02 21:40:39 INFO  ChordProtocols:179 - Finger 76 peker n책 til: process4
2025-05-02 21:40:39 INFO  ChordProtocols:173 - Beregner fingerID for finger 77: 121411138451101439511328477853324814428
id: 121411138451101439511328477853324814428
lower: 121411138451101288395601026024677976156
upper: 210821560651360572675896360671414673172
Result (no wrap): true
2025-05-02 21:40:39 INFO  ChordProtocols:179 - Finger 77 peker n책 til: process4
2025-05-02 21:40:39 INFO  ChordProtocols:173 - Beregner fingerID for finger 78: 121411138451101590627055929681971652700
id: 121411138451101590627055929681971652700
lower: 121411138451101288395601026024677976156
upper: 210821560651360572675896360671414673172
Result (no wrap): true
2025-05-02 21:40:39 INFO  ChordProtocols:179 - Finger 78 peker n책 til: process4
2025-05-02 21:40:39 INFO  ChordProtocols:173 - Beregner fingerID for finger 79: 121411138451101892858510833339265329244
id: 121411138451101892858510833339265329244
lower: 121411138451101288395601026024677976156
upper: 210821560651360572675896360671414673172
Result (no wrap): true
2025-05-02 21:40:39 INFO  ChordProtocols:179 - Finger 79 peker n책 til: process4
2025-05-02 21:40:39 INFO  ChordProtocols:173 - Beregner fingerID for finger 80: 121411138451102497321420640653852682332
id: 121411138451102497321420640653852682332
lower: 121411138451101288395601026024677976156
upper: 210821560651360572675896360671414673172
Result (no wrap): true
2025-05-02 21:40:39 INFO  ChordProtocols:179 - Finger 80 peker n책 til: process4
2025-05-02 21:40:39 INFO  ChordProtocols:173 - Beregner fingerID for finger 81: 121411138451103706247240255283027388508
id: 121411138451103706247240255283027388508
lower: 121411138451101288395601026024677976156
upper: 210821560651360572675896360671414673172
Result (no wrap): true
2025-05-02 21:40:39 INFO  ChordProtocols:179 - Finger 81 peker n책 til: process4
2025-05-02 21:40:39 INFO  ChordProtocols:173 - Beregner fingerID for finger 82: 121411138451106124098879484541376800860
id: 121411138451106124098879484541376800860
lower: 121411138451101288395601026024677976156
upper: 210821560651360572675896360671414673172
Result (no wrap): true
2025-05-02 21:40:39 INFO  ChordProtocols:179 - Finger 82 peker n책 til: process4
2025-05-02 21:40:39 INFO  ChordProtocols:173 - Beregner fingerID for finger 83: 121411138451110959802157943058075625564
id: 121411138451110959802157943058075625564
lower: 121411138451101288395601026024677976156
upper: 210821560651360572675896360671414673172
Result (no wrap): true
2025-05-02 21:40:39 INFO  ChordProtocols:179 - Finger 83 peker n책 til: process4
2025-05-02 21:40:39 INFO  ChordProtocols:173 - Beregner fingerID for finger 84: 121411138451120631208714860091473274972
id: 121411138451120631208714860091473274972
lower: 121411138451101288395601026024677976156
upper: 210821560651360572675896360671414673172
Result (no wrap): true
2025-05-02 21:40:39 INFO  ChordProtocols:179 - Finger 84 peker n책 til: process4
2025-05-02 21:40:39 INFO  ChordProtocols:173 - Beregner fingerID for finger 85: 121411138451139974021828694158268573788
id: 121411138451139974021828694158268573788
lower: 121411138451101288395601026024677976156
upper: 210821560651360572675896360671414673172
Result (no wrap): true
2025-05-02 21:40:39 INFO  ChordProtocols:179 - Finger 85 peker n책 til: process4
2025-05-02 21:40:39 INFO  ChordProtocols:173 - Beregner fingerID for finger 86: 121411138451178659648056362291859171420
id: 121411138451178659648056362291859171420
lower: 121411138451101288395601026024677976156
upper: 210821560651360572675896360671414673172
Result (no wrap): true
2025-05-02 21:40:39 INFO  ChordProtocols:179 - Finger 86 peker n책 til: process4
2025-05-02 21:40:39 INFO  ChordProtocols:173 - Beregner fingerID for finger 87: 121411138451256030900511698559040366684
id: 121411138451256030900511698559040366684
lower: 121411138451101288395601026024677976156
upper: 210821560651360572675896360671414673172
Result (no wrap): true
2025-05-02 21:40:39 INFO  ChordProtocols:179 - Finger 87 peker n책 til: process4
2025-05-02 21:40:39 INFO  ChordProtocols:173 - Beregner fingerID for finger 88: 121411138451410773405422371093402757212
id: 121411138451410773405422371093402757212
lower: 121411138451101288395601026024677976156
upper: 210821560651360572675896360671414673172
Result (no wrap): true
2025-05-02 21:40:39 INFO  ChordProtocols:179 - Finger 88 peker n책 til: process4
2025-05-02 21:40:39 INFO  ChordProtocols:173 - Beregner fingerID for finger 89: 121411138451720258415243716162127538268
id: 121411138451720258415243716162127538268
lower: 121411138451101288395601026024677976156
upper: 210821560651360572675896360671414673172
Result (no wrap): true
2025-05-02 21:40:39 INFO  ChordProtocols:179 - Finger 89 peker n책 til: process4
2025-05-02 21:40:39 INFO  ChordProtocols:173 - Beregner fingerID for finger 90: 121411138452339228434886406299577100380
id: 121411138452339228434886406299577100380
lower: 121411138451101288395601026024677976156
upper: 210821560651360572675896360671414673172
Result (no wrap): true
2025-05-02 21:40:39 INFO  ChordProtocols:179 - Finger 90 peker n책 til: process4
2025-05-02 21:40:39 INFO  ChordProtocols:173 - Beregner fingerID for finger 91: 121411138453577168474171786574476224604
id: 121411138453577168474171786574476224604
lower: 121411138451101288395601026024677976156
upper: 210821560651360572675896360671414673172
Result (no wrap): true
2025-05-02 21:40:39 INFO  ChordProtocols:179 - Finger 91 peker n책 til: process4
2025-05-02 21:40:39 INFO  ChordProtocols:173 - Beregner fingerID for finger 92: 121411138456053048552742547124274473052
id: 121411138456053048552742547124274473052
lower: 121411138451101288395601026024677976156
upper: 210821560651360572675896360671414673172
Result (no wrap): true
2025-05-02 21:40:39 INFO  ChordProtocols:179 - Finger 92 peker n책 til: process4
2025-05-02 21:40:39 INFO  ChordProtocols:173 - Beregner fingerID for finger 93: 121411138461004808709884068223870969948
id: 121411138461004808709884068223870969948
lower: 121411138451101288395601026024677976156
upper: 210821560651360572675896360671414673172
Result (no wrap): true
2025-05-02 21:40:39 INFO  ChordProtocols:179 - Finger 93 peker n책 til: process4
2025-05-02 21:40:39 INFO  ChordProtocols:173 - Beregner fingerID for finger 94: 121411138470908329024167110423063963740
id: 121411138470908329024167110423063963740
lower: 121411138451101288395601026024677976156
upper: 210821560651360572675896360671414673172
Result (no wrap): true
2025-05-02 21:40:39 INFO  ChordProtocols:179 - Finger 94 peker n책 til: process4
2025-05-02 21:40:39 INFO  ChordProtocols:173 - Beregner fingerID for finger 95: 121411138490715369652733194821449951324
id: 121411138490715369652733194821449951324
lower: 121411138451101288395601026024677976156
upper: 210821560651360572675896360671414673172
Result (no wrap): true
2025-05-02 21:40:39 INFO  ChordProtocols:179 - Finger 95 peker n책 til: process4
2025-05-02 21:40:39 INFO  ChordProtocols:173 - Beregner fingerID for finger 96: 121411138530329450909865363618221926492
id: 121411138530329450909865363618221926492
lower: 121411138451101288395601026024677976156
upper: 210821560651360572675896360671414673172
Result (no wrap): true
2025-05-02 21:40:39 INFO  ChordProtocols:179 - Finger 96 peker n책 til: process4
2025-05-02 21:40:39 INFO  ChordProtocols:173 - Beregner fingerID for finger 97: 121411138609557613424129701211765876828
id: 121411138609557613424129701211765876828
lower: 121411138451101288395601026024677976156
upper: 210821560651360572675896360671414673172
Result (no wrap): true
2025-05-02 21:40:39 INFO  ChordProtocols:179 - Finger 97 peker n책 til: process4
2025-05-02 21:40:39 INFO  ChordProtocols:173 - Beregner fingerID for finger 98: 121411138768013938452658376398853777500
id: 121411138768013938452658376398853777500
lower: 121411138451101288395601026024677976156
upper: 210821560651360572675896360671414673172
Result (no wrap): true
2025-05-02 21:40:39 INFO  ChordProtocols:179 - Finger 98 peker n책 til: process4
2025-05-02 21:40:39 INFO  ChordProtocols:173 - Beregner fingerID for finger 99: 121411139084926588509715726773029578844
id: 121411139084926588509715726773029578844
lower: 121411138451101288395601026024677976156
upper: 210821560651360572675896360671414673172
Result (no wrap): true
2025-05-02 21:40:39 INFO  ChordProtocols:179 - Finger 99 peker n책 til: process4
2025-05-02 21:40:39 INFO  ChordProtocols:173 - Beregner fingerID for finger 100: 121411139718751888623830427521381181532
id: 121411139718751888623830427521381181532
lower: 121411138451101288395601026024677976156
upper: 210821560651360572675896360671414673172
Result (no wrap): true
2025-05-02 21:40:39 INFO  ChordProtocols:179 - Finger 100 peker n책 til: process4
2025-05-02 21:40:39 INFO  ChordProtocols:173 - Beregner fingerID for finger 101: 121411140986402488852059829018084386908
id: 121411140986402488852059829018084386908
lower: 121411138451101288395601026024677976156
upper: 210821560651360572675896360671414673172
Result (no wrap): true
2025-05-02 21:40:39 INFO  ChordProtocols:179 - Finger 101 peker n책 til: process4
2025-05-02 21:40:39 INFO  ChordProtocols:173 - Beregner fingerID for finger 102: 121411143521703689308518632011490797660
id: 121411143521703689308518632011490797660
lower: 121411138451101288395601026024677976156
upper: 210821560651360572675896360671414673172
Result (no wrap): true
2025-05-02 21:40:39 INFO  ChordProtocols:179 - Finger 102 peker n책 til: process4
2025-05-02 21:40:39 INFO  ChordProtocols:173 - Beregner fingerID for finger 103: 121411148592306090221436237998303619164
id: 121411148592306090221436237998303619164
lower: 121411138451101288395601026024677976156
upper: 210821560651360572675896360671414673172
Result (no wrap): true
2025-05-02 21:40:39 INFO  ChordProtocols:179 - Finger 103 peker n책 til: process4
2025-05-02 21:40:39 INFO  ChordProtocols:173 - Beregner fingerID for finger 104: 121411158733510892047271449971929262172
id: 121411158733510892047271449971929262172
lower: 121411138451101288395601026024677976156
upper: 210821560651360572675896360671414673172
Result (no wrap): true
2025-05-02 21:40:39 INFO  ChordProtocols:179 - Finger 104 peker n책 til: process4
2025-05-02 21:40:39 INFO  ChordProtocols:173 - Beregner fingerID for finger 105: 121411179015920495698941873919180548188
id: 121411179015920495698941873919180548188
lower: 121411138451101288395601026024677976156
upper: 210821560651360572675896360671414673172
Result (no wrap): true
2025-05-02 21:40:39 INFO  ChordProtocols:179 - Finger 105 peker n책 til: process4
2025-05-02 21:40:39 INFO  ChordProtocols:173 - Beregner fingerID for finger 106: 121411219580739703002282721813683120220
id: 121411219580739703002282721813683120220
lower: 121411138451101288395601026024677976156
upper: 210821560651360572675896360671414673172
Result (no wrap): true
2025-05-02 21:40:39 INFO  ChordProtocols:179 - Finger 106 peker n책 til: process4
2025-05-02 21:40:39 INFO  ChordProtocols:173 - Beregner fingerID for finger 107: 121411300710378117608964417602688264284
id: 121411300710378117608964417602688264284
lower: 121411138451101288395601026024677976156
upper: 210821560651360572675896360671414673172
Result (no wrap): true
2025-05-02 21:40:39 INFO  ChordProtocols:179 - Finger 107 peker n책 til: process4
2025-05-02 21:40:39 INFO  ChordProtocols:173 - Beregner fingerID for finger 108: 121411462969654946822327809180698552412
id: 121411462969654946822327809180698552412
lower: 121411138451101288395601026024677976156
upper: 210821560651360572675896360671414673172
Result (no wrap): true
2025-05-02 21:40:39 INFO  ChordProtocols:179 - Finger 108 peker n책 til: process4
2025-05-02 21:40:39 INFO  ChordProtocols:173 - Beregner fingerID for finger 109: 121411787488208605249054592336719128668
id: 121411787488208605249054592336719128668
lower: 121411138451101288395601026024677976156
upper: 210821560651360572675896360671414673172
Result (no wrap): true
2025-05-02 21:40:39 INFO  ChordProtocols:179 - Finger 109 peker n책 til: process4
2025-05-02 21:40:39 INFO  ChordProtocols:173 - Beregner fingerID for finger 110: 121412436525315922102508158648760281180
id: 121412436525315922102508158648760281180
lower: 121411138451101288395601026024677976156
upper: 210821560651360572675896360671414673172
Result (no wrap): true
2025-05-02 21:40:39 INFO  ChordProtocols:179 - Finger 110 peker n책 til: process4
2025-05-02 21:40:39 INFO  ChordProtocols:173 - Beregner fingerID for finger 111: 121413734599530555809415291272842586204
id: 121413734599530555809415291272842586204
lower: 121411138451101288395601026024677976156
upper: 210821560651360572675896360671414673172
Result (no wrap): true
2025-05-02 21:40:39 INFO  ChordProtocols:179 - Finger 111 peker n책 til: process4
2025-05-02 21:40:39 INFO  ChordProtocols:173 - Beregner fingerID for finger 112: 121416330747959823223229556521007196252
id: 121416330747959823223229556521007196252
lower: 121411138451101288395601026024677976156
upper: 210821560651360572675896360671414673172
Result (no wrap): true
2025-05-02 21:40:39 INFO  ChordProtocols:179 - Finger 112 peker n책 til: process4
2025-05-02 21:40:39 INFO  ChordProtocols:173 - Beregner fingerID for finger 113: 121421523044818358050858087017336416348
id: 121421523044818358050858087017336416348
lower: 121411138451101288395601026024677976156
upper: 210821560651360572675896360671414673172
Result (no wrap): true
2025-05-02 21:40:39 INFO  ChordProtocols:179 - Finger 113 peker n책 til: process4
2025-05-02 21:40:39 INFO  ChordProtocols:173 - Beregner fingerID for finger 114: 121431907638535427706115148009994856540
id: 121431907638535427706115148009994856540
lower: 121411138451101288395601026024677976156
upper: 210821560651360572675896360671414673172
Result (no wrap): true
2025-05-02 21:40:39 INFO  ChordProtocols:179 - Finger 114 peker n책 til: process4
2025-05-02 21:40:39 INFO  ChordProtocols:173 - Beregner fingerID for finger 115: 121452676825969567016629269995311736924
id: 121452676825969567016629269995311736924
lower: 121411138451101288395601026024677976156
upper: 210821560651360572675896360671414673172
Result (no wrap): true
2025-05-02 21:40:39 INFO  ChordProtocols:179 - Finger 115 peker n책 til: process4
2025-05-02 21:40:39 INFO  ChordProtocols:173 - Beregner fingerID for finger 116: 121494215200837845637657513965945497692
id: 121494215200837845637657513965945497692
lower: 121411138451101288395601026024677976156
upper: 210821560651360572675896360671414673172
Result (no wrap): true
2025-05-02 21:40:39 INFO  ChordProtocols:179 - Finger 116 peker n책 til: process4
2025-05-02 21:40:39 INFO  ChordProtocols:173 - Beregner fingerID for finger 117: 121577291950574402879714001907213019228
id: 121577291950574402879714001907213019228
lower: 121411138451101288395601026024677976156
upper: 210821560651360572675896360671414673172
Result (no wrap): true
2025-05-02 21:40:39 INFO  ChordProtocols:179 - Finger 117 peker n책 til: process4
2025-05-02 21:40:39 INFO  ChordProtocols:173 - Beregner fingerID for finger 118: 121743445450047517363826977789748062300
id: 121743445450047517363826977789748062300
lower: 121411138451101288395601026024677976156
upper: 210821560651360572675896360671414673172
Result (no wrap): true
2025-05-02 21:40:39 INFO  ChordProtocols:179 - Finger 118 peker n책 til: process4
2025-05-02 21:40:39 INFO  ChordProtocols:173 - Beregner fingerID for finger 119: 122075752448993746332052929554818148444
id: 122075752448993746332052929554818148444
lower: 121411138451101288395601026024677976156
upper: 210821560651360572675896360671414673172
Result (no wrap): true
2025-05-02 21:40:39 INFO  ChordProtocols:179 - Finger 119 peker n책 til: process4
2025-05-02 21:40:39 INFO  ChordProtocols:173 - Beregner fingerID for finger 120: 122740366446886204268504833084958320732
id: 122740366446886204268504833084958320732
lower: 121411138451101288395601026024677976156
upper: 210821560651360572675896360671414673172
Result (no wrap): true
2025-05-02 21:40:39 INFO  ChordProtocols:179 - Finger 120 peker n책 til: process4
2025-05-02 21:40:39 INFO  ChordProtocols:173 - Beregner fingerID for finger 121: 124069594442671120141408640145238665308
id: 124069594442671120141408640145238665308
lower: 121411138451101288395601026024677976156
upper: 210821560651360572675896360671414673172
Result (no wrap): true
2025-05-02 21:40:39 INFO  ChordProtocols:179 - Finger 121 peker n책 til: process4
2025-05-02 21:40:39 INFO  ChordProtocols:173 - Beregner fingerID for finger 122: 126728050434240951887216254265799354460
id: 126728050434240951887216254265799354460
lower: 121411138451101288395601026024677976156
upper: 210821560651360572675896360671414673172
Result (no wrap): true
2025-05-02 21:40:39 INFO  ChordProtocols:179 - Finger 122 peker n책 til: process4
2025-05-02 21:40:39 INFO  ChordProtocols:173 - Beregner fingerID for finger 123: 132044962417380615378831482506920732764
id: 132044962417380615378831482506920732764
lower: 121411138451101288395601026024677976156
upper: 210821560651360572675896360671414673172
Result (no wrap): true
2025-05-02 21:40:39 INFO  ChordProtocols:179 - Finger 123 peker n책 til: process4
2025-05-02 21:40:39 INFO  ChordProtocols:173 - Beregner fingerID for finger 124: 142678786383659942362061938989163489372
id: 142678786383659942362061938989163489372
lower: 121411138451101288395601026024677976156
upper: 210821560651360572675896360671414673172
Result (no wrap): true
2025-05-02 21:40:39 INFO  ChordProtocols:179 - Finger 124 peker n책 til: process4
2025-05-02 21:40:39 INFO  ChordProtocols:173 - Beregner fingerID for finger 125: 163946434316218596328522851953649002588
id: 163946434316218596328522851953649002588
lower: 121411138451101288395601026024677976156
upper: 210821560651360572675896360671414673172
Result (no wrap): true
2025-05-02 21:40:39 INFO  ChordProtocols:179 - Finger 125 peker n책 til: process4
2025-05-02 21:40:39 INFO  ChordProtocols:173 - Beregner fingerID for finger 126: 206481730181335904261444677882620029020
id: 206481730181335904261444677882620029020
lower: 121411138451101288395601026024677976156
upper: 210821560651360572675896360671414673172
Result (no wrap): true
2025-05-02 21:40:39 INFO  ChordProtocols:179 - Finger 126 peker n책 til: process4
2025-05-02 21:40:39 INFO  ChordProtocols:173 - Beregner fingerID for finger 127: 291552321911570520127288329740562081884
id: 291552321911570520127288329740562081884
lower: 121411138451101288395601026024677976156
upper: 210821560651360572675896360671414673172
Result (no wrap): false
id: 210821560651360572675896360671414673172
lower: 121411138451101288395601026024677976156
upper: 291552321911570520127288329740562081884
Result (no wrap): true
id: 291552321911570520127288329740562081884
lower: 210821560651360572675896360671414673172
upper: 15618062003214643351512781541041391612
Result (wrap): true
2025-05-02 21:40:39 INFO  ChordProtocols:179 - Finger 127 peker n책 til: process2
2025-05-02 21:40:39 INFO  StabilizationProtocols:60 - Checking the predecessor for Node: process5
==================================
Node Identifier = 121411138451101288395601026024677976156
Node IP address = process5
successor(process5) = process4
predecessor(process5) = process3
Current File keys for process5 => [83550242532527638904138483233262313637, 73806995735690189889297542544385123161, 83789482216496502817864659214345176161, 93727835460693461258854490021087346760]
==================================
id: 73806995735690189889297542544385123161
lower: 53937554629190552131995290006614509577
upper: 66910184482037901621933403444034052414
Result (no wrap): false
id: 15618062003214643351512781541041391612
lower: 53937554629190552131995290006614509577
upper: 73806995735690189889297542544385123161
Result (no wrap): false
id: 210821560651360572675896360671414673172
lower: 53937554629190552131995290006614509577
upper: 73806995735690189889297542544385123161
Result (no wrap): false
id: 121411138451101288395601026024677976156
lower: 53937554629190552131995290006614509577
upper: 73806995735690189889297542544385123161
Result (no wrap): false
id: 121411138451101288395601026024677976156
lower: 53937554629190552131995290006614509577
upper: 73806995735690189889297542544385123161
Result (no wrap): false
id: 66910184482037901621933403444034052414
lower: 53937554629190552131995290006614509577
upper: 73806995735690189889297542544385123161
Result (no wrap): true
id: 73806995735690189889297542544385123161
lower: 66910184482037901621933403444034052414
upper: 121411138451101288395601026024677976156
Result (no wrap): true
id: 127615430233524719490345743798572761786
lower: 53937554629190552131995290006614509577
upper: 66910184482037901621933403444034052414
Result (no wrap): false
id: 15618062003214643351512781541041391612
lower: 53937554629190552131995290006614509577
upper: 127615430233524719490345743798572761786
Result (no wrap): false
id: 210821560651360572675896360671414673172
lower: 53937554629190552131995290006614509577
upper: 127615430233524719490345743798572761786
Result (no wrap): false
id: 121411138451101288395601026024677976156
lower: 53937554629190552131995290006614509577
upper: 127615430233524719490345743798572761786
Result (no wrap): true
id: 127615430233524719490345743798572761786
lower: 121411138451101288395601026024677976156
upper: 210821560651360572675896360671414673172
Result (no wrap): true
id: 83550242532527638904138483233262313637
lower: 53937554629190552131995290006614509577
upper: 66910184482037901621933403444034052414
Result (no wrap): false
id: 15618062003214643351512781541041391612
lower: 53937554629190552131995290006614509577
upper: 83550242532527638904138483233262313637
Result (no wrap): false
id: 210821560651360572675896360671414673172
lower: 53937554629190552131995290006614509577
upper: 83550242532527638904138483233262313637
Result (no wrap): false
id: 121411138451101288395601026024677976156
lower: 53937554629190552131995290006614509577
upper: 83550242532527638904138483233262313637
Result (no wrap): false
id: 121411138451101288395601026024677976156
lower: 53937554629190552131995290006614509577
upper: 83550242532527638904138483233262313637
Result (no wrap): false
id: 66910184482037901621933403444034052414
lower: 53937554629190552131995290006614509577
upper: 83550242532527638904138483233262313637
Result (no wrap): true
id: 83550242532527638904138483233262313637
lower: 66910184482037901621933403444034052414
upper: 121411138451101288395601026024677976156
Result (no wrap): true
]]></system-out>
  </testcase>
</testsuite>